mFile = /cm/shared/apps/q-chem/intel/QCHEM_5.1.0_Trunk/bin/mpi/machines
Process 0 of 1 is on ctcp011 - thread support 0
initial socket setup ...start
initial socket setup ...done 
now start server 0 ... 
Q-Chem Developer Version!
                  Welcome to Q-Chem
     A Quantum Leap Into The Future Of Chemistry


 Q-Chem 5.1, Q-Chem, Inc., Pleasanton, CA (2018)

 Yihan Shao,  Zhengting Gan,  E. Epifanovsky,  A. T. B. Gilbert,  M. Wormit,  
 J. Kussmann,  A. W. Lange,  A. Behn,  Jia Deng,  Xintian Feng,  D. Ghosh,  
 M. Goldey,  P. R. Horn,  L. D. Jacobson,  I. Kaliman,  T. Kus,  A. Landau,  
 Jie Liu,  E. I. Proynov,  R. M. Richard,  R. P. Steele,  E. J. Sundstrom,  
 H. L. Woodcock III,  P. M. Zimmerman,  D. Zuev,  B. Albrecht,  E. Alguire,  
 S. A. Baeppler,  D. Barton,  Z. Benda,  Y. A. Bernard,  E. J. Berquist,  
 K. B. Bravaya,  H. Burton,  D. Casanova,  Chun-Min Chang,  Yunqing Chen,  
 A. Chien,  K. D. Closser,  M. P. Coons,  S. Coriani,  S. Dasgupta,  
 A. L. Dempwolff,  M. Diedenhofen,  Hainam Do,  R. G. Edgar,  Po-Tung Fang,  
 S. Faraji,  S. Fatehi,  Qingguo Feng,  K. D. Fenk,  J. Fosso-Tande,  
 Qinghui Ge,  A. Ghysels,  G. Gidofalvi,  J. Gomes,  J. Gonthier,  A. Gunina,  
 D. Hait,  M. W. D. Hanson-Heine,  P. H. P. Harbach,  A. W. Hauser,  
 J. E. Herr,  E. G. Hohenstein,  Z. C. Holden,  Kerwin Hui,  B. C. Huynh,  
 T.-C. Jagau,  Hyunjun Ji,  B. Kaduk,  K. Khistyaev,  Jaehoon Kim,  
 P. Klunzinger,  K. Koh,  D. Kosenkov,  L. Koulias,  T. Kowalczyk,  
 C. M. Krauter,  A. Kunitsa,  Ka Un Lao,  A. Laurent,  K. V. Lawler,  
 Joonho Lee,  D. Lefrancois,  S. Lehtola,  D. S. Levine,  Yi-Pei Li,  
 You-Sheng Lin,  Fenglai Liu,  E. Livshits,  A. Luenser,  P. Manohar,  
 E. Mansoor,  S. F. Manzer,  Shan-Ping Mao,  Yuezhi Mao,  N. Mardirossian,  
 A. V. Marenich,  T. Markovich,  L. A. Martinez-Martinez,  S. A. Maurer,  
 N. J. Mayhall,  S. C. McKenzie,  J.-M. Mewes,  A. F. Morrison,  
 J. W. Mullinax,  K. Nanda,  T. S. Nguyen-Beck,  R. Olivares-Amaya,  
 J. A. Parkhill,  T. M. Perrine,  F. Plasser,  P. Pokhilko,  S. Prager,  
 A. Prociuk,  E. Ramos,  D. R. Rehn,  F. Rob,  M. Schneider,  N. Sergueev,  
 S. M. Sharada,  S. Sharma,  D. W. Small,  T. Stauch,  T. Stein,  
 Yu-Chuan Su,  A. J. W. Thom,  A. Tkatchenko,  T. Tsuchimochi,  N. M. Tubman,  
 L. Vogt,  M. L. Vidal,  O. Vydrov,  M. A. Watson,  J. Wenzel,  
 M. de Wergifosse,  T. A. Wesolowski,  A. White,  J. Witte,  A. Yamada,  
 Jun Yang,  K. Yao,  S. Yeganeh,  S. R. Yost,  Zhi-Qiang You,  A. Zech,  
 Igor Ying Zhang,  Xing Zhang,  Yan Zhao,  Ying Zhu,  B. R. Brooks,  
 G. K. L. Chan,  C. J. Cramer,  M. S. Gordon,  W. J. Hehre,  A. Klamt,  
 M. W. Schmidt,  C. D. Sherrill,  D. G. Truhlar,  A. Aspuru-Guzik,  R. Baer,  
 A. T. Bell,  N. A. Besley,  Jeng-Da Chai,  A. E. DePrince, III,  
 R. A. DiStasio Jr.,  A. Dreuw,  B. D. Dunietz,  T. R. Furlani,  
 Chao-Ping Hsu,  Yousung Jung,  Jing Kong,  D. S. Lambrecht,  WanZhen Liang,  
 C. Ochsenfeld,  V. A. Rassolov,  L. V. Slipchenko,  J. E. Subotnik,  
 T. Van Voorhis,  J. M. Herbert,  A. I. Krylov,  P. M. W. Gill,  M. Head-Gordon

 Contributors to earlier versions of Q-Chem not listed above: 
 R. D. Adamson,  B. Austin,  J. Baker,  G. J. O. Beran,  K. Brandhorst,  
 S. T. Brown,  E. F. C. Byrd,  A. K. Chakraborty,  C.-L. Cheng,  
 Siu Hung Chien,  D. M. Chipman,  D. L. Crittenden,  H. Dachsel,  
 R. J. Doerksen,  A. D. Dutoi,  L. Fusti-Molnar,  W. A. Goddard III,  
 A. Golubeva-Zadorozhnaya,  S. R. Gwaltney,  G. Hawkins,  A. Heyden,  
 S. Hirata,  G. Kedziora,  F. J. Keil,  C. Kelley,  Jihan Kim,  R. A. King,  
 R. Z. Khaliullin,  P. P. Korambath,  W. Kurlancheek,  A. M. Lee,  M. S. Lee,  
 S. V. Levchenko,  Ching Yeh Lin,  D. Liotard,  R. C. Lochan,  I. Lotan,  
 P. E. Maslen,  N. Nair,  D. P. O'Neill,  D. Neuhauser,  E. Neuscamman,  
 C. M. Oana,  R. Olson,  B. Peters,  R. Peverati,  P. A. Pieniazek,  
 Y. M. Rhee,  J. Ritchie,  M. A. Rohrdanz,  E. Rosta,  N. J. Russ,  
 H. F. Schaefer III,  N. E. Schultz,  N. Shenvi,  A. C. Simmonett,  A. Sodt,  
 D. Stuck,  K. S. Thanthiriwatte,  V. Vanovschi,  Tao Wang,  A. Warshel,  
 C. F. Williams,  Q. Wu,  X. Xu,  W. Zhang

 Please cite Q-Chem as follows:
 Y. Shao et al., Mol. Phys. 113, 184-215 (2015)
 DOI: 10.1080/00268976.2014.952696

 Q-Chem 5.1.1 for Intel X86 EM64T Linux

 Parts of Q-Chem use Armadillo 8.300.2 (Tropical Shenanigans).
 http://arma.sourceforge.net/

 Q-Chem begins on Tue Oct 30 09:03:36 2018  

Host: ctcp011
0

     Scratch files written to /scratch/mewes/138808/qchem11895//
 Parallel job on  1  processors
The previous job contains 0 fragments, simply inherited here
Input Ideriv = 1
Curr. Ideriv = -1
Max.  Ideriv = 1

Checking the input file for inconsistencies... 	...done.

--------------------------------------------------------------
User input:
--------------------------------------------------------------
$rem
threads 8
jobtype	opt
method PBEh-3c
basis def2-mSVP
mem_static	1024
mem_total	10000
sym_ignore	true
cis_n_roots             2
cis_singlets            true
cis_triplets		false
rpa                     false
cis_state_deriv         1
$end


$molecule
read incoords.mol
$end

--------------------------------------------------------------
 Adding empirical dispersion correction 
 ----------------------------------------------------------------
 Doing -D3(BJ) with
 s6 =   1.00000
 s8 =   0.00000
 a1 =   0.48600
 a2 =   4.50000
 -D3 energy including 3body term =     -0.1341451627 hartrees
 ----------------------------------------------------------------
 Adding gCP correction 
 ----------------------------------------------------------------
 gCP energy =      0.1913108881 hartrees
 ----------------------------------------------------------------
             Standard Nuclear Orientation (Angstroms)
    I     Atom           X                Y                Z
 ----------------------------------------------------------------
    1      C       0.0000000000     0.0000000000     0.0000000000
    2      C       0.0000000000     0.0000000000     1.3949920000
    3      H       0.9420073259     0.0000000000     1.9321543489
    4      C      -1.1956782512    -0.0066795618     2.0829691793
    5      C      -2.4249550962    -0.0197691090     1.3880874605
    6      C      -2.4332641544    -0.0293183766     0.0044353601
    7      H      -3.3716297224    -0.0491323021    -0.5381391868
    8      C      -1.2264953248    -0.0205346402    -0.7052743258
    9      C      -1.4699970837    -0.0117238864     3.5173478739
   10      C      -0.7020871081    -0.0083669042     4.6524312521
   11      H       0.3802941274     0.0035058635     4.6116844494
   12      C      -2.8698282993    -0.0283117354     3.6446868066
   13      C      -3.5362162204    -0.0435209730     4.8652208571
   14      C      -3.5009236551    -0.0338480075     2.3855613685
   15      C      -4.8697305533    -0.0561267629     2.3513339918
   16      H      -5.4187619356    -0.0642657177     1.4181508893
   17      C      -1.3530274471    -0.0215685055     5.9080479042
   18      H      -0.7481382592    -0.0184758029     6.8055738855
   19      C      -2.7230212959    -0.0386417698     6.0246974272
   20      H      -3.1796323265    -0.0494226743     7.0068742024
   21      C      -4.9491849397    -0.0650944353     4.7990457466
   22      H      -5.5353658708    -0.0781726661     5.7097515026
   23      C      -5.5789964997    -0.0712488143     3.5769468171
   24      H      -6.6604229688    -0.0894468762     3.5453844340
   25      B       1.3514618285     0.0203776882    -0.7626050956
   26      C       1.3440044568     0.1027797666    -2.3147784568
   27      C       2.5538615712     0.1878199202    -3.0035678023
   28      H       3.4858425665     0.2119929916    -2.4494255639
   29      C       2.5598499126     0.2366956741    -4.3825789380
   30      C       1.3520603025     0.1787397584    -5.1118804625
   31      C       0.1480000739     0.0770492081    -4.4360112693
   32      H      -0.7856259213     0.0145555950    -4.9844247387
   33      C       0.1259332974     0.0526853890    -3.0356540243
   34      C       3.6698979897     0.3332820715    -5.3228138631
   35      C       5.0317579897     0.4177468540    -5.2037120023
   36      H       5.5232107982     0.4232974683    -4.2383848255
   37      C       3.0951865130     0.3317765834    -6.6055383377
   38      C       3.8302703578     0.4124006836    -7.7819148700
   39      C       1.6909831958     0.2390154927    -6.5382005929
   40      C       0.9891165534     0.2276436898    -7.7133875783
   41      H      -0.0911864902     0.1594010365    -7.7344378800
   42      C       5.8053914622     0.4997780627    -6.3843214126
   43      H       6.8819480356     0.5662213190    -6.2954023282
   44      C       5.2365795154     0.4983775447    -7.6364712012
   45      H       5.8685286583     0.5633951257    -8.5136365003
   46      C       3.0786871706     0.3985637851    -8.9804850539
   47      H       3.5812829521     0.4585689852    -9.9378927732
   48      C       1.7074567094     0.3089230061    -8.9308080370
   49      H       1.1498100537     0.3001870716    -9.8580148721
   50      B      -1.2262116125    -0.0566847344    -2.2653850849
   51      C      -2.5907833297    -0.2327109579    -3.0269466970
   52      C      -3.2487879491     0.8533501212    -3.6184501819
   53      C      -4.4748156511     0.6738516364    -4.2466944254
   54      H      -4.9641524050     1.5232268162    -4.7096686449
   55      C      -5.0866761927    -0.5740636164    -4.2800497715
   56      C      -4.4354331518    -1.6534604373    -3.6918204196
   57      H      -4.8977919632    -2.6335427269    -3.7088442359
   58      C      -3.1983559505    -1.4961790888    -3.0835209041
   59      N      -6.3387788949    -0.7431925149    -4.8980340907
   60      C      -7.3467196806     0.2214353629    -4.7346511110
   61      C      -8.1631807883     0.5777889209    -5.8071001076
   62      H      -8.0132465809     0.1114667248    -6.7723521748
   63      C      -9.1607760576     1.5236589476    -5.6403031384
   64      H      -9.7859690589     1.7881904873    -6.4831696774
   65      C      -9.3489608488     2.1434017993    -4.4136313419
   66      H     -10.1230552503     2.8885623966    -4.2892985969
   67      C      -8.5319045148     1.7958200578    -3.3478208919
   68      H      -8.6707764016     2.2652826948    -2.3824451499
   69      C      -7.5455236343     0.8362502577    -3.4990936570
   70      H      -6.9216257034     0.5621321887    -2.6580476109
   71      C      -6.5980749472    -1.9086726781    -5.6394194294
   72      C      -7.8039508489    -2.5907360063    -5.4913052299
   73      H      -8.5483229741    -2.2179570050    -4.7995549881
   74      C      -8.0489016890    -3.7412889774    -6.2225663376
   75      H      -8.9899785213    -4.2602468172    -6.0947401482
   76      C      -7.0933756709    -4.2401464687    -7.0953539280
   77      H      -7.2842790412    -5.1443924290    -7.6574275611
   78      C      -5.8890057350    -3.5662493395    -7.2383121126
   79      H      -5.1355796355    -3.9402781415    -7.9194479865
   80      C      -5.6437881525    -2.4044822618    -6.5267801973
   81      H      -4.7052894000    -1.8794021626    -6.6513190423
   82      C      -2.5016530168    -2.7144603850    -2.5329568311
   83      H      -3.2445316896    -3.4547448118    -2.2260051020
   84      H      -1.9438364030    -2.4608633443    -1.6275546258
   85      C      -2.6748445100     2.2454056937    -3.5390370700
   86      H      -2.9665627371     2.8125493952    -4.4265362892
   87      H      -1.5822787498     2.2102746103    -3.5542297727
   88      C      -3.1379379930     2.9929452036    -2.2902463531
   89      H      -2.8224258925     2.4816200722    -1.3804575070
   90      H      -2.7236453320     4.0012752397    -2.2624575610
   91      H      -4.2251036517     3.0765035067    -2.2638702626
   92      C      -1.5519978797    -3.3463533550    -3.5492099246
   93      H      -0.7693654163    -2.6495743195    -3.8500559988
   94      H      -2.0875783905    -3.6524999099    -4.4482866187
   95      H      -1.0654041487    -4.2285129046    -3.1312987600
   96      C       2.7100119945    -0.0752640666     0.0248544652
   97      C       3.4605870279     1.0649266195     0.3400796112
   98      C       4.6581976410     0.9487734909     1.0331244509
   99      H       5.2188299710     1.8424794936     1.2841608639
  100      C       5.1508370278    -0.2957205138     1.4071067837
  101      C       4.4093239165    -1.4291964474     1.0931491367
  102      H       4.7842064613    -2.4083188877     1.3698446003
  103      C       3.1995856828    -1.3272809842     0.4217900951
  104      N       6.3757617254    -0.4077202102     2.0899262881
  105      C       7.4658204034     0.4049427681     1.7381780303
  106      C       7.7633190077     0.6621992986     0.4004517366
  107      H       7.1482544380     0.2291006316    -0.3774136213
  108      C       8.8392157256     1.4674909583     0.0657101240
  109      H       9.0546614366     1.6576666728    -0.9778174602
  110      C       9.6489627622     2.0122000170     1.0515209409
  111      H      10.4931624756     2.6341353652     0.7858625900
  112      C       9.3616626108     1.7488070849     2.3827864699
  113      H       9.9792434557     2.1715031741     3.1647785902
  114      C       8.2758850578     0.9620428359     2.7276759520
  115      H       8.0542575203     0.7749288956     3.7704704677
  116      C       6.5215179376    -1.3518098624     3.1200184704
  117      C       5.5164337126    -1.5249558046     4.0700590494
  118      H       4.6190132855    -0.9227598930     4.0142703619
  119      C       5.6627427846    -2.4630432957     5.0781559318
  120      H       4.8720921382    -2.5869040610     5.8068093647
  121      C       6.8172722730    -3.2266452673     5.1702915261
  122      H       6.9314055876    -3.9529751764     5.9637235929
  123      C       7.8236534151    -3.0473094699     4.2327909619
  124      H       8.7279146139    -3.6395890249     4.2877238122
  125      C       7.6768045441    -2.1269343820     3.2086342085
  126      H       8.4620194028    -2.0053857018     2.4736090638
  127      C       2.4791594447    -2.5980900941     0.0526199056
  128      H       2.5576799480    -3.3154778700     0.8737041582
  129      H       1.4094662535    -2.4082560848    -0.0726716873
  130      C       2.9585147189     2.4479377251     0.0138981608
  131      H       3.7948298737     3.0741805776    -0.3082957053
  132      H       2.2680158675     2.4167941866    -0.8336952229
  133      C       3.0382953074    -3.2244722770    -1.2228860839
  134      H       2.9539482841    -2.5406181519    -2.0676561799
  135      H       2.5019282350    -4.1385984936    -1.4794559051
  136      H       4.0930314486    -3.4766828873    -1.1063217834
  137      C       2.2679307767     3.1058052041     1.2065255076
  138      H       1.4044598470     2.5250984968     1.5313304371
  139      H       1.9186925447     4.1074134538     0.9540923697
  140      H       2.9480362613     3.1921864850     2.0546645942
 ----------------------------------------------------------------
 Nuclear Repulsion Energy = 12111.0392736939 hartrees
 There are      270 alpha and      270 beta electrons
 Requested basis set is def2-mSVP
 There are 680 shells and 1320 basis functions

 Total QAlloc Memory Limit  10000 MB
 Mega-Array Size      1001 MB
 MEM_STATIC part      1024 MB
 A cutoff of  1.0D-11 yielded  62520 shell pairs
 There are    242822 function pairs (    266993 Cartesian)
 
 -------------------------------------------------------
 OpenMP Integral Computing Module                       
 Release: version 1.0, May 2013, Q-Chem Inc. Pittsburgh 
 -------------------------------------------------------
 Integral Job Info:
 Integral job number is                      11
 Integral operator is                         1
 short-range coefficients                     0
 long-range coefficients              100000000
 Omega coefficients                           0
 if combine SR and LR in K                    0
 Integral screening is                        0
 Integral computing path is                   2
 max size of driver memory is            800000
 size of driver memory is                593474
 size of scratch memory is              1809772
 max col of scratch BK array               1296
 max len of scratch array in speh3          155
 max len of scratch index in speh4           18
 max int batch size is                      520
 min int batch size is                       52
 fixed nKL is                                52
 max L of basis functions is                  2
 order of int derivative is                   0
 number of shells is                        680
 number of basis is                        1400
 number of cartesian basis is              1400
 number of contracted shell pairs         62520
 number of primitive shell pairs         129125
 maxK2 (contraction) of shell pair           25
 max number of K2 of shell pair               1
 max number of CS2 of shell pair          15477
 max number of PS2 of shell pair          22570
 mem total for path MDJ                 1123948
 -------------------------------------------------------
 Smallest overlap matrix eigenvalue = 1.94E-04

 Scale SEOQF with 1.000000e-02/1.000000e-01/1.000000e-02

 Standard Electronic Orientation quadrupole field applied
 Nucleus-field energy     =     0.0000000534 hartrees
 Guess from superposition of atomic densities
 Warning:  Energy on first SCF cycle will be non-variational
 SAD guess density has 540.000001 electrons

 -----------------------------------------------------------------------
  General SCF calculation program by
  Eric Jon Sundstrom, Paul Horn, Yuezhi Mao, Dmitri Zuev, Alec White,
  David Stuck, Shaama M.S., Shane Yost, Joonho Lee, David Small,
  Daniel Levine, Susi Lehtola, Hugh Burton, Evgeny Epifanovsky
 -----------------------------------------------------------------------
 Exchange:     0.4200 Hartree-Fock + 0.5800 PBEh-3c
 Correlation:  1.0000 PBEh-3c
 Using SG-1 standard quadrature grid
 Dispersion:   Grimme D3
 using 8 threads for integral computing
 -------------------------------------------------------
 OpenMP Integral computing Module                
 Release: version 2.0, May 2017, Q-Chem Inc. Pleasanton 
 -------------------------------------------------------
 -------------------------------------------------------
 OpenMP BLAS3 based DFT computing Module                
 Release: version 1.0, May 2013, Q-Chem Inc. Pittsburgh 
 -------------------------------------------------------
 A restricted SCF calculation will be
 performed using DIIS
 SCF converges when DIIS error is below 1.0e-08
 ---------------------------------------
  Cycle       Energy         DIIS error
 ---------------------------------------
