mFile = /cm/shared/apps/q-chem/intel/QCHEM_5.0.1_Trunk/bin/mpi/machines
Process 0 of 1 is on big005 - thread support 0
initial socket setup ...start
initial socket setup ...done 
now start server 0 ... 
big005.cm.cluster 10.141.1
Q-Chem Developer Version! Running on 10.141.1.*
                  Welcome to Q-Chem
     A Quantum Leap Into The Future Of Chemistry


 Q-Chem 5.0, Q-Chem, Inc., Pleasanton, CA (2017)

 Yihan Shao,  Zhengting Gan,  E. Epifanovsky,  A. T. B. Gilbert,  M. Wormit,  
 J. Kussmann,  A. W. Lange,  A. Behn,  Jia Deng,  Xintian Feng,  D. Ghosh,  
 M. Goldey,  P. R. Horn,  L. D. Jacobson,  I. Kaliman,  T. Kus,  A. Landau,  
 Jie Liu,  E. I. Proynov,  R. M. Richard,  R. P. Steele,  E. J. Sundstrom,  
 H. L. Woodcock III,  P. M. Zimmerman,  D. Zuev,  B. Albrecht,  E. Alguire,  
 S. A. Baeppler,  Z. Benda,  Y. A. Bernard,  E. J. Berquist,  K. B. Bravaya,  
 D. Casanova,  Chun-Min Chang,  Yunqing Chen,  A. Chien,  K. D. Closser,  
 M. P. Coons,  S. Dasgupta,  M. Diedenhofen,  Hainam Do,  R. G. Edgar,  
 Po-Tung Fang,  S. Fatehi,  Qingguo Feng,  Qinghui Ge,  A. Ghysels,  
 J. Gomes,  J. Gonthier,  A. Gunina,  M. W. D. Hanson-Heine,  
 P. H. P. Harbach,  A. W. Hauser,  J. E. Herr,  E. G. Hohenstein,  
 Z. C. Holden,  Kerwin Hui,  T.-C. Jagau,  Hyunjun Ji,  B. Kaduk,  
 K. Khistyaev,  Jaehoon Kim,  P. Klunzinger,  K. Koh,  D. Kosenkov,  
 T. Kowalczyk,  C. M. Krauter,  A. Kunitsa,  Ka Un Lao,  A. Laurent,  
 K. V. Lawler,  Joonho Lee,  D. Lefrancois,  S. Lehtola,  D. S. Levine,  
 Yi-Pei Li,  You-Sheng Lin,  Fenglai Liu,  E. Livshits,  A. Luenser,  
 P. Manohar,  E. Mansoor,  S. F. Manzer,  Shan-Ping Mao,  Yuezhi Mao,  
 N. Mardirossian,  A. V. Marenich,  L. A. Martinez-Martinez,  S. A. Maurer,  
 N. J. Mayhall,  S. C. McKenzie,  J.-M. Mewes,  A. F. Morrison,  K. Nanda,  
 T. S. Nguyen-Beck,  R. Olivares-Amaya,  J. A. Parkhill,  T. M. Perrine,  
 F. Plasser,  S. Prager,  A. Prociuk,  D. R. Rehn,  F. Rob,  M. Schneider,  
 N. Sergueev,  S. M. Sharada,  S. Sharma,  D. W. Small,  T. Stauch,  
 T. Stein,  Yu-Chuan Su,  A. J. W. Thom,  T. Tsuchimochi,  L. Vogt,  
 O. Vydrov,  M. A. Watson,  J. Wenzel,  M. de Wergifosse,  T. A. Wesolowski,  
 A. White,  J. Witte,  A. Yamada,  Jun Yang,  K. Yao,  S. Yeganeh,  
 S. R. Yost,  Zhi-Qiang You,  A. Zech,  Igor Ying Zhang,  Xing Zhang,  
 Yan Zhao,  Ying Zhu,  B. R. Brooks,  G. K. L. Chan,  C. J. Cramer,  
 M. S. Gordon,  W. J. Hehre,  A. Klamt,  M. W. Schmidt,  C. D. Sherrill,  
 D. G. Truhlar,  A. Aspuru-Guzik,  R. Baer,  A. T. Bell,  N. A. Besley,  
 Jeng-Da Chai,  A. Dreuw,  B. D. Dunietz,  T. R. Furlani,  Chao-Ping Hsu,  
 Yousung Jung,  Jing Kong,  D. S. Lambrecht,  WanZhen Liang,  C. Ochsenfeld,  
 V. A. Rassolov,  L. V. Slipchenko,  J. E. Subotnik,  T. Van Voorhis,  
 J. M. Herbert,  A. I. Krylov,  P. M. W. Gill,  M. Head-Gordon

 Contributors to earlier versions of Q-Chem not listed above: 
 R. D. Adamson,  B. Austin,  J. Baker,  G. J. O. Beran,  K. Brandhorst,  
 S. T. Brown,  E. F. C. Byrd,  A. K. Chakraborty,  C.-L. Cheng,  
 Siu Hung Chien,  D. M. Chipman,  D. L. Crittenden,  H. Dachsel,  
 R. A. DiStasio Jr.,  R. J. Doerksen,  A. D. Dutoi,  L. Fusti-Molnar,  
 W. A. Goddard III,  A. Golubeva-Zadorozhnaya,  S. R. Gwaltney,  G. Hawkins,  
 A. Heyden,  S. Hirata,  G. Kedziora,  F. J. Keil,  C. Kelley,  Jihan Kim,  
 R. A. King,  R. Z. Khaliullin,  P. P. Korambath,  W. Kurlancheek,  
 A. M. Lee,  M. S. Lee,  S. V. Levchenko,  Ching Yeh Lin,  D. Liotard,  
 R. C. Lochan,  I. Lotan,  P. E. Maslen,  N. Nair,  D. P. O'Neill,  
 D. Neuhauser,  E. Neuscamman,  C. M. Oana,  R. Olson,  B. Peters,  
 R. Peverati,  P. A. Pieniazek,  Y. M. Rhee,  J. Ritchie,  M. A. Rohrdanz,  
 E. Rosta,  N. J. Russ,  H. F. Schaefer III,  N. E. Schultz,  N. Shenvi,  
 A. C. Simmonett,  A. Sodt,  D. Stuck,  K. S. Thanthiriwatte,  V. Vanovschi,  
 Tao Wang,  A. Warshel,  C. F. Williams,  Q. Wu,  X. Xu,  W. Zhang

 Please cite Q-Chem as follows:
 Y. Shao et al., Mol. Phys. 113, 184-215 (2015)
 DOI: 10.1080/00268976.2014.952696

 Q-Chem 5.0.1 for Intel X86 EM64T Linux

 Parts of Q-Chem use Armadillo 5.200.1 (Boston Tea Smuggler).
 http://arma.sourceforge.net/

 Q-Chem begins on Sun Oct 21 19:50:08 2018  

Host: big005
0

     Scratch files written to /scratch/mewes/138030/qchem25642//
 Parallel job on  1  processors
The previous job contains 0 fragments, simply inherited here

Checking the input file for inconsistencies... 	...done.

--------------------------------------------------------------
User input:
--------------------------------------------------------------
$rem
threads 8
jobtype	sp
method PBEh-3c
basis def2-mSVP
mem_static	1024
mem_total	14000
sym_ignore	true
cis_n_roots             6
cis_singlets            true
cis_triplets		true
rpa                     false
calc_soc 		true
cis_moments             true
cis_relaxed_density	true
$end


$molecule
read t1opt.mol
$end

--------------------------------------------------------------
 Adding empirical dispersion correction 
 ----------------------------------------------------------------
 Doing -D3(BJ) with
 s6 =   1.00000
 s8 =   0.00000
 a1 =   0.48600
 a2 =   4.50000
 -D3 energy including 3body term =     -0.1280254868 hartrees
 ----------------------------------------------------------------
 Adding gCP correction 
 ----------------------------------------------------------------
 gCP energy =      0.1809612893 hartrees
 ----------------------------------------------------------------
             Standard Nuclear Orientation (Angstroms)
    I     Atom           X                Y                Z
 ----------------------------------------------------------------
    1      N       0.0000000000     0.0000000000     0.0000000000
    2      C       0.0000000000     0.0000000000     1.4040320000
    3      C       1.2023036197     0.0000000000     2.1106356384
    4      H       2.1416258170    -0.0091809471     1.5730528269
    5      C       1.2004852666     0.0170691628     3.4952272347
    6      H       2.1435230263     0.0191931252     4.0265480742
    7      C       0.0060830278     0.0127473925     4.1998127598
    8      H       0.0079371646     0.0188707326     5.2815558400
    9      C      -1.1914518399     0.0011578794     3.4994562090
   10      H      -2.1317744603     0.0054941941     4.0355259994
   11      C      -1.1998960477     0.0053637269     2.1147483431
   12      H      -2.1397335767     0.0128861758     1.5780411687
   13      C       0.9570215093     0.7671706937    -0.6857436566
   14      C       1.6651615512     0.2358413666    -1.7620650021
   15      H       1.4741955472    -0.7810515232    -2.0786429929
   16      C       2.6082555720     1.0047917397    -2.4241999274
   17      H       3.1490365379     0.5780612820    -3.2589921021
   18      C       2.8753584632     2.3031970533    -2.0160240788
   19      H       3.6181099362     2.8972860293    -2.5313318790
   20      C       2.1771592902     2.8313290073    -0.9398238454
   21      H       2.3686161208     3.8455287705    -0.6137067414
   22      C       1.2182953569     2.0774039485    -0.2852970598
   23      H       0.6694191158     2.5019078055     0.5456505898
   24      C      -0.8668818835    -0.8466994863    -0.7150770102
   25      C      -1.1545024899    -2.1250992073    -0.2598960256
   26      H      -0.7122385521    -2.4770066065     0.6657854773
   27      C      -1.9906308379    -2.9699220048    -0.9820125716
   28      C      -1.4395922436    -0.4163541011    -1.9093582034
   29      H      -1.2315355242     0.5847602646    -2.2685672942
   30      C      -2.2497227853    -1.2588838517    -2.6544418836
   31      C      -2.5359065207    -2.5579698424    -2.2024057499
   32      C      -2.8259525627    -0.7651934434    -3.9525300789
   33      H      -2.4660945804     0.2342079268    -4.1951538143
   34      H      -3.9164024962    -0.7237615700    -3.9179664419
   35      H      -2.5604269943    -1.4214658212    -4.7838863042
   36      C      -2.3068553520    -4.3189342903    -0.3905706353
   37      H      -2.6024869820    -5.0236771317    -1.1714532119
   38      H      -1.4080048154    -4.7388043828     0.0691701717
   39      C      -3.4126535614    -4.2297911352     0.6588802189
   40      H      -4.3369063298    -3.8488777555     0.2233227527
   41      H      -3.6272071491    -5.2079212043     1.0907737135
   42      H      -3.1277934038    -3.5601280473     1.4715873304
   43      B      -3.4044118648    -3.5257878575    -3.0946788632
   44      C      -4.9366018917    -3.4948989149    -3.0487647656
   45      C      -5.5850301670    -2.6358339221    -2.1556179750
   46      H      -4.9935872881    -1.9866767600    -1.5185932662
   47      C      -6.9578301692    -2.6208106180    -2.0815270271
   48      C      -7.8633323840    -1.8543111312    -1.2569514664
   49      C      -7.7163475604    -0.8911002940    -0.2839452573
   50      H      -6.7417005069    -0.5374250766     0.0277388132
   51      C      -8.8766622748    -0.3589369614     0.3124317996
   52      H      -8.7645915236     0.3982241066     1.0777126387
   53      C     -10.1451314707    -0.7647068754    -0.0427474767
   54      H     -11.0057670319    -0.3240559999     0.4452653639
   55      C      -9.1668250922    -2.2654036461    -1.6148779126
   56      C     -10.3266197287    -1.7529846069    -1.0412285699
   57      C      -9.1472234985    -3.2526308819    -2.6233953402
   58      C     -10.3467133292    -3.7467534348    -3.0773082295
   59      H     -10.3955367258    -4.5039912762    -3.8488083685
   60      C     -11.5379980929    -3.2440239676    -2.5129978304
   61      H     -12.4828565661    -3.6323585546    -2.8695693356
   62      C     -11.5453924836    -2.2809236703    -1.5285333042
   63      H     -12.4867441458    -1.9263462749    -1.1271755266
   64      C      -7.7493272382    -3.4922651262    -2.9319223200
   65      C      -7.1274973541    -4.3324792929    -3.8215867670
   66      H      -7.7108763477    -4.9820654636    -4.4631194307
   67      C      -5.7254650030    -4.3585073350    -3.9140492969
   68      C      -2.7222192268    -4.5209186353    -4.0474532917
   69      C      -1.3275103337    -4.6090737851    -4.0665797961
   70      H      -0.7465752724    -3.9647124855    -3.4163220499
   71      C      -0.6994678798    -5.5108295200    -4.8928928590
   72      C       0.6977209712    -5.8094177714    -5.0839826343
   73      C       1.8711030533    -5.3374117872    -4.5412522666
   74      H       1.8793562252    -4.5592964522    -3.7883258004
   75      C       3.0835583591    -5.8967902820    -4.9891035680
   76      H       4.0104272989    -5.5313500945    -4.5664669890
   77      C       3.1326648267    -6.8913041049    -5.9427858781
   78      H       4.0910188907    -7.2888293707    -6.2528236627
   79      C       0.7549785011    -6.8293027599    -6.0600048490
   80      C       1.9394926239    -7.3962113562    -6.5164371415
   81      C      -0.5331705588    -7.2009714157    -6.5034426391
   82      C      -0.6355899054    -8.1882801230    -7.4530133731
   83      H      -1.5949069516    -8.5178314422    -7.8303639271
   84      C       0.5507903909    -8.7793286432    -7.9372821300
   85      H       0.4708928966    -9.5564561825    -8.6858419253
   86      C       1.8018110075    -8.4089233221    -7.4952449963
   87      H       2.6813015639    -8.8952815700    -7.8982919378
   88      C      -1.4725432706    -6.3729311185    -5.7678976434
   89      C      -2.8435040401    -6.2885373147    -5.7703129426
   90      H      -3.4317044600    -6.9213931022    -6.4253742950
   91      C      -3.5050007466    -5.3798152481    -4.9243048223
   92      B      -5.0405817078    -5.2970946364    -4.9208506706
   93      C      -5.9134596093    -6.1695061834    -5.9020766033
   94      C      -6.4137506130    -5.6372407458    -7.0971710980
   95      C      -7.1938538342    -6.4209858649    -7.9388418954
   96      H      -7.5710620804    -6.0049919296    -8.8662521293
   97      C      -7.5118807456    -7.7282964573    -7.5982494096
   98      C      -7.0347347322    -8.2540842255    -6.4031721520
   99      H      -7.2964920426    -9.2678006006    -6.1238267677
  100      C      -6.2356703132    -7.4918054134    -5.5632448525
  101      N      -8.3266456782    -8.5085948773    -8.4437647503
  102      C      -9.5426772307    -7.9847287332    -8.9034782612
  103      C     -10.0050337346    -8.2755777343   -10.1867060572
  104      H      -9.4182899816    -8.9114989904   -10.8368386717
  105      C     -11.2072705522    -7.7505867929   -10.6297667409
  106      H     -11.5508255335    -7.9864065958   -11.6286376577
  107      C     -11.9586435005    -6.9140934825    -9.8171017666
  108      H     -12.8923636800    -6.4989127224   -10.1716160934
  109      C     -11.4952611473    -6.6164164218    -8.5442131089
  110      H     -12.0713574682    -5.9701056648    -7.8944209655
  111      C     -10.3050099338    -7.1520876597    -8.0836584854
  112      H      -9.9601966690    -6.9229563260    -7.0836109914
  113      C      -7.9543007956    -9.8325014940    -8.7182144933
  114      C      -8.8965755460   -10.8600522407    -8.7171159438
  115      H      -9.9346220714   -10.6367289988    -8.5069404549
  116      C      -8.5065931491   -12.1637612032    -8.9751013344
  117      H      -9.2510266524   -12.9493819168    -8.9676906786
  118      C      -7.1757423080   -12.4702939673    -9.2175501036
  119      H      -6.8746715697   -13.4914347342    -9.4085305360
  120      C      -6.2354580215   -11.4500626478    -9.2087401077
  121      H      -5.1932707396   -11.6711245614    -9.3999652624
  122      C      -6.6179665112   -10.1413729231    -8.9715045608
  123      H      -5.8794565497    -9.3499736124    -8.9746381217
  124      C      -5.7461447511    -8.0736444641    -4.2653272555
  125      H      -6.1348105530    -9.0783048279    -4.1018047169
  126      H      -4.6562062108    -8.1342318187    -4.2355962016
  127      H      -6.0494864300    -7.4594403056    -3.4147608725
  128      C      -6.0759092192    -4.2282275355    -7.5138192744
  129      H      -6.8759174233    -3.8333522420    -8.1449991659
  130      H      -6.0377554095    -3.5771837563    -6.6361497019
  131      C      -4.7507000833    -4.1370134805    -8.2667407580
  132      H      -3.9166043503    -4.4607361218    -7.6442661783
  133      H      -4.7624417574    -4.7652266350    -9.1580102784
  134      H      -4.5497928539    -3.1121549415    -8.5809875773
 ----------------------------------------------------------------
 Nuclear Repulsion Energy = 11423.8420957812 hartrees
 There are      262 alpha and      262 beta electrons
 Requested basis set is def2-mSVP
 There are 658 shells and 1282 basis functions

 Total QAlloc Memory Limit  14000 MB
 Mega-Array Size      1001 MB
 MEM_STATIC part      1024 MB
 A cutoff of  1.0D-11 yielded  58319 shell pairs
 There are    228621 function pairs (    251646 Cartesian)
 
 -------------------------------------------------------
 OpenMP Integral Computing Module                       
 Release: version 1.0, May 2013, Q-Chem Inc. Pittsburgh 
 -------------------------------------------------------
 Integral Job Info:
 Integral job number is                      11
 Integral operator is                         1
 short-range coefficients                     0
 long-range coefficients              100000000
 Omega coefficients                           0
 if combine SR and LR in K                    0
 Integral screening is                        0
 Integral computing path is                   2
 max size of driver memory is            800000
 size of driver memory is                593474
 size of scratch memory is              1809772
 max col of scratch BK array               1296
 max len of scratch array in speh3          155
 max len of scratch index in speh4           18
 max int batch size is                      520
 min int batch size is                       52
 fixed nKL is                                52
 max L of basis functions is                  2
 order of int derivative is                   0
 number of shells is                        658
 number of basis is                        1360
 number of cartesian basis is              1360
 number of contracted shell pairs         58319
 number of primitive shell pairs         121183
 maxK2 (contraction) of shell pair           25
 max number of K2 of shell pair               1
 max number of CS2 of shell pair          14242
 max number of PS2 of shell pair          21255
 mem total for path MDJ                  590712
 -------------------------------------------------------
 Smallest overlap matrix eigenvalue = 2.02E-04

 Scale SEOQF with 1.000000e-02/1.000000e-02/1.000000e-02

 Standard Electronic Orientation quadrupole field applied
 Nucleus-field energy     =     0.0000000235 hartrees
 Guess from superposition of atomic densities
 Warning:  Energy on first SCF cycle will be non-variational
 A restricted hybrid HF-DFT SCF calculation will be
 performed using Pulay DIIS extrapolation
 Exchange:     0.4200 Hartree-Fock + 0.5800 PBEh-3c
 Correlation:  1.0000 PBEh-3c
 Using SG-1 standard quadrature grid
 Dispersion:   Grimme D3
 SCF converges when DIIS error is below 1.0E-08
 using 8 threads for integral computing
 -------------------------------------------------------
 OpenMP Integral computing Module                
 Release: version 1.0, May 2013, Q-Chem Inc. Pittsburgh 
 -------------------------------------------------------
