mFile = /cm/shared/apps/q-chem/intel/QCHEM_5.1.0_Trunk/bin/mpi/machines
Process 0 of 1 is on ctcp010 - thread support 0
initial socket setup ...start
initial socket setup ...done 
now start server 0 ... 
Q-Chem Developer Version!
                  Welcome to Q-Chem
     A Quantum Leap Into The Future Of Chemistry


 Q-Chem 5.1, Q-Chem, Inc., Pleasanton, CA (2018)

 Yihan Shao,  Zhengting Gan,  E. Epifanovsky,  A. T. B. Gilbert,  M. Wormit,  
 J. Kussmann,  A. W. Lange,  A. Behn,  Jia Deng,  Xintian Feng,  D. Ghosh,  
 M. Goldey,  P. R. Horn,  L. D. Jacobson,  I. Kaliman,  T. Kus,  A. Landau,  
 Jie Liu,  E. I. Proynov,  R. M. Richard,  R. P. Steele,  E. J. Sundstrom,  
 H. L. Woodcock III,  P. M. Zimmerman,  D. Zuev,  B. Albrecht,  E. Alguire,  
 S. A. Baeppler,  D. Barton,  Z. Benda,  Y. A. Bernard,  E. J. Berquist,  
 K. B. Bravaya,  H. Burton,  D. Casanova,  Chun-Min Chang,  Yunqing Chen,  
 A. Chien,  K. D. Closser,  M. P. Coons,  S. Coriani,  S. Dasgupta,  
 A. L. Dempwolff,  M. Diedenhofen,  Hainam Do,  R. G. Edgar,  Po-Tung Fang,  
 S. Faraji,  S. Fatehi,  Qingguo Feng,  K. D. Fenk,  J. Fosso-Tande,  
 Qinghui Ge,  A. Ghysels,  G. Gidofalvi,  J. Gomes,  J. Gonthier,  A. Gunina,  
 D. Hait,  M. W. D. Hanson-Heine,  P. H. P. Harbach,  A. W. Hauser,  
 J. E. Herr,  E. G. Hohenstein,  Z. C. Holden,  Kerwin Hui,  B. C. Huynh,  
 T.-C. Jagau,  Hyunjun Ji,  B. Kaduk,  K. Khistyaev,  Jaehoon Kim,  
 P. Klunzinger,  K. Koh,  D. Kosenkov,  L. Koulias,  T. Kowalczyk,  
 C. M. Krauter,  A. Kunitsa,  Ka Un Lao,  A. Laurent,  K. V. Lawler,  
 Joonho Lee,  D. Lefrancois,  S. Lehtola,  D. S. Levine,  Yi-Pei Li,  
 You-Sheng Lin,  Fenglai Liu,  E. Livshits,  A. Luenser,  P. Manohar,  
 E. Mansoor,  S. F. Manzer,  Shan-Ping Mao,  Yuezhi Mao,  N. Mardirossian,  
 A. V. Marenich,  T. Markovich,  L. A. Martinez-Martinez,  S. A. Maurer,  
 N. J. Mayhall,  S. C. McKenzie,  J.-M. Mewes,  A. F. Morrison,  
 J. W. Mullinax,  K. Nanda,  T. S. Nguyen-Beck,  R. Olivares-Amaya,  
 J. A. Parkhill,  T. M. Perrine,  F. Plasser,  P. Pokhilko,  S. Prager,  
 A. Prociuk,  E. Ramos,  D. R. Rehn,  F. Rob,  M. Schneider,  N. Sergueev,  
 S. M. Sharada,  S. Sharma,  D. W. Small,  T. Stauch,  T. Stein,  
 Yu-Chuan Su,  A. J. W. Thom,  A. Tkatchenko,  T. Tsuchimochi,  N. M. Tubman,  
 L. Vogt,  M. L. Vidal,  O. Vydrov,  M. A. Watson,  J. Wenzel,  
 M. de Wergifosse,  T. A. Wesolowski,  A. White,  J. Witte,  A. Yamada,  
 Jun Yang,  K. Yao,  S. Yeganeh,  S. R. Yost,  Zhi-Qiang You,  A. Zech,  
 Igor Ying Zhang,  Xing Zhang,  Yan Zhao,  Ying Zhu,  B. R. Brooks,  
 G. K. L. Chan,  C. J. Cramer,  M. S. Gordon,  W. J. Hehre,  A. Klamt,  
 M. W. Schmidt,  C. D. Sherrill,  D. G. Truhlar,  A. Aspuru-Guzik,  R. Baer,  
 A. T. Bell,  N. A. Besley,  Jeng-Da Chai,  A. E. DePrince, III,  
 R. A. DiStasio Jr.,  A. Dreuw,  B. D. Dunietz,  T. R. Furlani,  
 Chao-Ping Hsu,  Yousung Jung,  Jing Kong,  D. S. Lambrecht,  WanZhen Liang,  
 C. Ochsenfeld,  V. A. Rassolov,  L. V. Slipchenko,  J. E. Subotnik,  
 T. Van Voorhis,  J. M. Herbert,  A. I. Krylov,  P. M. W. Gill,  M. Head-Gordon

 Contributors to earlier versions of Q-Chem not listed above: 
 R. D. Adamson,  B. Austin,  J. Baker,  G. J. O. Beran,  K. Brandhorst,  
 S. T. Brown,  E. F. C. Byrd,  A. K. Chakraborty,  C.-L. Cheng,  
 Siu Hung Chien,  D. M. Chipman,  D. L. Crittenden,  H. Dachsel,  
 R. J. Doerksen,  A. D. Dutoi,  L. Fusti-Molnar,  W. A. Goddard III,  
 A. Golubeva-Zadorozhnaya,  S. R. Gwaltney,  G. Hawkins,  A. Heyden,  
 S. Hirata,  G. Kedziora,  F. J. Keil,  C. Kelley,  Jihan Kim,  R. A. King,  
 R. Z. Khaliullin,  P. P. Korambath,  W. Kurlancheek,  A. M. Lee,  M. S. Lee,  
 S. V. Levchenko,  Ching Yeh Lin,  D. Liotard,  R. C. Lochan,  I. Lotan,  
 P. E. Maslen,  N. Nair,  D. P. O'Neill,  D. Neuhauser,  E. Neuscamman,  
 C. M. Oana,  R. Olson,  B. Peters,  R. Peverati,  P. A. Pieniazek,  
 Y. M. Rhee,  J. Ritchie,  M. A. Rohrdanz,  E. Rosta,  N. J. Russ,  
 H. F. Schaefer III,  N. E. Schultz,  N. Shenvi,  A. C. Simmonett,  A. Sodt,  
 D. Stuck,  K. S. Thanthiriwatte,  V. Vanovschi,  Tao Wang,  A. Warshel,  
 C. F. Williams,  Q. Wu,  X. Xu,  W. Zhang

 Please cite Q-Chem as follows:
 Y. Shao et al., Mol. Phys. 113, 184-215 (2015)
 DOI: 10.1080/00268976.2014.952696

 Q-Chem 5.1.1 for Intel X86 EM64T Linux

 Parts of Q-Chem use Armadillo 8.300.2 (Tropical Shenanigans).
 http://arma.sourceforge.net/

 Q-Chem begins on Fri Oct 26 09:36:46 2018  

Host: ctcp010
0

     Scratch files written to /scratch/mewes1/138440/qchem8032//
 Parallel job on  1  processors
The previous job contains 0 fragments, simply inherited here
Symmetry turned off for PCM/SM12/SMD calculation
Input Ideriv = 2
Curr. Ideriv = -1
Max.  Ideriv = 2
Input Ideriv = 1
Curr. Ideriv = 2
Max.  Ideriv = 1

Checking the input file for inconsistencies... 	...done.

--------------------------------------------------------------
User input:
--------------------------------------------------------------
$solvent
dielectric      2.38
dielectric_infi 2.25
$end

$rem
threads 8
jobtype	sp
method PBEh-3c
basis def2-mSVP
mem_static	1024
mem_total	14000
sym_ignore	true
cis_n_roots             2
cis_singlets            true 
cis_triplets		false
rpa                     false
calc_soc 		true
cis_moments             true
cis_relaxed_density	true
solvent_method		pcm
$end

$pcm
StateSpecific   1
ChargeSeparation Excited
$end


$molecule
read moms1opt_tol.mol
$end


--------------------------------------------------------------
 Adding empirical dispersion correction 
 ----------------------------------------------------------------
 Doing -D3(BJ) with
 s6 =   1.00000
 s8 =   0.00000
 a1 =   0.48600
 a2 =   4.50000
 -D3 energy including 3body term =     -0.1220103479 hartrees
 ----------------------------------------------------------------
 Adding gCP correction 
 ----------------------------------------------------------------
 gCP energy =      0.1709628590 hartrees
 ----------------------------------------------------------------
             Standard Nuclear Orientation (Angstroms)
    I     Atom           X                Y                Z
 ----------------------------------------------------------------
    1      N       0.0000000000     0.0000000000     0.0000000000
    2      C       0.0000000000     0.0000000000     1.3644190000
    3      C       1.2208037278     0.0000000000     2.0742118436
    4      H       2.1547052781    -0.0693431889     1.5311376416
    5      C       1.2262470736     0.0352087886     3.4463113862
    6      C      -1.2189964865     0.0120474752     2.0774846658
    7      H      -2.1557491706     0.0459101730     1.5357099062
    8      C      -1.2199014339     0.0601994420     3.4493105452
    9      C      -1.0878637840    -0.5204019886    -0.7384576077
   10      C      -1.6105870549    -1.7704067847    -0.4163460774
   11      H      -1.1880086894    -2.3455949628     0.3973372735
   12      C      -2.6577221351    -2.2813131268    -1.1641381225
   13      H      -3.0603593857    -3.2552873601    -0.9214901113
   14      C      -3.1762118500    -1.5572271829    -2.2287824207
   15      H      -3.9921520672    -1.9625800639    -2.8119268419
   16      C      -2.6445099665    -0.3144359575    -2.5490613506
   17      H      -3.0502256376     0.2538321109    -3.3749992039
   18      C      -1.5982734264     0.2081172478    -1.8103353447
   19      H      -1.1893295060     1.1799830448    -2.0545770198
   20      C       1.0843002482     0.5351308091    -0.7335310642
   21      C       1.5960069794    -0.1783702769    -1.8148463890
   22      H       1.1870187972    -1.1466183118    -2.0724961783
   23      C       2.6424984732     0.3545242447    -2.5454722605
   24      H       3.0499867309    -0.2029502102    -3.3779576651
   25      C       3.1724477603     1.5939547375    -2.2091386516
   26      H       3.9892915339     2.0067036364    -2.7856852078
   27      C       2.6495977317     2.3056471584    -1.1380740691
   28      H       3.0493416684     3.2776254065    -0.8833408156
   29      C       1.6025163385     1.7837693128    -0.3976941195
   30      H       1.1755960396     2.3493041073     0.4203923233
   31      C       0.0046784343     0.0904371324     4.1690431998
   32      C      -2.5149871072     0.1166593647     4.1976177290
   33      H      -3.3714355880     0.0993724826     3.5246504613
   34      H      -2.5734927539     1.0200280706     4.8062936173
   35      H      -2.5999401778    -0.7275447236     4.8835932124
   36      C       2.5234112424     0.0110049714     4.1929992683
   37      H       3.3756684750    -0.0468961250     3.5172656177
   38      H       2.5652775765    -0.8396043347     4.8744304206
   39      H       2.6310817030     0.9074835779     4.8055257955
   40      B       0.0023971835     0.2152943621     5.7460876990
   41      C      -0.0215119325    -1.0391670217     6.6119573389
   42      C      -0.0314849603    -2.3249099800     6.0304560284
   43      H      -0.0161655501    -2.4296369737     4.9485910676
   44      C      -0.0623313093    -3.4461853806     6.8179855602
   45      C      -0.0823563473    -3.3276661948     8.2396041483
   46      C      -0.0709012698    -2.0827524792     8.8231839405
   47      H      -0.0857922077    -1.9896893277     9.9038178746
   48      C      -0.0410406033    -0.9145950171     8.0352354453
   49      C      -0.0827111025    -4.8670639407     6.4762088233
   50      C      -0.0753953509    -5.5922549361     5.3097581453
   51      H      -0.0481678804    -5.1135885326     4.3380873876
   52      C      -0.1149460968    -5.5638011613     7.7007671814
   53      C      -0.1406140724    -6.9524647413     7.8072806136
   54      C      -0.1151642678    -4.6781051432     8.7988116471
   55      C      -0.1416556624    -5.2150268520    10.0621675524
   56      H      -0.1434422216    -4.5907279088    10.9467529121
   57      C      -0.1024230027    -7.0037192490     5.3887625758
   58      H      -0.0967625442    -7.5738226900     4.4679149636
   59      C      -0.1338381658    -7.6761118559     6.5892770851
   60      H      -0.1532152687    -8.7593361331     6.6012742644
   61      C      -0.1680445671    -6.6227216907    10.2011679917
   62      H      -0.1891747714    -7.0415552779    11.1992239658
   63      C      -0.1678506748    -7.4770101093     9.1223220696
   64      H      -0.1879011147    -8.5489264449     9.2781411077
   65      C       0.0064008707     1.6025063973     6.3854293420
   66      C       0.0230288156     2.7656744033     5.5886318386
   67      H       0.0378313949     2.6763752980     4.5056992441
   68      C       0.0184760297     4.0087597621     6.1653981756
   69      C       0.0001038262     4.1469433774     7.5846627201
   70      C      -0.0169184305     3.0224640904     8.3784855830
   71      H      -0.0339364422     3.1187905673     9.4593362799
   72      C      -0.0143581618     1.7325942901     7.8090037103
   73      C       0.0253738933     5.3406180020     5.5724355288
   74      C       0.0358189720     5.8330686738     4.2909769641
   75      H       0.0423877528     5.1789757048     3.4270367339
   76      C       0.0148118863     6.2500202063     6.6487579178
   77      C       0.0158366251     7.6333592542     6.4968419848
   78      C       0.0000123718     5.5773553711     7.8895316694
   79      C      -0.0126193352     6.3358229055     9.0332938526
   80      H      -0.0251497194     5.8828026215    10.0166466193
   81      C       0.0369748138     7.2344691124     4.1082537254
   82      H       0.0446817479     7.6258238864     3.0985025674
   83      C       0.0277053178     8.1170217415     5.1649043612
   84      H       0.0284022575     9.1837238748     4.9760685493
   85      C      -0.0093555837     7.7455882485     8.9114465051
   86      H      -0.0182851801     8.3392091754     9.8166902738
   87      C       0.0034856420     8.3891441060     7.6946906587
   88      H       0.0046119913     9.4715421256     7.6540580300
   89      B      -0.0347062661     0.4759689618     8.6965583919
   90      C      -0.0486453614     0.5823057437    10.2743216193
   91      C      -1.2587575189     0.5810740263    10.9790868244
   92      C      -1.2641161478     0.6104564380    12.3685778659
   93      H      -2.2075467274     0.5893086861    12.9023938174
   94      C      -0.0728434736     0.6692555217    13.0790492146
   95      C       1.1312946857     0.6928830152    12.3867882806
   96      H       2.0637116004     0.7439015446    12.9375377614
   97      C       1.1497162491     0.6359050098    10.9983880398
   98      N      -0.0848619323     0.6973243387    14.4924134365
   99      C       0.6946603384    -0.2225249750    15.2044296865
  100      C       1.2784484170     0.1281647382    16.4232263739
  101      H       1.1281483848     1.1220964079    16.8246631087
  102      C       2.0523125397    -0.7874797857    17.1167151810
  103      H       2.4965178639    -0.4964819323    18.0600735659
  104      C       2.2793235857    -2.0574050417    16.6041403965
  105      H       2.8933307424    -2.7659289407    17.1439726023
  106      C       1.7097297383    -2.4038610107    15.3869838782
  107      H       1.8725136024    -3.3907444303    14.9725149451
  108      C       0.9171242361    -1.5034488407    14.6952665641
  109      H       0.4709424885    -1.7925693039    13.7525679456
  110      C      -0.9796726665     1.5571452090    15.1446458453
  111      C      -1.7085493758     1.1348361368    16.2567275430
  112      H      -1.5772037435     0.1298504737    16.6366083533
  113      C      -2.6091382969     1.9918695216    16.8690137618
  114      H      -3.1689008734     1.6442557502    17.7279711619
  115      C      -2.8149308826     3.2729074228    16.3770843562
  116      H      -3.5276209866     3.9346996082    16.8509706859
  117      C      -2.0969489626     3.6920281135    15.2651890803
  118      H      -2.2435586519     4.6884536478    14.8681246231
  119      C      -1.1810332341     2.8499597854    14.6581405548
  120      H      -0.6253878719     3.1883303074    13.7928436420
  121      C       2.4620842767     0.6363862681    10.2648043390
  122      H       3.3085651095     0.6970887859    10.9487844006
  123      H       2.5291024538     1.4769563326     9.5713259591
  124      H       2.5795036917    -0.2710357309     9.6681632066
  125      C      -2.5613564375     0.5195163114    10.2296161048
  126      H      -3.4166133189     0.5573878281    10.9041633177
  127      H      -2.6533061707     1.3497910427     9.5266046601
  128      H      -2.6392958643    -0.3977676299     9.6420452350
 ----------------------------------------------------------------
 Nuclear Repulsion Energy = 10760.2599374060 hartrees
 There are      254 alpha and      254 beta electrons
 Requested basis set is def2-mSVP
 There are 636 shells and 1244 basis functions

 Total QAlloc Memory Limit  14000 MB
 Mega-Array Size      1001 MB
 MEM_STATIC part      1024 MB
 Discretize the solute cavity surface with Lebedev spheres
	Using 302 Lebedev grid points for each H atom
	Using 302 Lebedev grid points for other atoms
	Atomic van der Waals radii will be scaled by 1.20
 Remove points where switching function is < 1.0e-08
 Keep 13522 surface tesserae and discard 25134 interior tesserae
 Molecular Surface Area = 1019.162 Angst**2
 A cutoff of  1.0D-11 yielded  54247 shell pairs
 There are    214683 function pairs (    236606 Cartesian)
 
 -------------------------------------------------------
 OpenMP Integral Computing Module                       
 Release: version 1.0, May 2013, Q-Chem Inc. Pittsburgh 
 -------------------------------------------------------
 Integral Job Info:
 Integral job number is                      11
 Integral operator is                         1
 short-range coefficients                     0
 long-range coefficients              100000000
 Omega coefficients                           0
 if combine SR and LR in K                    0
 Integral screening is                        0
 Integral computing path is                   2
 max size of driver memory is            800000
 size of driver memory is                593474
 size of scratch memory is              1809772
 max col of scratch BK array               1296
 max len of scratch array in speh3          155
 max len of scratch index in speh4           18
 max int batch size is                      520
 min int batch size is                       52
 fixed nKL is                                52
 max L of basis functions is                  2
 order of int derivative is                   0
 number of shells is                        636
 number of basis is                        1320
 number of cartesian basis is              1320
 number of contracted shell pairs         54247
 number of primitive shell pairs         113466
 maxK2 (contraction) of shell pair           25
 max number of K2 of shell pair               1
 max number of CS2 of shell pair          13093
 max number of PS2 of shell pair          20045
 mem total for path MDJ                 1056764
 -------------------------------------------------------
 Smallest overlap matrix eigenvalue = 1.98E-04

 Scale SEOQF with 1.000000e-01/1.000000e-02/1.000000e-03

 Standard Electronic Orientation quadrupole field applied
 Nucleus-field energy     =     0.0000000436 hartrees
 Guess from superposition of atomic densities
 Warning:  Energy on first SCF cycle will be non-variational
 SAD guess density has 508.000001 electrons

 -----------------------------------------------------------------------
  General SCF calculation program by
  Eric Jon Sundstrom, Paul Horn, Yuezhi Mao, Dmitri Zuev, Alec White,
  David Stuck, Shaama M.S., Shane Yost, Joonho Lee, David Small,
  Daniel Levine, Susi Lehtola, Hugh Burton, Evgeny Epifanovsky
 -----------------------------------------------------------------------
 Exchange:     0.4200 Hartree-Fock + 0.5800 PBEh-3c
 Correlation:  1.0000 PBEh-3c
 Using SG-1 standard quadrature grid
 Dispersion:   Grimme D3
 using 8 threads for integral computing
 -------------------------------------------------------
 OpenMP Integral computing Module                
 Release: version 2.0, May 2017, Q-Chem Inc. Pleasanton 
 -------------------------------------------------------
 -------------------------------------------------------
 OpenMP BLAS3 based DFT computing Module                
 Release: version 1.0, May 2013, Q-Chem Inc. Pittsburgh 
 -------------------------------------------------------
 A restricted SCF calculation will be
 performed using DIIS
 SCF converges when DIIS error is below 1.0e-08
 ---------------------------------------
  Cycle       Energy         DIIS error
 ---------------------------------------
    1   -2953.2737828273      2.43e-02  
    2   -2927.2865135613      1.62e-03  
    3   -2927.4842784219      1.40e-03  
    4   -2927.8322672717      4.90e-04  
    5   -2927.8793497625      1.47e-04  
    6   -2927.8837230730      4.16e-05  
    7   -2927.8840449614      1.23e-05  
    8   -2927.8840749218      3.98e-06  
    9   -2927.8840783413      1.28e-06  
   10   -2927.8840788544      3.58e-07  
   11   -2927.8840787297      1.50e-07  
   12   -2927.8840787056      5.47e-08  
   13   -2927.8840787916      2.05e-08  
   14   -2927.8840787899      9.96e-09  Convergence criterion met
 ---------------------------------------
 SCF time:   CPU 20184.90s  wall 2777.00s 

************** Final PCM Free Energy Summary **************
 G_electrostatic  =      -0.02452104 hartree =     -15.38718522 kcal/mol
 G_cavitation     =       0.00000000 hartree =       0.00000000 kcal/mol
 G_dispersion     =       0.00000000 hartree =       0.00000000 kcal/mol
 G_repulsion      =       0.00000000 hartree =       0.00000000 kcal/mol
 --------------------------------------------------
 Non-electrostatic Free Energy =       0.00000000 hartree =       0.00000000 kcal/mol
 Total                         =      -0.02452104 hartree =     -15.38718522 kcal/mol
 --------------------------------------------------
 SCF Energy (H0 + V/2)                       =   -2927.88407879 
 Solute Internal Energy (H0)                 =   -2927.85955775 
 Total Free Energy (H0 + V/2 + non-elec)     =   -2927.88407879 hartree
                                             = -1837274.98943075 kcal/mol
***********************************************************

 SCF   energy in the final basis set =    -2927.8840787899
 Total energy in the final basis set =    -2927.8840787899
 
 Direct TDDFT/TDA calculation will be performed
 Exchange:     0.4200 Hartree-Fock + 0.5800 PBEh-3c
 Correlation:  1.0000 PBEh-3c
 Using SG-1 standard quadrature grid
 Dispersion:   Grimme D3
 Singlet excitation energies requested
 Adding PCM contribution to the XC response
 CIS energy converged when residual is below 10e- 6
 ---------------------------------------------------
 Iter    Rts Conv    Rts Left    Ttl Dev     Max Dev
 ---------------------------------------------------
   1         0           2      0.000045    0.000025
   2         0           2      0.000016    0.000008
   3         0           2      0.000009    0.000005
   4         0           2      0.000002    0.000001
   5         2           0      0.000001    0.000001    Roots Converged
 ---------------------------------------------------
 
 ---------------------------------------------------
         TDDFT/TDA Excitation Energies              
 ---------------------------------------------------

 Excited state   1: excitation energy (eV) =    2.1081
 Total energy for state  1:                 -2927.80660579 au
    Multiplicity: Singlet
    Trans. Mom.: -0.0050 X   0.0174 Y   0.1064 Z
    Strength   :     0.0006016432
    D(254) --> V(  1) amplitude =  0.9727

 Excited state   2: excitation energy (eV) =    2.4714
 Total energy for state  2:                 -2927.79325494 au
    Multiplicity: Singlet
    Trans. Mom.: -0.0044 X   0.0084 Y   0.0404 Z
    Strength   :     0.0001044372
    D(253) --> V(  1) amplitude =  0.9732
 
 ---------------------------------------------------
 Calculating Relaxed Density
 ---------------------------------------------------
 Iter    Rts Conv    Rts Left    Ttl Dev     Max Dev
 ---------------------------------------------------
   1         0           2      0.000221    0.000114
   2         0           2      0.000078    0.000039
   3         0           2      0.000031    0.000015
   4         0           2      0.000010    0.000005
   5         0           2      0.000004    0.000002
   6         2           0      0.000000    0.000000    Roots Converged
 ---------------------------------------------------
  SETman timing summary (seconds)
  CPU time             14908.28s
  System time              0.00s
  Wall time             4543.81s



*********SPIN-ORBIT COUPLING JOB BEGINS HERE*********
There is no spin-orbit coupling effect between singlet states.

=======================================================================================
    SPIN-ORBIT COUPLING BETWEEN THE SINGLET GROUND STATE AND EXCITED TRIPLET STATE
=======================================================================================

SOC between the singlet ground state and excited triplet states (ms=0):
T1(ms=0)      0.000000  +  -2.915770i    cm-1
T2(ms=0)      0.000000  +  3.085844i    cm-1
SOC between the singlet ground state and excited triplet states (ms=1):
T1(ms=1)      -0.139487  + (0.066024i)    cm-1
T2(ms=1)      0.120151  + (-0.347082i)    cm-1
SOC between the singlet ground state and excited triplet states (ms=-1):
T1(ms=-1)     -0.139487  - (0.066024i)    cm-1
T2(ms=-1)     0.120151  - (-0.347082i)    cm-1
Total SOC between the singlet ground state and excited triplet states:
T1      2.923926    cm-1
T2      3.129255    cm-1




=======================================================================================
                     SPIN-ORBIT COUPLING BETWEEN EXCITED TRIPLET STATES
=======================================================================================

SOC between the T1 (ms=0) state and excited triplet states (ms=1):
T2(ms=1)      0.001584  + (-0.007086i)    cm-1
SOC between the T1 (ms=0) state and excited triplet states (ms=-1):
T2(ms=-1)     -0.001584  + (-0.007086i)    cm-1
SOC between the T1 (ms=1) state and excited triplet states (ms=0):
T2(ms=0)      -0.001584  + (-0.007086i)    cm-1
SOC between the T1 (ms=1) state and excited triplet states (ms=1):
T2(ms=1)      0.000000  + (0.019604i)    cm-1
SOC between the T1 (ms=-1) state and excited triplet states (ms=0):
T2(ms=0)      0.001584  + (-0.007086i)    cm-1
SOC between the T1 (ms=-1) state and excited triplet states (ms=-1):
T2(ms=-1)     0.000000  + (-0.019604i)    cm-1
Total SOC between the T1 state and excited triplet states:
T2      0.031298    cm-1







=======================================================================================
         SPIN-ORBIT COUPLING BETWEEN EXCITED SINGLET STATES AND TRIPLET STATES
=======================================================================================

SOC between the S1 state and excited triplet states (ms=0):
T1(ms=0)      0.000000  +  -2.717137i    cm-1
T2(ms=0)      0.000000  +  -0.970120i    cm-1
SOC between the S1 state and excited triplet states (ms=1):
T1(ms=1)      (-2.479978)  + (1.027487i)    cm-1
T2(ms=1)      (-11.704165)  + (7.373002i)    cm-1
SOC between the S1 state and excited triplet states (ms=-1):
T1(ms=-1)    -(-2.479978)  + (1.027487i)    cm-1
T2(ms=-1)    -(-11.704165)  + (7.373002i)    cm-1
Total SOC between the S1 state and excited triplet states:
T1      4.668498    cm-1
T2      19.586690    cm-1



SOC between the S2 state and excited triplet states (ms=0):
T1(ms=0)      0.000000  +  -0.013834i    cm-1
T2(ms=0)      0.000000  +  -0.010946i    cm-1
SOC between the S2 state and excited triplet states (ms=1):
T1(ms=1)      (0.001310)  + (0.000434i)    cm-1
T2(ms=1)      (0.000957)  + (0.000059i)    cm-1
SOC between the S2 state and excited triplet states (ms=-1):
T1(ms=-1)    -(0.001310)  + (0.000434i)    cm-1
T2(ms=-1)    -(0.000957)  + (0.000059i)    cm-1
Total SOC between the S2 state and excited triplet states:
T1      0.013971    cm-1
T2      0.011030    cm-1






            *********SOC CODE ENDS HERE*********



 
 --------------------------------------------------------------
 
                    Orbital Energies (a.u.)
 --------------------------------------------------------------
 
 Alpha MOs
 -- Occupied --
-14.671 -14.670 -10.492 -10.492 -10.491 -10.491 -10.487 -10.484
-10.467 -10.467 -10.467 -10.466 -10.466 -10.466 -10.466 -10.466
-10.465 -10.465 -10.464 -10.464 -10.463 -10.463 -10.463 -10.463
-10.463 -10.462 -10.460 -10.460 -10.459 -10.459 -10.457 -10.456
-10.455 -10.455 -10.455 -10.455 -10.450 -10.450 -10.450 -10.450
-10.450 -10.450 -10.450 -10.450 -10.448 -10.448 -10.448 -10.448
-10.448 -10.447 -10.447 -10.447 -10.446 -10.446 -10.444 -10.444
-10.444 -10.443 -10.442 -10.441 -10.438 -10.437 -10.437 -10.437
-10.436 -10.435 -10.430 -10.430 -10.427 -10.427 -10.424 -10.424
-10.423 -10.416  -6.949  -6.942  -1.086  -1.080  -1.017  -1.017
 -0.964  -0.964  -0.960  -0.960  -0.960  -0.958  -0.939  -0.939
 -0.934  -0.934  -0.909  -0.900  -0.873  -0.873  -0.864  -0.858
 -0.857  -0.854  -0.851  -0.851  -0.848  -0.847  -0.842  -0.841
 -0.838  -0.836  -0.824  -0.815  -0.813  -0.805  -0.800  -0.800
 -0.768  -0.764  -0.762  -0.762  -0.737  -0.731  -0.728  -0.721
 -0.710  -0.709  -0.704  -0.703  -0.690  -0.686  -0.684  -0.680
 -0.680  -0.678  -0.670  -0.668  -0.649  -0.647  -0.645  -0.639
 -0.639  -0.638  -0.606  -0.605  -0.597  -0.595  -0.592  -0.589
 -0.587  -0.587  -0.584  -0.576  -0.576  -0.563  -0.561  -0.552
 -0.551  -0.544  -0.544  -0.542  -0.540  -0.537  -0.528  -0.525
 -0.523  -0.520  -0.517  -0.514  -0.509  -0.508  -0.505  -0.501
 -0.499  -0.496  -0.496  -0.495  -0.493  -0.490  -0.489  -0.487
 -0.486  -0.486  -0.485  -0.483  -0.482  -0.481  -0.480  -0.476
 -0.472  -0.471  -0.468  -0.466  -0.465  -0.464  -0.462  -0.462
 -0.460  -0.455  -0.445  -0.442  -0.442  -0.440  -0.439  -0.438
 -0.434  -0.429  -0.428  -0.426  -0.425  -0.424  -0.422  -0.421
 -0.419  -0.415  -0.411  -0.411  -0.408  -0.404  -0.401  -0.401
 -0.400  -0.398  -0.397  -0.397  -0.396  -0.394  -0.392  -0.392
 -0.387  -0.381  -0.380  -0.370  -0.360  -0.360  -0.354  -0.352
 -0.347  -0.338  -0.323  -0.317  -0.309  -0.303  -0.302  -0.300
 -0.298  -0.297  -0.296  -0.295  -0.286  -0.284  -0.283  -0.277
 -0.276  -0.264  -0.258  -0.257  -0.222  -0.214
 -- Virtual --
 -0.098  -0.062  -0.038  -0.032  -0.006   0.001   0.004   0.004
  0.006   0.006   0.006   0.007   0.015   0.024   0.027   0.034
  0.039   0.042   0.055   0.055   0.069   0.081   0.087   0.090
  0.121   0.129   0.142   0.143   0.147   0.149   0.149   0.151
  0.156   0.160   0.163   0.164   0.166   0.166   0.169   0.172
  0.175   0.182   0.184   0.184   0.187   0.188   0.189   0.193
  0.198   0.200   0.201   0.203   0.203   0.205   0.206   0.207
  0.208   0.209   0.209   0.213   0.214   0.214   0.216   0.216
  0.217   0.220   0.221   0.225   0.226   0.227   0.229   0.231
  0.232   0.237   0.237   0.238   0.239   0.239   0.240   0.241
  0.241   0.243   0.245   0.248   0.250   0.251   0.253   0.254
  0.255   0.256   0.258   0.260   0.262   0.269   0.270   0.276
  0.278   0.280   0.283   0.286   0.289   0.291   0.292   0.296
  0.300   0.300   0.303   0.308   0.309   0.310   0.313   0.315
  0.318   0.323   0.323   0.323   0.326   0.328   0.330   0.332
  0.334   0.334   0.335   0.336   0.336   0.342   0.347   0.350
  0.356   0.359   0.363   0.369   0.371   0.376   0.378   0.381
  0.390   0.391   0.401   0.403   0.404   0.410   0.416   0.420
  0.422   0.424   0.437   0.438   0.441   0.446   0.448   0.451
  0.452   0.455   0.456   0.458   0.462   0.465   0.466   0.469
  0.472   0.484   0.484   0.489   0.490   0.491   0.497   0.502
  0.512   0.513   0.515   0.521   0.523   0.524   0.524   0.526
  0.526   0.528   0.529   0.532   0.533   0.534   0.535   0.538
  0.539   0.540   0.543   0.546   0.547   0.547   0.554   0.557
  0.558   0.561   0.561   0.561   0.562   0.565   0.566   0.569
  0.570   0.572   0.577   0.578   0.579   0.580   0.582   0.582
  0.583   0.584   0.585   0.586   0.588   0.593   0.594   0.594
  0.596   0.597   0.597   0.599   0.600   0.603   0.603   0.605
  0.607   0.607   0.610   0.612   0.615   0.616   0.617   0.617
  0.617   0.618   0.619   0.619   0.621   0.623   0.624   0.625
  0.625   0.628   0.628   0.630   0.630   0.631   0.634   0.637
  0.642   0.645   0.646   0.647   0.647   0.650   0.651   0.652
  0.653   0.654   0.656   0.657   0.659   0.660   0.660   0.662
  0.666   0.669   0.671   0.675   0.677   0.680   0.681   0.688
  0.689   0.691   0.692   0.694   0.696   0.697   0.699   0.700
  0.702   0.703   0.704   0.706   0.708   0.709   0.712   0.715
  0.718   0.722   0.726   0.727   0.731   0.731   0.735   0.744
  0.749   0.752   0.753   0.756   0.758   0.758   0.762   0.763
  0.768   0.771   0.772   0.776   0.778   0.780   0.786   0.788
  0.791   0.794   0.796   0.798   0.802   0.807   0.808   0.811
  0.820   0.824   0.828   0.830   0.832   0.834   0.838   0.845
  0.850   0.852   0.860   0.861   0.866   0.873   0.878   0.885
  0.886   0.904   0.906   0.907   0.911   0.913   0.915   0.915
  0.918   0.925   0.928   0.940   0.944   0.945   0.946   0.946
  0.948   0.949   0.950   0.953   0.955   0.957   0.959   0.960
  0.960   0.962   0.964   0.964   0.969   0.971   0.972   0.974
  0.975   0.977   0.978   0.984   0.988   0.989   0.990   0.992
  0.995   0.998   0.999   1.003   1.004   1.007   1.007   1.013
  1.014   1.017   1.019   1.020   1.027   1.030   1.032   1.034
  1.036   1.039   1.040   1.041   1.043   1.049   1.051   1.053
  1.056   1.057   1.058   1.062   1.065   1.068   1.070   1.072
  1.074   1.075   1.075   1.078   1.079   1.081   1.083   1.087
  1.089   1.093   1.094   1.095   1.100   1.103   1.106   1.108
  1.110   1.112   1.115   1.119   1.126   1.127   1.132   1.134
  1.136   1.142   1.143   1.145   1.149   1.150   1.150   1.155
  1.160   1.162   1.165   1.167   1.170   1.172   1.178   1.182
  1.188   1.188   1.192   1.194   1.198   1.202   1.204   1.205
  1.207   1.211   1.218   1.219   1.222   1.235   1.242   1.247
  1.250   1.252   1.253   1.257   1.259   1.263   1.266   1.273
  1.274   1.278   1.283   1.286   1.286   1.291   1.293   1.296
  1.298   1.298   1.301   1.306   1.311   1.314   1.315   1.318
  1.319   1.321   1.327   1.332   1.337   1.343   1.344   1.346
  1.353   1.353   1.356   1.362   1.365   1.367   1.369   1.370
  1.373   1.374   1.386   1.388   1.396   1.399   1.408   1.408
  1.410   1.415   1.425   1.431   1.438   1.439   1.439   1.440
  1.441   1.452   1.453   1.458   1.467   1.471   1.474   1.480
  1.481   1.492   1.498   1.504   1.508   1.510   1.511   1.512
  1.513   1.516   1.516   1.517   1.522   1.524   1.524   1.530
  1.531   1.533   1.538   1.540   1.545   1.546   1.547   1.548
  1.550   1.554   1.555   1.556   1.556   1.557   1.561   1.561
  1.566   1.569   1.570   1.572   1.573   1.576   1.577   1.583
  1.585   1.589   1.594   1.596   1.599   1.600   1.601   1.610
  1.615   1.626   1.637   1.649   1.656   1.657   1.660   1.677
  1.690   1.695   1.704   1.705   1.739   1.740   1.744   1.749
  1.750   1.760   1.774   1.778   1.780   1.791   1.794   1.805
  1.805   1.806   1.808   1.812   1.812   1.814   1.822   1.824
  1.829   1.841   1.845   1.850   1.856   1.857   1.858   1.863
  1.875   1.880   1.890   1.892   1.893   1.897   1.897   1.899
  1.901   1.904   1.913   1.916   1.917   1.917   1.921   1.928
  1.935   1.936   1.939   1.944   1.947   1.949   1.951   1.957
  1.962   1.970   1.975   1.981   1.981   1.983   1.986   1.989
  1.993   1.995   2.003   2.007   2.012   2.014   2.016   2.025
  2.029   2.032   2.036   2.037   2.039   2.044   2.048   2.060
  2.063   2.067   2.068   2.070   2.071   2.071   2.075   2.081
  2.082   2.091   2.102   2.104   2.108   2.109   2.119   2.136
  2.139   2.145   2.147   2.150   2.151   2.152   2.154   2.157
  2.159   2.167   2.169   2.179   2.181   2.190   2.192   2.194
  2.197   2.199   2.200   2.200   2.201   2.207   2.209   2.211
  2.214   2.221   2.224   2.225   2.227   2.229   2.230   2.231
  2.238   2.240   2.242   2.243   2.248   2.253   2.255   2.259
  2.263   2.267   2.270   2.272   2.276   2.278   2.280   2.283
  2.285   2.286   2.290   2.296   2.297   2.303   2.309   2.316
  2.319   2.320   2.321   2.338   2.340   2.344   2.347   2.351
  2.353   2.356   2.357   2.361   2.366   2.366   2.369   2.372
  2.377   2.377   2.381   2.384   2.385   2.387   2.388   2.392
  2.393   2.395   2.401   2.405   2.406   2.410   2.414   2.418
  2.423   2.430   2.432   2.437   2.439   2.445   2.451   2.454
  2.455   2.461   2.464   2.474   2.477   2.479   2.484   2.489
  2.495   2.496   2.499   2.509   2.509   2.521   2.526   2.534
  2.564   2.566   2.571   2.576   2.604   2.607   2.617   2.624
  2.632   2.635   2.638   2.639   2.641   2.643   2.648   2.655
  2.663   2.667   2.679   2.680   2.684   2.687   2.690   2.691
  2.706   2.723   2.725   2.729   2.729   2.731   2.736   2.737
  2.737   2.743   2.747   2.748   2.751   2.752   2.755   2.762
  2.772   2.778   2.781   2.784   2.784   2.785   2.788   2.788
  2.790   2.792   2.794   2.800   2.803   2.804   2.807   2.808
  2.812   2.817   2.818   2.820   2.821   2.826   2.840   2.846
  2.852   2.856   2.858   2.859   2.863   2.869   2.888   2.897
  2.898   2.899   2.902   2.906   2.916   2.924   2.930   2.931
  2.941   2.942   2.951   2.971   2.977   2.999   3.000   3.009
  3.012   3.014   3.026   3.030   3.050   3.055   3.069   3.076
  3.079   3.094   3.127   3.142   3.146   3.236   3.254   3.256
  3.300   3.322   3.329   3.359   3.400   3.438   3.450   3.480
  3.484   3.486   3.489   3.490   3.513   3.515   3.540   3.551
  3.662   3.673   9.599   9.744  13.140  13.174  13.246  13.247
 13.275  13.286  13.442  13.496  13.508  13.522  13.543  13.544
 13.665  13.675  13.680  13.682  13.704  13.710  13.711  13.720
 13.723  13.728  13.734  13.788  13.790  13.799  13.858  13.867
 13.893  13.899  13.915  13.928  13.954  14.000  14.014  14.023
 14.026  14.035  14.122  14.147  14.150  14.154  14.158  14.158
 14.159  14.176  14.177  14.177  14.184  14.192  14.208  14.211
 14.237  14.241  14.260  14.262  14.308  14.311  14.322  14.329
 14.508  14.512  14.556  14.561  14.573  14.577  14.578  14.579
 14.581  14.584  14.586  14.598  19.686  19.687
 --------------------------------------------------------------
 
          Ground-State Mulliken Net Atomic Charges

     Atom                 Charge (a.u.)
  ----------------------------------------
      1 N                    -0.658749
      2 C                     0.331582
      3 C                    -0.400268
      4 H                     0.249598
      5 C                     0.068450
      6 C                    -0.401516
      7 H                     0.249556
      8 C                     0.066572
      9 C                     0.263614
     10 C                    -0.270437
     11 H                     0.258802
     12 C                    -0.236804
     13 H                     0.241043
     14 C                    -0.251977
     15 H                     0.237513
     16 C                    -0.235471
     17 H                     0.241334
     18 C                    -0.278311
     19 H                     0.256450
     20 C                     0.261189
     21 C                    -0.277849
     22 H                     0.256693
     23 C                    -0.235665
     24 H                     0.241329
     25 C                    -0.251933
     26 H                     0.237483
     27 C                    -0.236838
     28 H                     0.240877
     29 C                    -0.268304
     30 H                     0.257946
     31 C                    -0.250746
     32 C                    -0.767740
     33 H                     0.246571
     34 H                     0.247012
     35 H                     0.245809
     36 C                    -0.766516
     37 H                     0.246256
     38 H                     0.245995
     39 H                     0.245670
     40 B                     0.677085
     41 C                    -0.149468
     42 C                    -0.392090
     43 H                     0.242139
     44 C                     0.084779
     45 C                     0.102476
     46 C                    -0.396387
     47 H                     0.241629
     48 C                    -0.153270
     49 C                     0.187595
     50 C                    -0.386462
     51 H                     0.241849
     52 C                    -0.067347
     53 C                     0.229702
     54 C                     0.184906
     55 C                    -0.389182
     56 H                     0.240921
     57 C                    -0.223449
     58 H                     0.247763
     59 C                    -0.341763
     60 H                     0.244138
     61 C                    -0.222952
     62 H                     0.247309
     63 C                    -0.343595
     64 H                     0.244452
     65 C                    -0.149028
     66 C                    -0.389247
     67 H                     0.243582
     68 C                     0.085708
     69 C                     0.104428
     70 C                    -0.401002
     71 H                     0.239391
     72 C                    -0.153552
     73 C                     0.185367
     74 C                    -0.383908
     75 H                     0.241662
     76 C                    -0.066964
     77 C                     0.231316
     78 C                     0.184188
     79 C                    -0.390412
     80 H                     0.241562
     81 C                    -0.224451
     82 H                     0.247621
     83 C                    -0.342002
     84 H                     0.244088
     85 C                    -0.222375
     86 H                     0.247422
     87 C                    -0.344814
     88 H                     0.244405
     89 B                     0.695689
     90 C                    -0.216618
     91 C                     0.046538
     92 C                    -0.358241
     93 H                     0.243467
     94 C                     0.281283
     95 C                    -0.357125
     96 H                     0.243109
     97 C                     0.046012
     98 N                    -0.671948
     99 C                     0.308396
    100 C                    -0.295446
    101 H                     0.256926
    102 C                    -0.232190
    103 H                     0.238679
    104 C                    -0.260289
    105 H                     0.235326
    106 C                    -0.230611
    107 H                     0.237060
    108 C                    -0.299382
    109 H                     0.253899
    110 C                     0.299139
    111 C                    -0.295842
    112 H                     0.256877
    113 C                    -0.232784
    114 H                     0.239103
    115 C                    -0.258781
    116 H                     0.235972
    117 C                    -0.230864
    118 H                     0.237900
    119 C                    -0.291626
    120 H                     0.253562
    121 C                    -0.768758
    122 H                     0.248959
    123 H                     0.247564
    124 H                     0.247501
    125 C                    -0.768248
    126 H                     0.249002
    127 H                     0.247254
    128 H                     0.247558
  ----------------------------------------
  Sum of atomic charges =    -0.000000

 -----------------------------------------------------------------
                    Cartesian Multipole Moments
 -----------------------------------------------------------------
    Charge (ESU x 10^10)
                -0.0000
    Dipole Moment (Debye)
         X      -0.1822      Y      -0.0258      Z      -1.7831
       Tot       1.7925
    Quadrupole Moments (Debye-Ang)
        XX    -433.8178     XY       1.8319     YY    -357.4420
        XZ      -3.1825     YZ      -4.5882     ZZ    -415.4562
    Octopole Moments (Debye-Ang^2)
       XXX      71.8000    XXY    -142.7008    XYY      12.0603
       YYY    -357.3120    XXZ   -3157.7528    XYZ     -74.7326
       YYZ   -2579.3057    XZZ     -25.6456    YZZ    -207.7721
       ZZZ   -8849.3337
    Hexadecapole Moments (Debye-Ang^3)
      XXXX   -5697.3221   XXXY      71.5357   XXYY   -7446.7718
      XYYY      47.4082   YYYY  -28567.6368   XXXZ     857.5555
      XXYZ    -975.2896   XYYZ     144.2354   YYYZ   -3033.0293
      XXZZ  -35903.8122   XYZZ   -1259.7989   YYZZ  -36287.0160
      XZZZ     201.7038   YZZZ   -4292.9111   ZZZZ -202981.4265
 -----------------------------------------------------------------
 -----------------------------------------------------------------
               TDA Excited-State Multipoles, State  1
 -----------------------------------------------------------------
    Charge (ESU x 10^10)
                -0.0000
    Dipole Moment (Debye)
         X      -0.0315      Y      -1.3411      Z     -26.0727
       Tot      26.1072
    Quadrupole Moments (Debye-Ang)
        XX    -422.1424     XY       6.9580     YY    -428.4879
        XZ      -1.7569     YZ      -9.4546     ZZ    -614.9649
    Octopole Moments (Debye-Ang^2)
       XXX      73.0829    XXY    -145.0029    XYY      16.7690
       YYY    -438.5678    XXZ   -3219.0913    XYZ     -81.0531
       YYZ   -3131.0968    XZZ     -10.4376    YZZ    -223.1527
       ZZZ  -10956.3427
    Hexadecapole Moments (Debye-Ang^3)
      XXXX   -5528.7024   XXXY     140.1968   XXYY   -7469.8249
      XYYY      58.2043   YYYY  -32665.3434   XXXZ     873.3282
      XXYZ   -1000.6192   XYYZ     188.8712   YYYZ   -3338.2053
      XXZZ  -36342.0205   XYZZ   -1141.0367   YYZZ  -40522.1420
      XZZZ     383.4215   YZZZ   -4357.6727   ZZZZ -226068.8951
 -----------------------------------------------------------------
 -----------------------------------------------------------------
               TDA Excited-State Multipoles, State  2
 -----------------------------------------------------------------
    Charge (ESU x 10^10)
                -0.0000
    Dipole Moment (Debye)
         X      -0.5522      Y       1.1854      Z      26.4969
       Tot      26.5292
    Quadrupole Moments (Debye-Ang)
        XX    -424.8286     XY      -9.2323     YY    -425.4433
        XZ      -9.4219     YZ      26.6545     ZZ     182.0052
    Octopole Moments (Debye-Ang^2)
       XXX      63.1643    XXY    -130.0997    XYY       1.7928
       YYY    -414.0456    XXZ   -2955.3619    XYZ    -240.3948
       YYZ   -2938.0085    XZZ    -125.6400    YZZ     305.0543
       ZZZ    1667.6958
    Hexadecapole Moments (Debye-Ang^3)
      XXXX   -5597.8703   XXXY     -25.3327   XXYY   -7428.4896
      XYYY    -113.2594   YYYY  -32907.5642   XXXZ     718.1262
      XXYZ    -767.7357   XYYZ     -51.8050   YYYZ   -2914.3643
      XXZZ  -32533.2889   XYZZ   -3924.4971   YYZZ  -37177.6060
      XZZZ   -1362.4250   YZZZ    3513.5776   ZZZZ  -28042.4932
 -----------------------------------------------------------------
Archival summary:
1\1\ctcp010\SP\ProcedureUnspecified\BasisUnspecified\272252\mewes1\FriOct2614:00:112018FriOct2614:00:112018\0\\#,ProcedureUnspecified,BasisUnspecified,\\0,1\N\C,1,1.36442\C,2,1.41215,1,120.174\H,3,1.08255,2,119.58,1,-4.22397,0\C,3,1.37256,2,120.391,1,178.296,0\C,2,1.41229,1,120.325,3,179.434,0\H,6,1.08267,2,119.631,1,-1.4981,0\C,6,1.37267,2,120.362,1,-177.671,0\C,1,1.41407,2,121.481,3,154.435,0\C,9,1.39266,1,119.887,2,-48.3371,0\H,10,1.08236,9,120.286,1,0.023081,0\C,10,1.38445,9,119.353,1,-178.677,0\H,12,1.08149,10,119.521,9,179.5,0\C,12,1.38802,10,120.286,9,0.34028,0\H,14,1.08172,12,119.985,10,179.789,0\C,14,1.38918,12,120.037,10,0.033098,0\H,16,1.08153,14,120.169,12,-179.685,0\C,16,1.38325,14,120.287,12,-0.038163,0\H,18,1.08232,16,120.297,14,-179.49,0\C,1,1.41426,2,121.243,3,-26.2676,0\C,20,1.3929,1,119.372,2,134.466,0\H,21,1.0822,20,120.284,1,-1.82929,0\C,21,1.38309,20,119.386,1,178.98,0\H,23,1.0816,21,119.542,20,179.237,0\C,23,1.3893,21,120.296,20,-0.41723,0\H,25,1.08167,23,119.963,21,-179.853,0\C,25,1.38818,23,120.032,21,-0.186459,0\H,27,1.0814,25,120.22,23,-179.027,0\C,27,1.38452,25,120.278,23,0.219739,0\H,29,1.08229,27,120.369,25,-178.298,0\C,5,1.42043,3,120.413,2,-0.858991,0\C,8,1.4968,6,120.101,2,178.055,0\H,32,1.08935,8,111.765,6,0.772424,0\H,32,1.09086,8,110.891,6,-120.307,0\H,32,1.09108,8,110.64,6,121.618,0\C,5,1.49692,3,120.111,2,178.938,0\H,36,1.08918,5,111.682,3,-0.673941,0\H,36,1.09071,5,110.948,3,-121.769,0\H,36,1.09108,5,110.626,3,120.094,0\B,31,1.58198,5,120.766,3,-176.454,0\C,40,1.52446,31,120.085,5,-91.0839,0\C,41,1.41116,40,121.052,31,0.493568,0\H,42,1.08703,41,119.854,40,0.358372,0\C,42,1.37055,41,120.583,40,-179.546,0\C,44,1.42669,42,120.326,41,-0.114419,0\C,45,1.37496,44,119.869,42,0.011193,0\H,46,1.08474,45,120.026,44,-179.983,0\C,46,1.40938,45,120.887,44,0.072558,0\C,44,1.46155,42,131.399,41,179.78,0\C,49,1.37352,44,135.382,42,0.229444,0\H,50,1.08352,49,121.902,44,0.059257,0\C,49,1.40926,44,106.127,42,-179.881,0\C,52,1.39298,49,124.037,44,-179.936,0\C,52,1.41073,49,111.466,44,-0.053112,0\C,54,1.37297,52,118.079,49,-179.843,0\H,55,1.0827,54,121.758,52,-179.993,0\C,50,1.41393,49,118.653,44,179.968,0\H,57,1.08306,50,118.546,49,179.99,0\C,57,1.37635,50,122.47,49,-0.093064,0\H,59,1.08346,57,119.9,50,-179.964,0\C,55,1.41479,54,118.677,52,-0.033711,0\H,61,1.08258,55,118.417,54,-179.982,0\C,61,1.37612,55,122.728,54,0.020886,0\H,63,1.08337,61,120.097,55,179.955,0\C,40,1.52746,31,119.271,5,89.6883,0\C,65,1.41001,40,120.843,31,-0.518427,0\H,66,1.08671,65,119.703,40,-0.28453,0\C,66,1.37038,65,120.692,40,179.606,0\C,68,1.42609,66,120.451,65,0.154415,0\C,69,1.37655,68,119.664,66,-0.181839,0\H,70,1.08527,69,120.133,68,-179.818,0\C,70,1.40999,69,120.954,68,0.10035,0\C,68,1.45791,66,131.108,65,-179.627,0\C,73,1.37286,68,135.021,66,0.143767,0\H,74,1.08364,73,121.851,68,-0.08534,0\C,73,1.40911,68,106.193,66,179.963,0\C,76,1.39166,73,123.927,68,-179.933,0\C,76,1.41146,73,111.344,68,-0.070186,0\C,78,1.37245,76,117.99,73,-179.948,0\H,79,1.08276,78,121.719,76,179.947,0\C,74,1.41326,73,118.449,68,179.87,0\H,81,1.08297,74,118.613,73,-179.969,0\C,81,1.37677,74,122.44,73,-0.016467,0\H,83,1.08329,81,119.83,74,-179.963,0\C,79,1.41502,78,118.607,76,-0.038059,0\H,85,1.08256,79,118.313,78,-179.935,0\C,85,1.37653,79,122.814,78,0.121977,0\H,87,1.08316,85,120.024,79,179.947,0\B,72,1.53859,70,120.94,69,-179.943,0\C,89,1.5814,72,121.381,70,-0.446197,0\C,90,1.40038,89,120.642,72,92.8923,0\C,91,1.38981,90,120.429,89,176.922,0\H,92,1.08419,91,119.682,90,-178.792,0\C,92,1.38829,91,120.612,90,1.33375,0\C,94,1.38915,92,119.307,91,-0.273265,0\H,95,1.08413,94,119.548,92,179.689,0\C,95,1.38969,94,120.575,92,-1.06987,0\N,94,1.41369,92,120.344,91,-179.926,0\C,98,1.40027,94,119.38,92,127.929,0\C,99,1.39616,98,120.775,94,146.342,0\H,100,1.08242,99,119.758,98,0.006313,0\C,100,1.38499,99,120.31,98,-179.729,0\H,102,1.08255,100,119.202,99,179.995,0\C,102,1.38816,100,120.75,99,1.09351,0\H,104,1.08186,102,120.51,100,179.33,0\C,104,1.38778,102,119.02,100,-0.507752,0\H,106,1.08269,104,120.105,102,-179.793,0\C,106,1.38472,104,120.712,102,-0.512768,0\H,108,1.08229,106,119.827,104,-179.314,0\C,98,1.40192,94,118.864,92,-45.7383,0\C,110,1.39511,98,121.243,94,136.708,0\H,111,1.08239,110,119.83,98,0.769892,0\C,111,1.38581,110,120.299,98,-178.605,0\H,113,1.08258,111,119.21,110,179.709,0\C,113,1.38759,111,120.71,110,0.933584,0\H,115,1.08188,113,120.474,111,179.266,0\C,115,1.38833,113,119.074,111,-0.504868,0\H,117,1.0826,115,120.103,113,-179.932,0\C,117,1.38437,115,120.645,113,-0.42783,0\H,119,1.08258,117,119.997,115,-179.874,0\C,97,1.50348,95,119.936,94,-178.852,0\H,121,1.08997,97,111.822,95,-0.709507,0\H,121,1.09177,97,111.331,95,-121.546,0\H,121,1.09233,97,111.105,95,119.777,0\C,91,1.50408,90,119.844,89,-1.83691,0\H,125,1.08991,91,111.701,90,-178.208,0\H,125,1.0918,91,111.264,90,-57.6593,0\H,125,1.09212,91,111.362,90,61.1619,0\\\@

 Total job time:  15805.05s(wall), 43595.18s(cpu) 
 Fri Oct 26 14:00:11 2018

        *************************************************************
        *                                                           *
        *  Thank you very much for using Q-Chem.  Have a nice day.  *
        *                                                           *
        *************************************************************


0 sent ACK to 0 
now end server 0 ... 
 
*************************************************************
Job 2 of 2 
*************************************************************
 
mFile = /cm/shared/apps/q-chem/intel/QCHEM_5.1.0_Trunk/bin/mpi/machines
Process 0 of 1 is on ctcp010 - thread support 0
initial socket setup ...start
initial socket setup ...done 
now start server 0 ... 
Q-Chem Developer Version!
                  Welcome to Q-Chem
     A Quantum Leap Into The Future Of Chemistry


 Q-Chem 5.1, Q-Chem, Inc., Pleasanton, CA (2018)

 Yihan Shao,  Zhengting Gan,  E. Epifanovsky,  A. T. B. Gilbert,  M. Wormit,  
 J. Kussmann,  A. W. Lange,  A. Behn,  Jia Deng,  Xintian Feng,  D. Ghosh,  
 M. Goldey,  P. R. Horn,  L. D. Jacobson,  I. Kaliman,  T. Kus,  A. Landau,  
 Jie Liu,  E. I. Proynov,  R. M. Richard,  R. P. Steele,  E. J. Sundstrom,  
 H. L. Woodcock III,  P. M. Zimmerman,  D. Zuev,  B. Albrecht,  E. Alguire,  
 S. A. Baeppler,  D. Barton,  Z. Benda,  Y. A. Bernard,  E. J. Berquist,  
 K. B. Bravaya,  H. Burton,  D. Casanova,  Chun-Min Chang,  Yunqing Chen,  
 A. Chien,  K. D. Closser,  M. P. Coons,  S. Coriani,  S. Dasgupta,  
 A. L. Dempwolff,  M. Diedenhofen,  Hainam Do,  R. G. Edgar,  Po-Tung Fang,  
 S. Faraji,  S. Fatehi,  Qingguo Feng,  K. D. Fenk,  J. Fosso-Tande,  
 Qinghui Ge,  A. Ghysels,  G. Gidofalvi,  J. Gomes,  J. Gonthier,  A. Gunina,  
 D. Hait,  M. W. D. Hanson-Heine,  P. H. P. Harbach,  A. W. Hauser,  
 J. E. Herr,  E. G. Hohenstein,  Z. C. Holden,  Kerwin Hui,  B. C. Huynh,  
 T.-C. Jagau,  Hyunjun Ji,  B. Kaduk,  K. Khistyaev,  Jaehoon Kim,  
 P. Klunzinger,  K. Koh,  D. Kosenkov,  L. Koulias,  T. Kowalczyk,  
 C. M. Krauter,  A. Kunitsa,  Ka Un Lao,  A. Laurent,  K. V. Lawler,  
 Joonho Lee,  D. Lefrancois,  S. Lehtola,  D. S. Levine,  Yi-Pei Li,  
 You-Sheng Lin,  Fenglai Liu,  E. Livshits,  A. Luenser,  P. Manohar,  
 E. Mansoor,  S. F. Manzer,  Shan-Ping Mao,  Yuezhi Mao,  N. Mardirossian,  
 A. V. Marenich,  T. Markovich,  L. A. Martinez-Martinez,  S. A. Maurer,  
 N. J. Mayhall,  S. C. McKenzie,  J.-M. Mewes,  A. F. Morrison,  
 J. W. Mullinax,  K. Nanda,  T. S. Nguyen-Beck,  R. Olivares-Amaya,  
 J. A. Parkhill,  T. M. Perrine,  F. Plasser,  P. Pokhilko,  S. Prager,  
 A. Prociuk,  E. Ramos,  D. R. Rehn,  F. Rob,  M. Schneider,  N. Sergueev,  
 S. M. Sharada,  S. Sharma,  D. W. Small,  T. Stauch,  T. Stein,  
 Yu-Chuan Su,  A. J. W. Thom,  A. Tkatchenko,  T. Tsuchimochi,  N. M. Tubman,  
 L. Vogt,  M. L. Vidal,  O. Vydrov,  M. A. Watson,  J. Wenzel,  
 M. de Wergifosse,  T. A. Wesolowski,  A. White,  J. Witte,  A. Yamada,  
 Jun Yang,  K. Yao,  S. Yeganeh,  S. R. Yost,  Zhi-Qiang You,  A. Zech,  
 Igor Ying Zhang,  Xing Zhang,  Yan Zhao,  Ying Zhu,  B. R. Brooks,  
 G. K. L. Chan,  C. J. Cramer,  M. S. Gordon,  W. J. Hehre,  A. Klamt,  
 M. W. Schmidt,  C. D. Sherrill,  D. G. Truhlar,  A. Aspuru-Guzik,  R. Baer,  
 A. T. Bell,  N. A. Besley,  Jeng-Da Chai,  A. E. DePrince, III,  
 R. A. DiStasio Jr.,  A. Dreuw,  B. D. Dunietz,  T. R. Furlani,  
 Chao-Ping Hsu,  Yousung Jung,  Jing Kong,  D. S. Lambrecht,  WanZhen Liang,  
 C. Ochsenfeld,  V. A. Rassolov,  L. V. Slipchenko,  J. E. Subotnik,  
 T. Van Voorhis,  J. M. Herbert,  A. I. Krylov,  P. M. W. Gill,  M. Head-Gordon

 Contributors to earlier versions of Q-Chem not listed above: 
 R. D. Adamson,  B. Austin,  J. Baker,  G. J. O. Beran,  K. Brandhorst,  
 S. T. Brown,  E. F. C. Byrd,  A. K. Chakraborty,  C.-L. Cheng,  
 Siu Hung Chien,  D. M. Chipman,  D. L. Crittenden,  H. Dachsel,  
 R. J. Doerksen,  A. D. Dutoi,  L. Fusti-Molnar,  W. A. Goddard III,  
 A. Golubeva-Zadorozhnaya,  S. R. Gwaltney,  G. Hawkins,  A. Heyden,  
 S. Hirata,  G. Kedziora,  F. J. Keil,  C. Kelley,  Jihan Kim,  R. A. King,  
 R. Z. Khaliullin,  P. P. Korambath,  W. Kurlancheek,  A. M. Lee,  M. S. Lee,  
 S. V. Levchenko,  Ching Yeh Lin,  D. Liotard,  R. C. Lochan,  I. Lotan,  
 P. E. Maslen,  N. Nair,  D. P. O'Neill,  D. Neuhauser,  E. Neuscamman,  
 C. M. Oana,  R. Olson,  B. Peters,  R. Peverati,  P. A. Pieniazek,  
 Y. M. Rhee,  J. Ritchie,  M. A. Rohrdanz,  E. Rosta,  N. J. Russ,  
 H. F. Schaefer III,  N. E. Schultz,  N. Shenvi,  A. C. Simmonett,  A. Sodt,  
 D. Stuck,  K. S. Thanthiriwatte,  V. Vanovschi,  Tao Wang,  A. Warshel,  
 C. F. Williams,  Q. Wu,  X. Xu,  W. Zhang

 Please cite Q-Chem as follows:
 Y. Shao et al., Mol. Phys. 113, 184-215 (2015)
 DOI: 10.1080/00268976.2014.952696

 Q-Chem 5.1.1 for Intel X86 EM64T Linux

 Parts of Q-Chem use Armadillo 8.300.2 (Tropical Shenanigans).
 http://arma.sourceforge.net/

 Q-Chem begins on Fri Oct 26 14:00:13 2018  

Host: ctcp010
0

     Scratch files written to /scratch/mewes1/138440/qchem8032//
 Parallel job on  1  processors
The previous job contains 0 fragments, simply inherited here
Symmetry turned off for PCM/SM12/SMD calculation
Input Ideriv = 2
Curr. Ideriv = -1
Max.  Ideriv = 2
Input Ideriv = 1
Curr. Ideriv = 2
Max.  Ideriv = 1

Checking the input file for inconsistencies... 	...done.

--------------------------------------------------------------
User input:
--------------------------------------------------------------
$rem
threads 8
jobtype sp
method PBEh-3c
basis def2-mSVP
mem_static      1024
mem_total       14000
sym_ignore      true
cis_n_roots             6
cis_singlets            true
cis_triplets            true
rpa                     false
calc_soc                true
cis_moments             true
cis_relaxed_density     true
solvent_method          pcm
$end

$molecule
read
$end

$pcm
statespecific           Marcus 
$end

$solvent
dielectric      2.38 
dielectric_infi 2.25
$end

--------------------------------------------------------------
 Adding empirical dispersion correction 
 ----------------------------------------------------------------
 Doing -D3(BJ) with
 s6 =   1.00000
 s8 =   0.00000
 a1 =   0.48600
 a2 =   4.50000
 -D3 energy including 3body term =     -0.1220103479 hartrees
 ----------------------------------------------------------------
 Adding gCP correction 
 ----------------------------------------------------------------
 gCP energy =      0.1709628590 hartrees
 ----------------------------------------------------------------
             Standard Nuclear Orientation (Angstroms)
    I     Atom           X                Y                Z
 ----------------------------------------------------------------
    1      N       0.0000000000     0.0000000000     0.0000000000
    2      C       0.0000000000     0.0000000000     1.3644190000
    3      C       1.2208037278     0.0000000000     2.0742118436
    4      H       2.1547052781    -0.0693431889     1.5311376416
    5      C       1.2262470736     0.0352087886     3.4463113862
    6      C      -1.2189964865     0.0120474752     2.0774846658
    7      H      -2.1557491706     0.0459101730     1.5357099062
    8      C      -1.2199014339     0.0601994420     3.4493105452
    9      C      -1.0878637840    -0.5204019886    -0.7384576077
   10      C      -1.6105870549    -1.7704067847    -0.4163460774
   11      H      -1.1880086894    -2.3455949628     0.3973372735
   12      C      -2.6577221351    -2.2813131268    -1.1641381225
   13      H      -3.0603593857    -3.2552873601    -0.9214901113
   14      C      -3.1762118500    -1.5572271829    -2.2287824207
   15      H      -3.9921520672    -1.9625800639    -2.8119268419
   16      C      -2.6445099665    -0.3144359575    -2.5490613506
   17      H      -3.0502256376     0.2538321109    -3.3749992039
   18      C      -1.5982734264     0.2081172478    -1.8103353447
   19      H      -1.1893295060     1.1799830448    -2.0545770198
   20      C       1.0843002482     0.5351308091    -0.7335310642
   21      C       1.5960069794    -0.1783702769    -1.8148463890
   22      H       1.1870187972    -1.1466183118    -2.0724961783
   23      C       2.6424984732     0.3545242447    -2.5454722605
   24      H       3.0499867309    -0.2029502102    -3.3779576651
   25      C       3.1724477603     1.5939547375    -2.2091386516
   26      H       3.9892915339     2.0067036364    -2.7856852078
   27      C       2.6495977317     2.3056471584    -1.1380740691
   28      H       3.0493416684     3.2776254065    -0.8833408156
   29      C       1.6025163385     1.7837693128    -0.3976941195
   30      H       1.1755960396     2.3493041073     0.4203923233
   31      C       0.0046784343     0.0904371324     4.1690431998
   32      C      -2.5149871072     0.1166593647     4.1976177290
   33      H      -3.3714355880     0.0993724826     3.5246504613
   34      H      -2.5734927539     1.0200280706     4.8062936173
   35      H      -2.5999401778    -0.7275447236     4.8835932124
   36      C       2.5234112424     0.0110049714     4.1929992683
   37      H       3.3756684750    -0.0468961250     3.5172656177
   38      H       2.5652775765    -0.8396043347     4.8744304206
   39      H       2.6310817030     0.9074835779     4.8055257955
   40      B       0.0023971835     0.2152943621     5.7460876990
   41      C      -0.0215119325    -1.0391670217     6.6119573389
   42      C      -0.0314849603    -2.3249099800     6.0304560284
   43      H      -0.0161655501    -2.4296369737     4.9485910676
   44      C      -0.0623313093    -3.4461853806     6.8179855602
   45      C      -0.0823563473    -3.3276661948     8.2396041483
   46      C      -0.0709012698    -2.0827524792     8.8231839405
   47      H      -0.0857922077    -1.9896893277     9.9038178746
   48      C      -0.0410406033    -0.9145950171     8.0352354453
   49      C      -0.0827111025    -4.8670639407     6.4762088233
   50      C      -0.0753953509    -5.5922549361     5.3097581453
   51      H      -0.0481678804    -5.1135885326     4.3380873876
   52      C      -0.1149460968    -5.5638011613     7.7007671814
   53      C      -0.1406140724    -6.9524647413     7.8072806136
   54      C      -0.1151642678    -4.6781051432     8.7988116471
   55      C      -0.1416556624    -5.2150268520    10.0621675524
   56      H      -0.1434422216    -4.5907279088    10.9467529121
   57      C      -0.1024230027    -7.0037192490     5.3887625758
   58      H      -0.0967625442    -7.5738226900     4.4679149636
   59      C      -0.1338381658    -7.6761118559     6.5892770851
   60      H      -0.1532152687    -8.7593361331     6.6012742644
   61      C      -0.1680445671    -6.6227216907    10.2011679917
   62      H      -0.1891747714    -7.0415552779    11.1992239658
   63      C      -0.1678506748    -7.4770101093     9.1223220696
   64      H      -0.1879011147    -8.5489264449     9.2781411077
   65      C       0.0064008707     1.6025063973     6.3854293420
   66      C       0.0230288156     2.7656744033     5.5886318386
   67      H       0.0378313949     2.6763752980     4.5056992441
   68      C       0.0184760297     4.0087597621     6.1653981756
   69      C       0.0001038262     4.1469433774     7.5846627201
   70      C      -0.0169184305     3.0224640904     8.3784855830
   71      H      -0.0339364422     3.1187905673     9.4593362799
   72      C      -0.0143581618     1.7325942901     7.8090037103
   73      C       0.0253738933     5.3406180020     5.5724355288
   74      C       0.0358189720     5.8330686738     4.2909769641
   75      H       0.0423877528     5.1789757048     3.4270367339
   76      C       0.0148118863     6.2500202063     6.6487579178
   77      C       0.0158366251     7.6333592542     6.4968419848
   78      C       0.0000123718     5.5773553711     7.8895316694
   79      C      -0.0126193352     6.3358229055     9.0332938526
   80      H      -0.0251497194     5.8828026215    10.0166466193
   81      C       0.0369748138     7.2344691124     4.1082537254
   82      H       0.0446817479     7.6258238864     3.0985025674
   83      C       0.0277053178     8.1170217415     5.1649043612
   84      H       0.0284022575     9.1837238748     4.9760685493
   85      C      -0.0093555837     7.7455882485     8.9114465051
   86      H      -0.0182851801     8.3392091754     9.8166902738
   87      C       0.0034856420     8.3891441060     7.6946906587
   88      H       0.0046119913     9.4715421256     7.6540580300
   89      B      -0.0347062661     0.4759689618     8.6965583919
   90      C      -0.0486453614     0.5823057437    10.2743216193
   91      C      -1.2587575189     0.5810740263    10.9790868244
   92      C      -1.2641161478     0.6104564380    12.3685778659
   93      H      -2.2075467274     0.5893086861    12.9023938174
   94      C      -0.0728434736     0.6692555217    13.0790492146
   95      C       1.1312946857     0.6928830152    12.3867882806
   96      H       2.0637116004     0.7439015446    12.9375377614
   97      C       1.1497162491     0.6359050098    10.9983880398
   98      N      -0.0848619323     0.6973243387    14.4924134365
   99      C       0.6946603384    -0.2225249750    15.2044296865
  100      C       1.2784484170     0.1281647382    16.4232263739
  101      H       1.1281483848     1.1220964079    16.8246631087
  102      C       2.0523125397    -0.7874797857    17.1167151810
  103      H       2.4965178639    -0.4964819323    18.0600735659
  104      C       2.2793235857    -2.0574050417    16.6041403965
  105      H       2.8933307424    -2.7659289407    17.1439726023
  106      C       1.7097297383    -2.4038610107    15.3869838782
  107      H       1.8725136024    -3.3907444303    14.9725149451
  108      C       0.9171242361    -1.5034488407    14.6952665641
  109      H       0.4709424885    -1.7925693039    13.7525679456
  110      C      -0.9796726665     1.5571452090    15.1446458453
  111      C      -1.7085493758     1.1348361368    16.2567275430
  112      H      -1.5772037435     0.1298504737    16.6366083533
  113      C      -2.6091382969     1.9918695216    16.8690137618
  114      H      -3.1689008734     1.6442557502    17.7279711619
  115      C      -2.8149308826     3.2729074228    16.3770843562
  116      H      -3.5276209866     3.9346996082    16.8509706859
  117      C      -2.0969489626     3.6920281135    15.2651890803
  118      H      -2.2435586519     4.6884536478    14.8681246231
  119      C      -1.1810332341     2.8499597854    14.6581405548
  120      H      -0.6253878719     3.1883303074    13.7928436420
  121      C       2.4620842767     0.6363862681    10.2648043390
  122      H       3.3085651095     0.6970887859    10.9487844006
  123      H       2.5291024538     1.4769563326     9.5713259591
  124      H       2.5795036917    -0.2710357309     9.6681632066
  125      C      -2.5613564375     0.5195163114    10.2296161048
  126      H      -3.4166133189     0.5573878281    10.9041633177
  127      H      -2.6533061707     1.3497910427     9.5266046601
  128      H      -2.6392958643    -0.3977676299     9.6420452350
 ----------------------------------------------------------------
 Nuclear Repulsion Energy = 10760.2599374060 hartrees
 There are      254 alpha and      254 beta electrons
 Requested basis set is def2-mSVP
 There are 636 shells and 1244 basis functions

 Total QAlloc Memory Limit  14000 MB
 Mega-Array Size      1001 MB
 MEM_STATIC part      1024 MB
 Discretize the solute cavity surface with Lebedev spheres
	Using 302 Lebedev grid points for each H atom
	Using 302 Lebedev grid points for other atoms
	Atomic van der Waals radii will be scaled by 1.20
 Remove points where switching function is < 1.0e-08
 Keep 13522 surface tesserae and discard 25134 interior tesserae
 Molecular Surface Area = 1019.162 Angst**2
 A cutoff of  1.0D-11 yielded  54247 shell pairs
 There are    214683 function pairs (    236606 Cartesian)
 
 -------------------------------------------------------
 OpenMP Integral Computing Module                       
 Release: version 1.0, May 2013, Q-Chem Inc. Pittsburgh 
 -------------------------------------------------------
 Integral Job Info:
 Integral job number is                      11
 Integral operator is                         1
 short-range coefficients                     0
 long-range coefficients              100000000
 Omega coefficients                           0
 if combine SR and LR in K                    0
 Integral screening is                        0
 Integral computing path is                   2
 max size of driver memory is            800000
 size of driver memory is                593474
 size of scratch memory is              1809772
 max col of scratch BK array               1296
 max len of scratch array in speh3          155
 max len of scratch index in speh4           18
 max int batch size is                      520
 min int batch size is                       52
 fixed nKL is                                52
 max L of basis functions is                  2
 order of int derivative is                   0
 number of shells is                        636
 number of basis is                        1320
 number of cartesian basis is              1320
 number of contracted shell pairs         54247
 number of primitive shell pairs         113466
 maxK2 (contraction) of shell pair           25
 max number of K2 of shell pair               1
 max number of CS2 of shell pair          13093
 max number of PS2 of shell pair          20045
 mem total for path MDJ                 1056764
 -------------------------------------------------------
 Smallest overlap matrix eigenvalue = 1.98E-04

 Scale SEOQF with 1.000000e-01/1.000000e-02/1.000000e-03

 Standard Electronic Orientation quadrupole field applied
 Nucleus-field energy     =     0.0000000436 hartrees
 Guess from superposition of atomic densities
 Warning:  Energy on first SCF cycle will be non-variational
 SAD guess density has 508.000001 electrons

 -----------------------------------------------------------------------
  General SCF calculation program by
  Eric Jon Sundstrom, Paul Horn, Yuezhi Mao, Dmitri Zuev, Alec White,
  David Stuck, Shaama M.S., Shane Yost, Joonho Lee, David Small,
  Daniel Levine, Susi Lehtola, Hugh Burton, Evgeny Epifanovsky
 -----------------------------------------------------------------------
 Exchange:     0.4200 Hartree-Fock + 0.5800 PBEh-3c
 Correlation:  1.0000 PBEh-3c
 Using SG-1 standard quadrature grid
 Dispersion:   Grimme D3
 using 8 threads for integral computing
 -------------------------------------------------------
 OpenMP Integral computing Module                
 Release: version 2.0, May 2017, Q-Chem Inc. Pleasanton 
 -------------------------------------------------------
 -------------------------------------------------------
 OpenMP BLAS3 based DFT computing Module                
 Release: version 1.0, May 2013, Q-Chem Inc. Pittsburgh 
 -------------------------------------------------------
 A restricted SCF calculation will be
 performed using DIIS
 SCF converges when DIIS error is below 1.0e-08
 ---------------------------------------
  Cycle       Energy         DIIS error
 ---------------------------------------
    1   -2953.2737828273      2.43e-02  
    2   -2927.2857595025      1.62e-03  
    3   -2927.4816340346      1.41e-03  
    4   -2927.8308494334      4.94e-04  
    5   -2927.8787203512      1.48e-04  
    6   -2927.8831483913      4.23e-05  
    7   -2927.8834817441      1.24e-05  
    8   -2927.8835123976      4.06e-06  
    9   -2927.8835158123      1.29e-06  
   10   -2927.8835163206      3.62e-07  
   11   -2927.8835162104      1.52e-07  
   12   -2927.8835161754      5.59e-08  
   13   -2927.8835162625      2.14e-08  
   14   -2927.8835162623      1.00e-08  
   15   -2927.8835162845      5.91e-09  Convergence criterion met
 ---------------------------------------
 SCF time:   CPU 21214.51s  wall 2921.00s 

************** Final PCM Free Energy Summary **************
 G_electrostatic  =      -0.02397312 hartree =     -15.04336188 kcal/mol
 G_cavitation     =       0.00000000 hartree =       0.00000000 kcal/mol
 G_dispersion     =       0.00000000 hartree =       0.00000000 kcal/mol
 G_repulsion      =       0.00000000 hartree =       0.00000000 kcal/mol
 --------------------------------------------------
 Non-electrostatic Free Energy =       0.00000000 hartree =       0.00000000 kcal/mol
 Total                         =      -0.02397312 hartree =     -15.04336188 kcal/mol
 --------------------------------------------------
 SCF Energy (H0 + V/2)                       =   -2927.88351628 
 Solute Internal Energy (H0)                 =   -2927.85954316 
 Total Free Energy (H0 + V/2 + non-elec)     =   -2927.88351628 hartree
                                             = -1837274.63645331 kcal/mol
***********************************************************

 SCF   energy in the final basis set =    -2927.8835162845
 Total energy in the final basis set =    -2927.8835162845
 
 Direct TDDFT/TDA calculation will be performed
 Exchange:     0.4200 Hartree-Fock + 0.5800 PBEh-3c
 Correlation:  1.0000 PBEh-3c
 Using SG-1 standard quadrature grid
 Dispersion:   Grimme D3
 Triplet excitation energies requested
 Singlet excitation energies requested
 Adding PCM contribution to the XC response
 CIS energy converged when residual is below 10e- 6
 ---------------------------------------------------
 Iter    Rts Conv    Rts Left    Ttl Dev     Max Dev
 ---------------------------------------------------
   1         0           6      0.000179    0.000060
   2         0           6      0.000066    0.000024
   3         0           6      0.000030    0.000013
   4         2           4      0.000066    0.000052
   5         3           3      0.000067    0.000049
   6         4           2      0.000031    0.000020
   7         4           2      0.000017    0.000010
   8         4           2      0.000072    0.000066
   9         4           2      0.000040    0.000037
  10         5           1      0.000016    0.000014
  11         5           1      0.000007    0.000005
  12         5           1      0.000005    0.000002
  13         6           0      0.000003    0.000001    Roots Converged
 ---------------------------------------------------
 Triplets done: starting singlet calculation
 ---------------------------------------------------
 Iter    Rts Conv    Rts Left    Ttl Dev     Max Dev
 ---------------------------------------------------
  14         0           6      0.000286    0.000127
  15         0           6      0.000087    0.000034
  16         0           6      0.000040    0.000014
  17         2           4      0.000012    0.000005
  18         4           2      0.000006    0.000003
  19         6           0      0.000004    0.000001    Roots Converged
 ---------------------------------------------------
 
 ---------------------------------------------------
         TDDFT/TDA Excitation Energies              
 ---------------------------------------------------

 Excited state   1: excitation energy (eV) =    2.0566
 Total energy for state  1:                 -2927.80793942 au
    Multiplicity: Triplet
    Trans. Mom.:  0.0000 X   0.0000 Y   0.0000 Z
    Strength   :     0.0000000000
    D(254) --> V(  1) amplitude =  0.9682

 Excited state   2: excitation energy (eV) =    2.0775
 Total energy for state  2:                 -2927.80716923 au
    Multiplicity: Singlet
    Trans. Mom.: -0.0049 X   0.0173 Y   0.1074 Z
    Strength   :     0.0006034793
    D(254) --> V(  1) amplitude =  0.9730

 Excited state   3: excitation energy (eV) =    2.2117
 Total energy for state  3:                 -2927.80223770 au
    Multiplicity: Triplet
    Trans. Mom.:  0.0000 X   0.0000 Y   0.0000 Z
    Strength   :     0.0000000000
    D(246) --> V(  2) amplitude =  0.2429
    D(251) --> V(  1) amplitude =  0.9110

 Excited state   4: excitation energy (eV) =    2.4297
 Total energy for state  4:                 -2927.79422518 au
    Multiplicity: Triplet
    Trans. Mom.:  0.0000 X   0.0000 Y   0.0000 Z
    Strength   :     0.0000000000
    D(250) --> V(  2) amplitude =  0.4767
    D(252) --> V(  1) amplitude =  0.7987

 Excited state   5: excitation energy (eV) =    2.4579
 Total energy for state  5:                 -2927.79318829 au
    Multiplicity: Triplet
    Trans. Mom.:  0.0000 X   0.0000 Y   0.0000 Z
    Strength   :     0.0000000000
    D(253) --> V(  1) amplitude =  0.9668

 Excited state   6: excitation energy (eV) =    2.4728
 Total energy for state  6:                 -2927.79264429 au
    Multiplicity: Singlet
    Trans. Mom.: -0.0045 X   0.0088 Y   0.0399 Z
    Strength   :     0.0001022400
    D(253) --> V(  1) amplitude =  0.9732

 Excited state   7: excitation energy (eV) =    2.4929
 Total energy for state  7:                 -2927.79190369 au
    Multiplicity: Triplet
    Trans. Mom.:  0.0000 X   0.0000 Y   0.0000 Z
    Strength   :     0.0000000000
    D(250) --> V(  1) amplitude =  0.7422
    D(250) --> V(  4) amplitude =  0.2356
    D(252) --> V(  2) amplitude =  0.5473

 Excited state   8: excitation energy (eV) =    2.7203
 Total energy for state  8:                 -2927.78354564 au
    Multiplicity: Triplet
    Trans. Mom.:  0.0000 X   0.0000 Y   0.0000 Z
    Strength   :     0.0000000000
    D(246) --> V(  1) amplitude =  0.7065
    D(251) --> V(  2) amplitude =  0.5544

 Excited state   9: excitation energy (eV) =    2.8770
 Total energy for state  9:                 -2927.77778704 au
    Multiplicity: Singlet
    Trans. Mom.:  0.0036 X   0.0538 Y  -0.0016 Z
    Strength   :     0.0002051237
    D(251) --> V(  1) amplitude =  0.9593

 Excited state  10: excitation energy (eV) =    3.1250
 Total energy for state 10:                 -2927.76867329 au
    Multiplicity: Singlet
    Trans. Mom.:  0.0434 X   4.1302 Y  -0.3779 Z
    Strength   :     1.3171026805
    D(252) --> V(  1) amplitude =  0.9480

 Excited state  11: excitation energy (eV) =    3.3463
 Total energy for state 11:                 -2927.76054121 au
    Multiplicity: Singlet
    Trans. Mom.:  0.0153 X  -0.0178 Y  -0.0147 Z
    Strength   :     0.0000630034
    D(254) --> V(  2) amplitude =  0.9942

 Excited state  12: excitation energy (eV) =    3.6603
 Total energy for state 12:                 -2927.74900278 au
    Multiplicity: Singlet
    Trans. Mom.: -0.0151 X  -0.0016 Y   0.0037 Z
    Strength   :     0.0000219002
    D(253) --> V(  2) amplitude =  0.9945
 
 ---------------------------------------------------
 Calculating Relaxed Density
 ---------------------------------------------------
 Iter    Rts Conv    Rts Left    Ttl Dev     Max Dev
 ---------------------------------------------------
   1         0           6      0.000331    0.000106
   2         0           6      0.000122    0.000037
   3         0           6      0.000031    0.000011
   4         4           2      0.000007    0.000004
   5         4           2      0.000003    0.000001
   6         6           0      0.000000    0.000000    Roots Converged
 ---------------------------------------------------
 Triplets done- using as guess for singlets
 ---------------------------------------------------
 Iter    Rts Conv    Rts Left    Ttl Dev     Max Dev
 ---------------------------------------------------
   1         0           6      0.000530    0.000112
   2         0           6      0.000183    0.000039
   3         0           6      0.000052    0.000011
   4         0           6      0.000016    0.000004
   5         2           4      0.000004    0.000001
   6         6           0      0.000000    0.000000    Roots Converged
 ---------------------------------------------------
  SETman timing summary (seconds)
  CPU time             53726.13s
  System time              0.01s
  Wall time            17489.01s



*********SPIN-ORBIT COUPLING JOB BEGINS HERE*********
