mFile = /cm/shared/apps/q-chem/intel/QCHEM_5.0.1_Trunk/bin/mpi/machines
Process 0 of 1 is on ctcp044 - thread support 0
initial socket setup ...start
initial socket setup ...done 
now start server 0 ... 
ctcp044.cm.cluster 10.141.0
Q-Chem Developer Version! Running on 10.141.0.*
                  Welcome to Q-Chem
     A Quantum Leap Into The Future Of Chemistry


 Q-Chem 5.0, Q-Chem, Inc., Pleasanton, CA (2017)

 Yihan Shao,  Zhengting Gan,  E. Epifanovsky,  A. T. B. Gilbert,  M. Wormit,  
 J. Kussmann,  A. W. Lange,  A. Behn,  Jia Deng,  Xintian Feng,  D. Ghosh,  
 M. Goldey,  P. R. Horn,  L. D. Jacobson,  I. Kaliman,  T. Kus,  A. Landau,  
 Jie Liu,  E. I. Proynov,  R. M. Richard,  R. P. Steele,  E. J. Sundstrom,  
 H. L. Woodcock III,  P. M. Zimmerman,  D. Zuev,  B. Albrecht,  E. Alguire,  
 S. A. Baeppler,  Z. Benda,  Y. A. Bernard,  E. J. Berquist,  K. B. Bravaya,  
 D. Casanova,  Chun-Min Chang,  Yunqing Chen,  A. Chien,  K. D. Closser,  
 M. P. Coons,  S. Dasgupta,  M. Diedenhofen,  Hainam Do,  R. G. Edgar,  
 Po-Tung Fang,  S. Fatehi,  Qingguo Feng,  Qinghui Ge,  A. Ghysels,  
 J. Gomes,  J. Gonthier,  A. Gunina,  M. W. D. Hanson-Heine,  
 P. H. P. Harbach,  A. W. Hauser,  J. E. Herr,  E. G. Hohenstein,  
 Z. C. Holden,  Kerwin Hui,  T.-C. Jagau,  Hyunjun Ji,  B. Kaduk,  
 K. Khistyaev,  Jaehoon Kim,  P. Klunzinger,  K. Koh,  D. Kosenkov,  
 T. Kowalczyk,  C. M. Krauter,  A. Kunitsa,  Ka Un Lao,  A. Laurent,  
 K. V. Lawler,  Joonho Lee,  D. Lefrancois,  S. Lehtola,  D. S. Levine,  
 Yi-Pei Li,  You-Sheng Lin,  Fenglai Liu,  E. Livshits,  A. Luenser,  
 P. Manohar,  E. Mansoor,  S. F. Manzer,  Shan-Ping Mao,  Yuezhi Mao,  
 N. Mardirossian,  A. V. Marenich,  L. A. Martinez-Martinez,  S. A. Maurer,  
 N. J. Mayhall,  S. C. McKenzie,  J.-M. Mewes,  A. F. Morrison,  K. Nanda,  
 T. S. Nguyen-Beck,  R. Olivares-Amaya,  J. A. Parkhill,  T. M. Perrine,  
 F. Plasser,  S. Prager,  A. Prociuk,  D. R. Rehn,  F. Rob,  M. Schneider,  
 N. Sergueev,  S. M. Sharada,  S. Sharma,  D. W. Small,  T. Stauch,  
 T. Stein,  Yu-Chuan Su,  A. J. W. Thom,  T. Tsuchimochi,  L. Vogt,  
 O. Vydrov,  M. A. Watson,  J. Wenzel,  M. de Wergifosse,  T. A. Wesolowski,  
 A. White,  J. Witte,  A. Yamada,  Jun Yang,  K. Yao,  S. Yeganeh,  
 S. R. Yost,  Zhi-Qiang You,  A. Zech,  Igor Ying Zhang,  Xing Zhang,  
 Yan Zhao,  Ying Zhu,  B. R. Brooks,  G. K. L. Chan,  C. J. Cramer,  
 M. S. Gordon,  W. J. Hehre,  A. Klamt,  M. W. Schmidt,  C. D. Sherrill,  
 D. G. Truhlar,  A. Aspuru-Guzik,  R. Baer,  A. T. Bell,  N. A. Besley,  
 Jeng-Da Chai,  A. Dreuw,  B. D. Dunietz,  T. R. Furlani,  Chao-Ping Hsu,  
 Yousung Jung,  Jing Kong,  D. S. Lambrecht,  WanZhen Liang,  C. Ochsenfeld,  
 V. A. Rassolov,  L. V. Slipchenko,  J. E. Subotnik,  T. Van Voorhis,  
 J. M. Herbert,  A. I. Krylov,  P. M. W. Gill,  M. Head-Gordon

 Contributors to earlier versions of Q-Chem not listed above: 
 R. D. Adamson,  B. Austin,  J. Baker,  G. J. O. Beran,  K. Brandhorst,  
 S. T. Brown,  E. F. C. Byrd,  A. K. Chakraborty,  C.-L. Cheng,  
 Siu Hung Chien,  D. M. Chipman,  D. L. Crittenden,  H. Dachsel,  
 R. A. DiStasio Jr.,  R. J. Doerksen,  A. D. Dutoi,  L. Fusti-Molnar,  
 W. A. Goddard III,  A. Golubeva-Zadorozhnaya,  S. R. Gwaltney,  G. Hawkins,  
 A. Heyden,  S. Hirata,  G. Kedziora,  F. J. Keil,  C. Kelley,  Jihan Kim,  
 R. A. King,  R. Z. Khaliullin,  P. P. Korambath,  W. Kurlancheek,  
 A. M. Lee,  M. S. Lee,  S. V. Levchenko,  Ching Yeh Lin,  D. Liotard,  
 R. C. Lochan,  I. Lotan,  P. E. Maslen,  N. Nair,  D. P. O'Neill,  
 D. Neuhauser,  E. Neuscamman,  C. M. Oana,  R. Olson,  B. Peters,  
 R. Peverati,  P. A. Pieniazek,  Y. M. Rhee,  J. Ritchie,  M. A. Rohrdanz,  
 E. Rosta,  N. J. Russ,  H. F. Schaefer III,  N. E. Schultz,  N. Shenvi,  
 A. C. Simmonett,  A. Sodt,  D. Stuck,  K. S. Thanthiriwatte,  V. Vanovschi,  
 Tao Wang,  A. Warshel,  C. F. Williams,  Q. Wu,  X. Xu,  W. Zhang

 Please cite Q-Chem as follows:
 Y. Shao et al., Mol. Phys. 113, 184-215 (2015)
 DOI: 10.1080/00268976.2014.952696

 Q-Chem 5.0.1 for Intel X86 EM64T Linux

 Parts of Q-Chem use Armadillo 5.200.1 (Boston Tea Smuggler).
 http://arma.sourceforge.net/

 Q-Chem begins on Tue Oct 16 23:23:35 2018  

Host: ctcp044
0

     Scratch files written to /scratch/mewes/137397/qchem16810//
 Parallel job on  1  processors
The previous job contains 0 fragments, simply inherited here

Checking the input file for inconsistencies... 	...done.

--------------------------------------------------------------
User input:
--------------------------------------------------------------
$rem
threads 8
jobtype	sp
method PBEh-3c
basis def2-mSVP
mem_static	1024
mem_total	14000
sym_ignore	true
cis_n_roots             6
cis_singlets            true
cis_triplets		true
rpa                     false
calc_soc 		true
cis_moments             true
cis_relaxed_density	true
$end


$molecule
read gsopt.mol
$end

--------------------------------------------------------------
 Adding empirical dispersion correction 
 ----------------------------------------------------------------
 Doing -D3(BJ) with
 s6 =   1.00000
 s8 =   0.00000
 a1 =   0.48600
 a2 =   4.50000
 -D3 energy including 3body term =     -0.1218826740 hartrees
 ----------------------------------------------------------------
 Adding gCP correction 
 ----------------------------------------------------------------
 gCP energy =      0.1705712570 hartrees
 ----------------------------------------------------------------
             Standard Nuclear Orientation (Angstroms)
    I     Atom           X                Y                Z
 ----------------------------------------------------------------
    1      N       0.0000000000     0.0000000000     0.0000000000
    2      C       0.0000000000     0.0000000000     1.4036040000
    3      C       1.1990129017     0.0000000000     2.1152993472
    4      H       2.1393507246    -0.0034012527     1.5795706045
    5      C       1.1886759149     0.0026800938     3.5002971794
    6      H       2.1283485789     0.0033449197     4.0374197859
    7      C      -0.0093868130    -0.0152883864     4.1994866084
    8      H      -0.0124666557    -0.0225183601     5.2811700616
    9      C      -1.2033626897    -0.0236249956     3.4934404600
   10      H      -2.1471681308    -0.0300610063     4.0233983793
   11      C      -1.2034484576    -0.0056437720     2.1091462408
   12      H      -2.1418880322     0.0000977161     1.5696413933
   13      C      -0.9236195659    -0.7956319319    -0.6964438982
   14      C      -1.5854255237    -0.2961762060    -1.8171202680
   15      H      -1.3878745657     0.7151271982    -2.1476154520
   16      C      -2.4895070069    -1.0870005533    -2.5060524950
   17      H      -2.9929106877    -0.6837102366    -3.3752145395
   18      C      -2.7666440902    -2.3775618961    -2.0800714605
   19      H      -3.4799264684    -2.9901535863    -2.6150087252
   20      C      -2.1176703695    -2.8729876938    -0.9586960841
   21      H      -2.3183633353    -3.8804581117    -0.6175027832
   22      C      -1.1958241905    -2.0973061033    -0.2760193778
   23      H      -0.6859433212    -2.5010419618     0.5892748944
   24      C       0.8958243352     0.8222519366    -0.7090999436
   25      C       1.1459786789     2.1244161809    -0.2912182917
   26      H       0.6397243683     2.5108990824     0.5856729809
   27      C       2.0369135949     2.9336366038    -0.9834081622
   28      C       1.5431054291     0.3419850632    -1.8422642755
   29      H       1.3606505014    -0.6749761015    -2.1700797215
   30      C       2.4202353217     1.1463309936    -2.5552585630
   31      C       2.6839058106     2.4534576924    -2.1280842403
   32      C       3.1013784788     0.6041362899    -3.7803415853
   33      H       2.8422554484    -0.4392063214    -3.9573875710
   34      H       4.1885184917     0.6621651258    -3.6926949614
   35      H       2.8215179424     1.1675738745    -4.6731972731
   36      C       2.2900357671     4.3383533006    -0.5122226466
   37      H       1.7242925417     4.5690215547     0.3896807797
   38      H       3.3465304141     4.4992310104    -0.2874137956
   39      H       2.0094279486     5.0704398429    -1.2726033442
   40      B       3.6882679999     3.3593892788    -2.9274100555
   41      C       3.1821305419     4.2249733333    -4.1111296881
   42      C       1.8286136037     4.2093591992    -4.4520821974
   43      H       1.1371469887     3.5967632591    -3.8829762712
   44      C       1.3780342377     4.9715707099    -5.5121842907
   45      C       2.2774541577     5.7688745817    -6.2533514394
   46      C       3.6195652645     5.7916625562    -5.9193698259
   47      H       4.3139326677     6.4034524811    -6.4836159518
   48      C       4.0874941571     5.0236376764    -4.8487549173
   49      C       0.0388002295     5.1378337761    -6.0761059379
   50      C      -1.2066187878     4.6416111297    -5.7917796050
   51      H      -1.3759144244     3.9482588880    -4.9770135398
   52      C       0.1781673511     6.0373348872    -7.1483347436
   53      C      -0.8755001524     6.4630564214    -7.9498302102
   54      C       1.5141313554     6.4528795753    -7.3008686378
   55      C       1.8078344420     7.3371962473    -8.3046344745
   56      H       2.8152986086     7.6951709549    -8.4745815127
   57      C      -2.2979769530     5.0553092455    -6.5913722512
   58      H      -3.2815418520     4.6632677245    -6.3667759346
   59      C      -2.1520934795     5.9353878802    -7.6376777080
   60      H      -3.0169581001     6.2245070552    -8.2222828695
   61      C      -0.5439127299     7.3758934508    -8.9787908344
   62      H      -1.3155458233     7.7499340814    -9.6405757096
   63      C       0.7574599487     7.7897318702    -9.1385654363
   64      H       0.9915583907     8.4881879260    -9.9310496861
   65      C       5.1960077218     3.3837712476    -2.5507010691
   66      C       5.6503921740     2.6063091677    -1.4860951058
   67      H       4.9465553325     1.9944929817    -0.9316503497
   68      C       6.9892759900     2.6189028793    -1.1464329223
   69      C       7.9068717274     3.4126735861    -1.8677811789
   70      C       7.4632763008     4.1845509669    -2.9292636054
   71      H       8.1580361888     4.7964827835    -3.4940177017
   72      C       6.1098303571     4.1810207615    -3.2813906337
   73      C       7.7110485379     1.9112712539    -0.0947427913
   74      C       7.3620133395     1.0235751748     0.8881235814
   75      H       6.3407433460     0.6877170587     1.0208889993
   76      C       9.0556115328     2.3057026146    -0.2115006981
   77      C      10.0721404886     1.8496889793     0.6183904622
   78      C       9.2317014884     3.2164589188    -1.2710057576
   79      C      10.4920969996     3.6949629233    -1.5091278240
   80      H      10.6950927607     4.3974012795    -2.3075541584
   81      C       8.3761893627     0.5410583855     1.7473759685
   82      H       8.1056583092    -0.1608271811     2.5254574897
   83      C       9.6892346009     0.9326256298     1.6277872881
   84      H      10.4317536688     0.5362751949     2.3093564905
   85      C      11.3642590350     2.3608930500     0.3498012161
   86      H      12.2070675880     2.0521663645     0.9557256710
   87      C      11.5514415969     3.2519915928    -0.6808507100
   88      H      12.5463889053     3.6325494480    -0.8702709580
   89      B       5.5981158455     5.0469711025    -4.4682006828
   90      C       6.5708923100     5.9553700246    -5.3002385895
   91      C       7.1556351827     5.4724701630    -6.4751239943
   92      C       7.9411662832     6.3088025971    -7.2565733870
   93      H       8.3706556775     5.9318990456    -8.1772653552
   94      C       8.1775351783     7.6236270604    -6.8735601074
   95      C       7.6191452495     8.0961937852    -5.6903893107
   96      H       7.8073569956     9.1174643391    -5.3809857263
   97      C       6.8098454955     7.2791342160    -4.9137205479
   98      N       8.9635157415     8.4696765536    -7.6784137963
   99      C       8.5077720371     9.7585709963    -7.9910940512
  100      C       9.4120402361    10.8101623874    -8.1392477092
  101      H      10.4705973393    10.6289001468    -8.0055599551
  102      C       8.9596018289    12.0799519747    -8.4543853719
  103      H       9.6754456214    12.8838083082    -8.5667993387
  104      C       7.6036419386    12.3315520420    -8.6054709531
  105      H       7.2534089306    13.3273909204    -8.8411065271
  106      C       6.7024298047    11.2890114007    -8.4486435377
  107      H       5.6414019148    11.4668574461    -8.5687296151
  108      C       7.1454999775    10.0107373059    -8.1555671811
  109      H       6.4331793122     9.2028033528    -8.0501566085
  110      C      10.1102367341     7.9476228130    -8.3005764185
  111      C      10.3511168835     8.1624755786    -9.6559719866
  112      H       9.6510529608     8.7472849780   -10.2386497572
  113      C      11.4773880817     7.6248475817   -10.2572095658
  114      H      11.6489227592     7.7981622396   -11.3116692373
  115      C      12.3677714382     6.8525664117    -9.5261057474
  116      H      13.2408024335     6.4263696547   -10.0016565663
  117      C      12.1239120400     6.6301762291    -8.1782039618
  118      H      12.8111509258     6.0319946870    -7.5939966880
  119      C      11.0113107504     7.1793885756    -7.5649469947
  120      H      10.8296120383     7.0079087871    -6.5116399212
  121      C       6.1837611635     7.8077432224    -3.6532124500
  122      H       6.4493944679     8.8486349456    -3.4725271366
  123      H       6.4943670804     7.2310470239    -2.7792719311
  124      H       5.0932688267     7.7517655470    -3.6994346095
  125      C       6.8991610435     4.0552699885    -6.9091681794
  126      H       7.4622868814     3.7986080131    -7.8055748056
  127      H       7.1786215480     3.3419100978    -6.1307186427
  128      H       5.8413539047     3.8895946470    -7.1268559836
 ----------------------------------------------------------------
 Nuclear Repulsion Energy = 10766.0598927085 hartrees
 There are      254 alpha and      254 beta electrons
 Requested basis set is def2-mSVP
 There are 636 shells and 1244 basis functions

 Total QAlloc Memory Limit  14000 MB
 Mega-Array Size      1001 MB
 MEM_STATIC part      1024 MB
 A cutoff of  1.0D-11 yielded  54337 shell pairs
 There are    214825 function pairs (    236732 Cartesian)
 
 -------------------------------------------------------
 OpenMP Integral Computing Module                       
 Release: version 1.0, May 2013, Q-Chem Inc. Pittsburgh 
 -------------------------------------------------------
 Integral Job Info:
 Integral job number is                      11
 Integral operator is                         1
 short-range coefficients                     0
 long-range coefficients              100000000
 Omega coefficients                           0
 if combine SR and LR in K                    0
 Integral screening is                        0
 Integral computing path is                   2
 max size of driver memory is            800000
 size of driver memory is                593474
 size of scratch memory is              1809772
 max col of scratch BK array               1296
 max len of scratch array in speh3          155
 max len of scratch index in speh4           18
 max int batch size is                      520
 min int batch size is                       52
 fixed nKL is                                52
 max L of basis functions is                  2
 order of int derivative is                   0
 number of shells is                        636
 number of basis is                        1320
 number of cartesian basis is              1320
 number of contracted shell pairs         54337
 number of primitive shell pairs         113610
 maxK2 (contraction) of shell pair           25
 max number of K2 of shell pair               1
 max number of CS2 of shell pair          13154
 max number of PS2 of shell pair          19980
 mem total for path MDJ                  558264
 -------------------------------------------------------
 Smallest overlap matrix eigenvalue = 1.96E-04

 Scale SEOQF with 1.000000e-02/1.000000e-02/1.000000e-02

 Standard Electronic Orientation quadrupole field applied
 Nucleus-field energy     =     0.0000000264 hartrees
 Guess from superposition of atomic densities
 Warning:  Energy on first SCF cycle will be non-variational
 A restricted hybrid HF-DFT SCF calculation will be
 performed using Pulay DIIS extrapolation
 Exchange:     0.4200 Hartree-Fock + 0.5800 PBEh-3c
 Correlation:  1.0000 PBEh-3c
 Using SG-1 standard quadrature grid
 Dispersion:   Grimme D3
 SCF converges when DIIS error is below 1.0E-08
 using 8 threads for integral computing
 -------------------------------------------------------
 OpenMP Integral computing Module                
 Release: version 1.0, May 2013, Q-Chem Inc. Pittsburgh 
 -------------------------------------------------------
 ---------------------------------------
  Cycle       Energy         DIIS Error
 ---------------------------------------
    1   -2953.9175848591      2.40E-02
    2   -2927.2328296164      1.69E-03
    3   -2927.4101134252      1.50E-03
    4   -2927.7965745083      5.80E-04
    5   -2927.8630181042      1.71E-04
    6   -2927.8687855566      5.85E-05
    7   -2927.8694153404      1.66E-05
    8   -2927.8694667298      6.24E-06
    9   -2927.8694750056      1.34E-06
   10   -2927.8694754627      5.43E-07
   11   -2927.8694755508      2.00E-07
   12   -2927.8694755682      6.91E-08
   13   -2927.8694755564      2.52E-08
   14   -2927.8694755277      9.77E-09 Convergence criterion met
 ---------------------------------------
 SCF time:  CPU 5961.73 s  wall 1229.10 s
 SCF   energy in the final basis set = -2927.86947553
 Total energy in the final basis set = -2927.86947553
 
 Direct TDDFT/TDA calculation will be performed
 Exchange:     0.4200 Hartree-Fock + 0.5800 PBEh-3c
 Correlation:  1.0000 PBEh-3c
 Using SG-1 standard quadrature grid
 Dispersion:   Grimme D3
 Triplet excitation energies requested
 Singlet excitation energies requested
 CIS energy converged when residual is below 10e- 6
 ---------------------------------------------------
 Iter    Rts Conv    Rts Left    Ttl Dev     Max Dev
 ---------------------------------------------------
   1         0           6      0.000176    0.000060
   2         0           6      0.000069    0.000026
   3         0           6      0.000034    0.000014
   4         1           5      0.000128    0.000067
   5         2           4      0.000053    0.000035
   6         4           2      0.000027    0.000015
   7         4           2      0.000014    0.000008
   8         4           2      0.000041    0.000037
   9         4           2      0.000046    0.000043
  10         4           2      0.000021    0.000018
  11         5           1      0.000013    0.000011
  12         5           1      0.000006    0.000005
  13         5           1      0.000003    0.000002
  14         6           0      0.000002    0.000001    Roots Converged
 ---------------------------------------------------
 Triplets done: starting singlet calculation
 ---------------------------------------------------
 Iter    Rts Conv    Rts Left    Ttl Dev     Max Dev
 ---------------------------------------------------
  15         0           6      0.000293    0.000131
  16         0           6      0.000097    0.000038
  17         0           6      0.000054    0.000021
  18         2           4      0.000016    0.000008
  19         4           2      0.000009    0.000004
  20         5           1      0.000005    0.000001
  21         6           0      0.000004    0.000001    Roots Converged
 ---------------------------------------------------
 
 ---------------------------------------------------
         TDDFT/TDA Excitation Energies              
 ---------------------------------------------------

 Excited state   1: excitation energy (eV) =    2.3434
 Total energy for state  1:                 -2927.78335795 au
    Multiplicity: Triplet
    Trans. Mom.:  0.0000 X   0.0000 Y   0.0000 Z
    Strength   :     0.0000000000
    D(247) --> V(  2) amplitude =  0.2761
    D(251) --> V(  1) amplitude =  0.8457
    D(252) --> V(  1) amplitude = -0.3322

 Excited state   2: excitation energy (eV) =    2.4703
 Total energy for state  2:                 -2927.77869388 au
    Multiplicity: Triplet
    Trans. Mom.:  0.0000 X   0.0000 Y   0.0000 Z
    Strength   :     0.0000000000
    D(254) --> V(  1) amplitude =  0.9450

 Excited state   3: excitation energy (eV) =    2.4964
 Total energy for state  3:                 -2927.77773516 au
    Multiplicity: Singlet
    Trans. Mom.: -0.0523 X  -0.0440 Y   0.0303 Z
    Strength   :     0.0003413923
    D(254) --> V(  1) amplitude =  0.9567

 Excited state   4: excitation energy (eV) =    2.5047
 Total energy for state  4:                 -2927.77742931 au
    Multiplicity: Triplet
    Trans. Mom.:  0.0000 X   0.0000 Y   0.0000 Z
    Strength   :     0.0000000000
    D(250) --> V(  2) amplitude =  0.5050
    D(251) --> V(  1) amplitude =  0.2893
    D(252) --> V(  1) amplitude =  0.7160
    D(252) --> V(  4) amplitude = -0.2132

 Excited state   5: excitation energy (eV) =    2.5261
 Total energy for state  5:                 -2927.77664296 au
    Multiplicity: Triplet
    Trans. Mom.:  0.0000 X   0.0000 Y   0.0000 Z
    Strength   :     0.0000000000
    D(253) --> V(  1) amplitude =  0.9471

 Excited state   6: excitation energy (eV) =    2.5377
 Total energy for state  6:                 -2927.77621788 au
    Multiplicity: Singlet
    Trans. Mom.: -0.0848 X  -0.0598 Y   0.0515 Z
    Strength   :     0.0008347164
    D(253) --> V(  1) amplitude =  0.9632

 Excited state   7: excitation energy (eV) =    2.5543
 Total energy for state  7:                 -2927.77560845 au
    Multiplicity: Triplet
    Trans. Mom.:  0.0000 X   0.0000 Y   0.0000 Z
    Strength   :     0.0000000000
    D(250) --> V(  1) amplitude =  0.7096
    D(250) --> V(  4) amplitude = -0.2508
    D(252) --> V(  2) amplitude =  0.5424

 Excited state   8: excitation energy (eV) =    2.7673
 Total energy for state  8:                 -2927.76777870 au
    Multiplicity: Triplet
    Trans. Mom.:  0.0000 X   0.0000 Y   0.0000 Z
    Strength   :     0.0000000000
    D(247) --> V(  1) amplitude =  0.7011
    D(251) --> V(  2) amplitude =  0.5470

 Excited state   9: excitation energy (eV) =    3.0246
 Total energy for state  9:                 -2927.75832429 au
    Multiplicity: Singlet
    Trans. Mom.:  0.0417 X  -0.0215 Y   0.0298 Z
    Strength   :     0.0002287425
    D(251) --> V(  1) amplitude =  0.9031
    D(252) --> V(  1) amplitude = -0.3349

 Excited state  10: excitation energy (eV) =    3.3234
 Total energy for state 10:                 -2927.74734433 au
    Multiplicity: Singlet
    Trans. Mom.: -2.5251 X   1.0709 Y  -1.9797 Z
    Strength   :     0.9316027188
    D(251) --> V(  1) amplitude =  0.3281
    D(252) --> V(  1) amplitude =  0.8851

 Excited state  11: excitation energy (eV) =    3.6129
 Total energy for state 11:                 -2927.73670213 au
    Multiplicity: Singlet
    Trans. Mom.:  0.0244 X  -0.0077 Y  -0.0098 Z
    Strength   :     0.0000664681
    D(254) --> V(  2) amplitude =  0.9828

 Excited state  12: excitation energy (eV) =    3.6369
 Total energy for state 12:                 -2927.73582350 au
    Multiplicity: Singlet
    Trans. Mom.:  0.0173 X  -0.0021 Y   0.0066 Z
    Strength   :     0.0000308606
    D(253) --> V(  2) amplitude =  0.9838
 
 ---------------------------------------------------
 Calculating Relaxed Density
 ---------------------------------------------------
 Iter    Rts Conv    Rts Left    Ttl Dev     Max Dev
 ---------------------------------------------------
   1         0           6      0.000351    0.000112
   2         0           6      0.000130    0.000036
   3         0           6      0.000030    0.000009
   4         3           3      0.000007    0.000003
   5         6           0      0.000000    0.000000    Roots Converged
 ---------------------------------------------------
 Triplets done- using as guess for singlets
 ---------------------------------------------------
 Iter    Rts Conv    Rts Left    Ttl Dev     Max Dev
 ---------------------------------------------------
   1         0           6      0.000587    0.000125
   2         0           6      0.000188    0.000040
   3         0           6      0.000048    0.000010
   4         0           6      0.000017    0.000004
   5         4           2      0.000002    0.000001
   6         6           0      0.000000    0.000000    Roots Converged
 ---------------------------------------------------
  SETman timing summary (seconds)
  CPU time             41304.10s
  System time              0.06s
  Wall time             6009.52s



*********SPIN-ORBIT COUPLING JOB BEGINS HERE*********


=======================================================================================
    SPIN-ORBIT COUPLING BETWEEN THE SINGLET GROUND STATE AND EXCITED TRIPLET STATE
=======================================================================================

SOC between the singlet ground state and excited triplet states (ms=0):
T1(ms=0)      0.000000  +  0.017624i    cm-1
T2(ms=0)      0.000000  +  -2.968935i    cm-1
T3(ms=0)      0.000000  +  0.067784i    cm-1
T4(ms=0)      0.000000  +  0.713165i    cm-1
T5(ms=0)      0.000000  +  -0.048173i    cm-1
T6(ms=0)      0.000000  +  -0.048227i    cm-1
SOC between the singlet ground state and excited triplet states (ms=1):
T1(ms=1)      -0.022020  + (-0.032338i)    cm-1
T2(ms=1)      1.862808  + (2.297749i)    cm-1
T3(ms=1)      -0.113674  + (-0.062353i)    cm-1
T4(ms=1)      -0.172372  + (-0.345441i)    cm-1
T5(ms=1)      0.114256  + (0.090515i)    cm-1
T6(ms=1)      0.037852  + (0.058712i)    cm-1
SOC between the singlet ground state and excited triplet states (ms=-1):
T1(ms=-1)     -0.022020  - (-0.032338i)    cm-1
T2(ms=-1)     1.862808  - (2.297749i)    cm-1
T3(ms=-1)     -0.113674  - (-0.062353i)    cm-1
T4(ms=-1)     -0.172372  - (-0.345441i)    cm-1
T5(ms=-1)     0.114256  - (0.090515i)    cm-1
T6(ms=-1)     0.037852  - (0.058712i)    cm-1
Total SOC between the singlet ground state and excited triplet states:
T1      0.058068    cm-1
T2      5.129716    cm-1
T3      0.195484    cm-1
T4      0.898158    cm-1
T5      0.211696    cm-1
T6      0.109934    cm-1




=======================================================================================
                     SPIN-ORBIT COUPLING BETWEEN EXCITED TRIPLET STATES
=======================================================================================

SOC between the T1 (ms=0) state and excited triplet states (ms=1):
T2(ms=1)      0.083015  + (-0.137928i)    cm-1
T3(ms=1)      -0.002847  + (0.007168i)    cm-1
T4(ms=1)      -0.022410  + (0.065022i)    cm-1
T5(ms=1)      -0.303856  + (0.059905i)    cm-1
T6(ms=1)      -0.025586  + (0.010806i)    cm-1
SOC between the T1 (ms=0) state and excited triplet states (ms=-1):
T2(ms=-1)     -0.083015  + (-0.137928i)    cm-1
T3(ms=-1)     0.002847  + (0.007168i)    cm-1
T4(ms=-1)     0.022410  + (0.065022i)    cm-1
T5(ms=-1)     0.303856  + (0.059905i)    cm-1
T6(ms=-1)     0.025586  + (0.010806i)    cm-1
SOC between the T1 (ms=1) state and excited triplet states (ms=0):
T2(ms=0)      -0.083015  + (-0.137928i)    cm-1
T3(ms=0)      0.002847  + (0.007168i)    cm-1
T4(ms=0)      0.022410  + (0.065022i)    cm-1
T5(ms=0)      0.303856  + (0.059905i)    cm-1
T6(ms=0)      0.025586  + (0.010806i)    cm-1
SOC between the T1 (ms=1) state and excited triplet states (ms=1):
T2(ms=1)      0.000000  + (-0.143572i)    cm-1
T3(ms=1)      0.000000  + (0.032093i)    cm-1
T4(ms=1)      0.000000  + (0.181354i)    cm-1
T5(ms=1)      0.000000  + (-0.331493i)    cm-1
T6(ms=1)      0.000000  + (-0.023424i)    cm-1
SOC between the T1 (ms=-1) state and excited triplet states (ms=0):
T2(ms=0)      0.083015  + (-0.137928i)    cm-1
T3(ms=0)      -0.002847  + (0.007168i)    cm-1
T4(ms=0)      -0.022410  + (0.065022i)    cm-1
T5(ms=0)      -0.303856  + (0.059905i)    cm-1
T6(ms=0)      -0.025586  + (0.010806i)    cm-1
SOC between the T1 (ms=-1) state and excited triplet states (ms=-1):
T2(ms=-1)     0.000000  + (0.143572i)    cm-1
T3(ms=-1)     0.000000  + (-0.032093i)    cm-1
T4(ms=-1)     0.000000  + (-0.181354i)    cm-1
T5(ms=-1)     0.000000  + (0.331493i)    cm-1
T6(ms=-1)     0.000000  + (0.023424i)    cm-1
Total SOC between the T1 state and excited triplet states:
T2      0.380642    cm-1
T3      0.047936    cm-1
T4      0.291030    cm-1
T5      0.776817    cm-1
T6      0.064677    cm-1



SOC between the T2 (ms=0) state and excited triplet states (ms=1):
T3(ms=1)      0.038459  + (-0.096007i)    cm-1
T4(ms=1)      0.000261  + (0.005474i)    cm-1
T5(ms=1)      0.172009  + (0.213769i)    cm-1
T6(ms=1)      -0.013423  + (-0.018778i)    cm-1
SOC between the T2 (ms=0) state and excited triplet states (ms=-1):
T3(ms=-1)     -0.038459  + (-0.096007i)    cm-1
T4(ms=-1)     -0.000261  + (0.005474i)    cm-1
T5(ms=-1)     -0.172009  + (0.213769i)    cm-1
T6(ms=-1)     0.013423  + (-0.018778i)    cm-1
SOC between the T2 (ms=1) state and excited triplet states (ms=0):
T3(ms=0)      -0.038459  + (-0.096007i)    cm-1
T4(ms=0)      -0.000261  + (0.005474i)    cm-1
T5(ms=0)      -0.172009  + (0.213769i)    cm-1
T6(ms=0)      0.013423  + (-0.018778i)    cm-1
SOC between the T2 (ms=1) state and excited triplet states (ms=1):
T3(ms=1)      0.000000  + (-0.126506i)    cm-1
T4(ms=1)      0.000000  + (-0.010910i)    cm-1
T5(ms=1)      0.000000  + (-0.286658i)    cm-1
T6(ms=1)      0.000000  + (0.032208i)    cm-1
SOC between the T2 (ms=-1) state and excited triplet states (ms=0):
T3(ms=0)      0.038459  + (-0.096007i)    cm-1
T4(ms=0)      0.000261  + (0.005474i)    cm-1
T5(ms=0)      0.172009  + (0.213769i)    cm-1
T6(ms=0)      -0.013423  + (-0.018778i)    cm-1
SOC between the T2 (ms=-1) state and excited triplet states (ms=-1):
T3(ms=-1)     0.000000  + (0.126506i)    cm-1
T4(ms=-1)     0.000000  + (0.010910i)    cm-1
T5(ms=-1)     0.000000  + (0.286658i)    cm-1
T6(ms=-1)     0.000000  + (-0.032208i)    cm-1
Total SOC between the T2 state and excited triplet states:
T3      0.273483    cm-1
T4      0.018925    cm-1
T5      0.682262    cm-1
T6      0.064853    cm-1



SOC between the T3 (ms=0) state and excited triplet states (ms=1):
T4(ms=1)      0.255127  + (-0.636785i)    cm-1
T5(ms=1)      -0.000583  + (-0.061036i)    cm-1
T6(ms=1)      0.381252  + (-0.024383i)    cm-1
SOC between the T3 (ms=0) state and excited triplet states (ms=-1):
T4(ms=-1)     -0.255127  + (-0.636785i)    cm-1
T5(ms=-1)     0.000583  + (-0.061036i)    cm-1
T6(ms=-1)     -0.381252  + (-0.024383i)    cm-1
SOC between the T3 (ms=1) state and excited triplet states (ms=0):
T4(ms=0)      -0.255127  + (-0.636785i)    cm-1
T5(ms=0)      0.000583  + (-0.061036i)    cm-1
T6(ms=0)      -0.381252  + (-0.024383i)    cm-1
SOC between the T3 (ms=1) state and excited triplet states (ms=1):
T4(ms=1)      0.000000  + (-0.701851i)    cm-1
T5(ms=1)      0.000000  + (-0.086104i)    cm-1
T6(ms=1)      0.000000  + (0.306743i)    cm-1
SOC between the T3 (ms=-1) state and excited triplet states (ms=0):
T4(ms=0)      0.255127  + (-0.636785i)    cm-1
T5(ms=0)      -0.000583  + (-0.061036i)    cm-1
T6(ms=0)      0.381252  + (-0.024383i)    cm-1
SOC between the T3 (ms=-1) state and excited triplet states (ms=-1):
T4(ms=-1)     0.000000  + (0.701851i)    cm-1
T5(ms=-1)     0.000000  + (0.086104i)    cm-1
T6(ms=-1)     0.000000  + (-0.306743i)    cm-1
Total SOC between the T3 state and excited triplet states:
T4      1.693379    cm-1
T5      0.172426    cm-1
T6      0.878620    cm-1



SOC between the T4 (ms=0) state and excited triplet states (ms=1):
T5(ms=1)      0.014829  + (0.007545i)    cm-1
T6(ms=1)      0.383157  + (0.483507i)    cm-1
SOC between the T4 (ms=0) state and excited triplet states (ms=-1):
T5(ms=-1)     -0.014829  + (0.007545i)    cm-1
T6(ms=-1)     -0.383157  + (0.483507i)    cm-1
SOC between the T4 (ms=1) state and excited triplet states (ms=0):
T5(ms=0)      -0.014829  + (0.007545i)    cm-1
T6(ms=0)      -0.383157  + (0.483507i)    cm-1
SOC between the T4 (ms=1) state and excited triplet states (ms=1):
T5(ms=1)      0.000000  + (0.038395i)    cm-1
T6(ms=1)      0.000000  + (-0.607306i)    cm-1
SOC between the T4 (ms=-1) state and excited triplet states (ms=0):
T5(ms=0)      0.014829  + (0.007545i)    cm-1
T6(ms=0)      0.383157  + (0.483507i)    cm-1
SOC between the T4 (ms=-1) state and excited triplet states (ms=-1):
T5(ms=-1)     0.000000  + (-0.038395i)    cm-1
T6(ms=-1)     0.000000  + (0.607306i)    cm-1
Total SOC between the T4 state and excited triplet states:
T5      0.063684    cm-1
T6      1.503327    cm-1



SOC between the T5 (ms=0) state and excited triplet states (ms=1):
T6(ms=1)      0.044695  + (0.049332i)    cm-1
SOC between the T5 (ms=0) state and excited triplet states (ms=-1):
T6(ms=-1)     -0.044695  + (0.049332i)    cm-1
SOC between the T5 (ms=1) state and excited triplet states (ms=0):
T6(ms=0)      -0.044695  + (0.049332i)    cm-1
SOC between the T5 (ms=1) state and excited triplet states (ms=1):
T6(ms=1)      0.000000  + (-0.057616i)    cm-1
SOC between the T5 (ms=-1) state and excited triplet states (ms=0):
T6(ms=0)      0.044695  + (0.049332i)    cm-1
SOC between the T5 (ms=-1) state and excited triplet states (ms=-1):
T6(ms=-1)     0.000000  + (0.057616i)    cm-1
Total SOC between the T5 state and excited triplet states:
T6      0.156091    cm-1







=======================================================================================
         SPIN-ORBIT COUPLING BETWEEN EXCITED SINGLET STATES AND TRIPLET STATES
=======================================================================================

SOC between the S1 state and excited triplet states (ms=0):
T1(ms=0)      0.000000  +  0.097495i    cm-1
T2(ms=0)      0.000000  +  0.013378i    cm-1
T3(ms=0)      0.000000  +  -0.129989i    cm-1
T4(ms=0)      0.000000  +  0.009186i    cm-1
T5(ms=0)      0.000000  +  -0.246437i    cm-1
T6(ms=0)      0.000000  +  0.021572i    cm-1
SOC between the S1 state and excited triplet states (ms=1):
T1(ms=1)      (0.045236)  + (-0.078174i)    cm-1
T2(ms=1)      (0.005463)  + (0.014851i)    cm-1
T3(ms=1)      (-0.033086)  + (0.096615i)    cm-1
T4(ms=1)      (0.016780)  + (-0.009486i)    cm-1
T5(ms=1)      (-0.140166)  + (-0.182516i)    cm-1
T6(ms=1)      (0.018567)  + (0.017733i)    cm-1
SOC between the S1 state and excited triplet states (ms=-1):
T1(ms=-1)    -(0.045236)  + (-0.078174i)    cm-1
T2(ms=-1)    -(0.005463)  + (0.014851i)    cm-1
T3(ms=-1)    -(-0.033086)  + (0.096615i)    cm-1
T4(ms=-1)    -(0.016780)  + (-0.009486i)    cm-1
T5(ms=-1)    -(-0.140166)  + (-0.182516i)    cm-1
T6(ms=-1)    -(0.018567)  + (0.017733i)    cm-1
Total SOC between the S1 state and excited triplet states:
T1      0.160687    cm-1
T2      0.026072    cm-1
T3      0.194308    cm-1
T4      0.028766    cm-1
T5      0.408226    cm-1
T6      0.042234    cm-1



SOC between the S2 state and excited triplet states (ms=0):
T1(ms=0)      0.000000  +  -0.149305i    cm-1
T2(ms=0)      0.000000  +  0.050951i    cm-1
T3(ms=0)      0.000000  +  0.665528i    cm-1
T4(ms=0)      0.000000  +  -0.065122i    cm-1
T5(ms=0)      0.000000  +  0.026351i    cm-1
T6(ms=0)      0.000000  +  -0.525850i    cm-1
SOC between the S2 state and excited triplet states (ms=1):
T1(ms=1)      (-0.053207)  + (0.073507i)    cm-1
T2(ms=1)      (0.027056)  + (0.017394i)    cm-1
T3(ms=1)      (0.245837)  + (-0.605899i)    cm-1
T4(ms=1)      (-0.019864)  + (0.082073i)    cm-1
T5(ms=1)      (-0.013645)  + (0.000770i)    cm-1
T6(ms=1)      (-0.394532)  + (-0.442703i)    cm-1
SOC between the S2 state and excited triplet states (ms=-1):
T1(ms=-1)    -(-0.053207)  + (0.073507i)    cm-1
T2(ms=-1)    -(0.027056)  + (0.017394i)    cm-1
T3(ms=-1)    -(0.245837)  + (-0.605899i)    cm-1
T4(ms=-1)    -(-0.019864)  + (0.082073i)    cm-1
T5(ms=-1)    -(-0.013645)  + (0.000770i)    cm-1
T6(ms=-1)    -(-0.394532)  + (-0.442703i)    cm-1
Total SOC between the S2 state and excited triplet states:
T1      0.196877    cm-1
T2      0.068303    cm-1
T3      1.139309    cm-1
T4      0.136023    cm-1
T5      0.032680    cm-1
T6      0.989850    cm-1



SOC between the S3 state and excited triplet states (ms=0):
T1(ms=0)      0.000000  +  -0.001148i    cm-1
T2(ms=0)      0.000000  +  -0.232930i    cm-1
T3(ms=0)      0.000000  +  0.027540i    cm-1
T4(ms=0)      0.000000  +  0.156788i    cm-1
T5(ms=0)      0.000000  +  -0.229724i    cm-1
T6(ms=0)      0.000000  +  -0.013725i    cm-1
SOC between the S3 state and excited triplet states (ms=1):
T1(ms=1)      (0.003907)  + (-0.008213i)    cm-1
T2(ms=1)      (-0.109843)  + (0.208737i)    cm-1
T3(ms=1)      (0.005599)  + (-0.006769i)    cm-1
T4(ms=1)      (0.032166)  + (-0.056181i)    cm-1
T5(ms=1)      (0.210003)  + (-0.033162i)    cm-1
T6(ms=1)      (-0.002316)  + (0.010326i)    cm-1
SOC between the S3 state and excited triplet states (ms=-1):
T1(ms=-1)    -(0.003907)  + (-0.008213i)    cm-1
T2(ms=-1)    -(-0.109843)  + (0.208737i)    cm-1
T3(ms=-1)    -(0.005599)  + (-0.006769i)    cm-1
T4(ms=-1)    -(0.032166)  + (-0.056181i)    cm-1
T5(ms=-1)    -(0.210003)  + (-0.033162i)    cm-1
T6(ms=-1)    -(-0.002316)  + (0.010326i)    cm-1
Total SOC between the S3 state and excited triplet states:
T1      0.012913    cm-1
T2      0.406854    cm-1
T3      0.030213    cm-1
T4      0.181561    cm-1
T5      0.378385    cm-1
T6      0.020306    cm-1



SOC between the S4 state and excited triplet states (ms=0):
T1(ms=0)      0.000000  +  -0.010246i    cm-1
T2(ms=0)      0.000000  +  0.196427i    cm-1
T3(ms=0)      0.000000  +  -0.122298i    cm-1
T4(ms=0)      0.000000  +  -1.024493i    cm-1
T5(ms=0)      0.000000  +  -0.114993i    cm-1
T6(ms=0)      0.000000  +  0.382915i    cm-1
SOC between the S4 state and excited triplet states (ms=1):
T1(ms=1)      (-0.006157)  + (-0.000698i)    cm-1
T2(ms=1)      (0.062732)  + (-0.149256i)    cm-1
T3(ms=1)      (-0.045549)  + (0.106552i)    cm-1
T4(ms=1)      (-0.370912)  + (0.914843i)    cm-1
T5(ms=1)      (-0.029830)  + (0.094373i)    cm-1
T6(ms=1)      (-0.348773)  + (0.087743i)    cm-1
SOC between the S4 state and excited triplet states (ms=-1):
T1(ms=-1)    -(-0.006157)  + (-0.000698i)    cm-1
T2(ms=-1)    -(0.062732)  + (-0.149256i)    cm-1
T3(ms=-1)    -(-0.045549)  + (0.106552i)    cm-1
T4(ms=-1)    -(-0.370912)  + (0.914843i)    cm-1
T5(ms=-1)    -(-0.029830)  + (0.094373i)    cm-1
T6(ms=-1)    -(-0.348773)  + (0.087743i)    cm-1
Total SOC between the S4 state and excited triplet states:
T1      0.013483    cm-1
T2      0.301678    cm-1
T3      0.204482    cm-1
T4      1.731650    cm-1
T5      0.181151    cm-1
T6      0.636637    cm-1



SOC between the S5 state and excited triplet states (ms=0):
T1(ms=0)      0.000000  +  0.012118i    cm-1
T2(ms=0)      0.000000  +  0.006159i    cm-1
T3(ms=0)      0.000000  +  -0.141073i    cm-1
T4(ms=0)      0.000000  +  0.016833i    cm-1
T5(ms=0)      0.000000  +  -0.061287i    cm-1
T6(ms=0)      0.000000  +  -0.075382i    cm-1
SOC between the S5 state and excited triplet states (ms=1):
T1(ms=1)      (0.011126)  + (0.018390i)    cm-1
T2(ms=1)      (0.016011)  + (-0.027546i)    cm-1
T3(ms=1)      (-0.088620)  + (-0.124066i)    cm-1
T4(ms=1)      (0.005709)  + (0.022697i)    cm-1
T5(ms=1)      (-0.013354)  + (0.046611i)    cm-1
T6(ms=1)      (-0.028431)  + (0.065753i)    cm-1
SOC between the S5 state and excited triplet states (ms=-1):
T1(ms=-1)    -(0.011126)  + (0.018390i)    cm-1
T2(ms=-1)    -(0.016011)  + (-0.027546i)    cm-1
T3(ms=-1)    -(-0.088620)  + (-0.124066i)    cm-1
T4(ms=-1)    -(0.005709)  + (0.022697i)    cm-1
T5(ms=-1)    -(-0.013354)  + (0.046611i)    cm-1
T6(ms=-1)    -(-0.028431)  + (0.065753i)    cm-1
Total SOC between the S5 state and excited triplet states:
T1      0.032723    cm-1
T2      0.045477    cm-1
T3      0.257669    cm-1
T4      0.037134    cm-1
T5      0.091967    cm-1
T6      0.126277    cm-1



SOC between the S6 state and excited triplet states (ms=0):
T1(ms=0)      0.000000  +  -0.160388i    cm-1
T2(ms=0)      0.000000  +  0.036152i    cm-1
T3(ms=0)      0.000000  +  -0.014341i    cm-1
T4(ms=0)      0.000000  +  -0.037866i    cm-1
T5(ms=0)      0.000000  +  0.358753i    cm-1
T6(ms=0)      0.000000  +  -0.043217i    cm-1
SOC between the S6 state and excited triplet states (ms=1):
T1(ms=1)      (-0.125713)  + (-0.154615i)    cm-1
T2(ms=1)      (-0.061324)  + (0.036929i)    cm-1
T3(ms=1)      (-0.019632)  + (0.002893i)    cm-1
T4(ms=1)      (0.005852)  + (0.010136i)    cm-1
T5(ms=1)      (0.130287)  + (-0.324794i)    cm-1
T6(ms=1)      (-0.016001)  + (0.021595i)    cm-1
SOC between the S6 state and excited triplet states (ms=-1):
T1(ms=-1)    -(-0.125713)  + (-0.154615i)    cm-1
T2(ms=-1)    -(-0.061324)  + (0.036929i)    cm-1
T3(ms=-1)    -(-0.019632)  + (0.002893i)    cm-1
T4(ms=-1)    -(0.005852)  + (0.010136i)    cm-1
T5(ms=-1)    -(0.130287)  + (-0.324794i)    cm-1
T6(ms=-1)    -(-0.016001)  + (0.021595i)    cm-1
Total SOC between the S6 state and excited triplet states:
T1      0.324258    cm-1
T2      0.107498    cm-1
T3      0.031516    cm-1
T4      0.041325    cm-1
T5      0.611257    cm-1
T6      0.057554    cm-1






            *********SOC CODE ENDS HERE*********



 
 --------------------------------------------------------------
 
                    Orbital Energies (a.u.)
 --------------------------------------------------------------
 
 Alpha MOs
 -- Occupied --
-14.667 -14.667 -10.488 -10.488 -10.488 -10.488 -10.482 -10.482
-10.465 -10.465 -10.465 -10.465 -10.465 -10.465 -10.464 -10.463
-10.463 -10.463 -10.463 -10.462 -10.462 -10.462 -10.462 -10.462
-10.461 -10.460 -10.460 -10.460 -10.460 -10.460 -10.455 -10.454
-10.453 -10.452 -10.452 -10.452 -10.452 -10.451 -10.447 -10.447
-10.447 -10.447 -10.447 -10.447 -10.446 -10.446 -10.446 -10.445
-10.443 -10.443 -10.443 -10.443 -10.443 -10.443 -10.442 -10.442
-10.441 -10.441 -10.441 -10.440 -10.434 -10.434 -10.434 -10.434
-10.433 -10.433 -10.433 -10.432 -10.427 -10.427 -10.427 -10.426
-10.419 -10.418  -6.949  -6.947  -1.078  -1.078  -1.017  -1.016
 -0.964  -0.960  -0.959  -0.959  -0.958  -0.958  -0.938  -0.938
 -0.934  -0.934  -0.909  -0.901  -0.872  -0.871  -0.862  -0.858
 -0.854  -0.852  -0.849  -0.849  -0.848  -0.847  -0.837  -0.837
 -0.836  -0.835  -0.822  -0.815  -0.813  -0.805  -0.799  -0.798
 -0.768  -0.767  -0.763  -0.762  -0.735  -0.730  -0.727  -0.721
 -0.708  -0.706  -0.702  -0.702  -0.690  -0.681  -0.680  -0.680
 -0.680  -0.674  -0.667  -0.666  -0.650  -0.648  -0.643  -0.643
 -0.638  -0.637  -0.605  -0.605  -0.596  -0.594  -0.593  -0.590
 -0.586  -0.586  -0.585  -0.576  -0.575  -0.561  -0.560  -0.550
 -0.550  -0.544  -0.544  -0.540  -0.540  -0.537  -0.529  -0.525
 -0.520  -0.520  -0.516  -0.510  -0.508  -0.508  -0.503  -0.498
 -0.498  -0.497  -0.496  -0.494  -0.494  -0.490  -0.486  -0.485
 -0.484  -0.483  -0.482  -0.482  -0.481  -0.480  -0.480  -0.476
 -0.473  -0.471  -0.470  -0.469  -0.465  -0.465  -0.462  -0.459
 -0.458  -0.455  -0.445  -0.442  -0.440  -0.439  -0.439  -0.437
 -0.431  -0.426  -0.425  -0.424  -0.423  -0.423  -0.421  -0.421
 -0.418  -0.411  -0.411  -0.410  -0.405  -0.404  -0.400  -0.399
 -0.399  -0.396  -0.396  -0.395  -0.395  -0.394  -0.392  -0.391
 -0.385  -0.384  -0.380  -0.368  -0.358  -0.356  -0.352  -0.352
 -0.343  -0.341  -0.319  -0.313  -0.302  -0.301  -0.298  -0.297
 -0.296  -0.295  -0.293  -0.292  -0.284  -0.282  -0.280  -0.274
 -0.274  -0.262  -0.257  -0.256  -0.219  -0.218
 -- Virtual --
 -0.092  -0.059  -0.036  -0.029  -0.005   0.006   0.007   0.007
  0.009   0.009   0.009   0.010   0.017   0.030   0.030   0.037
  0.038   0.046   0.057   0.058   0.070   0.082   0.086   0.091
  0.123   0.130   0.138   0.140   0.142   0.145   0.147   0.149
  0.155   0.156   0.158   0.163   0.165   0.166   0.167   0.170
  0.177   0.180   0.182   0.184   0.186   0.187   0.189   0.192
  0.192   0.194   0.201   0.201   0.203   0.203   0.204   0.205
  0.206   0.208   0.212   0.212   0.213   0.214   0.215   0.215
  0.217   0.218   0.218   0.224   0.225   0.228   0.229   0.230
  0.231   0.236   0.237   0.237   0.239   0.239   0.240   0.240
  0.241   0.242   0.244   0.249   0.250   0.252   0.253   0.253
  0.254   0.254   0.259   0.259   0.262   0.266   0.268   0.275
  0.277   0.280   0.280   0.282   0.287   0.292   0.295   0.297
  0.298   0.299   0.304   0.306   0.307   0.310   0.312   0.314
  0.319   0.319   0.322   0.323   0.327   0.328   0.331   0.332
  0.333   0.334   0.334   0.336   0.337   0.342   0.348   0.348
  0.360   0.360   0.363   0.371   0.372   0.379   0.380   0.385
  0.389   0.393   0.400   0.402   0.403   0.414   0.418   0.420
  0.423   0.428   0.439   0.440   0.441   0.447   0.450   0.452
  0.454   0.454   0.459   0.460   0.464   0.466   0.468   0.470
  0.472   0.485   0.486   0.491   0.492   0.494   0.500   0.507
  0.513   0.517   0.521   0.525   0.527   0.527   0.527   0.528
  0.529   0.530   0.531   0.534   0.535   0.536   0.537   0.541
  0.541   0.542   0.544   0.545   0.547   0.548   0.554   0.556
  0.559   0.562   0.563   0.564   0.566   0.567   0.568   0.571
  0.573   0.576   0.576   0.579   0.580   0.580   0.582   0.583
  0.584   0.586   0.587   0.588   0.591   0.592   0.595   0.596
  0.598   0.598   0.599   0.602   0.603   0.604   0.606   0.607
  0.609   0.609   0.613   0.614   0.617   0.619   0.620   0.620
  0.620   0.621   0.621   0.622   0.624   0.627   0.627   0.627
  0.630   0.630   0.630   0.631   0.632   0.633   0.637   0.639
  0.648   0.649   0.650   0.651   0.652   0.653   0.654   0.654
  0.654   0.655   0.656   0.657   0.659   0.660   0.662   0.665
  0.668   0.671   0.675   0.680   0.683   0.685   0.686   0.687
  0.691   0.694   0.696   0.697   0.699   0.700   0.702   0.703
  0.704   0.705   0.705   0.707   0.708   0.712   0.715   0.717
  0.719   0.723   0.726   0.729   0.731   0.733   0.739   0.748
  0.750   0.752   0.755   0.758   0.759   0.760   0.761   0.767
  0.773   0.774   0.776   0.780   0.782   0.785   0.789   0.793
  0.795   0.797   0.799   0.802   0.804   0.809   0.810   0.810
  0.824   0.827   0.829   0.831   0.832   0.834   0.838   0.846
  0.853   0.854   0.860   0.861   0.868   0.874   0.878   0.882
  0.886   0.903   0.906   0.909   0.910   0.913   0.915   0.916
  0.918   0.924   0.927   0.940   0.944   0.945   0.946   0.948
  0.949   0.950   0.951   0.953   0.955   0.957   0.957   0.960
  0.960   0.962   0.963   0.963   0.965   0.969   0.971   0.972
  0.976   0.979   0.981   0.982   0.985   0.986   0.990   0.992
  0.994   0.999   1.000   1.002   1.006   1.008   1.011   1.011
  1.013   1.019   1.023   1.024   1.025   1.029   1.031   1.034
  1.035   1.038   1.041   1.043   1.046   1.050   1.055   1.057
  1.058   1.058   1.060   1.062   1.066   1.068   1.070   1.071
  1.073   1.075   1.078   1.079   1.080   1.083   1.083   1.087
  1.091   1.092   1.093   1.095   1.103   1.107   1.108   1.109
  1.110   1.112   1.118   1.122   1.126   1.127   1.128   1.133
  1.135   1.139   1.141   1.144   1.148   1.151   1.152   1.152
  1.156   1.160   1.164   1.166   1.169   1.173   1.181   1.185
  1.191   1.192   1.193   1.195   1.200   1.204   1.205   1.207
  1.209   1.213   1.220   1.223   1.225   1.236   1.244   1.247
  1.252   1.253   1.254   1.257   1.260   1.266   1.271   1.274
  1.280   1.281   1.286   1.288   1.289   1.292   1.292   1.293
  1.298   1.299   1.301   1.308   1.314   1.317   1.317   1.319
  1.320   1.322   1.328   1.332   1.340   1.344   1.346   1.350
  1.353   1.354   1.356   1.360   1.366   1.368   1.372   1.373
  1.377   1.377   1.387   1.392   1.399   1.400   1.409   1.409
  1.411   1.415   1.427   1.430   1.438   1.441   1.441   1.442
  1.445   1.452   1.456   1.457   1.470   1.473   1.476   1.482
  1.483   1.494   1.499   1.504   1.508   1.509   1.510   1.510
  1.511   1.515   1.517   1.517   1.522   1.524   1.526   1.531
  1.531   1.536   1.541   1.546   1.549   1.549   1.549   1.552
  1.552   1.556   1.558   1.559   1.559   1.561   1.566   1.569
  1.571   1.571   1.572   1.572   1.573   1.575   1.577   1.584
  1.587   1.590   1.594   1.601   1.603   1.604   1.607   1.610
  1.616   1.632   1.645   1.651   1.657   1.657   1.663   1.682
  1.690   1.702   1.703   1.709   1.743   1.745   1.745   1.746
  1.748   1.751   1.768   1.780   1.784   1.789   1.800   1.807
  1.808   1.809   1.811   1.814   1.815   1.816   1.829   1.829
  1.832   1.845   1.846   1.850   1.858   1.859   1.861   1.871
  1.877   1.880   1.893   1.893   1.894   1.895   1.897   1.905
  1.906   1.909   1.911   1.917   1.922   1.922   1.925   1.932
  1.934   1.937   1.941   1.944   1.946   1.950   1.951   1.954
  1.956   1.969   1.972   1.983   1.984   1.984   1.986   1.992
  1.994   1.997   2.004   2.009   2.012   2.013   2.017   2.026
  2.027   2.032   2.033   2.037   2.038   2.046   2.047   2.055
  2.064   2.069   2.072   2.072   2.074   2.075   2.075   2.082
  2.086   2.092   2.100   2.101   2.111   2.112   2.121   2.133
  2.140   2.147   2.148   2.153   2.154   2.155   2.156   2.159
  2.161   2.175   2.179   2.183   2.189   2.194   2.195   2.196
  2.203   2.203   2.204   2.204   2.205   2.211   2.212   2.217
  2.219   2.222   2.225   2.227   2.231   2.231   2.232   2.234
  2.235   2.244   2.250   2.252   2.252   2.260   2.261   2.262
  2.269   2.271   2.273   2.277   2.279   2.280   2.282   2.286
  2.291   2.292   2.293   2.301   2.304   2.309   2.317   2.320
  2.321   2.322   2.326   2.340   2.341   2.346   2.351   2.351
  2.358   2.359   2.359   2.365   2.369   2.371   2.371   2.375
  2.376   2.378   2.386   2.388   2.388   2.389   2.393   2.394
  2.395   2.395   2.404   2.410   2.411   2.413   2.416   2.417
  2.424   2.426   2.433   2.436   2.439   2.443   2.452   2.454
  2.457   2.457   2.467   2.474   2.480   2.481   2.484   2.487
  2.492   2.493   2.500   2.507   2.514   2.520   2.522   2.541
  2.554   2.568   2.573   2.582   2.613   2.614   2.615   2.630
  2.635   2.638   2.640   2.642   2.644   2.645   2.651   2.661
  2.664   2.668   2.684   2.684   2.687   2.688   2.692   2.694
  2.710   2.726   2.729   2.730   2.731   2.734   2.738   2.739
  2.740   2.749   2.752   2.754   2.754   2.756   2.759   2.761
  2.777   2.783   2.785   2.787   2.787   2.788   2.789   2.792
  2.792   2.793   2.799   2.803   2.806   2.810   2.814   2.815
  2.815   2.821   2.822   2.822   2.826   2.830   2.840   2.850
  2.852   2.856   2.858   2.859   2.871   2.875   2.893   2.901
  2.902   2.904   2.906   2.910   2.926   2.926   2.929   2.931
  2.938   2.940   2.956   2.978   2.985   3.007   3.008   3.010
  3.012   3.021   3.032   3.035   3.037   3.047   3.073   3.079
  3.084   3.095   3.117   3.147   3.150   3.238   3.255   3.257
  3.321   3.323   3.336   3.339   3.405   3.444   3.453   3.485
  3.487   3.492   3.494   3.496   3.514   3.515   3.551   3.559
  3.669   3.683   9.587   9.729  13.141  13.175  13.247  13.248
 13.280  13.280  13.446  13.496  13.511  13.525  13.544  13.546
 13.673  13.675  13.683  13.685  13.710  13.711  13.714  13.717
 13.727  13.730  13.734  13.790  13.794  13.805  13.859  13.864
 13.888  13.898  13.914  13.927  13.949  13.999  14.008  14.018
 14.034  14.044  14.123  14.152  14.154  14.155  14.157  14.161
 14.163  14.177  14.180  14.185  14.186  14.194  14.218  14.219
 14.221  14.261  14.264  14.267  14.307  14.311  14.336  14.342
 14.513  14.517  14.572  14.577  14.585  14.585  14.586  14.586
 14.588  14.588  14.601  14.604  19.692  19.692
 --------------------------------------------------------------
 
          Ground-State Mulliken Net Atomic Charges

     Atom                 Charge (a.u.)
  ----------------------------------------
      1 N                    -0.675067
      2 C                     0.292429
      3 C                    -0.272435
      4 H                     0.238318
      5 C                    -0.213383
      6 H                     0.217756
      7 C                    -0.237697
      8 H                     0.217445
      9 C                    -0.213732
     10 H                     0.220229
     11 C                    -0.278811
     12 H                     0.245688
     13 C                     0.291437
     14 C                    -0.273500
     15 H                     0.239138
     16 C                    -0.213211
     17 H                     0.217795
     18 C                    -0.237640
     19 H                     0.217429
     20 C                    -0.213836
     21 H                     0.220141
     22 C                    -0.277150
     23 H                     0.245135
     24 C                     0.306898
     25 C                    -0.361691
     26 H                     0.233607
     27 C                     0.061673
     28 C                    -0.361518
     29 H                     0.233823
     30 C                     0.060743
     31 C                    -0.225460
     32 C                    -0.761044
     33 H                     0.239547
     34 H                     0.244688
     35 H                     0.244776
     36 C                    -0.759586
     37 H                     0.239250
     38 H                     0.244486
     39 H                     0.243369
     40 B                     0.705001
     41 C                    -0.155340
     42 C                    -0.384973
     43 H                     0.231599
     44 C                     0.090149
     45 C                     0.107974
     46 C                    -0.387932
     47 H                     0.232365
     48 C                    -0.153633
     49 C                     0.198792
     50 C                    -0.379099
     51 H                     0.217379
     52 C                    -0.063134
     53 C                     0.252110
     54 C                     0.198115
     55 C                    -0.383071
     56 H                     0.217190
     57 C                    -0.204335
     58 H                     0.226597
     59 C                    -0.333385
     60 H                     0.220616
     61 C                    -0.335785
     62 H                     0.220796
     63 C                    -0.203465
     64 H                     0.226667
     65 C                    -0.153968
     66 C                    -0.383241
     67 H                     0.232263
     68 C                     0.089725
     69 C                     0.111060
     70 C                    -0.395005
     71 H                     0.229606
     72 C                    -0.154726
     73 C                     0.196127
     74 C                    -0.375946
     75 H                     0.217792
     76 C                    -0.062650
     77 C                     0.253796
     78 C                     0.196816
     79 C                    -0.384847
     80 H                     0.218531
     81 C                    -0.205575
     82 H                     0.226656
     83 C                    -0.333152
     84 H                     0.220576
     85 C                    -0.337261
     86 H                     0.220836
     87 C                    -0.202713
     88 H                     0.226561
     89 B                     0.706901
     90 C                    -0.220437
     91 C                     0.060373
     92 C                    -0.359654
     93 H                     0.233998
     94 C                     0.296802
     95 C                    -0.355043
     96 H                     0.233277
     97 C                     0.059090
     98 N                    -0.671974
     99 C                     0.303215
    100 C                    -0.280397
    101 H                     0.244851
    102 C                    -0.213401
    103 H                     0.219442
    104 C                    -0.239471
    105 H                     0.216513
    106 C                    -0.212109
    107 H                     0.217028
    108 C                    -0.282429
    109 H                     0.240476
    110 C                     0.284430
    111 C                    -0.276446
    112 H                     0.244958
    113 C                    -0.215350
    114 H                     0.220456
    115 C                    -0.236445
    116 H                     0.217882
    117 C                    -0.213994
    118 H                     0.218734
    119 C                    -0.268449
    120 H                     0.239700
    121 C                    -0.761845
    122 H                     0.239561
    123 H                     0.244683
    124 H                     0.244953
    125 C                    -0.761587
    126 H                     0.239903
    127 H                     0.244197
    128 H                     0.245108
  ----------------------------------------
  Sum of atomic charges =    -0.000000

 -----------------------------------------------------------------
                    Cartesian Multipole Moments
 -----------------------------------------------------------------
    Charge (ESU x 10^10)
                -0.0000
    Dipole Moment (Debye)
         X      -0.0549      Y      -0.2701      Z       0.0238
       Tot       0.2766
    Quadrupole Moments (Debye-Ang)
        XX    -387.4602     XY      -6.5414     YY    -426.1083
        XZ      17.4998     YZ     -19.8772     ZZ    -405.2168
    Octopole Moments (Debye-Ang^2)
       XXX   -5224.9875    XXY   -1738.2175    XYY   -2021.0578
       YYY   -5309.9600    XXZ    1579.3855    XYZ       1.2275
       YYZ    1406.5268    XZZ   -1950.6619    YZZ   -1567.5079
       ZZZ    4679.2350
    Hexadecapole Moments (Debye-Ang^3)
      XXXX  -93413.0084   XXXY  -32508.0506   XXYY  -30482.6185
      XYYY  -33778.2472   YYYY  -75895.3558   XXXZ   26652.6072
      XXYZ   10767.5594   XYYZ    9051.7253   YYYZ   32217.2867
      XXZZ  -27745.8187   XYZZ  -11335.9809   YYZZ  -22816.0020
      XZZZ   27007.9139   YZZZ   31912.7945   ZZZZ  -71331.1459
 -----------------------------------------------------------------
 -----------------------------------------------------------------
               TDA Excited-State Multipoles, State  1
 -----------------------------------------------------------------
    Charge (ESU x 10^10)
                -0.0000
    Dipole Moment (Debye)
         X      -0.0490      Y      -0.2877      Z       0.0513
       Tot       0.2963
    Quadrupole Moments (Debye-Ang)
        XX    -387.2406     XY     -10.3657     YY    -428.7798
        XZ      22.5077     YZ     -19.0893     ZZ    -406.0920
    Octopole Moments (Debye-Ang^2)
       XXX   -5224.6361    XXY   -1770.5720    XYY   -2062.9753
       YYY   -5344.6330    XXZ    1624.5691    XYZ      38.5773
       YYZ    1423.9922    XZZ   -1990.3427    YZZ   -1577.0223
       ZZZ    4687.8820
    Hexadecapole Moments (Debye-Ang^3)
      XXXX  -93480.4233   XXXY  -32803.2542   XXYY  -30831.1178
      XYYY  -34177.7711   YYYY  -76297.4354   XXXZ   27062.9551
      XXYZ   11099.6890   XYYZ    9359.9781   YYYZ   32446.3450
      XXZZ  -28107.7358   XYZZ  -11618.7629   YYZZ  -22963.2266
      XZZZ   27327.1260   YZZZ   32020.8014   ZZZZ  -71450.5407
 -----------------------------------------------------------------
 -----------------------------------------------------------------
               TDA Excited-State Multipoles, State  2
 -----------------------------------------------------------------
    Charge (ESU x 10^10)
                -0.0000
    Dipole Moment (Debye)
         X      -1.3708      Y      -0.8542      Z       0.1715
       Tot       1.6243
    Quadrupole Moments (Debye-Ang)
        XX    -378.7145     XY      54.6472     YY    -380.5952
        XZ     -57.1190     YZ     -48.2984     ZZ    -380.7884
    Octopole Moments (Debye-Ang^2)
       XXX   -5060.1285    XXY   -1157.3313    XYY   -1313.0848
       YYY   -4666.2494    XXZ     793.2205    XYZ    -691.6491
       YYZ     941.7959    XZZ   -1272.5411    YZZ   -1246.8785
       ZZZ    4464.0886
    Hexadecapole Moments (Debye-Ang^3)
      XXXX  -90958.5326   XXXY  -26253.3137   XXYY  -23865.0770
      XYYY  -26100.2787   YYYY  -67628.0515   XXXZ   17987.6456
      XXYZ    4104.7430   XYYZ    2429.8150   YYYZ   26374.4919
      XXZZ  -20850.0529   XYZZ   -5165.1762   YYZZ  -18575.0808
      XZZZ   20637.6044   YZZZ   28776.7159   ZZZZ  -68740.0706
 -----------------------------------------------------------------
 -----------------------------------------------------------------
               TDA Excited-State Multipoles, State  3
 -----------------------------------------------------------------
    Charge (ESU x 10^10)
                -0.0000
    Dipole Moment (Debye)
         X      -1.2808      Y      -0.7380      Z       0.0492
       Tot       1.4790
    Quadrupole Moments (Debye-Ang)
        XX    -376.9830     XY      57.8676     YY    -377.7257
        XZ     -60.7426     YZ     -50.5097     ZZ    -378.8467
    Octopole Moments (Debye-Ang^2)
       XXX   -5038.7916    XXY   -1125.9421    XYY   -1277.6291
       YYY   -4629.9103    XXZ     754.9326    XYZ    -725.4644
       YYZ     913.9684    XZZ   -1239.1832    YZZ   -1225.1569
       ZZZ    4446.0984
    Hexadecapole Moments (Debye-Ang^3)
      XXXX  -90700.4320   XXXY  -25920.7212   XXYY  -23532.3476
      XYYY  -25719.6270   YYYY  -67185.7708   XXXZ   17565.9361
      XXYZ    3775.2685   XYYZ    2103.3708   YYYZ   26048.8453
      XXZZ  -20506.1982   XYZZ   -4861.7812   YYZZ  -18325.2924
      XZZZ   20325.1979   YZZZ   28573.5835   ZZZZ  -68556.4440
 -----------------------------------------------------------------
 -----------------------------------------------------------------
               TDA Excited-State Multipoles, State  4
 -----------------------------------------------------------------
    Charge (ESU x 10^10)
                -0.0000
    Dipole Moment (Debye)
         X       0.0852      Y      -0.2076      Z      -0.0140
       Tot       0.2249
    Quadrupole Moments (Debye-Ang)
        XX    -381.0745     XY      -9.1614     YY    -425.6615
        XZ      22.5040     YZ     -21.9312     ZZ    -402.0974
    Octopole Moments (Debye-Ang^2)
       XXX   -5138.8046    XXY   -1740.2891    XYY   -2043.5930
       YYY   -5305.9126    XXZ    1608.0028    XYZ      25.1421
       YYZ    1389.1335    XZZ   -1974.4925    YZZ   -1539.5547
       ZZZ    4643.3782
    Hexadecapole Moments (Debye-Ang^3)
      XXXX  -92375.2357   XXXY  -32442.1265   XXYY  -30582.1619
      XYYY  -33962.7650   YYYY  -75886.2177   XXXZ   26881.6256
      XXYZ   10904.7634   XYYZ    9200.5903   YYYZ   32091.2479
      XXZZ  -27873.7197   XYZZ  -11473.3409   YYZZ  -22611.1189
      XZZZ   27181.7775   YZZZ   31636.5396   ZZZZ  -70983.1822
 -----------------------------------------------------------------
 -----------------------------------------------------------------
               TDA Excited-State Multipoles, State  5
 -----------------------------------------------------------------
    Charge (ESU x 10^10)
                -0.0000
    Dipole Moment (Debye)
         X       0.2906      Y       0.8210      Z      -1.3996
       Tot       1.6484
    Quadrupole Moments (Debye-Ang)
        XX    -362.1137     XY      71.3275     YY    -363.2707
        XZ     -74.1732     YZ     -63.5720     ZZ    -367.5886
    Octopole Moments (Debye-Ang^2)
       XXX   -4880.5776    XXY    -993.0822    XYY   -1146.4063
       YYY   -4475.3264    XXZ     619.8434    XYZ    -842.1926
       YYZ     790.0048    XZZ   -1121.8913    YZZ   -1115.2318
       ZZZ    4336.5613
    Hexadecapole Moments (Debye-Ang^3)
      XXXX  -89023.5873   XXXY  -24609.9403   XXYY  -22326.4469
      XYYY  -24410.5466   YYYY  -65523.8203   XXXZ   16145.6676
      XXYZ    2634.1303   XYYZ    1006.4910   YYYZ   24770.9428
      XXZZ  -19309.8117   XYZZ   -3852.0704   YYZZ  -17275.1841
      XZZZ   19281.8159   YZZZ   27618.8411   ZZZZ  -67608.5664
 -----------------------------------------------------------------
 -----------------------------------------------------------------
               TDA Excited-State Multipoles, State  6
 -----------------------------------------------------------------
    Charge (ESU x 10^10)
                -0.0000
    Dipole Moment (Debye)
         X       0.0970      Y       0.5943      Z      -1.1865
       Tot       1.3306
    Quadrupole Moments (Debye-Ang)
        XX    -363.0838     XY      72.1590     YY    -363.4022
        XZ     -75.4306     YZ     -62.9278     ZZ    -368.2163
    Octopole Moments (Debye-Ang^2)
       XXX   -4888.0338    XXY    -985.7995    XYY   -1134.5737
       YYY   -4469.8925    XXZ     605.7704    XYZ    -855.2270
       YYZ     787.9092    XZZ   -1109.2978    YZZ   -1117.3117
       ZZZ    4343.2436
    Hexadecapole Moments (Debye-Ang^3)
      XXXX  -89071.5327   XXXY  -24513.9798   XXYY  -22212.7658
      XYYY  -24266.7376   YYYY  -65403.9833   XXXZ   15978.3007
      XXYZ    2510.9717   XYYZ     877.3211   YYYZ   24700.6508
      XXZZ  -19181.4458   XYZZ   -3728.9382   YYZZ  -17242.6792
      XZZZ   19154.4437   YZZZ   27621.3108   ZZZZ  -67636.2938
 -----------------------------------------------------------------
 -----------------------------------------------------------------
               TDA Excited-State Multipoles, State  7
 -----------------------------------------------------------------
    Charge (ESU x 10^10)
                -0.0000
    Dipole Moment (Debye)
         X      -0.2874      Y      -0.4630      Z       0.1927
       Tot       0.5780
    Quadrupole Moments (Debye-Ang)
        XX    -385.1495     XY     -10.7018     YY    -427.5695
        XZ      23.3711     YZ     -19.7663     ZZ    -404.0557
    Octopole Moments (Debye-Ang^2)
       XXX   -5188.4205    XXY   -1757.8359    XYY   -2054.5508
       YYY   -5324.7581    XXZ    1616.5063    XYZ      33.8948
       YYZ    1408.6578    XZZ   -1983.1619    YZZ   -1560.3930
       ZZZ    4665.8370
    Hexadecapole Moments (Debye-Ang^3)
      XXXX  -92937.1286   XXXY  -32644.7753   XXYY  -30687.7844
      XYYY  -34058.0851   YYYY  -76067.9386   XXXZ   26992.3515
      XXYZ   10983.6776   XYYZ    9286.2378   YYYZ   32273.3625
      XXZZ  -27950.1083   XYZZ  -11555.9520   YYZZ  -22795.3837
      XZZZ   27264.3322   YZZZ   31832.0492   ZZZZ  -71191.3044
 -----------------------------------------------------------------
 -----------------------------------------------------------------
               TDA Excited-State Multipoles, State  8
 -----------------------------------------------------------------
    Charge (ESU x 10^10)
                -0.0000
    Dipole Moment (Debye)
         X      -0.0395      Y      -0.2284      Z      -0.0224
       Tot       0.2328
    Quadrupole Moments (Debye-Ang)
        XX    -390.8942     XY      -6.1717     YY    -427.2767
        XZ      16.1880     YZ     -18.5690     ZZ    -407.3684
    Octopole Moments (Debye-Ang^2)
       XXX   -5270.3618    XXY   -1750.7081    XYY   -2026.2148
       YYY   -5326.2807    XXZ    1582.2895    XYZ       3.3900
       YYZ    1422.9928    XZZ   -1953.8880    YZZ   -1586.8332
       ZZZ    4703.1249
    Hexadecapole Moments (Debye-Ang^3)
      XXXX  -94009.7489   XXXY  -32663.0926   XXYY  -30585.7367
      XYYY  -33845.1426   YYYY  -76062.4796   XXXZ   26680.6523
      XXYZ   10841.8946   XYYZ    9094.6229   YYYZ   32377.8000
      XXZZ  -27839.3655   XYZZ  -11370.0852   YYZZ  -22992.2489
      XZZZ   27034.1843   YZZZ   32118.7926   ZZZZ  -71590.2592
 -----------------------------------------------------------------
 -----------------------------------------------------------------
               TDA Excited-State Multipoles, State  9
 -----------------------------------------------------------------
    Charge (ESU x 10^10)
                -0.0000
    Dipole Moment (Debye)
         X      -0.0406      Y      -0.2855      Z       0.0528
       Tot       0.2932
    Quadrupole Moments (Debye-Ang)
        XX    -383.0512     XY     -13.9321     YY    -429.6816
        XZ      28.2229     YZ     -20.1141     ZZ    -404.2896
    Octopole Moments (Debye-Ang^2)
       XXX   -5165.4177    XXY   -1784.6546    XYY   -2096.5254
       YYY   -5357.7095    XXZ    1663.4005    XYZ      71.6034
       YYZ    1419.8907    XZZ   -2024.9983    YZZ   -1561.6969
       ZZZ    4666.1673
    Hexadecapole Moments (Debye-Ang^3)
      XXXX  -92755.0503   XXXY  -32862.8622   XXYY  -31050.3723
      XYYY  -34486.6248   YYYY  -76484.4550   XXXZ   27400.8650
      XXYZ   11347.8174   XYYZ    9608.0999   YYYZ   32469.5681
      XXZZ  -28374.1815   XYZZ  -11849.8189   YYZZ  -22885.1016
      XZZZ   27594.9183   YZZZ   31868.1657   ZZZZ  -71248.7549
 -----------------------------------------------------------------
 -----------------------------------------------------------------
               TDA Excited-State Multipoles, State 10
 -----------------------------------------------------------------
    Charge (ESU x 10^10)
                -0.0000
    Dipole Moment (Debye)
         X      -0.2081      Y      -0.2120      Z      -0.0814
       Tot       0.3080
    Quadrupole Moments (Debye-Ang)
        XX    -376.8794     XY     -17.1419     YY    -427.5854
        XZ      33.7563     YZ     -23.6079     ZZ    -398.6004
    Octopole Moments (Debye-Ang^2)
       XXX   -5072.3538    XXY   -1780.7163    XYY   -2114.4213
       YYY   -5335.6161    XXZ    1686.4164    XYZ      93.8891
       YYZ    1387.1046    XZZ   -2045.5117    YZZ   -1515.2995
       ZZZ    4604.3491
    Hexadecapole Moments (Debye-Ang^3)
      XXXX  -91509.4615   XXXY  -32737.5109   XXYY  -31074.8923
      XYYY  -34619.3027   YYYY  -76321.7838   XXXZ   27620.7755
      XXYZ   11426.5852   XYYZ    9741.7985   YYYZ   32213.1792
      XXZZ  -28422.2980   XYZZ  -11983.4979   YYZZ  -22529.3065
      XZZZ   27759.3544   YZZZ   31398.4401   ZZZZ  -70632.7123
 -----------------------------------------------------------------
 -----------------------------------------------------------------
               TDA Excited-State Multipoles, State 11
 -----------------------------------------------------------------
    Charge (ESU x 10^10)
                -0.0000
    Dipole Moment (Debye)
         X      -1.3028      Y      -0.7849      Z       0.0819
       Tot       1.5232
    Quadrupole Moments (Debye-Ang)
        XX    -395.8504     XY      82.2330     YY    -369.8283
        XZ     -96.3090     YZ     -48.7012     ZZ    -386.6572
    Octopole Moments (Debye-Ang^2)
       XXX   -5300.6715    XXY    -998.2545    XYY   -1046.4239
       YYY   -4512.9907    XXZ     491.1712    XYZ    -958.4888
       YYZ     885.8846    XZZ   -1008.6391    YZZ   -1269.3459
       ZZZ    4546.2223
    Hexadecapole Moments (Debye-Ang^3)
      XXXX  -93858.0824   XXXY  -24920.7040   XXYY  -21838.2590
      XYYY  -23451.2048   YYYY  -65482.2021   XXXZ   14997.6068
      XXYZ    1921.5428   XYYZ     182.9083   YYYZ   25307.7719
      XXZZ  -18612.0604   XYZZ   -3077.3419   YYZZ  -18246.2215
      XZZZ   18375.1344   YZZZ   29020.7107   ZZZZ  -69421.5440
 -----------------------------------------------------------------
 -----------------------------------------------------------------
               TDA Excited-State Multipoles, State 12
 -----------------------------------------------------------------
    Charge (ESU x 10^10)
                -0.0000
    Dipole Moment (Debye)
         X       0.1961      Y       0.6684      Z      -1.2598
       Tot       1.4396
    Quadrupole Moments (Debye-Ang)
        XX    -381.4649     XY      96.0397     YY    -355.5630
        XZ    -110.3283     YZ     -61.3219     ZZ    -375.9176
    Octopole Moments (Debye-Ang^2)
       XXX   -5146.0610    XXY    -862.1752    XYY    -909.5635
       YYY   -4356.3481    XXZ     349.4782    XYZ   -1081.4653
       YYZ     761.8060    XZZ    -885.1650    YZZ   -1161.5855
       ZZZ    4441.3631
    Hexadecapole Moments (Debye-Ang^3)
      XXXX  -92204.4585   XXXY  -23565.7503   XXYY  -20577.6333
      XYYY  -22069.5600   YYYY  -63761.7045   XXXZ   13495.9386
      XXYZ     719.1377   XYYZ    -979.7775   YYYZ   23998.4006
      XXZZ  -17350.7646   XYZZ   -2005.2819   YYZZ  -17186.4699
      XZZZ   17267.5464   YZZZ   28077.0914   ZZZZ  -68502.5178
 -----------------------------------------------------------------
Archival summary:
1\1\ctcp044\SP\ProcedureUnspecified\BasisUnspecified\272252\mewes\WedOct1704:26:022018WedOct1704:26:022018\0\\#,ProcedureUnspecified,BasisUnspecified,\\0,1\N\C,1,1.4036\C,2,1.39433,1,120.692\H,3,1.08224,2,119.637,1,-0.207171,0\C,3,1.38504,2,120.264,1,179.872,0\H,5,1.08235,3,119.325,2,-179.957,0\C,5,1.38728,3,120.691,2,0.993531,0\H,7,1.08171,5,120.433,3,179.422,0\C,7,1.38714,5,119.136,3,-0.588906,0\H,9,1.08243,7,120.089,5,-179.537,0\C,9,1.38441,7,120.592,5,-0.410472,0\H,11,1.08248,9,119.899,7,-179.237,0\C,1,1.40397,2,119.739,3,139.257,0\C,13,1.39404,1,120.534,2,137.555,0\H,14,1.08212,13,119.583,1,-0.336334,0\C,14,1.3847,13,120.352,1,179.601,0\H,16,1.08236,14,119.367,13,-179.881,0\C,16,1.38702,14,120.601,13,1.06943,0\H,18,1.08176,16,120.45,14,179.454,0\C,18,1.38712,16,119.152,14,-0.526456,0\H,20,1.08244,18,120.033,16,-179.603,0\C,20,1.38475,18,120.66,16,-0.531028,0\H,22,1.08246,20,119.917,18,-179.125,0\C,1,1.40763,2,120.249,3,-42.5479,0\C,24,1.39026,1,120.678,2,-41.3642,0\H,25,1.08379,24,119.548,1,-0.437195,0\C,25,1.38843,24,120.764,1,179.508,0\C,24,1.39057,1,120.331,2,138.741,0\H,28,1.08396,24,119.48,1,-0.643817,0\C,28,1.38733,24,120.854,1,179.5,0\C,27,1.3998,25,120.287,24,0.926107,0\C,30,1.50292,28,119.756,24,-179.704,0\H,32,1.08952,30,111.724,28,-2.43139,0\H,32,1.09221,30,111.502,28,-122.75,0\H,32,1.09223,30,111.353,28,117.751,0\C,27,1.5031,25,119.766,24,179.968,0\H,36,1.08936,27,111.713,25,1.27986,0\H,36,1.09206,27,111.415,25,121.542,0\H,36,1.09219,27,111.402,25,-118.992,0\B,31,1.57111,27,120.911,25,179.633,0\C,40,1.55132,31,120.091,27,-91.8688,0\C,41,1.39589,40,119.768,31,0.837906,0\H,42,1.08503,41,119.745,40,0.398733,0\C,42,1.38123,41,119.842,40,-179.506,0\C,44,1.41208,42,120.441,41,-0.086083,0\C,45,1.38323,44,120.038,42,-0.05949,0\H,46,1.08389,45,120.344,44,-179.873,0\C,46,1.39823,45,120.036,44,0.097939,0\C,44,1.4626,42,131.098,41,179.922,0\C,49,1.37046,44,135.313,42,0.246949,0\H,50,1.08316,49,121.997,44,-0.063133,0\C,49,1.40648,44,106.016,42,-179.971,0\C,52,1.39063,49,124.062,44,-179.816,0\C,52,1.40739,49,111.439,44,-0.057131,0\C,54,1.36961,52,118.27,49,-179.761,0\H,55,1.0826,54,121.878,52,-179.987,0\C,50,1.41476,49,118.548,44,179.839,0\H,57,1.08238,50,118.541,49,179.995,0\C,57,1.37498,50,122.371,49,-0.088481,0\H,59,1.08321,57,119.79,50,-179.951,0\C,53,1.41491,52,116.045,49,179.741,0\H,61,1.08318,53,120.01,52,-179.947,0\C,61,1.3749,53,120.034,52,-0.010028,0\H,63,1.08198,61,118.961,53,-179.998,0\C,40,1.55428,31,120.389,27,88.8323,0\C,65,1.39438,40,119.499,31,-0.740247,0\H,66,1.08495,65,119.551,40,-0.101208,0\C,66,1.38135,65,119.901,40,179.825,0\C,68,1.41152,66,120.634,65,-0.019736,0\C,69,1.38539,68,119.783,66,-0.174938,0\H,70,1.08448,69,120.548,68,-179.799,0\C,70,1.39851,69,120.092,68,0.246391,0\C,68,1.45868,66,130.727,65,179.968,0\C,73,1.36962,68,134.888,66,0.142191,0\H,74,1.08324,73,121.949,68,0.024289,0\C,73,1.40608,68,106.094,66,-179.832,0\C,76,1.38924,73,123.919,68,179.876,0\C,76,1.4082,73,111.314,68,-0.079329,0\C,78,1.36904,76,118.167,73,179.895,0\H,79,1.08264,78,121.848,76,-179.984,0\C,74,1.4141,73,118.322,68,-179.939,0\H,81,1.08224,74,118.612,73,-179.98,0\C,81,1.3754,74,122.323,73,0.032503,0\H,83,1.08303,81,119.71,74,179.991,0\C,77,1.41529,76,115.856,73,-179.873,0\H,85,1.08295,77,120.091,76,179.923,0\C,85,1.37526,77,120.035,76,-0.014012,0\H,87,1.08195,85,118.965,77,179.942,0\B,72,1.55571,70,120.598,69,179.793,0\C,89,1.56964,72,121.512,70,-0.413785,0\C,90,1.39838,89,120.309,72,93.6936,0\C,91,1.38823,90,120.1,89,175.536,0\H,92,1.0836,91,119.539,90,-178.56,0\C,92,1.38972,91,120.736,90,1.18221,0\C,94,1.39105,92,119.18,91,0.172523,0\H,95,1.08358,94,119.56,92,179.409,0\C,95,1.38772,94,120.672,92,-1.48743,0\N,94,1.40761,92,120.401,91,-179.327,0\C,98,1.4024,94,119.897,92,132.026,0\C,99,1.39481,98,120.392,94,146.521,0\H,100,1.08225,99,119.651,98,-0.377815,0\C,100,1.38433,99,120.255,98,179.682,0\H,102,1.08224,100,119.26,99,-179.921,0\C,102,1.38736,100,120.702,99,1.07909,0\H,104,1.08161,102,120.476,100,179.33,0\C,104,1.38696,102,119.107,100,-0.590329,0\H,106,1.08251,104,120.056,102,-179.647,0\C,106,1.38427,104,120.669,102,-0.498759,0\H,108,1.08225,106,119.955,104,-179.091,0\C,98,1.4052,94,119.047,92,-39.6669,0\C,110,1.3933,98,120.964,94,131.39,0\H,111,1.08241,110,119.681,98,0.563762,0\C,111,1.38529,110,120.194,98,-179.108,0\H,113,1.08229,111,119.312,110,179.815,0\C,113,1.38698,111,120.614,110,0.9104,0\H,115,1.08165,113,120.384,111,179.385,0\C,115,1.38772,113,119.237,111,-0.455351,0\H,117,1.08232,115,120.084,113,-179.825,0\C,117,1.38405,115,120.534,113,-0.478055,0\H,119,1.08253,117,120.212,115,-179.597,0\C,97,1.50343,95,120.337,94,-178.543,0\H,121,1.08934,97,111.931,95,0.105086,0\H,121,1.09217,97,111.519,95,-120.509,0\H,121,1.09291,97,111.226,95,120.268,0\C,91,1.5042,90,119.768,89,-2.75643,0\H,125,1.08928,91,111.797,90,-176.641,0\H,125,1.09223,91,111.473,90,-56.315,0\H,125,1.09261,91,111.434,90,63.0251,0\\\@

 Total job time:  18147.54s(wall), 69189.57s(cpu) 
 Wed Oct 17 04:26:02 2018

        *************************************************************
        *                                                           *
        *  Thank you very much for using Q-Chem.  Have a nice day.  *
        *                                                           *
        *************************************************************


0 sent ACK to 0 
now end server 0 ... 
