mFile = /cm/shared/apps/q-chem/intel/QCHEM_5.0.1_Trunk/bin/mpi/machines
Process 0 of 1 is on ctcp012 - thread support 0
initial socket setup ...start
initial socket setup ...done 
now start server 0 ... 
ctcp012.cm.cluster 10.141.0
Q-Chem Developer Version! Running on 10.141.0.*
                  Welcome to Q-Chem
     A Quantum Leap Into The Future Of Chemistry


 Q-Chem 5.0, Q-Chem, Inc., Pleasanton, CA (2017)

 Yihan Shao,  Zhengting Gan,  E. Epifanovsky,  A. T. B. Gilbert,  M. Wormit,  
 J. Kussmann,  A. W. Lange,  A. Behn,  Jia Deng,  Xintian Feng,  D. Ghosh,  
 M. Goldey,  P. R. Horn,  L. D. Jacobson,  I. Kaliman,  T. Kus,  A. Landau,  
 Jie Liu,  E. I. Proynov,  R. M. Richard,  R. P. Steele,  E. J. Sundstrom,  
 H. L. Woodcock III,  P. M. Zimmerman,  D. Zuev,  B. Albrecht,  E. Alguire,  
 S. A. Baeppler,  Z. Benda,  Y. A. Bernard,  E. J. Berquist,  K. B. Bravaya,  
 D. Casanova,  Chun-Min Chang,  Yunqing Chen,  A. Chien,  K. D. Closser,  
 M. P. Coons,  S. Dasgupta,  M. Diedenhofen,  Hainam Do,  R. G. Edgar,  
 Po-Tung Fang,  S. Fatehi,  Qingguo Feng,  Qinghui Ge,  A. Ghysels,  
 J. Gomes,  J. Gonthier,  A. Gunina,  M. W. D. Hanson-Heine,  
 P. H. P. Harbach,  A. W. Hauser,  J. E. Herr,  E. G. Hohenstein,  
 Z. C. Holden,  Kerwin Hui,  T.-C. Jagau,  Hyunjun Ji,  B. Kaduk,  
 K. Khistyaev,  Jaehoon Kim,  P. Klunzinger,  K. Koh,  D. Kosenkov,  
 T. Kowalczyk,  C. M. Krauter,  A. Kunitsa,  Ka Un Lao,  A. Laurent,  
 K. V. Lawler,  Joonho Lee,  D. Lefrancois,  S. Lehtola,  D. S. Levine,  
 Yi-Pei Li,  You-Sheng Lin,  Fenglai Liu,  E. Livshits,  A. Luenser,  
 P. Manohar,  E. Mansoor,  S. F. Manzer,  Shan-Ping Mao,  Yuezhi Mao,  
 N. Mardirossian,  A. V. Marenich,  L. A. Martinez-Martinez,  S. A. Maurer,  
 N. J. Mayhall,  S. C. McKenzie,  J.-M. Mewes,  A. F. Morrison,  K. Nanda,  
 T. S. Nguyen-Beck,  R. Olivares-Amaya,  J. A. Parkhill,  T. M. Perrine,  
 F. Plasser,  S. Prager,  A. Prociuk,  D. R. Rehn,  F. Rob,  M. Schneider,  
 N. Sergueev,  S. M. Sharada,  S. Sharma,  D. W. Small,  T. Stauch,  
 T. Stein,  Yu-Chuan Su,  A. J. W. Thom,  T. Tsuchimochi,  L. Vogt,  
 O. Vydrov,  M. A. Watson,  J. Wenzel,  M. de Wergifosse,  T. A. Wesolowski,  
 A. White,  J. Witte,  A. Yamada,  Jun Yang,  K. Yao,  S. Yeganeh,  
 S. R. Yost,  Zhi-Qiang You,  A. Zech,  Igor Ying Zhang,  Xing Zhang,  
 Yan Zhao,  Ying Zhu,  B. R. Brooks,  G. K. L. Chan,  C. J. Cramer,  
 M. S. Gordon,  W. J. Hehre,  A. Klamt,  M. W. Schmidt,  C. D. Sherrill,  
 D. G. Truhlar,  A. Aspuru-Guzik,  R. Baer,  A. T. Bell,  N. A. Besley,  
 Jeng-Da Chai,  A. Dreuw,  B. D. Dunietz,  T. R. Furlani,  Chao-Ping Hsu,  
 Yousung Jung,  Jing Kong,  D. S. Lambrecht,  WanZhen Liang,  C. Ochsenfeld,  
 V. A. Rassolov,  L. V. Slipchenko,  J. E. Subotnik,  T. Van Voorhis,  
 J. M. Herbert,  A. I. Krylov,  P. M. W. Gill,  M. Head-Gordon

 Contributors to earlier versions of Q-Chem not listed above: 
 R. D. Adamson,  B. Austin,  J. Baker,  G. J. O. Beran,  K. Brandhorst,  
 S. T. Brown,  E. F. C. Byrd,  A. K. Chakraborty,  C.-L. Cheng,  
 Siu Hung Chien,  D. M. Chipman,  D. L. Crittenden,  H. Dachsel,  
 R. A. DiStasio Jr.,  R. J. Doerksen,  A. D. Dutoi,  L. Fusti-Molnar,  
 W. A. Goddard III,  A. Golubeva-Zadorozhnaya,  S. R. Gwaltney,  G. Hawkins,  
 A. Heyden,  S. Hirata,  G. Kedziora,  F. J. Keil,  C. Kelley,  Jihan Kim,  
 R. A. King,  R. Z. Khaliullin,  P. P. Korambath,  W. Kurlancheek,  
 A. M. Lee,  M. S. Lee,  S. V. Levchenko,  Ching Yeh Lin,  D. Liotard,  
 R. C. Lochan,  I. Lotan,  P. E. Maslen,  N. Nair,  D. P. O'Neill,  
 D. Neuhauser,  E. Neuscamman,  C. M. Oana,  R. Olson,  B. Peters,  
 R. Peverati,  P. A. Pieniazek,  Y. M. Rhee,  J. Ritchie,  M. A. Rohrdanz,  
 E. Rosta,  N. J. Russ,  H. F. Schaefer III,  N. E. Schultz,  N. Shenvi,  
 A. C. Simmonett,  A. Sodt,  D. Stuck,  K. S. Thanthiriwatte,  V. Vanovschi,  
 Tao Wang,  A. Warshel,  C. F. Williams,  Q. Wu,  X. Xu,  W. Zhang

 Please cite Q-Chem as follows:
 Y. Shao et al., Mol. Phys. 113, 184-215 (2015)
 DOI: 10.1080/00268976.2014.952696

 Q-Chem 5.0.1 for Intel X86 EM64T Linux

 Parts of Q-Chem use Armadillo 5.200.1 (Boston Tea Smuggler).
 http://arma.sourceforge.net/

 Q-Chem begins on Sun Oct 21 19:47:43 2018  

Host: ctcp012
0

     Scratch files written to /scratch/mewes/138021/qchem95781//
 Parallel job on  1  processors
The previous job contains 0 fragments, simply inherited here
Symmetry turned off for PCM/SM12/SMD calculation

Checking the input file for inconsistencies... 	...done.

--------------------------------------------------------------
User input:
--------------------------------------------------------------
$rem
threads 8
jobtype opt
method PBEh-3c
basis def2-mSVP
mem_static      1024
mem_total       8000
sym_ignore      true
unrestricted true
scf_algorithm	diis
scf_max_cycles	2500
solvent_method  pcm
geom_opt_tol_energy 25
geom_opt_tol_gradient 75
$end

$pcm
theory  iefpcm
$end

$solvent
dielectric      8.93
$end

$molecule
read uincoords.mol
$end
--------------------------------------------------------------
 Adding empirical dispersion correction 
 ----------------------------------------------------------------
 Doing -D3(BJ) with
 s6 =   1.00000
 s8 =   0.00000
 a1 =   0.48600
 a2 =   4.50000
 -D3 energy including 3body term =     -0.1323330163 hartrees
 ----------------------------------------------------------------
 Adding gCP correction 
 ----------------------------------------------------------------
 gCP energy =      0.1777523770 hartrees
 ----------------------------------------------------------------
             Standard Nuclear Orientation (Angstroms)
    I     Atom           X                Y                Z
 ----------------------------------------------------------------
    1      C      -4.9285570000    -0.1907870000     4.4172930000
    2      C      -5.5328860000    -0.6844620000     3.2658710000
    3      C      -4.7837150000    -0.8565340000     2.0920530000
    4      C      -3.4245110000    -0.5135550000     2.0900120000
    5      C      -2.8264910000    -0.0185460000     3.2463330000
    6      C      -3.5863960000     0.1300340000     4.3880730000
    7      N      -2.9520770000     0.5801640000     5.6037900000
    8      C      -6.9844200000    -1.0671770000     3.2943760000
    9      C      -2.5882200000    -0.6846930000     0.8497020000
   10      C      -2.4379880000    -0.3910320000     6.4268550000
   11      C      -1.7845280000    -0.0910990000     7.6391220000
   12      C      -3.4925610000     2.8241080000     4.9207030000
   13      C      -2.9216880000     1.9306450000     5.8471420000
   14      C      -3.4742560000     4.1745150000     5.1523100000
   15      C      -2.8924040000     4.7025380000     6.3101180000
   16      C      -2.3267940000     3.8547110000     7.2280110000
   17      C      -2.3331310000     2.4750760000     7.0075890000
   18      C      -2.5533160000    -1.7477610000     6.0650530000
   19      C      -2.0386210000    -2.7309720000     6.8686910000
   20      C      -1.3847100000    -2.4192900000     8.0657690000
   21      C      -1.2623130000    -1.1067510000     8.4445930000
   22      C      -6.9139800000    -1.3666190000    -1.2769670000
   23      C      -6.3130430000    -0.7120390000    -0.1557420000
   24      B      -5.4756070000    -1.5325550000     0.8262510000
   25      C      -5.3056890000    -3.0425850000     0.6351730000
   26      C      -5.9039940000    -3.6847810000    -0.4949380000
   27      B      -6.7304310000    -2.8767820000    -1.4989810000
   28      C      -4.5731020000    -3.8232740000     1.5523360000
   29      C      -4.4216520000    -5.1764050000     1.3702370000
   30      C      -5.0126360000    -5.8085950000     0.2359380000
   31      C      -5.7341460000    -5.0684630000    -0.6685160000
   32      C      -7.6833850000    -0.6120640000    -2.1759940000
   33      C      -7.8720720000     0.7345360000    -1.9845400000
   34      C      -7.2804120000     1.3956540000    -0.8690980000
   35      C      -6.5157820000     0.6733160000     0.0175290000
   36      C      -2.9964080000    -6.2365870000     3.3041160000
   37      C      -2.4810990000    -7.4731790000     3.7515110000
   38      C      -2.6897400000    -8.6527950000     3.0746610000
   39      C      -3.4450900000    -8.6557830000     1.8782590000
   40      C      -3.9385690000    -7.4218510000     1.4610800000
   41      C      -3.7359450000    -6.2057700000     2.1472530000
   42      C      -3.7549020000    -9.7666130000     1.0557890000
   43      C      -4.5039750000    -9.5896840000    -0.0846070000
   44      C      -4.9912810000    -8.3265230000    -0.4865190000
   45      C      -4.7068710000    -7.2317870000     0.2937940000
   46      C      -8.0016870000     5.1526300000    -0.5869610000
   47      C      -7.4285370000     3.9261820000    -0.1806200000
   48      C      -7.6630330000     2.8056770000    -0.9372600000
   49      C      -8.4714440000     2.9429830000    -2.0863610000
   50      C      -9.0525270000     4.1339550000    -2.5102280000
   51      C      -8.7888310000     5.2707650000    -1.7094580000
   52      C      -8.6269950000     1.7105990000    -2.7528690000
   53      C      -9.3969500000     1.6666300000    -3.8887960000
   54      C      -9.9969600000     2.8622000000    -4.3405840000
   55      C      -9.8394810000     4.0625770000    -3.6863730000
   56      C      -9.3057400000    -4.4300910000    -3.9615640000
   57      C      -8.7359290000    -3.9349430000    -2.7930140000
   58      C      -7.3867310000    -3.5568840000    -2.7708620000
   59      C      -6.6233380000    -3.7148410000    -3.9392190000
   60      C      -7.2088760000    -4.2124780000    -5.0972860000
   61      C      -8.5492330000    -4.5586230000    -5.1102410000
   62      N      -9.1545750000    -5.0286400000    -6.3137720000
   63      C      -9.5922900000    -3.8523240000    -1.5577690000
   64      C      -5.1714280000    -3.3273830000    -3.9561000000
   65      C      -9.6752860000    -4.0689010000    -7.1856640000
   66      C      -9.5592520000    -2.7098990000    -6.8830970000
   67      C      -9.7262030000    -6.9821870000    -7.6836730000
   68      C      -9.1449320000    -6.4048670000    -6.5483960000
   69      C      -9.6801010000    -8.3530930000    -7.8831290000
   70      C      -9.0710900000    -9.1952730000    -6.9682100000
   71      C      -8.5012580000    -8.6393690000    -5.8391080000
   72      C      -8.5363570000    -7.2690820000    -5.6343780000
   73      C     -10.3212780000    -4.4067200000    -8.3811870000
   74      C     -10.8213330000    -3.4210050000    -9.2179000000
   75      C     -10.7009480000    -2.0783880000    -8.9016440000
   76      C     -10.0636720000    -1.7322670000    -7.7257440000
   77      H      -5.4999490000    -0.0796580000     5.3317950000
   78      H      -1.7710900000     0.2291640000     3.2532830000
   79      H      -7.1150600000    -2.1117750000     3.0079290000
   80      H      -7.5616420000    -0.4781340000     2.5809810000
   81      H      -7.4218100000    -0.9283190000     4.2827270000
   82      H      -2.8577920000    -1.6233900000     0.3622660000
   83      H      -1.5355170000    -0.7751950000     1.1304620000
   84      C      -2.7498500000     0.4649270000    -0.1419720000
   85      H      -3.9484610000     2.4400010000     4.0217150000
   86      H      -3.9191290000     4.8362050000     4.4232150000
   87      H      -2.8876990000     5.7687140000     6.4824860000
   88      H      -1.8711600000     4.2462140000     8.1282860000
   89      H      -3.0521200000    -2.0173100000     5.1477360000
   90      H      -2.1452160000    -3.7626530000     6.5655660000
   91      H      -0.9804750000    -3.2039570000     8.6883920000
   92      H      -0.7624230000    -0.8481810000     9.3690740000
   93      H      -4.1230940000    -3.3487330000     2.4182430000
   94      H      -6.1851330000    -5.5540650000    -1.5290790000
   95      H      -8.1367340000    -1.1061920000    -3.0294810000
   96      H      -6.0594510000     1.1737270000     0.8664460000
   97      H      -2.7992080000    -5.3371260000     3.8744100000
   98      H      -1.8976380000    -7.4931960000     4.6634790000
   99      H      -2.2751470000    -9.5781550000     3.4557420000
  100      H      -3.4027930000   -10.7554590000     1.3232750000
  101      H      -4.7308120000   -10.4500920000    -0.7017370000
  102      H      -5.5754070000    -8.2445700000    -1.3948840000
  103      H      -7.8132830000     6.0338740000     0.0130760000
  104      H      -6.8206400000     3.8900960000     0.7147800000
  105      H      -9.2073120000     6.2327660000    -1.9786690000
  106      H      -9.5548250000     0.7450260000    -4.4362890000
  107      H     -10.6052950000     2.8289460000    -5.2356860000
  108      H     -10.3208230000     4.9532720000    -4.0710260000
  109      H     -10.3535950000    -4.7090500000    -3.9853230000
  110      H      -6.6268470000    -4.3180410000    -6.0060260000
  111      H     -10.6310610000    -3.6723710000    -1.8474130000
  112      H      -9.2929160000    -2.9976090000    -0.9469140000
  113      C      -9.5180360000    -5.1296330000    -0.7249580000
  114      H      -4.7374310000    -3.4550440000    -4.9475090000
  115      H      -4.5905340000    -3.9300540000    -3.2559950000
  116      H      -5.0345540000    -2.2851410000    -3.6619720000
  117      H      -9.0631570000    -2.4066510000    -5.9733260000
  118      H     -10.1363610000    -8.7671200000    -8.7747980000
  119      H      -9.0471770000   -10.2622540000    -7.1421280000
  120      H      -8.0191070000    -9.2667780000    -5.1012860000
  121      H      -8.0785860000    -6.8669000000    -4.7430770000
  122      H     -11.3156340000    -3.7167740000   -10.1358800000
  123      H     -11.0986290000    -1.3248490000    -9.5672080000
  124      H      -9.9465630000    -0.6926210000    -7.4498270000
  125      H      -9.8364690000    -5.9952040000    -1.3078720000
  126      H     -10.1612840000    -5.0638410000     0.1535060000
  127      H      -8.5013860000    -5.3149580000    -0.3801340000
  128      H      -2.1077600000     0.3128010000    -1.0094600000
  129      H      -2.4799160000     1.4209620000     0.3088950000
  130      H      -3.7748400000     0.5393400000    -0.5006750000
  131      S     -10.5719090000    -6.0611440000    -8.9159710000
  132      S      -1.5821420000     1.5131390000     8.2172710000
 ----------------------------------------------------------------
 Nuclear Repulsion Energy = 12482.7116445930 hartrees
 There are      277 alpha and      275 beta electrons
 Requested basis set is def2-mSVP
 There are 666 shells and 1310 basis functions

 Total QAlloc Memory Limit   8000 MB
 Mega-Array Size      1001 MB
 MEM_STATIC part      1024 MB
 Discretize the solute cavity surface with Lebedev spheres
	Using 302 Lebedev grid points for each H atom
	Using 302 Lebedev grid points for other atoms
	Atomic van der Waals radii will be scaled by 1.20
 Remove points where switching function is < 1.0e-08
 Keep 13642 surface tesserae and discard 26222 interior tesserae
 Molecular Surface Area = 1050.974 Angst**2
 A cutoff of  1.0D-11 yielded  60121 shell pairs
 There are    239033 function pairs (    263242 Cartesian)
 
 -------------------------------------------------------
 OpenMP Integral Computing Module                       
 Release: version 1.0, May 2013, Q-Chem Inc. Pittsburgh 
 -------------------------------------------------------
 Integral Job Info:
 Integral job number is                      11
 Integral operator is                         1
 short-range coefficients                     0
 long-range coefficients              100000000
 Omega coefficients                           0
 if combine SR and LR in K                    0
 Integral screening is                        0
 Integral computing path is                   2
 max size of driver memory is            800000
 size of driver memory is                593474
 size of scratch memory is              7590872
 max col of scratch BK array               1296
 max len of scratch array in speh3          155
 max len of scratch index in speh4           18
 max int batch size is                      520
 min int batch size is                       52
 fixed nKL is                                52
 max L of basis functions is                  2
 order of int derivative is                   0
 number of shells is                        666
 number of basis is                        1390
 number of cartesian basis is              1390
 number of contracted shell pairs         60121
 number of primitive shell pairs         124850
 maxK2 (contraction) of shell pair           25
 max number of K2 of shell pair               1
 max number of CS2 of shell pair          14454
 max number of PS2 of shell pair          21825
 mem total for path MDJ                  626696
 -------------------------------------------------------
 Smallest overlap matrix eigenvalue = 1.95E-04

 Scale SEOQF with 1.000000e-02/1.000000e-02/1.000000e-02

 Standard Electronic Orientation quadrupole field applied
 Nucleus-field energy     =     0.0000000315 hartrees
 Guess from superposition of atomic densities
 Warning:  Energy on first SCF cycle will be non-variational
 An unrestricted hybrid HF-DFT SCF calculation will be
 performed using Pulay DIIS extrapolation
 Polarizable Continuum solvation model will be applied
 Exchange:     0.4200 Hartree-Fock + 0.5800 PBEh-3c
 Correlation:  1.0000 PBEh-3c
 Using SG-1 standard quadrature grid
 Dispersion:   Grimme D3
 SCF converges when DIIS error is below 1.0E-08
 using 8 threads for integral computing
 -------------------------------------------------------
 OpenMP Integral computing Module                
 Release: version 1.0, May 2013, Q-Chem Inc. Pittsburgh 
 -------------------------------------------------------
