mFile = /cm/shared/apps/q-chem/intel/QCHEM_5.0.1_Trunk/bin/mpi/machines
Process 0 of 1 is on ctcp006 - thread support 0
initial socket setup ...start
initial socket setup ...done 
now start server 0 ... 
ctcp006.cm.cluster 10.141.0
Q-Chem Developer Version! Running on 10.141.0.*
                  Welcome to Q-Chem
     A Quantum Leap Into The Future Of Chemistry


 Q-Chem 5.0, Q-Chem, Inc., Pleasanton, CA (2017)

 Yihan Shao,  Zhengting Gan,  E. Epifanovsky,  A. T. B. Gilbert,  M. Wormit,  
 J. Kussmann,  A. W. Lange,  A. Behn,  Jia Deng,  Xintian Feng,  D. Ghosh,  
 M. Goldey,  P. R. Horn,  L. D. Jacobson,  I. Kaliman,  T. Kus,  A. Landau,  
 Jie Liu,  E. I. Proynov,  R. M. Richard,  R. P. Steele,  E. J. Sundstrom,  
 H. L. Woodcock III,  P. M. Zimmerman,  D. Zuev,  B. Albrecht,  E. Alguire,  
 S. A. Baeppler,  Z. Benda,  Y. A. Bernard,  E. J. Berquist,  K. B. Bravaya,  
 D. Casanova,  Chun-Min Chang,  Yunqing Chen,  A. Chien,  K. D. Closser,  
 M. P. Coons,  S. Dasgupta,  M. Diedenhofen,  Hainam Do,  R. G. Edgar,  
 Po-Tung Fang,  S. Fatehi,  Qingguo Feng,  Qinghui Ge,  A. Ghysels,  
 J. Gomes,  J. Gonthier,  A. Gunina,  M. W. D. Hanson-Heine,  
 P. H. P. Harbach,  A. W. Hauser,  J. E. Herr,  E. G. Hohenstein,  
 Z. C. Holden,  Kerwin Hui,  T.-C. Jagau,  Hyunjun Ji,  B. Kaduk,  
 K. Khistyaev,  Jaehoon Kim,  P. Klunzinger,  K. Koh,  D. Kosenkov,  
 T. Kowalczyk,  C. M. Krauter,  A. Kunitsa,  Ka Un Lao,  A. Laurent,  
 K. V. Lawler,  Joonho Lee,  D. Lefrancois,  S. Lehtola,  D. S. Levine,  
 Yi-Pei Li,  You-Sheng Lin,  Fenglai Liu,  E. Livshits,  A. Luenser,  
 P. Manohar,  E. Mansoor,  S. F. Manzer,  Shan-Ping Mao,  Yuezhi Mao,  
 N. Mardirossian,  A. V. Marenich,  L. A. Martinez-Martinez,  S. A. Maurer,  
 N. J. Mayhall,  S. C. McKenzie,  J.-M. Mewes,  A. F. Morrison,  K. Nanda,  
 T. S. Nguyen-Beck,  R. Olivares-Amaya,  J. A. Parkhill,  T. M. Perrine,  
 F. Plasser,  S. Prager,  A. Prociuk,  D. R. Rehn,  F. Rob,  M. Schneider,  
 N. Sergueev,  S. M. Sharada,  S. Sharma,  D. W. Small,  T. Stauch,  
 T. Stein,  Yu-Chuan Su,  A. J. W. Thom,  T. Tsuchimochi,  L. Vogt,  
 O. Vydrov,  M. A. Watson,  J. Wenzel,  M. de Wergifosse,  T. A. Wesolowski,  
 A. White,  J. Witte,  A. Yamada,  Jun Yang,  K. Yao,  S. Yeganeh,  
 S. R. Yost,  Zhi-Qiang You,  A. Zech,  Igor Ying Zhang,  Xing Zhang,  
 Yan Zhao,  Ying Zhu,  B. R. Brooks,  G. K. L. Chan,  C. J. Cramer,  
 M. S. Gordon,  W. J. Hehre,  A. Klamt,  M. W. Schmidt,  C. D. Sherrill,  
 D. G. Truhlar,  A. Aspuru-Guzik,  R. Baer,  A. T. Bell,  N. A. Besley,  
 Jeng-Da Chai,  A. Dreuw,  B. D. Dunietz,  T. R. Furlani,  Chao-Ping Hsu,  
 Yousung Jung,  Jing Kong,  D. S. Lambrecht,  WanZhen Liang,  C. Ochsenfeld,  
 V. A. Rassolov,  L. V. Slipchenko,  J. E. Subotnik,  T. Van Voorhis,  
 J. M. Herbert,  A. I. Krylov,  P. M. W. Gill,  M. Head-Gordon

 Contributors to earlier versions of Q-Chem not listed above: 
 R. D. Adamson,  B. Austin,  J. Baker,  G. J. O. Beran,  K. Brandhorst,  
 S. T. Brown,  E. F. C. Byrd,  A. K. Chakraborty,  C.-L. Cheng,  
 Siu Hung Chien,  D. M. Chipman,  D. L. Crittenden,  H. Dachsel,  
 R. A. DiStasio Jr.,  R. J. Doerksen,  A. D. Dutoi,  L. Fusti-Molnar,  
 W. A. Goddard III,  A. Golubeva-Zadorozhnaya,  S. R. Gwaltney,  G. Hawkins,  
 A. Heyden,  S. Hirata,  G. Kedziora,  F. J. Keil,  C. Kelley,  Jihan Kim,  
 R. A. King,  R. Z. Khaliullin,  P. P. Korambath,  W. Kurlancheek,  
 A. M. Lee,  M. S. Lee,  S. V. Levchenko,  Ching Yeh Lin,  D. Liotard,  
 R. C. Lochan,  I. Lotan,  P. E. Maslen,  N. Nair,  D. P. O'Neill,  
 D. Neuhauser,  E. Neuscamman,  C. M. Oana,  R. Olson,  B. Peters,  
 R. Peverati,  P. A. Pieniazek,  Y. M. Rhee,  J. Ritchie,  M. A. Rohrdanz,  
 E. Rosta,  N. J. Russ,  H. F. Schaefer III,  N. E. Schultz,  N. Shenvi,  
 A. C. Simmonett,  A. Sodt,  D. Stuck,  K. S. Thanthiriwatte,  V. Vanovschi,  
 Tao Wang,  A. Warshel,  C. F. Williams,  Q. Wu,  X. Xu,  W. Zhang

 Please cite Q-Chem as follows:
 Y. Shao et al., Mol. Phys. 113, 184-215 (2015)
 DOI: 10.1080/00268976.2014.952696

 Q-Chem 5.0.1 for Intel X86 EM64T Linux

 Parts of Q-Chem use Armadillo 5.200.1 (Boston Tea Smuggler).
 http://arma.sourceforge.net/

 Q-Chem begins on Thu Oct 25 10:12:59 2018  

Host: ctcp006
0

     Scratch files written to /scratch/mewes/138354/qchem125962//
 Parallel job on  1  processors
The previous job contains 0 fragments, simply inherited here
Symmetry turned off for PCM/SM12/SMD calculation

Checking the input file for inconsistencies... 	...done.

--------------------------------------------------------------
User input:
--------------------------------------------------------------
$solvent
dielectric      1.0001
dielectric_infi 1.00009
$end

$rem
threads 8
jobtype	sp
method PBEh-3c
basis def2-mSVP
mem_static	1024
mem_total	14000
sym_ignore	true
cis_n_roots             2
cis_singlets            false
cis_triplets		true 
rpa                     false
calc_soc 		true
cis_moments             true
cis_relaxed_density	true
solvent_method		pcm
$end

$pcm
StateSpecific   1
ChargeSeparation Excited
$end


$molecule
read ut1opt_vac.mol
$end


--------------------------------------------------------------
 Adding empirical dispersion correction 
 ----------------------------------------------------------------
 Doing -D3(BJ) with
 s6 =   1.00000
 s8 =   0.00000
 a1 =   0.48600
 a2 =   4.50000
 -D3 energy including 3body term =     -0.0837013338 hartrees
 ----------------------------------------------------------------
 Adding gCP correction 
 ----------------------------------------------------------------
 gCP energy =      0.1318886352 hartrees
 ----------------------------------------------------------------
             Standard Nuclear Orientation (Angstroms)
    I     Atom           X                Y                Z
 ----------------------------------------------------------------
    1      C       0.0000000000     0.0000000000     0.0000000000
    2      C       0.0000000000     0.0000000000     1.4038110000
    3      H       0.9486670871     0.0000000000     1.9311196889
    4      C      -1.1795431191    -0.0042284667     2.1046993417
    5      C      -2.4309265235    -0.0121191902     1.4228373502
    6      C      -2.4546291112    -0.0119039317     0.0506400646
    7      H      -3.4108179106    -0.0179719404    -0.4665601418
    8      C      -1.2470929291    -0.0082204078    -0.6912154875
    9      C      -1.4345409140    -0.0063947284     3.5377787503
   10      C      -0.6487704407    -0.0030411621     4.6631025646
   11      H       0.4325304274     0.0062166842     4.6031354319
   12      C      -2.8338939565    -0.0178890729     3.6906743503
   13      C      -3.4785032213    -0.0292476994     4.9250065649
   14      C      -3.4877607877    -0.0227164076     2.4418184641
   15      C      -4.8589397678    -0.0410600837     2.4379971944
   16      H      -5.4274899060    -0.0492150839     1.5163611719
   17      C      -1.2784637754    -0.0123512935     5.9283910777
   18      H      -0.6572374893    -0.0094117404     6.8151534630
   19      C      -2.6460654545    -0.0258709765     6.0714964011
   20      H      -3.0863393147    -0.0338569269     7.0611691022
   21      C      -4.8917152707    -0.0463318366     4.8863819041
   22      H      -5.4602594645    -0.0567031181     5.8084093776
   23      C      -5.5441333593    -0.0518609864     3.6756056211
   24      H      -6.6265044320    -0.0665848363     3.6652236791
   25      B      -1.2335708317    -0.0049193239    -2.2193990984
   26      C       0.0695981167    -0.0048674066    -3.0161515557
   27      C       0.0854412327    -0.0270389234    -4.4329115100
   28      H      -0.8503673969    -0.0464900989    -4.9860455646
   29      C       1.2747316406    -0.0325338822    -5.1184133980
   30      C       2.5037804482    -0.0079461331    -4.3972886101
   31      C       2.5084541051     0.0103953287    -3.0241240516
   32      H       3.4472708368     0.0247639650    -2.4795310989
   33      C       1.3046818462     0.0062369714    -2.3014638533
   34      C       3.5995759498    -0.0195504980    -5.3543220697
   35      C       4.9681739184    -0.0061779022    -5.2584215465
   36      H       5.4721341196     0.0249239346    -4.3002837168
   37      C       3.0099766602    -0.0582159340    -6.6322620007
   38      C       3.7344489656    -0.0898727922    -7.8194200482
   39      C       1.6027381614    -0.0673269383    -6.5468266616
   40      C       0.8894623946    -0.1111631538    -7.7162662956
   41      H      -0.1934097293    -0.1242202784    -7.7244813560
   42      C       5.7279136816    -0.0353926224    -6.4492799048
   43      H       6.8079321210    -0.0255230028    -6.3740552853
   44      C       5.1459301100    -0.0769142198    -7.6948830974
   45      H       5.7687281161    -0.1000229513    -8.5806944472
   46      C       2.9697772116    -0.1335912639    -9.0082949831
   47      H       3.4644562226    -0.1607449481    -9.9714656789
   48      C       1.5958442029    -0.1439237032    -8.9413663681
   49      H       1.0283861140    -0.1801197834    -9.8624554748
   50      B       1.3346355930     0.0077767882    -0.7633507103
   51      C      -2.5997622146     0.0214821706    -2.9771150363
   52      C      -3.3015026088    -1.1945135605    -3.2703861448
   53      C      -4.4726268784    -1.1454737172    -3.9667832692
   54      H      -5.0209719878    -2.0455804569    -4.2158538579
   55      C      -5.0039444421     0.1002539161    -4.3899136991
   56      O      -6.1336057250     0.0239899084    -5.0529216146
   57      C      -4.3414377261     1.3081512972    -4.0969778049
   58      H      -4.7504768495     2.2579210972    -4.4141489492
   59      C      -3.1642965439     1.2770060456    -3.3965551151
   60      C      -6.7749621197     1.1965925784    -5.5338174148
   61      H      -7.6790850224     0.8598853587    -6.0315906356
   62      H      -7.0436140790     1.8659700143    -4.7152811007
   63      H      -6.1464164232     1.7262333931    -6.2514521386
   64      C      -2.4343521565     2.5291608312    -3.0526651506
   65      H      -2.9679236586     3.4197712877    -3.3807159513
   66      H      -2.2730777920     2.5883473681    -1.9744441022
   67      H      -1.4406073074     2.5265148176    -3.5054226203
   68      C      -2.7141317329    -2.4877490140    -2.8111641274
   69      H      -3.3212670972    -3.3403779146    -3.1111614553
   70      H      -2.6108667147    -2.4964730921    -1.7247788269
   71      H      -1.7078816167    -2.6136667707    -3.2149150201
   72      C       2.7014170163     0.0100743758     0.0291356739
   73      C       3.3208282565    -1.1891250703     0.3900032884
   74      C       4.5121463351    -1.1922521231     1.1136573587
   75      H       4.9579691822    -2.1440424696     1.3738909108
   76      C       5.1036458147     0.0054776829     1.4892381648
   77      O       6.2561142502     0.1025666560     2.1899984359
   78      C       4.4958039629     1.2067675382     1.1372585029
   79      H       4.9634965331     2.1374963326     1.4361376322
   80      C       3.3123749641     1.2133522404     0.4182475847
   81      C       6.9153519940    -1.0782130997     2.5558930992
   82      H       7.8122673586    -0.7804893921     3.0959219678
   83      H       7.2155263903    -1.6751212169     1.6879455852
   84      H       6.3087257797    -1.7090984763     3.2144978244
   85      C       2.6684190015     2.5222556117     0.0590470636
   86      H       3.2646104367     3.3721709130     0.3909214654
   87      H       2.5299974671     2.6115226735    -1.0201572469
   88      H       1.6794196095     2.6106319696     0.5135934831
   89      C       2.6928535653    -2.5007889785     0.0081379747
   90      H       3.3028257198    -3.3491860673     0.3196314671
   91      H       2.5495721118    -2.5722193108    -1.0716243363
   92      H       1.7082339828    -2.6135750272     0.4665087751
 ----------------------------------------------------------------
 Nuclear Repulsion Energy =  6510.5711839078 hartrees
 There are      182 alpha and      182 beta electrons
 Requested basis set is def2-mSVP
 There are 454 shells and 886 basis functions

 Total QAlloc Memory Limit  14000 MB
 Mega-Array Size      1001 MB
 MEM_STATIC part      1024 MB
 Discretize the solute cavity surface with Lebedev spheres
	Using 302 Lebedev grid points for each H atom
	Using 302 Lebedev grid points for other atoms
	Atomic van der Waals radii will be scaled by 1.20
 Remove points where switching function is < 1.0e-08
 Keep 9850 surface tesserae and discard 17934 interior tesserae
 Molecular Surface Area = 734.202 Angst**2
 A cutoff of  1.0D-11 yielded  37277 shell pairs
 There are    148593 function pairs (    163965 Cartesian)
 
 -------------------------------------------------------
 OpenMP Integral Computing Module                       
 Release: version 1.0, May 2013, Q-Chem Inc. Pittsburgh 
 -------------------------------------------------------
 Integral Job Info:
 Integral job number is                      11
 Integral operator is                         1
 short-range coefficients                     0
 long-range coefficients              100000000
 Omega coefficients                           0
 if combine SR and LR in K                    0
 Integral screening is                        0
 Integral computing path is                   2
 max size of driver memory is            800000
 size of driver memory is                593474
 size of scratch memory is              1809772
 max col of scratch BK array               1296
 max len of scratch array in speh3          155
 max len of scratch index in speh4           18
 max int batch size is                      520
 min int batch size is                       52
 fixed nKL is                                52
 max L of basis functions is                  2
 order of int derivative is                   0
 number of shells is                        454
 number of basis is                         940
 number of cartesian basis is               940
 number of contracted shell pairs         37277
 number of primitive shell pairs          78448
 maxK2 (contraction) of shell pair           25
 max number of K2 of shell pair               1
 max number of CS2 of shell pair           8909
 max number of PS2 of shell pair          13930
 mem total for path MDJ                  392072
 -------------------------------------------------------
 Smallest overlap matrix eigenvalue = 1.97E-04

 Scale SEOQF with 1.000000e-02/1.000000e-01/1.000000e-02

 Standard Electronic Orientation quadrupole field applied
 Nucleus-field energy     =    -0.0000000292 hartrees
 Guess from superposition of atomic densities
 Warning:  Energy on first SCF cycle will be non-variational
 A restricted hybrid HF-DFT SCF calculation will be
 performed using Pulay DIIS extrapolation
 Polarizable Continuum solvation model will be applied
 Exchange:     0.4200 Hartree-Fock + 0.5800 PBEh-3c
 Correlation:  1.0000 PBEh-3c
 Using SG-1 standard quadrature grid
 Dispersion:   Grimme D3
 SCF converges when DIIS error is below 1.0E-08
 using 8 threads for integral computing
 -------------------------------------------------------
 OpenMP Integral computing Module                
 Release: version 1.0, May 2013, Q-Chem Inc. Pittsburgh 
 -------------------------------------------------------
 ---------------------------------------
  Cycle       Energy         DIIS Error
 ---------------------------------------
    1   -2142.0250068587      2.83E-02
    2   -2123.3527568508      1.97E-03
    3   -2123.5046073966      1.62E-03
    4   -2123.7430365924      6.45E-04
    5   -2123.7863794883      2.09E-04
    6   -2123.7906142373      7.41E-05
    7   -2123.7911429508      1.98E-05
    8   -2123.7911825524      6.33E-06
    9   -2123.7911868585      1.50E-06
   10   -2123.7911871777      8.46E-07
   11   -2123.7911872950      2.35E-07
   12   -2123.7911873091      9.21E-08
   13   -2123.7911873150      3.22E-08
   14   -2123.7911873070      1.52E-08
   15   -2123.7911873124      7.36E-09 Convergence criterion met
 ---------------------------------------

************** Final PCM Free Energy Summary **************
 G_electrostatic  =      -0.00000279 hartree =      -0.00174773 kcal/mol
 G_cavitation     =       0.00000000 hartree =       0.00000000 kcal/mol
 G_dispersion     =       0.00000000 hartree =       0.00000000 kcal/mol
 G_repulsion      =       0.00000000 hartree =       0.00000000 kcal/mol
 --------------------------------------------------
 Non-electrostatic Free Energy =       0.00000000 hartree =       0.00000000 kcal/mol
 Total                         =      -0.00000279 hartree =      -0.00174773 kcal/mol
 --------------------------------------------------
 SCF Energy (H0 + V/2)                       =   -2123.79118731 
 Solute Internal Energy (H0)                 =   -2123.79118453 
 Total Free Energy (H0 + V/2 + non-elec)     =   -2123.79118731 hartree
                                             = -1332699.08446486 kcal/mol
***********************************************************

 SCF time:  CPU 4207.80 s  wall 1601.02 s
 SCF   energy in the final basis set = -2123.79118731
 Total energy in the final basis set = -2123.79118731
 
 Direct TDDFT/TDA calculation will be performed
 Exchange:     0.4200 Hartree-Fock + 0.5800 PBEh-3c
 Correlation:  1.0000 PBEh-3c
 Using SG-1 standard quadrature grid
 Dispersion:   Grimme D3
 Triplet excitation energies requested
 Adding PCM contribution to the XC response
 CIS energy converged when residual is below 10e- 6
 ---------------------------------------------------
 Iter    Rts Conv    Rts Left    Ttl Dev     Max Dev
 ---------------------------------------------------
   1         0           2      0.000091    0.000046
   2         0           2      0.000027    0.000014
   3         0           2      0.000011    0.000006
   4         0           2      0.000106    0.000103
   5         0           2      0.000046    0.000042
   6         0           2      0.000019    0.000017
   7         0           2      0.000013    0.000011
   8         0           2      0.000007    0.000006
   9         0           2      0.000006    0.000005
  10         1           1      0.000003    0.000002
  11         2           0      0.000001    0.000001    Roots Converged
 ---------------------------------------------------
 
 ---------------------------------------------------
         TDDFT/TDA Excitation Energies              
 ---------------------------------------------------

 Excited state   1: excitation energy (eV) =    2.2089
 Total energy for state  1:                 -2123.71001341 au
    Multiplicity: Triplet
    Trans. Mom.:  0.0000 X   0.0000 Y   0.0000 Z
    Strength   :     0.0000000000
    D(175) --> V(  2) amplitude =  0.2458
    D(179) --> V(  1) amplitude = -0.5335
    D(180) --> V(  1) amplitude = -0.7475

 Excited state   2: excitation energy (eV) =    2.3856
 Total energy for state  2:                 -2123.70351862 au
    Multiplicity: Triplet
    Trans. Mom.:  0.0000 X   0.0000 Y   0.0000 Z
    Strength   :     0.0000000000
    D(182) --> V(  1) amplitude =  0.9561
 
 ---------------------------------------------------
 Calculating Relaxed Density
 ---------------------------------------------------
 Iter    Rts Conv    Rts Left    Ttl Dev     Max Dev
 ---------------------------------------------------
   1         0           2      0.000248    0.000182
   2         0           2      0.000087    0.000058
   3         0           2      0.000026    0.000015
   4         0           2      0.000009    0.000005
   5         0           2      0.000004    0.000002
   6         2           0      0.000000    0.000000    Roots Converged
 ---------------------------------------------------
  SETman timing summary (seconds)
  CPU time              8289.27s
  System time              0.01s
  Wall time             1551.36s



*********SPIN-ORBIT COUPLING JOB BEGINS HERE*********
