mFile = /cm/shared/apps/q-chem/intel/QCHEM_5.1.0_Trunk/bin/mpi/machines
Process 0 of 1 is on ctcp017 - thread support 0
initial socket setup ...start
initial socket setup ...done 
now start server 0 ... 
Q-Chem Developer Version!
                  Welcome to Q-Chem
     A Quantum Leap Into The Future Of Chemistry


 Q-Chem 5.1, Q-Chem, Inc., Pleasanton, CA (2018)

 Yihan Shao,  Zhengting Gan,  E. Epifanovsky,  A. T. B. Gilbert,  M. Wormit,  
 J. Kussmann,  A. W. Lange,  A. Behn,  Jia Deng,  Xintian Feng,  D. Ghosh,  
 M. Goldey,  P. R. Horn,  L. D. Jacobson,  I. Kaliman,  T. Kus,  A. Landau,  
 Jie Liu,  E. I. Proynov,  R. M. Richard,  R. P. Steele,  E. J. Sundstrom,  
 H. L. Woodcock III,  P. M. Zimmerman,  D. Zuev,  B. Albrecht,  E. Alguire,  
 S. A. Baeppler,  D. Barton,  Z. Benda,  Y. A. Bernard,  E. J. Berquist,  
 K. B. Bravaya,  H. Burton,  D. Casanova,  Chun-Min Chang,  Yunqing Chen,  
 A. Chien,  K. D. Closser,  M. P. Coons,  S. Coriani,  S. Dasgupta,  
 A. L. Dempwolff,  M. Diedenhofen,  Hainam Do,  R. G. Edgar,  Po-Tung Fang,  
 S. Faraji,  S. Fatehi,  Qingguo Feng,  K. D. Fenk,  J. Fosso-Tande,  
 Qinghui Ge,  A. Ghysels,  G. Gidofalvi,  J. Gomes,  J. Gonthier,  A. Gunina,  
 D. Hait,  M. W. D. Hanson-Heine,  P. H. P. Harbach,  A. W. Hauser,  
 J. E. Herr,  E. G. Hohenstein,  Z. C. Holden,  Kerwin Hui,  B. C. Huynh,  
 T.-C. Jagau,  Hyunjun Ji,  B. Kaduk,  K. Khistyaev,  Jaehoon Kim,  
 P. Klunzinger,  K. Koh,  D. Kosenkov,  L. Koulias,  T. Kowalczyk,  
 C. M. Krauter,  A. Kunitsa,  Ka Un Lao,  A. Laurent,  K. V. Lawler,  
 Joonho Lee,  D. Lefrancois,  S. Lehtola,  D. S. Levine,  Yi-Pei Li,  
 You-Sheng Lin,  Fenglai Liu,  E. Livshits,  A. Luenser,  P. Manohar,  
 E. Mansoor,  S. F. Manzer,  Shan-Ping Mao,  Yuezhi Mao,  N. Mardirossian,  
 A. V. Marenich,  T. Markovich,  L. A. Martinez-Martinez,  S. A. Maurer,  
 N. J. Mayhall,  S. C. McKenzie,  J.-M. Mewes,  A. F. Morrison,  
 J. W. Mullinax,  K. Nanda,  T. S. Nguyen-Beck,  R. Olivares-Amaya,  
 J. A. Parkhill,  T. M. Perrine,  F. Plasser,  P. Pokhilko,  S. Prager,  
 A. Prociuk,  E. Ramos,  D. R. Rehn,  F. Rob,  M. Schneider,  N. Sergueev,  
 S. M. Sharada,  S. Sharma,  D. W. Small,  T. Stauch,  T. Stein,  
 Yu-Chuan Su,  A. J. W. Thom,  A. Tkatchenko,  T. Tsuchimochi,  N. M. Tubman,  
 L. Vogt,  M. L. Vidal,  O. Vydrov,  M. A. Watson,  J. Wenzel,  
 M. de Wergifosse,  T. A. Wesolowski,  A. White,  J. Witte,  A. Yamada,  
 Jun Yang,  K. Yao,  S. Yeganeh,  S. R. Yost,  Zhi-Qiang You,  A. Zech,  
 Igor Ying Zhang,  Xing Zhang,  Yan Zhao,  Ying Zhu,  B. R. Brooks,  
 G. K. L. Chan,  C. J. Cramer,  M. S. Gordon,  W. J. Hehre,  A. Klamt,  
 M. W. Schmidt,  C. D. Sherrill,  D. G. Truhlar,  A. Aspuru-Guzik,  R. Baer,  
 A. T. Bell,  N. A. Besley,  Jeng-Da Chai,  A. E. DePrince, III,  
 R. A. DiStasio Jr.,  A. Dreuw,  B. D. Dunietz,  T. R. Furlani,  
 Chao-Ping Hsu,  Yousung Jung,  Jing Kong,  D. S. Lambrecht,  WanZhen Liang,  
 C. Ochsenfeld,  V. A. Rassolov,  L. V. Slipchenko,  J. E. Subotnik,  
 T. Van Voorhis,  J. M. Herbert,  A. I. Krylov,  P. M. W. Gill,  M. Head-Gordon

 Contributors to earlier versions of Q-Chem not listed above: 
 R. D. Adamson,  B. Austin,  J. Baker,  G. J. O. Beran,  K. Brandhorst,  
 S. T. Brown,  E. F. C. Byrd,  A. K. Chakraborty,  C.-L. Cheng,  
 Siu Hung Chien,  D. M. Chipman,  D. L. Crittenden,  H. Dachsel,  
 R. J. Doerksen,  A. D. Dutoi,  L. Fusti-Molnar,  W. A. Goddard III,  
 A. Golubeva-Zadorozhnaya,  S. R. Gwaltney,  G. Hawkins,  A. Heyden,  
 S. Hirata,  G. Kedziora,  F. J. Keil,  C. Kelley,  Jihan Kim,  R. A. King,  
 R. Z. Khaliullin,  P. P. Korambath,  W. Kurlancheek,  A. M. Lee,  M. S. Lee,  
 S. V. Levchenko,  Ching Yeh Lin,  D. Liotard,  R. C. Lochan,  I. Lotan,  
 P. E. Maslen,  N. Nair,  D. P. O'Neill,  D. Neuhauser,  E. Neuscamman,  
 C. M. Oana,  R. Olson,  B. Peters,  R. Peverati,  P. A. Pieniazek,  
 Y. M. Rhee,  J. Ritchie,  M. A. Rohrdanz,  E. Rosta,  N. J. Russ,  
 H. F. Schaefer III,  N. E. Schultz,  N. Shenvi,  A. C. Simmonett,  A. Sodt,  
 D. Stuck,  K. S. Thanthiriwatte,  V. Vanovschi,  Tao Wang,  A. Warshel,  
 C. F. Williams,  Q. Wu,  X. Xu,  W. Zhang

 Please cite Q-Chem as follows:
 Y. Shao et al., Mol. Phys. 113, 184-215 (2015)
 DOI: 10.1080/00268976.2014.952696

 Q-Chem 5.1.1 for Intel X86 EM64T Linux

 Parts of Q-Chem use Armadillo 8.300.2 (Tropical Shenanigans).
 http://arma.sourceforge.net/

 Q-Chem begins on Tue Nov 13 14:34:23 2018  

Host: ctcp017
0

     Scratch files written to /scratch/mewes1/140227/qchem150235//
 Parallel job on  1  processors
The previous job contains 0 fragments, simply inherited here
Input Ideriv = 1
Curr. Ideriv = -1
Max.  Ideriv = 1

Checking the input file for inconsistencies... 	...done.

--------------------------------------------------------------
User input:
--------------------------------------------------------------
$rem
threads 8
jobtype	sp
method PBEh-3c
basis def2-mSVP
mem_static	1024
mem_total	10000
sym_ignore	true
cis_n_roots             6
cis_singlets            true
cis_triplets		true
rpa                     false
calc_soc 		true
cis_moments             true
cis_relaxed_density	true
$end


$molecule
read s1opt.mol
$end

--------------------------------------------------------------
 Adding empirical dispersion correction 
 ----------------------------------------------------------------
 Doing -D3(BJ) with
 s6 =   1.00000
 s8 =   0.00000
 a1 =   0.48600
 a2 =   4.50000
 -D3 energy including 3body term =     -0.1006991283 hartrees
 ----------------------------------------------------------------
 Adding gCP correction 
 ----------------------------------------------------------------
 gCP energy =      0.1371306827 hartrees
 ----------------------------------------------------------------
             Standard Nuclear Orientation (Angstroms)
    I     Atom           X                Y                Z
 ----------------------------------------------------------------
    1      C       0.0000000000     0.0000000000     0.0000000000
    2      C       0.0000000000     0.0000000000     1.3914040000
    3      H       0.9673723882     0.0000000000     1.8739012032
    4      C      -1.1542983838    -0.0335117325     2.1591880178
    5      C      -2.4263058863    -0.0467082162     1.4823961175
    6      C      -2.4339301756    -0.0063511468     0.0930050217
    7      H      -3.3738596771    -0.0083787593    -0.4416408830
    8      C      -1.2767995294     0.0043143715    -0.6837985585
    9      C      -1.1018287011    -0.0817189546     3.6081551367
   10      C       0.1231867722    -0.0582407777     4.2934946071
   11      H       1.0490268718     0.0098230769     3.7388382620
   12      C       0.2116929039    -0.1235204200     5.6700986217
   13      C      -0.9763462720    -0.2121122858     6.3920691242
   14      H      -0.9471604560    -0.2666420857     7.4735790630
   15      C      -2.1947275476    -0.2331245995     5.7456432098
   16      H      -3.0830719860    -0.3025561754     6.3561488965
   17      C      -2.2936806018    -0.1699708092     4.3544771435
   18      C      -3.6469433050    -0.1301414915     2.2624686787
   19      C      -4.9043878430    -0.1656212540     1.6415612226
   20      H      -4.9696958429    -0.1170335008     0.5634487748
   21      C      -6.0854578001    -0.2693778461     2.3493375600
   22      C      -6.0053637683    -0.3375283436     3.7381696523
   23      H      -6.9098994203    -0.4218661267     4.3278927598
   24      C      -4.7829626840    -0.3030195126     4.3765648480
   25      H      -4.7785038380    -0.3630411324     5.4551378621
   26      C      -3.5841309748    -0.1994984663     3.6702734380
   27      C      -7.4030841570    -0.3146946328     1.6343206322
   28      H      -8.2365602243    -0.3817987558     2.3321286763
   29      H      -7.5538808575     0.5763964402     1.0237329088
   30      H      -7.4609280793    -1.1759944281     0.9673980447
   31      C       1.5472704737    -0.1044761964     6.3534162608
   32      H       1.4448595954    -0.1641407122     7.4361614372
   33      H       2.0984033495     0.8085476271     6.1242399570
   34      H       2.1672662561    -0.9434447692     6.0344615010
   35      B       1.3218328499    -0.0721738459    -0.7680830385
   36      C       1.2394753511    -0.1882704407    -2.2919294394
   37      C       2.3944861707    -0.3791842554    -3.0445400062
   38      H       3.3271663740    -0.3971904481    -2.4977710043
   39      C       2.3927248672    -0.5686934263    -4.4187372663
   40      C       1.1328008782    -0.5126279920    -5.1146340903
   41      C      -0.0234095880    -0.3088210174    -4.3705772801
   42      H      -0.9842629001    -0.2822738271    -4.8651454771
   43      C      -0.0332239056    -0.1651455251    -2.9845627078
   44      C       1.1041871812    -0.6908484653    -6.5536032281
   45      C      -0.0993263659    -0.6135681910    -7.2696544858
   46      H      -1.0210367378    -0.4073175074    -6.7433575913
   47      C      -0.1684666971    -0.7920744852    -8.6367975463
   48      C       1.0189260168    -1.0555462028    -9.3160847437
   49      H       1.0056738944    -1.2010818105   -10.3892039136
   50      C       2.2179727392    -1.1341049424    -8.6380963544
   51      H       3.1078638394    -1.3397292083    -9.2150670216
   52      C       2.2976443089    -0.9569498854    -7.2565843830
   53      C       3.6140597121    -0.8468102355    -5.1503470703
   54      C       4.8496766029    -0.9470207499    -4.4922930930
   55      H       4.9012780938    -0.8075066676    -3.4211817067
   56      C       6.0282320925    -1.2330284487    -5.1523285013
   57      C       5.9668177687    -1.4282258062    -6.5302174875
   58      H       6.8694716313    -1.6577100624    -7.0832538550
   59      C       4.7658517516    -1.3373641095    -7.2027368183
   60      H       4.7775102802    -1.5037184473    -8.2699280163
   61      C       3.5697366409    -1.0475321807    -6.5438870575
   62      C      -1.4829325689    -0.7049953602    -9.3535302622
   63      H      -1.3680334165    -0.8719141709   -10.4235530531
   64      H      -1.9432298949     0.2745787932    -9.2186051313
   65      H      -2.1883210018    -1.4472180049    -8.9775632882
   66      C       7.3216770112    -1.3346129203    -4.3986640973
   67      H       8.1547613173    -1.5678076155    -5.0603281256
   68      H       7.5578215650    -0.4002724935    -3.8876789609
   69      H       7.2768569003    -2.1146613525    -3.6373550261
   70      B      -1.3528701127    -0.0422405930    -2.2133546318
   71      C      -2.7415403781    -0.0275409856    -2.9578027514
   72      C      -3.3418487867     1.1821560951    -3.3211564077
   73      C      -4.5668542946     1.1837575604    -3.9820418781
   74      H      -5.0176722524     2.1308960422    -4.2602519158
   75      C      -5.2217793038     0.0011514608    -4.2949979132
   76      C      -4.6229978149    -1.1976747449    -3.9246235353
   77      H      -5.1220194544    -2.1337283685    -4.1568272461
   78      C      -3.4011758319    -1.2267222768    -3.2648357383
   79      C      -6.5399640472     0.0026165415    -5.0136575601
   80      H      -6.8746085052     1.0152403853    -5.2366735594
   81      H      -7.3194991133    -0.4782857338    -4.4201333579
   82      H      -6.4792562514    -0.5383956325    -5.9597234498
   83      C      -2.6573742405     2.4800576231    -2.9937654475
   84      H      -3.2186489515     3.3387969363    -3.3624133625
   85      H      -1.6575229925     2.5239910807    -3.4304754016
   86      H      -2.5335543180     2.6038728735    -1.9157582800
   87      C      -2.7844496232    -2.5424736148    -2.8772928629
   88      H      -3.4323378388    -3.3817145532    -3.1312389483
   89      H      -2.5854245605    -2.5892484155    -1.8046582441
   90      H      -1.8271292740    -2.7012735774    -3.3785256106
   91      C       2.7035268811    -0.1037202479    -0.0055896908
   92      C       3.2634653450    -1.3228070421     0.3949832838
   93      C       4.4762830298    -1.3444878466     1.0778575904
   94      H       4.8951294283    -2.2990428132     1.3806212828
   95      C       5.1601563396    -0.1768219696     1.3817924536
   96      C       4.5987775081     1.0311437845     0.9837370008
   97      H       5.1173798582     1.9573610460     1.2115104919
   98      C       3.3906366555     1.0799643519     0.3001903646
   99      C       6.4686316908    -0.2087760481     2.1179405464
  100      H       6.7668027030    -1.2283951770     2.3607225935
  101      H       7.2711815807     0.2359633503     1.5268832580
  102      H       6.4151033016     0.3486759073     3.0547991647
  103      C       2.8097911403     2.4036588297    -0.1099475378
  104      H       3.4706376664     3.2321208077     0.1456480775
  105      H       2.6283477598     2.4413311215    -1.1858510774
  106      H       1.8486563812     2.5837283114     0.3766000580
  107      C       2.5551180453    -2.6150515038     0.0946970097
  108      H       3.1053610857    -3.4743753668     0.4787927785
  109      H       1.5578627995    -2.6356842566     0.5388591833
  110      H       2.4230265847    -2.7614805308    -0.9792501713
 ----------------------------------------------------------------
 Nuclear Repulsion Energy =  7843.4655387217 hartrees
 There are      204 alpha and      204 beta electrons
 Requested basis set is def2-mSVP
 There are 520 shells and 1000 basis functions

 Total QAlloc Memory Limit  10000 MB
 Mega-Array Size      1001 MB
 MEM_STATIC part      1024 MB
 A cutoff of  1.0D-11 yielded  46161 shell pairs
 There are    179937 function pairs (    197920 Cartesian)
 
 -------------------------------------------------------
 OpenMP Integral Computing Module                       
 Release: version 1.0, May 2013, Q-Chem Inc. Pittsburgh 
 -------------------------------------------------------
 Integral Job Info:
 Integral job number is                      11
 Integral operator is                         1
 short-range coefficients                     0
 long-range coefficients              100000000
 Omega coefficients                           0
 if combine SR and LR in K                    0
 Integral screening is                        0
 Integral computing path is                   2
 max size of driver memory is            800000
 size of driver memory is                593474
 size of scratch memory is              1809772
 max col of scratch BK array               1296
 max len of scratch array in speh3          155
 max len of scratch index in speh4           18
 max int batch size is                      520
 min int batch size is                       52
 fixed nKL is                                52
 max L of basis functions is                  2
 order of int derivative is                   0
 number of shells is                        520
 number of basis is                        1060
 number of cartesian basis is              1060
 number of contracted shell pairs         46161
 number of primitive shell pairs          95498
 maxK2 (contraction) of shell pair           25
 max number of K2 of shell pair               1
 max number of CS2 of shell pair          11311
 max number of PS2 of shell pair          16080
 mem total for path MDJ                  977724
 -------------------------------------------------------
 Smallest overlap matrix eigenvalue = 1.21E-04

 Scale SEOQF with 1.000000e-02/1.000000e-01/1.000000e-02

 Standard Electronic Orientation quadrupole field applied
 Nucleus-field energy     =    -0.0000000362 hartrees
 Guess from superposition of atomic densities
 Warning:  Energy on first SCF cycle will be non-variational
 SAD guess density has 408.000000 electrons

 -----------------------------------------------------------------------
  General SCF calculation program by
  Eric Jon Sundstrom, Paul Horn, Yuezhi Mao, Dmitri Zuev, Alec White,
  David Stuck, Shaama M.S., Shane Yost, Joonho Lee, David Small,
  Daniel Levine, Susi Lehtola, Hugh Burton, Evgeny Epifanovsky
 -----------------------------------------------------------------------
 Exchange:     0.4200 Hartree-Fock + 0.5800 PBEh-3c
 Correlation:  1.0000 PBEh-3c
 Using SG-1 standard quadrature grid
 Dispersion:   Grimme D3
 using 8 threads for integral computing
 -------------------------------------------------------
 OpenMP Integral computing Module                
 Release: version 2.0, May 2017, Q-Chem Inc. Pleasanton 
 -------------------------------------------------------
 -------------------------------------------------------
 OpenMP BLAS3 based DFT computing Module                
 Release: version 1.0, May 2013, Q-Chem Inc. Pittsburgh 
 -------------------------------------------------------
 A restricted SCF calculation will be
 performed using DIIS
 SCF converges when DIIS error is below 1.0e-08
 ---------------------------------------
  Cycle       Energy         DIIS error
 ---------------------------------------
    1   -2304.4838652966      2.67e-02  
    2   -2284.6476873582      1.86e-03  
    3   -2284.8663523118      1.46e-03  
    4   -2285.1089032119      5.73e-04  
    5   -2285.1503110484      2.00e-04  
    6   -2285.1559632151      2.63e-05  
    7   -2285.1560511536      9.62e-06  
    8   -2285.1560633626      2.49e-06  
    9   -2285.1560641575      1.11e-06  
   10   -2285.1560643425      3.74e-07  
   11   -2285.1560643699      1.32e-07  
   12   -2285.1560643739      5.66e-08  
   13   -2285.1560643746      2.32e-08  
   14   -2285.1560643747      1.14e-08  
   15   -2285.1560643747      7.32e-09  Convergence criterion met
 ---------------------------------------
 SCF time:   CPU 6754.23s  wall 845.00s 
 SCF   energy in the final basis set =    -2285.1560643747
 Total energy in the final basis set =    -2285.1560643747
 
 Direct TDDFT/TDA calculation will be performed
 Exchange:     0.4200 Hartree-Fock + 0.5800 PBEh-3c
 Correlation:  1.0000 PBEh-3c
 Using SG-1 standard quadrature grid
 Dispersion:   Grimme D3
 Triplet excitation energies requested
 Singlet excitation energies requested
 CIS energy converged when residual is below 10e- 6
 ---------------------------------------------------
 Iter    Rts Conv    Rts Left    Ttl Dev     Max Dev
 ---------------------------------------------------
   1         0           6      0.000315    0.000069
   2         0           6      0.000143    0.000038
   3         0           6      0.000065    0.000018
   4         0           6      0.000035    0.000013
   5         1           5      0.000014    0.000005
   6         3           3      0.000008    0.000002
   7         4           2      0.000005    0.000001
   8         6           0      0.000003    0.000001    Roots Converged
 ---------------------------------------------------
 Triplets done: starting singlet calculation
 ---------------------------------------------------
 Iter    Rts Conv    Rts Left    Ttl Dev     Max Dev
 ---------------------------------------------------
   9         0           6      0.000652    0.000177
  10         0           6      0.000196    0.000047
  11         0           6      0.000134    0.000035
  12         0           6      0.000052    0.000014
  13         0           6      0.000032    0.000009
  14         2           4      0.000011    0.000003
  15         3           3      0.000007    0.000002
  16         6           0      0.000005    0.000001    Roots Converged
 ---------------------------------------------------
 
 ---------------------------------------------------
         TDDFT/TDA Excitation Energies              
 ---------------------------------------------------

 Excited state   1: excitation energy (eV) =    2.3640
 Total energy for state  1:                 -2285.06918921 au
    Multiplicity: Triplet
    Trans. Mom.:  0.0000 X   0.0000 Y   0.0000 Z
    Strength   :     0.0000000000
    D(200) --> V(  3) amplitude = -0.2306
    D(204) --> V(  1) amplitude =  0.8985

 Excited state   2: excitation energy (eV) =    2.8349
 Total energy for state  2:                 -2285.05188485 au
    Multiplicity: Triplet
    Trans. Mom.:  0.0000 X   0.0000 Y   0.0000 Z
    Strength   :     0.0000000000
    D(200) --> V(  1) amplitude =  0.7424
    D(204) --> V(  3) amplitude = -0.4336

 Excited state   3: excitation energy (eV) =    2.8442
 Total energy for state  3:                 -2285.05154246 au
    Multiplicity: Triplet
    Trans. Mom.:  0.0000 X   0.0000 Y   0.0000 Z
    Strength   :     0.0000000000
    D(196) --> V(  1) amplitude = -0.4572
    D(203) --> V(  1) amplitude =  0.8213

 Excited state   4: excitation energy (eV) =    3.0252
 Total energy for state  4:                 -2285.04488943 au
    Multiplicity: Triplet
    Trans. Mom.:  0.0000 X   0.0000 Y   0.0000 Z
    Strength   :     0.0000000000
    D(195) --> V(  1) amplitude = -0.5034
    D(202) --> V(  1) amplitude =  0.7696
    D(203) --> V(  3) amplitude = -0.2555

 Excited state   5: excitation energy (eV) =    3.0254
 Total energy for state  5:                 -2285.04488368 au
    Multiplicity: Singlet
    Trans. Mom.: -0.0173 X  -0.0296 Y   0.0300 Z
    Strength   :     0.0001540171
    D(204) --> V(  1) amplitude =  0.9591

 Excited state   6: excitation energy (eV) =    3.2186
 Total energy for state  6:                 -2285.03778387 au
    Multiplicity: Triplet
    Trans. Mom.:  0.0000 X   0.0000 Y   0.0000 Z
    Strength   :     0.0000000000
    D(188) --> V(  1) amplitude = -0.2201
    D(201) --> V(  1) amplitude =  0.9427

 Excited state   7: excitation energy (eV) =    3.3035
 Total energy for state  7:                 -2285.03466466 au
    Multiplicity: Singlet
    Trans. Mom.: -0.4058 X   0.0593 Y   0.7066 Z
    Strength   :     0.0540213028
    D(201) --> V(  1) amplitude =  0.9114
    D(203) --> V(  1) amplitude = -0.2962

 Excited state   8: excitation energy (eV) =    3.3145
 Total energy for state  8:                 -2285.03426018 au
    Multiplicity: Singlet
    Trans. Mom.:  1.1393 X  -0.1547 Y  -2.1342 Z
    Strength   :     0.4772168576
    D(196) --> V(  1) amplitude = -0.2234
    D(201) --> V(  1) amplitude =  0.3131
    D(203) --> V(  1) amplitude =  0.8637
    D(204) --> V(  2) amplitude =  0.2283

 Excited state   9: excitation energy (eV) =    3.4018
 Total energy for state  9:                 -2285.03105072 au
    Multiplicity: Triplet
    Trans. Mom.:  0.0000 X   0.0000 Y   0.0000 Z
    Strength   :     0.0000000000
    D(199) --> V(  1) amplitude =  0.9519

 Excited state  10: excitation energy (eV) =    3.4409
 Total energy for state 10:                 -2285.02961379 au
    Multiplicity: Singlet
    Trans. Mom.:  0.0441 X   0.0019 Y   0.0436 Z
    Strength   :     0.0003246986
    D(199) --> V(  1) amplitude =  0.9598

 Excited state  11: excitation energy (eV) =    3.5375
 Total energy for state 11:                 -2285.02606353 au
    Multiplicity: Singlet
    Trans. Mom.: -0.0097 X   0.1331 Y   0.0129 Z
    Strength   :     0.0015573345
    D(202) --> V(  1) amplitude =  0.9343

 Excited state  12: excitation energy (eV) =    3.8244
 Total energy for state 12:                 -2285.01551999 au
    Multiplicity: Singlet
    Trans. Mom.: -1.3180 X   0.0251 Y  -0.7135 Z
    Strength   :     0.2105272577
    D(200) --> V(  1) amplitude =  0.9379
 
 ---------------------------------------------------
 Calculating Relaxed Density
 ---------------------------------------------------
 Iter    Rts Conv    Rts Left    Ttl Dev     Max Dev
 ---------------------------------------------------
   1         0           6      0.000347    0.000069
   2         0           6      0.000143    0.000033
   3         0           6      0.000033    0.000008
   4         0           6      0.000010    0.000002
   5         6           0      0.000000    0.000000    Roots Converged
 ---------------------------------------------------
 Triplets done- using as guess for singlets
 ---------------------------------------------------
 Iter    Rts Conv    Rts Left    Ttl Dev     Max Dev
 ---------------------------------------------------
   1         0           6      0.000457    0.000094
   2         0           6      0.000160    0.000032
   3         0           6      0.000041    0.000008
   4         0           6      0.000013    0.000002
   5         6           0      0.000000    0.000000    Roots Converged
 ---------------------------------------------------
  SETman timing summary (seconds)
  CPU time             26397.63s
  System time              0.00s
  Wall time             3975.55s



*********SPIN-ORBIT COUPLING JOB BEGINS HERE*********


=======================================================================================
    SPIN-ORBIT COUPLING BETWEEN THE SINGLET GROUND STATE AND EXCITED TRIPLET STATE
=======================================================================================

SOC between the singlet ground state and excited triplet states (ms=0):
T1(ms=0)      0.000000  +  -0.058632i    cm-1
T2(ms=0)      0.000000  +  0.311498i    cm-1
T3(ms=0)      0.000000  +  -0.087128i    cm-1
T4(ms=0)      0.000000  +  0.164808i    cm-1
T5(ms=0)      0.000000  +  4.679397i    cm-1
T6(ms=0)      0.000000  +  0.176057i    cm-1
SOC between the singlet ground state and excited triplet states (ms=1):
T1(ms=1)      0.767488  + (0.066583i)    cm-1
T2(ms=1)      0.008632  + (-0.028489i)    cm-1
T3(ms=1)      0.060001  + (-0.021261i)    cm-1
T4(ms=1)      0.023177  + (0.192173i)    cm-1
T5(ms=1)      -0.414598  + (6.227602i)    cm-1
T6(ms=1)      -0.201813  + (0.285041i)    cm-1
SOC between the singlet ground state and excited triplet states (ms=-1):
T1(ms=-1)     0.767488  - (0.066583i)    cm-1
T2(ms=-1)     0.008632  - (-0.028489i)    cm-1
T3(ms=-1)     0.060001  - (-0.021261i)    cm-1
T4(ms=-1)     0.023177  - (0.192173i)    cm-1
T5(ms=-1)     -0.414598  - (6.227602i)    cm-1
T6(ms=-1)     -0.201813  - (0.285041i)    cm-1
Total SOC between the singlet ground state and excited triplet states:
T1      1.091045    cm-1
T2      0.314330    cm-1
T3      0.125281    cm-1
T4      0.319526    cm-1
T5      9.990326    cm-1
T6      0.524357    cm-1




=======================================================================================
                     SPIN-ORBIT COUPLING BETWEEN EXCITED TRIPLET STATES
=======================================================================================

SOC between the T1 (ms=0) state and excited triplet states (ms=1):
T2(ms=1)      0.001743  + (-0.060574i)    cm-1
T3(ms=1)      0.006463  + (-0.058110i)    cm-1
T4(ms=1)      0.395034  + (0.028311i)    cm-1
T5(ms=1)      -0.030457  + (0.231828i)    cm-1
T6(ms=1)      -0.033157  + (-0.060250i)    cm-1
SOC between the T1 (ms=0) state and excited triplet states (ms=-1):
T2(ms=-1)     -0.001743  + (-0.060574i)    cm-1
T3(ms=-1)     -0.006463  + (-0.058110i)    cm-1
T4(ms=-1)     -0.395034  + (0.028311i)    cm-1
T5(ms=-1)     0.030457  + (0.231828i)    cm-1
T6(ms=-1)     0.033157  + (-0.060250i)    cm-1
SOC between the T1 (ms=1) state and excited triplet states (ms=0):
T2(ms=0)      -0.001743  + (-0.060574i)    cm-1
T3(ms=0)      -0.006463  + (-0.058110i)    cm-1
T4(ms=0)      -0.395034  + (0.028311i)    cm-1
T5(ms=0)      0.030457  + (0.231828i)    cm-1
T6(ms=0)      0.033157  + (-0.060250i)    cm-1
SOC between the T1 (ms=1) state and excited triplet states (ms=1):
T2(ms=1)      0.000000  + (-0.071738i)    cm-1
T3(ms=1)      0.000000  + (0.050657i)    cm-1
T4(ms=1)      0.000000  + (-0.061448i)    cm-1
T5(ms=1)      0.000000  + (-0.601372i)    cm-1
T6(ms=1)      0.000000  + (0.016733i)    cm-1
SOC between the T1 (ms=-1) state and excited triplet states (ms=0):
T2(ms=0)      0.001743  + (-0.060574i)    cm-1
T3(ms=0)      0.006463  + (-0.058110i)    cm-1
T4(ms=0)      0.395034  + (0.028311i)    cm-1
T5(ms=0)      -0.030457  + (0.231828i)    cm-1
T6(ms=0)      -0.033157  + (-0.060250i)    cm-1
SOC between the T1 (ms=-1) state and excited triplet states (ms=-1):
T2(ms=-1)     0.000000  + (0.071738i)    cm-1
T3(ms=-1)     0.000000  + (-0.050657i)    cm-1
T4(ms=-1)     0.000000  + (0.061448i)    cm-1
T5(ms=-1)     0.000000  + (0.601372i)    cm-1
T6(ms=-1)     0.000000  + (-0.016733i)    cm-1
Total SOC between the T1 state and excited triplet states:
T2      0.158055    cm-1
T3      0.137136    cm-1
T4      0.796848    cm-1
T5      0.970558    cm-1
T6      0.139563    cm-1



SOC between the T2 (ms=0) state and excited triplet states (ms=1):
T3(ms=1)      0.280395  + (-0.003735i)    cm-1
T4(ms=1)      -0.001714  + (-0.022074i)    cm-1
T5(ms=1)      0.089818  + (0.105589i)    cm-1
T6(ms=1)      -0.006901  + (-0.998587i)    cm-1
SOC between the T2 (ms=0) state and excited triplet states (ms=-1):
T3(ms=-1)     -0.280395  + (-0.003735i)    cm-1
T4(ms=-1)     0.001714  + (-0.022074i)    cm-1
T5(ms=-1)     -0.089818  + (0.105589i)    cm-1
T6(ms=-1)     0.006901  + (-0.998587i)    cm-1
SOC between the T2 (ms=1) state and excited triplet states (ms=0):
T3(ms=0)      -0.280395  + (-0.003735i)    cm-1
T4(ms=0)      0.001714  + (-0.022074i)    cm-1
T5(ms=0)      -0.089818  + (0.105589i)    cm-1
T6(ms=0)      0.006901  + (-0.998587i)    cm-1
SOC between the T2 (ms=1) state and excited triplet states (ms=1):
T3(ms=1)      0.000000  + (-0.014581i)    cm-1
T4(ms=1)      0.000000  + (-0.048700i)    cm-1
T5(ms=1)      0.000000  + (0.083801i)    cm-1
T6(ms=1)      0.000000  + (-0.699236i)    cm-1
SOC between the T2 (ms=-1) state and excited triplet states (ms=0):
T3(ms=0)      0.280395  + (-0.003735i)    cm-1
T4(ms=0)      -0.001714  + (-0.022074i)    cm-1
T5(ms=0)      0.089818  + (0.105589i)    cm-1
T6(ms=0)      -0.006901  + (-0.998587i)    cm-1
SOC between the T2 (ms=-1) state and excited triplet states (ms=-1):
T3(ms=-1)     0.000000  + (0.014581i)    cm-1
T4(ms=-1)     0.000000  + (0.048700i)    cm-1
T5(ms=-1)     0.000000  + (-0.083801i)    cm-1
T6(ms=-1)     0.000000  + (0.699236i)    cm-1
Total SOC between the T2 state and excited triplet states:
T3      0.561219    cm-1
T4      0.081879    cm-1
T5      0.301514    cm-1
T6      2.228623    cm-1



SOC between the T3 (ms=0) state and excited triplet states (ms=1):
T4(ms=1)      0.001639  + (-0.013138i)    cm-1
T5(ms=1)      0.019425  + (0.240898i)    cm-1
T6(ms=1)      0.157095  + (-1.064987i)    cm-1
SOC between the T3 (ms=0) state and excited triplet states (ms=-1):
T4(ms=-1)     -0.001639  + (-0.013138i)    cm-1
T5(ms=-1)     -0.019425  + (0.240898i)    cm-1
T6(ms=-1)     -0.157095  + (-1.064987i)    cm-1
SOC between the T3 (ms=1) state and excited triplet states (ms=0):
T4(ms=0)      -0.001639  + (-0.013138i)    cm-1
T5(ms=0)      -0.019425  + (0.240898i)    cm-1
T6(ms=0)      -0.157095  + (-1.064987i)    cm-1
SOC between the T3 (ms=1) state and excited triplet states (ms=1):
T4(ms=1)      0.000000  + (-0.020642i)    cm-1
T5(ms=1)      0.000000  + (-0.517208i)    cm-1
T6(ms=1)      0.000000  + (2.823076i)    cm-1
SOC between the T3 (ms=-1) state and excited triplet states (ms=0):
T4(ms=0)      0.001639  + (-0.013138i)    cm-1
T5(ms=0)      0.019425  + (0.240898i)    cm-1
T6(ms=0)      0.157095  + (-1.064987i)    cm-1
SOC between the T3 (ms=-1) state and excited triplet states (ms=-1):
T4(ms=-1)     0.000000  + (0.020642i)    cm-1
T5(ms=-1)     0.000000  + (0.517208i)    cm-1
T6(ms=-1)     0.000000  + (-2.823076i)    cm-1
Total SOC between the T3 state and excited triplet states:
T4      0.039413    cm-1
T5      0.876725    cm-1
T6      4.535970    cm-1



SOC between the T4 (ms=0) state and excited triplet states (ms=1):
T5(ms=1)      -0.027677  + (0.678710i)    cm-1
T6(ms=1)      -0.147983  + (0.229899i)    cm-1
SOC between the T4 (ms=0) state and excited triplet states (ms=-1):
T5(ms=-1)     0.027677  + (0.678710i)    cm-1
T6(ms=-1)     0.147983  + (0.229899i)    cm-1
SOC between the T4 (ms=1) state and excited triplet states (ms=0):
T5(ms=0)      0.027677  + (0.678710i)    cm-1
T6(ms=0)      0.147983  + (0.229899i)    cm-1
SOC between the T4 (ms=1) state and excited triplet states (ms=1):
T5(ms=1)      0.000000  + (0.476608i)    cm-1
T6(ms=1)      0.000000  + (0.188075i)    cm-1
SOC between the T4 (ms=-1) state and excited triplet states (ms=0):
T5(ms=0)      -0.027677  + (0.678710i)    cm-1
T6(ms=0)      -0.147983  + (0.229899i)    cm-1
SOC between the T4 (ms=-1) state and excited triplet states (ms=-1):
T5(ms=-1)     0.000000  + (-0.476608i)    cm-1
T6(ms=-1)     0.000000  + (-0.188075i)    cm-1
Total SOC between the T4 state and excited triplet states:
T5      1.516564    cm-1
T6      0.608075    cm-1



SOC between the T5 (ms=0) state and excited triplet states (ms=1):
T6(ms=1)      -0.022924  + (-0.003408i)    cm-1
SOC between the T5 (ms=0) state and excited triplet states (ms=-1):
T6(ms=-1)     0.022924  + (-0.003408i)    cm-1
SOC between the T5 (ms=1) state and excited triplet states (ms=0):
T6(ms=0)      0.022924  + (-0.003408i)    cm-1
SOC between the T5 (ms=1) state and excited triplet states (ms=1):
T6(ms=1)      0.000000  + (0.020898i)    cm-1
SOC between the T5 (ms=-1) state and excited triplet states (ms=0):
T6(ms=0)      -0.022924  + (-0.003408i)    cm-1
SOC between the T5 (ms=-1) state and excited triplet states (ms=-1):
T6(ms=-1)     0.000000  + (-0.020898i)    cm-1
Total SOC between the T5 state and excited triplet states:
T6      0.054972    cm-1







=======================================================================================
         SPIN-ORBIT COUPLING BETWEEN EXCITED SINGLET STATES AND TRIPLET STATES
=======================================================================================

SOC between the S1 state and excited triplet states (ms=0):
T1(ms=0)      0.000000  +  -0.015251i    cm-1
T2(ms=0)      0.000000  +  -0.082334i    cm-1
T3(ms=0)      0.000000  +  0.079512i    cm-1
T4(ms=0)      0.000000  +  -0.070749i    cm-1
T5(ms=0)      0.000000  +  -0.706151i    cm-1
T6(ms=0)      0.000000  +  -0.026030i    cm-1
SOC between the S1 state and excited triplet states (ms=1):
T1(ms=1)      (-0.001043)  + (-0.006973i)    cm-1
T2(ms=1)      (-0.021124)  + (0.045015i)    cm-1
T3(ms=1)      (-0.008362)  + (0.075243i)    cm-1
T4(ms=1)      (-0.494998)  + (-0.034626i)    cm-1
T5(ms=1)      (0.038985)  + (-0.289966i)    cm-1
T6(ms=1)      (0.036110)  + (0.048958i)    cm-1
SOC between the S1 state and excited triplet states (ms=-1):
T1(ms=-1)    -(-0.001043)  + (-0.006973i)    cm-1
T2(ms=-1)    -(-0.021124)  + (0.045015i)    cm-1
T3(ms=-1)    -(-0.008362)  + (0.075243i)    cm-1
T4(ms=-1)    -(-0.494998)  + (-0.034626i)    cm-1
T5(ms=-1)    -(0.038985)  + (-0.289966i)    cm-1
T6(ms=-1)    -(0.036110)  + (0.048958i)    cm-1
Total SOC between the S1 state and excited triplet states:
T1      0.018221    cm-1
T2      0.108278    cm-1
T3      0.133361    cm-1
T4      0.705301    cm-1
T5      0.818443    cm-1
T6      0.089884    cm-1



SOC between the S2 state and excited triplet states (ms=0):
T1(ms=0)      0.000000  +  0.471940i    cm-1
T2(ms=0)      0.000000  +  -0.094500i    cm-1
T3(ms=0)      0.000000  +  0.505722i    cm-1
T4(ms=0)      0.000000  +  -0.383953i    cm-1
T5(ms=0)      0.000000  +  0.163112i    cm-1
T6(ms=0)      0.000000  +  -0.755757i    cm-1
SOC between the S2 state and excited triplet states (ms=1):
T1(ms=1)      (0.006396)  + (0.196418i)    cm-1
T2(ms=1)      (-0.182899)  + (0.087474i)    cm-1
T3(ms=1)      (0.012187)  + (0.234466i)    cm-1
T4(ms=1)      (-0.020976)  + (0.558317i)    cm-1
T5(ms=1)      (0.006170)  + (0.045851i)    cm-1
T6(ms=1)      (0.068037)  + (-0.299018i)    cm-1
SOC between the S2 state and excited triplet states (ms=-1):
T1(ms=-1)    -(0.006396)  + (0.196418i)    cm-1
T2(ms=-1)    -(-0.182899)  + (0.087474i)    cm-1
T3(ms=-1)    -(0.012187)  + (0.234466i)    cm-1
T4(ms=-1)    -(-0.020976)  + (0.558317i)    cm-1
T5(ms=-1)    -(0.006170)  + (0.045851i)    cm-1
T6(ms=-1)    -(0.068037)  + (-0.299018i)    cm-1
Total SOC between the S2 state and excited triplet states:
T1      0.547695    cm-1
T2      0.301890    cm-1
T3      0.604980    cm-1
T4      0.878485    cm-1
T5      0.175745    cm-1
T6      0.871349    cm-1



SOC between the S3 state and excited triplet states (ms=0):
T1(ms=0)      0.000000  +  0.048833i    cm-1
T2(ms=0)      0.000000  +  0.012585i    cm-1
T3(ms=0)      0.000000  +  0.159696i    cm-1
T4(ms=0)      0.000000  +  -0.152901i    cm-1
T5(ms=0)      0.000000  +  -0.422952i    cm-1
T6(ms=0)      0.000000  +  2.166516i    cm-1
SOC between the S3 state and excited triplet states (ms=1):
T1(ms=1)      (0.014110)  + (-0.030607i)    cm-1
T2(ms=1)      (0.761400)  + (0.057423i)    cm-1
T3(ms=1)      (-0.004880)  + (0.073231i)    cm-1
T4(ms=1)      (-0.021422)  + (0.195727i)    cm-1
T5(ms=1)      (-0.026318)  + (-0.204001i)    cm-1
T6(ms=1)      (-0.103157)  + (0.828741i)    cm-1
SOC between the S3 state and excited triplet states (ms=-1):
T1(ms=-1)    -(0.014110)  + (-0.030607i)    cm-1
T2(ms=-1)    -(0.761400)  + (0.057423i)    cm-1
T3(ms=-1)    -(-0.004880)  + (0.073231i)    cm-1
T4(ms=-1)    -(-0.021422)  + (0.195727i)    cm-1
T5(ms=-1)    -(-0.026318)  + (-0.204001i)    cm-1
T6(ms=-1)    -(-0.103157)  + (0.828741i)    cm-1
Total SOC between the S3 state and excited triplet states:
T1      0.068238    cm-1
T2      1.079913    cm-1
T3      0.190462    cm-1
T4      0.317670    cm-1
T5      0.513329    cm-1
T6      2.467528    cm-1



SOC between the S4 state and excited triplet states (ms=0):
T1(ms=0)      0.000000  +  -0.039202i    cm-1
T2(ms=0)      0.000000  +  0.637710i    cm-1
T3(ms=0)      0.000000  +  -2.615002i    cm-1
T4(ms=0)      0.000000  +  -0.183755i    cm-1
T5(ms=0)      0.000000  +  -0.022090i    cm-1
T6(ms=0)      0.000000  +  -0.031885i    cm-1
SOC between the S4 state and excited triplet states (ms=1):
T1(ms=1)      (-0.031117)  + (-0.068662i)    cm-1
T2(ms=1)      (-0.013208)  + (-0.914069i)    cm-1
T3(ms=1)      (0.148610)  + (-0.983259i)    cm-1
T4(ms=1)      (-0.145524)  + (0.225609i)    cm-1
T5(ms=1)      (-0.017086)  + (-0.004352i)    cm-1
T6(ms=1)      (-0.000940)  + (-0.000805i)    cm-1
SOC between the S4 state and excited triplet states (ms=-1):
T1(ms=-1)    -(-0.031117)  + (-0.068662i)    cm-1
T2(ms=-1)    -(-0.013208)  + (-0.914069i)    cm-1
T3(ms=-1)    -(0.148610)  + (-0.983259i)    cm-1
T4(ms=-1)    -(-0.145524)  + (0.225609i)    cm-1
T5(ms=-1)    -(-0.017086)  + (-0.004352i)    cm-1
T6(ms=-1)    -(-0.000940)  + (-0.000805i)    cm-1
Total SOC between the S4 state and excited triplet states:
T1      0.113588    cm-1
T2      1.441551    cm-1
T3      2.969176    cm-1
T4      0.421805    cm-1
T5      0.033313    cm-1
T6      0.031933    cm-1



SOC between the S5 state and excited triplet states (ms=0):
T1(ms=0)      0.000000  +  0.045614i    cm-1
T2(ms=0)      0.000000  +  -0.072313i    cm-1
T3(ms=0)      0.000000  +  -0.007353i    cm-1
T4(ms=0)      0.000000  +  0.020511i    cm-1
T5(ms=0)      0.000000  +  0.311221i    cm-1
T6(ms=0)      0.000000  +  0.095854i    cm-1
SOC between the S5 state and excited triplet states (ms=1):
T1(ms=1)      (0.730718)  + (0.037297i)    cm-1
T2(ms=1)      (-0.005892)  + (-0.095732i)    cm-1
T3(ms=1)      (0.002926)  + (-0.023857i)    cm-1
T4(ms=1)      (0.002578)  + (-0.031648i)    cm-1
T5(ms=1)      (0.018223)  + (-0.440794i)    cm-1
T6(ms=1)      (0.091036)  + (-0.145979i)    cm-1
SOC between the S5 state and excited triplet states (ms=-1):
T1(ms=-1)    -(0.730718)  + (0.037297i)    cm-1
T2(ms=-1)    -(-0.005892)  + (-0.095732i)    cm-1
T3(ms=-1)    -(0.002926)  + (-0.023857i)    cm-1
T4(ms=-1)    -(0.002578)  + (-0.031648i)    cm-1
T5(ms=-1)    -(0.018223)  + (-0.440794i)    cm-1
T6(ms=-1)    -(0.091036)  + (-0.145979i)    cm-1
Total SOC between the S5 state and excited triplet states:
T1      1.035742    cm-1
T2      0.153714    cm-1
T3      0.034778    cm-1
T4      0.049368    cm-1
T5      0.697225    cm-1
T6      0.261501    cm-1



SOC between the S6 state and excited triplet states (ms=0):
T1(ms=0)      0.000000  +  0.083207i    cm-1
T2(ms=0)      0.000000  +  -0.000206i    cm-1
T3(ms=0)      0.000000  +  -0.077303i    cm-1
T4(ms=0)      0.000000  +  0.001296i    cm-1
T5(ms=0)      0.000000  +  0.122328i    cm-1
T6(ms=0)      0.000000  +  -0.527729i    cm-1
SOC between the S6 state and excited triplet states (ms=1):
T1(ms=1)      (0.001620)  + (-0.068056i)    cm-1
T2(ms=1)      (-0.008185)  + (-0.024031i)    cm-1
T3(ms=1)      (-0.555778)  + (-0.032939i)    cm-1
T4(ms=1)      (-0.001578)  + (0.057030i)    cm-1
T5(ms=1)      (-0.092325)  + (-0.126625i)    cm-1
T6(ms=1)      (0.019681)  + (0.742986i)    cm-1
SOC between the S6 state and excited triplet states (ms=-1):
T1(ms=-1)    -(0.001620)  + (-0.068056i)    cm-1
T2(ms=-1)    -(-0.008185)  + (-0.024031i)    cm-1
T3(ms=-1)    -(-0.555778)  + (-0.032939i)    cm-1
T4(ms=-1)    -(-0.001578)  + (0.057030i)    cm-1
T5(ms=-1)    -(-0.092325)  + (-0.126625i)    cm-1
T6(ms=-1)    -(0.019681)  + (0.742986i)    cm-1
Total SOC between the S6 state and excited triplet states:
T1      0.127247    cm-1
T2      0.035903    cm-1
T3      0.791154    cm-1
T4      0.080694    cm-1
T5      0.253139    cm-1
T6      1.176150    cm-1






            *********SOC CODE ENDS HERE*********



 
 --------------------------------------------------------------
 
                    Orbital Energies (a.u.)
 --------------------------------------------------------------
 
 Alpha MOs
 -- Occupied --
-10.467 -10.467 -10.466 -10.466 -10.463 -10.463 -10.463 -10.463
-10.462 -10.462 -10.462 -10.462 -10.458 -10.458 -10.458 -10.458
-10.449 -10.449 -10.449 -10.449 -10.449 -10.449 -10.448 -10.448
-10.447 -10.447 -10.447 -10.447 -10.447 -10.447 -10.447 -10.446
-10.446 -10.446 -10.445 -10.445 -10.445 -10.445 -10.435 -10.435
-10.435 -10.435 -10.430 -10.430 -10.430 -10.430 -10.429 -10.429
-10.429 -10.429 -10.429 -10.429 -10.424 -10.424 -10.423 -10.423
-10.418 -10.417  -6.941  -6.940  -0.996  -0.996  -0.960  -0.960
 -0.956  -0.954  -0.950  -0.949  -0.902  -0.900  -0.878  -0.877
 -0.876  -0.868  -0.866  -0.866  -0.865  -0.865  -0.850  -0.850
 -0.819  -0.817  -0.814  -0.800  -0.795  -0.795  -0.779  -0.779
 -0.758  -0.755  -0.755  -0.755  -0.754  -0.753  -0.729  -0.715
 -0.713  -0.707  -0.685  -0.678  -0.667  -0.664  -0.663  -0.653
 -0.642  -0.642  -0.637  -0.637  -0.620  -0.614  -0.610  -0.604
 -0.576  -0.567  -0.563  -0.561  -0.550  -0.542  -0.539  -0.539
 -0.539  -0.538  -0.531  -0.529  -0.527  -0.511  -0.511  -0.505
 -0.498  -0.495  -0.491  -0.491  -0.490  -0.486  -0.485  -0.480
 -0.480  -0.479  -0.478  -0.477  -0.476  -0.475  -0.470  -0.469
 -0.469  -0.464  -0.464  -0.463  -0.462  -0.461  -0.458  -0.454
 -0.454  -0.453  -0.452  -0.449  -0.449  -0.445  -0.444  -0.444
 -0.438  -0.437  -0.436  -0.434  -0.420  -0.420  -0.420  -0.413
 -0.411  -0.410  -0.409  -0.409  -0.408  -0.407  -0.407  -0.402
 -0.399  -0.391  -0.379  -0.379  -0.378  -0.377  -0.377  -0.377
 -0.364  -0.354  -0.347  -0.343  -0.331  -0.330  -0.327  -0.326
 -0.320  -0.317  -0.282  -0.274  -0.270  -0.270  -0.264  -0.263
 -0.261  -0.253  -0.249  -0.245
 -- Virtual --
 -0.084  -0.044  -0.024  -0.016  -0.015  -0.007   0.009   0.025
  0.025   0.035   0.035   0.042   0.051   0.062   0.062   0.080
  0.090   0.129   0.132   0.140   0.140   0.141   0.146   0.153
  0.158   0.161   0.163   0.164   0.170   0.172   0.173   0.175
  0.176   0.176   0.177   0.181   0.182   0.183   0.184   0.188
  0.189   0.189   0.191   0.196   0.196   0.201   0.202   0.209
  0.209   0.211   0.212   0.216   0.218   0.219   0.221   0.222
  0.223   0.227   0.229   0.232   0.232   0.233   0.234   0.235
  0.237   0.241   0.243   0.244   0.245   0.245   0.250   0.252
  0.253   0.257   0.259   0.261   0.261   0.263   0.266   0.268
  0.273   0.275   0.284   0.285   0.285   0.294   0.298   0.301
  0.302   0.303   0.305   0.313   0.315   0.317   0.321   0.325
  0.329   0.329   0.336   0.340   0.341   0.345   0.346   0.351
  0.359   0.374   0.375   0.382   0.383   0.386   0.393   0.395
  0.398   0.399   0.404   0.406   0.410   0.411   0.417   0.420
  0.420   0.435   0.436   0.440   0.441   0.458   0.467   0.474
  0.476   0.481   0.487   0.490   0.492   0.492   0.493   0.496
  0.499   0.501   0.502   0.502   0.504   0.504   0.506   0.507
  0.508   0.510   0.511   0.515   0.516   0.519   0.523   0.524
  0.532   0.534   0.536   0.538   0.544   0.546   0.549   0.551
  0.553   0.554   0.555   0.557   0.565   0.567   0.569   0.569
  0.574   0.575   0.577   0.577   0.582   0.583   0.587   0.591
  0.594   0.597   0.598   0.600   0.601   0.602   0.603   0.605
  0.605   0.607   0.607   0.608   0.610   0.611   0.611   0.614
  0.620   0.622   0.623   0.627   0.631   0.633   0.636   0.637
  0.640   0.641   0.644   0.648   0.648   0.652   0.654   0.659
  0.660   0.663   0.665   0.673   0.674   0.680   0.686   0.687
  0.688   0.690   0.693   0.695   0.700   0.703   0.703   0.704
  0.705   0.706   0.707   0.708   0.717   0.720   0.728   0.729
  0.732   0.732   0.735   0.739   0.741   0.742   0.745   0.753
  0.756   0.758   0.762   0.764   0.764   0.765   0.768   0.771
  0.773   0.778   0.781   0.783   0.786   0.787   0.792   0.795
  0.801   0.807   0.808   0.811   0.813   0.816   0.817   0.820
  0.822   0.826   0.845   0.849   0.850   0.862   0.864   0.865
  0.871   0.878   0.881   0.884   0.886   0.907   0.918   0.920
  0.935   0.941   0.944   0.946   0.948   0.948   0.948   0.955
  0.956   0.960   0.966   0.971   0.988   1.001   1.003   1.006
  1.010   1.010   1.012   1.012   1.014   1.015   1.020   1.022
  1.026   1.028   1.029   1.035   1.036   1.039   1.043   1.044
  1.045   1.051   1.052   1.053   1.056   1.057   1.058   1.062
  1.066   1.067   1.067   1.069   1.072   1.073   1.075   1.078
  1.079   1.080   1.087   1.088   1.091   1.092   1.095   1.097
  1.099   1.104   1.112   1.114   1.115   1.117   1.118   1.120
  1.123   1.126   1.129   1.131   1.132   1.134   1.137   1.138
  1.139   1.145   1.148   1.149   1.155   1.156   1.163   1.167
  1.172   1.179   1.181   1.191   1.192   1.211   1.212   1.215
  1.216   1.225   1.235   1.238   1.245   1.247   1.248   1.249
  1.255   1.261   1.267   1.269   1.274   1.275   1.278   1.281
  1.284   1.289   1.291   1.309   1.310   1.311   1.316   1.317
  1.321   1.327   1.336   1.343   1.350   1.351   1.355   1.364
  1.365   1.369   1.375   1.379   1.387   1.387   1.394   1.395
  1.400   1.406   1.408   1.409   1.411   1.411   1.414   1.438
  1.439   1.441   1.442   1.445   1.447   1.457   1.460   1.464
  1.474   1.475   1.484   1.486   1.492   1.496   1.497   1.508
  1.512   1.513   1.518   1.520   1.522   1.524   1.527   1.530
  1.531   1.536   1.545   1.555   1.555   1.555   1.556   1.557
  1.558   1.563   1.564   1.569   1.573   1.583   1.584   1.587
  1.589   1.590   1.597   1.602   1.605   1.613   1.617   1.619
  1.624   1.653   1.655   1.669   1.670   1.671   1.683   1.693
  1.695   1.706   1.715   1.722   1.752   1.758   1.765   1.773
  1.774   1.780   1.796   1.804   1.805   1.806   1.815   1.830
  1.839   1.840   1.841   1.846   1.853   1.857   1.862   1.867
  1.870   1.872   1.885   1.886   1.888   1.892   1.901   1.906
  1.909   1.911   1.918   1.925   1.927   1.929   1.932   1.935
  1.936   1.937   1.941   1.948   1.954   1.954   1.956   1.957
  1.957   1.958   1.958   1.959   1.959   1.960   1.962   1.967
  1.973   1.988   1.994   1.996   1.998   1.999   2.005   2.020
  2.027   2.029   2.030   2.036   2.044   2.057   2.058   2.062
  2.074   2.076   2.079   2.084   2.086   2.088   2.106   2.127
  2.129   2.130   2.148   2.148   2.152   2.158   2.159   2.163
  2.171   2.176   2.194   2.207   2.214   2.215   2.216   2.221
  2.223   2.226   2.230   2.233   2.233   2.234   2.235   2.236
  2.246   2.262   2.272   2.275   2.277   2.278   2.282   2.283
  2.290   2.295   2.301   2.306   2.325   2.325   2.328   2.331
  2.343   2.346   2.346   2.348   2.350   2.351   2.354   2.355
  2.357   2.361   2.362   2.362   2.365   2.369   2.371   2.373
  2.374   2.374   2.376   2.381   2.385   2.388   2.392   2.395
  2.402   2.406   2.410   2.413   2.415   2.420   2.425   2.429
  2.430   2.432   2.433   2.436   2.440   2.444   2.447   2.448
  2.454   2.455   2.460   2.465   2.469   2.471   2.475   2.478
  2.484   2.489   2.494   2.498   2.508   2.515   2.516   2.518
  2.534   2.571   2.573   2.584   2.601   2.601   2.624   2.644
  2.653   2.661   2.687   2.695   2.699   2.702   2.706   2.707
  2.711   2.714   2.714   2.715   2.725   2.733   2.734   2.740
  2.744   2.750   2.751   2.754   2.766   2.768   2.770   2.804
  2.806   2.806   2.812   2.820   2.826   2.835   2.850   2.855
  2.858   2.860   2.883   2.888   2.902   2.905   2.910   2.910
  2.924   2.927   2.934   2.937   2.939   2.940   2.940   2.943
  2.949   2.961   2.975   2.978   2.980   3.000   3.019   3.025
  3.025   3.028   3.051   3.079   3.087   3.126   3.156   3.164
  3.195   3.198   3.200   3.218   3.221   3.289   3.437   3.442
  3.443   3.476   3.534   3.535   3.543   3.567   3.671   3.687
  9.619   9.750  13.158  13.197  13.390  13.432  13.439  13.474
 13.514  13.551  13.676  13.711  13.714  13.718  13.759  13.776
 13.789  13.797  13.832  13.832  13.834  13.844  13.890  13.892
 13.901  13.902  13.909  13.921  13.955  13.998  14.018  14.024
 14.050  14.056  14.057  14.081  14.161  14.163  14.177  14.179
 14.189  14.190  14.192  14.209  14.221  14.235  14.240  14.248
 14.275  14.281  14.433  14.449  14.535  14.545  14.556  14.557
 14.578  14.582  14.586  14.587
 --------------------------------------------------------------
 
          Ground-State Mulliken Net Atomic Charges

     Atom                 Charge (a.u.)
  ----------------------------------------
      1 C                    -0.111276
      2 C                    -0.425782
      3 H                     0.243983
      4 C                     0.106709
      5 C                     0.111850
      6 C                    -0.427041
      7 H                     0.241947
      8 C                    -0.112872
      9 C                     0.127723
     10 C                    -0.387079
     11 H                     0.218575
     12 C                     0.137626
     13 C                    -0.268263
     14 H                     0.213307
     15 C                    -0.306130
     16 H                     0.205471
     17 C                     0.090987
     18 C                     0.126303
     19 C                    -0.386964
     20 H                     0.217391
     21 C                     0.137411
     22 C                    -0.268328
     23 H                     0.213272
     24 C                    -0.305566
     25 H                     0.205695
     26 C                     0.092386
     27 C                    -0.708720
     28 H                     0.227663
     29 H                     0.238179
     30 H                     0.238125
     31 C                    -0.708762
     32 H                     0.227527
     33 H                     0.237898
     34 H                     0.238701
     35 B                     0.674141
     36 C                    -0.112079
     37 C                    -0.426873
     38 H                     0.243182
     39 C                     0.108058
     40 C                     0.109998
     41 C                    -0.426223
     42 H                     0.241640
     43 C                    -0.112968
     44 C                     0.124888
     45 C                    -0.385713
     46 H                     0.217375
     47 C                     0.137037
     48 C                    -0.268001
     49 H                     0.213257
     50 C                    -0.306654
     51 H                     0.205735
     52 C                     0.094286
     53 C                     0.126943
     54 C                    -0.386177
     55 H                     0.217705
     56 C                     0.136998
     57 C                    -0.267978
     58 H                     0.213393
     59 C                    -0.306691
     60 H                     0.205442
     61 C                     0.092041
     62 C                    -0.708709
     63 H                     0.227682
     64 H                     0.238315
     65 H                     0.238067
     66 C                    -0.708741
     67 H                     0.227647
     68 H                     0.238433
     69 H                     0.238262
     70 B                     0.676979
     71 C                    -0.222781
     72 C                     0.063615
     73 C                    -0.344743
     74 H                     0.196586
     75 C                     0.130076
     76 C                    -0.338646
     77 H                     0.196767
     78 C                     0.058110
     79 C                    -0.709586
     80 H                     0.226167
     81 H                     0.229503
     82 H                     0.229511
     83 C                    -0.759495
     84 H                     0.234165
     85 H                     0.243674
     86 H                     0.244479
     87 C                    -0.755704
     88 H                     0.233198
     89 H                     0.244327
     90 H                     0.244704
     91 C                    -0.227529
     92 C                     0.057931
     93 C                    -0.344806
     94 H                     0.196679
     95 C                     0.130269
     96 C                    -0.337133
     97 H                     0.196979
     98 C                     0.064617
     99 C                    -0.709781
    100 H                     0.225891
    101 H                     0.230118
    102 H                     0.229563
    103 C                    -0.756673
    104 H                     0.233554
    105 H                     0.244076
    106 H                     0.242764
    107 C                    -0.756213
    108 H                     0.233499
    109 H                     0.245374
    110 H                     0.244252
  ----------------------------------------
  Sum of atomic charges =    -0.000000

 -----------------------------------------------------------------
                    Cartesian Multipole Moments
 -----------------------------------------------------------------
    Charge (ESU x 10^10)
                -0.0000
    Dipole Moment (Debye)
         X       0.0257      Y      -0.5529      Z       0.0546
       Tot       0.5562
    Quadrupole Moments (Debye-Ang)
        XX    -301.9054     XY      -1.9746     YY    -353.0247
        XZ       3.4264     YZ       3.3842     ZZ    -305.3667
    Octopole Moments (Debye-Ang^2)
       XXX       7.9516    XXY      71.3864    XYY      12.9838
       YYY     381.8183    XXZ     446.6509    XYZ      35.8575
       YYZ     504.9566    XZZ     -10.0082    YZZ      49.7368
       ZZZ    1341.0096
    Hexadecapole Moments (Debye-Ang^3)
      XXXX  -25972.2459   XXXY     630.7041   XXYY   -5203.5780
      XYYY     822.8875   YYYY   -2658.9347   XXXZ    2645.5142
      XXYZ    -330.0167   XYYZ    1397.1984   YYYZ   -1729.1274
      XXZZ  -10624.4573   XYZZ      39.4292   YYZZ   -7907.2176
      XZZZ    2857.6852   YZZZ    -984.5728   ZZZZ  -37339.6634
 -----------------------------------------------------------------
 -----------------------------------------------------------------
               TDA Excited-State Multipoles, State  1
 -----------------------------------------------------------------
    Charge (ESU x 10^10)
                -0.0000
    Dipole Moment (Debye)
         X       0.0212      Y      -0.7911      Z       0.0692
       Tot       0.7944
    Quadrupole Moments (Debye-Ang)
        XX    -301.1352     XY      -2.5821     YY    -354.1706
        XZ      -6.0986     YZ       4.8364     ZZ    -292.1634
    Octopole Moments (Debye-Ang^2)
       XXX       7.4934    XXY      66.7142    XYY      13.9375
       YYY     381.1649    XXZ     446.8009    XYZ      41.3455
       YYZ     505.4238    XZZ      17.1745    YZZ      37.5875
       ZZZ    1282.5036
    Hexadecapole Moments (Debye-Ang^3)
      XXXX  -25898.9638   XXXY     611.1369   XXYY   -5214.7419
      XYYY     820.3320   YYYY   -2675.4493   XXXZ    2386.8046
      XXYZ    -308.4038   XYYZ    1372.4208   YYYZ   -1722.4770
      XXZZ  -10521.9110   XYZZ      11.9277   YYZZ   -7890.3033
      XZZZ    2602.8943   YZZZ    -899.8262   ZZZZ  -36492.5386
 -----------------------------------------------------------------
 -----------------------------------------------------------------
               TDA Excited-State Multipoles, State  2
 -----------------------------------------------------------------
    Charge (ESU x 10^10)
                -0.0000
    Dipole Moment (Debye)
         X       0.0348      Y      -0.7485      Z       0.0761
       Tot       0.7531
    Quadrupole Moments (Debye-Ang)
        XX    -300.7954     XY      -2.4649     YY    -353.6145
        XZ      -3.9304     YZ       4.5559     ZZ    -294.2826
    Octopole Moments (Debye-Ang^2)
       XXX       8.0906    XXY      67.7016    XYY      13.7495
       YYY     381.1627    XXZ     445.4587    XYZ      40.4613
       YYZ     504.7818    XZZ      11.1821    YZZ      39.4734
       ZZZ    1293.0441
    Hexadecapole Moments (Debye-Ang^3)
      XXXX  -25915.6447   XXXY     615.7030   XXYY   -5209.6029
      XYYY     820.6368   YYYY   -2669.1243   XXXZ    2448.7436
      XXYZ    -312.4448   XYYZ    1377.9961   YYYZ   -1723.3722
      XXZZ  -10530.4926   XYZZ      15.2809   YYZZ   -7889.8699
      XZZZ    2634.9289   YZZZ    -912.6749   ZZZZ  -36628.7598
 -----------------------------------------------------------------
 -----------------------------------------------------------------
               TDA Excited-State Multipoles, State  3
 -----------------------------------------------------------------
    Charge (ESU x 10^10)
                -0.0000
    Dipole Moment (Debye)
         X      -0.0138      Y      -0.8994      Z       0.1854
       Tot       0.9184
    Quadrupole Moments (Debye-Ang)
        XX    -298.3698     XY      -2.8195     YY    -354.5821
        XZ      -8.3222     YZ       5.3120     ZZ    -287.0572
    Octopole Moments (Debye-Ang^2)
       XXX       5.8705    XXY      63.8544    XYY      14.3139
       YYY     380.8933    XXZ     444.4275    XYZ      42.6348
       YYZ     505.8952    XZZ      22.7373    YZZ      34.5523
       ZZZ    1263.4068
    Hexadecapole Moments (Debye-Ang^3)
      XXXX  -25762.2299   XXXY     599.3097   XXYY   -5215.5548
      XYYY     819.5960   YYYY   -2680.8357   XXXZ    2273.9627
      XXYZ    -299.4047   XYYZ    1366.5784   YYYZ   -1721.0328
      XXZZ  -10497.2930   XYZZ       9.8203   YYZZ   -7888.1041
      XZZZ    2621.5742   YZZZ    -882.1813   ZZZZ  -36212.4747
 -----------------------------------------------------------------
 -----------------------------------------------------------------
               TDA Excited-State Multipoles, State  4
 -----------------------------------------------------------------
    Charge (ESU x 10^10)
                -0.0000
    Dipole Moment (Debye)
         X       0.0540      Y      -0.9425      Z       0.0220
       Tot       0.9443
    Quadrupole Moments (Debye-Ang)
        XX    -296.6340     XY      -2.9480     YY    -354.3214
        XZ      -8.5042     YZ       5.5607     ZZ    -284.2915
    Octopole Moments (Debye-Ang^2)
       XXX       7.8451    XXY      62.4342    XYY      14.5696
       YYY     380.6854    XXZ     440.5020    XYZ      43.4678
       YYZ     505.1280    XZZ      24.2851    YZZ      32.1641
       ZZZ    1245.3805
    Hexadecapole Moments (Debye-Ang^3)
      XXXX  -25675.1836   XXXY     592.6242   XXYY   -5210.5035
      XYYY     818.9068   YYYY   -2678.2780   XXXZ    2247.1366
      XXYZ    -294.0099   XYYZ    1366.3999   YYYZ   -1720.0421
      XXZZ  -10465.3163   XYZZ       5.8102   YYZZ   -7882.1880
      XZZZ    2620.3586   YZZZ    -863.1448   ZZZZ  -36001.7020
 -----------------------------------------------------------------
 -----------------------------------------------------------------
               TDA Excited-State Multipoles, State  5
 -----------------------------------------------------------------
    Charge (ESU x 10^10)
                -0.0000
    Dipole Moment (Debye)
         X       0.0260      Y      -0.9670      Z       0.1003
       Tot       0.9726
    Quadrupole Moments (Debye-Ang)
        XX    -299.4542     XY      -3.0220     YY    -354.9669
        XZ     -12.3097     YZ       5.8715     ZZ    -282.4003
    Octopole Moments (Debye-Ang^2)
       XXX       6.9005    XXY      63.0274    XYY      14.7037
       YYY     380.7597    XXZ     445.7891    XYZ      45.3281
       YYZ     505.7404    XZZ      34.6413    YZZ      28.6661
       ZZZ    1239.4503
    Hexadecapole Moments (Debye-Ang^3)
      XXXX  -25808.6932   XXXY     596.1983   XXYY   -5220.0171
      XYYY     818.6261   YYYY   -2685.3945   XXXZ    2202.0088
      XXYZ    -292.1976   XYYZ    1357.0922   YYYZ   -1718.3713
      XXZZ  -10440.4284   XYZZ      -7.6819   YYZZ   -7879.0334
      XZZZ    2436.2968   YZZZ    -837.3903   ZZZZ  -35857.4152
 -----------------------------------------------------------------
 -----------------------------------------------------------------
               TDA Excited-State Multipoles, State  6
 -----------------------------------------------------------------
    Charge (ESU x 10^10)
                -0.0000
    Dipole Moment (Debye)
         X      -0.8363      Y      -0.0923      Z      -0.3913
       Tot       0.9279
    Quadrupole Moments (Debye-Ang)
        XX    -278.3905     XY      -0.9437     YY    -350.5298
        XZ      38.7477     YZ       0.2170     ZZ    -324.9699
    Octopole Moments (Debye-Ang^2)
       XXX     -17.2932    XXY      80.3420    XYY       8.7646
       YYY     383.0758    XXZ     396.4579    XYZ      23.7647
       YYZ     502.7632    XZZ    -117.5116    YZZ      75.2363
       ZZZ    1426.6869
    Hexadecapole Moments (Debye-Ang^3)
      XXXX  -25288.7389   XXXY     679.7315   XXYY   -5171.9721
      XYYY     826.7951   YYYY   -2620.3931   XXXZ    3765.6891
      XXYZ    -377.3823   XYYZ    1456.4412   YYYZ   -1743.1384
      XXZZ  -10476.1213   XYZZ      97.7144   YYZZ   -7933.5321
      XZZZ    3621.7428   YZZZ   -1163.2195   ZZZZ  -39001.4735
 -----------------------------------------------------------------
 -----------------------------------------------------------------
               TDA Excited-State Multipoles, State  7
 -----------------------------------------------------------------
    Charge (ESU x 10^10)
                -0.0000
    Dipole Moment (Debye)
         X      -1.0168      Y      -0.1899      Z      -0.6598
       Tot       1.2269
    Quadrupole Moments (Debye-Ang)
        XX    -278.2072     XY      -1.1324     YY    -350.6474
        XZ      36.4612     YZ       0.7329     ZZ    -320.6775
    Octopole Moments (Debye-Ang^2)
       XXX     -21.8591    XXY      78.4203    XYY       8.4796
       YYY     382.4759    XXZ     390.5208    XYZ      25.2500
       YYZ     502.1137    XZZ    -111.2406    YZZ      71.5184
       ZZZ    1403.5186
    Hexadecapole Moments (Debye-Ang^3)
      XXXX  -25265.3500   XXXY     672.0011   XXYY   -5172.5927
      XYYY     825.9659   YYYY   -2623.4164   XXXZ    3689.8765
      XXYZ    -368.3966   XYYZ    1451.5195   YYYZ   -1740.5034
      XXZZ  -10437.5606   XYZZ      90.2325   YYZZ   -7926.6698
      XZZZ    3569.8781   YZZZ   -1136.7795   ZZZZ  -38734.1604
 -----------------------------------------------------------------
 -----------------------------------------------------------------
               TDA Excited-State Multipoles, State  8
 -----------------------------------------------------------------
    Charge (ESU x 10^10)
                -0.0000
    Dipole Moment (Debye)
         X      -0.2259      Y      -0.8906      Z       0.4111
       Tot       1.0065
    Quadrupole Moments (Debye-Ang)
        XX    -292.9193     XY      -2.8597     YY    -354.2244
        XZ      -6.2923     YZ       5.2483     ZZ    -284.0448
    Octopole Moments (Debye-Ang^2)
       XXX      -1.3540    XXY      62.7595    XYY      14.0814
       YYY     381.2187    XXZ     438.5166    XYZ      43.2581
       YYZ     505.3219    XZZ      13.9564    YZZ      33.4252
       ZZZ    1260.0082
    Hexadecapole Moments (Debye-Ang^3)
      XXXX  -25546.9725   XXXY     597.9563   XXYY   -5207.6863
      XYYY     819.1462   YYYY   -2676.2167   XXXZ    2321.7160
      XXYZ    -297.5424   XYYZ    1369.3911   YYYZ   -1721.8249
      XXZZ  -10423.1461   XYZZ       8.1095   YYZZ   -7882.6728
      XZZZ    2659.2076   YZZZ    -875.4503   ZZZZ  -36055.3420
 -----------------------------------------------------------------
 -----------------------------------------------------------------
               TDA Excited-State Multipoles, State  9
 -----------------------------------------------------------------
    Charge (ESU x 10^10)
                -0.0000
    Dipole Moment (Debye)
         X       0.7832      Y      -0.0290      Z       0.5110
       Tot       0.9356
    Quadrupole Moments (Debye-Ang)
        XX    -273.8118     XY      -0.7813     YY    -349.7496
        XZ      42.9239     YZ      -0.4415     ZZ    -331.5050
    Octopole Moments (Debye-Ang^2)
       XXX      26.5504    XXY      82.1564    XYY      12.6184
       YYY     382.9546    XXZ     415.6946    XYZ      21.0638
       YYZ     504.5006    XZZ    -120.1291    YZZ      79.9249
       ZZZ    1455.2531
    Hexadecapole Moments (Debye-Ang^3)
      XXXX  -25161.5227   XXXY     688.8853   XXYY   -5164.4637
      XYYY     826.4535   YYYY   -2611.8491   XXXZ    3906.5524
      XXYZ    -388.5926   XYYZ    1461.5199   YYYZ   -1746.0165
      XXZZ  -10531.5434   XYZZ     109.2822   YYZZ   -7944.0955
      XZZZ    3698.8510   YZZZ   -1195.8015   ZZZZ  -39362.7119
 -----------------------------------------------------------------
 -----------------------------------------------------------------
               TDA Excited-State Multipoles, State 10
 -----------------------------------------------------------------
    Charge (ESU x 10^10)
                -0.0000
    Dipole Moment (Debye)
         X       1.1076      Y      -0.0255      Z       0.6923
       Tot       1.3065
    Quadrupole Moments (Debye-Ang)
        XX    -273.1671     XY      -0.7740     YY    -349.6738
        XZ      43.2287     YZ      -0.5149     ZZ    -332.3933
    Octopole Moments (Debye-Ang^2)
       XXX      35.3403    XXY      82.3715    XYY      13.4269
       YYY     382.9202    XXZ     420.1663    XYZ      20.7402
       YYZ     504.9246    XZZ    -119.1498    YZZ      80.4103
       ZZZ    1459.0455
    Hexadecapole Moments (Debye-Ang^3)
      XXXX  -25142.5580   XXXY     690.7160   XXYY   -5163.6161
      XYYY     826.0583   YYYY   -2611.0096   XXXZ    3918.9396
      XXYZ    -389.7285   XYYZ    1461.5923   YYYZ   -1746.4944
      XXZZ  -10543.2455   XYZZ     110.8822   YYZZ   -7945.8678
      XZZZ    3703.0681   YZZZ   -1199.0502   ZZZZ  -39404.3579
 -----------------------------------------------------------------
 -----------------------------------------------------------------
               TDA Excited-State Multipoles, State 11
 -----------------------------------------------------------------
    Charge (ESU x 10^10)
                -0.0000
    Dipole Moment (Debye)
         X       0.1196      Y      -1.2218      Z      -0.0285
       Tot       1.2280
    Quadrupole Moments (Debye-Ang)
        XX    -290.4068     XY      -3.7439     YY    -354.6983
        XZ     -16.3045     YZ       7.1805     ZZ    -267.7563
    Octopole Moments (Debye-Ang^2)
       XXX       9.3658    XXY      54.9663    XYY      15.9160
       YYY     379.8486    XXZ     431.0321    XYZ      49.9237
       YYZ     504.1537    XZZ      47.3358    YZZ      17.9003
       ZZZ    1170.2423
    Hexadecapole Moments (Debye-Ang^3)
      XXXX  -25374.4799   XXXY     561.2446   XXYY   -5206.4312
      XYYY     815.4664   YYYY   -2685.2451   XXXZ    1967.2534
      XXYZ    -263.6194   XYYZ    1347.0267   YYYZ   -1713.3811
      XXZZ  -10299.5199   XYZZ     -24.9111   YYZZ   -7857.8976
      XZZZ    2428.2965   YZZZ    -762.7408   ZZZZ  -34914.6264
 -----------------------------------------------------------------
 -----------------------------------------------------------------
               TDA Excited-State Multipoles, State 12
 -----------------------------------------------------------------
    Charge (ESU x 10^10)
                -0.0000
    Dipole Moment (Debye)
         X       0.0536      Y      -1.1217      Z       0.1058
       Tot       1.1280
    Quadrupole Moments (Debye-Ang)
        XX    -295.3609     XY      -3.4502     YY    -354.6428
        XZ     -16.3877     YZ       6.7484     ZZ    -272.7856
    Octopole Moments (Debye-Ang^2)
       XXX       7.9817    XXY      59.3650    XYY      15.4093
       YYY     380.1353    XXZ     438.8249    XYZ      49.6714
       YYZ     504.2216    XZZ      46.7837    YZZ      19.4950
       ZZZ    1199.1505
    Hexadecapole Moments (Debye-Ang^3)
      XXXX  -25686.2823   XXXY     582.2340   XXYY   -5213.2102
      XYYY     816.5405   YYYY   -2683.7201   XXXZ    2064.1312
      XXYZ    -274.7927   XYYZ    1347.3896   YYYZ   -1714.2061
      XXZZ  -10315.8463   XYZZ     -32.5379   YYZZ   -7859.3871
      XZZZ    2247.1041   YZZZ    -771.4561   ZZZZ  -35215.5351
 -----------------------------------------------------------------
Archival summary:
1\1\ctcp017\SP\ProcedureUnspecified\BasisUnspecified\58250\mewes1\TueNov1316:45:112018TueNov1316:45:112018\0\\#,ProcedureUnspecified,BasisUnspecified,\\0,1\C\C,1,1.3914\H,2,1.08102,1,116.509\C,2,1.38673,1,123.619,3,-178.337,0\C,4,1.44091,2,118.358,1,-1.072,0\C,5,1.39,4,118.299,2,-0.882094,0\H,6,1.08135,5,119.929,4,-179.59,0\C,6,1.39373,5,123.558,4,2.07001,0\C,4,1.45072,2,121.58,1,177.695,0\C,9,1.40389,4,121.238,2,1.82213,0\H,10,1.08141,9,119.85,4,0.801359,0\C,10,1.38099,9,122.803,4,-178.966,0\C,12,1.39303,10,117.709,9,-0.192719,0\H,13,1.08328,12,119.845,10,179.911,0\C,13,1.37941,12,120.756,10,-0.007296,0\H,15,1.08014,13,117.551,12,-179.978,0\C,15,1.39611,13,121.93,12,0.12332,0\C,5,1.45101,4,119.383,2,177.803,0\C,18,1.40284,5,121.168,4,-179.045,0\H,19,1.08118,18,119.628,5,-0.814129,0\C,19,1.38081,18,122.801,5,178.783,0\C,21,1.39281,19,117.749,18,0.148425,0\H,22,1.08308,21,119.915,19,-179.855,0\C,22,1.37949,21,120.743,19,-0.054921,0\H,24,1.08025,22,117.666,21,-179.768,0\C,24,1.39526,22,121.936,21,0.001473,0\C,21,1.49981,19,120.62,18,-179.484,0\H,27,1.08909,21,111.638,19,-179.131,0\H,27,1.09069,21,111.325,19,-58.7962,0\H,27,1.09086,21,111.217,19,60.6644,0\C,12,1.50035,10,120.693,9,179.567,0\H,31,1.08921,12,111.613,10,-179.917,0\H,31,1.09082,12,111.389,10,59.7992,0\H,31,1.09087,12,111.285,10,-59.7235,0\B,1,1.53049,2,120.123,3,3.12532,0\C,35,1.53048,1,117.18,2,174.926,0\C,36,1.39173,35,120.277,1,-174.211,0\H,37,1.08128,36,116.403,35,-2.41673,0\C,37,1.3872,36,123.6,35,176.229,0\C,39,1.44043,37,118.319,36,2.55142,0\C,40,1.38996,39,118.339,37,-1.77541,0\H,41,1.08099,40,119.873,39,-178.78,0\C,41,1.39348,40,123.602,39,-0.492121,0\C,40,1.45025,39,119.461,37,179.242,0\C,44,1.40255,40,121.113,39,-178.579,0\H,45,1.08124,44,119.57,40,0.657455,0\C,45,1.38048,44,122.783,40,-179.271,0\C,47,1.39311,45,117.688,44,-0.180391,0\H,48,1.08302,47,119.876,45,-179.973,0\C,48,1.37969,47,120.79,45,0.021683,0\H,50,1.08032,48,117.663,47,-179.932,0\C,50,1.3951,48,121.939,47,0.063908,0\C,39,1.45061,37,121.651,36,-176.096,0\C,53,1.40351,39,121.228,37,0.558152,0\H,54,1.08139,53,119.815,39,-0.508107,0\C,54,1.38074,53,122.828,39,178.857,0\C,56,1.393,54,117.661,53,-0.056849,0\H,57,1.08319,56,119.866,54,-179.8,0\C,57,1.37944,56,120.757,54,-0.022535,0\H,59,1.08014,57,117.526,56,-179.663,0\C,59,1.39599,57,121.975,56,0.08045,0\C,47,1.4997,45,120.643,44,179.724,0\H,62,1.08904,47,111.604,45,-179.816,0\H,62,1.09071,47,111.28,45,59.8653,0\H,62,1.09079,47,111.258,45,-59.5984,0\C,56,1.50044,54,120.645,53,-179.728,0\H,66,1.08913,56,111.637,54,179.834,0\H,66,1.09081,56,111.342,54,-59.8839,0\H,66,1.09091,56,111.317,54,59.5766,0\B,8,1.53215,6,120.995,5,175.999,0\C,70,1.5757,8,121.006,6,3.22918,0\C,71,1.39849,70,120.606,8,89.3896,0\C,72,1.39191,71,120.142,70,179.808,0\H,73,1.08522,72,119.231,71,-179.783,0\C,73,1.3876,72,121.433,71,0.073011,0\C,75,1.39029,73,118.134,72,0.265724,0\H,76,1.08588,75,119.237,73,179.737,0\C,76,1.38889,75,121.565,73,-0.28275,0\C,75,1.50136,73,121.435,72,-179.704,0\H,79,1.08955,75,111.626,73,0.141271,0\H,79,1.09143,75,111.491,73,-120.164,0\H,79,1.09152,75,111.443,73,120.327,0\C,72,1.50341,71,119.653,70,-0.212633,0\H,83,1.09012,72,111.84,71,178.119,0\H,83,1.09195,72,111.378,71,57.5098,0\H,83,1.09214,72,111.373,71,-61.402,0\C,78,1.50391,76,120.097,75,179.889,0\H,87,1.09022,78,111.701,76,-2.99229,0\H,87,1.09194,78,111.429,76,-123.514,0\H,87,1.09221,78,111.616,76,117.498,0\C,35,1.57844,1,120.966,2,-1.85578,0\C,91,1.40006,35,120.378,1,88.6593,0\C,92,1.39202,91,120.157,35,-179.416,0\H,93,1.08548,92,119.125,91,179.994,0\C,93,1.3869,92,121.601,91,0.089621,0\C,95,1.39024,93,118.014,92,0.015696,0\H,96,1.08568,95,119.23,93,179.996,0\C,96,1.38897,95,121.512,93,-0.076251,0\C,95,1.50168,93,121.276,92,-179.954,0\H,99,1.08971,95,111.564,93,-0.293205,0\H,99,1.09143,95,111.504,93,119.923,0\H,99,1.09148,95,111.541,93,-120.484,0\C,98,1.50259,96,120.101,95,179.742,0\H,103,1.09014,98,111.787,96,3.18739,0\H,103,1.09175,98,111.324,96,123.805,0\H,103,1.09221,98,111.335,96,-117.294,0\C,92,1.50394,91,120.177,35,0.335273,0\H,107,1.09029,92,111.665,91,-179.254,0\H,107,1.09189,92,111.419,91,-58.8732,0\H,107,1.0919,92,111.629,91,60.2879,0\\\@

 Total job time:  7848.28s(wall), 36188.92s(cpu) 
 Tue Nov 13 16:45:11 2018

        *************************************************************
        *                                                           *
        *  Thank you very much for using Q-Chem.  Have a nice day.  *
        *                                                           *
        *************************************************************


0 sent ACK to 0 
now end server 0 ... 
