mFile = /cm/shared/apps/q-chem/intel/QCHEM_5.1.0_Trunk/bin/mpi/machines
Process 0 of 1 is on ctcp003 - thread support 0
initial socket setup ...start
initial socket setup ...done 
now start server 0 ... 
Q-Chem Developer Version!
                  Welcome to Q-Chem
     A Quantum Leap Into The Future Of Chemistry


 Q-Chem 5.1, Q-Chem, Inc., Pleasanton, CA (2018)

 Yihan Shao,  Zhengting Gan,  E. Epifanovsky,  A. T. B. Gilbert,  M. Wormit,  
 J. Kussmann,  A. W. Lange,  A. Behn,  Jia Deng,  Xintian Feng,  D. Ghosh,  
 M. Goldey,  P. R. Horn,  L. D. Jacobson,  I. Kaliman,  T. Kus,  A. Landau,  
 Jie Liu,  E. I. Proynov,  R. M. Richard,  R. P. Steele,  E. J. Sundstrom,  
 H. L. Woodcock III,  P. M. Zimmerman,  D. Zuev,  B. Albrecht,  E. Alguire,  
 S. A. Baeppler,  D. Barton,  Z. Benda,  Y. A. Bernard,  E. J. Berquist,  
 K. B. Bravaya,  H. Burton,  D. Casanova,  Chun-Min Chang,  Yunqing Chen,  
 A. Chien,  K. D. Closser,  M. P. Coons,  S. Coriani,  S. Dasgupta,  
 A. L. Dempwolff,  M. Diedenhofen,  Hainam Do,  R. G. Edgar,  Po-Tung Fang,  
 S. Faraji,  S. Fatehi,  Qingguo Feng,  K. D. Fenk,  J. Fosso-Tande,  
 Qinghui Ge,  A. Ghysels,  G. Gidofalvi,  J. Gomes,  J. Gonthier,  A. Gunina,  
 D. Hait,  M. W. D. Hanson-Heine,  P. H. P. Harbach,  A. W. Hauser,  
 J. E. Herr,  E. G. Hohenstein,  Z. C. Holden,  Kerwin Hui,  B. C. Huynh,  
 T.-C. Jagau,  Hyunjun Ji,  B. Kaduk,  K. Khistyaev,  Jaehoon Kim,  
 P. Klunzinger,  K. Koh,  D. Kosenkov,  L. Koulias,  T. Kowalczyk,  
 C. M. Krauter,  A. Kunitsa,  Ka Un Lao,  A. Laurent,  K. V. Lawler,  
 Joonho Lee,  D. Lefrancois,  S. Lehtola,  D. S. Levine,  Yi-Pei Li,  
 You-Sheng Lin,  Fenglai Liu,  E. Livshits,  A. Luenser,  P. Manohar,  
 E. Mansoor,  S. F. Manzer,  Shan-Ping Mao,  Yuezhi Mao,  N. Mardirossian,  
 A. V. Marenich,  T. Markovich,  L. A. Martinez-Martinez,  S. A. Maurer,  
 N. J. Mayhall,  S. C. McKenzie,  J.-M. Mewes,  A. F. Morrison,  
 J. W. Mullinax,  K. Nanda,  T. S. Nguyen-Beck,  R. Olivares-Amaya,  
 J. A. Parkhill,  T. M. Perrine,  F. Plasser,  P. Pokhilko,  S. Prager,  
 A. Prociuk,  E. Ramos,  D. R. Rehn,  F. Rob,  M. Schneider,  N. Sergueev,  
 S. M. Sharada,  S. Sharma,  D. W. Small,  T. Stauch,  T. Stein,  
 Yu-Chuan Su,  A. J. W. Thom,  A. Tkatchenko,  T. Tsuchimochi,  N. M. Tubman,  
 L. Vogt,  M. L. Vidal,  O. Vydrov,  M. A. Watson,  J. Wenzel,  
 M. de Wergifosse,  T. A. Wesolowski,  A. White,  J. Witte,  A. Yamada,  
 Jun Yang,  K. Yao,  S. Yeganeh,  S. R. Yost,  Zhi-Qiang You,  A. Zech,  
 Igor Ying Zhang,  Xing Zhang,  Yan Zhao,  Ying Zhu,  B. R. Brooks,  
 G. K. L. Chan,  C. J. Cramer,  M. S. Gordon,  W. J. Hehre,  A. Klamt,  
 M. W. Schmidt,  C. D. Sherrill,  D. G. Truhlar,  A. Aspuru-Guzik,  R. Baer,  
 A. T. Bell,  N. A. Besley,  Jeng-Da Chai,  A. E. DePrince, III,  
 R. A. DiStasio Jr.,  A. Dreuw,  B. D. Dunietz,  T. R. Furlani,  
 Chao-Ping Hsu,  Yousung Jung,  Jing Kong,  D. S. Lambrecht,  WanZhen Liang,  
 C. Ochsenfeld,  V. A. Rassolov,  L. V. Slipchenko,  J. E. Subotnik,  
 T. Van Voorhis,  J. M. Herbert,  A. I. Krylov,  P. M. W. Gill,  M. Head-Gordon

 Contributors to earlier versions of Q-Chem not listed above: 
 R. D. Adamson,  B. Austin,  J. Baker,  G. J. O. Beran,  K. Brandhorst,  
 S. T. Brown,  E. F. C. Byrd,  A. K. Chakraborty,  C.-L. Cheng,  
 Siu Hung Chien,  D. M. Chipman,  D. L. Crittenden,  H. Dachsel,  
 R. J. Doerksen,  A. D. Dutoi,  L. Fusti-Molnar,  W. A. Goddard III,  
 A. Golubeva-Zadorozhnaya,  S. R. Gwaltney,  G. Hawkins,  A. Heyden,  
 S. Hirata,  G. Kedziora,  F. J. Keil,  C. Kelley,  Jihan Kim,  R. A. King,  
 R. Z. Khaliullin,  P. P. Korambath,  W. Kurlancheek,  A. M. Lee,  M. S. Lee,  
 S. V. Levchenko,  Ching Yeh Lin,  D. Liotard,  R. C. Lochan,  I. Lotan,  
 P. E. Maslen,  N. Nair,  D. P. O'Neill,  D. Neuhauser,  E. Neuscamman,  
 C. M. Oana,  R. Olson,  B. Peters,  R. Peverati,  P. A. Pieniazek,  
 Y. M. Rhee,  J. Ritchie,  M. A. Rohrdanz,  E. Rosta,  N. J. Russ,  
 H. F. Schaefer III,  N. E. Schultz,  N. Shenvi,  A. C. Simmonett,  A. Sodt,  
 D. Stuck,  K. S. Thanthiriwatte,  V. Vanovschi,  Tao Wang,  A. Warshel,  
 C. F. Williams,  Q. Wu,  X. Xu,  W. Zhang

 Please cite Q-Chem as follows:
 Y. Shao et al., Mol. Phys. 113, 184-215 (2015)
 DOI: 10.1080/00268976.2014.952696

 Q-Chem 5.1.1 for Intel X86 EM64T Linux

 Parts of Q-Chem use Armadillo 8.300.2 (Tropical Shenanigans).
 http://arma.sourceforge.net/

 Q-Chem begins on Thu Nov  1 15:00:57 2018  

Host: ctcp003
0

     Scratch files written to /scratch/mewes1/139307/qchem4215//
 Parallel job on  1  processors
The previous job contains 0 fragments, simply inherited here
Symmetry turned off for PCM/SM12/SMD calculation
Input Ideriv = 2
Curr. Ideriv = -1
Max.  Ideriv = 2
Input Ideriv = 1
Curr. Ideriv = 2
Max.  Ideriv = 1

Checking the input file for inconsistencies... 	...done.

--------------------------------------------------------------
User input:
--------------------------------------------------------------
$solvent
dielectric      1.0001
dielectric_infi 1.00009
$end

$rem
threads 8
jobtype	sp
method PBEh-3c
basis def2-mSVP
mem_static	1024
mem_total	14000
sym_ignore	true
cis_n_roots             2
cis_singlets            false
cis_triplets		true 
rpa                     false
calc_soc 		true
cis_moments             true
cis_relaxed_density	true
solvent_method		pcm
$end

$pcm
StateSpecific   1
ChargeSeparation Excited
$end


$molecule
read utleopt_vac.mol
$end


--------------------------------------------------------------
 Adding empirical dispersion correction 
 ----------------------------------------------------------------
 Doing -D3(BJ) with
 s6 =   1.00000
 s8 =   0.00000
 a1 =   0.48600
 a2 =   4.50000
 -D3 energy including 3body term =     -0.0955292672 hartrees
 ----------------------------------------------------------------
 Adding gCP correction 
 ----------------------------------------------------------------
 gCP energy =      0.1523474165 hartrees
 ----------------------------------------------------------------
             Standard Nuclear Orientation (Angstroms)
    I     Atom           X                Y                Z
 ----------------------------------------------------------------
    1      C       0.0000000000     0.0000000000     0.0000000000
    2      C       0.0000000000     0.0000000000     1.4071210000
    3      H       0.9457319834     0.0000000000     1.9376614497
    4      C      -1.1870962962     0.0020599834     2.1015797717
    5      C      -2.4195175069     0.0029547402     1.3924254869
    6      C      -2.4388343681     0.0004751633     0.0166103217
    7      H      -3.3823423959    -0.0037784478    -0.5187504075
    8      C      -1.2358401419     0.0021745769    -0.7083176539
    9      C      -3.5049278890     0.0041464894     2.3685101485
   10      C      -4.8728936408     0.0058543550     2.2915491062
   11      H      -5.3923384035     0.0074430582     1.3411431089
   12      C      -2.8952772423     0.0039354373     3.6373929575
   13      C      -3.5992757169     0.0041027473     4.8363303621
   14      C      -1.4907420266     0.0028257649     3.5345747337
   15      C      -0.7549674018     0.0016445579     4.6895248789
   16      H       0.3276671563    -0.0002448709     4.6776800888
   17      C      -5.6146444317     0.0059802073     3.4952419830
   18      H      -6.6954085732     0.0071274246     3.4372968128
   19      C      -5.0117277485     0.0050153564     4.7314321740
   20      H      -5.6217381719     0.0051911863     5.6263815444
   21      C      -1.4415939665     0.0021995637     5.9271423481
   22      H      -0.8591224042     0.0011193566     6.8391079569
   23      C      -2.8141746068     0.0035807952     6.0139716856
   24      H      -3.2926266580     0.0039043944     6.9856110213
   25      B       1.3469894500    -0.0055076486    -0.7555318666
   26      C       1.3408374466     0.0197875598    -2.2940706426
   27      C       2.5442160558     0.0127232778    -2.9903506281
   28      H       3.4775417881    -0.0123541454    -2.4393504322
   29      C       2.5544945039     0.0338213207    -4.3724513900
   30      C       3.6033441432     0.0313093233    -5.3356120350
   31      C       4.9912422272     0.0091717508    -5.2878238273
   32      H       5.5259368584    -0.0097173333    -4.3475320620
   33      C       5.6963536250     0.0083854951    -6.4982728408
   34      H       6.7779066720    -0.0094224762    -6.4668829238
   35      C       5.0694279065     0.0273787016    -7.7340947085
   36      H       5.6659165136     0.0242796491    -8.6377682788
   37      C       3.6576850243     0.0487771903    -7.8204921931
   38      C       2.9737015493     0.0509396370    -6.6056134032
   39      C       2.8559691097     0.0648601625    -8.9880459993
   40      H       3.3244898004     0.0638382198    -9.9643039543
   41      C       1.4719059228     0.0814558544    -8.8936017468
   42      H       0.8898380821     0.0939707066    -9.8060400061
   43      C       0.7984946626     0.0821715001    -7.6681421339
   44      H      -0.2832474269     0.0949506511    -7.6416050386
   45      C       1.5565091775     0.0661369506    -6.4995090009
   46      C       1.2591434998     0.0545015269    -5.1162662629
   47      C       0.0565899059     0.0476983337    -4.4180318420
   48      H      -0.8836729922     0.0516205171    -4.9591544606
   49      C       0.0501069584     0.0268152298    -3.0346146397
   50      B      -1.2806035854    -0.0003551847    -2.2581525761
   51      C       2.7158989560    -0.0620837323     0.0145378403
   52      C       3.4839000654     1.0890690100     0.2097673353
   53      C       4.7007160306     1.0270242272     0.8872517464
   54      H       5.2638451093     1.9423033738     1.0236248344
   55      C       5.1686679977    -0.1858273019     1.3739045576
   56      O       6.3328848943    -0.3455030049     2.0384628978
   57      C       4.4107301007    -1.3366404396     1.1804970358
   58      H       4.7847143153    -2.2804543113     1.5612133450
   59      C       3.1986356823    -1.2840968823     0.5137101610
   60      C       7.1289979998     0.7845595424     2.2689062581
   61      H       8.0063771226     0.4419447103     2.8137257347
   62      H       6.6166157384     1.5385179413     2.8757285211
   63      H       7.4612772242     1.2568495255     1.3384079647
   64      C       2.9861256550     2.4354099922    -0.2515124665
   65      H       2.4294535188     2.3350196114    -1.1868786443
   66      H       3.8368556637     3.0829220323    -0.4798939920
   67      C       2.4424455815    -2.5698525054     0.2875298289
   68      H       1.3651577244    -2.3871227804     0.3028727648
   69      H       2.6397332800    -3.2568078318     1.1142676576
   70      C       2.0977948759     3.1160637422     0.7876465893
   71      H       1.2043001216     2.5262162229     0.9923558682
   72      H       2.6289498608     3.2502640742     1.7304962505
   73      H       1.7727131602     4.0978867850     0.4414313462
   74      C       2.8187037046    -3.2490194831    -1.0280910252
   75      H       2.5804218909    -2.6179351271    -1.8843545925
   76      H       3.8862926015    -3.4677933719    -1.0660439177
   77      H       2.2789202969    -4.1889245270    -1.1508958256
   78      C      -2.6507586996    -0.0477178799    -3.0381455557
   79      C      -3.1448820292    -1.2585573903    -3.5322554335
   80      C      -4.3516234167    -1.3107723169    -4.2283374522
   81      H      -4.6968431709    -2.2722641489    -4.5896695830
   82      C      -5.0885766155    -0.1559531921    -4.4421259572
   83      O      -6.2661270568    -0.1088500340    -5.1009735690
   84      C      -4.6070299015     1.0544046363    -3.9544761299
   85      H      -5.1854093713     1.9554445173    -4.1257371276
   86      C      -3.4085105753     1.1150719930    -3.2635182110
   87      C      -6.8016006804    -1.3052125790    -5.5990971122
   88      H      -7.7418612061    -1.0483075196    -6.0827897768
   89      H      -6.1487877613    -1.7779259425    -6.3404306302
   90      H      -7.0067855483    -2.0318256694    -4.8058974868
   91      C      -2.9092417173     2.4661831798    -2.8218819392
   92      H      -2.2928565535     2.3726368955    -1.9243332521
   93      H      -3.7580279313     3.0937256231    -2.5383998462
   94      C      -2.4320557026    -2.5618976423    -3.2725461880
   95      H      -1.3606068199    -2.3929073674    -3.1426062158
   96      H      -2.5276443640    -3.2124448983    -4.1463213273
   97      C      -2.9817676351    -3.2809587574    -2.0426864683
   98      H      -2.8578568936    -2.6736306056    -1.1458661319
   99      H      -2.4666198521    -4.2280103844    -1.8776477983
  100      H      -4.0458869320    -3.4927972457    -2.1538014200
  101      C      -2.1094882139     3.1669542460    -3.9180859576
  102      H      -1.2231788577     2.5925844542    -4.1881087737
  103      H      -2.7092918140     3.2928716462    -4.8200662892
  104      H      -1.7784267098     4.1540643753    -3.5934716811
 ----------------------------------------------------------------
 Nuclear Repulsion Energy =  7598.6682827278 hartrees
 There are      198 alpha and      198 beta electrons
 Requested basis set is def2-mSVP
 There are 498 shells and 962 basis functions

 Total QAlloc Memory Limit  14000 MB
 Mega-Array Size      1001 MB
 MEM_STATIC part      1024 MB
 Discretize the solute cavity surface with Lebedev spheres
	Using 302 Lebedev grid points for each H atom
	Using 302 Lebedev grid points for other atoms
	Atomic van der Waals radii will be scaled by 1.20
 Remove points where switching function is < 1.0e-08
 Keep 11041 surface tesserae and discard 20367 interior tesserae
 Molecular Surface Area = 796.186 Angst**2
 A cutoff of  1.0D-11 yielded  44711 shell pairs
 There are    174037 function pairs (    191541 Cartesian)
 
 -------------------------------------------------------
 OpenMP Integral Computing Module                       
 Release: version 1.0, May 2013, Q-Chem Inc. Pittsburgh 
 -------------------------------------------------------
 Integral Job Info:
 Integral job number is                      11
 Integral operator is                         1
 short-range coefficients                     0
 long-range coefficients              100000000
 Omega coefficients                           0
 if combine SR and LR in K                    0
 Integral screening is                        0
 Integral computing path is                   2
 max size of driver memory is            800000
 size of driver memory is                593474
 size of scratch memory is              1809772
 max col of scratch BK array               1296
 max len of scratch array in speh3          155
 max len of scratch index in speh4           18
 max int batch size is                      520
 min int batch size is                       52
 fixed nKL is                                52
 max L of basis functions is                  2
 order of int derivative is                   0
 number of shells is                        498
 number of basis is                        1020
 number of cartesian basis is              1020
 number of contracted shell pairs         44711
 number of primitive shell pairs          92818
 maxK2 (contraction) of shell pair           25
 max number of K2 of shell pair               1
 max number of CS2 of shell pair          10991
 max number of PS2 of shell pair          16455
 mem total for path MDJ                  952348
 -------------------------------------------------------
 Smallest overlap matrix eigenvalue = 1.97E-04

 Scale SEOQF with 1.000000e-02/1.000000e-01/1.000000e-02

 Standard Electronic Orientation quadrupole field applied
 Nucleus-field energy     =    -0.0000000048 hartrees
 Guess from superposition of atomic densities
 Warning:  Energy on first SCF cycle will be non-variational
 SAD guess density has 396.000000 electrons

 -----------------------------------------------------------------------
  General SCF calculation program by
  Eric Jon Sundstrom, Paul Horn, Yuezhi Mao, Dmitri Zuev, Alec White,
  David Stuck, Shaama M.S., Shane Yost, Joonho Lee, David Small,
  Daniel Levine, Susi Lehtola, Hugh Burton, Evgeny Epifanovsky
 -----------------------------------------------------------------------
 Exchange:     0.4200 Hartree-Fock + 0.5800 PBEh-3c
 Correlation:  1.0000 PBEh-3c
 Using SG-1 standard quadrature grid
 Dispersion:   Grimme D3
 using 8 threads for integral computing
 -------------------------------------------------------
 OpenMP Integral computing Module                
 Release: version 2.0, May 2017, Q-Chem Inc. Pleasanton 
 -------------------------------------------------------
 -------------------------------------------------------
 OpenMP BLAS3 based DFT computing Module                
 Release: version 1.0, May 2013, Q-Chem Inc. Pittsburgh 
 -------------------------------------------------------
 A restricted SCF calculation will be
 performed using DIIS
 SCF converges when DIIS error is below 1.0e-08
 ---------------------------------------
  Cycle       Energy         DIIS error
 ---------------------------------------
    1   -2299.3253711227      2.73e-02  
    2   -2280.2330352728      1.86e-03  
    3   -2280.3718591256      1.60e-03  
    4   -2280.6511631325      6.14e-04  
    5   -2280.6972815942      2.10e-04  
    6   -2280.7024532417      7.10e-05  
    7   -2280.7030229250      2.09e-05  
    8   -2280.7030760217      6.15e-06  
    9   -2280.7030809010      1.77e-06  
   10   -2280.7030813897      8.87e-07  
   11   -2280.7030815230      2.55e-07  
   12   -2280.7030815436      1.28e-07  
   13   -2280.7030815496      5.43e-08  
   14   -2280.7030815563      1.83e-08  
   15   -2280.7030815590      6.44e-09  Convergence criterion met
 ---------------------------------------
 SCF time:   CPU 14183.90s  wall 1953.00s 

************** Final PCM Free Energy Summary **************
 G_electrostatic  =      -0.00000270 hartree =      -0.00169295 kcal/mol
 G_cavitation     =       0.00000000 hartree =       0.00000000 kcal/mol
 G_dispersion     =       0.00000000 hartree =       0.00000000 kcal/mol
 G_repulsion      =       0.00000000 hartree =       0.00000000 kcal/mol
 --------------------------------------------------
 Non-electrostatic Free Energy =       0.00000000 hartree =       0.00000000 kcal/mol
 Total                         =      -0.00000270 hartree =      -0.00169295 kcal/mol
 --------------------------------------------------
 SCF Energy (H0 + V/2)                       =   -2280.70308156 
 Solute Internal Energy (H0)                 =   -2280.70307886 
 Total Free Energy (H0 + V/2 + non-elec)     =   -2280.70308156 hartree
                                             = -1431162.78421713 kcal/mol
***********************************************************

 SCF   energy in the final basis set =    -2280.7030815590
 Total energy in the final basis set =    -2280.7030815590
 
 Direct TDDFT/TDA calculation will be performed
 Exchange:     0.4200 Hartree-Fock + 0.5800 PBEh-3c
 Correlation:  1.0000 PBEh-3c
 Using SG-1 standard quadrature grid
 Dispersion:   Grimme D3
 Triplet excitation energies requested
 Adding PCM contribution to the XC response
 CIS energy converged when residual is below 10e- 6
 ---------------------------------------------------
 Iter    Rts Conv    Rts Left    Ttl Dev     Max Dev
 ---------------------------------------------------
   1         0           2      0.000120    0.000078
   2         0           2      0.000044    0.000026
   3         0           2      0.000033    0.000024
   4         0           2      0.000050    0.000047
   5         0           2      0.000030    0.000028
   6         1           1      0.000024    0.000023
   7         1           1      0.000010    0.000009
   8         1           1      0.000004    0.000003
   9         2           0      0.000001    0.000001    Roots Converged
 ---------------------------------------------------
 
 ---------------------------------------------------
         TDDFT/TDA Excitation Energies              
 ---------------------------------------------------

 Excited state   1: excitation energy (eV) =    1.8771
 Total energy for state  1:                 -2280.63409917 au
    Multiplicity: Triplet
    Trans. Mom.:  0.0000 X   0.0000 Y   0.0000 Z
    Strength   :     0.0000000000
    D(197) --> V(  1) amplitude =  0.2444
    D(198) --> V(  1) amplitude =  0.8806

 Excited state   2: excitation energy (eV) =    2.2449
 Total energy for state  2:                 -2280.62058394 au
    Multiplicity: Triplet
    Trans. Mom.:  0.0000 X   0.0000 Y   0.0000 Z
    Strength   :     0.0000000000
    D(194) --> V(  1) amplitude = -0.5502
    D(194) --> V(  2) amplitude =  0.3539
    D(195) --> V(  1) amplitude = -0.6155
    D(195) --> V(  2) amplitude =  0.2627
 
 ---------------------------------------------------
 Calculating Relaxed Density
 ---------------------------------------------------
 Iter    Rts Conv    Rts Left    Ttl Dev     Max Dev
 ---------------------------------------------------
   1         0           2      0.000121    0.000060
   2         0           2      0.000065    0.000036
   3         0           2      0.000017    0.000009
   4         0           2      0.000006    0.000003
   5         0           2      0.000002    0.000001
   6         2           0      0.000000    0.000000    Roots Converged
 ---------------------------------------------------
  SETman timing summary (seconds)
  CPU time              9589.65s
  System time              0.00s
  Wall time             2185.19s



*********SPIN-ORBIT COUPLING JOB BEGINS HERE*********


=======================================================================================
    SPIN-ORBIT COUPLING BETWEEN THE SINGLET GROUND STATE AND EXCITED TRIPLET STATE
=======================================================================================

SOC between the singlet ground state and excited triplet states (ms=0):
T1(ms=0)      0.000000  +  0.068018i    cm-1
T2(ms=0)      0.000000  +  -0.043007i    cm-1
SOC between the singlet ground state and excited triplet states (ms=1):
T1(ms=1)      0.009197  + (0.195243i)    cm-1
T2(ms=1)      -0.075391  + (-0.079981i)    cm-1
SOC between the singlet ground state and excited triplet states (ms=-1):
T1(ms=-1)     0.009197  - (0.195243i)    cm-1
T2(ms=-1)     -0.075391  - (-0.079981i)    cm-1
Total SOC between the singlet ground state and excited triplet states:
T1      0.284667    cm-1
T2      0.161279    cm-1




=======================================================================================
                     SPIN-ORBIT COUPLING BETWEEN EXCITED TRIPLET STATES
=======================================================================================

SOC between the T1 (ms=0) state and excited triplet states (ms=1):
T2(ms=1)      -0.390053  + (0.001953i)    cm-1
SOC between the T1 (ms=0) state and excited triplet states (ms=-1):
T2(ms=-1)     0.390053  + (0.001953i)    cm-1
SOC between the T1 (ms=1) state and excited triplet states (ms=0):
T2(ms=0)      0.390053  + (0.001953i)    cm-1
SOC between the T1 (ms=1) state and excited triplet states (ms=1):
T2(ms=1)      0.000000  + (0.004117i)    cm-1
SOC between the T1 (ms=-1) state and excited triplet states (ms=0):
T2(ms=0)      -0.390053  + (0.001953i)    cm-1
SOC between the T1 (ms=-1) state and excited triplet states (ms=-1):
T2(ms=-1)     0.000000  + (-0.004117i)    cm-1
Total SOC between the T1 state and excited triplet states:
T2      0.780138    cm-1







=======================================================================================
         SPIN-ORBIT COUPLING BETWEEN EXCITED SINGLET STATES AND TRIPLET STATES
=======================================================================================

SOC between the S1 state and excited triplet states (ms=0):
T1(ms=0)      0.000000  +  -nani    cm-1
T2(ms=0)      0.000000  +  -nani    cm-1
SOC between the S1 state and excited triplet states (ms=1):
T1(ms=1)      (-nan)  + (-nani)    cm-1
T2(ms=1)      (-nan)  + (-nani)    cm-1
SOC between the S1 state and excited triplet states (ms=-1):
T1(ms=-1)    -(-nan)  + (-nani)    cm-1
T2(ms=-1)    -(-nan)  + (-nani)    cm-1
Total SOC between the S1 state and excited triplet states:
T1      -nan    cm-1
T2      -nan    cm-1



SOC between the S2 state and excited triplet states (ms=0):
T1(ms=0)      0.000000  +  0.000000i    cm-1
T2(ms=0)      0.000000  +  0.000000i    cm-1
SOC between the S2 state and excited triplet states (ms=1):
T1(ms=1)      (0.000000)  + (0.000000i)    cm-1
T2(ms=1)      (0.000000)  + (0.000000i)    cm-1
SOC between the S2 state and excited triplet states (ms=-1):
T1(ms=-1)    -(0.000000)  + (0.000000i)    cm-1
T2(ms=-1)    -(0.000000)  + (0.000000i)    cm-1
Total SOC between the S2 state and excited triplet states:
T1      0.000000    cm-1
T2      0.000000    cm-1






            *********SOC CODE ENDS HERE*********



 
 --------------------------------------------------------------
 
                    Orbital Energies (a.u.)
 --------------------------------------------------------------
 
 Alpha MOs
 -- Occupied --
-19.522 -19.522 -10.498 -10.498 -10.488 -10.488 -10.468 -10.467
-10.466 -10.465 -10.465 -10.463 -10.462 -10.461 -10.461 -10.461
-10.460 -10.460 -10.460 -10.459 -10.459 -10.459 -10.458 -10.458
-10.457 -10.457 -10.456 -10.456 -10.449 -10.449 -10.448 -10.448
-10.447 -10.446 -10.446 -10.445 -10.445 -10.443 -10.432 -10.432
-10.431 -10.430 -10.430 -10.430 -10.429 -10.429 -10.429 -10.428
-10.425 -10.425 -10.417 -10.416 -10.416 -10.414 -10.414 -10.412
 -6.942  -6.938  -1.180  -1.180  -1.011  -1.011  -0.957  -0.952
 -0.951  -0.949  -0.933  -0.930  -0.902  -0.894  -0.885  -0.884
 -0.864  -0.860  -0.856  -0.850  -0.849  -0.844  -0.819  -0.818
 -0.813  -0.811  -0.809  -0.797  -0.797  -0.793  -0.772  -0.771
 -0.735  -0.730  -0.725  -0.715  -0.708  -0.707  -0.699  -0.699
 -0.686  -0.679  -0.675  -0.664  -0.653  -0.644  -0.641  -0.636
 -0.627  -0.626  -0.598  -0.591  -0.588  -0.587  -0.582  -0.581
 -0.581  -0.574  -0.572  -0.560  -0.559  -0.540  -0.539  -0.534
 -0.533  -0.533  -0.526  -0.521  -0.513  -0.506  -0.501  -0.500
 -0.499  -0.498  -0.496  -0.495  -0.489  -0.488  -0.484  -0.482
 -0.480  -0.479  -0.479  -0.478  -0.478  -0.477  -0.475  -0.463
 -0.458  -0.457  -0.455  -0.455  -0.451  -0.448  -0.442  -0.435
 -0.433  -0.431  -0.427  -0.426  -0.425  -0.424  -0.419  -0.412
 -0.410  -0.409  -0.406  -0.403  -0.398  -0.397  -0.397  -0.395
 -0.392  -0.392  -0.390  -0.388  -0.387  -0.383  -0.379  -0.377
 -0.370  -0.367  -0.360  -0.359  -0.355  -0.354  -0.351  -0.343
 -0.336  -0.332  -0.319  -0.310  -0.297  -0.291  -0.272  -0.271
 -0.271  -0.259  -0.252  -0.247  -0.245  -0.243
 -- Virtual --
 -0.094  -0.062  -0.031  -0.029  -0.001   0.009   0.019   0.028
  0.031   0.041   0.043   0.046   0.075   0.088   0.092   0.095
  0.121   0.124   0.143   0.144   0.146   0.152   0.156   0.157
  0.157   0.161   0.166   0.167   0.169   0.173   0.177   0.180
  0.182   0.187   0.191   0.193   0.193   0.196   0.197   0.198
  0.198   0.202   0.204   0.207   0.208   0.210   0.212   0.212
  0.213   0.214   0.215   0.219   0.222   0.223   0.224   0.224
  0.226   0.228   0.230   0.231   0.232   0.233   0.236   0.238
  0.239   0.244   0.247   0.251   0.252   0.254   0.257   0.259
  0.265   0.267   0.270   0.271   0.272   0.273   0.278   0.280
  0.285   0.286   0.291   0.294   0.298   0.301   0.302   0.306
  0.311   0.313   0.315   0.317   0.322   0.325   0.328   0.333
  0.336   0.338   0.344   0.350   0.355   0.357   0.360   0.369
  0.375   0.384   0.393   0.401   0.404   0.409   0.409   0.418
  0.421   0.423   0.425   0.431   0.439   0.444   0.451   0.457
  0.458   0.460   0.469   0.472   0.475   0.483   0.484   0.487
  0.492   0.500   0.500   0.501   0.503   0.506   0.508   0.516
  0.523   0.524   0.527   0.528   0.529   0.531   0.533   0.533
  0.538   0.541   0.542   0.544   0.546   0.549   0.550   0.551
  0.552   0.556   0.557   0.561   0.562   0.565   0.569   0.571
  0.573   0.575   0.578   0.579   0.584   0.587   0.588   0.589
  0.591   0.592   0.592   0.594   0.595   0.598   0.598   0.603
  0.607   0.608   0.611   0.615   0.616   0.616   0.622   0.623
  0.624   0.625   0.628   0.632   0.633   0.641   0.642   0.647
  0.647   0.655   0.655   0.657   0.659   0.660   0.663   0.663
  0.665   0.667   0.668   0.672   0.677   0.678   0.680   0.683
  0.689   0.690   0.703   0.705   0.707   0.708   0.713   0.716
  0.718   0.720   0.723   0.725   0.727   0.729   0.737   0.739
  0.742   0.746   0.749   0.752   0.755   0.759   0.760   0.770
  0.775   0.776   0.781   0.782   0.790   0.791   0.793   0.794
  0.796   0.804   0.808   0.809   0.821   0.828   0.835   0.839
  0.842   0.847   0.850   0.853   0.858   0.862   0.866   0.870
  0.884   0.885   0.892   0.903   0.905   0.906   0.912   0.914
  0.914   0.920   0.921   0.934   0.947   0.947   0.949   0.953
  0.955   0.961   0.962   0.966   0.968   0.970   0.982   0.983
  0.986   0.987   0.988   0.988   0.990   0.993   0.998   0.999
  1.001   1.005   1.006   1.007   1.011   1.012   1.021   1.028
  1.030   1.031   1.034   1.035   1.037   1.039   1.042   1.046
  1.049   1.053   1.053   1.055   1.058   1.062   1.064   1.068
  1.071   1.075   1.078   1.079   1.084   1.085   1.087   1.088
  1.091   1.094   1.100   1.102   1.103   1.108   1.109   1.124
  1.127   1.130   1.133   1.138   1.147   1.148   1.152   1.155
  1.158   1.161   1.162   1.168   1.172   1.176   1.182   1.183
  1.186   1.187   1.193   1.199   1.206   1.217   1.220   1.229
  1.232   1.238   1.247   1.256   1.260   1.268   1.272   1.274
  1.275   1.278   1.282   1.291   1.295   1.297   1.298   1.302
  1.303   1.306   1.310   1.315   1.319   1.329   1.332   1.335
  1.341   1.344   1.351   1.354   1.358   1.361   1.370   1.372
  1.374   1.377   1.379   1.381   1.388   1.390   1.403   1.410
  1.413   1.414   1.416   1.423   1.429   1.434   1.438   1.439
  1.443   1.444   1.448   1.452   1.458   1.460   1.466   1.480
  1.488   1.500   1.510   1.513   1.514   1.516   1.521   1.521
  1.522   1.527   1.528   1.529   1.535   1.535   1.539   1.546
  1.550   1.553   1.557   1.558   1.565   1.568   1.573   1.578
  1.585   1.590   1.591   1.593   1.595   1.600   1.608   1.611
  1.619   1.629   1.630   1.632   1.647   1.651   1.653   1.662
  1.668   1.670   1.687   1.702   1.714   1.721   1.737   1.750
  1.756   1.758   1.762   1.769   1.772   1.780   1.788   1.791
  1.794   1.799   1.804   1.810   1.811   1.813   1.815   1.816
  1.818   1.821   1.823   1.832   1.844   1.855   1.864   1.878
  1.888   1.895   1.900   1.902   1.909   1.923   1.924   1.926
  1.932   1.942   1.943   1.950   1.957   1.969   1.972   1.978
  1.979   1.984   1.987   1.988   1.995   2.000   2.002   2.003
  2.025   2.025   2.030   2.037   2.038   2.044   2.046   2.052
  2.057   2.058   2.062   2.069   2.071   2.076   2.085   2.087
  2.088   2.093   2.102   2.108   2.112   2.114   2.116   2.119
  2.126   2.132   2.137   2.141   2.146   2.153   2.160   2.161
  2.161   2.163   2.163   2.169   2.172   2.177   2.191   2.198
  2.202   2.207   2.208   2.223   2.230   2.236   2.239   2.241
  2.246   2.255   2.261   2.266   2.270   2.273   2.275   2.280
  2.280   2.285   2.292   2.297   2.310   2.318   2.319   2.325
  2.326   2.327   2.333   2.336   2.338   2.340   2.342   2.345
  2.348   2.354   2.355   2.359   2.362   2.363   2.369   2.371
  2.371   2.379   2.384   2.392   2.396   2.396   2.399   2.403
  2.413   2.419   2.424   2.432   2.436   2.438   2.440   2.443
  2.451   2.457   2.474   2.477   2.479   2.480   2.483   2.493
  2.497   2.500   2.505   2.518   2.522   2.524   2.528   2.535
  2.538   2.555   2.562   2.571   2.578   2.594   2.607   2.629
  2.630   2.638   2.644   2.644   2.648   2.651   2.659   2.669
  2.684   2.690   2.691   2.694   2.713   2.721   2.725   2.732
  2.733   2.738   2.738   2.758   2.761   2.764   2.768   2.772
  2.780   2.782   2.784   2.788   2.791   2.795   2.796   2.802
  2.805   2.806   2.811   2.821   2.825   2.827   2.847   2.849
  2.865   2.867   2.871   2.875   2.896   2.902   2.905   2.912
  2.922   2.933   2.941   2.949   2.958   2.987   2.994   3.010
  3.019   3.028   3.053   3.070   3.082   3.083   3.087   3.089
  3.103   3.118   3.120   3.243   3.262   3.271   3.321   3.322
  3.407   3.423   3.450   3.481   3.487   3.496   3.551   3.560
  3.650   3.680   9.600   9.753  13.144  13.181  13.404  13.480
 13.505  13.506  13.525  13.558  13.678  13.685  13.732  13.764
 13.770  13.773  13.774  13.792  13.796  13.806  13.857  13.880
 13.885  13.907  13.929  13.986  14.004  14.012  14.039  14.042
 14.044  14.050  14.051  14.054  14.144  14.164  14.167  14.194
 14.229  14.232  14.237  14.284  14.286  14.296  14.320  14.322
 14.344  14.351  14.493  14.519  14.541  14.568  14.570  14.580
 14.588  14.589  25.790  25.791
 --------------------------------------------------------------
 
          Ground-State Mulliken Net Atomic Charges

     Atom                 Charge (a.u.)
  ----------------------------------------
      1 C                    -0.150806
      2 C                    -0.395650
      3 H                     0.238334
      4 C                     0.105061
      5 C                     0.098161
      6 C                    -0.392739
      7 H                     0.235151
      8 C                    -0.152521
      9 C                     0.193346
     10 C                    -0.379215
     11 H                     0.220888
     12 C                    -0.064146
     13 C                     0.251936
     14 C                     0.200558
     15 C                    -0.385600
     16 H                     0.220882
     17 C                    -0.205383
     18 H                     0.225715
     19 C                    -0.333855
     20 H                     0.219099
     21 C                    -0.203460
     22 H                     0.225549
     23 C                    -0.336294
     24 H                     0.219336
     25 B                     0.645571
     26 C                    -0.155156
     27 C                    -0.375096
     28 H                     0.238885
     29 C                     0.070231
     30 C                     0.209497
     31 C                    -0.364295
     32 H                     0.224083
     33 C                    -0.203915
     34 H                     0.227133
     35 C                    -0.333198
     36 H                     0.221581
     37 C                     0.252303
     38 C                    -0.088689
     39 C                    -0.331192
     40 H                     0.221353
     41 C                    -0.204383
     42 H                     0.227460
     43 C                    -0.357282
     44 H                     0.223844
     45 C                     0.200352
     46 C                     0.065070
     47 C                    -0.378616
     48 H                     0.236383
     49 C                    -0.147828
     50 B                     0.650926
     51 C                    -0.227665
     52 C                     0.086251
     53 C                    -0.428718
     54 H                     0.221067
     55 C                     0.401875
     56 O                    -0.453496
     57 C                    -0.378713
     58 H                     0.219245
     59 C                     0.081584
     60 C                    -0.405717
     61 H                     0.238648
     62 H                     0.203334
     63 H                     0.202423
     64 C                    -0.549543
     65 H                     0.255413
     66 H                     0.224056
     67 C                    -0.552235
     68 H                     0.255442
     69 H                     0.229693
     70 C                    -0.644576
     71 H                     0.245523
     72 H                     0.213563
     73 H                     0.217709
     74 C                    -0.645813
     75 H                     0.244195
     76 H                     0.216664
     77 H                     0.216499
     78 C                    -0.228524
     79 C                     0.076134
     80 C                    -0.423960
     81 H                     0.221422
     82 C                     0.401908
     83 O                    -0.454027
     84 C                    -0.372786
     85 H                     0.219001
     86 C                     0.079400
     87 C                    -0.405670
     88 H                     0.238736
     89 H                     0.202823
     90 H                     0.203464
     91 C                    -0.549567
     92 H                     0.252561
     93 H                     0.229747
     94 C                    -0.552210
     95 H                     0.257992
     96 H                     0.226141
     97 C                    -0.639906
     98 H                     0.241335
     99 H                     0.217242
    100 H                     0.212070
    101 C                    -0.643752
    102 H                     0.240386
    103 H                     0.216511
    104 H                     0.217448
  ----------------------------------------
  Sum of atomic charges =     0.000000

 -----------------------------------------------------------------
                    Cartesian Multipole Moments
 -----------------------------------------------------------------
    Charge (ESU x 10^10)
                 0.0000
    Dipole Moment (Debye)
         X       0.5393      Y      -0.0642      Z      -0.9143
       Tot       1.0634
    Quadrupole Moments (Debye-Ang)
        XX    -290.1545     XY      17.1597     YY    -337.8397
        XZ      -3.4163     YZ       9.7947     ZZ    -285.2797
    Octopole Moments (Debye-Ang^2)
       XXX      23.3904    XXY      21.4392    XYY     -21.8100
       YYY      33.3533    XXZ     430.3224    XYZ     -34.3234
       YYZ     506.6255    XZZ      -2.5960    YZZ     -26.9153
       ZZZ    1262.8728
    Hexadecapole Moments (Debye-Ang^3)
      XXXX  -22855.1040   XXXY     521.2215   XXYY   -4933.8865
      XYYY    -335.2612   YYYY   -3795.6969   XXXZ    1886.9824
      XXYZ     424.1409   XYYZ    1127.3627   YYYZ    -153.1505
      XXZZ   -8533.4039   XYZZ     231.5987   YYZZ   -6941.5523
      XZZZ    1095.9179   YZZZ      92.0810   ZZZZ  -29973.8462
 -----------------------------------------------------------------
 -----------------------------------------------------------------
               TDA Excited-State Multipoles, State  1
 -----------------------------------------------------------------
    Charge (ESU x 10^10)
                -0.0000
    Dipole Moment (Debye)
         X       0.5149      Y      -0.0469      Z      -0.9713
       Tot       1.1004
    Quadrupole Moments (Debye-Ang)
        XX    -294.3597     XY      17.0834     YY    -338.5022
        XZ      -4.5476     YZ       9.7066     ZZ    -286.1838
    Octopole Moments (Debye-Ang^2)
       XXX       7.3167    XXY      21.4414    XYY     -21.5036
       YYY      33.4674    XXZ     448.9529    XYZ     -34.0682
       YYZ     507.8313    XZZ      -6.4917    YZZ     -26.5178
       ZZZ    1284.5162
    Hexadecapole Moments (Debye-Ang^3)
      XXXX  -22997.8080   XXXY     517.6620   XXYY   -4944.0741
      XYYY    -336.5691   YYYY   -3805.2326   XXXZ    1950.2763
      XXYZ     422.2382   XYYZ    1122.3180   YYYZ    -153.9065
      XXZZ   -8649.3200   XYZZ     230.0991   YYZZ   -6947.2792
      XZZZ    1152.5334   YZZZ      91.3348   ZZZZ  -30209.3330
 -----------------------------------------------------------------
 -----------------------------------------------------------------
               TDA Excited-State Multipoles, State  2
 -----------------------------------------------------------------
    Charge (ESU x 10^10)
                 0.0000
    Dipole Moment (Debye)
         X       1.5057      Y      -0.0494      Z      -2.3996
       Tot       2.8333
    Quadrupole Moments (Debye-Ang)
        XX    -289.4205     XY      17.0711     YY    -338.2081
        XZ      -9.0811     YZ       9.6538     ZZ    -276.8514
    Octopole Moments (Debye-Ang^2)
       XXX      43.3047    XXY      21.6278    XYY     -21.0507
       YYY      33.5573    XXZ     404.8134    XYZ     -34.1628
       YYZ     505.8131    XZZ      45.0067    YZZ     -26.1369
       ZZZ    1181.5663
    Hexadecapole Moments (Debye-Ang^3)
      XXXX  -22843.9812   XXXY     518.6202   XXYY   -4937.9539
      XYYY    -336.7155   YYYY   -3801.7903   XXXZ    1752.1263
      XXYZ     421.2385   XYYZ    1118.1745   YYYZ    -154.7491
      XXZZ   -8386.5237   XYZZ     231.1484   YYZZ   -6934.3932
      XZZZ     787.1338   YZZZ      87.3329   ZZZZ  -29401.3636
 -----------------------------------------------------------------
Archival summary:
1\1\ctcp003\SP\ProcedureUnspecified\BasisUnspecified\254246\mewes1\ThuNov116:58:532018ThuNov116:58:532018\0\\#,ProcedureUnspecified,BasisUnspecified,\\0,1\C\C,1,1.40712\H,2,1.08438,1,119.292\C,2,1.37531,1,120.328,3,179.901,0\C,4,1.42189,2,119.755,1,0.057735,0\C,5,1.37595,4,120.721,2,0.063291,0\H,6,1.08482,5,120.376,4,179.697,0\C,6,1.40453,5,120.269,4,-0.243826,0\C,5,1.45975,4,108.119,2,179.959,0\C,9,1.37013,5,134.816,4,179.968,0\H,10,1.0831,9,121.879,5,-0.049532,0\C,9,1.40774,5,106.302,4,0,0\C,12,1.39035,9,123.917,5,-179.963,0\C,12,1.40829,9,111.476,5,0.006113,0\C,14,1.36941,12,118.313,9,-179.96,0\H,15,1.0827,14,121.873,12,179.938,0\C,10,1.41388,9,118.423,5,179.972,0\H,17,1.08232,10,118.574,9,-179.988,0\C,17,1.37538,10,122.358,9,0.027634,0\H,19,1.08307,17,119.722,10,179.998,0\C,15,1.41533,14,118.479,12,-0.027715,0\H,21,1.08211,15,118.412,14,179.991,0\C,21,1.37532,15,122.641,14,0.014471,0\H,23,1.08305,21,119.836,15,179.997,0\B,1,1.54442,2,119.288,3,0.234273,0\C,25,1.53876,1,119.051,2,-178.924,0\C,26,1.39031,25,119.814,1,-179.882,0\H,27,1.08412,26,119.389,25,0.104773,0\C,27,1.3823,26,120.47,25,179.934,0\C,29,1.424,27,132.979,26,-179.899,0\C,30,1.3889,29,135.461,27,-0.090206,0\H,31,1.08185,30,121.606,29,-0.171341,0\C,31,1.40085,30,118.246,29,179.67,0\H,33,1.08216,31,118.556,30,-179.963,0\C,33,1.38588,31,122.876,30,-0.063664,0\H,35,1.08279,33,119.668,31,-179.91,0\C,35,1.41455,33,120.407,31,-0.001661,0\C,37,1.39419,35,115.876,33,0.080168,0\C,37,1.4164,35,127.983,33,-179.747,0\H,39,1.08286,37,119.884,35,-0.155463,0\C,39,1.38738,37,120.577,35,179.82,0\H,41,1.08236,39,118.636,37,179.97,0\C,41,1.3983,39,122.691,37,-0.054296,0\H,43,1.08214,41,120.193,39,-179.97,0\C,43,1.39303,41,118.239,39,0.031196,0\C,45,1.41489,43,134.901,41,-179.605,0\C,46,1.39058,45,132.274,43,0.412029,0\H,47,1.08486,46,119.937,45,-0.018523,0\C,47,1.38359,46,120.41,45,179.544,0\B,49,1.54092,47,120.54,46,-179.155,0\C,25,1.57166,1,121.338,2,2.17639,0\C,51,1.39753,25,121.161,1,-100.955,0\C,52,1.39409,51,120.723,25,-179.614,0\H,53,1.08326,52,118.51,51,-179.629,0\C,53,1.3881,52,120.233,51,0.247851,0\O,55,1.35001,53,124.517,52,179.879,0\C,55,1.39149,53,119.358,52,-0.097581,0\H,57,1.08425,55,118.897,53,179.825,0\C,57,1.38439,55,120.828,53,-0.164474,0\C,56,1.40141,55,118.39,53,0.517411,0\H,60,1.08812,56,106.648,55,179.818,0\H,60,1.09509,56,112.365,55,61.1087,0\H,60,1.09512,56,112.359,55,-61.4782,0\C,52,1.50771,51,120.755,25,3.20742,0\H,64,1.0931,52,110.36,51,-35.8592,0\H,64,1.09324,52,109.627,51,-151.981,0\C,59,1.50869,57,118.601,55,177.778,0\H,67,1.09278,59,110.457,57,147.711,0\H,67,1.09285,59,109.379,57,31.6414,0\C,64,1.52718,52,112.449,51,86.1917,0\H,70,1.09003,64,111.31,52,-61.6537,0\H,70,1.09046,64,111.091,52,58.3199,0\H,70,1.09065,64,111.014,52,178.505,0\C,67,1.52764,59,112.616,57,-89.8723,0\H,74,1.09006,67,111.424,59,-61.7654,0\H,74,1.09043,67,111.119,59,58.2536,0\H,74,1.09081,67,110.987,59,178.349,0\C,50,1.57733,49,120.1,47,1.81141,0\C,78,1.39801,50,120.518,49,81.3367,0\C,79,1.39409,78,120.988,50,-179.701,0\H,80,1.08361,79,118.392,78,-179.784,0\C,80,1.38651,79,120.39,78,-0.111313,0\O,82,1.35016,80,124.602,79,-179.87,0\C,82,1.39092,80,119.124,79,0.078067,0\H,84,1.08431,82,118.886,80,179.868,0\C,84,1.38476,82,120.844,80,0.001984,0\C,83,1.40219,82,118.467,80,0.652737,0\H,87,1.08814,83,106.646,82,179.686,0\H,87,1.09508,83,112.404,82,-61.62,0\H,87,1.09509,83,112.356,82,60.9739,0\C,86,1.50659,84,118.189,82,176.995,0\H,91,1.09283,86,110.542,84,151.96,0\H,91,1.09298,86,109.486,84,35.6559,0\C,79,1.50807,78,121.373,50,3.47583,0\H,94,1.09245,79,110.511,78,-28.1502,0\H,94,1.09354,79,109.586,78,-144.398,0\C,94,1.52702,79,112.056,78,93.9808,0\H,97,1.09018,94,111.057,79,-60.8737,0\H,97,1.09065,94,111.145,79,179.127,0\H,97,1.09067,94,111.139,79,58.919,0\C,91,1.5272,86,112.002,84,-85.6643,0\H,101,1.09012,91,111.21,86,-61.591,0\H,101,1.0905,91,111.017,86,58.2412,0\H,101,1.09058,91,111.14,86,178.444,0\\\@

 Total job time:  7076.11s(wall), 26722.96s(cpu) 
 Thu Nov  1 16:58:53 2018

        *************************************************************
        *                                                           *
        *  Thank you very much for using Q-Chem.  Have a nice day.  *
        *                                                           *
        *************************************************************


0 sent ACK to 0 
now end server 0 ... 
 
*************************************************************
Job 2 of 2 
*************************************************************
 
mFile = /cm/shared/apps/q-chem/intel/QCHEM_5.1.0_Trunk/bin/mpi/machines
Process 0 of 1 is on ctcp003 - thread support 0
initial socket setup ...start
initial socket setup ...done 
now start server 0 ... 
Q-Chem Developer Version!
                  Welcome to Q-Chem
     A Quantum Leap Into The Future Of Chemistry


 Q-Chem 5.1, Q-Chem, Inc., Pleasanton, CA (2018)

 Yihan Shao,  Zhengting Gan,  E. Epifanovsky,  A. T. B. Gilbert,  M. Wormit,  
 J. Kussmann,  A. W. Lange,  A. Behn,  Jia Deng,  Xintian Feng,  D. Ghosh,  
 M. Goldey,  P. R. Horn,  L. D. Jacobson,  I. Kaliman,  T. Kus,  A. Landau,  
 Jie Liu,  E. I. Proynov,  R. M. Richard,  R. P. Steele,  E. J. Sundstrom,  
 H. L. Woodcock III,  P. M. Zimmerman,  D. Zuev,  B. Albrecht,  E. Alguire,  
 S. A. Baeppler,  D. Barton,  Z. Benda,  Y. A. Bernard,  E. J. Berquist,  
 K. B. Bravaya,  H. Burton,  D. Casanova,  Chun-Min Chang,  Yunqing Chen,  
 A. Chien,  K. D. Closser,  M. P. Coons,  S. Coriani,  S. Dasgupta,  
 A. L. Dempwolff,  M. Diedenhofen,  Hainam Do,  R. G. Edgar,  Po-Tung Fang,  
 S. Faraji,  S. Fatehi,  Qingguo Feng,  K. D. Fenk,  J. Fosso-Tande,  
 Qinghui Ge,  A. Ghysels,  G. Gidofalvi,  J. Gomes,  J. Gonthier,  A. Gunina,  
 D. Hait,  M. W. D. Hanson-Heine,  P. H. P. Harbach,  A. W. Hauser,  
 J. E. Herr,  E. G. Hohenstein,  Z. C. Holden,  Kerwin Hui,  B. C. Huynh,  
 T.-C. Jagau,  Hyunjun Ji,  B. Kaduk,  K. Khistyaev,  Jaehoon Kim,  
 P. Klunzinger,  K. Koh,  D. Kosenkov,  L. Koulias,  T. Kowalczyk,  
 C. M. Krauter,  A. Kunitsa,  Ka Un Lao,  A. Laurent,  K. V. Lawler,  
 Joonho Lee,  D. Lefrancois,  S. Lehtola,  D. S. Levine,  Yi-Pei Li,  
 You-Sheng Lin,  Fenglai Liu,  E. Livshits,  A. Luenser,  P. Manohar,  
 E. Mansoor,  S. F. Manzer,  Shan-Ping Mao,  Yuezhi Mao,  N. Mardirossian,  
 A. V. Marenich,  T. Markovich,  L. A. Martinez-Martinez,  S. A. Maurer,  
 N. J. Mayhall,  S. C. McKenzie,  J.-M. Mewes,  A. F. Morrison,  
 J. W. Mullinax,  K. Nanda,  T. S. Nguyen-Beck,  R. Olivares-Amaya,  
 J. A. Parkhill,  T. M. Perrine,  F. Plasser,  P. Pokhilko,  S. Prager,  
 A. Prociuk,  E. Ramos,  D. R. Rehn,  F. Rob,  M. Schneider,  N. Sergueev,  
 S. M. Sharada,  S. Sharma,  D. W. Small,  T. Stauch,  T. Stein,  
 Yu-Chuan Su,  A. J. W. Thom,  A. Tkatchenko,  T. Tsuchimochi,  N. M. Tubman,  
 L. Vogt,  M. L. Vidal,  O. Vydrov,  M. A. Watson,  J. Wenzel,  
 M. de Wergifosse,  T. A. Wesolowski,  A. White,  J. Witte,  A. Yamada,  
 Jun Yang,  K. Yao,  S. Yeganeh,  S. R. Yost,  Zhi-Qiang You,  A. Zech,  
 Igor Ying Zhang,  Xing Zhang,  Yan Zhao,  Ying Zhu,  B. R. Brooks,  
 G. K. L. Chan,  C. J. Cramer,  M. S. Gordon,  W. J. Hehre,  A. Klamt,  
 M. W. Schmidt,  C. D. Sherrill,  D. G. Truhlar,  A. Aspuru-Guzik,  R. Baer,  
 A. T. Bell,  N. A. Besley,  Jeng-Da Chai,  A. E. DePrince, III,  
 R. A. DiStasio Jr.,  A. Dreuw,  B. D. Dunietz,  T. R. Furlani,  
 Chao-Ping Hsu,  Yousung Jung,  Jing Kong,  D. S. Lambrecht,  WanZhen Liang,  
 C. Ochsenfeld,  V. A. Rassolov,  L. V. Slipchenko,  J. E. Subotnik,  
 T. Van Voorhis,  J. M. Herbert,  A. I. Krylov,  P. M. W. Gill,  M. Head-Gordon

 Contributors to earlier versions of Q-Chem not listed above: 
 R. D. Adamson,  B. Austin,  J. Baker,  G. J. O. Beran,  K. Brandhorst,  
 S. T. Brown,  E. F. C. Byrd,  A. K. Chakraborty,  C.-L. Cheng,  
 Siu Hung Chien,  D. M. Chipman,  D. L. Crittenden,  H. Dachsel,  
 R. J. Doerksen,  A. D. Dutoi,  L. Fusti-Molnar,  W. A. Goddard III,  
 A. Golubeva-Zadorozhnaya,  S. R. Gwaltney,  G. Hawkins,  A. Heyden,  
 S. Hirata,  G. Kedziora,  F. J. Keil,  C. Kelley,  Jihan Kim,  R. A. King,  
 R. Z. Khaliullin,  P. P. Korambath,  W. Kurlancheek,  A. M. Lee,  M. S. Lee,  
 S. V. Levchenko,  Ching Yeh Lin,  D. Liotard,  R. C. Lochan,  I. Lotan,  
 P. E. Maslen,  N. Nair,  D. P. O'Neill,  D. Neuhauser,  E. Neuscamman,  
 C. M. Oana,  R. Olson,  B. Peters,  R. Peverati,  P. A. Pieniazek,  
 Y. M. Rhee,  J. Ritchie,  M. A. Rohrdanz,  E. Rosta,  N. J. Russ,  
 H. F. Schaefer III,  N. E. Schultz,  N. Shenvi,  A. C. Simmonett,  A. Sodt,  
 D. Stuck,  K. S. Thanthiriwatte,  V. Vanovschi,  Tao Wang,  A. Warshel,  
 C. F. Williams,  Q. Wu,  X. Xu,  W. Zhang

 Please cite Q-Chem as follows:
 Y. Shao et al., Mol. Phys. 113, 184-215 (2015)
 DOI: 10.1080/00268976.2014.952696

 Q-Chem 5.1.1 for Intel X86 EM64T Linux

 Parts of Q-Chem use Armadillo 8.300.2 (Tropical Shenanigans).
 http://arma.sourceforge.net/

 Q-Chem begins on Thu Nov  1 16:58:56 2018  

Host: ctcp003
0

     Scratch files written to /scratch/mewes1/139307/qchem4215//
 Parallel job on  1  processors
The previous job contains 0 fragments, simply inherited here
Symmetry turned off for PCM/SM12/SMD calculation
Input Ideriv = 2
Curr. Ideriv = -1
Max.  Ideriv = 2
Input Ideriv = 1
Curr. Ideriv = 2
Max.  Ideriv = 1

Checking the input file for inconsistencies... 	...done.

--------------------------------------------------------------
User input:
--------------------------------------------------------------
$rem
threads 8
jobtype sp
method PBEh-3c
basis def2-mSVP
mem_static      1024
mem_total       14000
sym_ignore      true
cis_n_roots             6
cis_singlets            true
cis_triplets            true
rpa                     false
calc_soc                true
cis_moments             true
cis_relaxed_density     true
solvent_method          pcm
$end

$molecule
read
$end

$pcm
statespecific           Marcus 
$end

$solvent
dielectric      1.0001 
dielectric_infi 1.00009
$end

--------------------------------------------------------------
 Adding empirical dispersion correction 
 ----------------------------------------------------------------
 Doing -D3(BJ) with
 s6 =   1.00000
 s8 =   0.00000
 a1 =   0.48600
 a2 =   4.50000
 -D3 energy including 3body term =     -0.0955292672 hartrees
 ----------------------------------------------------------------
 Adding gCP correction 
 ----------------------------------------------------------------
 gCP energy =      0.1523474165 hartrees
 ----------------------------------------------------------------
             Standard Nuclear Orientation (Angstroms)
    I     Atom           X                Y                Z
 ----------------------------------------------------------------
    1      C       0.0000000000     0.0000000000     0.0000000000
    2      C       0.0000000000     0.0000000000     1.4071210000
    3      H       0.9457319834     0.0000000000     1.9376614497
    4      C      -1.1870962962     0.0020599834     2.1015797717
    5      C      -2.4195175069     0.0029547402     1.3924254869
    6      C      -2.4388343681     0.0004751633     0.0166103217
    7      H      -3.3823423959    -0.0037784478    -0.5187504075
    8      C      -1.2358401419     0.0021745769    -0.7083176539
    9      C      -3.5049278890     0.0041464894     2.3685101485
   10      C      -4.8728936408     0.0058543550     2.2915491062
   11      H      -5.3923384035     0.0074430582     1.3411431089
   12      C      -2.8952772423     0.0039354373     3.6373929575
   13      C      -3.5992757169     0.0041027473     4.8363303621
   14      C      -1.4907420266     0.0028257649     3.5345747337
   15      C      -0.7549674018     0.0016445579     4.6895248789
   16      H       0.3276671563    -0.0002448709     4.6776800888
   17      C      -5.6146444317     0.0059802073     3.4952419830
   18      H      -6.6954085732     0.0071274246     3.4372968128
   19      C      -5.0117277485     0.0050153564     4.7314321740
   20      H      -5.6217381719     0.0051911863     5.6263815444
   21      C      -1.4415939665     0.0021995637     5.9271423481
   22      H      -0.8591224042     0.0011193566     6.8391079569
   23      C      -2.8141746068     0.0035807952     6.0139716856
   24      H      -3.2926266580     0.0039043944     6.9856110213
   25      B       1.3469894500    -0.0055076486    -0.7555318666
   26      C       1.3408374466     0.0197875598    -2.2940706426
   27      C       2.5442160558     0.0127232778    -2.9903506281
   28      H       3.4775417881    -0.0123541454    -2.4393504322
   29      C       2.5544945039     0.0338213207    -4.3724513900
   30      C       3.6033441432     0.0313093233    -5.3356120350
   31      C       4.9912422272     0.0091717508    -5.2878238273
   32      H       5.5259368584    -0.0097173333    -4.3475320620
   33      C       5.6963536250     0.0083854951    -6.4982728408
   34      H       6.7779066720    -0.0094224762    -6.4668829238
   35      C       5.0694279065     0.0273787016    -7.7340947085
   36      H       5.6659165136     0.0242796491    -8.6377682788
   37      C       3.6576850243     0.0487771903    -7.8204921931
   38      C       2.9737015493     0.0509396370    -6.6056134032
   39      C       2.8559691097     0.0648601625    -8.9880459993
   40      H       3.3244898004     0.0638382198    -9.9643039543
   41      C       1.4719059228     0.0814558544    -8.8936017468
   42      H       0.8898380821     0.0939707066    -9.8060400061
   43      C       0.7984946626     0.0821715001    -7.6681421339
   44      H      -0.2832474269     0.0949506511    -7.6416050386
   45      C       1.5565091775     0.0661369506    -6.4995090009
   46      C       1.2591434998     0.0545015269    -5.1162662629
   47      C       0.0565899059     0.0476983337    -4.4180318420
   48      H      -0.8836729922     0.0516205171    -4.9591544606
   49      C       0.0501069584     0.0268152298    -3.0346146397
   50      B      -1.2806035854    -0.0003551847    -2.2581525761
   51      C       2.7158989560    -0.0620837323     0.0145378403
   52      C       3.4839000654     1.0890690100     0.2097673353
   53      C       4.7007160306     1.0270242272     0.8872517464
   54      H       5.2638451093     1.9423033738     1.0236248344
   55      C       5.1686679977    -0.1858273019     1.3739045576
   56      O       6.3328848943    -0.3455030049     2.0384628978
   57      C       4.4107301007    -1.3366404396     1.1804970358
   58      H       4.7847143153    -2.2804543113     1.5612133450
   59      C       3.1986356823    -1.2840968823     0.5137101610
   60      C       7.1289979998     0.7845595424     2.2689062581
   61      H       8.0063771226     0.4419447103     2.8137257347
   62      H       6.6166157384     1.5385179413     2.8757285211
   63      H       7.4612772242     1.2568495255     1.3384079647
   64      C       2.9861256550     2.4354099922    -0.2515124665
   65      H       2.4294535188     2.3350196114    -1.1868786443
   66      H       3.8368556637     3.0829220323    -0.4798939920
   67      C       2.4424455815    -2.5698525054     0.2875298289
   68      H       1.3651577244    -2.3871227804     0.3028727648
   69      H       2.6397332800    -3.2568078318     1.1142676576
   70      C       2.0977948759     3.1160637422     0.7876465893
   71      H       1.2043001216     2.5262162229     0.9923558682
   72      H       2.6289498608     3.2502640742     1.7304962505
   73      H       1.7727131602     4.0978867850     0.4414313462
   74      C       2.8187037046    -3.2490194831    -1.0280910252
   75      H       2.5804218909    -2.6179351271    -1.8843545925
   76      H       3.8862926015    -3.4677933719    -1.0660439177
   77      H       2.2789202969    -4.1889245270    -1.1508958256
   78      C      -2.6507586996    -0.0477178799    -3.0381455557
   79      C      -3.1448820292    -1.2585573903    -3.5322554335
   80      C      -4.3516234167    -1.3107723169    -4.2283374522
   81      H      -4.6968431709    -2.2722641489    -4.5896695830
   82      C      -5.0885766155    -0.1559531921    -4.4421259572
   83      O      -6.2661270568    -0.1088500340    -5.1009735690
   84      C      -4.6070299015     1.0544046363    -3.9544761299
   85      H      -5.1854093713     1.9554445173    -4.1257371276
   86      C      -3.4085105753     1.1150719930    -3.2635182110
   87      C      -6.8016006804    -1.3052125790    -5.5990971122
   88      H      -7.7418612061    -1.0483075196    -6.0827897768
   89      H      -6.1487877613    -1.7779259425    -6.3404306302
   90      H      -7.0067855483    -2.0318256694    -4.8058974868
   91      C      -2.9092417173     2.4661831798    -2.8218819392
   92      H      -2.2928565535     2.3726368955    -1.9243332521
   93      H      -3.7580279313     3.0937256231    -2.5383998462
   94      C      -2.4320557026    -2.5618976423    -3.2725461880
   95      H      -1.3606068199    -2.3929073674    -3.1426062158
   96      H      -2.5276443640    -3.2124448983    -4.1463213273
   97      C      -2.9817676351    -3.2809587574    -2.0426864683
   98      H      -2.8578568936    -2.6736306056    -1.1458661319
   99      H      -2.4666198521    -4.2280103844    -1.8776477983
  100      H      -4.0458869320    -3.4927972457    -2.1538014200
  101      C      -2.1094882139     3.1669542460    -3.9180859576
  102      H      -1.2231788577     2.5925844542    -4.1881087737
  103      H      -2.7092918140     3.2928716462    -4.8200662892
  104      H      -1.7784267098     4.1540643753    -3.5934716811
 ----------------------------------------------------------------
 Nuclear Repulsion Energy =  7598.6682827278 hartrees
 There are      198 alpha and      198 beta electrons
 Requested basis set is def2-mSVP
 There are 498 shells and 962 basis functions

 Total QAlloc Memory Limit  14000 MB
 Mega-Array Size      1001 MB
 MEM_STATIC part      1024 MB
 Discretize the solute cavity surface with Lebedev spheres
	Using 302 Lebedev grid points for each H atom
	Using 302 Lebedev grid points for other atoms
	Atomic van der Waals radii will be scaled by 1.20
 Remove points where switching function is < 1.0e-08
 Keep 11041 surface tesserae and discard 20367 interior tesserae
 Molecular Surface Area = 796.186 Angst**2
 A cutoff of  1.0D-11 yielded  44711 shell pairs
 There are    174037 function pairs (    191541 Cartesian)
 
 -------------------------------------------------------
 OpenMP Integral Computing Module                       
 Release: version 1.0, May 2013, Q-Chem Inc. Pittsburgh 
 -------------------------------------------------------
 Integral Job Info:
 Integral job number is                      11
 Integral operator is                         1
 short-range coefficients                     0
 long-range coefficients              100000000
 Omega coefficients                           0
 if combine SR and LR in K                    0
 Integral screening is                        0
 Integral computing path is                   2
 max size of driver memory is            800000
 size of driver memory is                593474
 size of scratch memory is              1809772
 max col of scratch BK array               1296
 max len of scratch array in speh3          155
 max len of scratch index in speh4           18
 max int batch size is                      520
 min int batch size is                       52
 fixed nKL is                                52
 max L of basis functions is                  2
 order of int derivative is                   0
 number of shells is                        498
 number of basis is                        1020
 number of cartesian basis is              1020
 number of contracted shell pairs         44711
 number of primitive shell pairs          92818
 maxK2 (contraction) of shell pair           25
 max number of K2 of shell pair               1
 max number of CS2 of shell pair          10991
 max number of PS2 of shell pair          16455
 mem total for path MDJ                  952348
 -------------------------------------------------------
 Smallest overlap matrix eigenvalue = 1.97E-04

 Scale SEOQF with 1.000000e-02/1.000000e-01/1.000000e-02

 Standard Electronic Orientation quadrupole field applied
 Nucleus-field energy     =    -0.0000000048 hartrees
 Guess from superposition of atomic densities
 Warning:  Energy on first SCF cycle will be non-variational
 SAD guess density has 396.000000 electrons

 -----------------------------------------------------------------------
  General SCF calculation program by
  Eric Jon Sundstrom, Paul Horn, Yuezhi Mao, Dmitri Zuev, Alec White,
  David Stuck, Shaama M.S., Shane Yost, Joonho Lee, David Small,
  Daniel Levine, Susi Lehtola, Hugh Burton, Evgeny Epifanovsky
 -----------------------------------------------------------------------
 Exchange:     0.4200 Hartree-Fock + 0.5800 PBEh-3c
 Correlation:  1.0000 PBEh-3c
 Using SG-1 standard quadrature grid
 Dispersion:   Grimme D3
 using 8 threads for integral computing
 -------------------------------------------------------
 OpenMP Integral computing Module                
 Release: version 2.0, May 2017, Q-Chem Inc. Pleasanton 
 -------------------------------------------------------
 -------------------------------------------------------
 OpenMP BLAS3 based DFT computing Module                
 Release: version 1.0, May 2013, Q-Chem Inc. Pittsburgh 
 -------------------------------------------------------
 A restricted SCF calculation will be
 performed using DIIS
 SCF converges when DIIS error is below 1.0e-08
 ---------------------------------------
  Cycle       Energy         DIIS error
 ---------------------------------------
    1   -2299.3253711227      2.73e-02  
    2               -nan          -nan  
solve(c,A,vect) failed Check on this
The B Matrix
           0.  -1.0000e+00  -1.0000e+00  -1.0000e+00
  -1.0000e+00   6.8810e+02          nan          nan
  -1.0000e+00          nan          nan          nan
  -1.0000e+00          nan          nan          nan
    3               -nan     1.80e+308  
    4                nan          -nan  
    5               -nan           nan  
solve(c,A,vect) failed Check on this
The B Matrix
       0.  -1.0000  -1.0000  -1.0000
  -1.0000      nan      nan      nan
  -1.0000      nan      nan      nan
  -1.0000      nan      nan      nan
    6               -nan     1.80e+308  
    7                nan          -nan  
    8               -nan           nan  
solve(c,A,vect) failed Check on this
The B Matrix
       0.  -1.0000  -1.0000  -1.0000
  -1.0000      nan      nan      nan
  -1.0000      nan      nan      nan
  -1.0000      nan      nan      nan
    9               -nan     1.80e+308  
   10                nan          -nan  
   11               -nan           nan  
solve(c,A,vect) failed Check on this
The B Matrix
       0.  -1.0000  -1.0000  -1.0000
  -1.0000      nan      nan      nan
  -1.0000      nan      nan      nan
  -1.0000      nan      nan      nan
   12               -nan     1.80e+308  
   13                nan          -nan  
   14               -nan           nan  
solve(c,A,vect) failed Check on this
The B Matrix
       0.  -1.0000  -1.0000  -1.0000
  -1.0000      nan      nan      nan
  -1.0000      nan      nan      nan
  -1.0000      nan      nan      nan
   15               -nan     1.80e+308  
   16                nan          -nan  
   17               -nan           nan  
solve(c,A,vect) failed Check on this
The B Matrix
       0.  -1.0000  -1.0000  -1.0000
  -1.0000      nan      nan      nan
  -1.0000      nan      nan      nan
  -1.0000      nan      nan      nan
   18               -nan     1.80e+308  
   19                nan          -nan  
   20               -nan           nan  
solve(c,A,vect) failed Check on this
The B Matrix
       0.  -1.0000  -1.0000  -1.0000
  -1.0000      nan      nan      nan
  -1.0000      nan      nan      nan
  -1.0000      nan      nan      nan
   21               -nan     1.80e+308  
   22                nan          -nan  
   23               -nan           nan  
solve(c,A,vect) failed Check on this
The B Matrix
       0.  -1.0000  -1.0000  -1.0000
  -1.0000      nan      nan      nan
  -1.0000      nan      nan      nan
  -1.0000      nan      nan      nan
   24               -nan     1.80e+308  
   25                nan          -nan  
   26               -nan           nan  
solve(c,A,vect) failed Check on this
The B Matrix
       0.  -1.0000  -1.0000  -1.0000
  -1.0000      nan      nan      nan
  -1.0000      nan      nan      nan
  -1.0000      nan      nan      nan
   27               -nan     1.80e+308  
   28                nan          -nan  
   29               -nan           nan  
solve(c,A,vect) failed Check on this
The B Matrix
       0.  -1.0000  -1.0000  -1.0000
  -1.0000      nan      nan      nan
  -1.0000      nan      nan      nan
  -1.0000      nan      nan      nan
   30               -nan     1.80e+308  
   31                nan          -nan  
   32               -nan           nan  
solve(c,A,vect) failed Check on this
The B Matrix
       0.  -1.0000  -1.0000  -1.0000
  -1.0000      nan      nan      nan
  -1.0000      nan      nan      nan
  -1.0000      nan      nan      nan
   33               -nan     1.80e+308  
   34                nan          -nan  
   35               -nan           nan  
solve(c,A,vect) failed Check on this
The B Matrix
       0.  -1.0000  -1.0000  -1.0000
  -1.0000      nan      nan      nan
  -1.0000      nan      nan      nan
  -1.0000      nan      nan      nan
   36               -nan     1.80e+308  
   37                nan          -nan  
   38               -nan           nan  
solve(c,A,vect) failed Check on this
The B Matrix
       0.  -1.0000  -1.0000  -1.0000
  -1.0000      nan      nan      nan
  -1.0000      nan      nan      nan
  -1.0000      nan      nan      nan
   39               -nan     1.80e+308  
   40                nan          -nan  
   41               -nan           nan  
solve(c,A,vect) failed Check on this
The B Matrix
       0.  -1.0000  -1.0000  -1.0000
  -1.0000      nan      nan      nan
  -1.0000      nan      nan      nan
  -1.0000      nan      nan      nan
   42               -nan     1.80e+308  
   43                nan          -nan  
   44               -nan           nan  
solve(c,A,vect) failed Check on this
The B Matrix
       0.  -1.0000  -1.0000  -1.0000
  -1.0000      nan      nan      nan
  -1.0000      nan      nan      nan
  -1.0000      nan      nan      nan
   45               -nan     1.80e+308  
   46                nan          -nan  
   47               -nan           nan  
solve(c,A,vect) failed Check on this
The B Matrix
       0.  -1.0000  -1.0000  -1.0000
  -1.0000      nan      nan      nan
  -1.0000      nan      nan      nan
  -1.0000      nan      nan      nan
   48               -nan     1.80e+308  
   49                nan          -nan  
   50               -nan           nan  
gen_scfman_exception: eig_sym(): decomposition failed

 Q-Chem fatal error occurred in module libgscf/gen_scfman/gen_scfman_main.C, line 144:

 Error in gen_scfman


 Please submit a crash report at q-chem.com/reporter 
 
 
[ctcp003:10287] *** Process received signal ***
[ctcp003:10287] Signal: Aborted (6)
[ctcp003:10287] Signal code:  (-6)
[ctcp003:10287] [ 0] /lib64/libpthread.so.0(+0xf100)[0x2aaaaaee2100]
[ctcp003:10287] [ 1] /lib64/libc.so.6(gsignal+0x37)[0x2aaaac37e5f7]
[ctcp003:10287] [ 2] /lib64/libc.so.6(abort+0x148)[0x2aaaac37fce8]
[ctcp003:10287] [ 3] /cm/shared/apps/q-chem/intel/QCHEM_5.1.0_Trunk/exe/qcprog.exe[0x10a2c76b]
[ctcp003:10287] [ 4] /cm/shared/apps/q-chem/intel/QCHEM_5.1.0_Trunk/exe/qcprog.exe[0xab5521]
[ctcp003:10287] [ 5] /cm/shared/apps/q-chem/intel/QCHEM_5.1.0_Trunk/exe/qcprog.exe[0x43fe3d]
[ctcp003:10287] [ 6] /cm/shared/apps/q-chem/intel/QCHEM_5.1.0_Trunk/exe/qcprog.exe[0x43d36e]
[ctcp003:10287] [ 7] /cm/shared/apps/q-chem/intel/QCHEM_5.1.0_Trunk/exe/qcprog.exe[0x43c2b0]
[ctcp003:10287] [ 8] /lib64/libc.so.6(__libc_start_main+0xf5)[0x2aaaac36ab15]
[ctcp003:10287] [ 9] /cm/shared/apps/q-chem/intel/QCHEM_5.1.0_Trunk/exe/qcprog.exe[0x416029]
[ctcp003:10287] *** End of error message ***
