mFile = /cm/shared/apps/q-chem/intel/QCHEM_5.0.1_Trunk/bin/mpi/machines
Process 0 of 1 is on ctcp038 - thread support 0
initial socket setup ...start
initial socket setup ...done 
now start server 0 ... 
ctcp038.cm.cluster 10.141.0
Q-Chem Developer Version! Running on 10.141.0.*
                  Welcome to Q-Chem
     A Quantum Leap Into The Future Of Chemistry


 Q-Chem 5.0, Q-Chem, Inc., Pleasanton, CA (2017)

 Yihan Shao,  Zhengting Gan,  E. Epifanovsky,  A. T. B. Gilbert,  M. Wormit,  
 J. Kussmann,  A. W. Lange,  A. Behn,  Jia Deng,  Xintian Feng,  D. Ghosh,  
 M. Goldey,  P. R. Horn,  L. D. Jacobson,  I. Kaliman,  T. Kus,  A. Landau,  
 Jie Liu,  E. I. Proynov,  R. M. Richard,  R. P. Steele,  E. J. Sundstrom,  
 H. L. Woodcock III,  P. M. Zimmerman,  D. Zuev,  B. Albrecht,  E. Alguire,  
 S. A. Baeppler,  Z. Benda,  Y. A. Bernard,  E. J. Berquist,  K. B. Bravaya,  
 D. Casanova,  Chun-Min Chang,  Yunqing Chen,  A. Chien,  K. D. Closser,  
 M. P. Coons,  S. Dasgupta,  M. Diedenhofen,  Hainam Do,  R. G. Edgar,  
 Po-Tung Fang,  S. Fatehi,  Qingguo Feng,  Qinghui Ge,  A. Ghysels,  
 J. Gomes,  J. Gonthier,  A. Gunina,  M. W. D. Hanson-Heine,  
 P. H. P. Harbach,  A. W. Hauser,  J. E. Herr,  E. G. Hohenstein,  
 Z. C. Holden,  Kerwin Hui,  T.-C. Jagau,  Hyunjun Ji,  B. Kaduk,  
 K. Khistyaev,  Jaehoon Kim,  P. Klunzinger,  K. Koh,  D. Kosenkov,  
 T. Kowalczyk,  C. M. Krauter,  A. Kunitsa,  Ka Un Lao,  A. Laurent,  
 K. V. Lawler,  Joonho Lee,  D. Lefrancois,  S. Lehtola,  D. S. Levine,  
 Yi-Pei Li,  You-Sheng Lin,  Fenglai Liu,  E. Livshits,  A. Luenser,  
 P. Manohar,  E. Mansoor,  S. F. Manzer,  Shan-Ping Mao,  Yuezhi Mao,  
 N. Mardirossian,  A. V. Marenich,  L. A. Martinez-Martinez,  S. A. Maurer,  
 N. J. Mayhall,  S. C. McKenzie,  J.-M. Mewes,  A. F. Morrison,  K. Nanda,  
 T. S. Nguyen-Beck,  R. Olivares-Amaya,  J. A. Parkhill,  T. M. Perrine,  
 F. Plasser,  S. Prager,  A. Prociuk,  D. R. Rehn,  F. Rob,  M. Schneider,  
 N. Sergueev,  S. M. Sharada,  S. Sharma,  D. W. Small,  T. Stauch,  
 T. Stein,  Yu-Chuan Su,  A. J. W. Thom,  T. Tsuchimochi,  L. Vogt,  
 O. Vydrov,  M. A. Watson,  J. Wenzel,  M. de Wergifosse,  T. A. Wesolowski,  
 A. White,  J. Witte,  A. Yamada,  Jun Yang,  K. Yao,  S. Yeganeh,  
 S. R. Yost,  Zhi-Qiang You,  A. Zech,  Igor Ying Zhang,  Xing Zhang,  
 Yan Zhao,  Ying Zhu,  B. R. Brooks,  G. K. L. Chan,  C. J. Cramer,  
 M. S. Gordon,  W. J. Hehre,  A. Klamt,  M. W. Schmidt,  C. D. Sherrill,  
 D. G. Truhlar,  A. Aspuru-Guzik,  R. Baer,  A. T. Bell,  N. A. Besley,  
 Jeng-Da Chai,  A. Dreuw,  B. D. Dunietz,  T. R. Furlani,  Chao-Ping Hsu,  
 Yousung Jung,  Jing Kong,  D. S. Lambrecht,  WanZhen Liang,  C. Ochsenfeld,  
 V. A. Rassolov,  L. V. Slipchenko,  J. E. Subotnik,  T. Van Voorhis,  
 J. M. Herbert,  A. I. Krylov,  P. M. W. Gill,  M. Head-Gordon

 Contributors to earlier versions of Q-Chem not listed above: 
 R. D. Adamson,  B. Austin,  J. Baker,  G. J. O. Beran,  K. Brandhorst,  
 S. T. Brown,  E. F. C. Byrd,  A. K. Chakraborty,  C.-L. Cheng,  
 Siu Hung Chien,  D. M. Chipman,  D. L. Crittenden,  H. Dachsel,  
 R. A. DiStasio Jr.,  R. J. Doerksen,  A. D. Dutoi,  L. Fusti-Molnar,  
 W. A. Goddard III,  A. Golubeva-Zadorozhnaya,  S. R. Gwaltney,  G. Hawkins,  
 A. Heyden,  S. Hirata,  G. Kedziora,  F. J. Keil,  C. Kelley,  Jihan Kim,  
 R. A. King,  R. Z. Khaliullin,  P. P. Korambath,  W. Kurlancheek,  
 A. M. Lee,  M. S. Lee,  S. V. Levchenko,  Ching Yeh Lin,  D. Liotard,  
 R. C. Lochan,  I. Lotan,  P. E. Maslen,  N. Nair,  D. P. O'Neill,  
 D. Neuhauser,  E. Neuscamman,  C. M. Oana,  R. Olson,  B. Peters,  
 R. Peverati,  P. A. Pieniazek,  Y. M. Rhee,  J. Ritchie,  M. A. Rohrdanz,  
 E. Rosta,  N. J. Russ,  H. F. Schaefer III,  N. E. Schultz,  N. Shenvi,  
 A. C. Simmonett,  A. Sodt,  D. Stuck,  K. S. Thanthiriwatte,  V. Vanovschi,  
 Tao Wang,  A. Warshel,  C. F. Williams,  Q. Wu,  X. Xu,  W. Zhang

 Please cite Q-Chem as follows:
 Y. Shao et al., Mol. Phys. 113, 184-215 (2015)
 DOI: 10.1080/00268976.2014.952696

 Q-Chem 5.0.1 for Intel X86 EM64T Linux

 Parts of Q-Chem use Armadillo 5.200.1 (Boston Tea Smuggler).
 http://arma.sourceforge.net/

 Q-Chem begins on Wed Oct 24 15:28:15 2018  

Host: 32512

     Scratch files written to /scratch/mewes1/138315/qchem24813//
 Parallel job on  1  processors
The previous job contains 0 fragments, simply inherited here
Symmetry turned off for PCM/SM12/SMD calculation

Checking the input file for inconsistencies... 	...done.

--------------------------------------------------------------
User input:
--------------------------------------------------------------
$solvent
dielectric      8.93
dielectric_infi 2.03
$end

$rem
threads 8
jobtype	sp
method PBEh-3c
basis def2-mSVP
mem_static	1024
mem_total	14000
sym_ignore	true
cis_n_roots             2
cis_singlets            false
cis_triplets		true 
rpa                     false
calc_soc 		true
cis_moments             true
cis_relaxed_density	true
solvent_method		pcm
$end

$pcm
StateSpecific   1
ChargeSeparation Excited
$end


$molecule
read ut1opt_dcm.mol
$end


--------------------------------------------------------------
 Adding empirical dispersion correction 
 ----------------------------------------------------------------
 Doing -D3(BJ) with
 s6 =   1.00000
 s8 =   0.00000
 a1 =   0.48600
 a2 =   4.50000
 -D3 energy including 3body term =     -0.0956145863 hartrees
 ----------------------------------------------------------------
 Adding gCP correction 
 ----------------------------------------------------------------
 gCP energy =      0.1521767312 hartrees
 ----------------------------------------------------------------
             Standard Nuclear Orientation (Angstroms)
    I     Atom           X                Y                Z
 ----------------------------------------------------------------
    1      C       0.0000000000     0.0000000000     0.0000000000
    2      C       0.0000000000     0.0000000000     1.4107970000
    3      H       0.9383107833     0.0000000000     1.9584072124
    4      C      -1.1781448640    -0.0020593372     2.1079222323
    5      C      -2.4301412534    -0.0065054410     1.4240936897
    6      C      -2.4484877956    -0.0075401390     0.0486634335
    7      H      -3.3960547952    -0.0191402286    -0.4795462009
    8      C      -1.2476953430    -0.0017764390    -0.6955650055
    9      C      -1.4351503346    -0.0087000097     3.5438273683
   10      C      -0.6506399922    -0.0099318897     4.6713588343
   11      H       0.4313348215    -0.0014995247     4.6157833904
   12      C      -2.8353023573    -0.0197522202     3.6914589229
   13      C      -3.4835266826    -0.0337312354     4.9252739016
   14      C      -3.4869856336    -0.0192638223     2.4392723460
   15      C      -4.8600333012    -0.0334393889     2.4318317872
   16      H      -5.4261686533    -0.0356193161     1.5088095752
   17      C      -1.2838981717    -0.0229199336     5.9358769780
   18      H      -0.6654438939    -0.0238083599     6.8247705502
   19      C      -2.6537604637    -0.0348232912     6.0743027096
   20      H      -3.0974034764    -0.0452525451     7.0626475387
   21      C      -4.8986544571    -0.0473078361     4.8845401990
   22      H      -5.4688830137    -0.0589407726     5.8055836056
   23      C      -5.5471851901    -0.0469556036     3.6701420068
   24      H      -6.6296112508    -0.0581546853     3.6557999393
   25      B       1.3102249987    -0.0225573893    -0.7837934110
   26      C       1.2969473310    -0.0240742431    -2.3112199487
   27      C       2.5014619364    -0.0197351127    -3.0468913385
   28      H       3.4560599522    -0.0184973517    -2.5278460048
   29      C       2.4829578315    -0.0146760381    -4.4168140324
   30      C       1.2460054612    -0.0149718704    -5.1291258345
   31      C       0.0613092755    -0.0183369821    -4.4278587670
   32      H      -0.8831540682    -0.0137075266    -4.9624839769
   33      C       0.0513076589    -0.0241624285    -3.0151871828
   34      C       3.5741127099    -0.0083963879    -5.3834501616
   35      C       4.9447053239    -0.0050702724    -5.2976595141
   36      H       5.4588262376    -0.0063687179    -4.3438002711
   37      C       2.9697120700    -0.0054081430    -6.6560165773
   38      C       3.6843191510     0.0004146615    -7.8508487389
   39      C       1.5605183918    -0.0084729608    -6.5590528723
   40      C       0.8355901670    -0.0053391281    -7.7248672742
   41      H      -0.2473651653    -0.0072389266    -7.7248142925
   42      C       5.6934589470     0.0003708384    -6.4969399104
   43      H       6.7743766276     0.0027809789    -6.4327438065
   44      C       5.0974972956     0.0029995374    -7.7386833787
   45      H       5.7115352387     0.0073736727    -8.6311366426
   46      C       1.5346925505     0.0006598565    -8.9563204591
   47      H       0.9584192019     0.0030915841    -9.8727160127
   48      C       2.9093457567     0.0034893062    -9.0363031525
   49      H       3.3962631296     0.0082609178   -10.0038394338
   50      B      -1.2785032585    -0.0234126038    -2.2356479525
   51      C      -2.6614418241    -0.0604610721    -2.9988102521
   52      C      -3.4162506941     1.1021419339    -3.1885266201
   53      C      -4.6340194340     1.0677078903    -3.8703961168
   54      H      -5.1827978312     1.9929868922    -3.9990167720
   55      C      -5.1206418619    -0.1331533779    -4.3693024890
   56      O      -6.2860543866    -0.2670461625    -5.0421718079
   57      C      -4.3817974128    -1.2980330233    -4.1799390589
   58      H      -4.7661280595    -2.2357986047    -4.5676965749
   59      C      -3.1692459710    -1.2693909658    -3.5073023276
   60      C      -7.0573618381     0.8874938675    -5.2772086493
   61      H      -7.9342624778     0.5682111387    -5.8364257614
   62      H      -6.5170625959     1.6314838885    -5.8702683427
   63      H      -7.3896247281     1.3592582090    -4.3475758559
   64      C      -2.9069792608     2.4382380088    -2.7092577435
   65      H      -2.3558676982     2.3176946539    -1.7737604402
   66      H      -3.7523603849     3.0933617215    -2.4825410450
   67      C      -2.4358526188    -2.5704921072    -3.2934228450
   68      H      -1.3568241225    -2.4059993135    -3.3369471389
   69      H      -2.6725867525    -3.2600878751    -4.1078603635
   70      C      -2.0041767547     3.1202562042    -3.7353784494
   71      H      -1.1198665467     2.5169620576    -3.9424573402
   72      H      -2.5288590562     3.2777471937    -4.6788717058
   73      H      -1.6656438419     4.0921936250    -3.3732087904
   74      C      -2.7878210000    -3.2310219221    -1.9614172248
   75      H      -2.5164061053    -2.5926712804    -1.1203722502
   76      H      -3.8574960168    -3.4344367121    -1.8935573868
   77      H      -2.2588539387    -4.1781658856    -1.8438271826
   78      C       2.6797116625    -0.0727145705     0.0060368598
   79      C       3.4327666140     1.1204049870     0.2617209320
   80      C       4.5929504876     1.0526861786     0.9749413861
   81      H       5.1812223060     1.9402233898     1.1769089257
   82      C       5.0585569299    -0.1918045474     1.4826118357
   83      O       6.1702711868    -0.1357580669     2.1549044498
   84      C       4.3320279412    -1.3783295187     1.2456290414
   85      H       4.6810566647    -2.3273546971     1.6317727090
   86      C       3.1784726429    -1.3279739036     0.5135335276
   87      C       6.7562123387    -1.3108615492     2.7269328129
   88      H       7.6635975421    -0.9769591397     3.2186428412
   89      H       7.0034025453    -2.0350758277     1.9514096453
   90      H       6.0850850131    -1.7587548317     3.4591399225
   91      C       2.4592053351    -2.6076076221     0.2092690919
   92      H       1.3896257851    -2.4220423917     0.1078681477
   93      H       2.5867308063    -3.3003413547     1.0433652126
   94      C       2.9307225137     2.4564926088    -0.2002516081
   95      H       2.3563494943     2.3427419182    -1.1204407206
   96      H       3.7826083693     3.0974219668    -0.4362365207
   97      C       2.0674934674     3.1285146577     0.8671535961
   98      H       1.7204423913     4.0999960719     0.5163577942
   99      H       1.1898289197     2.5280378229     1.1055515950
  100      H       2.6314205742     3.2831257212     1.7877552727
  101      C       2.9917976760    -3.2517249910    -1.0723573350
  102      H       2.4499414048    -4.1737863945    -1.2800104598
  103      H       2.8674021777    -2.5914943950    -1.9300215995
  104      H       4.0508968523    -3.4943607934    -0.9803364438
 ----------------------------------------------------------------
 Nuclear Repulsion Energy =  7600.7389618758 hartrees
 There are      198 alpha and      198 beta electrons
 Requested basis set is def2-mSVP
 There are 498 shells and 962 basis functions

 Total QAlloc Memory Limit  14000 MB
 Mega-Array Size      1001 MB
 MEM_STATIC part      1024 MB
 Discretize the solute cavity surface with Lebedev spheres
	Using 302 Lebedev grid points for each H atom
	Using 302 Lebedev grid points for other atoms
	Atomic van der Waals radii will be scaled by 1.20
 Remove points where switching function is < 1.0e-08
 Keep 11003 surface tesserae and discard 20405 interior tesserae
 Molecular Surface Area = 795.642 Angst**2
 A cutoff of  1.0D-11 yielded  44804 shell pairs
 There are    174122 function pairs (    191618 Cartesian)
 
 -------------------------------------------------------
 OpenMP Integral Computing Module                       
 Release: version 1.0, May 2013, Q-Chem Inc. Pittsburgh 
 -------------------------------------------------------
 Integral Job Info:
 Integral job number is                      11
 Integral operator is                         1
 short-range coefficients                     0
 long-range coefficients              100000000
 Omega coefficients                           0
 if combine SR and LR in K                    0
 Integral screening is                        0
 Integral computing path is                   2
 max size of driver memory is            800000
 size of driver memory is                593474
 size of scratch memory is              1809772
 max col of scratch BK array               1296
 max len of scratch array in speh3          155
 max len of scratch index in speh4           18
 max int batch size is                      520
 min int batch size is                       52
 fixed nKL is                                52
 max L of basis functions is                  2
 order of int derivative is                   0
 number of shells is                        498
 number of basis is                        1020
 number of cartesian basis is              1020
 number of contracted shell pairs         44804
 number of primitive shell pairs          92927
 maxK2 (contraction) of shell pair           25
 max number of K2 of shell pair               1
 max number of CS2 of shell pair          11057
 max number of PS2 of shell pair          16485
 mem total for path MDJ                  454888
 -------------------------------------------------------
 Smallest overlap matrix eigenvalue = 1.96E-04

 Scale SEOQF with 1.000000e-02/1.000000e-01/1.000000e-02

 Standard Electronic Orientation quadrupole field applied
 Nucleus-field energy     =    -0.0000000056 hartrees
 Guess from superposition of atomic densities
 Warning:  Energy on first SCF cycle will be non-variational
 A restricted hybrid HF-DFT SCF calculation will be
 performed using Pulay DIIS extrapolation
 Polarizable Continuum solvation model will be applied
 Exchange:     0.4200 Hartree-Fock + 0.5800 PBEh-3c
 Correlation:  1.0000 PBEh-3c
 Using SG-1 standard quadrature grid
 Dispersion:   Grimme D3
 SCF converges when DIIS error is below 1.0E-08
 using 8 threads for integral computing
 -------------------------------------------------------
 OpenMP Integral computing Module                
 Release: version 1.0, May 2013, Q-Chem Inc. Pittsburgh 
 -------------------------------------------------------
 ---------------------------------------
  Cycle       Energy         DIIS Error
 ---------------------------------------
    1   -2299.8413923386      2.69E-02
    2   -2280.2861075612      1.84E-03
    3   -2280.5037872315      1.37E-03
    4   -2280.7121586945      3.94E-04
    5   -2280.7285949895      1.76E-04
    6   -2280.7324270565      4.17E-05
    7   -2280.7326273592      1.18E-05
    8   -2280.7326439178      3.48E-06
    9   -2280.7326455674      8.96E-07
   10   -2280.7326457509      3.80E-07
   11   -2280.7326458009      1.13E-07
   12   -2280.7326458114      6.12E-08
   13   -2280.7326458219      2.04E-08
   14   -2280.7326458186      8.85E-09 Convergence criterion met
 ---------------------------------------

************** Final PCM Free Energy Summary **************
 G_electrostatic  =      -0.03287095 hartree =     -20.62683102 kcal/mol
 G_cavitation     =       0.00000000 hartree =       0.00000000 kcal/mol
 G_dispersion     =       0.00000000 hartree =       0.00000000 kcal/mol
 G_repulsion      =       0.00000000 hartree =       0.00000000 kcal/mol
 --------------------------------------------------
 Non-electrostatic Free Energy =       0.00000000 hartree =       0.00000000 kcal/mol
 Total                         =      -0.03287095 hartree =     -20.62683102 kcal/mol
 --------------------------------------------------
 SCF Energy (H0 + V/2)                       =   -2280.73264582 
 Solute Internal Energy (H0)                 =   -2280.69977487 
 Total Free Energy (H0 + V/2 + non-elec)     =   -2280.73264582 hartree
                                             = -1431181.33607006 kcal/mol
***********************************************************

 SCF time:  CPU 4300.08 s  wall 1473.12 s
 SCF   energy in the final basis set = -2280.73264582
 Total energy in the final basis set = -2280.73264582
 
 Direct TDDFT/TDA calculation will be performed
 Exchange:     0.4200 Hartree-Fock + 0.5800 PBEh-3c
 Correlation:  1.0000 PBEh-3c
 Using SG-1 standard quadrature grid
 Dispersion:   Grimme D3
 Triplet excitation energies requested
 Adding PCM contribution to the XC response
 CIS energy converged when residual is below 10e- 6
 ---------------------------------------------------
 Iter    Rts Conv    Rts Left    Ttl Dev     Max Dev
 ---------------------------------------------------
   1         0           2      0.000085    0.000043
   2         0           2      0.000029    0.000017
   3         0           2      0.000038    0.000032
   4         0           2      0.000042    0.000035
   5         0           2      0.000026    0.000016
   6         0           2      0.000043    0.000022
   7         0           2      0.000047    0.000037
   8         0           2      0.000025    0.000019
   9         0           2      0.000011    0.000007
  10         0           2      0.000006    0.000004
  11         1           1      0.000002    0.000001
  12         2           0      0.000001    0.000001    Roots Converged
 ---------------------------------------------------
 
 ---------------------------------------------------
         TDDFT/TDA Excitation Energies              
 ---------------------------------------------------

 Excited state   1: excitation energy (eV) =    2.2274
 Total energy for state  1:                 -2280.65079027 au
    Multiplicity: Triplet
    Trans. Mom.:  0.0000 X   0.0000 Y   0.0000 Z
    Strength   :     0.0000000000
    D(191) --> V(  2) amplitude = -0.2386
    D(195) --> V(  1) amplitude =  0.9147

 Excited state   2: excitation energy (eV) =    2.4083
 Total energy for state  2:                 -2280.64414130 au
    Multiplicity: Triplet
    Trans. Mom.:  0.0000 X   0.0000 Y   0.0000 Z
    Strength   :     0.0000000000
    D(194) --> V(  2) amplitude = -0.2286
    D(196) --> V(  1) amplitude =  0.3877
    D(198) --> V(  1) amplitude =  0.8223
 
 ---------------------------------------------------
 Calculating Relaxed Density
 ---------------------------------------------------
 Iter    Rts Conv    Rts Left    Ttl Dev     Max Dev
 ---------------------------------------------------
   1         0           2      0.000132    0.000079
   2         0           2      0.000059    0.000035
   3         0           2      0.000017    0.000011
   4         0           2      0.000006    0.000004
   5         1           1      0.000002    0.000002
   6         2           0      0.000000    0.000000    Roots Converged
 ---------------------------------------------------
  SETman timing summary (seconds)
  CPU time              9741.22s
  System time              0.02s
  Wall time             1698.18s



*********SPIN-ORBIT COUPLING JOB BEGINS HERE*********


=======================================================================================
    SPIN-ORBIT COUPLING BETWEEN THE SINGLET GROUND STATE AND EXCITED TRIPLET STATE
=======================================================================================

SOC between the singlet ground state and excited triplet states (ms=0):
T1(ms=0)      0.000000  +  -0.026190i    cm-1
T2(ms=0)      0.000000  +  2.598804i    cm-1
SOC between the singlet ground state and excited triplet states (ms=1):
T1(ms=1)      -0.186205  + (0.161003i)    cm-1
T2(ms=1)      0.285930  + (3.374976i)    cm-1
SOC between the singlet ground state and excited triplet states (ms=-1):
T1(ms=-1)     -0.186205  - (0.161003i)    cm-1
T2(ms=-1)     0.285930  - (3.374976i)    cm-1
Total SOC between the singlet ground state and excited triplet states:
T1      0.349105    cm-1
T2      5.449607    cm-1




=======================================================================================
                     SPIN-ORBIT COUPLING BETWEEN EXCITED TRIPLET STATES
=======================================================================================

SOC between the T1 (ms=0) state and excited triplet states (ms=1):
T2(ms=1)      0.058315  + (-0.055019i)    cm-1
SOC between the T1 (ms=0) state and excited triplet states (ms=-1):
T2(ms=-1)     -0.058315  + (-0.055019i)    cm-1
SOC between the T1 (ms=1) state and excited triplet states (ms=0):
T2(ms=0)      -0.058315  + (-0.055019i)    cm-1
SOC between the T1 (ms=1) state and excited triplet states (ms=1):
T2(ms=1)      0.000000  + (0.154562i)    cm-1
SOC between the T1 (ms=-1) state and excited triplet states (ms=0):
T2(ms=0)      0.058315  + (-0.055019i)    cm-1
SOC between the T1 (ms=-1) state and excited triplet states (ms=-1):
T2(ms=-1)     0.000000  + (-0.154562i)    cm-1
Total SOC between the T1 state and excited triplet states:
T2      0.271090    cm-1



 
*************************************************************
Job 2 of 2 
*************************************************************
 
mFile = /cm/shared/apps/q-chem/intel/QCHEM_5.0.1_Trunk/bin/mpi/machines
Process 0 of 1 is on ctcp038 - thread support 0
initial socket setup ...start
initial socket setup ...done 
now start server 0 ... 
ctcp038.cm.cluster 10.141.0
Q-Chem Developer Version! Running on 10.141.0.*
                  Welcome to Q-Chem
     A Quantum Leap Into The Future Of Chemistry


 Q-Chem 5.0, Q-Chem, Inc., Pleasanton, CA (2017)

 Yihan Shao,  Zhengting Gan,  E. Epifanovsky,  A. T. B. Gilbert,  M. Wormit,  
 J. Kussmann,  A. W. Lange,  A. Behn,  Jia Deng,  Xintian Feng,  D. Ghosh,  
 M. Goldey,  P. R. Horn,  L. D. Jacobson,  I. Kaliman,  T. Kus,  A. Landau,  
 Jie Liu,  E. I. Proynov,  R. M. Richard,  R. P. Steele,  E. J. Sundstrom,  
 H. L. Woodcock III,  P. M. Zimmerman,  D. Zuev,  B. Albrecht,  E. Alguire,  
 S. A. Baeppler,  Z. Benda,  Y. A. Bernard,  E. J. Berquist,  K. B. Bravaya,  
 D. Casanova,  Chun-Min Chang,  Yunqing Chen,  A. Chien,  K. D. Closser,  
 M. P. Coons,  S. Dasgupta,  M. Diedenhofen,  Hainam Do,  R. G. Edgar,  
 Po-Tung Fang,  S. Fatehi,  Qingguo Feng,  Qinghui Ge,  A. Ghysels,  
 J. Gomes,  J. Gonthier,  A. Gunina,  M. W. D. Hanson-Heine,  
 P. H. P. Harbach,  A. W. Hauser,  J. E. Herr,  E. G. Hohenstein,  
 Z. C. Holden,  Kerwin Hui,  T.-C. Jagau,  Hyunjun Ji,  B. Kaduk,  
 K. Khistyaev,  Jaehoon Kim,  P. Klunzinger,  K. Koh,  D. Kosenkov,  
 T. Kowalczyk,  C. M. Krauter,  A. Kunitsa,  Ka Un Lao,  A. Laurent,  
 K. V. Lawler,  Joonho Lee,  D. Lefrancois,  S. Lehtola,  D. S. Levine,  
 Yi-Pei Li,  You-Sheng Lin,  Fenglai Liu,  E. Livshits,  A. Luenser,  
 P. Manohar,  E. Mansoor,  S. F. Manzer,  Shan-Ping Mao,  Yuezhi Mao,  
 N. Mardirossian,  A. V. Marenich,  L. A. Martinez-Martinez,  S. A. Maurer,  
 N. J. Mayhall,  S. C. McKenzie,  J.-M. Mewes,  A. F. Morrison,  K. Nanda,  
 T. S. Nguyen-Beck,  R. Olivares-Amaya,  J. A. Parkhill,  T. M. Perrine,  
 F. Plasser,  S. Prager,  A. Prociuk,  D. R. Rehn,  F. Rob,  M. Schneider,  
 N. Sergueev,  S. M. Sharada,  S. Sharma,  D. W. Small,  T. Stauch,  
 T. Stein,  Yu-Chuan Su,  A. J. W. Thom,  T. Tsuchimochi,  L. Vogt,  
 O. Vydrov,  M. A. Watson,  J. Wenzel,  M. de Wergifosse,  T. A. Wesolowski,  
 A. White,  J. Witte,  A. Yamada,  Jun Yang,  K. Yao,  S. Yeganeh,  
 S. R. Yost,  Zhi-Qiang You,  A. Zech,  Igor Ying Zhang,  Xing Zhang,  
 Yan Zhao,  Ying Zhu,  B. R. Brooks,  G. K. L. Chan,  C. J. Cramer,  
 M. S. Gordon,  W. J. Hehre,  A. Klamt,  M. W. Schmidt,  C. D. Sherrill,  
 D. G. Truhlar,  A. Aspuru-Guzik,  R. Baer,  A. T. Bell,  N. A. Besley,  
 Jeng-Da Chai,  A. Dreuw,  B. D. Dunietz,  T. R. Furlani,  Chao-Ping Hsu,  
 Yousung Jung,  Jing Kong,  D. S. Lambrecht,  WanZhen Liang,  C. Ochsenfeld,  
 V. A. Rassolov,  L. V. Slipchenko,  J. E. Subotnik,  T. Van Voorhis,  
 J. M. Herbert,  A. I. Krylov,  P. M. W. Gill,  M. Head-Gordon

 Contributors to earlier versions of Q-Chem not listed above: 
 R. D. Adamson,  B. Austin,  J. Baker,  G. J. O. Beran,  K. Brandhorst,  
 S. T. Brown,  E. F. C. Byrd,  A. K. Chakraborty,  C.-L. Cheng,  
 Siu Hung Chien,  D. M. Chipman,  D. L. Crittenden,  H. Dachsel,  
 R. A. DiStasio Jr.,  R. J. Doerksen,  A. D. Dutoi,  L. Fusti-Molnar,  
 W. A. Goddard III,  A. Golubeva-Zadorozhnaya,  S. R. Gwaltney,  G. Hawkins,  
 A. Heyden,  S. Hirata,  G. Kedziora,  F. J. Keil,  C. Kelley,  Jihan Kim,  
 R. A. King,  R. Z. Khaliullin,  P. P. Korambath,  W. Kurlancheek,  
 A. M. Lee,  M. S. Lee,  S. V. Levchenko,  Ching Yeh Lin,  D. Liotard,  
 R. C. Lochan,  I. Lotan,  P. E. Maslen,  N. Nair,  D. P. O'Neill,  
 D. Neuhauser,  E. Neuscamman,  C. M. Oana,  R. Olson,  B. Peters,  
 R. Peverati,  P. A. Pieniazek,  Y. M. Rhee,  J. Ritchie,  M. A. Rohrdanz,  
 E. Rosta,  N. J. Russ,  H. F. Schaefer III,  N. E. Schultz,  N. Shenvi,  
 A. C. Simmonett,  A. Sodt,  D. Stuck,  K. S. Thanthiriwatte,  V. Vanovschi,  
 Tao Wang,  A. Warshel,  C. F. Williams,  Q. Wu,  X. Xu,  W. Zhang

 Please cite Q-Chem as follows:
 Y. Shao et al., Mol. Phys. 113, 184-215 (2015)
 DOI: 10.1080/00268976.2014.952696

 Q-Chem 5.0.1 for Intel X86 EM64T Linux

 Parts of Q-Chem use Armadillo 5.200.1 (Boston Tea Smuggler).
 http://arma.sourceforge.net/

 Q-Chem begins on Wed Oct 24 17:25:34 2018  

Host: ctcp038
0

     Scratch files written to /scratch/mewes1/138315/qchem24813//
 Parallel job on  1  processors
The previous job contains 0 fragments, simply inherited here
Symmetry turned off for PCM/SM12/SMD calculation

Checking the input file for inconsistencies... 	...done.

--------------------------------------------------------------
User input:
--------------------------------------------------------------
$rem
threads 8
jobtype sp
method PBEh-3c
basis def2-mSVP
mem_static      1024
mem_total       14000
sym_ignore      true
cis_n_roots             6
cis_singlets            true
cis_triplets            true
rpa                     false
calc_soc                true
cis_moments             true
cis_relaxed_density     true
solvent_method          pcm
$end

$molecule
read
$end

$pcm
statespecific           Marcus 
$end

$solvent
dielectric      8.93 
dielectric_infi 2.03
$end

--------------------------------------------------------------
 Adding empirical dispersion correction 
 ----------------------------------------------------------------
 Doing -D3(BJ) with
 s6 =   1.00000
 s8 =   0.00000
 a1 =   0.48600
 a2 =   4.50000
 -D3 energy including 3body term =     -0.0956145863 hartrees
 ----------------------------------------------------------------
 Adding gCP correction 
 ----------------------------------------------------------------
 gCP energy =      0.1521767312 hartrees
 ----------------------------------------------------------------
             Standard Nuclear Orientation (Angstroms)
    I     Atom           X                Y                Z
 ----------------------------------------------------------------
    1      C       0.0000000000     0.0000000000     0.0000000000
    2      C       0.0000000000     0.0000000000     1.4107970000
    3      H       0.9383107833     0.0000000000     1.9584072124
    4      C      -1.1781448640    -0.0020593372     2.1079222323
    5      C      -2.4301412534    -0.0065054410     1.4240936897
    6      C      -2.4484877956    -0.0075401390     0.0486634335
    7      H      -3.3960547952    -0.0191402286    -0.4795462009
    8      C      -1.2476953430    -0.0017764390    -0.6955650055
    9      C      -1.4351503346    -0.0087000097     3.5438273683
   10      C      -0.6506399922    -0.0099318897     4.6713588343
   11      H       0.4313348215    -0.0014995247     4.6157833904
   12      C      -2.8353023573    -0.0197522202     3.6914589229
   13      C      -3.4835266826    -0.0337312354     4.9252739016
   14      C      -3.4869856336    -0.0192638223     2.4392723460
   15      C      -4.8600333012    -0.0334393889     2.4318317872
   16      H      -5.4261686533    -0.0356193161     1.5088095752
   17      C      -1.2838981717    -0.0229199336     5.9358769780
   18      H      -0.6654438939    -0.0238083599     6.8247705502
   19      C      -2.6537604637    -0.0348232912     6.0743027096
   20      H      -3.0974034764    -0.0452525451     7.0626475387
   21      C      -4.8986544571    -0.0473078361     4.8845401990
   22      H      -5.4688830137    -0.0589407726     5.8055836056
   23      C      -5.5471851901    -0.0469556036     3.6701420068
   24      H      -6.6296112508    -0.0581546853     3.6557999393
   25      B       1.3102249987    -0.0225573893    -0.7837934110
   26      C       1.2969473310    -0.0240742431    -2.3112199487
   27      C       2.5014619364    -0.0197351127    -3.0468913385
   28      H       3.4560599522    -0.0184973517    -2.5278460048
   29      C       2.4829578315    -0.0146760381    -4.4168140324
   30      C       1.2460054612    -0.0149718704    -5.1291258345
   31      C       0.0613092755    -0.0183369821    -4.4278587670
   32      H      -0.8831540682    -0.0137075266    -4.9624839769
   33      C       0.0513076589    -0.0241624285    -3.0151871828
   34      C       3.5741127099    -0.0083963879    -5.3834501616
   35      C       4.9447053239    -0.0050702724    -5.2976595141
   36      H       5.4588262376    -0.0063687179    -4.3438002711
   37      C       2.9697120700    -0.0054081430    -6.6560165773
   38      C       3.6843191510     0.0004146615    -7.8508487389
   39      C       1.5605183918    -0.0084729608    -6.5590528723
   40      C       0.8355901670    -0.0053391281    -7.7248672742
   41      H      -0.2473651653    -0.0072389266    -7.7248142925
   42      C       5.6934589470     0.0003708384    -6.4969399104
   43      H       6.7743766276     0.0027809789    -6.4327438065
   44      C       5.0974972956     0.0029995374    -7.7386833787
   45      H       5.7115352387     0.0073736727    -8.6311366426
   46      C       1.5346925505     0.0006598565    -8.9563204591
   47      H       0.9584192019     0.0030915841    -9.8727160127
   48      C       2.9093457567     0.0034893062    -9.0363031525
   49      H       3.3962631296     0.0082609178   -10.0038394338
   50      B      -1.2785032585    -0.0234126038    -2.2356479525
   51      C      -2.6614418241    -0.0604610721    -2.9988102521
   52      C      -3.4162506941     1.1021419339    -3.1885266201
   53      C      -4.6340194340     1.0677078903    -3.8703961168
   54      H      -5.1827978312     1.9929868922    -3.9990167720
   55      C      -5.1206418619    -0.1331533779    -4.3693024890
   56      O      -6.2860543866    -0.2670461625    -5.0421718079
   57      C      -4.3817974128    -1.2980330233    -4.1799390589
   58      H      -4.7661280595    -2.2357986047    -4.5676965749
   59      C      -3.1692459710    -1.2693909658    -3.5073023276
   60      C      -7.0573618381     0.8874938675    -5.2772086493
   61      H      -7.9342624778     0.5682111387    -5.8364257614
   62      H      -6.5170625959     1.6314838885    -5.8702683427
   63      H      -7.3896247281     1.3592582090    -4.3475758559
   64      C      -2.9069792608     2.4382380088    -2.7092577435
   65      H      -2.3558676982     2.3176946539    -1.7737604402
   66      H      -3.7523603849     3.0933617215    -2.4825410450
   67      C      -2.4358526188    -2.5704921072    -3.2934228450
   68      H      -1.3568241225    -2.4059993135    -3.3369471389
   69      H      -2.6725867525    -3.2600878751    -4.1078603635
   70      C      -2.0041767547     3.1202562042    -3.7353784494
   71      H      -1.1198665467     2.5169620576    -3.9424573402
   72      H      -2.5288590562     3.2777471937    -4.6788717058
   73      H      -1.6656438419     4.0921936250    -3.3732087904
   74      C      -2.7878210000    -3.2310219221    -1.9614172248
   75      H      -2.5164061053    -2.5926712804    -1.1203722502
   76      H      -3.8574960168    -3.4344367121    -1.8935573868
   77      H      -2.2588539387    -4.1781658856    -1.8438271826
   78      C       2.6797116625    -0.0727145705     0.0060368598
   79      C       3.4327666140     1.1204049870     0.2617209320
   80      C       4.5929504876     1.0526861786     0.9749413861
   81      H       5.1812223060     1.9402233898     1.1769089257
   82      C       5.0585569299    -0.1918045474     1.4826118357
   83      O       6.1702711868    -0.1357580669     2.1549044498
   84      C       4.3320279412    -1.3783295187     1.2456290414
   85      H       4.6810566647    -2.3273546971     1.6317727090
   86      C       3.1784726429    -1.3279739036     0.5135335276
   87      C       6.7562123387    -1.3108615492     2.7269328129
   88      H       7.6635975421    -0.9769591397     3.2186428412
   89      H       7.0034025453    -2.0350758277     1.9514096453
   90      H       6.0850850131    -1.7587548317     3.4591399225
   91      C       2.4592053351    -2.6076076221     0.2092690919
   92      H       1.3896257851    -2.4220423917     0.1078681477
   93      H       2.5867308063    -3.3003413547     1.0433652126
   94      C       2.9307225137     2.4564926088    -0.2002516081
   95      H       2.3563494943     2.3427419182    -1.1204407206
   96      H       3.7826083693     3.0974219668    -0.4362365207
   97      C       2.0674934674     3.1285146577     0.8671535961
   98      H       1.7204423913     4.0999960719     0.5163577942
   99      H       1.1898289197     2.5280378229     1.1055515950
  100      H       2.6314205742     3.2831257212     1.7877552727
  101      C       2.9917976760    -3.2517249910    -1.0723573350
  102      H       2.4499414048    -4.1737863945    -1.2800104598
  103      H       2.8674021777    -2.5914943950    -1.9300215995
  104      H       4.0508968523    -3.4943607934    -0.9803364438
 ----------------------------------------------------------------
 Nuclear Repulsion Energy =  7600.7389618758 hartrees
 There are      198 alpha and      198 beta electrons
 Requested basis set is def2-mSVP
 There are 498 shells and 962 basis functions

 Total QAlloc Memory Limit  14000 MB
 Mega-Array Size      1001 MB
 MEM_STATIC part      1024 MB
 Discretize the solute cavity surface with Lebedev spheres
	Using 302 Lebedev grid points for each H atom
	Using 302 Lebedev grid points for other atoms
	Atomic van der Waals radii will be scaled by 1.20
 Remove points where switching function is < 1.0e-08
 Keep 11003 surface tesserae and discard 20405 interior tesserae
 Molecular Surface Area = 795.642 Angst**2
 A cutoff of  1.0D-11 yielded  44804 shell pairs
 There are    174122 function pairs (    191618 Cartesian)
 
 -------------------------------------------------------
 OpenMP Integral Computing Module                       
 Release: version 1.0, May 2013, Q-Chem Inc. Pittsburgh 
 -------------------------------------------------------
 Integral Job Info:
 Integral job number is                      11
 Integral operator is                         1
 short-range coefficients                     0
 long-range coefficients              100000000
 Omega coefficients                           0
 if combine SR and LR in K                    0
 Integral screening is                        0
 Integral computing path is                   2
 max size of driver memory is            800000
 size of driver memory is                593474
 size of scratch memory is              1809772
 max col of scratch BK array               1296
 max len of scratch array in speh3          155
 max len of scratch index in speh4           18
 max int batch size is                      520
 min int batch size is                       52
 fixed nKL is                                52
 max L of basis functions is                  2
 order of int derivative is                   0
 number of shells is                        498
 number of basis is                        1020
 number of cartesian basis is              1020
 number of contracted shell pairs         44804
 number of primitive shell pairs          92927
 maxK2 (contraction) of shell pair           25
 max number of K2 of shell pair               1
 max number of CS2 of shell pair          11057
 max number of PS2 of shell pair          16485
 mem total for path MDJ                  454888
 -------------------------------------------------------
 Smallest overlap matrix eigenvalue = 1.96E-04

 Scale SEOQF with 1.000000e-02/1.000000e-01/1.000000e-02

 Standard Electronic Orientation quadrupole field applied
 Nucleus-field energy     =    -0.0000000056 hartrees
 Guess from superposition of atomic densities
 Warning:  Energy on first SCF cycle will be non-variational
 A restricted hybrid HF-DFT SCF calculation will be
 performed using Pulay DIIS extrapolation
 Polarizable Continuum solvation model will be applied
 Exchange:     0.4200 Hartree-Fock + 0.5800 PBEh-3c
 Correlation:  1.0000 PBEh-3c
 Using SG-1 standard quadrature grid
 Dispersion:   Grimme D3
 SCF converges when DIIS error is below 1.0E-08
 using 8 threads for integral computing
 -------------------------------------------------------
 OpenMP Integral computing Module                
 Release: version 1.0, May 2013, Q-Chem Inc. Pittsburgh 
 -------------------------------------------------------
 ---------------------------------------
  Cycle       Energy         DIIS Error
 ---------------------------------------
    1   -2299.8413923386      2.69E-02
    2   -2280.2816385939      1.85E-03
    3   -2280.4764520423      1.43E-03
    4   -2280.7027513309      4.71E-04
    5   -2280.7276074083      1.94E-04
    6   -2280.7322014092      4.95E-05
    7   -2280.7324747467      1.51E-05
    8   -2280.7325022761      4.23E-06
    9   -2280.7325046305      1.03E-06
   10   -2280.7325048524      4.64E-07
   11   -2280.7325049112      1.53E-07
   12   -2280.7325049289      8.40E-08
   13   -2280.7325049402      2.47E-08
   14   -2280.7325049331      1.11E-08
   15   -2280.7325049204      5.76E-09 Convergence criterion met
 ---------------------------------------

************** Final PCM Free Energy Summary **************
 G_electrostatic  =      -0.03253456 hartree =     -20.41574165 kcal/mol
 G_cavitation     =       0.00000000 hartree =       0.00000000 kcal/mol
 G_dispersion     =       0.00000000 hartree =       0.00000000 kcal/mol
 G_repulsion      =       0.00000000 hartree =       0.00000000 kcal/mol
 --------------------------------------------------
 Non-electrostatic Free Energy =       0.00000000 hartree =       0.00000000 kcal/mol
 Total                         =      -0.03253456 hartree =     -20.41574165 kcal/mol
 --------------------------------------------------
 SCF Energy (H0 + V/2)                       =   -2280.73250492 
 Solute Internal Energy (H0)                 =   -2280.69997037 
 Total Free Energy (H0 + V/2 + non-elec)     =   -2280.73250492 hartree
                                             = -1431181.24765511 kcal/mol
***********************************************************

 SCF time:  CPU 4511.27 s  wall 1564.89 s
 SCF   energy in the final basis set = -2280.73250492
 Total energy in the final basis set = -2280.73250492
 
 Direct TDDFT/TDA calculation will be performed
 Exchange:     0.4200 Hartree-Fock + 0.5800 PBEh-3c
 Correlation:  1.0000 PBEh-3c
 Using SG-1 standard quadrature grid
 Dispersion:   Grimme D3
 Triplet excitation energies requested
 Singlet excitation energies requested
 Adding PCM contribution to the XC response
 CIS energy converged when residual is below 10e- 6
 ---------------------------------------------------
 Iter    Rts Conv    Rts Left    Ttl Dev     Max Dev
 ---------------------------------------------------
   1         0           6      0.000311    0.000077
   2         0           6      0.000131    0.000035
   3         0           6      0.000133    0.000071
   4         0           6      0.000116    0.000074
   5         1           5      0.000049    0.000027
   6         4           2      0.000017    0.000009
   7         4           2      0.000007    0.000003
   8         5           1      0.000005    0.000002
   9         6           0      0.000003    0.000001    Roots Converged
 ---------------------------------------------------
 Triplets done: starting singlet calculation
 ---------------------------------------------------
 Iter    Rts Conv    Rts Left    Ttl Dev     Max Dev
 ---------------------------------------------------
  10         0           6      0.000559    0.000165
  11         0           6      0.000199    0.000043
  12         0           6      0.000089    0.000034
  13         0           6      0.000036    0.000014
  14         1           5      0.000017    0.000007
  15         4           2      0.000009    0.000004
  16         5           1      0.000017    0.000013
  17         5           1      0.000063    0.000059
  18         5           1      0.000044    0.000041
  19         5           1      0.000022    0.000018
  20         5           1      0.000014    0.000010
  21         5           1      0.000007    0.000004
  22         5           1      0.000006    0.000003
  23         5           1      0.000006    0.000002
  24         5           1      0.000005    0.000001
  25         6           0      0.000005    0.000001    Roots Converged
 ---------------------------------------------------
 
 ---------------------------------------------------
         TDDFT/TDA Excitation Energies              
 ---------------------------------------------------

 Excited state   1: excitation energy (eV) =    2.2197
 Total energy for state  1:                 -2280.65093135 au
    Multiplicity: Triplet
    Trans. Mom.:  0.0000 X   0.0000 Y   0.0000 Z
    Strength   :     0.0000000000
    D(191) --> V(  2) amplitude = -0.2372
    D(195) --> V(  1) amplitude =  0.9144

 Excited state   2: excitation energy (eV) =    2.4163
 Total energy for state  2:                 -2280.64370599 au
    Multiplicity: Triplet
    Trans. Mom.:  0.0000 X   0.0000 Y   0.0000 Z
    Strength   :     0.0000000000
    D(194) --> V(  2) amplitude = -0.3936
    D(196) --> V(  1) amplitude =  0.6872
    D(198) --> V(  1) amplitude =  0.4832

 Excited state   3: excitation energy (eV) =    2.4382
 Total energy for state  3:                 -2280.64290345 au
    Multiplicity: Triplet
    Trans. Mom.:  0.0000 X   0.0000 Y   0.0000 Z
    Strength   :     0.0000000000
    D(194) --> V(  2) amplitude =  0.2317
    D(196) --> V(  1) amplitude = -0.4207
    D(198) --> V(  1) amplitude =  0.7705

 Excited state   4: excitation energy (eV) =    2.4895
 Total energy for state  4:                 -2280.64101621 au
    Multiplicity: Triplet
    Trans. Mom.:  0.0000 X   0.0000 Y   0.0000 Z
    Strength   :     0.0000000000
    D(194) --> V(  1) amplitude =  0.6695
    D(194) --> V(  4) amplitude =  0.2150
    D(196) --> V(  2) amplitude = -0.5065
    D(197) --> V(  1) amplitude = -0.2619
    D(198) --> V(  1) amplitude =  0.2951

 Excited state   5: excitation energy (eV) =    2.4972
 Total energy for state  5:                 -2280.64073527 au
    Multiplicity: Singlet
    Trans. Mom.: -0.3903 X   0.0319 Y  -0.3337 Z
    Strength   :     0.0161927354
    D(198) --> V(  1) amplitude =  0.9744

 Excited state   6: excitation energy (eV) =    2.7334
 Total energy for state  6:                 -2280.63205367 au
    Multiplicity: Triplet
    Trans. Mom.:  0.0000 X   0.0000 Y   0.0000 Z
    Strength   :     0.0000000000
    D(191) --> V(  1) amplitude =  0.6637
    D(195) --> V(  2) amplitude = -0.5266
    D(197) --> V(  1) amplitude =  0.2692

 Excited state   7: excitation energy (eV) =    2.8811
 Total energy for state  7:                 -2280.62662824 au
    Multiplicity: Singlet
    Trans. Mom.: -0.0205 X  -0.0037 Y   0.0960 Z
    Strength   :     0.0006816410
    D(195) --> V(  1) amplitude =  0.9585

 Excited state   8: excitation energy (eV) =    2.8922
 Total energy for state  8:                 -2280.62621761 au
    Multiplicity: Triplet
    Trans. Mom.:  0.0000 X   0.0000 Y   0.0000 Z
    Strength   :     0.0000000000
    D(191) --> V(  1) amplitude = -0.2254
    D(194) --> V(  1) amplitude =  0.2152
    D(197) --> V(  1) amplitude =  0.8805

 Excited state   9: excitation energy (eV) =    2.9289
 Total energy for state  9:                 -2280.62486825 au
    Multiplicity: Singlet
    Trans. Mom.:  0.4465 X  -0.0047 Y   0.2463 Z
    Strength   :     0.0186589985
    D(197) --> V(  1) amplitude =  0.9649

 Excited state  10: excitation energy (eV) =    3.1069
 Total energy for state 10:                 -2280.61832936 au
    Multiplicity: Singlet
    Trans. Mom.:  2.0204 X   0.0059 Y  -3.5756 Z
    Strength   :     1.2838884025
    D(196) --> V(  1) amplitude =  0.9511

 Excited state  11: excitation energy (eV) =    3.4294
 Total energy for state 11:                 -2280.60647839 au
    Multiplicity: Singlet
    Trans. Mom.: -0.0346 X  -0.0135 Y   0.0216 Z
    Strength   :     0.0001547685
    D(194) --> V(  1) amplitude =  0.9407

 Excited state  12: excitation energy (eV) =    3.6687
 Total energy for state 12:                 -2280.59768279 au
    Multiplicity: Singlet
    Trans. Mom.: -0.8329 X   0.0118 Y  -0.4748 Z
    Strength   :     0.0826205354
    D(191) --> V(  1) amplitude = -0.7756
    D(195) --> V(  2) amplitude =  0.5299
 
 ---------------------------------------------------
 Calculating Relaxed Density
 ---------------------------------------------------
 Iter    Rts Conv    Rts Left    Ttl Dev     Max Dev
 ---------------------------------------------------
   1         0           6      0.000374    0.000106
   2         0           6      0.000150    0.000041
   3         0           6      0.000037    0.000011
   4         0           6      0.000013    0.000004
   5         5           1      0.000001    0.000001
   6         5           1      0.000001    0.000001
   7         6           0      0.000000    0.000000    Roots Converged
 ---------------------------------------------------
 Triplets done- using as guess for singlets
 ---------------------------------------------------
 Iter    Rts Conv    Rts Left    Ttl Dev     Max Dev
 ---------------------------------------------------
   1         0           6      0.000477    0.000114
   2         0           6      0.000184    0.000044
   3         0           6      0.000041    0.000012
   4         0           6      0.000015    0.000005
   5         4           2      0.000003    0.000001
   6         6           0      0.000000    0.000000    Roots Converged
 ---------------------------------------------------
  SETman timing summary (seconds)
  CPU time             30321.78s
  System time              0.06s
  Wall time             6211.57s



*********SPIN-ORBIT COUPLING JOB BEGINS HERE*********


=======================================================================================
    SPIN-ORBIT COUPLING BETWEEN THE SINGLET GROUND STATE AND EXCITED TRIPLET STATE
=======================================================================================

SOC between the singlet ground state and excited triplet states (ms=0):
T1(ms=0)      0.000000  +  -0.037539i    cm-1
T2(ms=0)      0.000000  +  1.481038i    cm-1
T3(ms=0)      0.000000  +  2.475053i    cm-1
T4(ms=0)      0.000000  +  1.359270i    cm-1
T5(ms=0)      0.000000  +  0.070357i    cm-1
T6(ms=0)      0.000000  +  -2.635318i    cm-1
SOC between the singlet ground state and excited triplet states (ms=1):
T1(ms=1)      -0.185946  + (0.140168i)    cm-1
T2(ms=1)      0.211472  + (1.909885i)    cm-1
T3(ms=1)      0.193007  + (3.239794i)    cm-1
T4(ms=1)      0.087953  + (1.762586i)    cm-1
T5(ms=1)      0.126850  + (-0.041934i)    cm-1
T6(ms=1)      0.280861  + (-3.353568i)    cm-1
SOC between the singlet ground state and excited triplet states (ms=-1):
T1(ms=-1)     -0.185946  - (0.140168i)    cm-1
T2(ms=-1)     0.211472  - (1.909885i)    cm-1
T3(ms=-1)     0.193007  - (3.239794i)    cm-1
T4(ms=-1)     0.087953  - (1.762586i)    cm-1
T5(ms=-1)     0.126850  - (-0.041934i)    cm-1
T6(ms=-1)     0.280861  - (-3.353568i)    cm-1
Total SOC between the singlet ground state and excited triplet states:
T1      0.331444    cm-1
T2      3.094872    cm-1
T3      5.214683    cm-1
T4      2.841920    cm-1
T5      0.201616    cm-1
T6      5.440174    cm-1




=======================================================================================
                     SPIN-ORBIT COUPLING BETWEEN EXCITED TRIPLET STATES
=======================================================================================

SOC between the T1 (ms=0) state and excited triplet states (ms=1):
T2(ms=1)      0.050353  + (-0.039680i)    cm-1
T3(ms=1)      0.088307  + (-0.036020i)    cm-1
T4(ms=1)      -0.354093  + (-0.057638i)    cm-1
T5(ms=1)      -0.049241  + (0.045190i)    cm-1
T6(ms=1)      -0.017590  + (0.181504i)    cm-1
SOC between the T1 (ms=0) state and excited triplet states (ms=-1):
T2(ms=-1)     -0.050353  + (-0.039680i)    cm-1
T3(ms=-1)     -0.088307  + (-0.036020i)    cm-1
T4(ms=-1)     0.354093  + (-0.057638i)    cm-1
T5(ms=-1)     0.049241  + (0.045190i)    cm-1
T6(ms=-1)     0.017590  + (0.181504i)    cm-1
SOC between the T1 (ms=1) state and excited triplet states (ms=0):
T2(ms=0)      -0.050353  + (-0.039680i)    cm-1
T3(ms=0)      -0.088307  + (-0.036020i)    cm-1
T4(ms=0)      0.354093  + (-0.057638i)    cm-1
T5(ms=0)      0.049241  + (0.045190i)    cm-1
T6(ms=0)      0.017590  + (0.181504i)    cm-1
SOC between the T1 (ms=1) state and excited triplet states (ms=1):
T2(ms=1)      0.000000  + (0.070620i)    cm-1
T3(ms=1)      0.000000  + (0.176161i)    cm-1
T4(ms=1)      0.000000  + (0.136652i)    cm-1
T5(ms=1)      0.000000  + (-0.113840i)    cm-1
T6(ms=1)      0.000000  + (-0.456974i)    cm-1
SOC between the T1 (ms=-1) state and excited triplet states (ms=0):
T2(ms=0)      0.050353  + (-0.039680i)    cm-1
T3(ms=0)      0.088307  + (-0.036020i)    cm-1
T4(ms=0)      -0.354093  + (-0.057638i)    cm-1
T5(ms=0)      -0.049241  + (0.045190i)    cm-1
T6(ms=0)      -0.017590  + (0.181504i)    cm-1
SOC between the T1 (ms=-1) state and excited triplet states (ms=-1):
T2(ms=-1)     0.000000  + (-0.070620i)    cm-1
T3(ms=-1)     0.000000  + (-0.176161i)    cm-1
T4(ms=-1)     0.000000  + (-0.136652i)    cm-1
T5(ms=-1)     0.000000  + (0.113840i)    cm-1
T6(ms=-1)     0.000000  + (0.456974i)    cm-1
Total SOC between the T1 state and excited triplet states:
T2      0.162524    cm-1
T3      0.313764    cm-1
T4      0.743078    cm-1
T5      0.209252    cm-1
T6      0.742067    cm-1



SOC between the T2 (ms=0) state and excited triplet states (ms=1):
T3(ms=1)      -0.094969  + (-0.293974i)    cm-1
T4(ms=1)      -0.083271  + (-0.248160i)    cm-1
T5(ms=1)      0.340864  + (-0.460679i)    cm-1
T6(ms=1)      -0.066065  + (-0.515240i)    cm-1
SOC between the T2 (ms=0) state and excited triplet states (ms=-1):
T3(ms=-1)     0.094969  + (-0.293974i)    cm-1
T4(ms=-1)     0.083271  + (-0.248160i)    cm-1
T5(ms=-1)     -0.340864  + (-0.460679i)    cm-1
T6(ms=-1)     0.066065  + (-0.515240i)    cm-1
SOC between the T2 (ms=1) state and excited triplet states (ms=0):
T3(ms=0)      0.094969  + (-0.293974i)    cm-1
T4(ms=0)      0.083271  + (-0.248160i)    cm-1
T5(ms=0)      -0.340864  + (-0.460679i)    cm-1
T6(ms=0)      0.066065  + (-0.515240i)    cm-1
SOC between the T2 (ms=1) state and excited triplet states (ms=1):
T3(ms=1)      0.000000  + (0.770087i)    cm-1
T4(ms=1)      0.000000  + (-0.025736i)    cm-1
T5(ms=1)      0.000000  + (0.223669i)    cm-1
T6(ms=1)      0.000000  + (1.227704i)    cm-1
SOC between the T2 (ms=-1) state and excited triplet states (ms=0):
T3(ms=0)      -0.094969  + (-0.293974i)    cm-1
T4(ms=0)      -0.083271  + (-0.248160i)    cm-1
T5(ms=0)      0.340864  + (-0.460679i)    cm-1
T6(ms=0)      -0.066065  + (-0.515240i)    cm-1
SOC between the T2 (ms=-1) state and excited triplet states (ms=-1):
T3(ms=-1)     0.000000  + (-0.770087i)    cm-1
T4(ms=-1)     0.000000  + (0.025736i)    cm-1
T5(ms=-1)     0.000000  + (-0.223669i)    cm-1
T6(ms=-1)     0.000000  + (-1.227704i)    cm-1
Total SOC between the T2 state and excited triplet states:
T3      1.252128    cm-1
T4      0.524781    cm-1
T5      1.188995    cm-1
T6      2.023330    cm-1



SOC between the T3 (ms=0) state and excited triplet states (ms=1):
T4(ms=1)      0.010706  + (-0.323630i)    cm-1
T5(ms=1)      -0.286305  + (-0.391207i)    cm-1
T6(ms=1)      0.055819  + (0.240529i)    cm-1
SOC between the T3 (ms=0) state and excited triplet states (ms=-1):
T4(ms=-1)     -0.010706  + (-0.323630i)    cm-1
T5(ms=-1)     0.286305  + (-0.391207i)    cm-1
T6(ms=-1)     -0.055819  + (0.240529i)    cm-1
SOC between the T3 (ms=1) state and excited triplet states (ms=0):
T4(ms=0)      -0.010706  + (-0.323630i)    cm-1
T5(ms=0)      0.286305  + (-0.391207i)    cm-1
T6(ms=0)      -0.055819  + (0.240529i)    cm-1
SOC between the T3 (ms=1) state and excited triplet states (ms=1):
T4(ms=1)      0.000000  + (-0.324287i)    cm-1
T5(ms=1)      0.000000  + (-0.630431i)    cm-1
T6(ms=1)      0.000000  + (-0.726259i)    cm-1
SOC between the T3 (ms=-1) state and excited triplet states (ms=0):
T4(ms=0)      0.010706  + (-0.323630i)    cm-1
T5(ms=0)      -0.286305  + (-0.391207i)    cm-1
T6(ms=0)      0.055819  + (0.240529i)    cm-1
SOC between the T3 (ms=-1) state and excited triplet states (ms=-1):
T4(ms=-1)     0.000000  + (0.324287i)    cm-1
T5(ms=-1)     0.000000  + (0.630431i)    cm-1
T6(ms=-1)     0.000000  + (0.726259i)    cm-1
Total SOC between the T3 state and excited triplet states:
T4      0.793554    cm-1
T5      1.317171    cm-1
T6      1.139643    cm-1



SOC between the T4 (ms=0) state and excited triplet states (ms=1):
T5(ms=1)      -0.026708  + (-0.137948i)    cm-1
T6(ms=1)      0.029768  + (-0.352195i)    cm-1
SOC between the T4 (ms=0) state and excited triplet states (ms=-1):
T5(ms=-1)     0.026708  + (-0.137948i)    cm-1
T6(ms=-1)     -0.029768  + (-0.352195i)    cm-1
SOC between the T4 (ms=1) state and excited triplet states (ms=0):
T5(ms=0)      0.026708  + (-0.137948i)    cm-1
T6(ms=0)      -0.029768  + (-0.352195i)    cm-1
SOC between the T4 (ms=1) state and excited triplet states (ms=1):
T5(ms=1)      0.000000  + (-0.087343i)    cm-1
T6(ms=1)      0.000000  + (-0.296445i)    cm-1
SOC between the T4 (ms=-1) state and excited triplet states (ms=0):
T5(ms=0)      -0.026708  + (-0.137948i)    cm-1
T6(ms=0)      0.029768  + (-0.352195i)    cm-1
SOC between the T4 (ms=-1) state and excited triplet states (ms=-1):
T5(ms=-1)     0.000000  + (0.087343i)    cm-1
T6(ms=-1)     0.000000  + (0.296445i)    cm-1
Total SOC between the T4 state and excited triplet states:
T5      0.306969    cm-1
T6      0.821870    cm-1



SOC between the T5 (ms=0) state and excited triplet states (ms=1):
T6(ms=1)      -0.012623  + (0.762379i)    cm-1
SOC between the T5 (ms=0) state and excited triplet states (ms=-1):
T6(ms=-1)     0.012623  + (0.762379i)    cm-1
SOC between the T5 (ms=1) state and excited triplet states (ms=0):
T6(ms=0)      0.012623  + (0.762379i)    cm-1
SOC between the T5 (ms=1) state and excited triplet states (ms=1):
T6(ms=1)      0.000000  + (0.603401i)    cm-1
SOC between the T5 (ms=-1) state and excited triplet states (ms=0):
T6(ms=0)      -0.012623  + (0.762379i)    cm-1
SOC between the T5 (ms=-1) state and excited triplet states (ms=-1):
T6(ms=-1)     0.000000  + (-0.603401i)    cm-1
Total SOC between the T5 state and excited triplet states:
T6      1.747488    cm-1







=======================================================================================
         SPIN-ORBIT COUPLING BETWEEN EXCITED SINGLET STATES AND TRIPLET STATES
=======================================================================================

SOC between the S1 state and excited triplet states (ms=0):
T1(ms=0)      0.000000  +  -0.105968i    cm-1
T2(ms=0)      0.000000  +  -0.619768i    cm-1
T3(ms=0)      0.000000  +  0.569005i    cm-1
T4(ms=0)      0.000000  +  -0.219799i    cm-1
T5(ms=0)      0.000000  +  -0.387852i    cm-1
T6(ms=0)      0.000000  +  0.001525i    cm-1
SOC between the S1 state and excited triplet states (ms=1):
T1(ms=1)      (-0.016707)  + (-0.021026i)    cm-1
T2(ms=1)      (-0.061273)  + (-0.374320i)    cm-1
T3(ms=1)      (0.010594)  + (-0.023780i)    cm-1
T4(ms=1)      (0.045873)  + (0.318108i)    cm-1
T5(ms=1)      (0.067632)  + (0.533995i)    cm-1
T6(ms=1)      (-0.013680)  + (0.042585i)    cm-1
SOC between the S1 state and excited triplet states (ms=-1):
T1(ms=-1)    -(-0.016707)  + (-0.021026i)    cm-1
T2(ms=-1)    -(-0.061273)  + (-0.374320i)    cm-1
T3(ms=-1)    -(0.010594)  + (-0.023780i)    cm-1
T4(ms=-1)    -(0.045873)  + (0.318108i)    cm-1
T5(ms=-1)    -(0.067632)  + (0.533995i)    cm-1
T6(ms=-1)    -(-0.013680)  + (0.042585i)    cm-1
Total SOC between the S1 state and excited triplet states:
T1      0.112568    cm-1
T2      0.819666    cm-1
T3      0.570194    cm-1
T4      0.504882    cm-1
T5      0.854329    cm-1
T6      0.063273    cm-1



SOC between the S2 state and excited triplet states (ms=0):
T1(ms=0)      0.000000  +  0.031445i    cm-1
T2(ms=0)      0.000000  +  0.064769i    cm-1
T3(ms=0)      0.000000  +  0.241903i    cm-1
T4(ms=0)      0.000000  +  0.189538i    cm-1
T5(ms=0)      0.000000  +  -0.068801i    cm-1
T6(ms=0)      0.000000  +  -0.567605i    cm-1
SOC between the S2 state and excited triplet states (ms=1):
T1(ms=1)      (0.003484)  + (0.011325i)    cm-1
T2(ms=1)      (-0.021327)  + (0.035684i)    cm-1
T3(ms=1)      (-0.052162)  + (0.069263i)    cm-1
T4(ms=1)      (0.250600)  + (0.037812i)    cm-1
T5(ms=1)      (0.023844)  + (0.001850i)    cm-1
T6(ms=1)      (-0.004292)  + (-0.267147i)    cm-1
SOC between the S2 state and excited triplet states (ms=-1):
T1(ms=-1)    -(0.003484)  + (0.011325i)    cm-1
T2(ms=-1)    -(-0.021327)  + (0.035684i)    cm-1
T3(ms=-1)    -(-0.052162)  + (0.069263i)    cm-1
T4(ms=-1)    -(0.250600)  + (0.037812i)    cm-1
T5(ms=-1)    -(0.023844)  + (0.001850i)    cm-1
T6(ms=-1)    -(-0.004292)  + (-0.267147i)    cm-1
Total SOC between the S2 state and excited triplet states:
T1      0.035631    cm-1
T2      0.087472    cm-1
T3      0.271207    cm-1
T4      0.405444    cm-1
T5      0.076665    cm-1
T6      0.681870    cm-1



SOC between the S3 state and excited triplet states (ms=0):
T1(ms=0)      0.000000  +  0.402535i    cm-1
T2(ms=0)      0.000000  +  -1.201570i    cm-1
T3(ms=0)      0.000000  +  0.745708i    cm-1
T4(ms=0)      0.000000  +  0.252364i    cm-1
T5(ms=0)      0.000000  +  -0.525623i    cm-1
T6(ms=0)      0.000000  +  0.227549i    cm-1
SOC between the S3 state and excited triplet states (ms=1):
T1(ms=1)      (0.064861)  + (0.161939i)    cm-1
T2(ms=1)      (0.058277)  + (-0.541405i)    cm-1
T3(ms=1)      (-0.032292)  + (0.183549i)    cm-1
T4(ms=1)      (0.008883)  + (-0.320102i)    cm-1
T5(ms=1)      (-0.014748)  + (0.647105i)    cm-1
T6(ms=1)      (-0.004987)  + (-0.250251i)    cm-1
SOC between the S3 state and excited triplet states (ms=-1):
T1(ms=-1)    -(0.064861)  + (0.161939i)    cm-1
T2(ms=-1)    -(0.058277)  + (-0.541405i)    cm-1
T3(ms=-1)    -(-0.032292)  + (0.183549i)    cm-1
T4(ms=-1)    -(0.008883)  + (-0.320102i)    cm-1
T5(ms=-1)    -(-0.014748)  + (0.647105i)    cm-1
T6(ms=-1)    -(-0.004987)  + (-0.250251i)    cm-1
Total SOC between the S3 state and excited triplet states:
T1      0.472120    cm-1
T2      1.427165    cm-1
T3      0.790914    cm-1
T4      0.518436    cm-1
T5      1.055559    cm-1
T6      0.420809    cm-1



SOC between the S4 state and excited triplet states (ms=0):
T1(ms=0)      0.000000  +  0.050904i    cm-1
T2(ms=0)      0.000000  +  0.520467i    cm-1
T3(ms=0)      0.000000  +  0.851439i    cm-1
T4(ms=0)      0.000000  +  0.207935i    cm-1
T5(ms=0)      0.000000  +  0.677072i    cm-1
T6(ms=0)      0.000000  +  1.915788i    cm-1
SOC between the S4 state and excited triplet states (ms=1):
T1(ms=1)      (0.008146)  + (-0.019562i)    cm-1
T2(ms=1)      (0.066424)  + (0.212856i)    cm-1
T3(ms=1)      (0.113021)  + (0.345445i)    cm-1
T4(ms=1)      (0.083437)  + (0.072924i)    cm-1
T5(ms=1)      (-0.494325)  + (0.250648i)    cm-1
T6(ms=1)      (0.070167)  + (0.747719i)    cm-1
SOC between the S4 state and excited triplet states (ms=-1):
T1(ms=-1)    -(0.008146)  + (-0.019562i)    cm-1
T2(ms=-1)    -(0.066424)  + (0.212856i)    cm-1
T3(ms=-1)    -(0.113021)  + (0.345445i)    cm-1
T4(ms=-1)    -(0.083437)  + (0.072924i)    cm-1
T5(ms=-1)    -(-0.494325)  + (0.250648i)    cm-1
T6(ms=-1)    -(0.070167)  + (0.747719i)    cm-1
Total SOC between the S4 state and excited triplet states:
T1      0.059070    cm-1
T2      0.608544    cm-1
T3      0.994565    cm-1
T4      0.260377    cm-1
T5      1.035756    cm-1
T6      2.190492    cm-1



SOC between the S5 state and excited triplet states (ms=0):
T1(ms=0)      0.000000  +  0.019451i    cm-1
T2(ms=0)      0.000000  +  -0.005891i    cm-1
T3(ms=0)      0.000000  +  0.490073i    cm-1
T4(ms=0)      0.000000  +  0.205921i    cm-1
T5(ms=0)      0.000000  +  -0.041565i    cm-1
T6(ms=0)      0.000000  +  -0.258225i    cm-1
SOC between the S5 state and excited triplet states (ms=1):
T1(ms=1)      (-0.475867)  + (-0.007067i)    cm-1
T2(ms=1)      (-0.052020)  + (-0.371544i)    cm-1
T3(ms=1)      (-0.043078)  + (-0.449880i)    cm-1
T4(ms=1)      (-0.018635)  + (-0.275696i)    cm-1
T5(ms=1)      (-0.011352)  + (0.102745i)    cm-1
T6(ms=1)      (-0.014368)  + (0.301534i)    cm-1
SOC between the S5 state and excited triplet states (ms=-1):
T1(ms=-1)    -(-0.475867)  + (-0.007067i)    cm-1
T2(ms=-1)    -(-0.052020)  + (-0.371544i)    cm-1
T3(ms=-1)    -(-0.043078)  + (-0.449880i)    cm-1
T4(ms=-1)    -(-0.018635)  + (-0.275696i)    cm-1
T5(ms=-1)    -(-0.011352)  + (0.102745i)    cm-1
T6(ms=-1)    -(-0.014368)  + (0.301534i)    cm-1
Total SOC between the S5 state and excited triplet states:
T1      0.673333    cm-1
T2      0.530601    cm-1
T3      0.805398    cm-1
T4      0.441718    cm-1
T5      0.151982    cm-1
T6      0.498938    cm-1



SOC between the S6 state and excited triplet states (ms=0):
T1(ms=0)      0.000000  +  0.068384i    cm-1
T2(ms=0)      0.000000  +  -0.152379i    cm-1
T3(ms=0)      0.000000  +  -0.158913i    cm-1
T4(ms=0)      0.000000  +  0.032041i    cm-1
T5(ms=0)      0.000000  +  -0.167529i    cm-1
T6(ms=0)      0.000000  +  -0.406639i    cm-1
SOC between the S6 state and excited triplet states (ms=1):
T1(ms=1)      (0.007764)  + (0.013797i)    cm-1
T2(ms=1)      (-0.094035)  + (0.124702i)    cm-1
T3(ms=1)      (0.169725)  + (0.246313i)    cm-1
T4(ms=1)      (0.050566)  + (0.024550i)    cm-1
T5(ms=1)      (0.005105)  + (0.192102i)    cm-1
T6(ms=1)      (-0.052595)  + (0.477546i)    cm-1
SOC between the S6 state and excited triplet states (ms=-1):
T1(ms=-1)    -(0.007764)  + (0.013797i)    cm-1
T2(ms=-1)    -(-0.094035)  + (0.124702i)    cm-1
T3(ms=-1)    -(0.169725)  + (0.246313i)    cm-1
T4(ms=-1)    -(0.050566)  + (0.024550i)    cm-1
T5(ms=-1)    -(0.005105)  + (0.192102i)    cm-1
T6(ms=-1)    -(-0.052595)  + (0.477546i)    cm-1
Total SOC between the S6 state and excited triplet states:
T1      0.071956    cm-1
T2      0.268339    cm-1
T3      0.451893    cm-1
T4      0.085707    cm-1
T5      0.319257    cm-1
T6      0.791826    cm-1






            *********SOC CODE ENDS HERE*********



 
 --------------------------------------------------------------
 
                    Orbital Energies (a.u.)
 --------------------------------------------------------------
 
 Alpha MOs
 -- Occupied --
-19.530 -19.528 -10.508 -10.506 -10.487 -10.483 -10.468 -10.468
-10.466 -10.466 -10.466 -10.466 -10.466 -10.465 -10.465 -10.465
-10.465 -10.465 -10.463 -10.462 -10.462 -10.462 -10.462 -10.462
-10.458 -10.458 -10.458 -10.458 -10.458 -10.457 -10.456 -10.455
-10.454 -10.454 -10.453 -10.451 -10.450 -10.450 -10.439 -10.439
-10.437 -10.437 -10.436 -10.435 -10.435 -10.434 -10.434 -10.434
-10.433 -10.430 -10.422 -10.422 -10.422 -10.421 -10.421 -10.421
 -6.950  -6.944  -1.196  -1.183  -1.017  -1.017  -0.964  -0.960
 -0.958  -0.950  -0.934  -0.934  -0.910  -0.901  -0.893  -0.890
 -0.868  -0.863  -0.857  -0.856  -0.847  -0.847  -0.826  -0.822
 -0.820  -0.814  -0.813  -0.805  -0.804  -0.803  -0.774  -0.771
 -0.736  -0.730  -0.727  -0.721  -0.713  -0.712  -0.705  -0.704
 -0.689  -0.683  -0.680  -0.668  -0.657  -0.648  -0.647  -0.645
 -0.632  -0.629  -0.596  -0.594  -0.591  -0.588  -0.584  -0.583
 -0.583  -0.576  -0.576  -0.565  -0.564  -0.545  -0.544  -0.539
 -0.537  -0.533  -0.527  -0.523  -0.516  -0.509  -0.505  -0.505
 -0.504  -0.502  -0.501  -0.496  -0.494  -0.491  -0.490  -0.488
 -0.487  -0.486  -0.484  -0.482  -0.481  -0.480  -0.477  -0.465
 -0.463  -0.461  -0.459  -0.457  -0.455  -0.454  -0.443  -0.440
 -0.437  -0.436  -0.434  -0.432  -0.431  -0.429  -0.427  -0.419
 -0.418  -0.414  -0.410  -0.408  -0.403  -0.402  -0.398  -0.397
 -0.397  -0.395  -0.394  -0.393  -0.392  -0.389  -0.383  -0.382
 -0.380  -0.375  -0.365  -0.364  -0.361  -0.358  -0.356  -0.351
 -0.345  -0.339  -0.322  -0.317  -0.298  -0.297  -0.285  -0.283
 -0.280  -0.264  -0.259  -0.257  -0.255  -0.239
 -- Virtual --
 -0.099  -0.062  -0.040  -0.033  -0.007   0.004   0.012   0.021
  0.026   0.032   0.033   0.040   0.068   0.080   0.087   0.090
  0.114   0.120   0.144   0.149   0.152   0.153   0.158   0.161
  0.162   0.163   0.165   0.166   0.169   0.170   0.174   0.176
  0.181   0.185   0.188   0.191   0.192   0.195   0.197   0.198
  0.202   0.203   0.205   0.205   0.206   0.207   0.207   0.210
  0.214   0.216   0.219   0.220   0.221   0.222   0.223   0.224
  0.224   0.227   0.229   0.230   0.232   0.234   0.235   0.236
  0.239   0.241   0.245   0.248   0.250   0.251   0.252   0.255
  0.259   0.263   0.266   0.270   0.271   0.274   0.280   0.285
  0.285   0.286   0.289   0.292   0.293   0.298   0.302   0.309
  0.311   0.312   0.312   0.316   0.319   0.325   0.326   0.330
  0.334   0.336   0.341   0.347   0.351   0.354   0.355   0.364
  0.368   0.380   0.388   0.397   0.398   0.403   0.406   0.412
  0.416   0.418   0.422   0.423   0.436   0.442   0.445   0.452
  0.453   0.456   0.465   0.466   0.470   0.477   0.479   0.485
  0.487   0.492   0.495   0.496   0.499   0.500   0.502   0.507
  0.515   0.520   0.521   0.523   0.524   0.525   0.526   0.526
  0.529   0.532   0.535   0.538   0.540   0.542   0.545   0.547
  0.549   0.551   0.553   0.555   0.558   0.561   0.562   0.563
  0.567   0.568   0.571   0.575   0.579   0.582   0.584   0.585
  0.586   0.586   0.587   0.589   0.593   0.593   0.595   0.597
  0.599   0.600   0.602   0.609   0.614   0.615   0.616   0.617
  0.618   0.620   0.624   0.629   0.630   0.632   0.635   0.639
  0.641   0.650   0.650   0.652   0.654   0.654   0.657   0.657
  0.659   0.659   0.662   0.667   0.670   0.671   0.675   0.676
  0.678   0.681   0.695   0.699   0.702   0.705   0.708   0.710
  0.713   0.714   0.718   0.719   0.723   0.729   0.731   0.733
  0.738   0.741   0.744   0.751   0.751   0.754   0.756   0.765
  0.770   0.772   0.774   0.776   0.783   0.785   0.786   0.789
  0.790   0.796   0.801   0.808   0.815   0.820   0.827   0.832
  0.833   0.837   0.840   0.845   0.846   0.852   0.857   0.864
  0.876   0.880   0.886   0.899   0.900   0.903   0.905   0.907
  0.913   0.919   0.920   0.933   0.942   0.943   0.948   0.950
  0.955   0.959   0.961   0.963   0.965   0.973   0.976   0.984
  0.984   0.987   0.988   0.992   0.992   0.994   0.997   0.999
  1.001   1.005   1.007   1.008   1.010   1.011   1.021   1.024
  1.027   1.030   1.032   1.034   1.035   1.037   1.039   1.042
  1.043   1.048   1.049   1.051   1.053   1.057   1.060   1.063
  1.066   1.069   1.072   1.079   1.080   1.081   1.083   1.085
  1.085   1.089   1.092   1.096   1.097   1.101   1.104   1.124
  1.125   1.125   1.129   1.131   1.140   1.143   1.148   1.150
  1.153   1.156   1.162   1.163   1.167   1.171   1.177   1.180
  1.181   1.184   1.186   1.194   1.204   1.215   1.220   1.220
  1.228   1.237   1.240   1.249   1.257   1.260   1.262   1.266
  1.268   1.270   1.272   1.282   1.286   1.291   1.295   1.297
  1.298   1.302   1.306   1.308   1.315   1.319   1.322   1.326
  1.331   1.333   1.344   1.346   1.351   1.358   1.360   1.366
  1.366   1.369   1.372   1.375   1.381   1.384   1.402   1.406
  1.407   1.411   1.414   1.418   1.422   1.432   1.435   1.436
  1.439   1.439   1.443   1.448   1.450   1.451   1.458   1.474
  1.476   1.489   1.509   1.511   1.511   1.514   1.516   1.517
  1.517   1.523   1.525   1.527   1.531   1.531   1.532   1.540
  1.545   1.547   1.548   1.553   1.558   1.563   1.568   1.574
  1.578   1.580   1.587   1.590   1.592   1.595   1.603   1.611
  1.615   1.621   1.623   1.626   1.637   1.645   1.648   1.654
  1.660   1.663   1.682   1.698   1.709   1.719   1.738   1.743
  1.750   1.753   1.758   1.761   1.765   1.778   1.782   1.788
  1.791   1.795   1.798   1.805   1.806   1.807   1.807   1.810
  1.813   1.816   1.817   1.820   1.834   1.847   1.855   1.865
  1.880   1.888   1.898   1.900   1.904   1.916   1.918   1.919
  1.929   1.936   1.938   1.940   1.948   1.964   1.967   1.972
  1.979   1.981   1.983   1.985   1.989   1.993   1.995   2.010
  2.020   2.027   2.028   2.031   2.035   2.040   2.042   2.044
  2.049   2.052   2.061   2.069   2.070   2.073   2.074   2.077
  2.080   2.083   2.096   2.103   2.104   2.108   2.109   2.117
  2.125   2.128   2.131   2.138   2.147   2.152   2.156   2.157
  2.158   2.160   2.161   2.162   2.169   2.178   2.191   2.195
  2.198   2.200   2.201   2.213   2.229   2.229   2.231   2.246
  2.247   2.249   2.257   2.257   2.262   2.265   2.269   2.271
  2.275   2.281   2.287   2.290   2.303   2.311   2.316   2.319
  2.320   2.321   2.325   2.328   2.330   2.336   2.336   2.341
  2.346   2.347   2.352   2.353   2.356   2.356   2.357   2.364
  2.366   2.368   2.379   2.385   2.387   2.391   2.396   2.401
  2.407   2.412   2.419   2.421   2.425   2.427   2.429   2.436
  2.443   2.451   2.461   2.465   2.473   2.474   2.479   2.485
  2.487   2.493   2.495   2.499   2.514   2.517   2.525   2.530
  2.535   2.555   2.562   2.564   2.570   2.591   2.603   2.622
  2.626   2.638   2.641   2.642   2.643   2.646   2.662   2.670
  2.679   2.682   2.684   2.688   2.707   2.714   2.717   2.725
  2.727   2.731   2.734   2.745   2.750   2.758   2.761   2.769
  2.771   2.778   2.780   2.785   2.785   2.787   2.787   2.791
  2.803   2.806   2.809   2.813   2.818   2.823   2.841   2.849
  2.856   2.861   2.867   2.873   2.889   2.891   2.901   2.903
  2.918   2.926   2.940   2.943   2.951   2.978   2.989   2.999
  3.012   3.020   3.051   3.058   3.072   3.077   3.079   3.080
  3.100   3.108   3.130   3.236   3.253   3.255   3.308   3.327
  3.399   3.437   3.446   3.484   3.488   3.489   3.518   3.545
  3.660   3.671   9.594   9.753  13.140  13.176  13.401  13.483
 13.495  13.510  13.523  13.547  13.662  13.678  13.727  13.756
 13.766  13.768  13.774  13.792  13.798  13.799  13.858  13.865
 13.874  13.911  13.924  13.994  14.004  14.029  14.032  14.032
 14.038  14.044  14.046  14.051  14.157  14.159  14.160  14.197
 14.208  14.219  14.242  14.252  14.277  14.282  14.311  14.313
 14.333  14.333  14.506  14.512  14.538  14.554  14.560  14.571
 14.576  14.577  25.784  25.789
 --------------------------------------------------------------
 
          Ground-State Mulliken Net Atomic Charges

     Atom                 Charge (a.u.)
  ----------------------------------------
      1 C                    -0.146239
      2 C                    -0.391969
      3 H                     0.250769
      4 C                     0.072985
      5 C                     0.102703
      6 C                    -0.404285
      7 H                     0.249615
      8 C                    -0.149670
      9 C                     0.178274
     10 C                    -0.389807
     11 H                     0.254311
     12 C                    -0.068206
     13 C                     0.216579
     14 C                     0.178470
     15 C                    -0.398719
     16 H                     0.254430
     17 C                    -0.235809
     18 H                     0.260076
     19 C                    -0.345408
     20 H                     0.257773
     21 C                    -0.349553
     22 H                     0.258328
     23 C                    -0.233362
     24 H                     0.259402
     25 B                     0.624411
     26 C                    -0.146153
     27 C                    -0.393708
     28 H                     0.249406
     29 C                     0.072887
     30 C                     0.101798
     31 C                    -0.405376
     32 H                     0.249649
     33 C                    -0.148607
     34 C                     0.177929
     35 C                    -0.388466
     36 H                     0.254782
     37 C                    -0.068166
     38 C                     0.217297
     39 C                     0.177446
     40 C                    -0.397009
     41 H                     0.254809
     42 C                    -0.236285
     43 H                     0.260138
     44 C                    -0.345823
     45 H                     0.257797
     46 C                    -0.233671
     47 H                     0.259591
     48 C                    -0.349478
     49 H                     0.258205
     50 B                     0.641130
     51 C                    -0.220081
     52 C                     0.065583
     53 C                    -0.446121
     54 H                     0.258282
     55 C                     0.386553
     56 O                    -0.471254
     57 C                    -0.403667
     58 H                     0.240327
     59 C                     0.062200
     60 C                    -0.430375
     61 H                     0.253841
     62 H                     0.220879
     63 H                     0.220881
     64 C                    -0.551459
     65 H                     0.252627
     66 H                     0.242303
     67 C                    -0.552481
     68 H                     0.252773
     69 H                     0.243746
     70 C                    -0.660134
     71 H                     0.238813
     72 H                     0.222632
     73 H                     0.228737
     74 C                    -0.660928
     75 H                     0.238894
     76 H                     0.223226
     77 H                     0.228565
     78 C                    -0.263401
     79 C                     0.090853
     80 C                    -0.418331
     81 H                     0.236077
     82 C                     0.387249
     83 O                    -0.454669
     84 C                    -0.465413
     85 H                     0.254556
     86 C                     0.083400
     87 C                    -0.426054
     88 H                     0.259297
     89 H                     0.229416
     90 H                     0.229482
     91 C                    -0.551323
     92 H                     0.255200
     93 H                     0.241745
     94 C                    -0.550395
     95 H                     0.251591
     96 H                     0.242725
     97 C                    -0.660624
     98 H                     0.227550
     99 H                     0.238495
    100 H                     0.223428
    101 C                    -0.658608
    102 H                     0.226960
    103 H                     0.238637
    104 H                     0.222578
  ----------------------------------------
  Sum of atomic charges =     0.000000

 -----------------------------------------------------------------
                    Cartesian Multipole Moments
 -----------------------------------------------------------------
    Charge (ESU x 10^10)
                 0.0000
    Dipole Moment (Debye)
         X       0.5027      Y      -0.1589      Z       0.8727
       Tot       1.0196
    Quadrupole Moments (Debye-Ang)
        XX    -271.7239     XY     -23.0743     YY    -333.6000
        XZ      -2.1955     YZ     -13.6937     ZZ    -270.1332
    Octopole Moments (Debye-Ang^2)
       XXX     -20.2040    XXY      25.6996    XYY      -0.8528
       YYY      50.6718    XXZ     428.9930    XYZ      21.2815
       YYZ     497.6019    XZZ      39.1749    YZZ      39.9684
       ZZZ    1220.7299
    Hexadecapole Moments (Debye-Ang^3)
      XXXX  -21343.8289   XXXY    -746.6711   XXYY   -4747.9895
      XYYY     308.9607   YYYY   -3728.6104   XXXZ    2027.9762
      XXYZ    -613.8619   XYYZ    1177.0834   YYYZ     115.1150
      XXZZ   -7913.3946   XYZZ    -256.7600   YYZZ   -6975.0175
      XZZZ     618.0344   YZZZ    -142.5916   ZZZZ  -28656.9391
 -----------------------------------------------------------------
 -----------------------------------------------------------------
               TDA Excited-State Multipoles, State  1
 -----------------------------------------------------------------
    Charge (ESU x 10^10)
                -0.0000
    Dipole Moment (Debye)
         X       0.5529      Y      -0.1390      Z       0.8194
       Tot       0.9982
    Quadrupole Moments (Debye-Ang)
        XX    -275.2108     XY     -22.9497     YY    -334.9816
        XZ      -8.4792     YZ     -13.6511     ZZ    -265.8889
    Octopole Moments (Debye-Ang^2)
       XXX     -18.4501    XXY      25.8320    XYY      -1.0139
       YYY      51.0385    XXZ     432.3619    XYZ      21.5168
       YYZ     499.5076    XZZ      58.8795    YZZ      40.1625
       ZZZ    1202.4575
    Hexadecapole Moments (Debye-Ang^3)
      XXXX  -21462.8007   XXXY    -740.1230   XXYY   -4766.1145
      XYYY     309.8455   YYYY   -3748.6602   XXXZ    1934.5020
      XXYZ    -610.7364   XYYZ    1164.2065   YYYZ     114.8790
      XXZZ   -7910.1504   XYZZ    -255.5743   YYZZ   -6980.2431
      XZZZ     460.5426   YZZZ    -142.6690   ZZZZ  -28476.6245
 -----------------------------------------------------------------
 -----------------------------------------------------------------
               TDA Excited-State Multipoles, State  2
 -----------------------------------------------------------------
    Charge (ESU x 10^10)
                -0.0000
    Dipole Moment (Debye)
         X       4.1538      Y      -0.3093      Z       1.4894
       Tot       4.4235
    Quadrupole Moments (Debye-Ang)
        XX    -262.9136     XY     -23.9352     YY    -333.4855
        XZ      -2.3231     YZ     -13.9229     ZZ    -267.2646
    Octopole Moments (Debye-Ang^2)
       XXX      76.3528    XXY      20.4076    XYY       8.5231
       YYY      50.0520    XXZ     451.0667    XYZ      19.2321
       YYZ     501.6236    XZZ      81.7752    YZZ      38.7577
       ZZZ    1173.9660
    Hexadecapole Moments (Debye-Ang^3)
      XXXX  -21041.3293   XXXY    -777.2594   XXYY   -4735.9630
      XYYY     302.5593   YYYY   -3726.6871   XXXZ    2081.9597
      XXYZ    -625.5391   XYYZ    1169.4843   YYYZ     115.1062
      XXZZ   -7873.1464   XYZZ    -263.3669   YYZZ   -6979.4504
      XZZZ     446.7646   YZZZ    -144.8787   ZZZZ  -28260.3513
 -----------------------------------------------------------------
 -----------------------------------------------------------------
               TDA Excited-State Multipoles, State  3
 -----------------------------------------------------------------
    Charge (ESU x 10^10)
                -0.0000
    Dipole Moment (Debye)
         X       8.0775      Y      -0.7208      Z       7.1330
       Tot      10.8002
    Quadrupole Moments (Debye-Ang)
        XX    -247.4250     XY     -26.0251     YY    -331.1642
        XZ      17.9403     YZ     -14.4032     ZZ    -302.1796
    Octopole Moments (Debye-Ang^2)
       XXX     193.9706    XXY       7.9314    XYY      23.6852
       YYY      46.9568    XXZ     555.8302    XYZ      14.6208
       YYZ     509.3458    XZZ      15.9030    YZZ      36.1094
       ZZZ    1418.1500
    Hexadecapole Moments (Debye-Ang^3)
      XXXX  -20463.3003   XXXY    -851.6374   XXYY   -4688.7610
      XYYY     288.5583   YYYY   -3691.7077   XXXZ    2607.6272
      XXYZ    -652.2333   XYYZ    1187.3642   YYYZ     117.2988
      XXZZ   -8219.0627   XYZZ    -277.6398   YYZZ   -7010.5273
      XZZZ    1258.4379   YZZZ    -150.3453   ZZZZ  -30504.4414
 -----------------------------------------------------------------
 -----------------------------------------------------------------
               TDA Excited-State Multipoles, State  4
 -----------------------------------------------------------------
    Charge (ESU x 10^10)
                -0.0000
    Dipole Moment (Debye)
         X       1.9971      Y      -0.2378      Z       1.5546
       Tot       2.5420
    Quadrupole Moments (Debye-Ang)
        XX    -265.8619     XY     -23.5038     YY    -333.6881
        XZ      -3.8700     YZ     -13.8656     ZZ    -266.4672
    Octopole Moments (Debye-Ang^2)
       XXX      24.1300    XXY      23.1273    XYY       2.7904
       YYY      50.3055    XXZ     432.4220    XYZ      20.3151
       YYZ     499.6265    XZZ      59.1895    YZZ      39.4853
       ZZZ    1212.9816
    Hexadecapole Moments (Debye-Ang^3)
      XXXX  -21145.6990   XXXY    -762.6699   XXYY   -4742.4232
      XYYY     305.8678   YYYY   -3730.0242   XXXZ    2017.2135
      XXYZ    -620.3178   XYYZ    1170.9597   YYYZ     114.8921
      XXZZ   -7811.5641   XYZZ    -259.8760   YYZZ   -6973.6283
      XZZZ     459.8591   YZZZ    -145.1556   ZZZZ  -28415.8084
 -----------------------------------------------------------------
 -----------------------------------------------------------------
               TDA Excited-State Multipoles, State  5
 -----------------------------------------------------------------
    Charge (ESU x 10^10)
                -0.0000
    Dipole Moment (Debye)
         X      14.0470      Y      -1.0174      Z       8.7849
       Tot      16.5991
    Quadrupole Moments (Debye-Ang)
        XX    -234.2272     XY     -27.7769     YY    -329.1128
        XZ      34.3456     YZ     -14.8409     ZZ    -321.2218
    Octopole Moments (Debye-Ang^2)
       XXX     354.8054    XXY      -1.8984    XYY      39.4823
       YYY      45.0915    XXZ     603.9703    XYZ      10.5944
       YYZ     513.8856    XZZ      30.0464    YZZ      34.0586
       ZZZ    1469.2287
    Hexadecapole Moments (Debye-Ang^3)
      XXXX  -19955.9475   XXXY    -917.3137   XXYY   -4647.3465
      XYYY     275.9833   YYYY   -3660.7015   XXXZ    3077.1123
      XXYZ    -676.8425   XYYZ    1202.6196   YYYZ     117.9568
      XXZZ   -8426.4611   XYZZ    -292.3127   YYZZ   -7028.6834
      XZZZ    1681.1640   YZZZ    -154.3613   ZZZZ  -31473.7484
 -----------------------------------------------------------------
 -----------------------------------------------------------------
               TDA Excited-State Multipoles, State  6
 -----------------------------------------------------------------
    Charge (ESU x 10^10)
                -0.0000
    Dipole Moment (Debye)
         X       0.1022      Y      -0.1727      Z       0.7014
       Tot       0.7295
    Quadrupole Moments (Debye-Ang)
        XX    -271.5669     XY     -23.2946     YY    -333.5044
        XZ       3.4613     YZ     -13.7585     ZZ    -275.4132
    Octopole Moments (Debye-Ang^2)
       XXX     -34.7256    XXY      25.5532    XYY      -1.4690
       YYY      50.6473    XXZ     429.6000    XYZ      21.3248
       YYZ     497.1292    XZZ      18.4270    YZZ      40.1285
       ZZZ    1236.5770
    Hexadecapole Moments (Debye-Ang^3)
      XXXX  -21324.7620   XXXY    -757.0862   XXYY   -4746.3120
      XYYY     307.6758   YYYY   -3728.3068   XXXZ    2255.9280
      XXYZ    -618.5223   XYYZ    1182.7743   YYYZ     114.5039
      XXZZ   -7968.3673   XYZZ    -260.0905   YYZZ   -6977.5952
      XZZZ     836.8454   YZZZ    -144.0273   ZZZZ  -29095.4414
 -----------------------------------------------------------------
 -----------------------------------------------------------------
               TDA Excited-State Multipoles, State  7
 -----------------------------------------------------------------
    Charge (ESU x 10^10)
                -0.0000
    Dipole Moment (Debye)
         X       0.4965      Y      -0.1267      Z       0.8819
       Tot       1.0199
    Quadrupole Moments (Debye-Ang)
        XX    -274.2566     XY     -22.8756     YY    -335.9933
        XZ     -14.3331     YZ     -13.6602     ZZ    -257.7595
    Octopole Moments (Debye-Ang^2)
       XXX     -18.7633    XXY      26.0433    XYY      -1.1825
       YYY      51.2999    XXZ     429.3269    XYZ      21.6908
       YYZ     500.9737    XZZ      75.5956    YZZ      40.2022
       ZZZ    1168.7630
    Hexadecapole Moments (Debye-Ang^3)
      XXXX  -21436.9672   XXXY    -735.9795   XXYY   -4775.6794
      XYYY     310.2168   YYYY   -3761.6571   XXXZ    1800.4188
      XXYZ    -609.3403   XYYZ    1155.1152   YYYZ     114.5095
      XXZZ   -7818.8025   XYZZ    -254.5099   YYZZ   -6980.6439
      XZZZ     246.6943   YZZZ    -143.0099   ZZZZ  -27969.8931
 -----------------------------------------------------------------
 -----------------------------------------------------------------
               TDA Excited-State Multipoles, State  8
 -----------------------------------------------------------------
    Charge (ESU x 10^10)
                -0.0000
    Dipole Moment (Debye)
         X     -11.8886      Y       0.0632      Z      -5.9506
       Tot      13.2948
    Quadrupole Moments (Debye-Ang)
        XX    -235.7224     XY     -24.0060     YY    -330.0777
        XZ      66.6295     YZ     -14.5040     ZZ    -276.1418
    Octopole Moments (Debye-Ang^2)
       XXX    -384.2977    XXY      38.5438    XYY     -34.2961
       YYY      52.8467    XXZ     174.3963    XYZ      27.4496
       YYZ     473.3493    XZZ    -252.9567    YZZ      45.1271
       ZZZ    1235.3249
    Hexadecapole Moments (Debye-Ang^3)
      XXXX  -19858.6563   XXXY    -829.3506   XXYY   -4673.7050
      XYYY     306.8998   YYYY   -3674.5613   XXXZ    4053.8279
      XXYZ    -662.9000   XYYZ    1292.7757   YYYZ     101.2028
      XXZZ   -7186.7669   XYZZ    -288.1794   YYZZ   -6915.6713
      XZZZ    2637.8504   YZZZ    -164.7291   ZZZZ  -30358.8082
 -----------------------------------------------------------------
 -----------------------------------------------------------------
               TDA Excited-State Multipoles, State  9
 -----------------------------------------------------------------
    Charge (ESU x 10^10)
                -0.0000
    Dipole Moment (Debye)
         X     -13.0187      Y       0.0850      Z      -6.6601
       Tot      14.6236
    Quadrupole Moments (Debye-Ang)
        XX    -232.0388     XY     -24.0679     YY    -329.7633
        XZ      72.2980     YZ     -14.5759     ZZ    -275.6889
    Octopole Moments (Debye-Ang^2)
       XXX    -419.1258    XXY      39.8072    XYY     -37.4818
       YYY      53.0556    XXZ     149.2102    XYZ      28.0444
       YYZ     471.0091    XZZ    -277.6300    YZZ      45.6042
       ZZZ    1229.5509
    Hexadecapole Moments (Debye-Ang^3)
      XXXX  -19708.3169   XXXY    -836.1775   XXYY   -4666.9010
      XYYY     306.7901   YYYY   -3670.3412   XXXZ    4219.8338
      XXYZ    -667.2568   XYYZ    1302.9077   YYYZ     100.0096
      XXZZ   -7100.8728   XYZZ    -290.7784   YYZZ   -6909.4640
      XZZZ    2797.5957   YZZZ    -166.7634   ZZZZ  -30443.2543
 -----------------------------------------------------------------
 -----------------------------------------------------------------
               TDA Excited-State Multipoles, State 10
 -----------------------------------------------------------------
    Charge (ESU x 10^10)
                -0.0000
    Dipole Moment (Debye)
         X       0.4517      Y      -0.1310      Z       1.0288
       Tot       1.1312
    Quadrupole Moments (Debye-Ang)
        XX    -267.9362     XY     -22.7677     YY    -336.0542
        XZ     -21.6164     YZ     -13.6798     ZZ    -243.2370
    Octopole Moments (Debye-Ang^2)
       XXX     -19.9494    XXY      26.0415    XYY      -0.9844
       YYY      51.3536    XXZ     424.3792    XYZ      21.6844
       YYZ     501.3139    XZZ      95.1490    YZZ      39.8966
       ZZZ    1103.9039
    Hexadecapole Moments (Debye-Ang^3)
      XXXX  -21260.7118   XXXY    -732.1625   XXYY   -4773.5869
      XYYY     310.6570   YYYY   -3763.6693   XXXZ    1559.3250
      XXYZ    -608.8627   XYYZ    1146.9265   YYYZ     114.6682
      XXZZ   -7589.6159   XYZZ    -252.2818   YYZZ   -6970.1145
      XZZZ    -162.2347   YZZZ    -143.2429   ZZZZ  -26873.3844
 -----------------------------------------------------------------
 -----------------------------------------------------------------
               TDA Excited-State Multipoles, State 11
 -----------------------------------------------------------------
    Charge (ESU x 10^10)
                -0.0000
    Dipole Moment (Debye)
         X       0.4469      Y      -0.1345      Z       0.7130
       Tot       0.8521
    Quadrupole Moments (Debye-Ang)
        XX    -266.1724     XY     -22.8125     YY    -335.5589
        XZ     -19.4191     YZ     -13.6995     ZZ    -243.0621
    Octopole Moments (Debye-Ang^2)
       XXX     -20.3811    XXY      26.2081    XYY      -1.4242
       YYY      51.2719    XXZ     411.9074    XYZ      21.6569
       YYZ     500.0895    XZZ      92.4207    YZZ      39.8869
       ZZZ    1099.9786
    Hexadecapole Moments (Debye-Ang^3)
      XXXX  -21178.5810   XXXY    -735.9328   XXYY   -4766.4059
      XYYY     310.3308   YYYY   -3756.9216   XXXZ    1620.0380
      XXYZ    -610.7947   XYYZ    1152.1521   YYYZ     114.3055
      XXZZ   -7535.4586   XYZZ    -253.3931   YYZZ   -6965.5871
      XZZZ    -138.3890   YZZZ    -143.5461   ZZZZ  -26864.2889
 -----------------------------------------------------------------
 -----------------------------------------------------------------
               TDA Excited-State Multipoles, State 12
 -----------------------------------------------------------------
    Charge (ESU x 10^10)
                -0.0000
    Dipole Moment (Debye)
         X       0.3608      Y      -0.1547      Z       0.9129
       Tot       0.9937
    Quadrupole Moments (Debye-Ang)
        XX    -273.6996     XY     -23.0033     YY    -334.5009
        XZ      -6.3802     YZ     -13.6656     ZZ    -266.9481
    Octopole Moments (Debye-Ang^2)
       XXX     -24.4663    XXY      25.8050    XYY      -1.1230
       YYY      50.8776    XXZ     433.8672    XYZ      21.2934
       YYZ     498.8799    XZZ      49.2297    YZZ      39.8910
       ZZZ    1206.3576
    Hexadecapole Moments (Debye-Ang^3)
      XXXX  -21414.9007   XXXY    -743.0231   XXYY   -4759.6664
      XYYY     309.3128   YYYY   -3741.2817   XXXZ    1996.2697
      XXYZ    -612.1844   XYYZ    1170.3491   YYYZ     114.8958
      XXZZ   -7922.9639   XYZZ    -255.8689   YYZZ   -6980.0563
      XZZZ     545.3674   YZZZ    -141.6342   ZZZZ  -28574.8250
 -----------------------------------------------------------------
Archival summary:
1\1\ctcp038\SP\ProcedureUnspecified\BasisUnspecified\254246\mewes1\WedOct2420:38:592018WedOct2420:38:592018\0\\#,ProcedureUnspecified,BasisUnspecified,\\0,1\C\C,1,1.4108\H,2,1.08642,1,120.268\C,2,1.36895,1,120.613,3,-179.9,0\C,4,1.42658,2,120.744,1,0.105502,0\C,5,1.37555,4,119.407,2,-0.057101,0\H,6,1.08491,5,119.9,4,179.499,0\C,6,1.41273,5,121.025,4,-0.118015,0\C,4,1.45874,2,130.761,1,179.679,0\C,9,1.3736,4,135.023,2,0.299383,0\H,10,1.08343,9,121.887,4,0.239575,0\C,9,1.40796,4,106.168,2,-179.496,0\C,12,1.3938,9,123.738,4,179.751,0\C,12,1.41162,9,111.474,4,-0.057062,0\C,14,1.37314,12,117.803,9,179.812,0\H,15,1.08281,14,121.833,12,-179.897,0\C,10,1.41428,9,118.569,4,-179.746,0\H,17,1.08287,10,118.569,9,-179.995,0\C,17,1.37689,10,122.374,9,0.024901,0\H,19,1.0834,17,119.947,10,179.958,0\C,13,1.41578,12,116.071,9,-179.827,0\H,21,1.08334,13,120.117,12,179.978,0\C,21,1.37672,13,119.751,12,0.039989,0\H,23,1.08258,21,118.861,13,179.956,0\B,1,1.52693,2,120.885,3,0.986331,0\C,25,1.52749,1,120.388,2,179.924,0\C,26,1.41141,25,120.917,1,178.813,0\H,27,1.08658,26,120.051,25,0.198314,0\C,27,1.37006,26,120.641,25,-179.687,0\C,29,1.42739,27,120.71,26,-0.060079,0\C,30,1.3767,29,119.441,27,0.099017,0\H,31,1.08529,30,119.863,29,179.703,0\C,31,1.41272,30,121.029,29,-0.126059,0\C,29,1.45775,27,130.764,26,179.936,0\C,34,1.37328,29,134.881,27,-0.016613,0\H,35,1.08359,34,121.906,29,-0.042861,0\C,34,1.40881,29,106.132,27,179.989,0\C,37,1.39224,34,123.712,29,-179.985,0\C,37,1.41253,34,111.469,29,0.040401,0\C,39,1.37283,37,117.938,34,179.966,0\H,40,1.08296,39,121.871,37,-179.99,0\C,35,1.41384,34,118.397,29,179.966,0\H,42,1.08283,35,118.579,34,-179.987,0\C,42,1.37735,35,122.384,34,0.028186,0\H,44,1.0833,42,119.833,35,179.988,0\C,40,1.41607,39,118.542,37,0.00491,0\H,46,1.08253,40,118.253,39,179.999,0\C,46,1.37698,40,122.914,39,-0,0\H,48,1.08316,46,120.044,40,-179.989,0\B,8,1.54054,6,120.636,5,179.117,0\C,50,1.57997,8,120.047,6,-0.338444,0\C,51,1.39906,50,121.215,8,80.2939,0\C,52,1.3961,51,121.086,50,179.606,0\H,53,1.08344,52,118.603,51,-179.666,0\C,53,1.38844,52,120.168,51,0.2928,0\O,55,1.35236,53,124.503,52,-179.953,0\C,55,1.39237,53,119.258,52,0.074709,0\H,57,1.08511,55,119.109,53,179.779,0\C,57,1.38692,55,120.838,53,-0.292689,0\C,56,1.40823,55,118.286,53,1.04992,0\H,60,1.08794,56,106.658,55,179.242,0\H,60,1.09415,56,112.177,55,60.4589,0\H,60,1.09416,56,112.211,55,-61.9901,0\C,52,1.50805,51,120.727,50,2.11769,0\H,64,1.09243,52,110.167,51,-35.5952,0\H,64,1.09328,52,109.614,51,-152.082,0\C,59,1.5088,57,118.418,55,178.024,0\H,67,1.09236,59,110.16,57,145.865,0\H,67,1.09311,59,109.459,57,29.4295,0\C,64,1.52746,52,112.439,51,86.2643,0\H,70,1.09034,64,111.094,52,-61.3051,0\H,70,1.091,64,111.172,52,58.7441,0\H,70,1.09107,64,110.987,52,178.875,0\C,67,1.52788,59,112.607,57,-92.0848,0\H,74,1.09019,67,111.228,59,-61.2617,0\H,74,1.09096,67,111.144,59,58.8295,0\H,74,1.0912,67,110.948,59,178.845,0\C,25,1.58172,1,119.149,2,1.10233,0\C,78,1.43388,25,121.156,1,-97.2888,0\C,79,1.36356,78,119.921,25,178.312,0\H,80,1.08378,79,121.241,78,179.726,0\C,80,1.42242,79,120.574,78,-0.69328,0\O,82,1.30039,80,115.255,79,-179.552,0\C,82,1.41133,80,120.472,79,0.553903,0\H,84,1.08239,82,120.745,80,-179.859,0\C,84,1.36718,82,119.557,80,0.509369,0\C,83,1.43228,82,121.39,80,179.886,0\H,87,1.08472,83,105.706,82,179.771,0\H,87,1.08951,83,110.726,82,61.0047,0\H,87,1.08956,83,110.712,82,-61.4926,0\C,86,1.49913,84,118.82,82,176.749,0\H,91,1.09028,86,110.138,84,150.769,0\H,91,1.09172,86,109.3,84,33.3949,0\C,79,1.5002,78,120.691,25,0.780289,0\H,94,1.09068,79,110.069,78,-31.4662,0\H,94,1.09187,79,109.162,78,-148.436,0\C,94,1.52844,79,111.44,78,90.5155,0\H,97,1.08962,94,110.308,79,179.498,0\H,97,1.08982,94,111.429,79,-60.845,0\H,97,1.09061,94,111.088,79,59.6943,0\C,91,1.53007,86,111.244,84,-87.5198,0\H,101,1.08946,91,110.049,86,-179.456,0\H,101,1.08948,91,111.38,86,-59.9351,0\H,101,1.09043,91,111.166,86,60.8005,0\\\@

 Total job time:  11605.18s(wall), 38679.46s(cpu) 
 Wed Oct 24 20:38:59 2018

        *************************************************************
        *                                                           *
        *  Thank you very much for using Q-Chem.  Have a nice day.  *
        *                                                           *
        *************************************************************


0 sent ACK to 0 
now end server 0 ... 
