mFile = /cm/shared/apps/q-chem/intel/QCHEM_5.1.0_Trunk/bin/mpi/machines
Process 0 of 1 is on ctcp012 - thread support 0
initial socket setup ...start
initial socket setup ...done 
now start server 0 ... 
Q-Chem Developer Version!
                  Welcome to Q-Chem
     A Quantum Leap Into The Future Of Chemistry


 Q-Chem 5.1, Q-Chem, Inc., Pleasanton, CA (2018)

 Yihan Shao,  Zhengting Gan,  E. Epifanovsky,  A. T. B. Gilbert,  M. Wormit,  
 J. Kussmann,  A. W. Lange,  A. Behn,  Jia Deng,  Xintian Feng,  D. Ghosh,  
 M. Goldey,  P. R. Horn,  L. D. Jacobson,  I. Kaliman,  T. Kus,  A. Landau,  
 Jie Liu,  E. I. Proynov,  R. M. Richard,  R. P. Steele,  E. J. Sundstrom,  
 H. L. Woodcock III,  P. M. Zimmerman,  D. Zuev,  B. Albrecht,  E. Alguire,  
 S. A. Baeppler,  D. Barton,  Z. Benda,  Y. A. Bernard,  E. J. Berquist,  
 K. B. Bravaya,  H. Burton,  D. Casanova,  Chun-Min Chang,  Yunqing Chen,  
 A. Chien,  K. D. Closser,  M. P. Coons,  S. Coriani,  S. Dasgupta,  
 A. L. Dempwolff,  M. Diedenhofen,  Hainam Do,  R. G. Edgar,  Po-Tung Fang,  
 S. Faraji,  S. Fatehi,  Qingguo Feng,  K. D. Fenk,  J. Fosso-Tande,  
 Qinghui Ge,  A. Ghysels,  G. Gidofalvi,  J. Gomes,  J. Gonthier,  A. Gunina,  
 D. Hait,  M. W. D. Hanson-Heine,  P. H. P. Harbach,  A. W. Hauser,  
 J. E. Herr,  E. G. Hohenstein,  Z. C. Holden,  Kerwin Hui,  B. C. Huynh,  
 T.-C. Jagau,  Hyunjun Ji,  B. Kaduk,  K. Khistyaev,  Jaehoon Kim,  
 P. Klunzinger,  K. Koh,  D. Kosenkov,  L. Koulias,  T. Kowalczyk,  
 C. M. Krauter,  A. Kunitsa,  Ka Un Lao,  A. Laurent,  K. V. Lawler,  
 Joonho Lee,  D. Lefrancois,  S. Lehtola,  D. S. Levine,  Yi-Pei Li,  
 You-Sheng Lin,  Fenglai Liu,  E. Livshits,  A. Luenser,  P. Manohar,  
 E. Mansoor,  S. F. Manzer,  Shan-Ping Mao,  Yuezhi Mao,  N. Mardirossian,  
 A. V. Marenich,  T. Markovich,  L. A. Martinez-Martinez,  S. A. Maurer,  
 N. J. Mayhall,  S. C. McKenzie,  J.-M. Mewes,  A. F. Morrison,  
 J. W. Mullinax,  K. Nanda,  T. S. Nguyen-Beck,  R. Olivares-Amaya,  
 J. A. Parkhill,  T. M. Perrine,  F. Plasser,  P. Pokhilko,  S. Prager,  
 A. Prociuk,  E. Ramos,  D. R. Rehn,  F. Rob,  M. Schneider,  N. Sergueev,  
 S. M. Sharada,  S. Sharma,  D. W. Small,  T. Stauch,  T. Stein,  
 Yu-Chuan Su,  A. J. W. Thom,  A. Tkatchenko,  T. Tsuchimochi,  N. M. Tubman,  
 L. Vogt,  M. L. Vidal,  O. Vydrov,  M. A. Watson,  J. Wenzel,  
 M. de Wergifosse,  T. A. Wesolowski,  A. White,  J. Witte,  A. Yamada,  
 Jun Yang,  K. Yao,  S. Yeganeh,  S. R. Yost,  Zhi-Qiang You,  A. Zech,  
 Igor Ying Zhang,  Xing Zhang,  Yan Zhao,  Ying Zhu,  B. R. Brooks,  
 G. K. L. Chan,  C. J. Cramer,  M. S. Gordon,  W. J. Hehre,  A. Klamt,  
 M. W. Schmidt,  C. D. Sherrill,  D. G. Truhlar,  A. Aspuru-Guzik,  R. Baer,  
 A. T. Bell,  N. A. Besley,  Jeng-Da Chai,  A. E. DePrince, III,  
 R. A. DiStasio Jr.,  A. Dreuw,  B. D. Dunietz,  T. R. Furlani,  
 Chao-Ping Hsu,  Yousung Jung,  Jing Kong,  D. S. Lambrecht,  WanZhen Liang,  
 C. Ochsenfeld,  V. A. Rassolov,  L. V. Slipchenko,  J. E. Subotnik,  
 T. Van Voorhis,  J. M. Herbert,  A. I. Krylov,  P. M. W. Gill,  M. Head-Gordon

 Contributors to earlier versions of Q-Chem not listed above: 
 R. D. Adamson,  B. Austin,  J. Baker,  G. J. O. Beran,  K. Brandhorst,  
 S. T. Brown,  E. F. C. Byrd,  A. K. Chakraborty,  C.-L. Cheng,  
 Siu Hung Chien,  D. M. Chipman,  D. L. Crittenden,  H. Dachsel,  
 R. J. Doerksen,  A. D. Dutoi,  L. Fusti-Molnar,  W. A. Goddard III,  
 A. Golubeva-Zadorozhnaya,  S. R. Gwaltney,  G. Hawkins,  A. Heyden,  
 S. Hirata,  G. Kedziora,  F. J. Keil,  C. Kelley,  Jihan Kim,  R. A. King,  
 R. Z. Khaliullin,  P. P. Korambath,  W. Kurlancheek,  A. M. Lee,  M. S. Lee,  
 S. V. Levchenko,  Ching Yeh Lin,  D. Liotard,  R. C. Lochan,  I. Lotan,  
 P. E. Maslen,  N. Nair,  D. P. O'Neill,  D. Neuhauser,  E. Neuscamman,  
 C. M. Oana,  R. Olson,  B. Peters,  R. Peverati,  P. A. Pieniazek,  
 Y. M. Rhee,  J. Ritchie,  M. A. Rohrdanz,  E. Rosta,  N. J. Russ,  
 H. F. Schaefer III,  N. E. Schultz,  N. Shenvi,  A. C. Simmonett,  A. Sodt,  
 D. Stuck,  K. S. Thanthiriwatte,  V. Vanovschi,  Tao Wang,  A. Warshel,  
 C. F. Williams,  Q. Wu,  X. Xu,  W. Zhang

 Please cite Q-Chem as follows:
 Y. Shao et al., Mol. Phys. 113, 184-215 (2015)
 DOI: 10.1080/00268976.2014.952696

 Q-Chem 5.1.1 for Intel X86 EM64T Linux

 Parts of Q-Chem use Armadillo 8.300.2 (Tropical Shenanigans).
 http://arma.sourceforge.net/

 Q-Chem begins on Mon Oct 29 11:51:44 2018  

Host: ctcp012
0

     Scratch files written to /scratch/mewes1/138734/singlet.out.plots//
 Parallel job on  1  processors
Symmetry turned off for PCM/SM12/SMD calculation
Input Ideriv = 2
Curr. Ideriv = -1
Max.  Ideriv = 2
Input Ideriv = 2
Curr. Ideriv = 2
Max.  Ideriv = 2

Checking the input file for inconsistencies... 	...done.

--------------------------------------------------------------
User input:
--------------------------------------------------------------
$rem
threads 8
jobtype sp
method PBEh-3c
basis def2-mSVP
mem_static      1024
mem_total       8000
sym_ignore      true
unrestricted true
scf_algorithm	diis
scf_max_cycles	250
solvent_method  pcm
make_cube_files	true
$end

$pcm
theory  iefpcm
$end

$solvent
dielectric      2.38
$end


$plots
singlet state dens for utleopt_tol.out
253 -9.79 10.01
135 -6.59 5.87
271 -11.94 9.03
0 1 0 0
0
$end


$molecule
0 1
C        -0.0092362327   -0.3555775946    0.0322759517
C        -0.0036577663   -0.3694058964    1.4397631282
H         0.9425467478   -0.4014262591    1.9683587677
C        -1.1874085828   -0.3399361797    2.1398319358
C        -1.4846428139   -0.3443261013    3.5743229770
C        -0.7436021556   -0.3780957242    4.7261238901
H         0.3385935133   -0.4108246281    4.7096976811
C        -1.4252974036   -0.3701443374    5.9671058089
H        -0.8390595865   -0.3970465417    6.8763631467
C        -2.7975943886   -0.3302808435    6.0602146384
H        -3.2721473056   -0.3259159222    7.0338370918
C        -2.8884689556   -0.3038979957    3.6830588522
C        -3.5873029948   -0.2954237022    4.8854915183
C        -3.5037690548   -0.2738528725    2.4168851412
C        -4.8720259786   -0.2321314587    2.3457229305
H        -5.3955495152   -0.2064721727    1.3977705920
C        -5.6083286979   -0.2224350762    3.5533899228
H        -6.6889244359   -0.1897060180    3.5001504639
C        -5.0001736252   -0.2529452299    4.7874334635
H        -5.6057809602   -0.2440860704    5.6854336233
C        -2.4226797909   -0.2969104113    1.4360265568
C        -2.4477114358   -0.2866075155    0.0600243758
H        -3.3946013216   -0.2597376715   -0.4685434821
C        -1.2480259094   -0.3124536323   -0.6707334480
B         1.3341287919   -0.3912390740   -0.7293116261
B        -1.2989681096   -0.3014962835   -2.2206304643
C         1.3222203180   -0.3453362647   -2.2670261714
C         2.5230314940   -0.3710881705   -2.9695019644
H         3.4593810805   -0.4250683723   -2.4259568953
C         2.5276520795   -0.3325431696   -4.3505586840
C         3.5731784567   -0.3468640484   -5.3190159694
C         4.9601140716   -0.4011752447   -5.2773080520
H         5.4983504714   -0.4440340658   -4.3396633544
C         5.6602827030   -0.4027739614   -6.4919732305
H         6.7413493503   -0.4456218698   -6.4655081544
C         5.0285188333   -0.3536848437   -7.7247075035
H         5.6203395096   -0.3588248082   -8.6315465106
C         2.9382356981   -0.2968585925   -6.5855907933
C         3.6165752309   -0.2989856719   -7.8035529085
C         1.5216418406   -0.2509137142   -6.4729124672
C         0.7584425095   -0.2025896166   -7.6374428822
H        -0.3227395557   -0.1657603868   -7.6055933092
C         1.4268457472   -0.2027786168   -8.8665845055
H         0.8410937784   -0.1652982880   -9.7760646823
C         2.8101677438   -0.2495245158   -8.9677685566
H         3.2745703959   -0.2486476956   -9.9460687420
C         1.2302017925   -0.2734498010   -5.0882952989
C         0.0303727424   -0.2615411094   -4.3853015185
H        -0.9098396478   -0.2295104553   -4.9253307309
C         0.0286256030   -0.2979642182   -3.0018547292
C         2.7039210260   -0.4997188831    0.0352213963
C         3.5059282346    0.6252460490    0.2488006875
C         4.7224373392    0.5164305472    0.9219480161
H         5.3131241213    1.4119603507    1.0726151398
C         5.1562099637   -0.7183476306    1.3862988525
O         6.3168530872   -0.9222178315    2.0450716265
C         4.3644786425   -1.8436436816    1.1744053280
H         4.7099209190   -2.8058550071    1.5365821106
C         3.1526229303   -1.7439380862    0.5107557286
C         7.1485938210    0.1837408722    2.2913242006
H         8.0171012533   -0.1931984592    2.8272006370
H         7.4897476375    0.6593730275    1.3665419738
H         6.6586121133    0.9406171247    2.9116757478
C         3.0477837673    1.9934814522   -0.1887444809
H         2.4813776828    1.9244991293   -1.1210836718
H         3.9169107326    2.6175313288   -0.4124860341
C         2.3600622435   -3.0036613146    0.2630237789
H         1.2886003132   -2.7893808070    0.2767464636
H         2.5344577618   -3.7090233890    1.0792820445
C         2.1880050243    2.6856924015    0.8668725993
H         1.2797337394    2.1186596104    1.0717089434
H         1.8884010400    3.6805461354    0.5350601995
H         2.7308290243    2.7932172729    1.8066496981
C         2.7209863423   -3.6733252313   -1.0619838996
H         2.5089057126   -3.0201066398   -1.9086547945
H         3.7808324039   -3.9279704656   -1.0978314058
H         2.1500431738   -4.5921351385   -1.2026368521
C        -2.6736891276   -0.3142500763   -2.9956254373
C        -3.1975239441   -1.5128726379   -3.4903339614
C        -4.4073255864   -1.5369018924   -4.1834874824
H        -4.7757479743   -2.4895096734   -4.5454896822
C        -5.1183982178   -0.3645586850   -4.3935288265
O        -6.2963174971   -0.2901639706   -5.0492531725
C        -4.6073659308    0.8341562720   -3.9050946265
H        -5.1639572637    1.7499981432   -4.0722876107
C        -3.4050178704    0.8660453057   -3.2170584737
C        -6.8611400595   -1.4769177280   -5.5497052602
H        -7.7964297369   -1.1978791779   -6.0302883722
H        -7.0792775368   -2.1984627795   -4.7562392562
H        -6.2195326666   -1.9606521044   -6.2927548519
C        -2.8743746796    2.2048775957   -2.7742888466
H        -3.7072309823    2.8484368593   -2.4798735552
H        -2.2503584913    2.0942589646   -1.8839941723
C        -2.5133191785   -2.8327746673   -3.2364214908
H        -1.4388043031   -2.6874137275   -3.1030440176
H        -2.6220404788   -3.4767658715   -4.1133783686
C        -2.0711962389    2.8946017785   -3.8752027077
H        -1.2015139572    2.3015431172   -4.1590219674
H        -2.6783740692    3.0410218961   -4.7693051475
H        -1.7141290240    3.8714692487   -3.5470633030
C        -3.0810092375   -3.5462822942   -2.0113083382
H        -2.9520499537   -2.9432875135   -1.1120612122
H        -4.1477480202   -3.7413772882   -2.1289367850
H        -2.5812572113   -4.5016918121   -1.8468979802
$end

--------------------------------------------------------------
 Adding empirical dispersion correction 
 ----------------------------------------------------------------
 Doing -D3(BJ) with
 s6 =   1.00000
 s8 =   0.00000
 a1 =   0.48600
 a2 =   4.50000
 -D3 energy including 3body term =     -0.0954808129 hartrees
 ----------------------------------------------------------------
 Adding gCP correction 
 ----------------------------------------------------------------
 gCP energy =      0.1521587815 hartrees
 ----------------------------------------------------------------
             Standard Nuclear Orientation (Angstroms)
    I     Atom           X                Y                Z
 ----------------------------------------------------------------
    1      C      -0.0092362327    -0.3555775946     0.0322759517
    2      C      -0.0036577663    -0.3694058964     1.4397631282
    3      H       0.9425467478    -0.4014262591     1.9683587677
    4      C      -1.1874085828    -0.3399361797     2.1398319358
    5      C      -1.4846428139    -0.3443261013     3.5743229770
    6      C      -0.7436021556    -0.3780957242     4.7261238901
    7      H       0.3385935133    -0.4108246281     4.7096976811
    8      C      -1.4252974036    -0.3701443374     5.9671058089
    9      H      -0.8390595865    -0.3970465417     6.8763631467
   10      C      -2.7975943886    -0.3302808435     6.0602146384
   11      H      -3.2721473056    -0.3259159222     7.0338370918
   12      C      -2.8884689556    -0.3038979957     3.6830588522
   13      C      -3.5873029948    -0.2954237022     4.8854915183
   14      C      -3.5037690548    -0.2738528725     2.4168851412
   15      C      -4.8720259786    -0.2321314587     2.3457229305
   16      H      -5.3955495152    -0.2064721727     1.3977705920
   17      C      -5.6083286979    -0.2224350762     3.5533899228
   18      H      -6.6889244359    -0.1897060180     3.5001504639
   19      C      -5.0001736252    -0.2529452299     4.7874334635
   20      H      -5.6057809602    -0.2440860704     5.6854336233
   21      C      -2.4226797909    -0.2969104113     1.4360265568
   22      C      -2.4477114358    -0.2866075155     0.0600243758
   23      H      -3.3946013216    -0.2597376715    -0.4685434821
   24      C      -1.2480259094    -0.3124536323    -0.6707334480
   25      B       1.3341287919    -0.3912390740    -0.7293116261
   26      B      -1.2989681096    -0.3014962835    -2.2206304643
   27      C       1.3222203180    -0.3453362647    -2.2670261714
   28      C       2.5230314940    -0.3710881705    -2.9695019644
   29      H       3.4593810805    -0.4250683723    -2.4259568953
   30      C       2.5276520795    -0.3325431696    -4.3505586840
   31      C       3.5731784567    -0.3468640484    -5.3190159694
   32      C       4.9601140716    -0.4011752447    -5.2773080520
   33      H       5.4983504714    -0.4440340658    -4.3396633544
   34      C       5.6602827030    -0.4027739614    -6.4919732305
   35      H       6.7413493503    -0.4456218698    -6.4655081544
   36      C       5.0285188333    -0.3536848437    -7.7247075035
   37      H       5.6203395096    -0.3588248082    -8.6315465106
   38      C       2.9382356981    -0.2968585925    -6.5855907933
   39      C       3.6165752309    -0.2989856719    -7.8035529085
   40      C       1.5216418406    -0.2509137142    -6.4729124672
   41      C       0.7584425095    -0.2025896166    -7.6374428822
   42      H      -0.3227395557    -0.1657603868    -7.6055933092
   43      C       1.4268457472    -0.2027786168    -8.8665845055
   44      H       0.8410937784    -0.1652982880    -9.7760646823
   45      C       2.8101677438    -0.2495245158    -8.9677685566
   46      H       3.2745703959    -0.2486476956    -9.9460687420
   47      C       1.2302017925    -0.2734498010    -5.0882952989
   48      C       0.0303727424    -0.2615411094    -4.3853015185
   49      H      -0.9098396478    -0.2295104553    -4.9253307309
   50      C       0.0286256030    -0.2979642182    -3.0018547292
   51      C       2.7039210260    -0.4997188831     0.0352213963
   52      C       3.5059282346     0.6252460490     0.2488006875
   53      C       4.7224373392     0.5164305472     0.9219480161
   54      H       5.3131241213     1.4119603507     1.0726151398
   55      C       5.1562099637    -0.7183476306     1.3862988525
   56      O       6.3168530872    -0.9222178315     2.0450716265
   57      C       4.3644786425    -1.8436436816     1.1744053280
   58      H       4.7099209190    -2.8058550071     1.5365821106
   59      C       3.1526229303    -1.7439380862     0.5107557286
   60      C       7.1485938210     0.1837408722     2.2913242006
   61      H       8.0171012533    -0.1931984592     2.8272006370
   62      H       7.4897476375     0.6593730275     1.3665419738
   63      H       6.6586121133     0.9406171247     2.9116757478
   64      C       3.0477837673     1.9934814522    -0.1887444809
   65      H       2.4813776828     1.9244991293    -1.1210836718
   66      H       3.9169107326     2.6175313288    -0.4124860341
   67      C       2.3600622435    -3.0036613146     0.2630237789
   68      H       1.2886003132    -2.7893808070     0.2767464636
   69      H       2.5344577618    -3.7090233890     1.0792820445
   70      C       2.1880050243     2.6856924015     0.8668725993
   71      H       1.2797337394     2.1186596104     1.0717089434
   72      H       1.8884010400     3.6805461354     0.5350601995
   73      H       2.7308290243     2.7932172729     1.8066496981
   74      C       2.7209863423    -3.6733252313    -1.0619838996
   75      H       2.5089057126    -3.0201066398    -1.9086547945
   76      H       3.7808324039    -3.9279704656    -1.0978314058
   77      H       2.1500431738    -4.5921351385    -1.2026368521
   78      C      -2.6736891276    -0.3142500763    -2.9956254373
   79      C      -3.1975239441    -1.5128726379    -3.4903339614
   80      C      -4.4073255864    -1.5369018924    -4.1834874824
   81      H      -4.7757479743    -2.4895096734    -4.5454896822
   82      C      -5.1183982178    -0.3645586850    -4.3935288265
   83      O      -6.2963174971    -0.2901639706    -5.0492531725
   84      C      -4.6073659308     0.8341562720    -3.9050946265
   85      H      -5.1639572637     1.7499981432    -4.0722876107
   86      C      -3.4050178704     0.8660453057    -3.2170584737
   87      C      -6.8611400595    -1.4769177280    -5.5497052602
   88      H      -7.7964297369    -1.1978791779    -6.0302883722
   89      H      -7.0792775368    -2.1984627795    -4.7562392562
   90      H      -6.2195326666    -1.9606521044    -6.2927548519
   91      C      -2.8743746796     2.2048775957    -2.7742888466
   92      H      -3.7072309823     2.8484368593    -2.4798735552
   93      H      -2.2503584913     2.0942589646    -1.8839941723
   94      C      -2.5133191785    -2.8327746673    -3.2364214908
   95      H      -1.4388043031    -2.6874137275    -3.1030440176
   96      H      -2.6220404788    -3.4767658715    -4.1133783686
   97      C      -2.0711962389     2.8946017785    -3.8752027077
   98      H      -1.2015139572     2.3015431172    -4.1590219674
   99      H      -2.6783740692     3.0410218961    -4.7693051475
  100      H      -1.7141290240     3.8714692487    -3.5470633030
  101      C      -3.0810092375    -3.5462822942    -2.0113083382
  102      H      -2.9520499537    -2.9432875135    -1.1120612122
  103      H      -4.1477480202    -3.7413772882    -2.1289367850
  104      H      -2.5812572113    -4.5016918121    -1.8468979802
 ----------------------------------------------------------------
 Nuclear Repulsion Energy =  7595.9301661786 hartrees
 There are      198 alpha and      198 beta electrons
 Requested basis set is def2-mSVP
 There are 498 shells and 962 basis functions

 Total QAlloc Memory Limit   8000 MB
 Mega-Array Size      1001 MB
 MEM_STATIC part      1024 MB
 Discretize the solute cavity surface with Lebedev spheres
	Using 302 Lebedev grid points for each H atom
	Using 302 Lebedev grid points for other atoms
	Atomic van der Waals radii will be scaled by 1.20
 Remove points where switching function is < 1.0e-08
 Keep 11043 surface tesserae and discard 20365 interior tesserae
 Molecular Surface Area = 796.240 Angst**2
 A cutoff of  1.0D-08 yielded  33387 shell pairs
 There are    131773 function pairs (    145199 Cartesian)
 
 -------------------------------------------------------
 OpenMP Integral Computing Module                       
 Release: version 1.0, May 2013, Q-Chem Inc. Pittsburgh 
 -------------------------------------------------------
 Integral Job Info:
 Integral job number is                      11
 Integral operator is                         1
 short-range coefficients                     0
 long-range coefficients              100000000
 Omega coefficients                           0
 if combine SR and LR in K                    0
 Integral screening is                        0
 Integral computing path is                   2
 max size of driver memory is            800000
 size of driver memory is                593474
 size of scratch memory is              1809772
 max col of scratch BK array               1296
 max len of scratch array in speh3          155
 max len of scratch index in speh4           18
 max int batch size is                      520
 min int batch size is                       52
 fixed nKL is                                52
 max L of basis functions is                  2
 order of int derivative is                   0
 number of shells is                        498
 number of basis is                        1020
 number of cartesian basis is              1020
 number of contracted shell pairs         33387
 number of primitive shell pairs          69875
 maxK2 (contraction) of shell pair           25
 max number of K2 of shell pair               1
 max number of CS2 of shell pair           8207
 max number of PS2 of shell pair          11840
 mem total for path MDJ                  841068
 -------------------------------------------------------
 Smallest overlap matrix eigenvalue = 1.97E-04

 Scale SEOQF with 1.000000e-02/1.000000e-01/1.000000e-02

 Standard Electronic Orientation quadrupole field applied
 Nucleus-field energy     =    -0.0000000006 hartrees
 Guess from superposition of atomic densities
 Warning:  Energy on first SCF cycle will be non-variational
 SAD guess density has 396.000000 electrons

 -----------------------------------------------------------------------
  General SCF calculation program by
  Eric Jon Sundstrom, Paul Horn, Yuezhi Mao, Dmitri Zuev, Alec White,
  David Stuck, Shaama M.S., Shane Yost, Joonho Lee, David Small,
  Daniel Levine, Susi Lehtola, Hugh Burton, Evgeny Epifanovsky
 -----------------------------------------------------------------------
 Exchange:     0.4200 Hartree-Fock + 0.5800 PBEh-3c
 Correlation:  1.0000 PBEh-3c
 Using SG-1 standard quadrature grid
 Dispersion:   Grimme D3
 using 8 threads for integral computing
 -------------------------------------------------------
 OpenMP Integral computing Module                
 Release: version 2.0, May 2017, Q-Chem Inc. Pleasanton 
 -------------------------------------------------------
 -------------------------------------------------------
 OpenMP BLAS3 based DFT computing Module                
 Release: version 1.0, May 2013, Q-Chem Inc. Pittsburgh 
 -------------------------------------------------------
 A unrestricted SCF calculation will be
 performed using DIIS
 SCF converges when DIIS error is below 1.0e-05
 ---------------------------------------
  Cycle       Energy         DIIS error
 ---------------------------------------
 Using non-symmetric K matrix
 Warning: not using a symmetric Q
    1   -2299.2771253929      1.36e-02  
    2   -2280.2675645200      9.12e-04  
    3   -2280.4510532690      7.23e-04  
    4   -2280.6859486315      2.42e-04  
    5   -2280.7123752283      9.83e-05  
    6   -2280.7171030732      2.78e-05  
    7   -2280.7174544375      8.02e-06  Convergence criterion met
 ---------------------------------------
 SCF time:   CPU 5046.47s  wall 706.00s 
<S^2> =         -0.000001465

************** Final PCM Free Energy Summary **************
 G_electrostatic  =      -0.01419025 hartree =      -8.90451690 kcal/mol
 G_cavitation     =       0.00000000 hartree =       0.00000000 kcal/mol
 G_dispersion     =       0.00000000 hartree =       0.00000000 kcal/mol
 G_repulsion      =       0.00000000 hartree =       0.00000000 kcal/mol
 --------------------------------------------------
 Non-electrostatic Free Energy =       0.00000000 hartree =       0.00000000 kcal/mol
 Total                         =      -0.01419025 hartree =      -8.90451690 kcal/mol
 --------------------------------------------------
 SCF Energy (H0 + V/2)                       =   -2280.71745444 
 Solute Internal Energy (H0)                 =   -2280.70326419 
 Total Free Energy (H0 + V/2 + non-elec)     =   -2280.71745444 hartree
                                             = -1431171.80333457 kcal/mol
***********************************************************

 SCF   energy in the final basis set =    -2280.7174544375
 Total energy in the final basis set =    -2280.7174544375
 
 --------------------------------------------------------------
 
                    Orbital Energies (a.u.)
 --------------------------------------------------------------
 
 Alpha MOs
 -- Occupied --
-19.524 -19.524 -10.500 -10.500 -10.484 -10.484 -10.467 -10.467
-10.465 -10.464 -10.464 -10.464 -10.463 -10.462 -10.461 -10.461
-10.460 -10.460 -10.459 -10.459 -10.459 -10.459 -10.459 -10.459
-10.458 -10.457 -10.456 -10.456 -10.451 -10.450 -10.450 -10.449
-10.448 -10.448 -10.447 -10.447 -10.447 -10.444 -10.434 -10.433
-10.432 -10.431 -10.431 -10.431 -10.431 -10.431 -10.430 -10.430
-10.428 -10.428 -10.418 -10.417 -10.417 -10.416 -10.416 -10.414
 -6.943  -6.940  -1.180  -1.180  -1.012  -1.011  -0.958  -0.953
 -0.953  -0.950  -0.932  -0.930  -0.903  -0.895  -0.886  -0.885
 -0.865  -0.861  -0.857  -0.851  -0.848  -0.844  -0.819  -0.818
 -0.813  -0.811  -0.809  -0.799  -0.798  -0.794  -0.772  -0.770
 -0.735  -0.730  -0.725  -0.715  -0.709  -0.708  -0.700  -0.700
 -0.686  -0.680  -0.675  -0.664  -0.654  -0.645  -0.642  -0.636
 -0.628  -0.627  -0.597  -0.590  -0.588  -0.586  -0.582  -0.581
 -0.580  -0.573  -0.572  -0.560  -0.560  -0.540  -0.539  -0.534
 -0.532  -0.531  -0.525  -0.521  -0.513  -0.506  -0.501  -0.501
 -0.499  -0.498  -0.497  -0.495  -0.489  -0.488  -0.485  -0.482
 -0.482  -0.481  -0.480  -0.478  -0.477  -0.477  -0.475  -0.462
 -0.458  -0.457  -0.456  -0.454  -0.452  -0.449  -0.441  -0.436
 -0.433  -0.431  -0.428  -0.427  -0.426  -0.425  -0.421  -0.412
 -0.411  -0.410  -0.406  -0.403  -0.398  -0.398  -0.396  -0.395
 -0.393  -0.392  -0.391  -0.388  -0.388  -0.384  -0.380  -0.378
 -0.371  -0.368  -0.361  -0.360  -0.356  -0.355  -0.352  -0.345
 -0.338  -0.334  -0.321  -0.312  -0.297  -0.292  -0.274  -0.274
 -0.273  -0.260  -0.253  -0.249  -0.247  -0.244
 -- Virtual --
 -0.096  -0.062  -0.033  -0.030  -0.002   0.008   0.018   0.025
  0.028   0.039   0.040   0.045   0.074   0.086   0.091   0.093
  0.120   0.124   0.145   0.149   0.151   0.153   0.159   0.161
  0.162   0.165   0.165   0.168   0.170   0.173   0.177   0.180
  0.183   0.188   0.191   0.193   0.195   0.198   0.199   0.202
  0.202   0.203   0.204   0.207   0.209   0.210   0.211   0.213
  0.215   0.216   0.218   0.221   0.223   0.224   0.225   0.226
  0.227   0.230   0.231   0.232   0.233   0.234   0.238   0.239
  0.240   0.245   0.247   0.251   0.252   0.254   0.256   0.259
  0.265   0.266   0.271   0.272   0.272   0.274   0.279   0.282
  0.287   0.288   0.290   0.295   0.298   0.301   0.304   0.309
  0.313   0.313   0.314   0.318   0.323   0.326   0.328   0.334
  0.335   0.337   0.343   0.348   0.354   0.356   0.360   0.368
  0.375   0.383   0.392   0.400   0.403   0.408   0.409   0.416
  0.419   0.422   0.423   0.431   0.438   0.443   0.450   0.456
  0.458   0.459   0.468   0.471   0.474   0.482   0.483   0.486
  0.491   0.498   0.501   0.501   0.502   0.505   0.507   0.514
  0.522   0.523   0.525   0.527   0.528   0.530   0.531   0.532
  0.537   0.539   0.541   0.543   0.545   0.547   0.548   0.550
  0.552   0.555   0.556   0.560   0.562   0.565   0.568   0.570
  0.572   0.573   0.576   0.578   0.582   0.586   0.587   0.588
  0.590   0.590   0.591   0.592   0.593   0.596   0.597   0.601
  0.605   0.606   0.609   0.613   0.615   0.616   0.620   0.621
  0.622   0.624   0.626   0.630   0.632   0.639   0.640   0.645
  0.646   0.653   0.654   0.655   0.658   0.659   0.661   0.662
  0.664   0.666   0.666   0.670   0.675   0.676   0.679   0.681
  0.687   0.688   0.702   0.703   0.706   0.707   0.712   0.715
  0.717   0.718   0.722   0.723   0.726   0.729   0.736   0.738
  0.740   0.744   0.748   0.753   0.753   0.758   0.759   0.768
  0.774   0.775   0.779   0.780   0.787   0.789   0.790   0.793
  0.795   0.802   0.806   0.808   0.819   0.826   0.833   0.837
  0.840   0.845   0.849   0.851   0.856   0.860   0.864   0.869
  0.882   0.883   0.891   0.902   0.905   0.906   0.912   0.912
  0.914   0.920   0.922   0.935   0.946   0.946   0.951   0.954
  0.955   0.962   0.963   0.966   0.968   0.971   0.982   0.984
  0.988   0.989   0.990   0.992   0.993   0.995   1.000   1.002
  1.003   1.005   1.007   1.008   1.012   1.013   1.021   1.028
  1.032   1.033   1.034   1.036   1.037   1.039   1.043   1.046
  1.048   1.052   1.053   1.055   1.058   1.062   1.064   1.067
  1.071   1.074   1.078   1.079   1.083   1.084   1.086   1.087
  1.090   1.093   1.100   1.101   1.102   1.107   1.109   1.124
  1.127   1.130   1.131   1.137   1.146   1.147   1.151   1.153
  1.157   1.159   1.162   1.168   1.171   1.174   1.181   1.182
  1.185   1.185   1.192   1.197   1.205   1.217   1.219   1.228
  1.230   1.237   1.245   1.253   1.259   1.267   1.271   1.272
  1.274   1.277   1.280   1.290   1.294   1.296   1.298   1.301
  1.302   1.304   1.308   1.313   1.317   1.327   1.330   1.333
  1.339   1.342   1.349   1.352   1.356   1.359   1.368   1.371
  1.373   1.376   1.378   1.380   1.386   1.388   1.401   1.409
  1.412   1.413   1.414   1.421   1.427   1.433   1.437   1.439
  1.441   1.443   1.446   1.451   1.456   1.458   1.465   1.478
  1.487   1.498   1.511   1.512   1.514   1.516   1.520   1.521
  1.521   1.525   1.529   1.529   1.533   1.534   1.536   1.545
  1.547   1.551   1.556   1.557   1.564   1.566   1.572   1.577
  1.583   1.589   1.590   1.591   1.594   1.599   1.607   1.611
  1.619   1.628   1.628   1.630   1.643   1.649   1.650   1.661
  1.667   1.669   1.687   1.699   1.709   1.717   1.736   1.749
  1.755   1.757   1.761   1.768   1.771   1.778   1.786   1.789
  1.792   1.797   1.803   1.808   1.809   1.812   1.813   1.815
  1.817   1.819   1.822   1.830   1.843   1.854   1.862   1.876
  1.887   1.893   1.900   1.901   1.908   1.921   1.922   1.926
  1.930   1.940   1.941   1.948   1.955   1.967   1.973   1.976
  1.979   1.984   1.987   1.987   1.994   1.999   2.001   2.002
  2.023   2.024   2.029   2.036   2.037   2.043   2.045   2.050
  2.056   2.057   2.062   2.068   2.070   2.075   2.084   2.086
  2.087   2.092   2.101   2.107   2.111   2.112   2.115   2.118
  2.125   2.131   2.135   2.140   2.145   2.151   2.159   2.160
  2.161   2.162   2.163   2.167   2.170   2.176   2.191   2.196
  2.200   2.205   2.206   2.222   2.228   2.235   2.236   2.241
  2.246   2.252   2.259   2.264   2.268   2.271   2.273   2.278
  2.279   2.284   2.290   2.296   2.309   2.317   2.318   2.325
  2.325   2.326   2.332   2.335   2.336   2.338   2.342   2.344
  2.347   2.353   2.354   2.358   2.360   2.362   2.368   2.369
  2.371   2.377   2.383   2.391   2.394   2.395   2.398   2.402
  2.411   2.419   2.423   2.431   2.435   2.437   2.440   2.442
  2.449   2.455   2.473   2.475   2.477   2.478   2.481   2.491
  2.496   2.498   2.503   2.517   2.521   2.523   2.526   2.534
  2.537   2.552   2.560   2.569   2.576   2.592   2.605   2.627
  2.628   2.635   2.642   2.644   2.647   2.649   2.656   2.668
  2.683   2.688   2.690   2.692   2.712   2.719   2.723   2.732
  2.733   2.737   2.737   2.757   2.759   2.763   2.766   2.772
  2.777   2.779   2.784   2.786   2.790   2.793   2.794   2.799
  2.804   2.806   2.810   2.819   2.822   2.825   2.845   2.848
  2.864   2.866   2.869   2.874   2.895   2.899   2.902   2.910
  2.921   2.931   2.939   2.948   2.956   2.985   2.993   3.008
  3.017   3.026   3.051   3.067   3.081   3.081   3.085   3.087
  3.100   3.115   3.117   3.241   3.261   3.271   3.317   3.318
  3.406   3.421   3.448   3.480   3.485   3.494   3.547   3.556
  3.649   3.677   9.598   9.751  13.144  13.180  13.402  13.478
 13.505  13.506  13.525  13.557  13.676  13.683  13.731  13.763
 13.769  13.774  13.775  13.791  13.795  13.805  13.857  13.878
 13.884  13.905  13.928  13.984  14.004  14.011  14.037  14.041
 14.042  14.049  14.050  14.053  14.141  14.163  14.165  14.193
 14.225  14.228  14.235  14.281  14.283  14.293  14.318  14.320
 14.341  14.349  14.492  14.518  14.539  14.566  14.567  14.576
 14.584  14.586  25.788  25.789
 
 Beta MOs
 -- Occupied --
-19.524 -19.524 -10.500 -10.500 -10.484 -10.484 -10.467 -10.467
-10.465 -10.464 -10.464 -10.464 -10.463 -10.462 -10.461 -10.461
-10.460 -10.460 -10.459 -10.459 -10.459 -10.459 -10.459 -10.459
-10.458 -10.457 -10.456 -10.456 -10.451 -10.450 -10.450 -10.449
-10.448 -10.448 -10.447 -10.447 -10.447 -10.444 -10.434 -10.433
-10.432 -10.431 -10.431 -10.431 -10.431 -10.431 -10.430 -10.430
-10.428 -10.428 -10.418 -10.417 -10.417 -10.416 -10.416 -10.414
 -6.943  -6.940  -1.180  -1.180  -1.012  -1.011  -0.958  -0.953
 -0.953  -0.950  -0.932  -0.930  -0.903  -0.895  -0.886  -0.885
 -0.865  -0.861  -0.857  -0.851  -0.848  -0.844  -0.819  -0.818
 -0.813  -0.811  -0.809  -0.799  -0.798  -0.794  -0.772  -0.770
 -0.735  -0.730  -0.725  -0.715  -0.709  -0.708  -0.700  -0.700
 -0.686  -0.680  -0.675  -0.664  -0.654  -0.645  -0.642  -0.636
 -0.628  -0.627  -0.597  -0.590  -0.588  -0.586  -0.582  -0.581
 -0.580  -0.573  -0.572  -0.560  -0.560  -0.540  -0.539  -0.534
 -0.532  -0.531  -0.525  -0.521  -0.513  -0.506  -0.501  -0.501
 -0.499  -0.498  -0.497  -0.495  -0.489  -0.488  -0.485  -0.482
 -0.482  -0.481  -0.480  -0.478  -0.477  -0.477  -0.475  -0.462
 -0.458  -0.457  -0.456  -0.454  -0.452  -0.449  -0.441  -0.436
 -0.433  -0.431  -0.428  -0.427  -0.426  -0.425  -0.421  -0.412
 -0.411  -0.410  -0.406  -0.403  -0.398  -0.398  -0.396  -0.395
 -0.393  -0.392  -0.391  -0.388  -0.388  -0.384  -0.380  -0.378
 -0.371  -0.368  -0.361  -0.360  -0.356  -0.355  -0.352  -0.345
 -0.338  -0.334  -0.321  -0.312  -0.297  -0.292  -0.274  -0.274
 -0.273  -0.260  -0.253  -0.249  -0.247  -0.244
 -- Virtual --
 -0.096  -0.062  -0.033  -0.030  -0.002   0.008   0.018   0.025
  0.028   0.039   0.040   0.045   0.074   0.086   0.091   0.093
  0.120   0.124   0.145   0.149   0.151   0.153   0.159   0.161
  0.162   0.165   0.165   0.168   0.170   0.173   0.177   0.180
  0.183   0.188   0.191   0.193   0.195   0.198   0.199   0.202
  0.202   0.203   0.204   0.207   0.209   0.210   0.211   0.213
  0.215   0.216   0.218   0.221   0.223   0.224   0.225   0.226
  0.227   0.230   0.231   0.232   0.233   0.234   0.238   0.239
  0.240   0.245   0.247   0.251   0.252   0.254   0.256   0.259
  0.265   0.266   0.271   0.272   0.272   0.274   0.279   0.282
  0.287   0.288   0.290   0.295   0.298   0.301   0.304   0.309
  0.313   0.313   0.314   0.318   0.323   0.326   0.328   0.334
  0.335   0.337   0.343   0.348   0.354   0.356   0.360   0.368
  0.375   0.383   0.392   0.400   0.403   0.408   0.409   0.416
  0.419   0.422   0.423   0.431   0.438   0.443   0.450   0.456
  0.458   0.459   0.468   0.471   0.474   0.482   0.483   0.486
  0.491   0.498   0.501   0.501   0.502   0.505   0.507   0.514
  0.522   0.523   0.525   0.527   0.528   0.530   0.531   0.532
  0.537   0.539   0.541   0.543   0.545   0.547   0.548   0.550
  0.552   0.555   0.556   0.560   0.562   0.565   0.568   0.570
  0.572   0.573   0.576   0.578   0.582   0.586   0.587   0.588
  0.590   0.590   0.591   0.592   0.593   0.596   0.597   0.601
  0.605   0.606   0.609   0.613   0.615   0.616   0.620   0.621
  0.622   0.624   0.626   0.630   0.632   0.639   0.640   0.645
  0.646   0.653   0.654   0.655   0.658   0.659   0.661   0.662
  0.664   0.666   0.666   0.670   0.675   0.676   0.679   0.681
  0.687   0.688   0.702   0.703   0.706   0.707   0.712   0.715
  0.717   0.718   0.722   0.723   0.726   0.729   0.736   0.738
  0.740   0.744   0.748   0.753   0.753   0.758   0.759   0.768
  0.774   0.775   0.779   0.780   0.787   0.789   0.790   0.793
  0.795   0.802   0.806   0.808   0.819   0.826   0.833   0.837
  0.840   0.845   0.849   0.851   0.856   0.860   0.864   0.869
  0.882   0.883   0.891   0.902   0.905   0.906   0.912   0.912
  0.914   0.920   0.922   0.935   0.946   0.946   0.951   0.954
  0.955   0.962   0.963   0.966   0.968   0.971   0.982   0.984
  0.988   0.989   0.990   0.992   0.993   0.995   1.000   1.002
  1.003   1.005   1.007   1.008   1.012   1.013   1.021   1.028
  1.032   1.033   1.034   1.036   1.037   1.039   1.043   1.046
  1.048   1.052   1.053   1.055   1.058   1.062   1.064   1.067
  1.071   1.074   1.078   1.079   1.083   1.084   1.086   1.087
  1.090   1.093   1.100   1.101   1.102   1.107   1.109   1.124
  1.127   1.130   1.131   1.137   1.146   1.147   1.151   1.153
  1.157   1.159   1.162   1.168   1.171   1.174   1.181   1.182
  1.185   1.185   1.192   1.197   1.205   1.217   1.219   1.228
  1.230   1.237   1.245   1.253   1.259   1.267   1.271   1.272
  1.274   1.277   1.280   1.290   1.294   1.296   1.298   1.301
  1.302   1.304   1.308   1.313   1.317   1.327   1.330   1.333
  1.339   1.342   1.349   1.352   1.356   1.359   1.368   1.371
  1.373   1.376   1.378   1.380   1.386   1.388   1.401   1.409
  1.412   1.413   1.414   1.421   1.427   1.433   1.437   1.439
  1.441   1.443   1.446   1.451   1.456   1.458   1.465   1.478
  1.487   1.498   1.511   1.512   1.514   1.516   1.520   1.521
  1.521   1.525   1.529   1.529   1.533   1.534   1.536   1.545
  1.547   1.551   1.556   1.557   1.564   1.566   1.572   1.577
  1.583   1.589   1.590   1.591   1.594   1.599   1.607   1.611
  1.619   1.628   1.628   1.630   1.643   1.649   1.650   1.661
  1.667   1.669   1.687   1.699   1.709   1.717   1.736   1.749
  1.755   1.757   1.761   1.768   1.771   1.778   1.786   1.789
  1.792   1.797   1.803   1.808   1.809   1.812   1.813   1.815
  1.817   1.819   1.822   1.830   1.843   1.854   1.862   1.876
  1.887   1.893   1.900   1.901   1.908   1.921   1.922   1.926
  1.930   1.940   1.941   1.948   1.955   1.967   1.973   1.976
  1.979   1.984   1.987   1.987   1.994   1.999   2.001   2.002
  2.023   2.024   2.029   2.036   2.037   2.043   2.045   2.050
  2.056   2.057   2.062   2.068   2.070   2.075   2.084   2.086
  2.087   2.092   2.101   2.107   2.111   2.112   2.115   2.118
  2.125   2.131   2.135   2.140   2.145   2.151   2.159   2.160
  2.161   2.162   2.163   2.167   2.170   2.176   2.191   2.196
  2.200   2.205   2.206   2.222   2.228   2.235   2.236   2.241
  2.246   2.252   2.259   2.264   2.268   2.271   2.273   2.278
  2.279   2.284   2.290   2.296   2.309   2.317   2.318   2.325
  2.325   2.326   2.332   2.335   2.336   2.338   2.342   2.344
  2.347   2.353   2.354   2.358   2.360   2.362   2.368   2.369
  2.371   2.377   2.383   2.391   2.394   2.395   2.398   2.402
  2.411   2.419   2.423   2.431   2.435   2.437   2.440   2.442
  2.449   2.455   2.473   2.475   2.477   2.478   2.481   2.491
  2.496   2.498   2.503   2.517   2.521   2.523   2.526   2.534
  2.537   2.552   2.560   2.569   2.576   2.592   2.605   2.627
  2.628   2.635   2.642   2.644   2.647   2.649   2.656   2.668
  2.683   2.688   2.690   2.692   2.712   2.719   2.723   2.732
  2.733   2.737   2.737   2.757   2.759   2.763   2.766   2.772
  2.777   2.779   2.784   2.786   2.790   2.793   2.794   2.799
  2.804   2.806   2.810   2.819   2.822   2.825   2.845   2.848
  2.864   2.866   2.869   2.874   2.895   2.899   2.902   2.910
  2.921   2.931   2.939   2.948   2.956   2.985   2.993   3.008
  3.017   3.026   3.051   3.067   3.081   3.081   3.085   3.087
  3.100   3.115   3.117   3.241   3.261   3.271   3.317   3.318
  3.406   3.421   3.448   3.480   3.485   3.494   3.547   3.556
  3.649   3.677   9.598   9.751  13.144  13.180  13.402  13.478
 13.505  13.506  13.525  13.557  13.676  13.683  13.731  13.763
 13.769  13.774  13.775  13.791  13.795  13.805  13.857  13.878
 13.884  13.905  13.928  13.984  14.004  14.011  14.037  14.041
 14.042  14.049  14.050  14.053  14.141  14.163  14.165  14.193
 14.225  14.228  14.235  14.281  14.283  14.293  14.318  14.320
 14.341  14.349  14.492  14.518  14.539  14.566  14.567  14.576
 14.584  14.586  25.788  25.789
 --------------------------------------------------------------
 
          Ground-State Mulliken Net Atomic Charges

     Atom                 Charge (a.u.)    Spin (a.u.)
  --------------------------------------------------------
      1 C                    -0.150672      -0.000000
      2 C                    -0.397611       0.000000
      3 H                     0.244732      -0.000000
      4 C                     0.096798      -0.000000
      5 C                     0.192395       0.000000
      6 C                    -0.392084       0.000000
      7 H                     0.237631       0.000000
      8 C                    -0.219157      -0.000000
      9 H                     0.241891      -0.000000
     10 C                    -0.344150      -0.000000
     11 H                     0.237089       0.000000
     12 C                    -0.064901       0.000000
     13 C                     0.236419      -0.000000
     14 C                     0.185176      -0.000000
     15 C                    -0.385650       0.000000
     16 H                     0.237706       0.000000
     17 C                    -0.220881      -0.000000
     18 H                     0.242109      -0.000000
     19 C                    -0.341886       0.000000
     20 H                     0.236813       0.000000
     21 C                     0.089797       0.000000
     22 C                    -0.394480       0.000000
     23 H                     0.241652       0.000000
     24 C                    -0.153498       0.000000
     25 B                     0.642309       0.000000
     26 B                     0.648602       0.000000
     27 C                    -0.155837       0.000000
     28 C                    -0.377192      -0.000000
     29 H                     0.245114       0.000000
     30 C                     0.062957       0.000000
     31 C                     0.200775       0.000000
     32 C                    -0.370290       0.000000
     33 H                     0.241125       0.000000
     34 C                    -0.219555      -0.000000
     35 H                     0.243778      -0.000000
     36 C                    -0.340367       0.000000
     37 H                     0.239739       0.000000
     38 C                    -0.088839       0.000000
     39 C                     0.236526      -0.000000
     40 C                     0.191547       0.000000
     41 C                    -0.363458      -0.000000
     42 H                     0.240965      -0.000000
     43 C                    -0.219833      -0.000000
     44 H                     0.244142       0.000000
     45 C                    -0.338658      -0.000000
     46 H                     0.239547      -0.000000
     47 C                     0.057781      -0.000000
     48 C                    -0.381016      -0.000000
     49 H                     0.243049      -0.000000
     50 C                    -0.148382      -0.000000
     51 C                    -0.225093       0.000000
     52 C                     0.080117       0.000000
     53 C                    -0.439421      -0.000000
     54 H                     0.237333      -0.000000
     55 C                     0.395164       0.000000
     56 O                    -0.462785      -0.000000
     57 C                    -0.392423      -0.000000
     58 H                     0.228872      -0.000000
     59 C                     0.075454      -0.000000
     60 C                    -0.418004       0.000000
     61 H                     0.246920       0.000000
     62 H                     0.211526       0.000000
     63 H                     0.212157       0.000000
     64 C                    -0.550714      -0.000000
     65 H                     0.255865       0.000000
     66 H                     0.231200      -0.000000
     67 C                    -0.553908      -0.000000
     68 H                     0.256612      -0.000000
     69 H                     0.235670      -0.000000
     70 C                    -0.652392       0.000000
     71 H                     0.243987      -0.000000
     72 H                     0.222979      -0.000000
     73 H                     0.216570      -0.000000
     74 C                    -0.653194      -0.000000
     75 H                     0.243024       0.000000
     76 H                     0.219049      -0.000000
     77 H                     0.221778      -0.000000
     78 C                    -0.226560       0.000000
     79 C                     0.069323      -0.000000
     80 C                    -0.434633      -0.000000
     81 H                     0.237481       0.000000
     82 C                     0.395171       0.000000
     83 O                    -0.463326      -0.000000
     84 C                    -0.386121      -0.000000
     85 H                     0.228656      -0.000000
     86 C                     0.073797       0.000000
     87 C                    -0.417870       0.000000
     88 H                     0.246956       0.000000
     89 H                     0.212391       0.000000
     90 H                     0.211801      -0.000000
     91 C                    -0.550788       0.000000
     92 H                     0.235583      -0.000000
     93 H                     0.253785      -0.000000
     94 C                    -0.553526       0.000000
     95 H                     0.259122      -0.000000
     96 H                     0.232936       0.000000
     97 C                    -0.651380       0.000000
     98 H                     0.239528      -0.000000
     99 H                     0.218930      -0.000000
    100 H                     0.222668      -0.000000
    101 C                    -0.648174      -0.000000
    102 H                     0.240097       0.000000
    103 H                     0.215576       0.000000
    104 H                     0.222463       0.000000
  --------------------------------------------------------
  Sum of atomic charges =    -0.000001
  Sum of spin   charges =    -0.000000

 -----------------------------------------------------------------
                    Cartesian Multipole Moments
 -----------------------------------------------------------------
    Charge (ESU x 10^10)
                -0.0000
    Dipole Moment (Debye)
         X       0.6552      Y      -0.0647      Z      -1.0917
       Tot       1.2748
    Quadrupole Moments (Debye-Ang)
        XX    -282.7908     XY      18.0981     YY    -337.3730
        XZ      -4.7648     YZ      10.9194     ZZ    -276.3984
    Octopole Moments (Debye-Ang^2)
       XXX      48.0263    XXY     117.4234    XYY     -31.8278
       YYY     380.2961    XXZ     408.8208    XYZ     -36.1015
       YYZ     486.5938    XZZ       7.9190    YZZ      67.7618
       ZZZ    1189.0504
    Hexadecapole Moments (Debye-Ang^3)
      XXXX  -22329.5254   XXXY     788.1067   XXYY   -4993.1993
      XYYY     -52.4606   YYYY   -4034.2377   XXXZ    1812.3529
      XXYZ     380.9268   XYYZ    1130.7325   YYYZ    -573.8907
      XXZZ   -8246.8488   XYZZ     319.4640   YYZZ   -6938.1384
      XZZZ     862.0105   YZZZ    -251.7569   ZZZZ  -28966.7097
 -----------------------------------------------------------------
 Plotting density
 This is DoMesh and IType =            2
Created directory /scratch/mewes1/138734/singlet.out.plots/plots
Archival summary:
1\1\ctcp012\SP\ProcedureUnspecified\BasisUnspecified\254246\mewes1\MonOct2912:18:392018MonOct2912:18:392018\0\\#,ProcedureUnspecified,BasisUnspecified,\\0,1\C\C,1,1.40757\H,2,1.08432,1,119.42\C,2,1.37558,1,120.35,3,179.873,0\C,4,1.42235,2,119.748,1,0.0762629,0\C,5,1.37627,4,120.713,2,0.107505,0\H,6,1.08476,5,120.214,4,179.631,0\C,6,1.40496,5,120.289,4,-0.290081,0\C,5,1.45992,4,108.128,2,179.961,0\C,9,1.37074,5,134.811,4,179.968,0\H,10,1.08321,9,121.91,5,-0.0560503,0\C,9,1.40808,5,106.273,4,-0.0103069,0\C,12,1.39079,9,123.9,5,-179.943,0\C,12,1.40861,9,111.512,5,0.0138894,0\C,14,1.37001,12,118.351,9,-179.948,0\H,15,1.08282,14,121.91,12,179.946,0\C,10,1.41446,9,118.392,5,179.961,0\H,17,1.0824,10,118.548,9,-179.989,0\C,17,1.3761,10,122.375,9,0.0169196,0\H,19,1.08316,17,119.749,10,-179.995,0\C,15,1.41591,14,118.444,12,-0.0244842,0\H,21,1.0822,15,118.388,14,179.988,0\C,21,1.37603,15,122.657,14,0.0151852,0\H,23,1.08313,21,119.86,15,179.995,0\B,1,1.54464,2,119.298,3,0.207738,0\C,25,1.53845,1,119.038,2,-178.697,0\C,26,1.39143,25,119.827,1,179.74,0\H,27,1.08402,26,119.552,25,0.100138,0\C,27,1.3816,26,120.466,25,179.9,0\C,29,1.42522,27,132.955,26,-179.896,0\C,30,1.38863,29,135.454,27,-0.110561,0\H,31,1.08199,30,121.629,29,-0.170887,0\C,31,1.40202,30,118.217,29,179.672,0\H,33,1.08224,31,118.537,30,-179.961,0\C,33,1.38606,31,122.879,30,-0.0496726,0\H,35,1.08288,33,119.704,31,-179.919,0\C,35,1.4152,33,120.376,31,-0.0119485,0\C,37,1.39412,35,115.902,33,0.075887,0\C,37,1.41709,35,127.943,33,-179.755,0\H,39,1.08293,37,119.879,35,-0.153559,0\C,39,1.38781,37,120.564,35,179.811,0\H,41,1.08243,39,118.64,37,179.976,0\C,41,1.39913,39,122.7,37,-0.0470336,0\H,43,1.08228,41,120.206,39,-179.963,0\C,43,1.39318,41,118.204,39,0.029162,0\C,45,1.41514,43,134.877,41,-179.616,0\C,46,1.39066,45,132.234,43,0.405269,0\H,47,1.08474,46,119.763,45,0.00938881,0\C,47,1.38393,46,120.411,45,179.641,0\B,49,1.5404,47,120.539,46,-179.283,0\C,25,1.57245,1,121.297,2,2.43729,0\C,51,1.39799,25,121.233,1,-100.701,0\C,52,1.39458,51,120.756,25,-179.657,0\H,53,1.08332,52,118.572,51,-179.673,0\C,53,1.38869,52,120.216,51,0.238175,0\O,55,1.35005,53,124.47,52,179.9,0\C,55,1.39213,53,119.354,52,-0.0761224,0\H,57,1.0846,55,119.022,53,179.809,0\C,57,1.38527,55,120.815,53,-0.144686,0\C,56,1.40555,55,118.386,53,0.399343,0\H,60,1.08791,56,106.624,55,179.883,0\H,60,1.09443,56,112.243,55,61.1676,0\H,60,1.09446,56,112.233,55,-61.3993,0\C,52,1.50778,51,120.769,25,3.08368,0\H,64,1.09308,52,110.347,51,-35.4559,0\H,64,1.09311,52,109.625,51,-151.678,0\C,59,1.50878,57,118.562,55,177.724,0\H,67,1.09276,59,110.443,57,148.123,0\H,67,1.09281,59,109.417,57,31.952,0\C,64,1.52732,52,112.442,51,86.5389,0\H,70,1.09016,64,111.293,52,-61.4179,0\H,70,1.0906,64,111.105,52,58.597,0\H,70,1.09069,64,110.963,52,178.763,0\C,67,1.52786,59,112.597,57,-89.5444,0\H,74,1.09019,67,111.404,59,-61.4509,0\H,74,1.0906,67,111.126,59,58.6041,0\H,74,1.09086,67,110.938,59,178.674,0\C,50,1.57818,49,120.113,47,2.13263,0\C,78,1.39851,50,120.459,49,81.5989,0\C,79,1.39451,78,121.034,50,-179.628,0\H,80,1.08362,79,118.435,78,-179.799,0\C,80,1.38713,79,120.36,78,-0.126616,0\O,82,1.35019,80,124.564,79,-179.872,0\C,82,1.39163,80,119.118,79,0.0841425,0\H,84,1.08467,82,118.997,80,179.871,0\C,84,1.38566,82,120.846,80,0.00540215,0\C,83,1.40636,82,118.47,80,0.615636,0\H,87,1.08793,83,106.62,82,179.687,0\H,87,1.09443,83,112.28,82,-61.607,0\H,87,1.09444,83,112.234,82,60.9655,0\C,86,1.50668,84,118.162,82,177.03,0\H,91,1.09282,86,110.522,84,152.475,0\H,91,1.09293,86,109.513,84,36.0838,0\C,79,1.50823,78,121.371,50,3.44555,0\H,94,1.09247,79,110.506,78,-27.7105,0\H,94,1.09343,79,109.59,78,-144.051,0\C,94,1.52718,79,112.042,78,94.3861,0\H,97,1.09036,94,111.055,79,-60.474,0\H,97,1.09068,94,111.092,79,179.537,0\H,97,1.09079,94,111.136,79,59.361,0\C,91,1.52736,86,112.003,84,-85.225,0\H,101,1.09024,91,111.191,86,-61.359,0\H,101,1.09062,91,111.087,86,178.681,0\H,101,1.09065,91,111.025,86,58.5069,0\\\@

 Total job time:  1614.96s(wall), 5964.67s(cpu) 
 Mon Oct 29 12:18:39 2018

        *************************************************************
        *                                                           *
        *  Thank you very much for using Q-Chem.  Have a nice day.  *
        *                                                           *
        *************************************************************


0 sent ACK to 0 
now end server 0 ... 
