mFile = /cm/shared/apps/q-chem/intel/QCHEM_5.0.1_Trunk/bin/mpi/machines
Process 0 of 1 is on ctcp009 - thread support 0
initial socket setup ...start
initial socket setup ...done 
now start server 0 ... 
ctcp009.cm.cluster 10.141.0
Q-Chem Developer Version! Running on 10.141.0.*
                  Welcome to Q-Chem
     A Quantum Leap Into The Future Of Chemistry


 Q-Chem 5.0, Q-Chem, Inc., Pleasanton, CA (2017)

 Yihan Shao,  Zhengting Gan,  E. Epifanovsky,  A. T. B. Gilbert,  M. Wormit,  
 J. Kussmann,  A. W. Lange,  A. Behn,  Jia Deng,  Xintian Feng,  D. Ghosh,  
 M. Goldey,  P. R. Horn,  L. D. Jacobson,  I. Kaliman,  T. Kus,  A. Landau,  
 Jie Liu,  E. I. Proynov,  R. M. Richard,  R. P. Steele,  E. J. Sundstrom,  
 H. L. Woodcock III,  P. M. Zimmerman,  D. Zuev,  B. Albrecht,  E. Alguire,  
 S. A. Baeppler,  Z. Benda,  Y. A. Bernard,  E. J. Berquist,  K. B. Bravaya,  
 D. Casanova,  Chun-Min Chang,  Yunqing Chen,  A. Chien,  K. D. Closser,  
 M. P. Coons,  S. Dasgupta,  M. Diedenhofen,  Hainam Do,  R. G. Edgar,  
 Po-Tung Fang,  S. Fatehi,  Qingguo Feng,  Qinghui Ge,  A. Ghysels,  
 J. Gomes,  J. Gonthier,  A. Gunina,  M. W. D. Hanson-Heine,  
 P. H. P. Harbach,  A. W. Hauser,  J. E. Herr,  E. G. Hohenstein,  
 Z. C. Holden,  Kerwin Hui,  T.-C. Jagau,  Hyunjun Ji,  B. Kaduk,  
 K. Khistyaev,  Jaehoon Kim,  P. Klunzinger,  K. Koh,  D. Kosenkov,  
 T. Kowalczyk,  C. M. Krauter,  A. Kunitsa,  Ka Un Lao,  A. Laurent,  
 K. V. Lawler,  Joonho Lee,  D. Lefrancois,  S. Lehtola,  D. S. Levine,  
 Yi-Pei Li,  You-Sheng Lin,  Fenglai Liu,  E. Livshits,  A. Luenser,  
 P. Manohar,  E. Mansoor,  S. F. Manzer,  Shan-Ping Mao,  Yuezhi Mao,  
 N. Mardirossian,  A. V. Marenich,  L. A. Martinez-Martinez,  S. A. Maurer,  
 N. J. Mayhall,  S. C. McKenzie,  J.-M. Mewes,  A. F. Morrison,  K. Nanda,  
 T. S. Nguyen-Beck,  R. Olivares-Amaya,  J. A. Parkhill,  T. M. Perrine,  
 F. Plasser,  S. Prager,  A. Prociuk,  D. R. Rehn,  F. Rob,  M. Schneider,  
 N. Sergueev,  S. M. Sharada,  S. Sharma,  D. W. Small,  T. Stauch,  
 T. Stein,  Yu-Chuan Su,  A. J. W. Thom,  T. Tsuchimochi,  L. Vogt,  
 O. Vydrov,  M. A. Watson,  J. Wenzel,  M. de Wergifosse,  T. A. Wesolowski,  
 A. White,  J. Witte,  A. Yamada,  Jun Yang,  K. Yao,  S. Yeganeh,  
 S. R. Yost,  Zhi-Qiang You,  A. Zech,  Igor Ying Zhang,  Xing Zhang,  
 Yan Zhao,  Ying Zhu,  B. R. Brooks,  G. K. L. Chan,  C. J. Cramer,  
 M. S. Gordon,  W. J. Hehre,  A. Klamt,  M. W. Schmidt,  C. D. Sherrill,  
 D. G. Truhlar,  A. Aspuru-Guzik,  R. Baer,  A. T. Bell,  N. A. Besley,  
 Jeng-Da Chai,  A. Dreuw,  B. D. Dunietz,  T. R. Furlani,  Chao-Ping Hsu,  
 Yousung Jung,  Jing Kong,  D. S. Lambrecht,  WanZhen Liang,  C. Ochsenfeld,  
 V. A. Rassolov,  L. V. Slipchenko,  J. E. Subotnik,  T. Van Voorhis,  
 J. M. Herbert,  A. I. Krylov,  P. M. W. Gill,  M. Head-Gordon

 Contributors to earlier versions of Q-Chem not listed above: 
 R. D. Adamson,  B. Austin,  J. Baker,  G. J. O. Beran,  K. Brandhorst,  
 S. T. Brown,  E. F. C. Byrd,  A. K. Chakraborty,  C.-L. Cheng,  
 Siu Hung Chien,  D. M. Chipman,  D. L. Crittenden,  H. Dachsel,  
 R. A. DiStasio Jr.,  R. J. Doerksen,  A. D. Dutoi,  L. Fusti-Molnar,  
 W. A. Goddard III,  A. Golubeva-Zadorozhnaya,  S. R. Gwaltney,  G. Hawkins,  
 A. Heyden,  S. Hirata,  G. Kedziora,  F. J. Keil,  C. Kelley,  Jihan Kim,  
 R. A. King,  R. Z. Khaliullin,  P. P. Korambath,  W. Kurlancheek,  
 A. M. Lee,  M. S. Lee,  S. V. Levchenko,  Ching Yeh Lin,  D. Liotard,  
 R. C. Lochan,  I. Lotan,  P. E. Maslen,  N. Nair,  D. P. O'Neill,  
 D. Neuhauser,  E. Neuscamman,  C. M. Oana,  R. Olson,  B. Peters,  
 R. Peverati,  P. A. Pieniazek,  Y. M. Rhee,  J. Ritchie,  M. A. Rohrdanz,  
 E. Rosta,  N. J. Russ,  H. F. Schaefer III,  N. E. Schultz,  N. Shenvi,  
 A. C. Simmonett,  A. Sodt,  D. Stuck,  K. S. Thanthiriwatte,  V. Vanovschi,  
 Tao Wang,  A. Warshel,  C. F. Williams,  Q. Wu,  X. Xu,  W. Zhang

 Please cite Q-Chem as follows:
 Y. Shao et al., Mol. Phys. 113, 184-215 (2015)
 DOI: 10.1080/00268976.2014.952696

 Q-Chem 5.0.1 for Intel X86 EM64T Linux

 Parts of Q-Chem use Armadillo 5.200.1 (Boston Tea Smuggler).
 http://arma.sourceforge.net/

 Q-Chem begins on Tue Oct 16 22:46:35 2018  

Host: ctcp009
0

     Scratch files written to /scratch/mewes/137340/qchem62507//
 Parallel job on  1  processors
The previous job contains 0 fragments, simply inherited here

Checking the input file for inconsistencies... 	...done.

--------------------------------------------------------------
User input:
--------------------------------------------------------------
$rem
threads 8
jobtype	sp
method PBEh-3c
basis def2-mSVP
mem_static	1024
mem_total	14000
sym_ignore	true
cis_n_roots             6
cis_singlets            true
cis_triplets		true
rpa                     false
calc_soc 		true
cis_moments             true
cis_relaxed_density	true
$end


$molecule
read gsopt.mol
$end

--------------------------------------------------------------
 Adding empirical dispersion correction 
 ----------------------------------------------------------------
 Doing -D3(BJ) with
 s6 =   1.00000
 s8 =   0.00000
 a1 =   0.48600
 a2 =   4.50000
 -D3 energy including 3body term =     -0.0837298698 hartrees
 ----------------------------------------------------------------
 Adding gCP correction 
 ----------------------------------------------------------------
 gCP energy =      0.1316833039 hartrees
 ----------------------------------------------------------------
             Standard Nuclear Orientation (Angstroms)
    I     Atom           X                Y                Z
 ----------------------------------------------------------------
    1      C       0.0000000000     0.0000000000     0.0000000000
    2      C       0.0000000000     0.0000000000     1.3970920000
    3      H       0.9433709246     0.0000000000     1.9325653342
    4      C      -1.1981251426     0.0395229771     2.0849095805
    5      C      -2.4226306496     0.0531470899     1.3811803287
    6      C      -2.4312628164     0.0645579141    -0.0009706144
    7      H      -3.3687772008     0.1244804561    -0.5428543733
    8      C      -1.2245748378     0.0500427236    -0.7051824898
    9      C      -3.5078517806     0.1505703623     2.3595108367
   10      C      -4.8727938557     0.2449176319     2.2937367298
   11      H      -5.4026711956     0.2254453929     1.3497759379
   12      C      -2.8926425366     0.2072508379     3.6232956289
   13      C      -3.5785667507     0.3715626871     4.8221788756
   14      C      -1.4909094157     0.1497721242     3.5157267572
   15      C      -0.7425703494     0.2616920842     4.6582682961
   16      H       0.3399797589     0.2430727580     4.6381562063
   17      C      -5.6007056390     0.3896720080     3.4986024678
   18      H      -6.6788844983     0.4654444494     3.4449899672
   19      C      -4.9882276473     0.4540077496     4.7277008903
   20      H      -5.5849839563     0.5817348218     5.6226859546
   21      C      -1.4127103466     0.4220986359     5.8943598038
   22      H      -0.8200248533     0.5140177426     6.7952569150
   23      C      -2.7832081789     0.4751592698     5.9885780081
   24      H      -3.2527634138     0.6098405387     6.9554345466
   25      B       1.3454717354     0.0279796007    -0.7760263189
   26      B      -1.2274918054     0.2088446059    -2.2519643460
   27      C       0.1130404394     0.1495114022    -3.0390770850
   28      C       0.1209245427     0.2761855340    -4.4308891871
   29      H      -0.8200643762     0.3652314160    -4.9628404855
   30      C       1.3234859187     0.3425676327    -5.1128515835
   31      C       2.5422877475     0.2927807108    -4.4015789225
   32      C       2.5450843655     0.1465669057    -3.0268564460
   33      H       3.4796176518     0.1301191490    -2.4764287734
   34      C       1.3367354031     0.0746679798    -2.3314383427
   35      C       3.6334620489     0.5308459523    -5.3435581384
   36      C       4.9892317088     0.6887496463    -5.2324349855
   37      H       5.5012129659     0.5872948823    -4.2834566239
   38      C       3.0333575005     0.7030273219    -6.6039681965
   39      C       3.7305320891     1.0346526280    -7.7597987945
   40      C       1.6326785015     0.5880670822    -6.5233346126
   41      C       0.8970546273     0.7855249084    -7.6614324568
   42      H      -0.1842363320     0.7285924319    -7.6606754855
   43      C       5.7274640999     1.0136403459    -6.3945322638
   44      H       6.7984158162     1.1428754208    -6.3078159382
   45      C       5.1315879678     1.1840415872    -7.6219752578
   46      H       5.7357299226     1.4465147923    -8.4817665630
   47      C       1.5799119187     1.0944280227    -8.8621388035
   48      H       0.9972591873     1.2522840615    -9.7602445576
   49      C       2.9475566640     1.2233730876    -8.9239087837
   50      H       3.4231371428     1.4822564617    -9.8619026009
   51      C      -2.5728581492     0.5450579313    -2.9849797973
   52      C      -3.3678187502    -0.4549937685    -3.5413501445
   53      C      -4.5660813284    -0.1377545762    -4.1796208074
   54      H      -5.1591556223    -0.9389744822    -4.6015712612
   55      C      -4.9776058773     1.1853326017    -4.2680054546
   56      O      -6.1143395627     1.5945828437    -4.8705287923
   57      C      -4.1896785383     2.1877855871    -3.7092983760
   58      H      -4.5218974524     3.2166491458    -3.7836931418
   59      C      -3.0015595573     1.8793467096    -3.0705777302
   60      C      -6.9473416306     0.6314045534    -5.4556913298
   61      H      -7.7925144335     1.1682646293    -5.8817499050
   62      H      -6.4464701498     0.0802570427    -6.2583684961
   63      H      -7.3279896530    -0.0899388910    -4.7249536922
   64      C      -2.9281650631    -1.8894095258    -3.4450775772
   65      H      -3.6425355219    -2.5684456258    -3.9097727018
   66      H      -1.9633250159    -2.0446173339    -3.9330194738
   67      H      -2.8117774438    -2.1998800591    -2.4041990383
   68      C      -2.1747587157     2.9764975062    -2.4584105223
   69      H      -2.5867834533     3.9612759903    -2.6764622218
   70      H      -1.1473091241     2.9618083507    -2.8288578115
   71      H      -2.1242096564     2.8749933654    -1.3719942508
   72      C       2.7028708746     0.0665656048     0.0114957983
   73      C       3.2737928651     1.2855181387     0.3799101172
   74      C       4.4792274769     1.3195426873     1.0781903294
   75      H       4.8957808312     2.2825555105     1.3453542018
   76      C       5.1245138321     0.1376668551     1.4171044808
   77      O       6.2947935590     0.0746774829     2.0873437723
   78      C       4.5563007496    -1.0810674214     1.0572299022
   79      H       5.0672624832    -1.9977576420     1.3263071087
   80      C       3.3598172690    -1.1210426816     0.3617385108
   81      C       6.9274019868     1.2735821132     2.4445407072
   82      H       7.8489713262     0.9997174145     2.9541357416
   83      H       6.3213107822     1.8784756432     3.1272060294
   84      H       7.1819035408     1.8861575496     1.5731657068
   85      C       2.7515173206    -2.4406815578    -0.0213867654
   86      H       3.3831862916    -3.2796878929     0.2678480499
   87      H       2.5910213313    -2.5053192365    -1.0998940341
   88      H       1.7785447372    -2.5808001158     0.4551093677
   89      C       2.5852146944     2.5759785994     0.0286351277
   90      H       3.1627111445     3.4440272994     0.3460865496
   91      H       2.4269833359     2.6661888068    -1.0482411182
   92      H       1.6035994476     2.6460256826     0.5028366071
 ----------------------------------------------------------------
 Nuclear Repulsion Energy =  6520.9038650019 hartrees
 There are      182 alpha and      182 beta electrons
 Requested basis set is def2-mSVP
 There are 454 shells and 886 basis functions

 Total QAlloc Memory Limit  14000 MB
 Mega-Array Size      1001 MB
 MEM_STATIC part      1024 MB
 A cutoff of  1.0D-11 yielded  37342 shell pairs
 There are    148734 function pairs (    164105 Cartesian)
 
 -------------------------------------------------------
 OpenMP Integral Computing Module                       
 Release: version 1.0, May 2013, Q-Chem Inc. Pittsburgh 
 -------------------------------------------------------
 Integral Job Info:
 Integral job number is                      11
 Integral operator is                         1
 short-range coefficients                     0
 long-range coefficients              100000000
 Omega coefficients                           0
 if combine SR and LR in K                    0
 Integral screening is                        0
 Integral computing path is                   2
 max size of driver memory is            800000
 size of driver memory is                593474
 size of scratch memory is              1809772
 max col of scratch BK array               1296
 max len of scratch array in speh3          155
 max len of scratch index in speh4           18
 max int batch size is                      520
 min int batch size is                       52
 fixed nKL is                                52
 max L of basis functions is                  2
 order of int derivative is                   0
 number of shells is                        454
 number of basis is                         940
 number of cartesian basis is               940
 number of contracted shell pairs         37342
 number of primitive shell pairs          78615
 maxK2 (contraction) of shell pair           25
 max number of K2 of shell pair               1
 max number of CS2 of shell pair           8937
 max number of PS2 of shell pair          14050
 mem total for path MDJ                  391864
 -------------------------------------------------------
 Smallest overlap matrix eigenvalue = 1.99E-04

 Scale SEOQF with 1.000000e-02/1.000000e-01/1.000000e-02

 Standard Electronic Orientation quadrupole field applied
 Nucleus-field energy     =    -0.0000000198 hartrees
 Guess from superposition of atomic densities
 Warning:  Energy on first SCF cycle will be non-variational
 A restricted hybrid HF-DFT SCF calculation will be
 performed using Pulay DIIS extrapolation
 Exchange:     0.4200 Hartree-Fock + 0.5800 PBEh-3c
 Correlation:  1.0000 PBEh-3c
 Using SG-1 standard quadrature grid
 Dispersion:   Grimme D3
 SCF converges when DIIS error is below 1.0E-08
 using 8 threads for integral computing
 -------------------------------------------------------
 OpenMP Integral computing Module                
 Release: version 1.0, May 2013, Q-Chem Inc. Pittsburgh 
 -------------------------------------------------------
 ---------------------------------------
  Cycle       Energy         DIIS Error
 ---------------------------------------
    1   -2142.0805623097      2.83E-02
    2   -2123.3638288167      1.97E-03
    3   -2123.5320792258      1.57E-03
    4   -2123.7595247133      5.82E-04
    5   -2123.7936639201      2.10E-04
    6   -2123.7980821388      6.89E-05
    7   -2123.7985339521      1.94E-05
    8   -2123.7985718104      5.81E-06
    9   -2123.7985753817      1.34E-06
   10   -2123.7985756212      7.51E-07
   11   -2123.7985757154      2.05E-07
   12   -2123.7985757287      7.91E-08
   13   -2123.7985757271      2.60E-08
   14   -2123.7985757206      1.06E-08
   15   -2123.7985757450      6.20E-09 Convergence criterion met
 ---------------------------------------
 SCF time:  CPU 3776.21 s  wall 814.78 s
 SCF   energy in the final basis set = -2123.79857575
 Total energy in the final basis set = -2123.79857575
 
 Direct TDDFT/TDA calculation will be performed
 Exchange:     0.4200 Hartree-Fock + 0.5800 PBEh-3c
 Correlation:  1.0000 PBEh-3c
 Using SG-1 standard quadrature grid
 Dispersion:   Grimme D3
 Triplet excitation energies requested
 Singlet excitation energies requested
 CIS energy converged when residual is below 10e- 6
 ---------------------------------------------------
 Iter    Rts Conv    Rts Left    Ttl Dev     Max Dev
 ---------------------------------------------------
   1         0           6      0.000350    0.000084
   2         0           6      0.000146    0.000043
   3         0           6      0.000073    0.000021
   4         0           6      0.000102    0.000075
   5         1           5      0.000082    0.000053
   6         3           3      0.000029    0.000022
   7         5           1      0.000011    0.000008
   8         5           1      0.000005    0.000002
   9         5           1      0.000004    0.000001
  10         6           0      0.000003    0.000001    Roots Converged
 ---------------------------------------------------
 Triplets done: starting singlet calculation
 ---------------------------------------------------
 Iter    Rts Conv    Rts Left    Ttl Dev     Max Dev
 ---------------------------------------------------
  11         0           6      0.000632    0.000194
  12         0           6      0.000200    0.000052
  13         0           6      0.000121    0.000043
  14         0           6      0.000044    0.000020
  15         0           6      0.000022    0.000010
  16         4           2      0.000010    0.000005
  17         5           1      0.000005    0.000001
  18         6           0      0.000005    0.000001    Roots Converged
 ---------------------------------------------------
 
 ---------------------------------------------------
         TDDFT/TDA Excitation Energies              
 ---------------------------------------------------

 Excited state   1: excitation energy (eV) =    2.3546
 Total energy for state  1:                 -2123.71204601 au
    Multiplicity: Triplet
    Trans. Mom.:  0.0000 X   0.0000 Y   0.0000 Z
    Strength   :     0.0000000000
    D(175) --> V(  2) amplitude =  0.2817
    D(179) --> V(  1) amplitude =  0.8588
    D(180) --> V(  1) amplitude = -0.2758

 Excited state   2: excitation energy (eV) =    2.5100
 Total energy for state  2:                 -2123.70633444 au
    Multiplicity: Triplet
    Trans. Mom.:  0.0000 X   0.0000 Y   0.0000 Z
    Strength   :     0.0000000000
    D(178) --> V(  2) amplitude = -0.5109
    D(179) --> V(  1) amplitude =  0.2500
    D(180) --> V(  1) amplitude =  0.7078
    D(180) --> V(  4) amplitude = -0.2137

 Excited state   3: excitation energy (eV) =    2.5580
 Total energy for state  3:                 -2123.70456986 au
    Multiplicity: Triplet
    Trans. Mom.:  0.0000 X   0.0000 Y   0.0000 Z
    Strength   :     0.0000000000
    D(178) --> V(  1) amplitude =  0.7104
    D(178) --> V(  4) amplitude = -0.2507
    D(180) --> V(  2) amplitude = -0.5438

 Excited state   4: excitation energy (eV) =    2.7707
 Total energy for state  4:                 -2123.69675389 au
    Multiplicity: Triplet
    Trans. Mom.:  0.0000 X   0.0000 Y   0.0000 Z
    Strength   :     0.0000000000
    D(175) --> V(  1) amplitude =  0.6995
    D(179) --> V(  2) amplitude =  0.5536

 Excited state   5: excitation energy (eV) =    2.8615
 Total energy for state  5:                 -2123.69341724 au
    Multiplicity: Triplet
    Trans. Mom.:  0.0000 X   0.0000 Y   0.0000 Z
    Strength   :     0.0000000000
    D(182) --> V(  1) amplitude =  0.9263

 Excited state   6: excitation energy (eV) =    2.9237
 Total energy for state  6:                 -2123.69113093 au
    Multiplicity: Singlet
    Trans. Mom.: -0.2021 X  -0.0017 Y   0.1822 Z
    Strength   :     0.0053040180
    D(182) --> V(  1) amplitude =  0.9592

 Excited state   7: excitation energy (eV) =    3.0056
 Total energy for state  7:                 -2123.68812225 au
    Multiplicity: Triplet
    Trans. Mom.:  0.0000 X   0.0000 Y   0.0000 Z
    Strength   :     0.0000000000
    D(181) --> V(  1) amplitude =  0.9495

 Excited state   8: excitation energy (eV) =    3.0243
 Total energy for state  8:                 -2123.68743590 au
    Multiplicity: Singlet
    Trans. Mom.: -0.1584 X  -0.0016 Y   0.1374 Z
    Strength   :     0.0032592173
    D(179) --> V(  1) amplitude = -0.5201
    D(181) --> V(  1) amplitude =  0.8038

 Excited state   9: excitation energy (eV) =    3.0488
 Total energy for state  9:                 -2123.68653311 au
    Multiplicity: Singlet
    Trans. Mom.: -0.0908 X  -0.0074 Y   0.0617 Z
    Strength   :     0.0009042785
    D(179) --> V(  1) amplitude =  0.7570
    D(180) --> V(  1) amplitude = -0.2662
    D(181) --> V(  1) amplitude =  0.5349

 Excited state  10: excitation energy (eV) =    3.3404
 Total energy for state 10:                 -2123.67581993 au
    Multiplicity: Singlet
    Trans. Mom.: -1.7136 X  -0.1579 Y   2.9599 Z
    Strength   :     0.9593565396
    D(179) --> V(  1) amplitude =  0.2820
    D(180) --> V(  1) amplitude =  0.8947

 Excited state  11: excitation energy (eV) =    3.6273
 Total energy for state 11:                 -2123.66527665 au
    Multiplicity: Singlet
    Trans. Mom.: -0.0394 X  -0.1900 Y  -0.0110 Z
    Strength   :     0.0033581315
    D(178) --> V(  1) amplitude =  0.9231

 Excited state  12: excitation energy (eV) =    3.8521
 Total energy for state 12:                 -2123.65701389 au
    Multiplicity: Singlet
    Trans. Mom.:  0.0084 X  -0.0101 Y  -0.0418 Z
    Strength   :     0.0001812504
    D(177) --> V(  1) amplitude =  0.9838
 
 ---------------------------------------------------
 Calculating Relaxed Density
 ---------------------------------------------------
 Iter    Rts Conv    Rts Left    Ttl Dev     Max Dev
 ---------------------------------------------------
   1         0           6      0.000343    0.000096
   2         0           6      0.000143    0.000038
   3         0           6      0.000032    0.000009
   4         0           6      0.000010    0.000003
   5         6           0      0.000000    0.000000    Roots Converged
 ---------------------------------------------------
 Triplets done- using as guess for singlets
 ---------------------------------------------------
 Iter    Rts Conv    Rts Left    Ttl Dev     Max Dev
 ---------------------------------------------------
   1         0           6      0.000535    0.000130
   2         0           6      0.000192    0.000050
   3         0           6      0.000050    0.000016
   4         0           6      0.000017    0.000005
   5         5           1      0.000002    0.000002
   6         6           0      0.000000    0.000000    Roots Converged
 ---------------------------------------------------
  SETman timing summary (seconds)
  CPU time             24030.40s
  System time              0.04s
  Wall time             3630.86s



*********SPIN-ORBIT COUPLING JOB BEGINS HERE*********


=======================================================================================
    SPIN-ORBIT COUPLING BETWEEN THE SINGLET GROUND STATE AND EXCITED TRIPLET STATE
=======================================================================================

SOC between the singlet ground state and excited triplet states (ms=0):
T1(ms=0)      0.000000  +  0.222907i    cm-1
T2(ms=0)      0.000000  +  0.204622i    cm-1
T3(ms=0)      0.000000  +  0.026077i    cm-1
T4(ms=0)      0.000000  +  0.672953i    cm-1
T5(ms=0)      0.000000  +  4.393382i    cm-1
T6(ms=0)      0.000000  +  0.033436i    cm-1
SOC between the singlet ground state and excited triplet states (ms=1):
T1(ms=1)      -0.040872  + (0.200766i)    cm-1
T2(ms=1)      -0.013856  + (0.217181i)    cm-1
T3(ms=1)      -0.027642  + (0.107561i)    cm-1
T4(ms=1)      -0.007163  + (0.495685i)    cm-1
T5(ms=1)      0.187621  + (5.756009i)    cm-1
T6(ms=1)      -0.400618  + (-0.083588i)    cm-1
SOC between the singlet ground state and excited triplet states (ms=-1):
T1(ms=-1)     -0.040872  - (0.200766i)    cm-1
T2(ms=-1)     -0.013856  - (0.217181i)    cm-1
T3(ms=-1)     -0.027642  - (0.107561i)    cm-1
T4(ms=-1)     -0.007163  - (0.495685i)    cm-1
T5(ms=-1)     0.187621  - (5.756009i)    cm-1
T6(ms=-1)     -0.400618  - (-0.083588i)    cm-1
Total SOC between the singlet ground state and excited triplet states:
T1      0.365571    cm-1
T2      0.369580    cm-1
T3      0.159208    cm-1
T4      0.971790    cm-1
T5      9.253944    cm-1
T6      0.579725    cm-1




=======================================================================================
                     SPIN-ORBIT COUPLING BETWEEN EXCITED TRIPLET STATES
=======================================================================================

SOC between the T1 (ms=0) state and excited triplet states (ms=1):
T2(ms=1)      0.011659  + (-0.020023i)    cm-1
T3(ms=1)      0.402731  + (-0.045886i)    cm-1
T4(ms=1)      -0.023848  + (0.010967i)    cm-1
T5(ms=1)      0.019601  + (0.257299i)    cm-1
T6(ms=1)      0.031482  + (0.068337i)    cm-1
SOC between the T1 (ms=0) state and excited triplet states (ms=-1):
T2(ms=-1)     -0.011659  + (-0.020023i)    cm-1
T3(ms=-1)     -0.402731  + (-0.045886i)    cm-1
T4(ms=-1)     0.023848  + (0.010967i)    cm-1
T5(ms=-1)     -0.019601  + (0.257299i)    cm-1
T6(ms=-1)     -0.031482  + (0.068337i)    cm-1
SOC between the T1 (ms=1) state and excited triplet states (ms=0):
T2(ms=0)      -0.011659  + (-0.020023i)    cm-1
T3(ms=0)      -0.402731  + (-0.045886i)    cm-1
T4(ms=0)      0.023848  + (0.010967i)    cm-1
T5(ms=0)      -0.019601  + (0.257299i)    cm-1
T6(ms=0)      -0.031482  + (0.068337i)    cm-1
SOC between the T1 (ms=1) state and excited triplet states (ms=1):
T2(ms=1)      0.000000  + (0.059901i)    cm-1
T3(ms=1)      0.000000  + (0.002989i)    cm-1
T4(ms=1)      0.000000  + (-0.065549i)    cm-1
T5(ms=1)      0.000000  + (-0.316781i)    cm-1
T6(ms=1)      0.000000  + (-0.031180i)    cm-1
SOC between the T1 (ms=-1) state and excited triplet states (ms=0):
T2(ms=0)      0.011659  + (-0.020023i)    cm-1
T3(ms=0)      0.402731  + (-0.045886i)    cm-1
T4(ms=0)      -0.023848  + (0.010967i)    cm-1
T5(ms=0)      0.019601  + (0.257299i)    cm-1
T6(ms=0)      0.031482  + (0.068337i)    cm-1
SOC between the T1 (ms=-1) state and excited triplet states (ms=-1):
T2(ms=-1)     0.000000  + (-0.059901i)    cm-1
T3(ms=-1)     0.000000  + (-0.002989i)    cm-1
T4(ms=-1)     0.000000  + (0.065549i)    cm-1
T5(ms=-1)     0.000000  + (0.316781i)    cm-1
T6(ms=-1)     0.000000  + (0.031180i)    cm-1
Total SOC between the T1 state and excited triplet states:
T2      0.096560    cm-1
T3      0.810685    cm-1
T4      0.106534    cm-1
T5      0.683410    cm-1
T6      0.156808    cm-1



SOC between the T2 (ms=0) state and excited triplet states (ms=1):
T3(ms=1)      0.018542  + (-0.022476i)    cm-1
T4(ms=1)      0.427840  + (-0.048377i)    cm-1
T5(ms=1)      -0.046971  + (0.009708i)    cm-1
T6(ms=1)      -0.058595  + (-0.475218i)    cm-1
SOC between the T2 (ms=0) state and excited triplet states (ms=-1):
T3(ms=-1)     -0.018542  + (-0.022476i)    cm-1
T4(ms=-1)     -0.427840  + (-0.048377i)    cm-1
T5(ms=-1)     0.046971  + (0.009708i)    cm-1
T6(ms=-1)     0.058595  + (-0.475218i)    cm-1
SOC between the T2 (ms=1) state and excited triplet states (ms=0):
T3(ms=0)      -0.018542  + (-0.022476i)    cm-1
T4(ms=0)      -0.427840  + (-0.048377i)    cm-1
T5(ms=0)      0.046971  + (0.009708i)    cm-1
T6(ms=0)      0.058595  + (-0.475218i)    cm-1
SOC between the T2 (ms=1) state and excited triplet states (ms=1):
T3(ms=1)      0.000000  + (-0.001269i)    cm-1
T4(ms=1)      0.000000  + (0.062471i)    cm-1
T5(ms=1)      0.000000  + (-0.006531i)    cm-1
T6(ms=1)      0.000000  + (1.615680i)    cm-1
SOC between the T2 (ms=-1) state and excited triplet states (ms=0):
T3(ms=0)      0.018542  + (-0.022476i)    cm-1
T4(ms=0)      0.427840  + (-0.048377i)    cm-1
T5(ms=0)      -0.046971  + (0.009708i)    cm-1
T6(ms=0)      -0.058595  + (-0.475218i)    cm-1
SOC between the T2 (ms=-1) state and excited triplet states (ms=-1):
T3(ms=-1)     0.000000  + (0.001269i)    cm-1
T4(ms=-1)     0.000000  + (-0.062471i)    cm-1
T5(ms=-1)     0.000000  + (0.006531i)    cm-1
T6(ms=-1)     0.000000  + (-1.615680i)    cm-1
Total SOC between the T2 state and excited triplet states:
T3      0.058301    cm-1
T4      0.865652    cm-1
T5      0.096370    cm-1
T6      2.477480    cm-1



SOC between the T3 (ms=0) state and excited triplet states (ms=1):
T4(ms=1)      -0.013196  + (-0.002340i)    cm-1
T5(ms=1)      0.091051  + (0.581486i)    cm-1
T6(ms=1)      -0.011720  + (0.042386i)    cm-1
SOC between the T3 (ms=0) state and excited triplet states (ms=-1):
T4(ms=-1)     0.013196  + (-0.002340i)    cm-1
T5(ms=-1)     -0.091051  + (0.581486i)    cm-1
T6(ms=-1)     0.011720  + (0.042386i)    cm-1
SOC between the T3 (ms=1) state and excited triplet states (ms=0):
T4(ms=0)      0.013196  + (-0.002340i)    cm-1
T5(ms=0)      -0.091051  + (0.581486i)    cm-1
T6(ms=0)      0.011720  + (0.042386i)    cm-1
SOC between the T3 (ms=1) state and excited triplet states (ms=1):
T4(ms=1)      0.000000  + (0.150822i)    cm-1
T5(ms=1)      0.000000  + (0.176658i)    cm-1
T6(ms=1)      0.000000  + (-0.019779i)    cm-1
SOC between the T3 (ms=-1) state and excited triplet states (ms=0):
T4(ms=0)      -0.013196  + (-0.002340i)    cm-1
T5(ms=0)      0.091051  + (0.581486i)    cm-1
T6(ms=0)      -0.011720  + (0.042386i)    cm-1
SOC between the T3 (ms=-1) state and excited triplet states (ms=-1):
T4(ms=-1)     0.000000  + (-0.150822i)    cm-1
T5(ms=-1)     0.000000  + (-0.176658i)    cm-1
T6(ms=-1)     0.000000  + (0.019779i)    cm-1
Total SOC between the T3 state and excited triplet states:
T4      0.214973    cm-1
T5      1.203362    cm-1
T6      0.092294    cm-1



SOC between the T4 (ms=0) state and excited triplet states (ms=1):
T5(ms=1)      0.214120  + (-0.010265i)    cm-1
T6(ms=1)      -0.006910  + (0.981832i)    cm-1
SOC between the T4 (ms=0) state and excited triplet states (ms=-1):
T5(ms=-1)     -0.214120  + (-0.010265i)    cm-1
T6(ms=-1)     0.006910  + (0.981832i)    cm-1
SOC between the T4 (ms=1) state and excited triplet states (ms=0):
T5(ms=0)      -0.214120  + (-0.010265i)    cm-1
T6(ms=0)      0.006910  + (0.981832i)    cm-1
SOC between the T4 (ms=1) state and excited triplet states (ms=1):
T5(ms=1)      0.000000  + (0.045526i)    cm-1
T6(ms=1)      0.000000  + (0.719748i)    cm-1
SOC between the T4 (ms=-1) state and excited triplet states (ms=0):
T5(ms=0)      0.214120  + (-0.010265i)    cm-1
T6(ms=0)      -0.006910  + (0.981832i)    cm-1
SOC between the T4 (ms=-1) state and excited triplet states (ms=-1):
T5(ms=-1)     0.000000  + (-0.045526i)    cm-1
T6(ms=-1)     0.000000  + (-0.719748i)    cm-1
Total SOC between the T4 state and excited triplet states:
T5      0.433539    cm-1
T6      2.211841    cm-1



SOC between the T5 (ms=0) state and excited triplet states (ms=1):
T6(ms=1)      0.049690  + (-0.086288i)    cm-1
SOC between the T5 (ms=0) state and excited triplet states (ms=-1):
T6(ms=-1)     -0.049690  + (-0.086288i)    cm-1
SOC between the T5 (ms=1) state and excited triplet states (ms=0):
T6(ms=0)      -0.049690  + (-0.086288i)    cm-1
SOC between the T5 (ms=1) state and excited triplet states (ms=1):
T6(ms=1)      0.000000  + (-0.029964i)    cm-1
SOC between the T5 (ms=-1) state and excited triplet states (ms=0):
T6(ms=0)      0.049690  + (-0.086288i)    cm-1
SOC between the T5 (ms=-1) state and excited triplet states (ms=-1):
T6(ms=-1)     0.000000  + (0.029964i)    cm-1
Total SOC between the T5 state and excited triplet states:
T6      0.203603    cm-1







=======================================================================================
         SPIN-ORBIT COUPLING BETWEEN EXCITED SINGLET STATES AND TRIPLET STATES
=======================================================================================

SOC between the S1 state and excited triplet states (ms=0):
T1(ms=0)      0.000000  +  0.184407i    cm-1
T2(ms=0)      0.000000  +  -0.006556i    cm-1
T3(ms=0)      0.000000  +  -0.153907i    cm-1
T4(ms=0)      0.000000  +  -0.035308i    cm-1
T5(ms=0)      0.000000  +  0.015560i    cm-1
T6(ms=0)      0.000000  +  0.184952i    cm-1
SOC between the S1 state and excited triplet states (ms=1):
T1(ms=1)      (0.029385)  + (0.175726i)    cm-1
T2(ms=1)      (-0.004806)  + (-0.003303i)    cm-1
T3(ms=1)      (0.084063)  + (0.522683i)    cm-1
T4(ms=1)      (0.143377)  + (-0.000602i)    cm-1
T5(ms=1)      (-0.012747)  + (-0.000790i)    cm-1
T6(ms=1)      (-0.041711)  + (0.056249i)    cm-1
SOC between the S1 state and excited triplet states (ms=-1):
T1(ms=-1)    -(0.029385)  + (0.175726i)    cm-1
T2(ms=-1)    -(-0.004806)  + (-0.003303i)    cm-1
T3(ms=-1)    -(0.084063)  + (0.522683i)    cm-1
T4(ms=-1)    -(0.143377)  + (-0.000602i)    cm-1
T5(ms=-1)    -(-0.012747)  + (-0.000790i)    cm-1
T6(ms=-1)    -(-0.041711)  + (0.056249i)    cm-1
Total SOC between the S1 state and excited triplet states:
T1      0.312238    cm-1
T2      0.010536    cm-1
T3      0.764340    cm-1
T4      0.205818    cm-1
T5      0.023840    cm-1
T6      0.209797    cm-1



SOC between the S2 state and excited triplet states (ms=0):
T1(ms=0)      0.000000  +  0.034494i    cm-1
T2(ms=0)      0.000000  +  -1.207202i    cm-1
T3(ms=0)      0.000000  +  0.021056i    cm-1
T4(ms=0)      0.000000  +  -0.451050i    cm-1
T5(ms=0)      0.000000  +  0.308882i    cm-1
T6(ms=0)      0.000000  +  0.074677i    cm-1
SOC between the S2 state and excited triplet states (ms=1):
T1(ms=1)      (0.030162)  + (0.060577i)    cm-1
T2(ms=1)      (-0.028531)  + (-0.355811i)    cm-1
T3(ms=1)      (0.167483)  + (0.003473i)    cm-1
T4(ms=1)      (-0.048134)  + (0.757890i)    cm-1
T5(ms=1)      (0.054372)  + (0.156602i)    cm-1
T6(ms=1)      (0.028785)  + (0.057994i)    cm-1
SOC between the S2 state and excited triplet states (ms=-1):
T1(ms=-1)    -(0.030162)  + (0.060577i)    cm-1
T2(ms=-1)    -(-0.028531)  + (-0.355811i)    cm-1
T3(ms=-1)    -(0.167483)  + (0.003473i)    cm-1
T4(ms=-1)    -(-0.048134)  + (0.757890i)    cm-1
T5(ms=-1)    -(0.054372)  + (0.156602i)    cm-1
T6(ms=-1)    -(0.028785)  + (0.057994i)    cm-1
Total SOC between the S2 state and excited triplet states:
T1      0.101727    cm-1
T2      1.308498    cm-1
T3      0.237841    cm-1
T4      1.164849    cm-1
T5      0.387775    cm-1
T6      0.118154    cm-1



SOC between the S3 state and excited triplet states (ms=0):
T1(ms=0)      0.000000  +  -0.014528i    cm-1
T2(ms=0)      0.000000  +  -0.974662i    cm-1
T3(ms=0)      0.000000  +  0.000044i    cm-1
T4(ms=0)      0.000000  +  -0.488351i    cm-1
T5(ms=0)      0.000000  +  -0.353456i    cm-1
T6(ms=0)      0.000000  +  0.071163i    cm-1
SOC between the S3 state and excited triplet states (ms=1):
T1(ms=1)      (0.022751)  + (0.027508i)    cm-1
T2(ms=1)      (-0.035565)  + (-0.278481i)    cm-1
T3(ms=1)      (-0.212059)  + (0.055321i)    cm-1
T4(ms=1)      (-0.020301)  + (0.508559i)    cm-1
T5(ms=1)      (-0.002623)  + (-0.332118i)    cm-1
T6(ms=1)      (-0.023619)  + (-0.041203i)    cm-1
SOC between the S3 state and excited triplet states (ms=-1):
T1(ms=-1)    -(0.022751)  + (0.027508i)    cm-1
T2(ms=-1)    -(-0.035565)  + (-0.278481i)    cm-1
T3(ms=-1)    -(-0.212059)  + (0.055321i)    cm-1
T4(ms=-1)    -(-0.020301)  + (0.508559i)    cm-1
T5(ms=-1)    -(-0.002623)  + (-0.332118i)    cm-1
T6(ms=-1)    -(-0.023619)  + (-0.041203i)    cm-1
Total SOC between the S3 state and excited triplet states:
T1      0.052533    cm-1
T2      1.052425    cm-1
T3      0.309934    cm-1
T4      0.869813    cm-1
T5      0.587835    cm-1
T6      0.097854    cm-1



SOC between the S4 state and excited triplet states (ms=0):
T1(ms=0)      0.000000  +  -0.121496i    cm-1
T2(ms=0)      0.000000  +  0.135593i    cm-1
T3(ms=0)      0.000000  +  0.012652i    cm-1
T4(ms=0)      0.000000  +  0.145092i    cm-1
T5(ms=0)      0.000000  +  -0.010557i    cm-1
T6(ms=0)      0.000000  +  2.370311i    cm-1
SOC between the S4 state and excited triplet states (ms=1):
T1(ms=1)      (-0.004419)  + (-0.043817i)    cm-1
T2(ms=1)      (0.000501)  + (0.038239i)    cm-1
T3(ms=1)      (-0.020953)  + (-0.027898i)    cm-1
T4(ms=1)      (-0.485929)  + (-0.021107i)    cm-1
T5(ms=1)      (0.054625)  + (0.029493i)    cm-1
T6(ms=1)      (0.087041)  + (0.718257i)    cm-1
SOC between the S4 state and excited triplet states (ms=-1):
T1(ms=-1)    -(-0.004419)  + (-0.043817i)    cm-1
T2(ms=-1)    -(0.000501)  + (0.038239i)    cm-1
T3(ms=-1)    -(-0.020953)  + (-0.027898i)    cm-1
T4(ms=-1)    -(-0.485929)  + (-0.021107i)    cm-1
T5(ms=-1)    -(0.054625)  + (0.029493i)    cm-1
T6(ms=-1)    -(0.087041)  + (0.718257i)    cm-1
Total SOC between the S4 state and excited triplet states:
T1      0.136529    cm-1
T2      0.145981    cm-1
T3      0.050938    cm-1
T4      0.702991    cm-1
T5      0.088425    cm-1
T6      2.581727    cm-1



SOC between the S5 state and excited triplet states (ms=0):
T1(ms=0)      0.000000  +  0.003648i    cm-1
T2(ms=0)      0.000000  +  0.030887i    cm-1
T3(ms=0)      0.000000  +  -0.035206i    cm-1
T4(ms=0)      0.000000  +  0.226019i    cm-1
T5(ms=0)      0.000000  +  0.132008i    cm-1
T6(ms=0)      0.000000  +  0.051142i    cm-1
SOC between the S5 state and excited triplet states (ms=1):
T1(ms=1)      (0.535386)  + (-0.096409i)    cm-1
T2(ms=1)      (0.016983)  + (-0.001839i)    cm-1
T3(ms=1)      (-0.002530)  + (-0.044863i)    cm-1
T4(ms=1)      (-0.022169)  + (-0.048370i)    cm-1
T5(ms=1)      (-0.188026)  + (-0.843770i)    cm-1
T6(ms=1)      (-0.000678)  + (-0.029411i)    cm-1
SOC between the S5 state and excited triplet states (ms=-1):
T1(ms=-1)    -(0.535386)  + (-0.096409i)    cm-1
T2(ms=-1)    -(0.016983)  + (-0.001839i)    cm-1
T3(ms=-1)    -(-0.002530)  + (-0.044863i)    cm-1
T4(ms=-1)    -(-0.022169)  + (-0.048370i)    cm-1
T5(ms=-1)    -(-0.188026)  + (-0.843770i)    cm-1
T6(ms=-1)    -(-0.000678)  + (-0.029411i)    cm-1
Total SOC between the S5 state and excited triplet states:
T1      0.769337    cm-1
T2      0.039212    cm-1
T3      0.072647    cm-1
T4      0.238216    cm-1
T5      1.229646    cm-1
T6      0.065928    cm-1



SOC between the S6 state and excited triplet states (ms=0):
T1(ms=0)      0.000000  +  -0.032589i    cm-1
T2(ms=0)      0.000000  +  0.169943i    cm-1
T3(ms=0)      0.000000  +  -0.017423i    cm-1
T4(ms=0)      0.000000  +  0.094823i    cm-1
T5(ms=0)      0.000000  +  0.193979i    cm-1
T6(ms=0)      0.000000  +  0.476258i    cm-1
SOC between the S6 state and excited triplet states (ms=1):
T1(ms=1)      (-0.015249)  + (-0.020236i)    cm-1
T2(ms=1)      (0.013638)  + (0.053707i)    cm-1
T3(ms=1)      (-0.014034)  + (0.015277i)    cm-1
T4(ms=1)      (-0.072019)  + (-0.048381i)    cm-1
T5(ms=1)      (0.089050)  + (0.131741i)    cm-1
T6(ms=1)      (0.062023)  + (0.211774i)    cm-1
SOC between the S6 state and excited triplet states (ms=-1):
T1(ms=-1)    -(-0.015249)  + (-0.020236i)    cm-1
T2(ms=-1)    -(0.013638)  + (0.053707i)    cm-1
T3(ms=-1)    -(-0.014034)  + (0.015277i)    cm-1
T4(ms=-1)    -(-0.072019)  + (-0.048381i)    cm-1
T5(ms=-1)    -(0.089050)  + (0.131741i)    cm-1
T6(ms=-1)    -(0.062023)  + (0.211774i)    cm-1
Total SOC between the S6 state and excited triplet states:
T1      0.048436    cm-1
T2      0.187141    cm-1
T3      0.034121    cm-1
T4      0.155069    cm-1
T5      0.296984    cm-1
T6      0.569396    cm-1






            *********SOC CODE ENDS HERE*********



 
 --------------------------------------------------------------
 
                    Orbital Energies (a.u.)
 --------------------------------------------------------------
 
 Alpha MOs
 -- Occupied --
-19.522 -19.522 -10.498 -10.498 -10.488 -10.488 -10.462 -10.462
-10.462 -10.462 -10.462 -10.462 -10.460 -10.460 -10.460 -10.460
-10.460 -10.460 -10.459 -10.459 -10.459 -10.458 -10.458 -10.458
-10.458 -10.457 -10.457 -10.457 -10.450 -10.450 -10.450 -10.449
-10.449 -10.449 -10.448 -10.448 -10.444 -10.444 -10.431 -10.431
-10.430 -10.429 -10.429 -10.429 -10.427 -10.426 -10.426 -10.425
-10.424 -10.423 -10.411 -10.411  -6.944  -6.944  -1.180  -1.180
 -1.013  -1.013  -0.960  -0.956  -0.951  -0.950  -0.931  -0.931
 -0.906  -0.898  -0.869  -0.869  -0.858  -0.851  -0.851  -0.847
 -0.845  -0.844  -0.819  -0.811  -0.810  -0.802  -0.789  -0.788
 -0.764  -0.763  -0.754  -0.753  -0.732  -0.726  -0.724  -0.718
 -0.687  -0.680  -0.677  -0.662  -0.659  -0.648  -0.645  -0.644
 -0.641  -0.641  -0.593  -0.590  -0.590  -0.586  -0.582  -0.582
 -0.581  -0.573  -0.572  -0.557  -0.557  -0.541  -0.541  -0.534
 -0.533  -0.533  -0.526  -0.521  -0.510  -0.505  -0.500  -0.494
 -0.493  -0.489  -0.488  -0.487  -0.484  -0.481  -0.481  -0.479
 -0.477  -0.474  -0.471  -0.470  -0.468  -0.466  -0.463  -0.462
 -0.462  -0.455  -0.455  -0.452  -0.442  -0.440  -0.440  -0.439
 -0.431  -0.424  -0.424  -0.420  -0.418  -0.417  -0.417  -0.409
 -0.399  -0.398  -0.396  -0.392  -0.392  -0.392  -0.390  -0.388
 -0.376  -0.373  -0.371  -0.364  -0.360  -0.355  -0.352  -0.348
 -0.337  -0.335  -0.315  -0.310  -0.293  -0.292  -0.277  -0.273
 -0.273  -0.259  -0.253  -0.253  -0.247  -0.244
 -- Virtual --
 -0.088  -0.056  -0.033  -0.026  -0.001   0.008   0.020   0.033
  0.034   0.038   0.039   0.049   0.072   0.085   0.089   0.094
  0.126   0.130   0.143   0.145   0.145   0.152   0.157   0.157
  0.159   0.161   0.166   0.168   0.172   0.175   0.183   0.186
  0.188   0.190   0.191   0.193   0.193   0.196   0.196   0.197
  0.206   0.207   0.208   0.209   0.216   0.217   0.218   0.221
  0.222   0.223   0.224   0.226   0.229   0.231   0.233   0.234
  0.234   0.241   0.246   0.249   0.251   0.252   0.255   0.255
  0.261   0.262   0.267   0.269   0.270   0.278   0.280   0.283
  0.286   0.289   0.291   0.298   0.307   0.309   0.310   0.313
  0.316   0.321   0.326   0.327   0.332   0.334   0.335   0.340
  0.341   0.348   0.352   0.353   0.366   0.378   0.382   0.392
  0.394   0.406   0.407   0.410   0.415   0.420   0.426   0.432
  0.440   0.444   0.448   0.457   0.459   0.463   0.464   0.471
  0.475   0.488   0.491   0.493   0.497   0.498   0.502   0.504
  0.507   0.510   0.516   0.522   0.529   0.530   0.531   0.532
  0.533   0.534   0.539   0.540   0.542   0.543   0.545   0.546
  0.549   0.553   0.556   0.559   0.561   0.563   0.565   0.566
  0.570   0.572   0.572   0.577   0.579   0.582   0.582   0.585
  0.589   0.591   0.592   0.593   0.599   0.600   0.601   0.603
  0.604   0.605   0.608   0.610   0.615   0.618   0.620   0.623
  0.624   0.627   0.627   0.628   0.633   0.633   0.636   0.638
  0.643   0.647   0.651   0.652   0.657   0.659   0.662   0.664
  0.669   0.675   0.679   0.682   0.685   0.688   0.691   0.694
  0.699   0.702   0.703   0.705   0.706   0.709   0.713   0.717
  0.724   0.728   0.730   0.733   0.735   0.737   0.740   0.748
  0.754   0.757   0.757   0.760   0.764   0.767   0.777   0.778
  0.779   0.782   0.787   0.789   0.795   0.799   0.801   0.805
  0.809   0.823   0.832   0.835   0.838   0.839   0.847   0.849
  0.859   0.860   0.871   0.880   0.883   0.886   0.893   0.911
  0.916   0.916   0.920   0.926   0.926   0.946   0.948   0.952
  0.953   0.954   0.957   0.965   0.968   0.973   0.979   0.980
  0.981   0.984   0.987   0.988   0.992   0.993   0.995   0.996
  0.998   1.002   1.003   1.006   1.008   1.017   1.022   1.023
  1.027   1.029   1.031   1.033   1.036   1.041   1.043   1.045
  1.056   1.058   1.062   1.067   1.074   1.075   1.076   1.080
  1.081   1.084   1.084   1.086   1.089   1.090   1.096   1.101
  1.102   1.109   1.114   1.124   1.127   1.130   1.130   1.139
  1.140   1.148   1.153   1.155   1.157   1.159   1.160   1.162
  1.174   1.177   1.179   1.183   1.189   1.196   1.203   1.205
  1.208   1.215   1.223   1.240   1.244   1.248   1.257   1.257
  1.264   1.266   1.274   1.277   1.281   1.283   1.285   1.297
  1.300   1.303   1.304   1.309   1.311   1.312   1.315   1.317
  1.325   1.330   1.344   1.345   1.348   1.354   1.365   1.368
  1.376   1.385   1.391   1.392   1.393   1.399   1.405   1.406
  1.415   1.426   1.427   1.434   1.437   1.442   1.444   1.447
  1.449   1.451   1.453   1.472   1.474   1.479   1.495   1.510
  1.512   1.514   1.515   1.518   1.520   1.520   1.522   1.523
  1.526   1.527   1.530   1.533   1.536   1.537   1.546   1.548
  1.550   1.559   1.561   1.565   1.566   1.573   1.575   1.584
  1.587   1.593   1.596   1.596   1.600   1.607   1.616   1.619
  1.636   1.644   1.647   1.650   1.662   1.673   1.683   1.692
  1.701   1.740   1.747   1.754   1.760   1.761   1.771   1.790
  1.800   1.809   1.811   1.811   1.816   1.821   1.823   1.826
  1.835   1.847   1.855   1.858   1.868   1.880   1.897   1.905
  1.909   1.922   1.923   1.924   1.928   1.937   1.939   1.944
  1.949   1.950   1.952   1.955   1.956   1.958   1.960   1.979
  1.986   1.986   1.987   1.991   1.993   1.996   2.001   2.004
  2.022   2.027   2.029   2.038   2.040   2.049   2.055   2.067
  2.069   2.072   2.076   2.077   2.088   2.089   2.102   2.113
  2.114   2.114   2.128   2.134   2.142   2.143   2.147   2.156
  2.159   2.160   2.161   2.162   2.168   2.184   2.191   2.196
  2.203   2.207   2.207   2.220   2.224   2.225   2.233   2.235
  2.236   2.246   2.247   2.254   2.264   2.268   2.272   2.275
  2.277   2.280   2.282   2.286   2.287   2.292   2.294   2.302
  2.316   2.323   2.325   2.326   2.330   2.331   2.334   2.341
  2.345   2.348   2.351   2.353   2.359   2.363   2.364   2.365
  2.384   2.390   2.395   2.399   2.406   2.410   2.413   2.418
  2.419   2.421   2.427   2.427   2.432   2.438   2.441   2.445
  2.461   2.465   2.470   2.471   2.478   2.491   2.494   2.498
  2.500   2.502   2.521   2.523   2.526   2.541   2.559   2.565
  2.569   2.586   2.618   2.630   2.638   2.644   2.645   2.646
  2.650   2.657   2.660   2.666   2.689   2.692   2.713   2.727
  2.731   2.733   2.734   2.739   2.749   2.751   2.775   2.777
  2.779   2.782   2.787   2.788   2.790   2.791   2.795   2.796
  2.802   2.808   2.815   2.816   2.818   2.824   2.845   2.853
  2.856   2.857   2.874   2.876   2.898   2.899   2.903   2.907
  2.924   2.928   2.942   2.943   2.958   2.982   2.995   3.010
  3.011   3.029   3.048   3.062   3.082   3.083   3.085   3.088
  3.104   3.110   3.118   3.240   3.255   3.258   3.319   3.321
  3.404   3.442   3.456   3.495   3.496   3.497   3.553   3.561
  3.670   3.684   9.590   9.726  13.144  13.177  13.405  13.493
 13.496  13.512  13.526  13.546  13.720  13.727  13.733  13.778
 13.779  13.792  13.795  13.806  13.851  13.862  13.888  13.895
 13.914  13.929  13.946  13.999  14.008  14.010  14.033  14.045
 14.123  14.163  14.164  14.192  14.201  14.205  14.223  14.263
 14.265  14.269  14.308  14.311  14.336  14.345  14.514  14.518
 14.572  14.574  14.577  14.579  14.587  14.588  25.791  25.792
 --------------------------------------------------------------
 
          Ground-State Mulliken Net Atomic Charges

     Atom                 Charge (a.u.)
  ----------------------------------------
      1 C                    -0.153981
      2 C                    -0.388323
      3 H                     0.235556
      4 C                     0.094156
      5 C                     0.098452
      6 C                    -0.387162
      7 H                     0.234951
      8 C                    -0.154038
      9 C                     0.194382
     10 C                    -0.381413
     11 H                     0.220622
     12 C                    -0.061186
     13 C                     0.249170
     14 C                     0.194651
     15 C                    -0.380930
     16 H                     0.220770
     17 C                    -0.204119
     18 H                     0.225863
     19 C                    -0.334104
     20 H                     0.219639
     21 C                    -0.204319
     22 H                     0.225972
     23 C                    -0.333370
     24 H                     0.219594
     25 B                     0.698991
     26 B                     0.693786
     27 C                    -0.151346
     28 C                    -0.388905
     29 H                     0.232441
     30 C                     0.099852
     31 C                     0.094001
     32 C                    -0.385328
     33 H                     0.235649
     34 C                    -0.156023
     35 C                     0.190949
     36 C                    -0.377976
     37 H                     0.221128
     38 C                    -0.059503
     39 C                     0.249532
     40 C                     0.191995
     41 C                    -0.380935
     42 H                     0.220357
     43 C                    -0.204924
     44 H                     0.225968
     45 C                    -0.333123
     46 H                     0.219540
     47 C                    -0.203754
     48 H                     0.225878
     49 C                    -0.334680
     50 H                     0.219764
     51 C                    -0.219411
     52 C                     0.075391
     53 C                    -0.430219
     54 H                     0.220387
     55 C                     0.403769
     56 O                    -0.454263
     57 C                    -0.385549
     58 H                     0.220798
     59 C                     0.056472
     60 C                    -0.405254
     61 H                     0.238865
     62 H                     0.202919
     63 H                     0.202704
     64 C                    -0.757278
     65 H                     0.231970
     66 H                     0.244417
     67 H                     0.243205
     68 C                    -0.761605
     69 H                     0.237719
     70 H                     0.245436
     71 H                     0.246868
     72 C                    -0.224361
     73 C                     0.058900
     74 C                    -0.436961
     75 H                     0.220663
     76 C                     0.403700
     77 O                    -0.454501
     78 C                    -0.380958
     79 H                     0.220513
     80 C                     0.073164
     81 C                    -0.405525
     82 H                     0.238988
     83 H                     0.202768
     84 H                     0.203270
     85 C                    -0.761066
     86 H                     0.237043
     87 H                     0.244494
     88 H                     0.244162
     89 C                    -0.759922
     90 H                     0.232316
     91 H                     0.246419
     92 H                     0.245383
  ----------------------------------------
  Sum of atomic charges =    -0.000000

 -----------------------------------------------------------------
                    Cartesian Multipole Moments
 -----------------------------------------------------------------
    Charge (ESU x 10^10)
                -0.0000
    Dipole Moment (Debye)
         X      -0.2285      Y       1.1166      Z      -0.1642
       Tot       1.1516
    Quadrupole Moments (Debye-Ang)
        XX    -264.6437     XY      17.5670     YY    -312.4219
        XZ       1.7167     YZ       5.2778     ZZ    -264.6910
    Octopole Moments (Debye-Ang^2)
       XXX     -83.9816    XXY     -82.6853    XYY      16.4656
       YYY    -433.9955    XXZ     370.8191    XYZ     -52.2690
       YYZ     470.9243    XZZ     -43.2555    YZZ     -68.9740
       ZZZ    1174.2708
    Hexadecapole Moments (Debye-Ang^3)
      XXXX  -21487.1130   XXXY     756.0461   XXYY   -4567.0789
      XYYY     -54.2682   YYYY   -2607.1251   XXXZ    2617.4918
      XXYZ     657.1024   XYYZ    1044.9659   YYYZ    1454.9461
      XXZZ   -8038.9326   XYZZ     451.8175   YYZZ   -6436.2261
      XZZZ    1806.5866   YZZZ     900.9792   ZZZZ  -29215.9585
 -----------------------------------------------------------------
 -----------------------------------------------------------------
               TDA Excited-State Multipoles, State  1
 -----------------------------------------------------------------
    Charge (ESU x 10^10)
                -0.0000
    Dipole Moment (Debye)
         X      -0.2026      Y       1.0706      Z      -0.1684
       Tot       1.1026
    Quadrupole Moments (Debye-Ang)
        XX    -267.4977     XY      17.8692     YY    -313.4328
        XZ      -2.9089     YZ       5.2467     ZZ    -262.3238
    Octopole Moments (Debye-Ang^2)
       XXX     -83.1724    XXY     -83.6325    XYY      16.4652
       YYY    -435.1084    XXZ     372.9681    XYZ     -53.9736
       YYZ     472.2377    XZZ     -28.7895    YZZ     -68.4230
       ZZZ    1166.3003
    Hexadecapole Moments (Debye-Ang^3)
      XXXX  -21584.4784   XXXY     759.8309   XXYY   -4581.0062
      XYYY     -51.1707   YYYY   -2620.3158   XXXZ    2554.2432
      XXYZ     656.7943   XYYZ    1034.2008   YYYZ    1456.8831
      XXZZ   -8042.9724   XYZZ     458.1927   YYZZ   -6439.2534
      XZZZ    1706.5364   YZZZ     898.2607   ZZZZ  -29157.1647
 -----------------------------------------------------------------
 -----------------------------------------------------------------
               TDA Excited-State Multipoles, State  2
 -----------------------------------------------------------------
    Charge (ESU x 10^10)
                -0.0000
    Dipole Moment (Debye)
         X      -0.2390      Y       1.2170      Z      -0.3036
       Tot       1.2769
    Quadrupole Moments (Debye-Ang)
        XX    -263.7785     XY      17.9437     YY    -312.9024
        XZ      -4.2829     YZ       4.6246     ZZ    -256.7941
    Octopole Moments (Debye-Ang^2)
       XXX     -85.2004    XXY     -81.4905    XYY      16.8060
       YYY    -434.2613    XXZ     368.1173    XYZ     -56.9357
       YYZ     470.7152    XZZ     -23.8688    YZZ     -61.0948
       ZZZ    1133.5655
    Hexadecapole Moments (Debye-Ang^3)
      XXXX  -21481.9615   XXXY     763.1225   XXYY   -4571.9281
      XYYY     -50.8364   YYYY   -2614.8018   XXXZ    2479.4830
      XXYZ     648.3985   XYYZ    1030.1114   YYYZ    1453.3256
      XXZZ   -7939.2908   XYZZ     475.4441   YYZZ   -6422.4237
      XZZZ    1559.7799   YZZZ     846.0527   ZZZZ  -28698.5013
 -----------------------------------------------------------------
 -----------------------------------------------------------------
               TDA Excited-State Multipoles, State  3
 -----------------------------------------------------------------
    Charge (ESU x 10^10)
                -0.0000
    Dipole Moment (Debye)
         X      -0.2854      Y       1.1929      Z      -0.0089
       Tot       1.2266
    Quadrupole Moments (Debye-Ang)
        XX    -264.1663     XY      17.8312     YY    -312.7156
        XZ      -3.0301     YZ       4.9291     ZZ    -258.9015
    Octopole Moments (Debye-Ang^2)
       XXX     -84.1891    XXY     -81.7950    XYY      16.6806
       YYY    -434.0802    XXZ     369.9254    XYZ     -55.9463
       YYZ     471.0073    XZZ     -31.0869    YZZ     -63.4135
       ZZZ    1155.8932
    Hexadecapole Moments (Debye-Ang^3)
      XXXX  -21490.8908   XXXY     761.7501   XXYY   -4570.1201
      XYYY     -51.8112   YYYY   -2612.1907   XXXZ    2510.6888
      XXYZ     651.1065   XYYZ    1033.2053   YYYZ    1453.8791
      XXZZ   -7960.2087   XYZZ     468.4945   YYZZ   -6425.3421
      XZZZ    1611.4952   YZZZ     868.4388   ZZZZ  -28855.4842
 -----------------------------------------------------------------
 -----------------------------------------------------------------
               TDA Excited-State Multipoles, State  4
 -----------------------------------------------------------------
    Charge (ESU x 10^10)
                -0.0000
    Dipole Moment (Debye)
         X      -0.3321      Y       1.0243      Z      -0.1760
       Tot       1.0911
    Quadrupole Moments (Debye-Ang)
        XX    -267.9495     XY      17.3698     YY    -312.6320
        XZ       3.2969     YZ       5.6336     ZZ    -269.0758
    Octopole Moments (Debye-Ang^2)
       XXX     -87.9339    XXY     -84.5589    XYY      15.9428
       YYY    -434.3822    XXZ     376.9756    XYZ     -49.6157
       YYZ     471.5727    XZZ     -49.3277    YZZ     -74.0936
       ZZZ    1191.9785
    Hexadecapole Moments (Debye-Ang^3)
      XXXX  -21599.9169   XXXY     747.3110   XXYY   -4573.1480
      XYYY     -54.9387   YYYY   -2609.8603   XXXZ    2720.6731
      XXYZ     665.2647   XYYZ    1048.1101   YYYZ    1456.5367
      XXZZ   -8121.4401   XYZZ     437.7623   YYZZ   -6445.5810
      XZZZ    1908.0908   YZZZ     933.9614   ZZZZ  -29554.4387
 -----------------------------------------------------------------
 -----------------------------------------------------------------
               TDA Excited-State Multipoles, State  5
 -----------------------------------------------------------------
    Charge (ESU x 10^10)
                -0.0000
    Dipole Moment (Debye)
         X      -0.4380      Y       1.6810      Z      -0.1704
       Tot       1.7455
    Quadrupole Moments (Debye-Ang)
        XX    -234.3136     XY      13.8970     YY    -308.8090
        XZ      49.4525     YZ       5.2861     ZZ    -290.1385
    Octopole Moments (Debye-Ang^2)
       XXX     -86.6549    XXY     -60.8474    XYY      12.0357
       YYY    -428.9410    XXZ     328.7769    XYZ     -14.9148
       YYZ     467.1694    XZZ    -186.8136    YZZ     -87.6765
       ZZZ    1287.6029
    Hexadecapole Moments (Debye-Ang^3)
      XXXX  -20283.7313   XXXY     678.7729   XXYY   -4485.5381
      XYYY     -70.9335   YYYY   -2562.1516   XXXZ    4010.1438
      XXYZ     630.9641   XYYZ    1140.1899   YYYZ    1452.1551
      XXZZ   -7952.2910   XYZZ     296.8754   YYZZ   -6458.4004
      XZZZ    3196.4008   YZZZ    1064.7761   ZZZZ  -31225.8685
 -----------------------------------------------------------------
 -----------------------------------------------------------------
               TDA Excited-State Multipoles, State  6
 -----------------------------------------------------------------
    Charge (ESU x 10^10)
                -0.0000
    Dipole Moment (Debye)
         X      -0.6353      Y       1.7272      Z      -0.2946
       Tot       1.8637
    Quadrupole Moments (Debye-Ang)
        XX    -232.2034     XY      13.5090     YY    -308.4965
        XZ      52.9881     YZ       5.1852     ZZ    -291.3358
    Octopole Moments (Debye-Ang^2)
       XXX     -92.2382    XXY     -59.1453    XYY      11.1258
       YYY    -428.5127    XXZ     322.2847    XYZ     -12.1283
       YYZ     466.4428    XZZ    -198.6210    YZZ     -88.5180
       ZZZ    1292.3588
    Hexadecapole Moments (Debye-Ang^3)
      XXXX  -20198.7450   XXXY     668.8694   XXYY   -4479.2634
      XYYY     -72.9773   YYYY   -2559.0935   XXXZ    4115.4405
      XXYZ     626.1113   XYYZ    1147.8330   YYYZ    1451.2995
      XXZZ   -7934.9763   XYZZ     284.7354   YYZZ   -6458.1125
      XZZZ    3297.9653   YZZZ    1073.0134   ZZZZ  -31340.1914
 -----------------------------------------------------------------
 -----------------------------------------------------------------
               TDA Excited-State Multipoles, State  7
 -----------------------------------------------------------------
    Charge (ESU x 10^10)
                -0.0000
    Dipole Moment (Debye)
         X       0.0790      Y       1.7317      Z       0.1411
       Tot       1.7393
    Quadrupole Moments (Debye-Ang)
        XX    -229.5381     XY      13.6699     YY    -308.1365
        XZ      55.4147     YZ       5.4647     ZZ    -294.0915
    Octopole Moments (Debye-Ang^2)
       XXX     -71.0118    XXY     -58.0780    XYY      13.0378
       YYY    -428.3929    XXZ     332.1351    XYZ     -10.3749
       YYZ     467.2533    XZZ    -200.8621    YZZ     -90.4258
       ZZZ    1305.4298
    Hexadecapole Moments (Debye-Ang^3)
      XXXX  -20092.3941   XXXY     677.8509   XXYY   -4472.2182
      XYYY     -71.3920   YYYY   -2555.8883   XXXZ    4188.8815
      XXYZ     633.4645   XYYZ    1151.5832   YYYZ    1452.7710
      XXZZ   -7958.2104   XYZZ     280.0914   YYZZ   -6461.9433
      XZZZ    3361.7152   YZZZ    1087.4795   ZZZZ  -31489.5554
 -----------------------------------------------------------------
 -----------------------------------------------------------------
               TDA Excited-State Multipoles, State  8
 -----------------------------------------------------------------
    Charge (ESU x 10^10)
                -0.0000
    Dipole Moment (Debye)
         X       0.0217      Y       1.4799      Z      -0.0331
       Tot       1.4804
    Quadrupole Moments (Debye-Ang)
        XX    -243.1839     XY      15.3697     YY    -310.3779
        XZ      31.9890     YZ       5.2484     ZZ    -279.8846
    Octopole Moments (Debye-Ang^2)
       XXX     -73.4796    XXY     -66.9935    XYY      14.2850
       YYY    -431.5669    XXZ     343.9572    XYZ     -27.8028
       YYZ     469.1480    XZZ    -130.3201    YZZ     -80.3735
       ZZZ    1243.8098
    Hexadecapole Moments (Debye-Ang^3)
      XXXX  -20631.7514   XXXY     712.2201   XXYY   -4514.1021
      XYYY     -63.1705   YYYY   -2583.5639   XXXZ    3538.7876
      XXYZ     638.0100   XYYZ    1104.7839   YYYZ    1454.7859
      XXZZ   -7956.5691   XYZZ     352.8472   YYZZ   -6451.0461
      XZZZ    2684.6042   YZZZ    1005.2040   ZZZZ  -30494.2524
 -----------------------------------------------------------------
 -----------------------------------------------------------------
               TDA Excited-State Multipoles, State  9
 -----------------------------------------------------------------
    Charge (ESU x 10^10)
                -0.0000
    Dipole Moment (Debye)
         X       0.0074      Y       1.3912      Z       0.0748
       Tot       1.3932
    Quadrupole Moments (Debye-Ang)
        XX    -252.8410     XY      16.5410     YY    -311.8700
        XZ      15.8430     YZ       5.0480     ZZ    -270.4217
    Octopole Moments (Debye-Ang^2)
       XXX     -76.1688    XXY     -73.8248    XYY      15.8966
       YYY    -432.4772    XXZ     362.4569    XYZ     -39.6510
       YYZ     471.0755    XZZ     -83.8901    YZZ     -72.9248
       ZZZ    1198.7507
    Hexadecapole Moments (Debye-Ang^3)
      XXXX  -21013.2101   XXXY     734.2414   XXYY   -4545.0150
      XYYY     -56.2845   YYYY   -2600.9477   XXXZ    3098.5933
      XXYZ     648.5537   XYYZ    1071.1281   YYYZ    1455.2515
      XXZZ   -7989.9618   XYZZ     400.7871   YYZZ   -6445.2973
      XZZZ    2223.5024   YZZZ     942.7117   ZZZZ  -29763.5897
 -----------------------------------------------------------------
 -----------------------------------------------------------------
               TDA Excited-State Multipoles, State 10
 -----------------------------------------------------------------
    Charge (ESU x 10^10)
                -0.0000
    Dipole Moment (Debye)
         X      -0.4156      Y       1.3358      Z      -0.0267
       Tot       1.3993
    Quadrupole Moments (Debye-Ang)
        XX    -262.3425     XY      18.3708     YY    -313.9145
        XZ     -12.3229     YZ       4.0135     ZZ    -246.3550
    Octopole Moments (Debye-Ang^2)
       XXX     -88.5468    XXY     -79.9321    XYY      17.0071
       YYY    -435.0789    XXZ     367.5234    XYZ     -62.5258
       YYZ     471.5817    XZZ      -4.4491    YZZ     -51.6540
       ZZZ    1097.9306
    Hexadecapole Moments (Debye-Ang^3)
      XXXX  -21446.2108   XXXY     772.5432   XXYY   -4582.9735
      XYYY     -47.1015   YYYY   -2628.1913   XXXZ    2271.3986
      XXYZ     639.3063   XYYZ    1013.7639   YYYZ    1453.7479
      XXZZ   -7828.2017   XYZZ     499.2544   YYZZ   -6413.9931
      XZZZ    1282.2015   YZZZ     788.5620   ZZZZ  -28051.4791
 -----------------------------------------------------------------
 -----------------------------------------------------------------
               TDA Excited-State Multipoles, State 11
 -----------------------------------------------------------------
    Charge (ESU x 10^10)
                -0.0000
    Dipole Moment (Debye)
         X      -0.1814      Y       1.3706      Z      -0.1592
       Tot       1.3917
    Quadrupole Moments (Debye-Ang)
        XX    -261.7329     XY      18.5436     YY    -313.6343
        XZ     -12.8352     YZ       3.8623     ZZ    -245.1339
    Octopole Moments (Debye-Ang^2)
       XXX     -81.0708    XXY     -79.1284    XYY      17.4374
       YYY    -434.7550    XXZ     362.0141    XYZ     -63.6471
       YYZ     470.9597    XZZ       1.7613    YZZ     -50.0401
       ZZZ    1090.9298
    Hexadecapole Moments (Debye-Ang^3)
      XXXX  -21418.9552   XXXY     778.5698   XXYY   -4579.0121
      XYYY     -46.8919   YYYY   -2625.0168   XXXZ    2254.0798
      XXYZ     633.7991   XYYZ    1013.3523   YYYZ    1452.7506
      XXZZ   -7790.0526   XYZZ     507.7507   YYZZ   -6409.7774
      XZZZ    1229.4375   YZZZ     777.4237   ZZZZ  -27955.8438
 -----------------------------------------------------------------
 -----------------------------------------------------------------
               TDA Excited-State Multipoles, State 12
 -----------------------------------------------------------------
    Charge (ESU x 10^10)
                -0.0000
    Dipole Moment (Debye)
         X      -9.1291      Y       2.6501      Z      -5.0415
       Tot      10.7601
    Quadrupole Moments (Debye-Ang)
        XX    -240.2969     XY       7.4370     YY    -302.8679
        XZ      67.2949     YZ       1.6424     ZZ    -287.0393
    Octopole Moments (Debye-Ang^2)
       XXX    -286.5225    XXY     -60.4760    XYY     -24.1818
       YYY    -412.8858    XXZ     208.9818    XYZ      -2.7055
       YYZ     440.1251    XZZ    -285.8582    YZZ     -89.1039
       ZZZ    1284.3485
    Hexadecapole Moments (Debye-Ang^3)
      XXXX  -20852.1741   XXXY     550.2152   XXYY   -4444.6088
      XYYY    -139.7650   YYYY   -2505.0352   XXXZ    4192.9591
      XXYZ     571.1756   XYYZ    1222.1218   YYYZ    1397.8817
      XXZZ   -7852.7102   XYZZ     232.1722   YYZZ   -6393.3698
      XZZZ    3668.4044   YZZZ    1106.7971   ZZZZ  -31723.2336
 -----------------------------------------------------------------
Archival summary:
1\1\ctcp009\SP\ProcedureUnspecified\BasisUnspecified\250238\mewes\WedOct1700:43:342018WedOct1700:43:342018\0\\#,ProcedureUnspecified,BasisUnspecified,\\0,1\C\C,1,1.39709\H,2,1.08475,1,119.58\C,2,1.38209,1,119.846,3,178.111,0\C,4,1.41239,2,120.258,1,1.25662,0\C,5,1.38222,4,120.247,2,-1.80002,0\H,6,1.08451,5,120.364,4,-176.97,0\C,6,1.39722,5,119.901,4,0.59471,0\C,5,1.46435,4,108.075,2,-177.742,0\C,9,1.36978,5,135.315,4,177.574,0\H,10,1.08269,9,121.891,5,2.24627,0\C,9,1.40672,5,106.188,4,0.63611,0\C,12,1.39097,9,124.293,5,176.666,0\C,12,1.40703,9,111.43,5,-0.121789,0\C,14,1.37038,12,118.486,9,176.789,0\H,15,1.0829,14,121.939,12,-178.868,0\C,10,1.4151,9,118.603,5,-176.895,0\H,17,1.08217,10,118.521,9,179.918,0\C,17,1.37476,10,122.469,9,0.751932,0\H,19,1.08325,17,119.917,10,178.983,0\C,15,1.41518,14,118.614,12,0.359787,0\H,21,1.08228,15,118.514,14,-179.776,0\C,21,1.37476,15,122.432,14,-0.28304,0\H,23,1.08325,21,119.874,15,-179.339,0\B,1,1.55348,2,119.97,3,-1.19132,0\B,8,1.55492,6,119.914,5,-173.776,0\C,26,1.55566,8,119.855,6,-178.158,0\C,27,1.39759,26,120.35,8,179.289,0\H,28,1.0846,27,119.405,26,-3.12115,0\C,28,1.38406,27,119.996,26,174.219,0\C,30,1.41204,28,120.005,27,-0.492195,0\C,31,1.38248,30,120.422,28,1.50807,0\H,32,1.08471,31,120.527,30,-178.643,0\C,32,1.39602,31,119.937,30,-1.30751,0\C,31,1.46105,30,108.308,28,-173.778,0\C,35,1.36945,31,134.899,30,174.681,0\H,36,1.08304,35,121.891,31,3.90613,0\C,35,1.40656,31,106.203,30,-0.636808,0\C,38,1.38995,35,124.081,31,175.831,0\C,38,1.4077,35,111.296,31,-0.073376,0\C,40,1.36945,38,118.366,35,177.382,0\H,41,1.08279,40,121.888,38,-178.883,0\C,36,1.41457,35,118.456,31,-175.114,0\H,43,1.0822,36,118.558,35,179.748,0\C,43,1.37503,36,122.388,35,0.455749,0\H,45,1.08311,43,119.797,36,179.121,0\C,41,1.41542,40,118.51,38,0.036602,0\H,47,1.08213,41,118.432,40,-179.872,0\C,47,1.3751,41,122.575,40,-1.02129,0\H,49,1.08306,47,119.871,41,-178.662,0\C,26,1.56855,8,119.234,6,6.84346,0\C,51,1.39342,26,121.473,8,-95.3962,0\C,52,1.39423,51,120.651,26,179.472,0\H,53,1.08247,52,118.745,51,179.957,0\C,53,1.38843,52,120.047,51,0.103517,0\O,55,1.35007,53,124.53,52,179.611,0\C,55,1.39208,53,119.532,52,-0.349906,0\H,57,1.08373,55,118.855,53,-179.933,0\C,57,1.38374,55,120.713,53,0.136128,0\C,56,1.40143,55,118.586,53,-0.167291,0\H,60,1.08815,56,106.623,55,-179.785,0\H,60,1.09495,56,112.342,55,-61.1042,0\H,60,1.09508,56,112.377,55,61.5378,0\C,52,1.50337,51,119.496,26,-0.268712,0\H,64,1.08966,52,112.058,51,179.415,0\H,64,1.09229,52,111.426,51,-60.1357,0\H,64,1.09241,52,111.306,51,59.1225,0\C,59,1.50402,57,119.821,55,-179.208,0\H,68,1.08954,59,111.715,57,-5.3218,0\H,68,1.09229,59,111.669,57,-125.7,0\H,68,1.09232,59,111.252,57,114.81,0\C,25,1.56978,1,119.918,2,-0.43611,0\C,72,1.39554,25,120.508,1,-88.8475,0\C,73,1.39349,72,120.498,25,-179.956,0\H,74,1.08272,73,118.566,72,179.794,0\C,74,1.38856,73,120.234,72,-0.112457,0\O,76,1.35009,74,124.312,73,179.783,0\C,76,1.39201,74,119.499,73,-0.173472,0\H,78,1.08342,76,118.951,74,-179.99,0\C,78,1.38451,76,120.525,74,0.266568,0\C,77,1.40184,76,118.539,74,-1.53517,0\H,81,1.08811,77,106.635,76,-179.087,0\H,81,1.09511,77,112.425,76,62.2345,0\H,81,1.09513,77,112.366,76,-60.3855,0\C,80,1.50275,78,120.215,76,-179.904,0\H,85,1.08931,80,111.959,78,-2.86457,0\H,85,1.0923,80,111.295,78,-123.289,0\H,85,1.09241,80,111.221,78,117.514,0\C,73,1.50427,72,120.026,25,0.293667,0\H,89,1.08986,73,111.882,72,-177.892,0\H,89,1.09217,73,111.557,72,-57.6157,0\H,89,1.0924,73,111.406,72,61.9025,0\\\@

 Total job time:  7019.32s(wall), 33008.03s(cpu) 
 Wed Oct 17 00:43:34 2018

        *************************************************************
        *                                                           *
        *  Thank you very much for using Q-Chem.  Have a nice day.  *
        *                                                           *
        *************************************************************


0 sent ACK to 0 
now end server 0 ... 
