mFile = /cm/shared/apps/q-chem/intel/QCHEM_5.0.1_Trunk/bin/mpi/machines
Process 0 of 1 is on ctcp033 - thread support 0
initial socket setup ...start
initial socket setup ...done 
now start server 0 ... 
ctcp033.cm.cluster 10.141.0
Q-Chem Developer Version! Running on 10.141.0.*
                  Welcome to Q-Chem
     A Quantum Leap Into The Future Of Chemistry


 Q-Chem 5.0, Q-Chem, Inc., Pleasanton, CA (2017)

 Yihan Shao,  Zhengting Gan,  E. Epifanovsky,  A. T. B. Gilbert,  M. Wormit,  
 J. Kussmann,  A. W. Lange,  A. Behn,  Jia Deng,  Xintian Feng,  D. Ghosh,  
 M. Goldey,  P. R. Horn,  L. D. Jacobson,  I. Kaliman,  T. Kus,  A. Landau,  
 Jie Liu,  E. I. Proynov,  R. M. Richard,  R. P. Steele,  E. J. Sundstrom,  
 H. L. Woodcock III,  P. M. Zimmerman,  D. Zuev,  B. Albrecht,  E. Alguire,  
 S. A. Baeppler,  Z. Benda,  Y. A. Bernard,  E. J. Berquist,  K. B. Bravaya,  
 D. Casanova,  Chun-Min Chang,  Yunqing Chen,  A. Chien,  K. D. Closser,  
 M. P. Coons,  S. Dasgupta,  M. Diedenhofen,  Hainam Do,  R. G. Edgar,  
 Po-Tung Fang,  S. Fatehi,  Qingguo Feng,  Qinghui Ge,  A. Ghysels,  
 J. Gomes,  J. Gonthier,  A. Gunina,  M. W. D. Hanson-Heine,  
 P. H. P. Harbach,  A. W. Hauser,  J. E. Herr,  E. G. Hohenstein,  
 Z. C. Holden,  Kerwin Hui,  T.-C. Jagau,  Hyunjun Ji,  B. Kaduk,  
 K. Khistyaev,  Jaehoon Kim,  P. Klunzinger,  K. Koh,  D. Kosenkov,  
 T. Kowalczyk,  C. M. Krauter,  A. Kunitsa,  Ka Un Lao,  A. Laurent,  
 K. V. Lawler,  Joonho Lee,  D. Lefrancois,  S. Lehtola,  D. S. Levine,  
 Yi-Pei Li,  You-Sheng Lin,  Fenglai Liu,  E. Livshits,  A. Luenser,  
 P. Manohar,  E. Mansoor,  S. F. Manzer,  Shan-Ping Mao,  Yuezhi Mao,  
 N. Mardirossian,  A. V. Marenich,  L. A. Martinez-Martinez,  S. A. Maurer,  
 N. J. Mayhall,  S. C. McKenzie,  J.-M. Mewes,  A. F. Morrison,  K. Nanda,  
 T. S. Nguyen-Beck,  R. Olivares-Amaya,  J. A. Parkhill,  T. M. Perrine,  
 F. Plasser,  S. Prager,  A. Prociuk,  D. R. Rehn,  F. Rob,  M. Schneider,  
 N. Sergueev,  S. M. Sharada,  S. Sharma,  D. W. Small,  T. Stauch,  
 T. Stein,  Yu-Chuan Su,  A. J. W. Thom,  T. Tsuchimochi,  L. Vogt,  
 O. Vydrov,  M. A. Watson,  J. Wenzel,  M. de Wergifosse,  T. A. Wesolowski,  
 A. White,  J. Witte,  A. Yamada,  Jun Yang,  K. Yao,  S. Yeganeh,  
 S. R. Yost,  Zhi-Qiang You,  A. Zech,  Igor Ying Zhang,  Xing Zhang,  
 Yan Zhao,  Ying Zhu,  B. R. Brooks,  G. K. L. Chan,  C. J. Cramer,  
 M. S. Gordon,  W. J. Hehre,  A. Klamt,  M. W. Schmidt,  C. D. Sherrill,  
 D. G. Truhlar,  A. Aspuru-Guzik,  R. Baer,  A. T. Bell,  N. A. Besley,  
 Jeng-Da Chai,  A. Dreuw,  B. D. Dunietz,  T. R. Furlani,  Chao-Ping Hsu,  
 Yousung Jung,  Jing Kong,  D. S. Lambrecht,  WanZhen Liang,  C. Ochsenfeld,  
 V. A. Rassolov,  L. V. Slipchenko,  J. E. Subotnik,  T. Van Voorhis,  
 J. M. Herbert,  A. I. Krylov,  P. M. W. Gill,  M. Head-Gordon

 Contributors to earlier versions of Q-Chem not listed above: 
 R. D. Adamson,  B. Austin,  J. Baker,  G. J. O. Beran,  K. Brandhorst,  
 S. T. Brown,  E. F. C. Byrd,  A. K. Chakraborty,  C.-L. Cheng,  
 Siu Hung Chien,  D. M. Chipman,  D. L. Crittenden,  H. Dachsel,  
 R. A. DiStasio Jr.,  R. J. Doerksen,  A. D. Dutoi,  L. Fusti-Molnar,  
 W. A. Goddard III,  A. Golubeva-Zadorozhnaya,  S. R. Gwaltney,  G. Hawkins,  
 A. Heyden,  S. Hirata,  G. Kedziora,  F. J. Keil,  C. Kelley,  Jihan Kim,  
 R. A. King,  R. Z. Khaliullin,  P. P. Korambath,  W. Kurlancheek,  
 A. M. Lee,  M. S. Lee,  S. V. Levchenko,  Ching Yeh Lin,  D. Liotard,  
 R. C. Lochan,  I. Lotan,  P. E. Maslen,  N. Nair,  D. P. O'Neill,  
 D. Neuhauser,  E. Neuscamman,  C. M. Oana,  R. Olson,  B. Peters,  
 R. Peverati,  P. A. Pieniazek,  Y. M. Rhee,  J. Ritchie,  M. A. Rohrdanz,  
 E. Rosta,  N. J. Russ,  H. F. Schaefer III,  N. E. Schultz,  N. Shenvi,  
 A. C. Simmonett,  A. Sodt,  D. Stuck,  K. S. Thanthiriwatte,  V. Vanovschi,  
 Tao Wang,  A. Warshel,  C. F. Williams,  Q. Wu,  X. Xu,  W. Zhang

 Please cite Q-Chem as follows:
 Y. Shao et al., Mol. Phys. 113, 184-215 (2015)
 DOI: 10.1080/00268976.2014.952696

 Q-Chem 5.0.1 for Intel X86 EM64T Linux

 Parts of Q-Chem use Armadillo 5.200.1 (Boston Tea Smuggler).
 http://arma.sourceforge.net/

 Q-Chem begins on Thu Oct 18 09:33:22 2018  

Host: 32512

     Scratch files written to /scratch/mewes/137626/qchem23693//
 Parallel job on  1  processors
The previous job contains 0 fragments, simply inherited here

Checking the input file for inconsistencies... 	...done.

--------------------------------------------------------------
User input:
--------------------------------------------------------------
$rem
threads 8
jobtype	opt
method PBEh-3c
basis def2-mSVP
mem_static	1024
mem_total	14000
sym_ignore	true
cis_n_roots             2
cis_singlets            true
cis_triplets		false
rpa                     false
cis_state_deriv         1
$end


$molecule
read incoords.mol
$end

--------------------------------------------------------------
 Adding empirical dispersion correction 
 ----------------------------------------------------------------
 Doing -D3(BJ) with
 s6 =   1.00000
 s8 =   0.00000
 a1 =   0.48600
 a2 =   4.50000
 -D3 energy including 3body term =     -0.0837325218 hartrees
 ----------------------------------------------------------------
 Adding gCP correction 
 ----------------------------------------------------------------
 gCP energy =      0.1318116484 hartrees
 ----------------------------------------------------------------
             Standard Nuclear Orientation (Angstroms)
    I     Atom           X                Y                Z
 ----------------------------------------------------------------
    1      C      -0.6772470000    -3.9844560000     3.9494570000
    2      C       0.5099830000    -3.4119240000     4.3835380000
    3      C       1.5110640000    -3.0860600000     3.4781830000
    4      C       1.3430220000    -3.3290370000     2.1092770000
    5      C       0.1432430000    -3.9128530000     1.6831950000
    6      C      -0.8577070000    -4.2360030000     2.5941500000
    7      C       2.7808170000    -2.4746180000     4.0044690000
    8      B       2.4683660000    -2.9652730000     1.0616330000
    9      C       3.5240190000    -4.0096480000     0.6629960000
   10      C       4.5041940000    -3.7112540000    -0.3310830000
   11      C       5.4301010000    -4.7093690000    -0.7078770000
   12      C       5.3758450000    -5.9600220000    -0.1482500000
   13      C       4.3769140000    -6.2663150000     0.8207550000
   14      C       3.4861740000    -5.2983270000     1.2213880000
   15      C       4.4914480000    -7.6822690000     1.1566730000
   16      C       5.5691020000    -8.1823510000     0.3977340000
   17      C       6.1420600000    -7.1787560000    -0.4073960000
   18      C       7.1818090000    -7.5231170000    -1.2338130000
   19      C       7.6300840000    -8.8634200000    -1.2393600000
   20      C       7.0557510000    -9.8380170000    -0.4570450000
   21      C       5.9759440000    -9.5143100000     0.3982190000
   22      C       3.7917580000    -8.5589880000     1.9486430000
   23      C       4.1863270000    -9.9162710000     1.9710610000
   24      C       5.2413350000   -10.3941860000     1.2293820000
   25      B       4.4702820000    -2.3487870000    -1.0137420000
   26      C       5.4184400000    -2.1175870000    -2.2456280000
   27      C       6.7327760000    -1.5626220000    -2.0763430000
   28      C       7.5553670000    -1.3741110000    -3.1558380000
   29      C       7.1002810000    -1.7326160000    -4.4409910000
   30      C       5.8085850000    -2.2896060000    -4.6268530000
   31      C       4.9797700000    -2.4837880000    -3.5609270000
   32      C       7.1729140000    -1.2052110000    -0.6987410000
   33      C       3.6217840000    -3.0786700000    -3.7397270000
   34      O       7.8034690000    -1.5895820000    -5.5366290000
   35      C       9.1158540000    -1.0472450000    -5.5025710000
   36      C      -0.0743220000    -4.2016790000     0.2229100000
   37      O      -1.5953440000    -4.2629180000     4.9043970000
   38      C      -2.8263110000    -4.8013520000     4.5097060000
   39      C       3.4567470000    -1.2776930000    -0.6280260000
   40      C       2.4866730000    -1.5877290000     0.3742520000
   41      C       1.4779270000    -0.6529520000     0.6573640000
   42      C       1.4105660000     0.5407960000    -0.0221830000
   43      C       2.3927390000     0.8647700000    -1.0023000000
   44      C       3.3905530000    -0.0322840000    -1.2925810000
   45      C       2.0215510000     2.1460250000    -1.6038730000
   46      C       0.8144040000     2.5347320000    -0.9886970000
   47      C       0.4048730000     1.5940550000    -0.0224840000
   48      C       0.0763880000     3.6599300000    -1.3439790000
   49      C       0.6253080000     4.4647740000    -2.3705090000
   50      C       1.8136230000     4.1070610000    -2.9642690000
   51      C       2.5268340000     2.9420660000    -2.6002990000
   52      C      -0.7914900000     1.7929020000     0.6196950000
   53      C      -1.5561910000     2.9329310000     0.2847720000
   54      C      -1.1507630000     3.8447540000    -0.6620540000
   55      H       6.1802200000    -4.5047470000    -1.4663770000
   56      H       2.7222080000    -5.5278800000     1.9569510000
   57      H       0.7226620000    -0.9062320000     1.3941050000
   58      H       4.1120840000     0.2099040000    -2.0675680000
   59      H       7.6567390000    -6.8007700000    -1.8859850000
   60      H       8.4496520000    -9.1328090000    -1.8934960000
   61      H       7.4225920000   -10.8562460000    -0.5047920000
   62      H       5.5015460000   -11.4448350000     1.2720770000
   63      H       3.6288970000   -10.6049660000     2.5932800000
   64      H       2.9444180000    -8.2396070000     2.5422910000
   65      H       2.2132850000     4.7319590000    -3.7528280000
   66      H       3.4433680000     2.6934930000    -3.1209010000
   67      H       0.1051670000     5.3570420000    -2.6969310000
   68      H      -1.1648690000     1.0940580000     1.3578980000
   69      H      -2.5023050000     3.0860590000     0.7882450000
   70      H      -1.7769630000     4.6974900000    -0.8940450000
   71      H       8.5420030000    -0.9556860000    -3.0138680000
   72      H       5.5069300000    -2.5522900000    -5.6326430000
   73      H       8.1836090000    -0.8014110000    -0.6811500000
   74      H       7.1313720000    -2.0817300000    -0.0503750000
   75      H       6.4926830000    -0.4723070000    -0.2620780000
   76      H       3.4070420000    -3.2837300000    -4.7872230000
   77      H       2.8535810000    -2.4107950000    -3.3502490000
   78      H       3.5371870000    -4.0101500000    -3.1788230000
   79      H       9.4627800000    -1.0426820000    -6.5307520000
   80      H       9.7832700000    -1.6649410000    -4.9005080000
   81      H       9.1113140000    -0.0260480000    -5.1197830000
   82      H       0.6426380000    -3.2188880000     5.4421620000
   83      H      -1.7719720000    -4.6827790000     2.2237190000
   84      H       2.7331780000    -2.2893640000     5.0767650000
   85      H       2.9573270000    -1.4921520000     3.5623490000
   86      H       3.6485200000    -3.0872420000     3.7543430000
   87      H       0.6590980000    -4.9174040000    -0.1542100000
   88      H       0.0270600000    -3.2976980000    -0.3810320000
   89      H      -1.0657160000    -4.6150450000     0.0350920000
   90      H      -3.4157320000    -4.9305290000     5.4156420000
   91      H      -3.3745960000    -4.1383070000     3.8316450000
   92      H      -2.7208600000    -5.7778390000     4.0245730000
 ----------------------------------------------------------------
 Nuclear Repulsion Energy =  6518.6377698701 hartrees
 There are      182 alpha and      182 beta electrons
 Requested basis set is def2-mSVP
 There are 454 shells and 886 basis functions

 Total QAlloc Memory Limit  14000 MB
 Mega-Array Size      1001 MB
 MEM_STATIC part      1024 MB
 A cutoff of  1.0D-11 yielded  37325 shell pairs
 There are    148691 function pairs (    164041 Cartesian)
 
 -------------------------------------------------------
 OpenMP Integral Computing Module                       
 Release: version 1.0, May 2013, Q-Chem Inc. Pittsburgh 
 -------------------------------------------------------
 Integral Job Info:
 Integral job number is                      11
 Integral operator is                         1
 short-range coefficients                     0
 long-range coefficients              100000000
 Omega coefficients                           0
 if combine SR and LR in K                    0
 Integral screening is                        0
 Integral computing path is                   2
 max size of driver memory is            800000
 size of driver memory is                593474
 size of scratch memory is              1809772
 max col of scratch BK array               1296
 max len of scratch array in speh3          155
 max len of scratch index in speh4           18
 max int batch size is                      520
 min int batch size is                       52
 fixed nKL is                                52
 max L of basis functions is                  2
 order of int derivative is                   0
 number of shells is                        454
 number of basis is                         940
 number of cartesian basis is               940
 number of contracted shell pairs         37325
 number of primitive shell pairs          78547
 maxK2 (contraction) of shell pair           25
 max number of K2 of shell pair               1
 max number of CS2 of shell pair           8957
 max number of PS2 of shell pair          13970
 mem total for path MDJ                  390824
 -------------------------------------------------------
 Smallest overlap matrix eigenvalue = 2.00E-04

 Scale SEOQF with 1.000000e-02/1.000000e-02/1.000000e-02

 Standard Electronic Orientation quadrupole field applied
 Nucleus-field energy     =     0.0000000596 hartrees
 Guess from superposition of atomic densities
 Warning:  Energy on first SCF cycle will be non-variational
 A restricted hybrid HF-DFT SCF calculation will be
 performed using Pulay DIIS extrapolation
 Exchange:     0.4200 Hartree-Fock + 0.5800 PBEh-3c
 Correlation:  1.0000 PBEh-3c
 Using SG-1 standard quadrature grid
 Dispersion:   Grimme D3
 SCF converges when DIIS error is below 1.0E-08
 using 8 threads for integral computing
 -------------------------------------------------------
 OpenMP Integral computing Module                
 Release: version 1.0, May 2013, Q-Chem Inc. Pittsburgh 
 -------------------------------------------------------
 ---------------------------------------
  Cycle       Energy         DIIS Error
 ---------------------------------------
    1   -2141.9282370273      2.83E-02
    2   -2123.3478776998      1.97E-03
