mFile = /cm/shared/apps/q-chem/intel/QCHEM_5.0.1_Trunk/bin/mpi/machines
Process 0 of 1 is on ctcp036 - thread support 0
initial socket setup ...start
initial socket setup ...done 
now start server 0 ... 
ctcp036.cm.cluster 10.141.0
Q-Chem Developer Version! Running on 10.141.0.*
                  Welcome to Q-Chem
     A Quantum Leap Into The Future Of Chemistry


 Q-Chem 5.0, Q-Chem, Inc., Pleasanton, CA (2017)

 Yihan Shao,  Zhengting Gan,  E. Epifanovsky,  A. T. B. Gilbert,  M. Wormit,  
 J. Kussmann,  A. W. Lange,  A. Behn,  Jia Deng,  Xintian Feng,  D. Ghosh,  
 M. Goldey,  P. R. Horn,  L. D. Jacobson,  I. Kaliman,  T. Kus,  A. Landau,  
 Jie Liu,  E. I. Proynov,  R. M. Richard,  R. P. Steele,  E. J. Sundstrom,  
 H. L. Woodcock III,  P. M. Zimmerman,  D. Zuev,  B. Albrecht,  E. Alguire,  
 S. A. Baeppler,  Z. Benda,  Y. A. Bernard,  E. J. Berquist,  K. B. Bravaya,  
 D. Casanova,  Chun-Min Chang,  Yunqing Chen,  A. Chien,  K. D. Closser,  
 M. P. Coons,  S. Dasgupta,  M. Diedenhofen,  Hainam Do,  R. G. Edgar,  
 Po-Tung Fang,  S. Fatehi,  Qingguo Feng,  Qinghui Ge,  A. Ghysels,  
 J. Gomes,  J. Gonthier,  A. Gunina,  M. W. D. Hanson-Heine,  
 P. H. P. Harbach,  A. W. Hauser,  J. E. Herr,  E. G. Hohenstein,  
 Z. C. Holden,  Kerwin Hui,  T.-C. Jagau,  Hyunjun Ji,  B. Kaduk,  
 K. Khistyaev,  Jaehoon Kim,  P. Klunzinger,  K. Koh,  D. Kosenkov,  
 T. Kowalczyk,  C. M. Krauter,  A. Kunitsa,  Ka Un Lao,  A. Laurent,  
 K. V. Lawler,  Joonho Lee,  D. Lefrancois,  S. Lehtola,  D. S. Levine,  
 Yi-Pei Li,  You-Sheng Lin,  Fenglai Liu,  E. Livshits,  A. Luenser,  
 P. Manohar,  E. Mansoor,  S. F. Manzer,  Shan-Ping Mao,  Yuezhi Mao,  
 N. Mardirossian,  A. V. Marenich,  L. A. Martinez-Martinez,  S. A. Maurer,  
 N. J. Mayhall,  S. C. McKenzie,  J.-M. Mewes,  A. F. Morrison,  K. Nanda,  
 T. S. Nguyen-Beck,  R. Olivares-Amaya,  J. A. Parkhill,  T. M. Perrine,  
 F. Plasser,  S. Prager,  A. Prociuk,  D. R. Rehn,  F. Rob,  M. Schneider,  
 N. Sergueev,  S. M. Sharada,  S. Sharma,  D. W. Small,  T. Stauch,  
 T. Stein,  Yu-Chuan Su,  A. J. W. Thom,  T. Tsuchimochi,  L. Vogt,  
 O. Vydrov,  M. A. Watson,  J. Wenzel,  M. de Wergifosse,  T. A. Wesolowski,  
 A. White,  J. Witte,  A. Yamada,  Jun Yang,  K. Yao,  S. Yeganeh,  
 S. R. Yost,  Zhi-Qiang You,  A. Zech,  Igor Ying Zhang,  Xing Zhang,  
 Yan Zhao,  Ying Zhu,  B. R. Brooks,  G. K. L. Chan,  C. J. Cramer,  
 M. S. Gordon,  W. J. Hehre,  A. Klamt,  M. W. Schmidt,  C. D. Sherrill,  
 D. G. Truhlar,  A. Aspuru-Guzik,  R. Baer,  A. T. Bell,  N. A. Besley,  
 Jeng-Da Chai,  A. Dreuw,  B. D. Dunietz,  T. R. Furlani,  Chao-Ping Hsu,  
 Yousung Jung,  Jing Kong,  D. S. Lambrecht,  WanZhen Liang,  C. Ochsenfeld,  
 V. A. Rassolov,  L. V. Slipchenko,  J. E. Subotnik,  T. Van Voorhis,  
 J. M. Herbert,  A. I. Krylov,  P. M. W. Gill,  M. Head-Gordon

 Contributors to earlier versions of Q-Chem not listed above: 
 R. D. Adamson,  B. Austin,  J. Baker,  G. J. O. Beran,  K. Brandhorst,  
 S. T. Brown,  E. F. C. Byrd,  A. K. Chakraborty,  C.-L. Cheng,  
 Siu Hung Chien,  D. M. Chipman,  D. L. Crittenden,  H. Dachsel,  
 R. A. DiStasio Jr.,  R. J. Doerksen,  A. D. Dutoi,  L. Fusti-Molnar,  
 W. A. Goddard III,  A. Golubeva-Zadorozhnaya,  S. R. Gwaltney,  G. Hawkins,  
 A. Heyden,  S. Hirata,  G. Kedziora,  F. J. Keil,  C. Kelley,  Jihan Kim,  
 R. A. King,  R. Z. Khaliullin,  P. P. Korambath,  W. Kurlancheek,  
 A. M. Lee,  M. S. Lee,  S. V. Levchenko,  Ching Yeh Lin,  D. Liotard,  
 R. C. Lochan,  I. Lotan,  P. E. Maslen,  N. Nair,  D. P. O'Neill,  
 D. Neuhauser,  E. Neuscamman,  C. M. Oana,  R. Olson,  B. Peters,  
 R. Peverati,  P. A. Pieniazek,  Y. M. Rhee,  J. Ritchie,  M. A. Rohrdanz,  
 E. Rosta,  N. J. Russ,  H. F. Schaefer III,  N. E. Schultz,  N. Shenvi,  
 A. C. Simmonett,  A. Sodt,  D. Stuck,  K. S. Thanthiriwatte,  V. Vanovschi,  
 Tao Wang,  A. Warshel,  C. F. Williams,  Q. Wu,  X. Xu,  W. Zhang

 Please cite Q-Chem as follows:
 Y. Shao et al., Mol. Phys. 113, 184-215 (2015)
 DOI: 10.1080/00268976.2014.952696

 Q-Chem 5.0.1 for Intel X86 EM64T Linux

 Parts of Q-Chem use Armadillo 5.200.1 (Boston Tea Smuggler).
 http://arma.sourceforge.net/

 Q-Chem begins on Tue Oct 16 08:09:36 2018  

Host: ctcp036
0

     Scratch files written to /scratch/mewes/137220/qchem10351//
 Parallel job on  1  processors
The previous job contains 0 fragments, simply inherited here
Symmetry turned off for PCM/SM12/SMD calculation

Checking the input file for inconsistencies... 	...done.

--------------------------------------------------------------
User input:
--------------------------------------------------------------
$rem
threads 8
jobtype opt
method PBEh-3c
basis def2-mSVP
mem_static      1024
mem_total       8000
sym_ignore      true
unrestricted true
scf_algorithm	diis
scf_max_cycles	250
solvent_method  pcm
geom_opt_tol_energy 25
geom_opt_tol_gradient 75
$end

$pcm
theory  iefpcm
$end
$solvent
dielectric      4.33
$end

$molecule
read uincoords.mol
$end
--------------------------------------------------------------
 Adding empirical dispersion correction 
 ----------------------------------------------------------------
 Doing -D3(BJ) with
 s6 =   1.00000
 s8 =   0.00000
 a1 =   0.48600
 a2 =   4.50000
 -D3 energy including 3body term =     -0.0837298698 hartrees
 ----------------------------------------------------------------
 Adding gCP correction 
 ----------------------------------------------------------------
 gCP energy =      0.1316833039 hartrees
 ----------------------------------------------------------------
             Standard Nuclear Orientation (Angstroms)
    I     Atom           X                Y                Z
 ----------------------------------------------------------------
    1      C       0.0000000000     0.0000000000     0.0000000000
    2      C       0.0000000000     0.0000000000     1.3970920000
    3      H       0.9433709246     0.0000000000     1.9325653342
    4      C      -1.1981251426     0.0395229771     2.0849095805
    5      C      -2.4226306496     0.0531470899     1.3811803287
    6      C      -2.4312628164     0.0645579141    -0.0009706144
    7      H      -3.3687772008     0.1244804561    -0.5428543733
    8      C      -1.2245748378     0.0500427236    -0.7051824898
    9      C      -3.5078517806     0.1505703623     2.3595108367
   10      C      -4.8727938557     0.2449176319     2.2937367298
   11      H      -5.4026711956     0.2254453929     1.3497759379
   12      C      -2.8926425366     0.2072508379     3.6232956289
   13      C      -3.5785667507     0.3715626871     4.8221788756
   14      C      -1.4909094157     0.1497721242     3.5157267572
   15      C      -0.7425703494     0.2616920842     4.6582682961
   16      H       0.3399797589     0.2430727580     4.6381562063
   17      C      -5.6007056390     0.3896720080     3.4986024678
   18      H      -6.6788844983     0.4654444494     3.4449899672
   19      C      -4.9882276473     0.4540077496     4.7277008903
   20      H      -5.5849839563     0.5817348218     5.6226859546
   21      C      -1.4127103466     0.4220986359     5.8943598038
   22      H      -0.8200248533     0.5140177426     6.7952569150
   23      C      -2.7832081789     0.4751592698     5.9885780081
   24      H      -3.2527634138     0.6098405387     6.9554345466
   25      B       1.3454717354     0.0279796007    -0.7760263189
   26      B      -1.2274918054     0.2088446059    -2.2519643460
   27      C       0.1130404394     0.1495114022    -3.0390770850
   28      C       0.1209245427     0.2761855340    -4.4308891871
   29      H      -0.8200643762     0.3652314160    -4.9628404855
   30      C       1.3234859187     0.3425676327    -5.1128515835
   31      C       2.5422877475     0.2927807108    -4.4015789225
   32      C       2.5450843655     0.1465669057    -3.0268564460
   33      H       3.4796176518     0.1301191490    -2.4764287734
   34      C       1.3367354031     0.0746679798    -2.3314383427
   35      C       3.6334620489     0.5308459523    -5.3435581384
   36      C       4.9892317088     0.6887496463    -5.2324349855
   37      H       5.5012129659     0.5872948823    -4.2834566239
   38      C       3.0333575005     0.7030273219    -6.6039681965
   39      C       3.7305320891     1.0346526280    -7.7597987945
   40      C       1.6326785015     0.5880670822    -6.5233346126
   41      C       0.8970546273     0.7855249084    -7.6614324568
   42      H      -0.1842363320     0.7285924319    -7.6606754855
   43      C       5.7274640999     1.0136403459    -6.3945322638
   44      H       6.7984158162     1.1428754208    -6.3078159382
   45      C       5.1315879678     1.1840415872    -7.6219752578
   46      H       5.7357299226     1.4465147923    -8.4817665630
   47      C       1.5799119187     1.0944280227    -8.8621388035
   48      H       0.9972591873     1.2522840615    -9.7602445576
   49      C       2.9475566640     1.2233730876    -8.9239087837
   50      H       3.4231371428     1.4822564617    -9.8619026009
   51      C      -2.5728581492     0.5450579313    -2.9849797973
   52      C      -3.3678187502    -0.4549937685    -3.5413501445
   53      C      -4.5660813284    -0.1377545762    -4.1796208074
   54      H      -5.1591556223    -0.9389744822    -4.6015712612
   55      C      -4.9776058773     1.1853326017    -4.2680054546
   56      O      -6.1143395627     1.5945828437    -4.8705287923
   57      C      -4.1896785383     2.1877855871    -3.7092983760
   58      H      -4.5218974524     3.2166491458    -3.7836931418
   59      C      -3.0015595573     1.8793467096    -3.0705777302
   60      C      -6.9473416306     0.6314045534    -5.4556913298
   61      H      -7.7925144335     1.1682646293    -5.8817499050
   62      H      -6.4464701498     0.0802570427    -6.2583684961
   63      H      -7.3279896530    -0.0899388910    -4.7249536922
   64      C      -2.9281650631    -1.8894095258    -3.4450775772
   65      H      -3.6425355219    -2.5684456258    -3.9097727018
   66      H      -1.9633250159    -2.0446173339    -3.9330194738
   67      H      -2.8117774438    -2.1998800591    -2.4041990383
   68      C      -2.1747587157     2.9764975062    -2.4584105223
   69      H      -2.5867834533     3.9612759903    -2.6764622218
   70      H      -1.1473091241     2.9618083507    -2.8288578115
   71      H      -2.1242096564     2.8749933654    -1.3719942508
   72      C       2.7028708746     0.0665656048     0.0114957983
   73      C       3.2737928651     1.2855181387     0.3799101172
   74      C       4.4792274769     1.3195426873     1.0781903294
   75      H       4.8957808312     2.2825555105     1.3453542018
   76      C       5.1245138321     0.1376668551     1.4171044808
   77      O       6.2947935590     0.0746774829     2.0873437723
   78      C       4.5563007496    -1.0810674214     1.0572299022
   79      H       5.0672624832    -1.9977576420     1.3263071087
   80      C       3.3598172690    -1.1210426816     0.3617385108
   81      C       6.9274019868     1.2735821132     2.4445407072
   82      H       7.8489713262     0.9997174145     2.9541357416
   83      H       6.3213107822     1.8784756432     3.1272060294
   84      H       7.1819035408     1.8861575496     1.5731657068
   85      C       2.7515173206    -2.4406815578    -0.0213867654
   86      H       3.3831862916    -3.2796878929     0.2678480499
   87      H       2.5910213313    -2.5053192365    -1.0998940341
   88      H       1.7785447372    -2.5808001158     0.4551093677
   89      C       2.5852146944     2.5759785994     0.0286351277
   90      H       3.1627111445     3.4440272994     0.3460865496
   91      H       2.4269833359     2.6661888068    -1.0482411182
   92      H       1.6035994476     2.6460256826     0.5028366071
 ----------------------------------------------------------------
 Nuclear Repulsion Energy =  6520.9038650019 hartrees
 There are      183 alpha and      181 beta electrons
 Requested basis set is def2-mSVP
 There are 454 shells and 886 basis functions

 Total QAlloc Memory Limit   8000 MB
 Mega-Array Size      1001 MB
 MEM_STATIC part      1024 MB
 Discretize the solute cavity surface with Lebedev spheres
	Using 302 Lebedev grid points for each H atom
	Using 302 Lebedev grid points for other atoms
	Atomic van der Waals radii will be scaled by 1.20
 Remove points where switching function is < 1.0e-08
 Keep 9848 surface tesserae and discard 17936 interior tesserae
 Molecular Surface Area = 734.071 Angst**2
 A cutoff of  1.0D-11 yielded  37342 shell pairs
 There are    148734 function pairs (    164105 Cartesian)
 
 -------------------------------------------------------
 OpenMP Integral Computing Module                       
 Release: version 1.0, May 2013, Q-Chem Inc. Pittsburgh 
 -------------------------------------------------------
 Integral Job Info:
 Integral job number is                      11
 Integral operator is                         1
 short-range coefficients                     0
 long-range coefficients              100000000
 Omega coefficients                           0
 if combine SR and LR in K                    0
 Integral screening is                        0
 Integral computing path is                   2
 max size of driver memory is            800000
 size of driver memory is                593474
 size of scratch memory is              1809772
 max col of scratch BK array               1296
 max len of scratch array in speh3          155
 max len of scratch index in speh4           18
 max int batch size is                      520
 min int batch size is                       52
 fixed nKL is                                52
 max L of basis functions is                  2
 order of int derivative is                   0
 number of shells is                        454
 number of basis is                         940
 number of cartesian basis is               940
 number of contracted shell pairs         37342
 number of primitive shell pairs          78615
 maxK2 (contraction) of shell pair           25
 max number of K2 of shell pair               1
 max number of CS2 of shell pair           8937
 max number of PS2 of shell pair          14050
 mem total for path MDJ                  391864
 -------------------------------------------------------
 Smallest overlap matrix eigenvalue = 1.99E-04

 Scale SEOQF with 1.000000e-02/1.000000e-01/1.000000e-02

 Standard Electronic Orientation quadrupole field applied
 Nucleus-field energy     =    -0.0000000198 hartrees
 Guess from superposition of atomic densities
 Warning:  Energy on first SCF cycle will be non-variational
 An unrestricted hybrid HF-DFT SCF calculation will be
 performed using Pulay DIIS extrapolation
 Polarizable Continuum solvation model will be applied
 Exchange:     0.4200 Hartree-Fock + 0.5800 PBEh-3c
 Correlation:  1.0000 PBEh-3c
 Using SG-1 standard quadrature grid
 Dispersion:   Grimme D3
 SCF converges when DIIS error is below 1.0E-08
 using 8 threads for integral computing
 -------------------------------------------------------
 OpenMP Integral computing Module                
 Release: version 1.0, May 2013, Q-Chem Inc. Pittsburgh 
 -------------------------------------------------------
 ---------------------------------------
  Cycle       Energy         DIIS Error
 ---------------------------------------
    1   -2142.0805623097      2.83E-02
 Using non-symmetric K matrix
    2   -2123.2861202423      1.91E-03
    3   -2123.4256824631      1.57E-03
    4   -2123.6591398098      6.82E-04
    5   -2123.7118846693      1.79E-04
    6   -2123.7148972516      1.18E-04
    7   -2123.7164003182      2.49E-05
    8   -2123.7166318857      3.50E-05
    9   -2123.7168190239      3.30E-05
   10   -2123.7170235847      3.72E-05
   11   -2123.7168246813      3.30E-05
   12   -2123.7163035850      8.97E-06
   13   -2123.7163475485      4.70E-06
   14   -2123.7163813988      2.72E-06
   15   -2123.7164328985      2.98E-06
   16   -2123.7164521668      2.39E-06
   17   -2123.7164700467      1.23E-06
   18   -2123.7164731572      5.04E-07
   19   -2123.7164770136      3.67E-07
   20   -2123.7164789422      3.63E-07
   21   -2123.7164796987      3.37E-07
   22   -2123.7164770921      3.61E-07
   23   -2123.7164711830      4.84E-07
   24   -2123.7164693942      5.25E-07
   25   -2123.7164685753      2.91E-07
   26   -2123.7164589049      2.09E-06
   27   -2123.7164576473      2.14E-06
   28   -2123.7164577330      1.45E-06
   29   -2123.7164576562      6.31E-07
   30   -2123.7164578449      1.90E-07
   31   -2123.7164578651      1.86E-07
   32   -2123.7164578860      2.41E-08
   33   -2123.7164579090      5.93E-08
   34   -2123.7164579301      1.60E-08
   35   -2123.7164579511      1.72E-08
   36   -2123.7164579634      1.92E-08
   37   -2123.7164579601      3.35E-08
   38   -2123.7164579674      5.46E-09 Convergence criterion met
 ---------------------------------------

************** Final PCM Free Energy Summary **************
 G_electrostatic  =      -0.02762709 hartree =     -17.33626200 kcal/mol
 G_cavitation     =       0.00000000 hartree =       0.00000000 kcal/mol
 G_dispersion     =       0.00000000 hartree =       0.00000000 kcal/mol
 G_repulsion      =       0.00000000 hartree =       0.00000000 kcal/mol
 --------------------------------------------------
 Non-electrostatic Free Energy =       0.00000000 hartree =       0.00000000 kcal/mol
 Total                         =      -0.02762709 hartree =     -17.33626200 kcal/mol
 --------------------------------------------------
 SCF Energy (H0 + V/2)                       =   -2123.71645797 
 Solute Internal Energy (H0)                 =   -2123.68883088 
 Total Free Energy (H0 + V/2 + non-elec)     =   -2123.71645797 hartree
                                             = -1332652.19109313 kcal/mol
***********************************************************

 <S^2> = 2.0353
 SCF time:  CPU 13669.42 s  wall 3558.38 s
 SCF   energy in the final basis set = -2123.71645797
 Total energy in the final basis set = -2123.71645797
 
 --------------------------------------------------------------
 
                    Orbital Energies (a.u.)
 --------------------------------------------------------------
 
 Alpha MOs
 -- Occupied --
-19.561 -19.560 -10.537 -10.536 -10.496 -10.496 -10.476 -10.475
-10.471 -10.470 -10.456 -10.456 -10.455 -10.455 -10.455 -10.454
-10.452 -10.451 -10.451 -10.451 -10.451 -10.451 -10.451 -10.450
-10.450 -10.450 -10.450 -10.450 -10.449 -10.449 -10.449 -10.449
-10.445 -10.445 -10.445 -10.445 -10.444 -10.444 -10.441 -10.440
-10.440 -10.440 -10.437 -10.437 -10.432 -10.431 -10.429 -10.428
-10.418 -10.418 -10.417 -10.417  -6.916  -6.915  -1.214  -1.213
 -1.005  -1.005  -0.980  -0.979  -0.949  -0.947  -0.923  -0.923
 -0.898  -0.888  -0.888  -0.888  -0.877  -0.874  -0.842  -0.842
 -0.837  -0.836  -0.811  -0.808  -0.803  -0.801  -0.801  -0.792
 -0.779  -0.779  -0.772  -0.771  -0.722  -0.718  -0.716  -0.708
 -0.684  -0.679  -0.676  -0.668  -0.662  -0.661  -0.656  -0.653
 -0.637  -0.636  -0.605  -0.605  -0.587  -0.586  -0.581  -0.579
 -0.579  -0.579  -0.573  -0.563  -0.562  -0.557  -0.556  -0.546
 -0.542  -0.532  -0.516  -0.516  -0.508  -0.504  -0.503  -0.500
 -0.492  -0.490  -0.490  -0.489  -0.487  -0.480  -0.477  -0.477
 -0.476  -0.476  -0.475  -0.474  -0.474  -0.471  -0.469  -0.469
 -0.465  -0.458  -0.456  -0.449  -0.446  -0.444  -0.438  -0.437
 -0.435  -0.433  -0.433  -0.429  -0.422  -0.416  -0.416  -0.415
 -0.414  -0.406  -0.394  -0.393  -0.388  -0.388  -0.387  -0.384
 -0.383  -0.382  -0.381  -0.374  -0.364  -0.362  -0.360  -0.341
 -0.338  -0.331  -0.313  -0.306  -0.296  -0.296  -0.290  -0.288
 -0.281  -0.275  -0.275  -0.258  -0.248  -0.247  -0.152
 -- Virtual --
 -0.058  -0.031  -0.030   0.003   0.006   0.008   0.012   0.012
  0.013   0.027   0.049   0.073   0.091   0.092   0.097   0.126
  0.131   0.131   0.143   0.152   0.154   0.157   0.157   0.163
  0.166   0.170   0.171   0.173   0.174   0.175   0.179   0.181
  0.189   0.189   0.190   0.194   0.198   0.201   0.203   0.207
  0.207   0.208   0.209   0.213   0.215   0.216   0.219   0.220
  0.225   0.225   0.227   0.229   0.231   0.234   0.235   0.239
  0.241   0.244   0.247   0.247   0.253   0.256   0.259   0.261
  0.261   0.263   0.278   0.278   0.280   0.281   0.287   0.293
  0.295   0.298   0.300   0.304   0.308   0.310   0.313   0.316
  0.318   0.320   0.321   0.327   0.333   0.337   0.341   0.341
  0.343   0.359   0.360   0.369   0.374   0.381   0.388   0.391
  0.396   0.397   0.408   0.414   0.422   0.430   0.433   0.438
  0.439   0.442   0.457   0.460   0.463   0.467   0.471   0.477
  0.482   0.487   0.489   0.492   0.495   0.497   0.500   0.502
  0.503   0.505   0.521   0.523   0.528   0.530   0.533   0.534
  0.535   0.536   0.538   0.541   0.543   0.544   0.546   0.546
  0.548   0.555   0.556   0.556   0.559   0.562   0.564   0.565
  0.567   0.571   0.572   0.574   0.577   0.583   0.584   0.587
  0.590   0.595   0.596   0.597   0.598   0.599   0.602   0.606
  0.609   0.609   0.610   0.612   0.615   0.616   0.618   0.621
  0.625   0.628   0.629   0.629   0.633   0.634   0.635   0.640
  0.640   0.645   0.646   0.660   0.661   0.662   0.665   0.666
  0.671   0.673   0.678   0.679   0.681   0.686   0.687   0.689
  0.696   0.700   0.703   0.704   0.704   0.709   0.716   0.718
  0.721   0.726   0.727   0.729   0.738   0.741   0.745   0.753
  0.753   0.758   0.760   0.762   0.766   0.777   0.778   0.780
  0.782   0.784   0.787   0.788   0.793   0.799   0.801   0.804
  0.818   0.825   0.832   0.835   0.841   0.846   0.849   0.855
  0.859   0.869   0.881   0.886   0.886   0.895   0.915   0.921
  0.925   0.927   0.928   0.930   0.935   0.940   0.956   0.959
  0.960   0.962   0.966   0.968   0.974   0.974   0.981   0.983
  0.985   0.986   0.990   0.990   0.991   0.995   0.998   0.998
  1.000   1.008   1.010   1.011   1.017   1.019   1.024   1.027
  1.029   1.031   1.033   1.043   1.045   1.046   1.049   1.050
  1.051   1.058   1.064   1.066   1.067   1.071   1.077   1.078
  1.081   1.082   1.083   1.084   1.089   1.091   1.095   1.102
  1.105   1.111   1.122   1.129   1.131   1.133   1.135   1.138
  1.139   1.144   1.145   1.147   1.148   1.161   1.162   1.165
  1.171   1.175   1.184   1.187   1.192   1.205   1.208   1.210
  1.214   1.220   1.237   1.245   1.247   1.251   1.254   1.262
  1.264   1.267   1.271   1.276   1.277   1.281   1.283   1.288
  1.292   1.296   1.300   1.305   1.311   1.313   1.321   1.329
  1.331   1.340   1.346   1.354   1.355   1.368   1.373   1.374
  1.378   1.395   1.396   1.399   1.401   1.404   1.409   1.410
  1.412   1.416   1.418   1.427   1.439   1.443   1.446   1.449
  1.455   1.455   1.457   1.464   1.468   1.492   1.493   1.503
  1.505   1.506   1.512   1.519   1.520   1.524   1.527   1.527
  1.529   1.534   1.538   1.539   1.540   1.545   1.548   1.556
  1.562   1.562   1.564   1.565   1.570   1.571   1.572   1.576
  1.583   1.590   1.593   1.600   1.606   1.615   1.621   1.628
  1.647   1.650   1.653   1.661   1.675   1.678   1.690   1.703
  1.733   1.738   1.748   1.755   1.761   1.779   1.795   1.800
  1.817   1.818   1.819   1.820   1.828   1.828   1.833   1.839
  1.845   1.845   1.855   1.865   1.867   1.904   1.909   1.911
  1.915   1.920   1.923   1.923   1.929   1.929   1.933   1.937
  1.939   1.940   1.941   1.946   1.951   1.953   1.969   1.976
  1.981   1.981   1.987   1.988   1.996   1.996   1.997   2.006
  2.010   2.012   2.037   2.041   2.051   2.058   2.063   2.064
  2.071   2.080   2.082   2.083   2.097   2.101   2.103   2.122
  2.122   2.127   2.129   2.137   2.139   2.140   2.145   2.151
  2.157   2.164   2.170   2.175   2.190   2.192   2.194   2.200
  2.205   2.212   2.212   2.216   2.217   2.219   2.236   2.241
  2.243   2.249   2.253   2.256   2.261   2.265   2.268   2.275
  2.277   2.279   2.282   2.286   2.290   2.297   2.299   2.308
  2.308   2.316   2.317   2.332   2.332   2.333   2.347   2.348
  2.350   2.352   2.355   2.357   2.359   2.367   2.372   2.380
  2.388   2.393   2.396   2.402   2.405   2.405   2.412   2.417
  2.419   2.427   2.429   2.430   2.433   2.443   2.446   2.448
  2.452   2.461   2.466   2.478   2.489   2.493   2.495   2.505
  2.507   2.508   2.511   2.528   2.541   2.557   2.560   2.567
  2.585   2.611   2.623   2.627   2.631   2.632   2.648   2.652
  2.653   2.654   2.671   2.696   2.699   2.715   2.721   2.724
  2.735   2.739   2.741   2.743   2.749   2.752   2.759   2.761
  2.770   2.781   2.784   2.794   2.796   2.799   2.802   2.803
  2.804   2.816   2.820   2.829   2.833   2.853   2.857   2.860
  2.864   2.878   2.881   2.884   2.885   2.896   2.912   2.914
  2.918   2.944   2.951   2.967   2.988   2.992   3.020   3.021
  3.029   3.048   3.056   3.059   3.061   3.078   3.083   3.091
  3.094   3.128   3.249   3.265   3.268   3.292   3.294   3.414
  3.453   3.463   3.504   3.504   3.507   3.528   3.541   3.680
  3.694   9.615   9.751  13.153  13.186  13.377  13.465  13.506
 13.521  13.535  13.556  13.700  13.708  13.741  13.769  13.770
 13.800  13.804  13.815  13.830  13.871  13.886  13.897  13.904
 13.919  13.932  13.984  14.009  14.021  14.043  14.055  14.133
 14.171  14.172  14.176  14.180  14.200  14.210  14.233  14.260
 14.273  14.316  14.319  14.349  14.357  14.523  14.527  14.544
 14.548  14.586  14.589  14.595  14.596  25.753  25.754
 
 Beta MOs
 -- Occupied --
-19.558 -19.557 -10.535 -10.534 -10.496 -10.496 -10.475 -10.474
-10.471 -10.470 -10.456 -10.456 -10.456 -10.456 -10.454 -10.453
-10.452 -10.452 -10.452 -10.451 -10.450 -10.450 -10.450 -10.450
-10.450 -10.450 -10.450 -10.450 -10.449 -10.448 -10.448 -10.448
-10.444 -10.444 -10.443 -10.443 -10.443 -10.442 -10.441 -10.440
-10.440 -10.440 -10.437 -10.437 -10.432 -10.431 -10.429 -10.428
-10.417 -10.416 -10.416 -10.416  -6.913  -6.912  -1.208  -1.207
 -1.005  -1.004  -0.975  -0.974  -0.948  -0.946  -0.923  -0.922
 -0.896  -0.888  -0.887  -0.886  -0.872  -0.869  -0.841  -0.840
 -0.836  -0.835  -0.808  -0.806  -0.802  -0.800  -0.800  -0.790
 -0.776  -0.776  -0.769  -0.768  -0.720  -0.716  -0.714  -0.707
 -0.679  -0.677  -0.673  -0.667  -0.660  -0.659  -0.652  -0.650
 -0.636  -0.635  -0.603  -0.603  -0.583  -0.583  -0.580  -0.577
 -0.577  -0.576  -0.572  -0.562  -0.561  -0.547  -0.547  -0.544
 -0.540  -0.530  -0.516  -0.515  -0.504  -0.502  -0.502  -0.497
 -0.489  -0.489  -0.487  -0.486  -0.485  -0.479  -0.476  -0.476
 -0.475  -0.475  -0.474  -0.473  -0.473  -0.470  -0.468  -0.468
 -0.464  -0.457  -0.455  -0.448  -0.445  -0.441  -0.434  -0.432
 -0.430  -0.429  -0.429  -0.428  -0.418  -0.415  -0.414  -0.412
 -0.411  -0.404  -0.392  -0.391  -0.387  -0.385  -0.385  -0.384
 -0.381  -0.378  -0.365  -0.364  -0.357  -0.355  -0.353  -0.340
 -0.335  -0.317  -0.306  -0.301  -0.294  -0.293  -0.286  -0.286
 -0.264  -0.250  -0.245  -0.240  -0.229
 -- Virtual --
 -0.196  -0.068  -0.045  -0.020  -0.012   0.006   0.015   0.017
  0.018   0.026   0.028   0.029   0.062   0.083   0.092   0.101
  0.105   0.129   0.132   0.136   0.146   0.153   0.155   0.157
  0.157   0.164   0.171   0.172   0.174   0.174   0.178   0.180
  0.181   0.183   0.190   0.191   0.192   0.195   0.199   0.202
  0.204   0.208   0.208   0.209   0.210   0.214   0.217   0.219
  0.221   0.222   0.226   0.227   0.228   0.230   0.234   0.236
  0.238   0.242   0.243   0.247   0.248   0.251   0.254   0.260
  0.261   0.261   0.264   0.265   0.279   0.279   0.282   0.282
  0.290   0.294   0.296   0.300   0.302   0.307   0.311   0.314
  0.315   0.318   0.320   0.321   0.323   0.329   0.334   0.340
  0.344   0.346   0.346   0.360   0.361   0.374   0.375   0.385
  0.391   0.392   0.397   0.399   0.411   0.415   0.424   0.432
  0.436   0.441   0.442   0.445   0.460   0.463   0.466   0.472
  0.475   0.480   0.484   0.489   0.491   0.494   0.497   0.501
  0.502   0.503   0.506   0.507   0.525   0.527   0.529   0.535
  0.535   0.536   0.538   0.538   0.540   0.544   0.545   0.547
  0.547   0.549   0.550   0.556   0.557   0.557   0.561   0.565
  0.565   0.566   0.569   0.572   0.574   0.575   0.579   0.586
  0.586   0.588   0.593   0.597   0.597   0.599   0.599   0.600
  0.604   0.608   0.610   0.611   0.611   0.613   0.616   0.617
  0.620   0.623   0.626   0.630   0.630   0.631   0.634   0.636
  0.637   0.641   0.641   0.647   0.647   0.661   0.663   0.665
  0.666   0.668   0.673   0.675   0.679   0.681   0.683   0.688
  0.689   0.691   0.698   0.701   0.705   0.705   0.706   0.709
  0.716   0.719   0.723   0.728   0.728   0.731   0.740   0.743
  0.748   0.754   0.755   0.759   0.761   0.764   0.767   0.778
  0.780   0.782   0.783   0.785   0.788   0.790   0.795   0.801
  0.803   0.807   0.820   0.826   0.834   0.837   0.843   0.849
  0.853   0.857   0.863   0.872   0.885   0.887   0.888   0.897
  0.917   0.923   0.926   0.928   0.930   0.931   0.937   0.942
  0.957   0.959   0.961   0.964   0.966   0.969   0.975   0.975
  0.982   0.985   0.986   0.987   0.991   0.992   0.992   0.996
  0.998   0.998   1.002   1.010   1.011   1.011   1.018   1.019
  1.026   1.028   1.030   1.032   1.035   1.044   1.046   1.047
  1.050   1.051   1.052   1.059   1.065   1.067   1.068   1.073
  1.078   1.079   1.081   1.083   1.083   1.085   1.089   1.092
  1.096   1.103   1.106   1.112   1.123   1.130   1.132   1.135
  1.139   1.142   1.143   1.144   1.146   1.147   1.149   1.162
  1.163   1.167   1.172   1.176   1.186   1.190   1.194   1.206
  1.210   1.212   1.216   1.223   1.239   1.246   1.248   1.252
  1.255   1.264   1.266   1.269   1.273   1.278   1.281   1.284
  1.287   1.291   1.294   1.299   1.302   1.307   1.313   1.315
  1.323   1.331   1.332   1.344   1.348   1.356   1.358   1.371
  1.377   1.377   1.381   1.397   1.398   1.402   1.403   1.406
  1.410   1.413   1.415   1.420   1.421   1.428   1.441   1.444
  1.447   1.452   1.457   1.458   1.458   1.467   1.471   1.496
  1.497   1.507   1.507   1.508   1.514   1.520   1.521   1.526
  1.528   1.528   1.531   1.536   1.539   1.541   1.542   1.547
  1.550   1.558   1.563   1.564   1.566   1.567   1.574   1.574
  1.576   1.577   1.585   1.591   1.595   1.602   1.608   1.617
  1.622   1.631   1.650   1.653   1.656   1.664   1.678   1.684
  1.695   1.704   1.735   1.739   1.751   1.756   1.761   1.783
  1.797   1.802   1.817   1.819   1.820   1.822   1.829   1.830
  1.834   1.841   1.845   1.847   1.856   1.869   1.869   1.906
  1.912   1.913   1.916   1.923   1.925   1.925   1.931   1.932
  1.936   1.939   1.940   1.942   1.943   1.948   1.954   1.958
  1.973   1.981   1.983   1.984   1.989   1.990   1.996   1.998
  1.998   2.008   2.014   2.015   2.042   2.046   2.052   2.061
  2.065   2.067   2.073   2.082   2.083   2.084   2.097   2.103
  2.105   2.123   2.123   2.128   2.130   2.139   2.140   2.142
  2.148   2.153   2.159   2.165   2.172   2.176   2.192   2.194
  2.196   2.202   2.207   2.213   2.215   2.216   2.217   2.221
  2.238   2.242   2.243   2.253   2.257   2.258   2.265   2.267
  2.271   2.277   2.280   2.281   2.284   2.290   2.292   2.300
  2.301   2.311   2.311   2.319   2.321   2.333   2.334   2.334
  2.348   2.350   2.351   2.353   2.357   2.358   2.360   2.369
  2.374   2.383   2.391   2.395   2.398   2.404   2.406   2.407
  2.414   2.420   2.421   2.428   2.431   2.432   2.435   2.444
  2.448   2.450   2.455   2.462   2.467   2.482   2.491   2.496
  2.498   2.507   2.509   2.510   2.512   2.535   2.543   2.560
  2.562   2.572   2.589   2.615   2.626   2.629   2.636   2.636
  2.650   2.653   2.654   2.654   2.672   2.697   2.700   2.717
  2.722   2.726   2.736   2.740   2.742   2.745   2.753   2.756
  2.760   2.762   2.772   2.785   2.788   2.796   2.797   2.801
  2.803   2.804   2.805   2.816   2.820   2.830   2.833   2.853
  2.859   2.861   2.865   2.879   2.883   2.884   2.887   2.899
  2.914   2.915   2.920   2.944   2.953   2.968   2.989   2.994
  3.021   3.022   3.031   3.050   3.060   3.062   3.063   3.081
  3.085   3.091   3.096   3.131   3.251   3.265   3.268   3.293
  3.296   3.415   3.453   3.464   3.504   3.504   3.508   3.529
  3.543   3.680   3.695   9.619   9.756  13.153  13.186  13.378
 13.466  13.506  13.521  13.535  13.557  13.701  13.708  13.741
 13.769  13.770  13.800  13.804  13.816  13.832  13.872  13.887
 13.898  13.904  13.920  13.933  13.986  14.010  14.022  14.044
 14.056  14.133  14.171  14.172  14.176  14.181  14.200  14.212
 14.236  14.261  14.274  14.316  14.319  14.350  14.358  14.523
 14.527  14.546  14.549  14.587  14.590  14.595  14.596  25.757
 25.758
 --------------------------------------------------------------
 
          Ground-State Mulliken Net Atomic Charges

     Atom                 Charge (a.u.)    Spin (a.u.)
  --------------------------------------------------------
      1 C                    -0.143522       0.051155
      2 C                    -0.399576      -0.020642
      3 H                     0.221985      -0.000887
      4 C                     0.063061       0.060209
      5 C                     0.067125       0.066968
      6 C                    -0.398663      -0.025474
      7 H                     0.221973      -0.000613
      8 C                    -0.145397       0.052662
      9 C                     0.179206      -0.048533
     10 C                    -0.405722       0.076267
     11 H                     0.233166      -0.004480
     12 C                    -0.073907       0.022410
     13 C                     0.228674      -0.036905
     14 C                     0.179329      -0.047717
     15 C                    -0.405167       0.074072
     16 H                     0.232977      -0.004342
     17 C                    -0.225190      -0.048367
     18 H                     0.242123       0.002339
     19 C                    -0.358297       0.070602
     20 H                     0.237953      -0.004131
     21 C                    -0.225456      -0.047407
     22 H                     0.242196       0.002307
     23 C                    -0.357885       0.067959
     24 H                     0.237853      -0.003976
     25 B                     0.580810       0.317596
     26 B                     0.577124       0.314809
     27 C                    -0.142888       0.050569
     28 C                    -0.401036      -0.021815
     29 H                     0.220838      -0.000582
     30 C                     0.068561       0.064273
     31 C                     0.062317       0.061655
     32 C                    -0.396744      -0.020180
     33 H                     0.222465      -0.000868
     34 C                    -0.145003       0.051121
     35 C                     0.175947      -0.048133
     36 C                    -0.402214       0.075799
     37 H                     0.233279      -0.004442
     38 C                    -0.072281       0.022144
     39 C                     0.229224      -0.037451
     40 C                     0.176753      -0.047983
     41 C                    -0.405115       0.076594
     42 H                     0.233395      -0.004502
     43 C                    -0.225886      -0.048369
     44 H                     0.242162       0.002349
     45 C                    -0.357695       0.070165
     46 H                     0.237712      -0.004109
     47 C                    -0.224931      -0.048712
     48 H                     0.242223       0.002355
     49 C                    -0.358785       0.071295
     50 H                     0.238132      -0.004168
     51 C                    -0.149470       0.198697
     52 C                     0.070301       0.016160
     53 C                    -0.427616       0.011768
     54 H                     0.267358      -0.001223
     55 C                     0.426920       0.108686
     56 O                    -0.434996       0.071782
     57 C                    -0.387624       0.042247
     58 H                     0.259066      -0.002693
     59 C                     0.040359      -0.030035
     60 C                    -0.438460      -0.007342
     61 H                     0.263525      -0.000017
     62 H                     0.231728       0.005176
     63 H                     0.231731       0.005200
     64 C                    -0.758746      -0.000280
     65 H                     0.246555       0.001392
     66 H                     0.261582       0.001470
     67 H                     0.261295       0.001512
     68 C                    -0.761317       0.002394
     69 H                     0.248634       0.001249
     70 H                     0.261121      -0.001050
     71 H                     0.260475      -0.000387
     72 C                    -0.152644       0.203940
     73 C                     0.051452       0.014652
     74 C                    -0.435160       0.008992
     75 H                     0.267986      -0.001142
     76 C                     0.427462       0.109782
     77 O                    -0.434632       0.073215
     78 C                    -0.381380       0.048063
     79 H                     0.259762      -0.002937
     80 C                     0.059078      -0.031657
     81 C                    -0.439090      -0.007459
     82 H                     0.263995      -0.000016
     83 H                     0.232091       0.005293
     84 H                     0.232494       0.005268
     85 C                    -0.760659       0.003257
     86 H                     0.248035       0.001428
     87 H                     0.260273      -0.000952
     88 H                     0.259491      -0.000600
     89 C                    -0.760807      -0.001020
     90 H                     0.247158       0.001314
     91 H                     0.263467       0.001333
     92 H                     0.262000       0.001658
  --------------------------------------------------------
  Sum of atomic charges =    -0.000000
  Sum of spin   charges =     2.000000

 -----------------------------------------------------------------
                    Cartesian Multipole Moments
 -----------------------------------------------------------------
    Charge (ESU x 10^10)
                -0.0000
    Dipole Moment (Debye)
         X      -0.1748      Y       2.1502      Z      -0.0357
       Tot       2.1576
    Quadrupole Moments (Debye-Ang)
        XX    -214.5835     XY      16.6340     YY    -306.6744
        XZ      57.1868     YZ       5.7662     ZZ    -280.1415
    Octopole Moments (Debye-Ang^2)
       XXX     -80.0783    XXY     -44.0207    XYY      18.0089
       YYY    -424.7238    XXZ     302.7594    XYZ     -18.9194
       YYZ     465.5608    XZZ    -209.6057    YZZ     -73.2240
       ZZZ    1241.5523
    Hexadecapole Moments (Debye-Ang^3)
      XXXX  -19260.4539   XXXY     796.2388   XXYY   -4416.9510
      XYYY     -63.6413   YYYY   -2528.7012   XXXZ    4164.4909
      XXYZ     647.9182   XYYZ    1164.2353   YYYZ    1449.7156
      XXZZ   -7511.1938   XYZZ     353.2554   YYZZ   -6428.6437
      XZZZ    3181.4152   YZZZ     974.8321   ZZZZ  -30179.3143
 -----------------------------------------------------------------
 Calculating analytic gradient of the SCF energy
 -4.977170962132493E-004 -4.977231183106233E-004
 -4.977144737173620E-004 -4.977258312840920E-004
 -4.977213664102860E-004 -4.977188408761503E-004
 -4.977284546226202E-004 -4.977117499047566E-004
 -4.977176060960611E-004 -4.977227009243120E-004
 -4.977189660938987E-004 -4.977212522817357E-004
 -4.977317687782981E-004 -4.977084451088244E-004
 -4.977234409249479E-004 -4.977168165396797E-004
 -4.977192824229175E-004 -4.977209328658170E-004
 -4.977322064749687E-004 -4.977080086030098E-004
 -4.977136480655909E-004 -4.977266579026429E-004
 -4.977038123586436E-004 -4.977363988075056E-004
 -4.977283045533578E-004 -4.977119045685198E-004
 -4.977108955802586E-004 -4.977294110032988E-004
 -4.977007591620841E-004 -4.977394558267558E-004
 -4.977172166406938E-004 -4.977230085539365E-004
 -4.977137426186644E-004 -4.977265654252303E-004
 -4.977123456693469E-004 -4.977278512009868E-004
 -4.977147521249396E-004 -4.977254777439922E-004
 -4.977207197723939E-004 -4.977195382068703E-004
 -4.977095159921041E-004 -4.977306844530581E-004
 -4.977196668105406E-004 -4.977205407435145E-004
 -4.977136663579581E-004 -4.977266390755297E-004
 -4.977219161290236E-004 -4.977182965878806E-004
 -4.977148901314835E-004 -4.977253121721730E-004
 -4.977155343453166E-004 -4.977247693631602E-004
 -4.977154607879143E-004 -4.977247558000668E-004
 -4.977158877984449E-004 -4.977243244426307E-004
 -4.977185953076344E-004 -4.977217006147778E-004
 -4.976814790940876E-004 -4.977587346414590E-004
 -4.977201389795595E-004 -4.977200547628834E-004
 -4.977195353343886E-004 -4.977207037838475E-004
 -4.977124565236947E-004 -4.977277593645436E-004
 -4.977317867334685E-004 -4.977084385851218E-004
 -4.977174029459691E-004 -4.977229010218135E-004
 -4.976989092894790E-004 -4.977413168135779E-004
 -4.977038212724183E-004 -4.977363775717689E-004
 -4.977277984140561E-004 -4.977124830899380E-004
 -4.977489670617097E-004 -4.976912526999918E-004
 -4.977279001111496E-004 -4.977122944803281E-004
 -4.977180997135021E-004 -4.977222025458934E-004
 -4.977221197346284E-004 -4.977181034749088E-004
 -4.977551808738180E-004 -4.976850430913659E-004
 -4.977198525451937E-004 -4.977204423847225E-004
 -4.977027034972364E-004 -4.977374984563377E-004
 -4.977267602837346E-004 -4.977134562893751E-004
 -4.977204551423915E-004 -4.977197842590091E-004
 -4.977164173904833E-004 -4.977237743373642E-004
 -4.977073875894198E-004 -4.977328077673043E-004
 -4.977262700945387E-004 -4.977140129013022E-004
 -4.977412261656616E-004 -4.976989892540940E-004
 -4.977252471921444E-004 -4.977149545554250E-004
 -4.977232733474782E-004 -4.977169604482611E-004
 -4.977072144588042E-004 -4.977329892417314E-004
 -4.977327002548858E-004 -4.977075018146320E-004
 -4.977210865640973E-004 -4.977191969644298E-004
 -4.976981702737773E-004 -4.977420407322015E-004
 -4.977145940628209E-004 -4.977256244336193E-004
 -4.977261081622775E-004 -4.977141457650598E-004
 -4.977343986321270E-004 -4.977058004934590E-004
 -4.977083274882145E-004 -4.977318506866780E-004
 -4.977266812179893E-004 -4.977136019950650E-004
 -4.977421328888432E-004 -4.976981021183446E-004
 -4.977285173917803E-004 -4.977116653983624E-004
 -4.977228120399437E-004 -4.977174214998040E-004
 -4.977091009836848E-004 -4.977311229121030E-004
 -4.977322104968106E-004 -4.977080077359124E-004
 -4.977207048656206E-004 -4.977195785909514E-004
 -4.976977498152742E-004 -4.977424456965619E-004
 -4.977104041604158E-004 -4.977298240951089E-004
 -4.977259657351009E-004 -4.977142882002605E-004
 -4.977321479008952E-004 -4.977080405917982E-004
 -4.977269511585035E-004 -4.977132669136545E-004
 -4.977203178231648E-004 -4.977199654034642E-004
 -4.977232102018777E-004 -4.977170129820230E-004
 -4.977134653220197E-004 -4.977267526338782E-004
 -4.977233538924278E-004 -4.977169286525191E-004
 -4.977172275091354E-004 -4.977229951572042E-004
 -4.977220597602405E-004 -4.977181544949566E-004
 -4.977148581673642E-004 -4.977254461855103E-004
 -4.977192662229345E-004 -4.977209402295976E-004
 -4.977118344057674E-004 -4.977283697442146E-004
 -4.977160971924072E-004 -4.977242094505213E-004
 -4.977218062429528E-004 -4.977184145760318E-004
 -4.977077848120988E-004 -4.977324299173717E-004
 -4.977249140688499E-004 -4.977153439233537E-004
 -4.977211560324697E-004 -4.977190610746932E-004
 -4.977084626763870E-004 -4.977317523348951E-004
 -4.977096884756841E-004 -4.977306147611164E-004
 -4.977356914851554E-004 -4.977045220419954E-004
 -4.977124441084421E-004 -4.977277650297614E-004
 -4.977094093854743E-004 -4.977308923307779E-004
 -4.977379754928842E-004 -4.977022446841734E-004
 -4.977234822367911E-004 -4.977167434666793E-004
 -4.977147972586901E-004 -4.977255074016774E-004
 -4.977276983512558E-004 -4.977125003499208E-004
 -4.977254870788038E-004 -4.977147419073017E-004
 -4.977206530727377E-004 -4.977196035756228E-004
 -4.977313983537438E-004 -4.977088022612153E-004
 -4.977196644243218E-004 -4.977205425068015E-004
 -4.977141844501928E-004 -4.977261195688583E-004
 -4.977177625160264E-004 -4.977224503807235E-004
 -4.977269807395512E-004 -4.977132226455193E-004
 -4.977153701332161E-004 -4.977249279060809E-004
 -4.977246816670246E-004 -4.977155361528833E-004
 -4.977227351752155E-004 -4.977174770787712E-004
 -4.977148887850143E-004 -4.977253998018317E-004
 -4.977585076391740E-004 -4.976817126706233E-004
 -4.977205825315845E-004 -4.977196099809728E-004
 -4.977186694501963E-004 -4.977215686801726E-004
 -4.977273752744555E-004 -4.977128436496974E-004
 -4.977083947439530E-004 -4.977318305825621E-004
 -4.977139904546531E-004 -4.977263067391896E-004
 -4.977396724372533E-004 -4.977005606866870E-004
 -4.977376261934717E-004 -4.977025747019560E-004
 -4.977323491238018E-004 -4.977079261944135E-004
 -4.976933751610001E-004 -4.977468476341615E-004
 -4.977139109781494E-004 -4.977262853327479E-004
 -4.977162141489792E-004 -4.977240848511825E-004
 -4.977169346143421E-004 -4.977232927600881E-004
 -4.976853039452820E-004 -4.977549198223517E-004
 -4.977165633853111E-004 -4.977237265516485E-004
 -4.977354703064093E-004 -4.977047371346279E-004
 -4.977140648063198E-004 -4.977261525977543E-004
 -4.977194633339088E-004 -4.977207746431015E-004
 -4.977228823131643E-004 -4.977173101378804E-004
 -4.977338944748902E-004 -4.977063043552518E-004
 -4.977300824304074E-004 -4.977101954391162E-004
 -4.977010145712534E-004 -4.977392029460884E-004
 -4.977139396259104E-004 -4.977262648135946E-004
 -4.977220458370953E-004 -4.977181860448411E-004
 -4.977331786646495E-004 -4.977070228974366E-004
 -4.977058564237258E-004 -4.977343474172383E-004
 -4.977186096615251E-004 -4.977216651116934E-004
 -4.977408059092271E-004 -4.976994119820831E-004
 -4.977254119167952E-004 -4.977148060998338E-004
 -4.977287627588914E-004 -4.977114839196395E-004
 -4.977072911172432E-004 -4.977329151044135E-004
 -4.977325698806989E-004 -4.977076105908303E-004
 -4.977297366271780E-004 -4.977105412436685E-004
 -4.976994068877174E-004 -4.977408302799130E-004
 -4.977116861678470E-004 -4.977284971662554E-004
 -4.977222758475917E-004 -4.977179564511298E-004
 -4.977312638046218E-004 -4.977089625594704E-004
 -4.977070502364606E-004 -4.977331678781367E-004
 -4.977187354874122E-004 -4.977215388785343E-004
 -4.977412970221110E-004 -4.976989053027650E-004
 -4.977295172853672E-004 -4.977107103276413E-004
 -4.977283784302605E-004 -4.977118680936155E-004
 -4.977096744631286E-004 -4.977305208699707E-004
 -4.977120154981119E-004 -4.977282052114097E-004
 -4.977383960585303E-004 -4.977018225017320E-004
 -4.977170331407228E-004 -4.977231699009592E-004
 -4.977442449880104E-004 -4.976959569991716E-004
 -4.976870685328221E-004 -4.977531455267307E-004
 -4.977318552439503E-004 -4.977083530349600E-004
 -4.977167990319205E-004 -4.977234329657590E-004
 -4.977346951661082E-004 -4.977054924309458E-004
 -4.977206707455187E-004 -4.977195503152341E-004
 -4.977388935466797E-004 -4.977013450943315E-004
 -4.977071694401683E-004 -4.977330105607589E-004
 -4.977307526171976E-004 -4.977094764563612E-004
 -4.977570980216988E-004 -4.976831159585603E-004
 -4.977148833505039E-004 -4.977253288559703E-004
 -4.977399978991529E-004 -4.977002203450322E-004
 -4.977186231166799E-004 -4.977216373992122E-004
 -4.977406864950817E-004 -4.976995070388880E-004
 -4.977217769442503E-004 -4.977184796342063E-004
 -4.977108821530424E-004 -4.977293529240148E-004
 -4.977333671313518E-004 -4.977068065528921E-004
 -4.977149412849417E-004 -4.977252717813488E-004
 -4.977417134249377E-004 -4.976985036198617E-004
 -4.977085684482840E-004 -4.977316235290504E-004
 -4.977308325017124E-004 -4.977093714921411E-004
 -4.977552314267303E-004 -4.976849772905200E-004
 -4.977335675814903E-004 -4.977066273591580E-004
 -4.977393351322580E-004 -4.977008730042399E-004
 -4.977298773973578E-004 -4.977103465658831E-004
 -4.976969949920726E-004 -4.977431675368441E-004
 -4.977249244574229E-004 -4.977153318113730E-004
 -4.977195379294466E-004 -4.977207034068817E-004
 -4.977325743555055E-004 -4.977076279020589E-004
 -4.977212652537569E-004 -4.977189751026387E-004
 -4.977229252118927E-004 -4.977172725103222E-004
 -4.977169660419455E-004 -4.977232286188507E-004
 -4.977182324234172E-004 -4.977219684442981E-004
 -4.977208946314550E-004 -4.977192898852126E-004
 -4.977169609556439E-004 -4.977232289485778E-004
 -4.977224839427202E-004 -4.977177323382050E-004
 -4.977284149103097E-004 -4.977117980231494E-004
 -4.977452157938853E-004 -4.976949792606222E-004
 -4.977297646707661E-004 -4.977104570778219E-004
 -4.977258241190873E-004 -4.977144039169034E-004
 -4.977279605310593E-004 -4.977122455296185E-004
 -4.977253257597168E-004 -4.977148957297684E-004
 -4.977313187625987E-004 -4.977088942768916E-004
 -4.977179461054435E-004 -4.977222602467039E-004
 -4.977216563255334E-004 -4.977185529606170E-004
 -4.977267698374260E-004 -4.977134404129267E-004
 -4.977171305487289E-004 -4.977230700257082E-004
 -4.977297819734566E-004 -4.977104327737361E-004
 -4.977207346975635E-004 -4.977194865254490E-004
 -4.977093287561562E-004 -4.977308612363828E-004
 -4.977181027110494E-004 -4.977221168811644E-004
 -4.977373760824521E-004 -4.977028489858567E-004
 -4.977009239893622E-004 -4.977392684021517E-004
 -4.977277993497430E-004 -4.977124138889858E-004
 -4.977399991188351E-004 -4.977002123783228E-004
 -4.977175386182823E-004 -4.977226729394621E-004
 -4.977200969513893E-004 -4.977201161062805E-004
 -4.977301662167435E-004 -4.977100475624561E-004
 -4.977155159232459E-004 -4.977246949706305E-004
 -4.977357214916830E-004 -4.977044897665809E-004
 -4.977306265615867E-004 -4.977095923152145E-004
 -4.977324963276494E-004 -4.977077231610734E-004
 -4.977264543821838E-004 -4.977137475968853E-004
 -4.976813563752063E-004 -4.977588472341796E-004
 -4.977451277761006E-004 -4.976950771056639E-004
 -4.976990358090063E-004 -4.977411665547679E-004
 -4.977236973904269E-004 -4.977165363594207E-004
 -4.977252640086464E-004 -4.977149196055697E-004
 -4.977229250997793E-004 -4.977172925014783E-004
 -4.976939338382845E-004 -4.977462903871002E-004
 -4.977235627683003E-004 -4.977166247279234E-004
 -4.977053657548189E-004 -4.977348490539358E-004
 -4.976838196880273E-004 -4.977563925115853E-004
 -4.977060379448288E-004 -4.977341772739589E-004
 -4.976994293475239E-004 -4.977407884236314E-004
 -4.977265379971935E-004 -4.977137118478416E-004
 -4.977069738486227E-004 -4.977332339905491E-004
 -4.977236383566150E-004 -4.977166117603118E-004
 -4.977326929214637E-004 -4.977075428358958E-004
 -4.977295179856234E-004 -4.977106538765125E-004
 -4.977277765356011E-004 -4.977124453016303E-004
 -4.977027531116481E-004 -4.977374787719672E-004
 -4.977217689868669E-004 -4.977184122574026E-004
 -4.977100939432486E-004 -4.977301276904836E-004
 -4.976963737203995E-004 -4.977438321010919E-004
 -4.976965726320631E-004 -4.977436374564635E-004
 -4.977054855926427E-004 -4.977347230923426E-004
 -4.977001400549452E-004 -4.977400663911621E-004
 -4.977370635923699E-004 -4.977031271274643E-004
 -4.977099084533997E-004 -4.977303410074241E-004
 -4.977248194344637E-004 -4.977154106638192E-004
 -4.977086468854703E-004 -4.977315693688416E-004
 -4.977218762479579E-004 -4.977183624468091E-004
 -4.977171297857301E-004 -4.977230690929040E-004
 -4.977233509252732E-004 -4.977168389265475E-004
 -4.977205630551425E-004 -4.977196399409896E-004
 -4.977201601475387E-004 -4.977200253976894E-004
 -4.977242796837968E-004 -4.977159105322156E-004
 -4.977166937824901E-004 -4.977235241555578E-004
 -4.977139375444951E-004 -4.977262838647026E-004
 -4.977438976131278E-004 -4.976962928328665E-004
 -4.977173291953353E-004 -4.977228914732703E-004
 -4.977114097432363E-004 -4.977288214556374E-004
 -4.977310429474676E-004 -4.977091582904525E-004
 -4.977147756312794E-004 -4.977254469374055E-004
 -4.977117198379642E-004 -4.977284942592023E-004
 -4.977190966911704E-004 -4.977211092673178E-004
 -4.977082992072869E-004 -4.977319077583397E-004
 -4.977059218755600E-004 -4.977342874084271E-004
 -4.977193417379438E-004 -4.977208622026065E-004
 -4.977192402034432E-004 -4.977209721101071E-004
 -4.977183920204426E-004 -4.977218259080491E-004
 -4.977043111172437E-004 -4.977358788300722E-004
 -4.977184677099135E-004 -4.977217517557062E-004
 -4.977051790978307E-004 -4.977350506882537E-004
 -4.977072663244538E-004 -4.977329253484204E-004
 -4.977106886176569E-004 -4.977295244476092E-004
 -4.977104918945897E-004 -4.977297207640423E-004
 -4.977199969564633E-004 -4.977202125562182E-004
 -4.977053182004657E-004 -4.977348960362868E-004
 -4.977030223435489E-004 -4.977371937166206E-004
 -4.977192526913235E-004 -4.977209563633132E-004
 -4.977195531117899E-004 -4.977206571233910E-004
 Gradient of SCF Energy
            1           2           3           4           5           6
    1  -0.0193827   0.0057580  -0.0013498  -0.0150647   0.0139597   0.0055611
    2   0.0002374  -0.0008457   0.0006505  -0.0004252  -0.0011407  -0.0001644
    3   0.0108218  -0.0104812  -0.0018799  -0.0112258   0.0037311  -0.0099304
            7           8           9          10          11          12
    1   0.0024106  -0.0000388  -0.0067170   0.0070193  -0.0000034  -0.0007311
    2   0.0004919  -0.0035173   0.0005537  -0.0001337   0.0003305  -0.0013859
    3   0.0007528   0.0209953   0.0058231   0.0025422   0.0006476  -0.0041738
           13          14          15          16          17          18
    1  -0.0003892  -0.0018236  -0.0047969  -0.0000246   0.0036004  -0.0003509
    2  -0.0002048   0.0012183   0.0003009   0.0003111   0.0001220   0.0001861
    3   0.0009244   0.0078175  -0.0034787   0.0007701   0.0031827   0.0001135
           19          20          21          22          23          24
    1   0.0021889  -0.0002162  -0.0033761   0.0004517   0.0044708   0.0002632
    2  -0.0005922   0.0002228   0.0004003   0.0001741  -0.0003442   0.0002323
    3  -0.0054988   0.0003426  -0.0008778   0.0006041  -0.0038931   0.0006228
           25          26          27          28          29          30
    1   0.0080508  -0.0071802   0.0178335  -0.0058013   0.0015767   0.0115422
    2   0.0023798   0.0024170  -0.0018799  -0.0007629   0.0003668  -0.0014429
    3   0.0052086  -0.0039859  -0.0122233   0.0098479   0.0022078   0.0075466
           31          32          33          34          35          36
    1  -0.0148361  -0.0061426  -0.0022900   0.0007565   0.0043629  -0.0065195
    2  -0.0004778  -0.0018252   0.0007105   0.0004301   0.0015757   0.0003099
    3  -0.0096348   0.0106028  -0.0000027  -0.0226253  -0.0055797  -0.0019377
           37          38          39          40          41          42
    1   0.0004016  -0.0023933   0.0007541   0.0020828   0.0056242   0.0004496
    2   0.0003518  -0.0014203   0.0001386   0.0008011  -0.0002933   0.0003586
    3  -0.0000275  -0.0013463  -0.0000277  -0.0080936   0.0053879   0.0000070
           43          44          45          46          47          48
    1  -0.0028009   0.0006846  -0.0015191   0.0005729   0.0045333  -0.0001825
    2   0.0004724   0.0001635  -0.0010226   0.0002394  -0.0000516   0.0002081
    3  -0.0020192   0.0002753   0.0064676   0.0001320   0.0019590  -0.0001694
           49          50          51          52          53          54
    1  -0.0036290   0.0000794  -0.0122453   0.0171927  -0.0039076  -0.0032508
    2  -0.0009591   0.0002400  -0.0003256   0.0134102   0.0165962  -0.0040825
    3   0.0048213  -0.0001127  -0.0065486   0.0115123   0.0000710  -0.0024297
           55          56          57          58          59          60
    1   0.0159892  -0.0198041  -0.0090520  -0.0005503   0.0068033   0.0138039
    2  -0.0054380   0.0037082  -0.0117096   0.0020028  -0.0161476   0.0127061
    3   0.0088975  -0.0111058  -0.0063328  -0.0001705   0.0020555   0.0091899
           61          62          63          64          65          66
    1  -0.0054877   0.0014860  -0.0030087   0.0061783  -0.0014097  -0.0015051
    2   0.0018888  -0.0046963  -0.0056253   0.0019222  -0.0021772  -0.0014389
    3  -0.0029470  -0.0048231   0.0029088   0.0035704  -0.0009930  -0.0007880
           67          68          69          70          71          72
    1  -0.0013455   0.0037546   0.0002137  -0.0011024  -0.0005183   0.0114398
    2  -0.0014079  -0.0029021   0.0015138   0.0021042   0.0022123   0.0034053
    3  -0.0009237   0.0028072   0.0000531   0.0003526  -0.0010583   0.0075332
           73          74          75          76          77          78
    1  -0.0134455   0.0064727   0.0024994  -0.0170551   0.0202580   0.0072646
    2  -0.0184257  -0.0158841   0.0053399  -0.0003687   0.0028001   0.0141931
    3  -0.0082229   0.0035553   0.0014795  -0.0099326   0.0119334   0.0046500
           79          80          81          82          83          84
    1   0.0011337  -0.0100990  -0.0110238   0.0058125  -0.0023462   0.0021151
    2  -0.0017034   0.0148737  -0.0167458  -0.0000903   0.0056000   0.0056413
    3   0.0005149  -0.0054228  -0.0064476   0.0032061   0.0038916  -0.0040395
           85          86          87          88          89          90
    1  -0.0048778   0.0004513   0.0012547   0.0019309  -0.0049719   0.0011250
    2   0.0019486  -0.0012999  -0.0014398  -0.0014681  -0.0033367   0.0027185
    3  -0.0023055   0.0000387   0.0014233   0.0003071  -0.0025664   0.0005212
           91          92
    1   0.0011328   0.0012651
    2   0.0022109   0.0022119
    3   0.0009672   0.0006884
 Max gradient component =       2.263E-02
 RMS gradient           =       6.366E-03
 Computing fast IEFPCM-SWIG gradient.
 Updating gradient with PCM contributions...
 -- total gradient after adding PCM contribution --
---------------------------------------------------
  Atom         X              Y              Z     
---------------------------------------------------
   1      -0.018084       0.000237       0.011100
   2       0.007734      -0.000856      -0.010682
   3       0.000207       0.000585      -0.001372
   4      -0.015702      -0.000272      -0.006162
   5       0.009870      -0.000989       0.006894
   6       0.004747      -0.000388      -0.011774
   7       0.001183       0.000652      -0.000332
   8      -0.000906      -0.003752       0.019988
   9      -0.003453       0.000044       0.003217
  10       0.003608      -0.000070       0.000271
  11       0.000317       0.000288       0.000458
  12      -0.001293      -0.001386      -0.003263
  13       0.000273      -0.000340      -0.000192
  14      -0.001198       0.000659       0.003670
  15      -0.001137       0.000394      -0.001678
  16      -0.000032       0.000224       0.000406
  17       0.000280       0.000256       0.002167
  18       0.000454       0.000122       0.000191
  19       0.001083      -0.000135      -0.001705
  20       0.000143       0.000160       0.000006
  21      -0.000775       0.000609       0.001468
  22      -0.000028       0.000086      -0.000057
  23       0.001729       0.000106      -0.000981
  24       0.000371       0.000163       0.000134
  25       0.008486       0.002058       0.005380
  26      -0.007574       0.002904      -0.004218
  27       0.016541      -0.002108      -0.012480
  28      -0.007746      -0.001168       0.009982
  29      -0.000019       0.000627       0.001710
  30       0.012222      -0.001010       0.002358
  31      -0.010764       0.000059      -0.012625
  32      -0.005316      -0.001993       0.012378
  33      -0.001079       0.000609       0.001111
  34       0.001569       0.000388      -0.021551
  35       0.001173       0.000666      -0.003180
  36      -0.003128       0.000270       0.000428
  37       0.000057       0.000220       0.000108
  38      -0.001899      -0.001443      -0.002301
  39       0.000132      -0.000095       0.001012
  40       0.001457      -0.000070      -0.004057
  41       0.001935      -0.000167       0.003505
  42       0.000451       0.000272       0.000386
  43       0.000532       0.000724      -0.000882
  44      -0.000160       0.000044       0.000166
  45      -0.000380      -0.000096       0.002818
  46       0.000197       0.000108       0.000471
  47       0.002019       0.000214      -0.000359
  48       0.000283       0.000086       0.000483
  49      -0.000883      -0.000012       0.002047
  50      -0.000041       0.000108       0.000371
  51      -0.013226      -0.000519      -0.007178
  52       0.016586       0.012734       0.011120
  53      -0.007356       0.013294      -0.002253
  54      -0.000103      -0.000162      -0.000223
  55       0.016653      -0.004827       0.009327
  56      -0.019696       0.001877      -0.011244
  57      -0.010695      -0.009308      -0.006994
  58      -0.000071       0.000085      -0.000105
  59       0.007940      -0.015328       0.002890
  60       0.008235       0.007098       0.005380
  61      -0.000621       0.000102      -0.000349
  62      -0.000124      -0.001157      -0.000839
  63      -0.000748      -0.001328       0.000158
  64       0.002405      -0.000071       0.001334
  65       0.000640      -0.000735       0.000306
  66      -0.000055      -0.001116      -0.000758
  67      -0.000621      -0.001164       0.000262
  68       0.000922      -0.000565       0.001212
  69       0.000932       0.000396       0.000408
  70       0.000797       0.001374      -0.000219
  71      -0.000168       0.001329       0.000804
  72       0.012427       0.003601       0.008092
  73      -0.012989      -0.017516      -0.007919
  74       0.009272      -0.011616       0.005296
  75       0.000189       0.000582       0.000040
  76      -0.017558      -0.001278      -0.010223
  77       0.019706       0.004582       0.011594
  78       0.009194       0.012221       0.005701
  79       0.000223       0.000262       0.000040
  80      -0.010881       0.013908      -0.005886
  81      -0.006586      -0.009500      -0.003918
  82       0.000668       0.000226       0.000352
  83      -0.000021       0.001602       0.000633
  84       0.000613       0.001635      -0.000401
  85      -0.001473       0.000490      -0.000361
  86      -0.000604      -0.000350      -0.000501
  87       0.000551      -0.000993      -0.000513
  88       0.000059      -0.001106       0.000740
  89      -0.001813      -0.000279      -0.000567
  90      -0.000579       0.000747      -0.000456
  91       0.000552       0.001606      -0.000413
  92      -0.000030       0.001571       0.000801
---------------------------------------------------
 Number of fixed atoms: 0
 Gradient time:  CPU 1089.95 s  wall 281.04 s
 Geometry Optimization Parameters
   NAtoms,    NIC,     NZ,  NCons,   NDum,   NFix, NCnnct, MaxDiis
       92     720      92       0       0       0       0       0


** GEOMETRY OPTIMIZATION IN DELOCALIZED INTERNAL COORDINATES **
   Searching for a Minimum

   Optimization Cycle:   1

                       Coordinates (Angstroms)
     ATOM                X               Y               Z
      1  C         0.0000000000    0.0000000000    0.0000000000
      2  C         0.0000000000    0.0000000000    1.3970920000
      3  H         0.9433709246    0.0000000000    1.9325653342
      4  C        -1.1981251426    0.0395229771    2.0849095805
      5  C        -2.4226306496    0.0531470899    1.3811803287
      6  C        -2.4312628164    0.0645579141   -0.0009706144
      7  H        -3.3687772008    0.1244804561   -0.5428543733
      8  C        -1.2245748378    0.0500427236   -0.7051824898
      9  C        -3.5078517806    0.1505703623    2.3595108367
     10  C        -4.8727938557    0.2449176319    2.2937367298
     11  H        -5.4026711956    0.2254453929    1.3497759379
     12  C        -2.8926425366    0.2072508379    3.6232956289
     13  C        -3.5785667507    0.3715626871    4.8221788756
     14  C        -1.4909094157    0.1497721242    3.5157267572
     15  C        -0.7425703494    0.2616920842    4.6582682961
     16  H         0.3399797589    0.2430727580    4.6381562063
     17  C        -5.6007056390    0.3896720080    3.4986024678
     18  H        -6.6788844983    0.4654444494    3.4449899672
     19  C        -4.9882276473    0.4540077496    4.7277008903
     20  H        -5.5849839563    0.5817348218    5.6226859546
     21  C        -1.4127103466    0.4220986359    5.8943598038
     22  H        -0.8200248533    0.5140177426    6.7952569150
     23  C        -2.7832081789    0.4751592698    5.9885780081
     24  H        -3.2527634138    0.6098405387    6.9554345466
     25  B         1.3454717354    0.0279796007   -0.7760263189
     26  B        -1.2274918054    0.2088446059   -2.2519643460
     27  C         0.1130404394    0.1495114022   -3.0390770850
     28  C         0.1209245427    0.2761855340   -4.4308891871
     29  H        -0.8200643762    0.3652314160   -4.9628404855
     30  C         1.3234859187    0.3425676327   -5.1128515835
     31  C         2.5422877475    0.2927807108   -4.4015789225
     32  C         2.5450843655    0.1465669057   -3.0268564460
     33  H         3.4796176518    0.1301191490   -2.4764287734
     34  C         1.3367354031    0.0746679798   -2.3314383427
     35  C         3.6334620489    0.5308459523   -5.3435581384
     36  C         4.9892317088    0.6887496463   -5.2324349855
     37  H         5.5012129659    0.5872948823   -4.2834566239
     38  C         3.0333575005    0.7030273219   -6.6039681965
     39  C         3.7305320891    1.0346526280   -7.7597987945
     40  C         1.6326785015    0.5880670822   -6.5233346126
     41  C         0.8970546273    0.7855249084   -7.6614324568
     42  H        -0.1842363320    0.7285924319   -7.6606754855
     43  C         5.7274640999    1.0136403459   -6.3945322638
     44  H         6.7984158162    1.1428754208   -6.3078159382
     45  C         5.1315879678    1.1840415872   -7.6219752578
     46  H         5.7357299226    1.4465147923   -8.4817665630
     47  C         1.5799119187    1.0944280227   -8.8621388035
     48  H         0.9972591873    1.2522840615   -9.7602445576
     49  C         2.9475566640    1.2233730876   -8.9239087837
     50  H         3.4231371428    1.4822564617   -9.8619026009
     51  C        -2.5728581492    0.5450579313   -2.9849797973
     52  C        -3.3678187502   -0.4549937685   -3.5413501445
     53  C        -4.5660813284   -0.1377545762   -4.1796208074
     54  H        -5.1591556223   -0.9389744822   -4.6015712612
     55  C        -4.9776058773    1.1853326017   -4.2680054546
     56  O        -6.1143395627    1.5945828437   -4.8705287923
     57  C        -4.1896785383    2.1877855871   -3.7092983760
     58  H        -4.5218974524    3.2166491458   -3.7836931418
     59  C        -3.0015595573    1.8793467096   -3.0705777302
     60  C        -6.9473416306    0.6314045534   -5.4556913298
     61  H        -7.7925144335    1.1682646293   -5.8817499050
     62  H        -6.4464701498    0.0802570427   -6.2583684961
     63  H        -7.3279896530   -0.0899388910   -4.7249536922
     64  C        -2.9281650631   -1.8894095258   -3.4450775772
     65  H        -3.6425355219   -2.5684456258   -3.9097727018
     66  H        -1.9633250159   -2.0446173339   -3.9330194738
     67  H        -2.8117774438   -2.1998800591   -2.4041990383
     68  C        -2.1747587157    2.9764975062   -2.4584105223
     69  H        -2.5867834533    3.9612759903   -2.6764622218
     70  H        -1.1473091241    2.9618083507   -2.8288578115
     71  H        -2.1242096564    2.8749933654   -1.3719942508
     72  C         2.7028708746    0.0665656048    0.0114957983
     73  C         3.2737928651    1.2855181387    0.3799101172
     74  C         4.4792274769    1.3195426873    1.0781903294
     75  H         4.8957808312    2.2825555105    1.3453542018
     76  C         5.1245138321    0.1376668551    1.4171044808
     77  O         6.2947935590    0.0746774829    2.0873437723
     78  C         4.5563007496   -1.0810674214    1.0572299022
     79  H         5.0672624832   -1.9977576420    1.3263071087
     80  C         3.3598172690   -1.1210426816    0.3617385108
     81  C         6.9274019868    1.2735821132    2.4445407072
     82  H         7.8489713262    0.9997174145    2.9541357416
     83  H         6.3213107822    1.8784756432    3.1272060294
     84  H         7.1819035408    1.8861575496    1.5731657068
     85  C         2.7515173206   -2.4406815578   -0.0213867654
     86  H         3.3831862916   -3.2796878929    0.2678480499
     87  H         2.5910213313   -2.5053192365   -1.0998940341
     88  H         1.7785447372   -2.5808001158    0.4551093677
     89  C         2.5852146944    2.5759785994    0.0286351277
     90  H         3.1627111445    3.4440272994    0.3460865496
     91  H         2.4269833359    2.6661888068   -1.0482411182
     92  H         1.6035994476    2.6460256826    0.5028366071
   Point Group: c1    Number of degrees of freedom:   270


   Energy is  -2123.716457967


 Attempting to Generate Delocalized Internal Coordinates

270 Hessian modes will be used to form the next step
  Hessian Eigenvalues:
     0.008614    0.008646    0.008733    0.008815    0.009525    0.009687
     0.011017    0.011195    0.011578    0.015402    0.015456    0.015662
     0.017184    0.017190    0.017218    0.017672    0.017709    0.018085
     0.018135    0.018350    0.018434    0.018614    0.018648    0.018698
     0.019251    0.019439    0.019811    0.020511    0.020608    0.020859
     0.020992    0.021132    0.021182    0.021456    0.021509    0.021638
     0.021705    0.021791    0.021835    0.022248    0.022250    0.022329
     0.022339    0.022538    0.022542    0.022689    0.022744    0.022796
     0.022820    0.023193    0.023194    0.023235    0.023247    0.023316
     0.023327    0.023517    0.023517    0.023596    0.023613    0.023667
     0.023671    0.023691    0.023783    0.023801    0.023813    0.023818
     0.023834    0.023852    0.023880    0.023890    0.023913    0.024032
     0.024084    0.024397    0.024423    0.024875    0.024909    0.071235
     0.071352    0.071469    0.071503    0.072063    0.072222    0.072384
     0.072655    0.099072    0.099151    0.105573    0.105639    0.159822
     0.159827    0.159854    0.159910    0.159962    0.159974    0.159976
     0.159978    0.159982    0.159983    0.159984    0.159986    0.159987
     0.159990    0.159992    0.159996    0.159998    0.159999    0.160000
     0.160000    0.160000    0.160000    0.160000    0.160000    0.160000
     0.160000    0.160000    0.160000    0.160000    0.160000    0.160000
     0.160000    0.160000    0.160000    0.160000    0.160000    0.160000
     0.160000    0.220590    0.220598    0.222105    0.222128    0.231239
     0.231553    0.233417    0.233612    0.234738    0.234749    0.234904
     0.234908    0.236871    0.237085    0.238311    0.239034    0.246107
     0.246843    0.247209    0.247539    0.248021    0.248477    0.248901
     0.248982    0.248993    0.249239    0.249359    0.249599    0.249782
     0.249968    0.249987    0.249993    0.249997    0.249998    0.249998
     0.249999    0.249999    0.250000    0.250000    0.250000    0.250000
     0.260356    0.261320    0.267927    0.270327    0.271858    0.272898
     0.319336    0.319588    0.320266    0.320904    0.338203    0.338795
     0.340253    0.341587    0.342262    0.342283    0.342318    0.342462
     0.345353    0.345357    0.345365    0.345461    0.345484    0.345492
     0.345496    0.345630    0.348293    0.348521    0.348657    0.348926
     0.350278    0.350322    0.354266    0.354313    0.354440    0.354549
     0.355477    0.355839    0.356044    0.356045    0.356215    0.356265
     0.356294    0.356466    0.356594    0.356674    0.356716    0.356980
     0.357197    0.357297    0.357338    0.357387    0.367223    0.368970
     0.379084    0.392224    0.400662    0.404544    0.409047    0.409341
     0.415490    0.415529    0.418466    0.423089    0.424845    0.425809
     0.427439    0.427880    0.428364    0.428999    0.433095    0.433389
     0.434313    0.435631    0.453081    0.453170    0.453836    0.454091
     0.456940    0.457364    0.459505    0.460758    0.466890    0.468431
     0.471244    0.471519    0.475709    0.477118    0.479010    0.480031
     0.481071    0.482724    0.484796    0.484954    0.486995    0.487317
     0.500418    0.501371    0.502005    0.502666    0.550022    0.550069

 Minimum Search - Taking Simple RFO Step
 Searching for Lamda that Minimizes Along All modes
 Value Taken    Lamda =  -0.01427922
 Calculated Step too Large.  Step scaled by  0.851468
 Step Taken.  Stepsize is  0.300000

                             Maximum     Tolerance    Cnvgd?
         Gradient           0.021008      0.000075      NO
         Displacement       0.137789      0.001200      NO
         Energy change     *********      0.000000      NO


 New Cartesian Coordinates Obtained by Inverse Iteration

 Displacement from previous Coordinates is:  2.832952
 Adding empirical dispersion correction 
 ----------------------------------------------------------------
 Doing -D3(BJ) with
 s6 =   1.00000
 s8 =   0.00000
 a1 =   0.48600
 a2 =   4.50000
 -D3 energy including 3body term =     -0.0836230683 hartrees
 ----------------------------------------------------------------
 Adding gCP correction 
 ----------------------------------------------------------------
 gCP energy =      0.1314524079 hartrees
 ----------------------------------------------------------------
             Standard Nuclear Orientation (Angstroms)
    I     Atom           X                Y                Z
 ----------------------------------------------------------------
    1      C       0.0330359714     0.1667279854     0.0293905839
    2      C       0.0201575232     0.1201262907     1.4388523029
    3      H       0.9574184964     0.0856561215     1.9850553751
    4      C      -1.1766273889     0.1235418218     2.1239039494
    5      C      -2.4035607795     0.1615253388     1.4074173982
    6      C      -2.4085706586     0.2221791615     0.0326654779
    7      H      -3.3508458877     0.2756689137    -0.5036258571
    8      C      -1.1990470998     0.2339840609    -0.6809109885
    9      C      -3.4994124467     0.1969506034     2.3704466678
   10      C      -4.8673407517     0.2721385535     2.2838810851
   11      H      -5.3808051008     0.2948588696     1.3301778070
   12      C      -2.9010539670     0.1849211013     3.6452858740
   13      C      -3.6141077099     0.2588735256     4.8383563869
   14      C      -1.4939689129     0.1427187426     3.5538333639
   15      C      -0.7684075686     0.1751780980     4.7167711734
   16      H       0.3143812428     0.1572767195     4.7157883447
   17      C      -5.6176693016     0.3317086164     3.4810777197
   18      H      -6.6966528105     0.3895774226     3.4122022703
   19      C      -5.0255518405     0.3277914591     4.7237459714
   20      H      -5.6400121546     0.3837334123     5.6141846946
   21      C      -1.4659920117     0.2425668442     5.9470060963
   22      H      -0.8907478222     0.2684217334     6.8634594455
   23      C      -2.8400990273     0.2832446697     6.0227258732
   24      H      -3.3286000161     0.3408371372     6.9878884467
   25      B       1.3664651049     0.1868826597    -0.7438578475
   26      B      -1.2100969491     0.3823433399    -2.2139221502
   27      C       0.1191890565     0.3435087362    -2.9836000830
   28      C       0.1231381400     0.4443023762    -4.3835743154
   29      H      -0.8180942571     0.5127796168    -4.9200350467
   30      C       1.3121694528     0.4705233376    -5.0750848958
   31      C       2.5501421769     0.4154230522    -4.3792256893
   32      C       2.5638224556     0.3075518690    -3.0045938277
   33      H       3.5094408505     0.2617664737    -2.4742094707
   34      C       1.3543702972     0.2629239656    -2.2821842141
   35      C       3.6247891212     0.5616988517    -5.3643733242
   36      C       4.9930405359     0.6504297379    -5.3142238713
   37      H       5.5373519666     0.5691340790    -4.3815629233
   38      C       2.9929033641     0.6917664931    -6.6192860483
   39      C       3.6620518546     0.9104220632    -7.8211830257
   40      C       1.5899106369     0.6377977378    -6.4991653171
   41      C       0.8253184211     0.7870233285    -7.6303601843
   42      H      -0.2572536187     0.7620007783    -7.5981520400
   43      C       5.7009877165     0.8625047812    -6.5222534867
   44      H       6.7803663652     0.9320640354    -6.4815832002
   45      C       5.0726825561     0.9906887353    -7.7406826281
   46      H       5.6575972704     1.1593939672    -8.6368721334
   47      C       1.4804977563     0.9890013255    -8.8677875351
   48      H       0.8769074764     1.1043732919    -9.7592800996
   49      C       2.8509713856     1.0545507775    -8.9754869735
   50      H       3.3081333254     1.2221296600    -9.9433625051
   51      C      -2.5613413867     0.6420409571    -2.9752026641
   52      C      -3.3082171578    -0.4179766637    -3.5340922428
   53      C      -4.4973015765    -0.1736574373    -4.2014718942
   54      H      -5.0461568321    -1.0085685082    -4.6170411633
   55      C      -4.9613783037     1.1367851783    -4.3256648592
   56      O      -6.0918975804     1.4776120592    -4.9535361680
   57      C      -4.2317369316     2.2004065844    -3.7749498980
   58      H      -4.6100585171     3.2098779195    -3.8846929393
   59      C      -3.0501900051     1.9645738247    -3.1083366432
   60      C      -6.8879928581     0.4740893768    -5.5430777518
   61      H      -7.7409778994     0.9775663631    -5.9916518842
   62      H      -6.3517075850    -0.0684543652    -6.3265423278
   63      H      -7.2557267226    -0.2451890923    -4.8061121352
   64      C      -2.8134339812    -1.8262061458    -3.4036657069
   65      H      -3.4902317002    -2.5405956260    -3.8718491369
   66      H      -1.8313005442    -1.9418470298    -3.8661669576
   67      H      -2.7037202355    -2.1072114805    -2.3544149199
   68      C      -2.2865800054     3.1111107981    -2.5184785507
   69      H      -2.7410871486     4.0686039810    -2.7713534075
   70      H      -1.2548268555     3.1241353448    -2.8737681772
   71      H      -2.2479228426     3.0341367228    -1.4304019816
   72      C       2.7262684375     0.1614762898     0.0338187495
   73      C       3.3437347709     1.3651973819     0.4364455058
   74      C       4.5408530408     1.3426244626     1.1326100121
   75      H       4.9914457656     2.2807108619     1.4286455510
   76      C       5.1393802286     0.1175062624     1.4375775816
   77      O       6.2912404161    -0.0107650276     2.1038035490
   78      C       4.5345940560    -1.0856723748     1.0433776470
   79      H       5.0158700739    -2.0246107039     1.2901192859
   80      C       3.3456550847    -1.0695299962     0.3502666965
   81      C       6.9826671816     1.1443922799     2.5224993174
   82      H       7.8860481174     0.8018473816     3.0212530967
   83      H       6.3981818465     1.7393557534     3.2296718996
   84      H       7.2676752608     1.7796329174     1.6794798804
   85      C       2.6956101300    -2.3541046478    -0.0689744471
   86      H       3.2976598834    -3.2214487958     0.2001479070
   87      H       2.5342461332    -2.3777471651    -1.1484181092
   88      H       1.7154771020    -2.4665138494     0.3989554965
   89      C       2.6963354555     2.6780618463     0.1152516646
   90      H       3.2971330874     3.5211295283     0.4553034866
   91      H       2.5415670288     2.7876221729    -0.9597365136
   92      H       1.7138853806     2.7546090481     0.5853322253
 ----------------------------------------------------------------
 Nuclear Repulsion Energy =  6510.6431766613 hartrees
 There are      183 alpha and      181 beta electrons
 Discretize the solute cavity surface with Lebedev spheres
	Using 302 Lebedev grid points for each H atom
	Using 302 Lebedev grid points for other atoms
	Atomic van der Waals radii will be scaled by 1.20
 Remove points where switching function is < 1.0e-08
 Keep 9862 surface tesserae and discard 17922 interior tesserae
 Molecular Surface Area = 734.698 Angst**2
 Applying Cartesian multipole field
    Component          Value
    ---------          -----
     (2,0,0)        1.00000E-12
     (0,2,0)        2.00000E-11
     (0,0,2)       -3.00000E-12
 Nucleus-field energy     =    -0.0000000212 hartrees
 Requested basis set is def2-mSVP
 There are 454 shells and 886 basis functions
 A cutoff of  1.0D-11 yielded  37257 shell pairs
 There are    148479 function pairs (    163827 Cartesian)
 Smallest overlap matrix eigenvalue = 2.00E-04
 Guess MOs from SCF MO coefficient file
 Reading MOs from coefficient file
 Reading MOs from coefficient file
 An unrestricted hybrid HF-DFT SCF calculation will be
 performed using Pulay DIIS extrapolation
 Polarizable Continuum solvation model will be applied
 Exchange:     0.4200 Hartree-Fock + 0.5800 PBEh-3c
 Correlation:  1.0000 PBEh-3c
 Using SG-1 standard quadrature grid
 Dispersion:   Grimme D3
 SCF converges when DIIS error is below 1.0E-08
 Geometry optimization detected.  Setting ReadMinima to 0
 Setting SaveMinima to 0
 using 8 threads for integral computing
 -------------------------------------------------------
 OpenMP Integral computing Module                
 Release: version 1.0, May 2013, Q-Chem Inc. Pittsburgh 
 -------------------------------------------------------
 ---------------------------------------
  Cycle       Energy         DIIS Error
 ---------------------------------------
    1   -2123.5700898892      1.22E-03
 Using non-symmetric K matrix
    2   -2123.7163877733      1.85E-04
    3   -2123.7191271830      1.90E-04
    4   -2123.7232334391      4.19E-05
    5   -2123.7234276708      1.67E-05
    6   -2123.7234682583      1.73E-05
    7   -2123.7235009333      7.14E-06
    8   -2123.7235310677      1.63E-05
    9   -2123.7235277179      1.61E-05
   10   -2123.7234784960      9.79E-06
   11   -2123.7234523888      2.90E-06
   12   -2123.7234561038      1.16E-06
