mFile = /cm/shared/apps/q-chem/intel/QCHEM_5.1.0_Trunk/bin/mpi/machines
Process 0 of 1 is on ctcp040 - thread support 0
initial socket setup ...start
initial socket setup ...done 
now start server 0 ... 
Q-Chem Developer Version!
                  Welcome to Q-Chem
     A Quantum Leap Into The Future Of Chemistry


 Q-Chem 5.1, Q-Chem, Inc., Pleasanton, CA (2018)

 Yihan Shao,  Zhengting Gan,  E. Epifanovsky,  A. T. B. Gilbert,  M. Wormit,  
 J. Kussmann,  A. W. Lange,  A. Behn,  Jia Deng,  Xintian Feng,  D. Ghosh,  
 M. Goldey,  P. R. Horn,  L. D. Jacobson,  I. Kaliman,  T. Kus,  A. Landau,  
 Jie Liu,  E. I. Proynov,  R. M. Richard,  R. P. Steele,  E. J. Sundstrom,  
 H. L. Woodcock III,  P. M. Zimmerman,  D. Zuev,  B. Albrecht,  E. Alguire,  
 S. A. Baeppler,  D. Barton,  Z. Benda,  Y. A. Bernard,  E. J. Berquist,  
 K. B. Bravaya,  H. Burton,  D. Casanova,  Chun-Min Chang,  Yunqing Chen,  
 A. Chien,  K. D. Closser,  M. P. Coons,  S. Coriani,  S. Dasgupta,  
 A. L. Dempwolff,  M. Diedenhofen,  Hainam Do,  R. G. Edgar,  Po-Tung Fang,  
 S. Faraji,  S. Fatehi,  Qingguo Feng,  K. D. Fenk,  J. Fosso-Tande,  
 Qinghui Ge,  A. Ghysels,  G. Gidofalvi,  J. Gomes,  J. Gonthier,  A. Gunina,  
 D. Hait,  M. W. D. Hanson-Heine,  P. H. P. Harbach,  A. W. Hauser,  
 J. E. Herr,  E. G. Hohenstein,  Z. C. Holden,  Kerwin Hui,  B. C. Huynh,  
 T.-C. Jagau,  Hyunjun Ji,  B. Kaduk,  K. Khistyaev,  Jaehoon Kim,  
 P. Klunzinger,  K. Koh,  D. Kosenkov,  L. Koulias,  T. Kowalczyk,  
 C. M. Krauter,  A. Kunitsa,  Ka Un Lao,  A. Laurent,  K. V. Lawler,  
 Joonho Lee,  D. Lefrancois,  S. Lehtola,  D. S. Levine,  Yi-Pei Li,  
 You-Sheng Lin,  Fenglai Liu,  E. Livshits,  A. Luenser,  P. Manohar,  
 E. Mansoor,  S. F. Manzer,  Shan-Ping Mao,  Yuezhi Mao,  N. Mardirossian,  
 A. V. Marenich,  T. Markovich,  L. A. Martinez-Martinez,  S. A. Maurer,  
 N. J. Mayhall,  S. C. McKenzie,  J.-M. Mewes,  A. F. Morrison,  
 J. W. Mullinax,  K. Nanda,  T. S. Nguyen-Beck,  R. Olivares-Amaya,  
 J. A. Parkhill,  T. M. Perrine,  F. Plasser,  P. Pokhilko,  S. Prager,  
 A. Prociuk,  E. Ramos,  D. R. Rehn,  F. Rob,  M. Schneider,  N. Sergueev,  
 S. M. Sharada,  S. Sharma,  D. W. Small,  T. Stauch,  T. Stein,  
 Yu-Chuan Su,  A. J. W. Thom,  A. Tkatchenko,  T. Tsuchimochi,  N. M. Tubman,  
 L. Vogt,  M. L. Vidal,  O. Vydrov,  M. A. Watson,  J. Wenzel,  
 M. de Wergifosse,  T. A. Wesolowski,  A. White,  J. Witte,  A. Yamada,  
 Jun Yang,  K. Yao,  S. Yeganeh,  S. R. Yost,  Zhi-Qiang You,  A. Zech,  
 Igor Ying Zhang,  Xing Zhang,  Yan Zhao,  Ying Zhu,  B. R. Brooks,  
 G. K. L. Chan,  C. J. Cramer,  M. S. Gordon,  W. J. Hehre,  A. Klamt,  
 M. W. Schmidt,  C. D. Sherrill,  D. G. Truhlar,  A. Aspuru-Guzik,  R. Baer,  
 A. T. Bell,  N. A. Besley,  Jeng-Da Chai,  A. E. DePrince, III,  
 R. A. DiStasio Jr.,  A. Dreuw,  B. D. Dunietz,  T. R. Furlani,  
 Chao-Ping Hsu,  Yousung Jung,  Jing Kong,  D. S. Lambrecht,  WanZhen Liang,  
 C. Ochsenfeld,  V. A. Rassolov,  L. V. Slipchenko,  J. E. Subotnik,  
 T. Van Voorhis,  J. M. Herbert,  A. I. Krylov,  P. M. W. Gill,  M. Head-Gordon

 Contributors to earlier versions of Q-Chem not listed above: 
 R. D. Adamson,  B. Austin,  J. Baker,  G. J. O. Beran,  K. Brandhorst,  
 S. T. Brown,  E. F. C. Byrd,  A. K. Chakraborty,  C.-L. Cheng,  
 Siu Hung Chien,  D. M. Chipman,  D. L. Crittenden,  H. Dachsel,  
 R. J. Doerksen,  A. D. Dutoi,  L. Fusti-Molnar,  W. A. Goddard III,  
 A. Golubeva-Zadorozhnaya,  S. R. Gwaltney,  G. Hawkins,  A. Heyden,  
 S. Hirata,  G. Kedziora,  F. J. Keil,  C. Kelley,  Jihan Kim,  R. A. King,  
 R. Z. Khaliullin,  P. P. Korambath,  W. Kurlancheek,  A. M. Lee,  M. S. Lee,  
 S. V. Levchenko,  Ching Yeh Lin,  D. Liotard,  R. C. Lochan,  I. Lotan,  
 P. E. Maslen,  N. Nair,  D. P. O'Neill,  D. Neuhauser,  E. Neuscamman,  
 C. M. Oana,  R. Olson,  B. Peters,  R. Peverati,  P. A. Pieniazek,  
 Y. M. Rhee,  J. Ritchie,  M. A. Rohrdanz,  E. Rosta,  N. J. Russ,  
 H. F. Schaefer III,  N. E. Schultz,  N. Shenvi,  A. C. Simmonett,  A. Sodt,  
 D. Stuck,  K. S. Thanthiriwatte,  V. Vanovschi,  Tao Wang,  A. Warshel,  
 C. F. Williams,  Q. Wu,  X. Xu,  W. Zhang

 Please cite Q-Chem as follows:
 Y. Shao et al., Mol. Phys. 113, 184-215 (2015)
 DOI: 10.1080/00268976.2014.952696

 Q-Chem 5.1.1 for Intel X86 EM64T Linux

 Parts of Q-Chem use Armadillo 8.300.2 (Tropical Shenanigans).
 http://arma.sourceforge.net/

 Q-Chem begins on Wed Nov 14 20:01:20 2018  

Host: ctcp040
0

     Scratch files written to /scratch/mewes1/140335/qchem23413//
 Parallel job on  1  processors
The previous job contains 0 fragments, simply inherited here
Symmetry turned off for PCM/SM12/SMD calculation
Input Ideriv = 2
Curr. Ideriv = -1
Max.  Ideriv = 2
Input Ideriv = 1
Curr. Ideriv = 2
Max.  Ideriv = 1

Checking the input file for inconsistencies... 	...done.

--------------------------------------------------------------
User input:
--------------------------------------------------------------
$solvent
dielectric      2.38
dielectric_infi 2.25
$end

$rem
threads 8
jobtype	sp
method PBEh-3c
basis def2-mSVP
mem_static	1024
mem_total	14000
sym_ignore	true
cis_n_roots             2
cis_singlets            false
cis_triplets		true 
rpa                     false
calc_soc 		true
cis_moments             true
cis_relaxed_density	true
solvent_method		pcm
$end

$pcm
StateSpecific   1
ChargeSeparation Excited
$end


$molecule
read ut1opt_tol.mol
$end


--------------------------------------------------------------
 Adding empirical dispersion correction 
 ----------------------------------------------------------------
 Doing -D3(BJ) with
 s6 =   1.00000
 s8 =   0.00000
 a1 =   0.48600
 a2 =   4.50000
 -D3 energy including 3body term =     -0.1319726742 hartrees
 ----------------------------------------------------------------
 Adding gCP correction 
 ----------------------------------------------------------------
 gCP energy =      0.1770284589 hartrees
 ----------------------------------------------------------------
             Standard Nuclear Orientation (Angstroms)
    I     Atom           X                Y                Z
 ----------------------------------------------------------------
    1      S       0.0000000000     0.0000000000     0.0000000000
    2      C       0.0000000000     0.0000000000     1.7579560000
    3      C       1.2102966319     0.0000000000     2.4332978303
    4      H       2.1277358650     0.1196598667     1.8702882920
    5      C       1.2497630050    -0.1833162214     3.8068531325
    6      H       2.1981345226    -0.2045562489     4.3264610580
    7      C       0.0586617188    -0.3489412595     4.4925172859
    8      H       0.0636805864    -0.5053402783     5.5633253334
    9      C      -1.1578958706    -0.3037988588     3.8277060255
   10      H      -2.0684398011    -0.4277309511     4.3955125341
   11      C      -1.2127927476    -0.1200286565     2.4456042545
   12      N      -2.4286869479    -0.0666494775     1.7518559025
   13      C      -2.5719802358     0.7130730456     0.5953528959
   14      C      -3.7826950506     1.3182573722     0.2578303659
   15      H      -4.6518353638     1.1773853386     0.8837544759
   16      C      -3.8936915035     2.0956641728    -0.8854925627
   17      H      -4.8498236249     2.5436284490    -1.1222494283
   18      C      -2.7998108399     2.3128660133    -1.7061334466
   19      H      -2.8822933067     2.9305835282    -2.5900847766
   20      C      -1.5904685824     1.7181019160    -1.3818985007
   21      H      -0.7213772955     1.8652906405    -2.0111856262
   22      C      -1.4841655321     0.9061814135    -0.2639482490
   23      C      -3.6157905768    -0.4526248810     2.4449077457
   24      C      -4.1448612747    -1.7073628637     2.2238932597
   25      H      -3.6392751569    -2.3784844094     1.5376481767
   26      C      -4.2504544974     0.4195891015     3.3197038629
   27      H      -3.8287760608     1.4051343299     3.4885594605
   28      C      -5.4207140775     0.0413656875     3.9625756042
   29      C      -5.3206966552    -2.1024725769     2.8603647050
   30      C      -5.9790033592    -1.2286109721     3.7322089814
   31      C      -6.0941381867     1.0039067193     4.8996540483
   32      H      -5.5552535661     1.9497941339     4.9555524206
   33      H      -6.1583836202     0.5938521536     5.9092821493
   34      H      -7.1163330567     1.2187604887     4.5819621283
   35      C      -5.8302117131    -3.4972765155     2.6054649582
   36      H      -6.8924963577    -3.5611715793     2.8498078433
   37      H      -5.7477474249    -3.7259975811     1.5391145508
   38      C      -5.0605398947    -4.5452686558     3.4059777784
   39      H      -5.1614221552    -4.3704899993     4.4771816119
   40      H      -5.4321684559    -5.5489579253     3.1956084394
   41      H      -3.9968796251    -4.5254278373     3.1633016800
   42      B      -7.3471005686    -1.6231328087     4.4292734532
   43      C      -7.3629873283    -2.2697297667     5.8174605475
   44      C      -6.1548653459    -2.5632123281     6.4788407793
   45      H      -5.2125111635    -2.3134060933     6.0003688617
   46      C      -6.1579637468    -3.1646692495     7.7125429017
   47      C      -7.3931982279    -3.4949850183     8.3457070784
   48      C      -8.5810245899    -3.2105818192     7.7197944063
   49      H      -9.5162574545    -3.4665558109     8.2074009937
   50      C      -8.6041838680    -2.5922621230     6.4500582027
   51      C      -5.0685581578    -3.5839410800     8.5881738760
   52      C      -3.6961522961    -3.5419821334     8.5314578371
   53      H      -3.1713447937    -3.1184711985     7.6836652346
   54      C      -5.6760768278    -4.1534650000     9.7265122688
   55      C      -4.9710916260    -4.6788629368    10.8071113685
   56      C      -7.0829298075    -4.1215359747     9.6304682684
   57      C      -7.8128972023    -4.6369132892    10.6735171264
   58      H      -8.8963128627    -4.6363915136    10.6647819234
   59      C      -2.9567370462    -4.0705695841     9.6144773145
   60      H      -1.8753680037    -4.0370055548     9.5657625721
   61      C      -3.5575502836    -4.6234738894    10.7225734633
   62      H      -2.9490972429    -5.0161075409    11.5284155321
   63      C      -7.1248353463    -5.1756063217    11.7853068900
   64      H      -7.7034821059    -5.5802030391    12.6063828048
   65      C      -5.7509425857    -5.2047804810    11.8650288436
   66      H      -5.2665631653    -5.6281608698    12.7367727974
   67      B      -9.9291668799    -2.2697674125     5.7464936463
   68      C      -9.9252358248    -1.6472088098     4.3466339932
   69      C     -11.1266653169    -1.3778849237     3.6531621384
   70      H     -12.0757775537    -1.6049020487     4.1298347526
   71      C     -11.1082788823    -0.8379653207     2.3892676608
   72      C      -9.8603374052    -0.5366859725     1.7689142550
   73      C      -8.6806835022    -0.7818799424     2.4260001531
   74      H      -7.7343421043    -0.5516004170     1.9463494855
   75      C      -8.6787126662    -1.3403983366     3.7169914245
   76      C     -10.1232962102     0.0075768839     0.4443082117
   77      C      -9.3435154754     0.4536699289    -0.5941370591
   78      H      -8.2615403519     0.4559754995    -0.5364747870
   79      C     -11.5251090712     0.0257934896     0.2963334945
   80      C     -12.1800638167     0.4718288289    -0.8476172917
   81      C     -12.1694997527    -0.4771653155     1.4467602623
   82      C     -13.5407623273    -0.5319417542     1.4445301210
   83      H     -14.0968014578    -0.9114852886     2.2929641539
   84      C      -9.9843941892     0.9146746569    -1.7666360915
   85      H      -9.3705274420     1.2659095178    -2.5866548618
   86      C     -11.3540603972     0.9305602135    -1.9043927970
   87      H     -11.7998050045     1.2914751979    -2.8233242520
   88      C     -14.2361937330    -0.0819149952     0.2974683793
   89      H     -15.3179711666    -0.1268883131     0.3000676312
   90      C     -13.5941329425     0.4060781902    -0.8183238585
   91      H     -14.1706562514     0.7368414233    -1.6736761964
   92      C     -11.2784893490    -2.6406429904     6.4986874587
   93      C     -11.7932933129    -1.8200676160     7.5147567828
   94      C     -12.8973910407    -2.2315895040     8.2557026441
   95      H     -13.2794087392    -1.6148465638     9.0614306447
   96      C     -13.4814785761    -3.4511392269     7.9752292613
   97      C     -13.0149400812    -4.2671171458     6.9624118308
   98      H     -13.4872091853    -5.2240969208     6.7719978922
   99      C     -11.9103776247    -3.8640107240     6.2201584890
  100      N     -14.5616821949    -3.9174824055     8.8037562591
  101      C     -15.8379628423    -3.5280505815     8.4686716330
  102      C     -14.2222086683    -4.7182137880     9.8717515251
  103      C     -16.9610135879    -3.8997685427     9.2321433660
  104      C     -18.2394265969    -3.4681560335     8.8677540535
  105      H     -19.0908286308    -3.7608763859     9.4689647463
  106      C     -18.4125219289    -2.6805680159     7.7560995825
  107      H     -19.4031266202    -2.3485523481     7.4795223075
  108      C     -17.3041405443    -2.3157019767     6.9845943389
  109      H     -17.4354545239    -1.7011903406     6.1049678191
  110      C     -16.0427381938    -2.7280757213     7.3278949308
  111      H     -15.2004853961    -2.4359177717     6.7186894681
  112      C     -15.1838150442    -5.2315091740    10.7632674652
  113      C     -14.8004553372    -6.0504264682    11.8295673970
  114      H     -15.5558281050    -6.4355342170    12.5027191325
  115      C     -13.4771554464    -6.3615538837    12.0228545142
  116      H     -13.1859304548    -6.9964185461    12.8478070531
  117      C     -12.5118105863    -5.8494034007    11.1497765170
  118      H     -11.4671719277    -6.0870025255    11.2976078054
  119      C     -12.8693695736    -5.0448365387    10.0991335818
  120      H     -12.1011847983    -4.6656058194     9.4429308036
  121      C     -11.3676917390    -4.7658493412     5.1486127951
  122      H     -11.9258585060    -5.6997581535     5.0857115597
  123      H     -11.4013053588    -4.2853070036     4.1700659835
  124      H     -10.3204661844    -5.0083555053     5.3374255634
  125      C     -11.1596247376    -0.4897722725     7.8252625922
  126      H     -10.0729626648    -0.5828817394     7.7750508114
  127      H     -11.3978251991    -0.2018540690     8.8525283721
  128      C     -11.6144527115     0.6123411847     6.8709847300
  129      H     -11.3274758048     0.3874943414     5.8443501504
  130      H     -11.1581412060     1.5655764156     7.1392086926
  131      H     -12.6978409237     0.7396158951     6.8990662152
  132      S     -16.8634402127    -4.8909124425    10.6342772307
 ----------------------------------------------------------------
 Nuclear Repulsion Energy = 12471.7771859541 hartrees
 There are      276 alpha and      276 beta electrons
 Requested basis set is def2-mSVP
 There are 666 shells and 1310 basis functions

 Total QAlloc Memory Limit  14000 MB
 Mega-Array Size      1001 MB
 MEM_STATIC part      1024 MB
 Discretize the solute cavity surface with Lebedev spheres
	Using 302 Lebedev grid points for each H atom
	Using 302 Lebedev grid points for other atoms
	Atomic van der Waals radii will be scaled by 1.20
 Remove points where switching function is < 1.0e-08
 Keep 13732 surface tesserae and discard 26132 interior tesserae
 Molecular Surface Area = 1053.560 Angst**2
 A cutoff of  1.0D-11 yielded  59930 shell pairs
 There are    238532 function pairs (    262727 Cartesian)
 
 -------------------------------------------------------
 OpenMP Integral Computing Module                       
 Release: version 1.0, May 2013, Q-Chem Inc. Pittsburgh 
 -------------------------------------------------------
 Integral Job Info:
 Integral job number is                      11
 Integral operator is                         1
 short-range coefficients                     0
 long-range coefficients              100000000
 Omega coefficients                           0
 if combine SR and LR in K                    0
 Integral screening is                        0
 Integral computing path is                   2
 max size of driver memory is            800000
 size of driver memory is                593474
 size of scratch memory is              7590872
 max col of scratch BK array               1296
 max len of scratch array in speh3          155
 max len of scratch index in speh4           18
 max int batch size is                      520
 min int batch size is                       52
 fixed nKL is                                52
 max L of basis functions is                  2
 order of int derivative is                   0
 number of shells is                        666
 number of basis is                        1390
 number of cartesian basis is              1390
 number of contracted shell pairs         59930
 number of primitive shell pairs         124462
 maxK2 (contraction) of shell pair           25
 max number of K2 of shell pair               1
 max number of CS2 of shell pair          14403
 max number of PS2 of shell pair          21730
 mem total for path MDJ                 1126444
 -------------------------------------------------------
 Smallest overlap matrix eigenvalue = 1.96E-04

 Scale SEOQF with 1.000000e-03/1.000000e-02/1.000000e-02

 Standard Electronic Orientation quadrupole field applied
 Nucleus-field energy     =    -0.0000002024 hartrees
 Guess from superposition of atomic densities
 Warning:  Energy on first SCF cycle will be non-variational
 SAD guess density has 552.000001 electrons

 -----------------------------------------------------------------------
  General SCF calculation program by
  Eric Jon Sundstrom, Paul Horn, Yuezhi Mao, Dmitri Zuev, Alec White,
  David Stuck, Shaama M.S., Shane Yost, Joonho Lee, David Small,
  Daniel Levine, Susi Lehtola, Hugh Burton, Evgeny Epifanovsky
 -----------------------------------------------------------------------
 Exchange:     0.4200 Hartree-Fock + 0.5800 PBEh-3c
 Correlation:  1.0000 PBEh-3c
 Using SG-1 standard quadrature grid
 Dispersion:   Grimme D3
 using 8 threads for integral computing
 -------------------------------------------------------
 OpenMP Integral computing Module                
 Release: version 2.0, May 2017, Q-Chem Inc. Pleasanton 
 -------------------------------------------------------
 -------------------------------------------------------
 OpenMP BLAS3 based DFT computing Module                
 Release: version 1.0, May 2013, Q-Chem Inc. Pittsburgh 
 -------------------------------------------------------
 A restricted SCF calculation will be
 performed using DIIS
 SCF converges when DIIS error is below 1.0e-08
 ---------------------------------------
  Cycle       Energy         DIIS error
 ---------------------------------------
    1   -3826.5024332986      2.36e-02  
    2   -3798.8016864082      1.59e-03  
    3   -3798.9236205055      1.51e-03  
    4   -3799.3886498953      4.64e-04  
    5   -3799.4353094808      1.56e-04  
    6   -3799.4406333370      4.58e-05  
    7   -3799.4410969940      1.38e-05  
    8   -3799.4411412328      4.13e-06  
    9   -3799.4411458123      1.69e-06  
   10   -3799.4411466075      6.22e-07  
   11   -3799.4411467261      2.13e-07  
   12   -3799.4411464913      7.38e-08  
   13   -3799.4411462856      2.92e-08  
   14   -3799.4411464816      1.11e-08  
   15   -3799.4411465348      5.89e-09  Convergence criterion met
 ---------------------------------------
 SCF time:   CPU 19035.88s  wall 2487.00s 

************** Final PCM Free Energy Summary **************
 G_electrostatic  =      -0.02627949 hartree =     -16.49062961 kcal/mol
 G_cavitation     =       0.00000000 hartree =       0.00000000 kcal/mol
 G_dispersion     =       0.00000000 hartree =       0.00000000 kcal/mol
 G_repulsion      =       0.00000000 hartree =       0.00000000 kcal/mol
 --------------------------------------------------
 Non-electrostatic Free Energy =       0.00000000 hartree =       0.00000000 kcal/mol
 Total                         =      -0.02627949 hartree =     -16.49062961 kcal/mol
 --------------------------------------------------
 SCF Energy (H0 + V/2)                       =   -3799.44114653 
 Solute Internal Energy (H0)                 =   -3799.41486704 
 Total Free Energy (H0 + V/2 + non-elec)     =   -3799.44114653 hartree
                                             = -2384185.30395767 kcal/mol
***********************************************************

 SCF   energy in the final basis set =    -3799.4411465348
 Total energy in the final basis set =    -3799.4411465348
 
 Direct TDDFT/TDA calculation will be performed
 Exchange:     0.4200 Hartree-Fock + 0.5800 PBEh-3c
 Correlation:  1.0000 PBEh-3c
 Using SG-1 standard quadrature grid
 Dispersion:   Grimme D3
 Triplet excitation energies requested
 Adding PCM contribution to the XC response
 CIS energy converged when residual is below 10e- 6
 ---------------------------------------------------
 Iter    Rts Conv    Rts Left    Ttl Dev     Max Dev
 ---------------------------------------------------
   1         0           2      0.000014    0.000007
   2         0           2      0.000002    0.000001
   3         2           0      0.000001    0.000000    Roots Converged
 ---------------------------------------------------
 
 ---------------------------------------------------
         TDDFT/TDA Excitation Energies              
 ---------------------------------------------------

 Excited state   1: excitation energy (eV) =    2.0365
 Total energy for state  1:                 -3799.36630540 au
    Multiplicity: Triplet
    Trans. Mom.:  0.0000 X   0.0000 Y   0.0000 Z
    Strength   :     0.0000000000
    D(276) --> V(  1) amplitude =  0.9983

 Excited state   2: excitation energy (eV) =    2.6647
 Total energy for state  2:                 -3799.34322133 au
    Multiplicity: Triplet
    Trans. Mom.:  0.0000 X   0.0000 Y   0.0000 Z
    Strength   :     0.0000000000
    D(275) --> V(  1) amplitude =  0.9981
 
 ---------------------------------------------------
 Calculating Relaxed Density
 ---------------------------------------------------
 Iter    Rts Conv    Rts Left    Ttl Dev     Max Dev
 ---------------------------------------------------
   1         0           2      0.000259    0.000131
   2         0           2      0.000082    0.000041
   3         0           2      0.000035    0.000018
   4         0           2      0.000010    0.000005
   5         0           2      0.000004    0.000002
   6         2           0      0.000000    0.000000    Roots Converged
 ---------------------------------------------------
  SETman timing summary (seconds)
  CPU time             10537.60s
  System time              0.00s
  Wall time             2359.99s



*********SPIN-ORBIT COUPLING JOB BEGINS HERE*********


=======================================================================================
    SPIN-ORBIT COUPLING BETWEEN THE SINGLET GROUND STATE AND EXCITED TRIPLET STATE
=======================================================================================

SOC between the singlet ground state and excited triplet states (ms=0):
T1(ms=0)      0.000000  +  -0.087766i    cm-1
T2(ms=0)      0.000000  +  -0.105333i    cm-1
SOC between the singlet ground state and excited triplet states (ms=1):
T1(ms=1)      -0.016695  + (0.005537i)    cm-1
T2(ms=1)      0.006936  + (-0.090311i)    cm-1
SOC between the singlet ground state and excited triplet states (ms=-1):
T1(ms=-1)     -0.016695  - (0.005537i)    cm-1
T2(ms=-1)     0.006936  - (-0.090311i)    cm-1
Total SOC between the singlet ground state and excited triplet states:
T1      0.091223    cm-1
T2      0.165841    cm-1




=======================================================================================
                     SPIN-ORBIT COUPLING BETWEEN EXCITED TRIPLET STATES
=======================================================================================

SOC between the T1 (ms=0) state and excited triplet states (ms=1):
T2(ms=1)      0.001054  + (-0.001439i)    cm-1
SOC between the T1 (ms=0) state and excited triplet states (ms=-1):
T2(ms=-1)     -0.001054  + (-0.001439i)    cm-1
SOC between the T1 (ms=1) state and excited triplet states (ms=0):
T2(ms=0)      -0.001054  + (-0.001439i)    cm-1
SOC between the T1 (ms=1) state and excited triplet states (ms=1):
T2(ms=1)      0.000000  + (-0.000493i)    cm-1
SOC between the T1 (ms=-1) state and excited triplet states (ms=0):
T2(ms=0)      0.001054  + (-0.001439i)    cm-1
SOC between the T1 (ms=-1) state and excited triplet states (ms=-1):
T2(ms=-1)     0.000000  + (0.000493i)    cm-1
Total SOC between the T1 state and excited triplet states:
T2      0.003635    cm-1







=======================================================================================
         SPIN-ORBIT COUPLING BETWEEN EXCITED SINGLET STATES AND TRIPLET STATES
=======================================================================================

SOC between the S1 state and excited triplet states (ms=0):
T1(ms=0)      0.000000  +  58963033309384909897858446621332781061866384067364032276374997919089070771746409424652929544454301434759213593337031693803190952526595803218113534449770200240039827107726442484275507398928231812278565316801239214321660240578215936.000000i    cm-1
T2(ms=0)      0.000000  +  -14967158909869362115239069750688915026566693202363204466355679886549723385842026809062283510656942137430607057368134677617419754077039481449485792567329945959453973977455117876061945540170323951592336821562520139160827282461131014144.000000i    cm-1
SOC between the S1 state and excited triplet states (ms=1):
T1(ms=1)      (-324662432074035360844398980424900232577601467760143728779936096025212389272172547063243299429958513407551083494608247083611786383130299896265006845588827887296466272514741449957336717302754276664764460100617402580962892336620109824.000000)  + (727623643694572792934959539806003342497680325960338253820561672646130137301336353370106470309787584135804069727296391348991018121047206920556165470965135998590142156188904213817299285594813691152256368532882999662816443744584204288.000000i)    cm-1
T2(ms=1)      (10527397629685270298458156459306063381823030381134754637846587216220938799569623288863704522376382596899670735262220645189754328829501547826272541465751977634470197497025693004452130506309083761224823366377793511425850614565755158528.000000)  + (-18227648396415582494746170539873242785216213344164327173228989447251679098642800844261105087583150327060841003756367179687201719325947261472947813260011306584928909784982922594609648918827912167777241460212917927887521269662510743552.000000i)    cm-1
SOC between the S1 state and excited triplet states (ms=-1):
T1(ms=-1)    -(-324662432074035360844398980424900232577601467760143728779936096025212389272172547063243299429958513407551083494608247083611786383130299896265006845588827887296466272514741449957336717302754276664764460100617402580962892336620109824.000000)  + (727623643694572792934959539806003342497680325960338253820561672646130137301336353370106470309787584135804069727296391348991018121047206920556165470965135998590142156188904213817299285594813691152256368532882999662816443744584204288.000000i)    cm-1
T2(ms=-1)    -(10527397629685270298458156459306063381823030381134754637846587216220938799569623288863704522376382596899670735262220645189754328829501547826272541465751977634470197497025693004452130506309083761224823366377793511425850614565755158528.000000)  + (-18227648396415582494746170539873242785216213344164327173228989447251679098642800844261105087583150327060841003756367179687201719325947261472947813260011306584928909784982922594609648918827912167777241460212917927887521269662510743552.000000i)    cm-1
Total SOC between the S1 state and excited triplet states:
T1      inf    cm-1
T2      inf    cm-1



SOC between the S2 state and excited triplet states (ms=0):
T1(ms=0)      0.000000  +  -0.000000i    cm-1
T2(ms=0)      0.000000  +  -0.000000i    cm-1
SOC between the S2 state and excited triplet states (ms=1):
T1(ms=1)      (-0.000000)  + (0.000000i)    cm-1
T2(ms=1)      (-0.000000)  + (0.000000i)    cm-1
SOC between the S2 state and excited triplet states (ms=-1):
T1(ms=-1)    -(-0.000000)  + (0.000000i)    cm-1
T2(ms=-1)    -(-0.000000)  + (0.000000i)    cm-1
Total SOC between the S2 state and excited triplet states:
T1      0.000000    cm-1
T2      0.000000    cm-1






            *********SOC CODE ENDS HERE*********



 
 --------------------------------------------------------------
 
                    Orbital Energies (a.u.)
 --------------------------------------------------------------
 
 Alpha MOs
 -- Occupied --
-89.598 -89.598 -14.685 -14.684 -10.507 -10.506 -10.505 -10.505
-10.490 -10.489 -10.485 -10.484 -10.483 -10.483 -10.472 -10.472
-10.471 -10.470 -10.470 -10.470 -10.470 -10.470 -10.470 -10.469
-10.468 -10.468 -10.467 -10.466 -10.466 -10.466 -10.466 -10.466
-10.464 -10.464 -10.463 -10.463 -10.463 -10.462 -10.462 -10.462
-10.462 -10.461 -10.460 -10.460 -10.455 -10.455 -10.454 -10.454
-10.453 -10.453 -10.451 -10.451 -10.450 -10.449 -10.448 -10.448
-10.448 -10.448 -10.447 -10.447 -10.447 -10.446 -10.446 -10.445
-10.444 -10.444 -10.443 -10.443 -10.443 -10.443 -10.441 -10.440
-10.437 -10.437 -10.433 -10.432 -10.425 -10.425  -8.240  -8.238
 -6.956  -6.955  -6.131  -6.129  -6.127  -6.126  -6.122  -6.120
 -1.101  -1.093  -1.021  -1.021  -0.979  -0.978  -0.970  -0.969
 -0.968  -0.965  -0.957  -0.955  -0.938  -0.938  -0.914  -0.908
 -0.905  -0.904  -0.891  -0.891  -0.869  -0.864  -0.863  -0.862
 -0.860  -0.858  -0.851  -0.851  -0.848  -0.846  -0.830  -0.823
 -0.823  -0.820  -0.817  -0.812  -0.811  -0.810  -0.776  -0.775
 -0.768  -0.765  -0.741  -0.738  -0.732  -0.726  -0.724  -0.723
 -0.722  -0.715  -0.714  -0.713  -0.694  -0.687  -0.684  -0.683
 -0.681  -0.673  -0.660  -0.654  -0.652  -0.651  -0.646  -0.645
 -0.636  -0.632  -0.626  -0.619  -0.602  -0.601  -0.595  -0.593
 -0.592  -0.591  -0.588  -0.581  -0.581  -0.563  -0.562  -0.559
 -0.554  -0.549  -0.548  -0.547  -0.540  -0.537  -0.532  -0.532
 -0.531  -0.528  -0.528  -0.521  -0.516  -0.514  -0.509  -0.507
 -0.504  -0.501  -0.500  -0.500  -0.498  -0.498  -0.498  -0.497
 -0.496  -0.491  -0.490  -0.490  -0.486  -0.485  -0.483  -0.483
 -0.482  -0.480  -0.479  -0.478  -0.475  -0.473  -0.470  -0.469
 -0.463  -0.460  -0.454  -0.450  -0.448  -0.446  -0.445  -0.444
 -0.443  -0.439  -0.436  -0.435  -0.434  -0.432  -0.430  -0.429
 -0.427  -0.426  -0.425  -0.418  -0.418  -0.416  -0.405  -0.403
 -0.403  -0.402  -0.401  -0.400  -0.400  -0.398  -0.398  -0.396
 -0.393  -0.391  -0.390  -0.387  -0.385  -0.384  -0.381  -0.379
 -0.375  -0.371  -0.366  -0.366  -0.360  -0.356  -0.349  -0.346
 -0.328  -0.321  -0.311  -0.307  -0.306  -0.301  -0.301  -0.300
 -0.289  -0.287  -0.285  -0.284  -0.284  -0.270  -0.268  -0.268
 -0.263  -0.261  -0.227  -0.203
 -- Virtual --
 -0.104  -0.066  -0.044  -0.037  -0.011  -0.010  -0.005   0.001
  0.005   0.007   0.007   0.009   0.010   0.012   0.014   0.023
  0.027   0.036   0.038   0.059   0.064   0.077   0.077   0.079
  0.081   0.086   0.112   0.116   0.117   0.118   0.135   0.143
  0.144   0.147   0.150   0.153   0.155   0.156   0.159   0.162
  0.163   0.167   0.171   0.172   0.175   0.177   0.179   0.182
  0.183   0.185   0.186   0.189   0.190   0.191   0.192   0.194
  0.197   0.197   0.199   0.200   0.202   0.205   0.206   0.208
  0.210   0.212   0.213   0.214   0.215   0.216   0.218   0.219
  0.219   0.221   0.223   0.224   0.225   0.229   0.230   0.231
  0.235   0.238   0.239   0.241   0.242   0.244   0.246   0.246
  0.247   0.248   0.251   0.253   0.254   0.257   0.259   0.262
  0.263   0.265   0.267   0.268   0.271   0.276   0.278   0.279
  0.280   0.281   0.283   0.287   0.290   0.291   0.294   0.298
  0.300   0.303   0.305   0.306   0.309   0.309   0.314   0.315
  0.317   0.319   0.320   0.321   0.323   0.325   0.328   0.330
  0.334   0.336   0.337   0.340   0.343   0.346   0.351   0.354
  0.361   0.369   0.371   0.372   0.376   0.381   0.385   0.386
  0.391   0.397   0.400   0.404   0.411   0.411   0.413   0.414
  0.419   0.422   0.427   0.433   0.436   0.438   0.442   0.447
  0.450   0.453   0.455   0.461   0.462   0.466   0.468   0.476
  0.480   0.482   0.485   0.487   0.489   0.492   0.494   0.497
  0.498   0.501   0.504   0.511   0.514   0.515   0.519   0.519
  0.520   0.522   0.523   0.524   0.525   0.527   0.528   0.530
  0.530   0.532   0.535   0.536   0.537   0.540   0.544   0.546
  0.548   0.549   0.549   0.553   0.555   0.556   0.558   0.558
  0.559   0.559   0.561   0.563   0.568   0.568   0.571   0.572
  0.574   0.576   0.576   0.577   0.579   0.582   0.583   0.583
  0.585   0.586   0.588   0.588   0.589   0.591   0.593   0.594
  0.596   0.597   0.599   0.599   0.602   0.603   0.604   0.606
  0.608   0.610   0.612   0.612   0.613   0.613   0.615   0.615
  0.617   0.617   0.620   0.622   0.623   0.623   0.625   0.627
  0.627   0.631   0.632   0.635   0.636   0.636   0.638   0.639
  0.641   0.642   0.643   0.647   0.648   0.649   0.650   0.651
  0.652   0.654   0.657   0.659   0.664   0.665   0.666   0.671
  0.673   0.677   0.681   0.683   0.684   0.687   0.688   0.689
  0.693   0.693   0.696   0.699   0.700   0.707   0.708   0.710
  0.711   0.712   0.716   0.719   0.720   0.722   0.726   0.727
  0.728   0.732   0.733   0.737   0.742   0.744   0.745   0.747
  0.750   0.754   0.755   0.756   0.760   0.763   0.766   0.767
  0.770   0.773   0.774   0.776   0.779   0.784   0.786   0.787
  0.789   0.792   0.795   0.800   0.801   0.805   0.808   0.813
  0.817   0.820   0.822   0.825   0.826   0.833   0.836   0.839
  0.844   0.846   0.848   0.852   0.858   0.860   0.864   0.867
  0.872   0.875   0.882   0.885   0.889   0.892   0.893   0.901
  0.902   0.910   0.912   0.913   0.913   0.916   0.917   0.924
  0.928   0.928   0.936   0.937   0.938   0.939   0.941   0.943
  0.947   0.950   0.955   0.958   0.962   0.963   0.964   0.968
  0.970   0.974   0.976   0.978   0.981   0.982   0.984   0.986
  0.986   0.989   0.990   0.993   0.994   0.997   0.999   1.001
  1.001   1.002   1.004   1.004   1.009   1.010   1.012   1.013
  1.019   1.020   1.022   1.025   1.026   1.030   1.030   1.032
  1.037   1.038   1.040   1.042   1.044   1.044   1.046   1.053
  1.055   1.058   1.060   1.061   1.063   1.065   1.066   1.069
  1.070   1.073   1.077   1.079   1.081   1.083   1.083   1.087
  1.090   1.090   1.095   1.099   1.100   1.103   1.105   1.111
  1.112   1.114   1.119   1.121   1.125   1.128   1.129   1.133
  1.136   1.138   1.140   1.143   1.143   1.147   1.149   1.152
  1.155   1.156   1.158   1.162   1.164   1.168   1.172   1.179
  1.185   1.186   1.190   1.191   1.192   1.195   1.199   1.210
  1.210   1.212   1.214   1.218   1.223   1.224   1.232   1.236
  1.241   1.247   1.251   1.252   1.257   1.260   1.261   1.263
  1.268   1.275   1.275   1.278   1.285   1.287   1.288   1.292
  1.294   1.295   1.297   1.299   1.302   1.303   1.305   1.310
  1.314   1.315   1.321   1.324   1.325   1.326   1.331   1.335
  1.337   1.338   1.341   1.344   1.355   1.357   1.361   1.362
  1.365   1.368   1.370   1.372   1.374   1.378   1.380   1.383
  1.386   1.395   1.403   1.405   1.406   1.411   1.413   1.426
  1.430   1.434   1.435   1.436   1.436   1.439   1.447   1.449
  1.453   1.456   1.462   1.472   1.474   1.482   1.485   1.486
  1.493   1.498   1.506   1.507   1.507   1.510   1.513   1.513
  1.514   1.519   1.524   1.525   1.527   1.527   1.528   1.533
  1.534   1.536   1.537   1.538   1.539   1.540   1.545   1.545
  1.552   1.553   1.555   1.557   1.558   1.559   1.561   1.562
  1.568   1.572   1.575   1.579   1.581   1.584   1.591   1.593
  1.595   1.599   1.606   1.612   1.615   1.618   1.628   1.632
  1.634   1.639   1.646   1.649   1.655   1.656   1.657   1.662
  1.668   1.677   1.679   1.691   1.701   1.711   1.737   1.746
  1.748   1.750   1.757   1.760   1.765   1.777   1.783   1.793
  1.798   1.800   1.802   1.802   1.803   1.805   1.806   1.808
  1.809   1.810   1.813   1.821   1.822   1.838   1.844   1.846
  1.847   1.853   1.856   1.861   1.872   1.873   1.884   1.886
  1.894   1.899   1.900   1.911   1.912   1.914   1.915   1.922
  1.924   1.927   1.932   1.938   1.939   1.944   1.950   1.954
  1.959   1.963   1.965   1.967   1.973   1.975   1.977   1.977
  1.978   1.979   1.980   1.985   1.986   1.991   1.994   2.007
  2.011   2.014   2.019   2.020   2.027   2.029   2.032   2.035
  2.035   2.040   2.041   2.044   2.055   2.063   2.065   2.066
  2.068   2.073   2.080   2.086   2.091   2.093   2.099   2.105
  2.106   2.106   2.112   2.116   2.121   2.129   2.131   2.133
  2.138   2.145   2.147   2.150   2.152   2.153   2.156   2.158
  2.163   2.174   2.176   2.182   2.193   2.194   2.195   2.196
  2.197   2.197   2.198   2.200   2.204   2.205   2.207   2.210
  2.220   2.225   2.227   2.227   2.234   2.235   2.240   2.247
  2.249   2.251   2.253   2.257   2.259   2.262   2.263   2.264
  2.269   2.271   2.275   2.278   2.284   2.286   2.289   2.295
  2.298   2.304   2.308   2.311   2.316   2.316   2.319   2.322
  2.328   2.333   2.338   2.340   2.342   2.345   2.348   2.348
  2.351   2.353   2.353   2.354   2.358   2.359   2.370   2.374
  2.375   2.375   2.377   2.380   2.380   2.382   2.384   2.390
  2.392   2.394   2.396   2.403   2.407   2.408   2.412   2.415
  2.421   2.424   2.432   2.439   2.440   2.448   2.455   2.458
  2.470   2.472   2.476   2.478   2.487   2.489   2.491   2.493
  2.496   2.499   2.505   2.507   2.512   2.524   2.529   2.535
  2.546   2.554   2.559   2.568   2.584   2.596   2.600   2.606
  2.617   2.620   2.625   2.629   2.634   2.638   2.640   2.642
  2.647   2.665   2.676   2.680   2.683   2.686   2.691   2.694
  2.702   2.704   2.705   2.721   2.724   2.725   2.727   2.728
  2.729   2.730   2.733   2.742   2.745   2.753   2.756   2.757
  2.766   2.768   2.770   2.772   2.773   2.780   2.781   2.783
  2.784   2.784   2.795   2.800   2.800   2.800   2.801   2.802
  2.805   2.808   2.813   2.814   2.815   2.817   2.822   2.823
  2.831   2.837   2.841   2.855   2.860   2.862   2.866   2.868
  2.871   2.882   2.885   2.888   2.897   2.904   2.922   2.932
  2.936   2.943   2.949   2.973   2.981   2.985   2.988   2.996
  2.999   2.999   3.003   3.004   3.008   3.019   3.041   3.050
  3.072   3.076   3.080   3.092   3.121   3.183   3.191   3.222
  3.226   3.231   3.250   3.252   3.305   3.367   3.396   3.434
  3.441   3.470   3.476   3.481   3.485   3.485   3.499   3.518
  3.539   3.547   3.657   3.668   9.586   9.736  13.137  13.171
 13.239  13.256  13.258  13.263  13.469  13.493  13.505  13.520
 13.541  13.564  13.669  13.677  13.677  13.683  13.688  13.691
 13.695  13.725  13.732  13.732  13.743  13.782  13.788  13.792
 13.820  13.831  13.856  13.895  13.909  13.913  13.939  13.998
 14.012  14.019  14.026  14.028  14.040  14.043  14.130  14.140
 14.143  14.143  14.148  14.155  14.156  14.182  14.186  14.188
 14.195  14.196  14.208  14.221  14.234  14.259  14.279  14.282
 14.305  14.310  14.326  14.330  14.504  14.509  14.550  14.557
 14.560  14.564  14.572  14.573  14.574  14.574  14.602  14.610
 19.603  19.639
 --------------------------------------------------------------
 
          Ground-State Mulliken Net Atomic Charges

     Atom                 Charge (a.u.)
  ----------------------------------------
      1 S                     0.130722
      2 C                    -0.201138
      3 C                    -0.259810
      4 H                     0.251236
      5 C                    -0.252543
      6 H                     0.239820
      7 C                    -0.239893
      8 H                     0.239782
      9 C                    -0.311821
     10 H                     0.267598
     11 C                     0.420846
     12 N                    -0.707339
     13 C                     0.418555
     14 C                    -0.308998
     15 H                     0.267761
     16 C                    -0.241260
     17 H                     0.239619
     18 C                    -0.252053
     19 H                     0.239838
     20 C                    -0.259664
     21 H                     0.251492
     22 C                    -0.199672
     23 C                     0.215949
     24 C                    -0.310735
     25 H                     0.239076
     26 C                    -0.328686
     27 H                     0.251733
     28 C                     0.035153
     29 C                     0.052510
     30 C                    -0.214674
     31 C                    -0.768458
     32 H                     0.251550
     33 H                     0.249212
     34 H                     0.250291
     35 C                    -0.549080
     36 H                     0.253319
     37 H                     0.243873
     38 C                    -0.651293
     39 H                     0.233089
     40 H                     0.228264
     41 H                     0.224280
     42 B                     0.679031
     43 C                    -0.149121
     44 C                    -0.399070
     45 H                     0.243146
     46 C                     0.087788
     47 C                     0.102614
     48 C                    -0.391434
     49 H                     0.244952
     50 C                    -0.150716
     51 C                     0.186682
     52 C                    -0.386264
     53 H                     0.242185
     54 C                    -0.067971
     55 C                     0.230497
     56 C                     0.186797
     57 C                    -0.392628
     58 H                     0.244484
     59 C                    -0.223611
     60 H                     0.249327
     61 C                    -0.340143
     62 H                     0.246236
     63 C                    -0.223015
     64 H                     0.248788
     65 C                    -0.342720
     66 H                     0.246294
     67 B                     0.667513
     68 C                    -0.145766
     69 C                    -0.405349
     70 H                     0.243338
     71 C                     0.103526
     72 C                     0.086494
     73 C                    -0.388191
     74 H                     0.240842
     75 C                    -0.158381
     76 C                     0.183293
     77 C                    -0.382315
     78 H                     0.242577
     79 C                    -0.066718
     80 C                     0.231715
     81 C                     0.185994
     82 C                    -0.391377
     83 H                     0.241653
     84 C                    -0.225043
     85 H                     0.249417
     86 C                    -0.339693
     87 H                     0.245990
     88 C                    -0.222000
     89 H                     0.249066
     90 C                    -0.344232
     91 H                     0.246150
     92 C                    -0.202941
     93 C                     0.054014
     94 C                    -0.292039
     95 H                     0.244855
     96 C                     0.146285
     97 C                    -0.294599
     98 H                     0.247682
     99 C                     0.025763
    100 N                    -0.713334
    101 C                     0.442293
    102 C                     0.436751
    103 C                    -0.219493
    104 C                    -0.255350
    105 H                     0.250141
    106 C                    -0.256860
    107 H                     0.237117
    108 C                    -0.242444
    109 H                     0.237339
    110 C                    -0.318663
    111 H                     0.270977
    112 C                    -0.217599
    113 C                    -0.255451
    114 H                     0.250230
    115 C                    -0.255887
    116 H                     0.236908
    117 C                    -0.244200
    118 H                     0.236119
    119 C                    -0.317208
    120 H                     0.274361
    121 C                    -0.769386
    122 H                     0.252181
    123 H                     0.251118
    124 H                     0.251128
    125 C                    -0.549993
    126 H                     0.253357
    127 H                     0.243359
    128 C                    -0.657145
    129 H                     0.240675
    130 H                     0.228412
    131 H                     0.223180
    132 S                     0.169261
  ----------------------------------------
  Sum of atomic charges =    -0.000000

 -----------------------------------------------------------------
                    Cartesian Multipole Moments
 -----------------------------------------------------------------
    Charge (ESU x 10^10)
                -0.0000
    Dipole Moment (Debye)
         X       0.3536      Y       0.9497      Z      -0.3610
       Tot       1.0758
    Quadrupole Moments (Debye-Ang)
        XX    -479.9377     XY     -33.7672     YY    -474.3414
        XZ      64.1442     YZ     -19.8037     ZZ    -436.9766
    Octopole Moments (Debye-Ang^2)
       XXX   12211.4681    XXY    1508.8463    XYY    4164.9167
       YYY    2796.0168    XXZ   -3520.7640    XYZ    -102.8365
       YYZ   -2363.1177    XZZ    4378.1990    YZZ     641.7495
       ZZZ   -6860.2229
    Hexadecapole Moments (Debye-Ang^3)
      XXXX -280604.3702   XXXY  -39963.1605   XXYY  -54522.2747
      XYYY  -31136.3764   YYYY  -26116.1328   XXXZ   90894.5244
      XXYZ   11772.6482   XYYZ   24986.5151   YYYZ   25154.0093
      XXZZ  -75932.1224   XYZZ  -10252.3483   YYZZ  -22354.6855
      XZZZ   76607.6946   YZZZ   19769.4728   ZZZZ -114611.7297
 -----------------------------------------------------------------
 -----------------------------------------------------------------
               TDA Excited-State Multipoles, State  1
 -----------------------------------------------------------------
    Charge (ESU x 10^10)
                -0.0000
    Dipole Moment (Debye)
         X     -29.9189      Y      -8.9237      Z      18.7837
       Tot      36.4362
    Quadrupole Moments (Debye-Ang)
        XX     218.8687     XY     185.1746     YY    -419.2415
        XZ    -406.5747     YZ    -134.9185     ZZ    -209.6710
    Octopole Moments (Debye-Ang^2)
       XXX   -1071.3738    XXY   -2349.3547    XYY    3044.9710
       YYY    2445.5795    XXZ    5054.9644    XYZ    2227.5215
       YYZ   -1696.7732    XZZ    -593.8066    YZZ    -666.1364
       ZZZ   -4254.5302
    Hexadecapole Moments (Debye-Ang^3)
      XXXX  -42070.2532   XXXY   24723.5771   XXYY  -35588.5973
      XYYY  -24733.7983   YYYY  -23946.2391   XXXZ  -56051.5649
      XXYZ  -27865.0049   XYYZ   12572.7315   YYYZ   21132.3603
      XXZZ   11201.6131   XYZZ   14909.6933   YYZZ  -14845.6019
      XZZZ   23166.0170   YZZZ    5215.7326   ZZZZ  -85606.3676
 -----------------------------------------------------------------
 -----------------------------------------------------------------
               TDA Excited-State Multipoles, State  2
 -----------------------------------------------------------------
    Charge (ESU x 10^10)
                -0.0000
    Dipole Moment (Debye)
         X      31.8686      Y      11.4783      Z     -17.0435
       Tot      37.9189
    Quadrupole Moments (Debye-Ang)
        XX    -828.6543     XY    -105.3318     YY    -502.1818
        XZ     230.0116     YZ      48.2461     ZZ    -590.8123
    Octopole Moments (Debye-Ang^2)
       XXX   16330.5582    XXY    2136.5467    XYY    4431.2347
       YYY    2973.5966    XXZ   -5053.8507    XYZ    -631.4074
       YYZ   -2679.9488    XZZ    5734.9455    YZZ    1307.3612
       ZZZ   -8410.4119
    Hexadecapole Moments (Debye-Ang^3)
      XXXX -331526.8704   XXXY  -46728.0462   XXYY  -57248.7875
      XYYY  -32434.1925   YYYY  -26874.3559   XXXZ  107967.0283
      XXYZ   16810.5376   XYYZ   27339.3158   YYYZ   26640.5945
      XXZZ  -88794.9163   XYZZ  -15038.7038   YYZZ  -25412.4292
      XZZZ   88608.2934   YZZZ   26451.3998   ZZZZ -130627.0307
 -----------------------------------------------------------------
Archival summary:
1\1\ctcp040\SP\ProcedureUnspecified\BasisUnspecified\2274252\mewes1\ThuNov1500:05:042018ThuNov1500:05:042018\0\\#,ProcedureUnspecified,BasisUnspecified,\\0,1\S\C,1,1.75796\C,2,1.38597,1,119.161\H,3,1.08305,2,119.106,1,7.26462,0\C,3,1.3863,2,120.508,1,-171.171,0\H,5,1.0816,3,120.235,2,178.634,0\C,5,1.3843,3,118.822,2,-0.81805,0\H,7,1.08218,5,120.226,3,179.278,0\C,7,1.38709,5,120.888,3,-1.41489,0\H,9,1.08021,7,118.923,5,-179.43,0\C,9,1.39535,7,120.899,5,1.44173,0\N,11,1.40091,9,121.984,7,-179.794,0\C,12,1.40214,11,121.221,9,148.685,0\C,13,1.39499,12,121.972,11,-147.992,0\H,14,1.08029,13,120.099,12,-1.23421,0\C,14,1.38704,13,120.8,12,179.354,0\H,16,1.08209,14,118.887,13,179.479,0\C,16,1.38463,14,120.88,13,-1.30841,0\H,18,1.08155,16,120.913,14,-179.113,0\C,18,1.38614,16,118.902,14,1.23963,0\H,20,1.08305,18,120.39,16,179.509,0\C,20,1.38576,18,120.466,16,0.809519,0\C,12,1.42776,11,118.096,9,-11.5279,0\C,23,1.37954,12,119.142,11,-101.09,0\H,24,1.08488,23,119.03,12,0.804807,0\C,23,1.38882,12,121.059,11,79.7594,0\H,26,1.08518,23,119.393,12,-0.838836,0\C,26,1.38775,23,120.397,12,178.506,0\C,24,1.3942,23,120.535,12,-178.441,0\C,29,1.39897,24,120.288,23,0.015315,0\C,28,1.5027,26,119.486,23,-179.693,0\H,31,1.09006,28,111.485,26,0.813191,0\H,31,1.09161,28,111.255,26,-119.707,0\H,31,1.09178,28,111.357,26,121.356,0\C,29,1.50667,24,118.056,23,-178.492,0\H,35,1.09189,29,110.201,24,-159.714,0\H,35,1.09372,29,109.454,24,-43.253,0\C,35,1.52693,29,112.1,24,78.127,0\H,38,1.09005,35,111.008,29,61.0802,0\H,38,1.09076,35,111.021,29,-179.039,0\H,38,1.09117,35,111.24,29,-58.9712,0\B,30,1.58532,29,121.645,24,177.592,0\C,42,1.53147,30,120.836,29,92.9106,0\C,43,1.40823,42,120.318,30,-2.04285,0\H,44,1.08599,43,119.312,42,0.861477,0\C,44,1.37251,43,120.767,42,-178.813,0\C,46,1.42682,44,120.151,43,-0.329354,0\C,47,1.37244,46,119.929,44,-0.004995,0\H,48,1.08533,47,119.474,46,179.898,0\C,48,1.41247,47,120.989,46,0.015408,0\C,46,1.45922,44,131.576,43,179.127,0\C,51,1.37422,46,135.401,44,0.252602,0\H,52,1.0833,51,121.874,46,0.076311,0\C,51,1.41041,46,106.186,44,-179.607,0\C,54,1.39311,51,124.081,46,179.989,0\C,54,1.41049,51,111.44,46,-0.058757,0\C,56,1.37347,54,118.028,51,-179.645,0\H,57,1.08345,56,121.679,54,179.571,0\C,52,1.41389,51,118.636,46,-179.844,0\H,59,1.08299,52,118.434,51,179.92,0\C,59,1.37643,52,122.586,51,-0.073309,0\H,61,1.0834,59,119.949,52,-179.992,0\C,57,1.41411,56,118.778,54,-0.199243,0\H,63,1.08291,57,118.584,56,179.939,0\C,63,1.37651,57,122.633,56,-0.007453,0\H,65,1.08343,63,120.074,57,-179.967,0\B,50,1.53447,48,121.22,47,-179.897,0\C,67,1.53206,50,120.141,48,-177.683,0\C,68,1.41311,67,121.578,50,177.921,0\H,69,1.08608,68,119.194,67,0.869618,0\C,69,1.37451,68,120.98,67,-178.994,0\C,71,1.42582,69,119.655,68,-0.37184,0\C,72,1.37239,71,120.415,69,-0.030608,0\H,73,1.08566,72,119.989,71,179.881,0\C,73,1.40663,72,120.769,71,0.363809,0\C,72,1.45601,71,108.466,69,179.492,0\C,76,1.37311,72,134.983,71,-179.241,0\H,77,1.08351,76,121.839,72,-0.283003,0\C,76,1.40972,72,106.255,71,0.150164,0\C,79,1.3916,76,123.948,72,-179.509,0\C,79,1.41127,76,111.338,72,-0.128009,0\C,81,1.37236,79,117.978,76,-179.443,0\H,82,1.08308,81,121.715,79,179.694,0\C,77,1.41351,76,118.412,72,179.458,0\H,84,1.08288,77,118.483,76,-179.946,0\C,84,1.37667,77,122.538,76,-0.089968,0\H,86,1.08323,84,119.877,77,-179.884,0\C,82,1.41488,81,118.668,79,-0.122968,0\H,88,1.08272,82,118.42,81,-179.997,0\C,88,1.37672,82,122.723,81,0.15193,0\H,90,1.08324,88,119.999,82,179.853,0\C,67,1.58872,50,117.854,48,0.598258,0\C,92,1.40384,67,121.177,50,79.7785,0\C,93,1.3919,92,120.222,67,-173.265,0\H,94,1.08421,93,120.458,92,178.11,0\C,94,1.38099,93,119.24,92,-0.279593,0\C,96,1.38177,94,121.841,93,-1.13714,0\H,97,1.08402,96,120.197,94,179.359,0\C,97,1.3905,96,119.228,94,1.28906,0\N,96,1.43902,94,119.127,93,175.595,0\C,100,1.3758,96,117.671,94,87.4672,0\C,100,1.37733,96,116.733,94,-92.4038,0\C,101,1.40794,100,122.219,96,-178.324,0\C,103,1.39764,101,120.444,100,179.133,0\H,104,1.0826,103,119.411,101,-179.771,0\C,104,1.37333,103,120.227,101,0.275846,0\H,106,1.08075,104,119.924,103,-179.923,0\C,106,1.39888,104,119.745,103,0.282476,0\H,108,1.08102,106,120.052,104,179.606,0\C,108,1.37078,106,120.832,104,-0.38017,0\H,110,1.07976,108,119.676,106,179.967,0\C,102,1.40818,100,122.311,96,179.546,0\C,112,1.39806,102,120.606,100,179.462,0\H,113,1.0826,112,119.425,102,-179.929,0\C,113,1.37306,112,120.289,102,0.191809,0\H,115,1.08093,113,120.012,112,-179.901,0\C,115,1.39873,113,119.624,112,0.289229,0\H,117,1.08147,115,120.059,113,179.776,0\C,117,1.37078,115,120.884,113,-0.281902,0\H,119,1.07913,117,119.121,115,-179.98,0\C,99,1.50201,97,119.588,96,177.918,0\H,121,1.08981,99,111.756,97,-1.18527,0\H,121,1.09069,99,111.37,97,119.783,0\H,121,1.09139,99,110.896,97,-121.903,0\C,93,1.50587,92,120.751,67,6.41045,0\H,125,1.0918,93,109.512,92,-40.1799,0\H,125,1.09312,93,109.558,92,-156.541,0\C,125,1.52714,93,112.542,92,81.5066,0\H,128,1.08944,125,111.189,93,-61.9948,0\H,128,1.09033,125,110.645,93,178.52,0\H,128,1.0912,125,111.333,93,58.5472,0\S,112,1.71866,102,123.203,100,-1.28378,0\\\@

 Total job time:  14624.53s(wall), 39370.65s(cpu) 
 Thu Nov 15 00:05:04 2018

        *************************************************************
        *                                                           *
        *  Thank you very much for using Q-Chem.  Have a nice day.  *
        *                                                           *
        *************************************************************


0 sent ACK to 0 
now end server 0 ... 
 
*************************************************************
Job 2 of 2 
*************************************************************
 
mFile = /cm/shared/apps/q-chem/intel/QCHEM_5.1.0_Trunk/bin/mpi/machines
Process 0 of 1 is on ctcp040 - thread support 0
initial socket setup ...start
initial socket setup ...done 
now start server 0 ... 
Q-Chem Developer Version!
                  Welcome to Q-Chem
     A Quantum Leap Into The Future Of Chemistry


 Q-Chem 5.1, Q-Chem, Inc., Pleasanton, CA (2018)

 Yihan Shao,  Zhengting Gan,  E. Epifanovsky,  A. T. B. Gilbert,  M. Wormit,  
 J. Kussmann,  A. W. Lange,  A. Behn,  Jia Deng,  Xintian Feng,  D. Ghosh,  
 M. Goldey,  P. R. Horn,  L. D. Jacobson,  I. Kaliman,  T. Kus,  A. Landau,  
 Jie Liu,  E. I. Proynov,  R. M. Richard,  R. P. Steele,  E. J. Sundstrom,  
 H. L. Woodcock III,  P. M. Zimmerman,  D. Zuev,  B. Albrecht,  E. Alguire,  
 S. A. Baeppler,  D. Barton,  Z. Benda,  Y. A. Bernard,  E. J. Berquist,  
 K. B. Bravaya,  H. Burton,  D. Casanova,  Chun-Min Chang,  Yunqing Chen,  
 A. Chien,  K. D. Closser,  M. P. Coons,  S. Coriani,  S. Dasgupta,  
 A. L. Dempwolff,  M. Diedenhofen,  Hainam Do,  R. G. Edgar,  Po-Tung Fang,  
 S. Faraji,  S. Fatehi,  Qingguo Feng,  K. D. Fenk,  J. Fosso-Tande,  
 Qinghui Ge,  A. Ghysels,  G. Gidofalvi,  J. Gomes,  J. Gonthier,  A. Gunina,  
 D. Hait,  M. W. D. Hanson-Heine,  P. H. P. Harbach,  A. W. Hauser,  
 J. E. Herr,  E. G. Hohenstein,  Z. C. Holden,  Kerwin Hui,  B. C. Huynh,  
 T.-C. Jagau,  Hyunjun Ji,  B. Kaduk,  K. Khistyaev,  Jaehoon Kim,  
 P. Klunzinger,  K. Koh,  D. Kosenkov,  L. Koulias,  T. Kowalczyk,  
 C. M. Krauter,  A. Kunitsa,  Ka Un Lao,  A. Laurent,  K. V. Lawler,  
 Joonho Lee,  D. Lefrancois,  S. Lehtola,  D. S. Levine,  Yi-Pei Li,  
 You-Sheng Lin,  Fenglai Liu,  E. Livshits,  A. Luenser,  P. Manohar,  
 E. Mansoor,  S. F. Manzer,  Shan-Ping Mao,  Yuezhi Mao,  N. Mardirossian,  
 A. V. Marenich,  T. Markovich,  L. A. Martinez-Martinez,  S. A. Maurer,  
 N. J. Mayhall,  S. C. McKenzie,  J.-M. Mewes,  A. F. Morrison,  
 J. W. Mullinax,  K. Nanda,  T. S. Nguyen-Beck,  R. Olivares-Amaya,  
 J. A. Parkhill,  T. M. Perrine,  F. Plasser,  P. Pokhilko,  S. Prager,  
 A. Prociuk,  E. Ramos,  D. R. Rehn,  F. Rob,  M. Schneider,  N. Sergueev,  
 S. M. Sharada,  S. Sharma,  D. W. Small,  T. Stauch,  T. Stein,  
 Yu-Chuan Su,  A. J. W. Thom,  A. Tkatchenko,  T. Tsuchimochi,  N. M. Tubman,  
 L. Vogt,  M. L. Vidal,  O. Vydrov,  M. A. Watson,  J. Wenzel,  
 M. de Wergifosse,  T. A. Wesolowski,  A. White,  J. Witte,  A. Yamada,  
 Jun Yang,  K. Yao,  S. Yeganeh,  S. R. Yost,  Zhi-Qiang You,  A. Zech,  
 Igor Ying Zhang,  Xing Zhang,  Yan Zhao,  Ying Zhu,  B. R. Brooks,  
 G. K. L. Chan,  C. J. Cramer,  M. S. Gordon,  W. J. Hehre,  A. Klamt,  
 M. W. Schmidt,  C. D. Sherrill,  D. G. Truhlar,  A. Aspuru-Guzik,  R. Baer,  
 A. T. Bell,  N. A. Besley,  Jeng-Da Chai,  A. E. DePrince, III,  
 R. A. DiStasio Jr.,  A. Dreuw,  B. D. Dunietz,  T. R. Furlani,  
 Chao-Ping Hsu,  Yousung Jung,  Jing Kong,  D. S. Lambrecht,  WanZhen Liang,  
 C. Ochsenfeld,  V. A. Rassolov,  L. V. Slipchenko,  J. E. Subotnik,  
 T. Van Voorhis,  J. M. Herbert,  A. I. Krylov,  P. M. W. Gill,  M. Head-Gordon

 Contributors to earlier versions of Q-Chem not listed above: 
 R. D. Adamson,  B. Austin,  J. Baker,  G. J. O. Beran,  K. Brandhorst,  
 S. T. Brown,  E. F. C. Byrd,  A. K. Chakraborty,  C.-L. Cheng,  
 Siu Hung Chien,  D. M. Chipman,  D. L. Crittenden,  H. Dachsel,  
 R. J. Doerksen,  A. D. Dutoi,  L. Fusti-Molnar,  W. A. Goddard III,  
 A. Golubeva-Zadorozhnaya,  S. R. Gwaltney,  G. Hawkins,  A. Heyden,  
 S. Hirata,  G. Kedziora,  F. J. Keil,  C. Kelley,  Jihan Kim,  R. A. King,  
 R. Z. Khaliullin,  P. P. Korambath,  W. Kurlancheek,  A. M. Lee,  M. S. Lee,  
 S. V. Levchenko,  Ching Yeh Lin,  D. Liotard,  R. C. Lochan,  I. Lotan,  
 P. E. Maslen,  N. Nair,  D. P. O'Neill,  D. Neuhauser,  E. Neuscamman,  
 C. M. Oana,  R. Olson,  B. Peters,  R. Peverati,  P. A. Pieniazek,  
 Y. M. Rhee,  J. Ritchie,  M. A. Rohrdanz,  E. Rosta,  N. J. Russ,  
 H. F. Schaefer III,  N. E. Schultz,  N. Shenvi,  A. C. Simmonett,  A. Sodt,  
 D. Stuck,  K. S. Thanthiriwatte,  V. Vanovschi,  Tao Wang,  A. Warshel,  
 C. F. Williams,  Q. Wu,  X. Xu,  W. Zhang

 Please cite Q-Chem as follows:
 Y. Shao et al., Mol. Phys. 113, 184-215 (2015)
 DOI: 10.1080/00268976.2014.952696

 Q-Chem 5.1.1 for Intel X86 EM64T Linux

 Parts of Q-Chem use Armadillo 8.300.2 (Tropical Shenanigans).
 http://arma.sourceforge.net/

 Q-Chem begins on Thu Nov 15 00:05:07 2018  

Host: ctcp040
0

     Scratch files written to /scratch/mewes1/140335/qchem23413//
 Parallel job on  1  processors
The previous job contains 0 fragments, simply inherited here
Symmetry turned off for PCM/SM12/SMD calculation
Input Ideriv = 2
Curr. Ideriv = -1
Max.  Ideriv = 2
Input Ideriv = 1
Curr. Ideriv = 2
Max.  Ideriv = 1

Checking the input file for inconsistencies... 	...done.

--------------------------------------------------------------
User input:
--------------------------------------------------------------
$rem
threads 8
jobtype sp
method PBEh-3c
basis def2-mSVP
mem_static      1024
mem_total       14000
sym_ignore      true
cis_n_roots             6
cis_singlets            true
cis_triplets            true
rpa                     false
calc_soc                true
cis_moments             true
cis_relaxed_density     true
solvent_method          pcm
$end

$molecule
read
$end

$pcm
statespecific           Marcus 
$end

$solvent
dielectric      2.38 
dielectric_infi 2.25
$end

--------------------------------------------------------------
 Adding empirical dispersion correction 
 ----------------------------------------------------------------
 Doing -D3(BJ) with
 s6 =   1.00000
 s8 =   0.00000
 a1 =   0.48600
 a2 =   4.50000
 -D3 energy including 3body term =     -0.1319726742 hartrees
 ----------------------------------------------------------------
 Adding gCP correction 
 ----------------------------------------------------------------
 gCP energy =      0.1770284589 hartrees
 ----------------------------------------------------------------
             Standard Nuclear Orientation (Angstroms)
    I     Atom           X                Y                Z
 ----------------------------------------------------------------
    1      S       0.0000000000     0.0000000000     0.0000000000
    2      C       0.0000000000     0.0000000000     1.7579560000
    3      C       1.2102966319     0.0000000000     2.4332978303
    4      H       2.1277358650     0.1196598667     1.8702882920
    5      C       1.2497630050    -0.1833162214     3.8068531325
    6      H       2.1981345226    -0.2045562489     4.3264610580
    7      C       0.0586617188    -0.3489412595     4.4925172859
    8      H       0.0636805864    -0.5053402783     5.5633253334
    9      C      -1.1578958706    -0.3037988588     3.8277060255
   10      H      -2.0684398011    -0.4277309511     4.3955125341
   11      C      -1.2127927476    -0.1200286565     2.4456042545
   12      N      -2.4286869479    -0.0666494775     1.7518559025
   13      C      -2.5719802358     0.7130730456     0.5953528959
   14      C      -3.7826950506     1.3182573722     0.2578303659
   15      H      -4.6518353638     1.1773853386     0.8837544759
   16      C      -3.8936915035     2.0956641728    -0.8854925627
   17      H      -4.8498236249     2.5436284490    -1.1222494283
   18      C      -2.7998108399     2.3128660133    -1.7061334466
   19      H      -2.8822933067     2.9305835282    -2.5900847766
   20      C      -1.5904685824     1.7181019160    -1.3818985007
   21      H      -0.7213772955     1.8652906405    -2.0111856262
   22      C      -1.4841655321     0.9061814135    -0.2639482490
   23      C      -3.6157905768    -0.4526248810     2.4449077457
   24      C      -4.1448612747    -1.7073628637     2.2238932597
   25      H      -3.6392751569    -2.3784844094     1.5376481767
   26      C      -4.2504544974     0.4195891015     3.3197038629
   27      H      -3.8287760608     1.4051343299     3.4885594605
   28      C      -5.4207140775     0.0413656875     3.9625756042
   29      C      -5.3206966552    -2.1024725769     2.8603647050
   30      C      -5.9790033592    -1.2286109721     3.7322089814
   31      C      -6.0941381867     1.0039067193     4.8996540483
   32      H      -5.5552535661     1.9497941339     4.9555524206
   33      H      -6.1583836202     0.5938521536     5.9092821493
   34      H      -7.1163330567     1.2187604887     4.5819621283
   35      C      -5.8302117131    -3.4972765155     2.6054649582
   36      H      -6.8924963577    -3.5611715793     2.8498078433
   37      H      -5.7477474249    -3.7259975811     1.5391145508
   38      C      -5.0605398947    -4.5452686558     3.4059777784
   39      H      -5.1614221552    -4.3704899993     4.4771816119
   40      H      -5.4321684559    -5.5489579253     3.1956084394
   41      H      -3.9968796251    -4.5254278373     3.1633016800
   42      B      -7.3471005686    -1.6231328087     4.4292734532
   43      C      -7.3629873283    -2.2697297667     5.8174605475
   44      C      -6.1548653459    -2.5632123281     6.4788407793
   45      H      -5.2125111635    -2.3134060933     6.0003688617
   46      C      -6.1579637468    -3.1646692495     7.7125429017
   47      C      -7.3931982279    -3.4949850183     8.3457070784
   48      C      -8.5810245899    -3.2105818192     7.7197944063
   49      H      -9.5162574545    -3.4665558109     8.2074009937
   50      C      -8.6041838680    -2.5922621230     6.4500582027
   51      C      -5.0685581578    -3.5839410800     8.5881738760
   52      C      -3.6961522961    -3.5419821334     8.5314578371
   53      H      -3.1713447937    -3.1184711985     7.6836652346
   54      C      -5.6760768278    -4.1534650000     9.7265122688
   55      C      -4.9710916260    -4.6788629368    10.8071113685
   56      C      -7.0829298075    -4.1215359747     9.6304682684
   57      C      -7.8128972023    -4.6369132892    10.6735171264
   58      H      -8.8963128627    -4.6363915136    10.6647819234
   59      C      -2.9567370462    -4.0705695841     9.6144773145
   60      H      -1.8753680037    -4.0370055548     9.5657625721
   61      C      -3.5575502836    -4.6234738894    10.7225734633
   62      H      -2.9490972429    -5.0161075409    11.5284155321
   63      C      -7.1248353463    -5.1756063217    11.7853068900
   64      H      -7.7034821059    -5.5802030391    12.6063828048
   65      C      -5.7509425857    -5.2047804810    11.8650288436
   66      H      -5.2665631653    -5.6281608698    12.7367727974
   67      B      -9.9291668799    -2.2697674125     5.7464936463
   68      C      -9.9252358248    -1.6472088098     4.3466339932
   69      C     -11.1266653169    -1.3778849237     3.6531621384
   70      H     -12.0757775537    -1.6049020487     4.1298347526
   71      C     -11.1082788823    -0.8379653207     2.3892676608
   72      C      -9.8603374052    -0.5366859725     1.7689142550
   73      C      -8.6806835022    -0.7818799424     2.4260001531
   74      H      -7.7343421043    -0.5516004170     1.9463494855
   75      C      -8.6787126662    -1.3403983366     3.7169914245
   76      C     -10.1232962102     0.0075768839     0.4443082117
   77      C      -9.3435154754     0.4536699289    -0.5941370591
   78      H      -8.2615403519     0.4559754995    -0.5364747870
   79      C     -11.5251090712     0.0257934896     0.2963334945
   80      C     -12.1800638167     0.4718288289    -0.8476172917
   81      C     -12.1694997527    -0.4771653155     1.4467602623
   82      C     -13.5407623273    -0.5319417542     1.4445301210
   83      H     -14.0968014578    -0.9114852886     2.2929641539
   84      C      -9.9843941892     0.9146746569    -1.7666360915
   85      H      -9.3705274420     1.2659095178    -2.5866548618
   86      C     -11.3540603972     0.9305602135    -1.9043927970
   87      H     -11.7998050045     1.2914751979    -2.8233242520
   88      C     -14.2361937330    -0.0819149952     0.2974683793
   89      H     -15.3179711666    -0.1268883131     0.3000676312
   90      C     -13.5941329425     0.4060781902    -0.8183238585
   91      H     -14.1706562514     0.7368414233    -1.6736761964
   92      C     -11.2784893490    -2.6406429904     6.4986874587
   93      C     -11.7932933129    -1.8200676160     7.5147567828
   94      C     -12.8973910407    -2.2315895040     8.2557026441
   95      H     -13.2794087392    -1.6148465638     9.0614306447
   96      C     -13.4814785761    -3.4511392269     7.9752292613
   97      C     -13.0149400812    -4.2671171458     6.9624118308
   98      H     -13.4872091853    -5.2240969208     6.7719978922
   99      C     -11.9103776247    -3.8640107240     6.2201584890
  100      N     -14.5616821949    -3.9174824055     8.8037562591
  101      C     -15.8379628423    -3.5280505815     8.4686716330
  102      C     -14.2222086683    -4.7182137880     9.8717515251
  103      C     -16.9610135879    -3.8997685427     9.2321433660
  104      C     -18.2394265969    -3.4681560335     8.8677540535
  105      H     -19.0908286308    -3.7608763859     9.4689647463
  106      C     -18.4125219289    -2.6805680159     7.7560995825
  107      H     -19.4031266202    -2.3485523481     7.4795223075
  108      C     -17.3041405443    -2.3157019767     6.9845943389
  109      H     -17.4354545239    -1.7011903406     6.1049678191
  110      C     -16.0427381938    -2.7280757213     7.3278949308
  111      H     -15.2004853961    -2.4359177717     6.7186894681
  112      C     -15.1838150442    -5.2315091740    10.7632674652
  113      C     -14.8004553372    -6.0504264682    11.8295673970
  114      H     -15.5558281050    -6.4355342170    12.5027191325
  115      C     -13.4771554464    -6.3615538837    12.0228545142
  116      H     -13.1859304548    -6.9964185461    12.8478070531
  117      C     -12.5118105863    -5.8494034007    11.1497765170
  118      H     -11.4671719277    -6.0870025255    11.2976078054
  119      C     -12.8693695736    -5.0448365387    10.0991335818
  120      H     -12.1011847983    -4.6656058194     9.4429308036
  121      C     -11.3676917390    -4.7658493412     5.1486127951
  122      H     -11.9258585060    -5.6997581535     5.0857115597
  123      H     -11.4013053588    -4.2853070036     4.1700659835
  124      H     -10.3204661844    -5.0083555053     5.3374255634
  125      C     -11.1596247376    -0.4897722725     7.8252625922
  126      H     -10.0729626648    -0.5828817394     7.7750508114
  127      H     -11.3978251991    -0.2018540690     8.8525283721
  128      C     -11.6144527115     0.6123411847     6.8709847300
  129      H     -11.3274758048     0.3874943414     5.8443501504
  130      H     -11.1581412060     1.5655764156     7.1392086926
  131      H     -12.6978409237     0.7396158951     6.8990662152
  132      S     -16.8634402127    -4.8909124425    10.6342772307
 ----------------------------------------------------------------
 Nuclear Repulsion Energy = 12471.7771859541 hartrees
 There are      276 alpha and      276 beta electrons
 Requested basis set is def2-mSVP
 There are 666 shells and 1310 basis functions

 Total QAlloc Memory Limit  14000 MB
 Mega-Array Size      1001 MB
 MEM_STATIC part      1024 MB
 Discretize the solute cavity surface with Lebedev spheres
	Using 302 Lebedev grid points for each H atom
	Using 302 Lebedev grid points for other atoms
	Atomic van der Waals radii will be scaled by 1.20
 Remove points where switching function is < 1.0e-08
 Keep 13732 surface tesserae and discard 26132 interior tesserae
 Molecular Surface Area = 1053.560 Angst**2
 A cutoff of  1.0D-11 yielded  59930 shell pairs
 There are    238532 function pairs (    262727 Cartesian)
 
 -------------------------------------------------------
 OpenMP Integral Computing Module                       
 Release: version 1.0, May 2013, Q-Chem Inc. Pittsburgh 
 -------------------------------------------------------
 Integral Job Info:
 Integral job number is                      11
 Integral operator is                         1
 short-range coefficients                     0
 long-range coefficients              100000000
 Omega coefficients                           0
 if combine SR and LR in K                    0
 Integral screening is                        0
 Integral computing path is                   2
 max size of driver memory is            800000
 size of driver memory is                593474
 size of scratch memory is              7590872
 max col of scratch BK array               1296
 max len of scratch array in speh3          155
 max len of scratch index in speh4           18
 max int batch size is                      520
 min int batch size is                       52
 fixed nKL is                                52
 max L of basis functions is                  2
 order of int derivative is                   0
 number of shells is                        666
 number of basis is                        1390
 number of cartesian basis is              1390
 number of contracted shell pairs         59930
 number of primitive shell pairs         124462
 maxK2 (contraction) of shell pair           25
 max number of K2 of shell pair               1
 max number of CS2 of shell pair          14403
 max number of PS2 of shell pair          21730
 mem total for path MDJ                 1126444
 -------------------------------------------------------
 Smallest overlap matrix eigenvalue = 1.96E-04

 Scale SEOQF with 1.000000e-03/1.000000e-02/1.000000e-02

 Standard Electronic Orientation quadrupole field applied
 Nucleus-field energy     =    -0.0000002024 hartrees
 Guess from superposition of atomic densities
 Warning:  Energy on first SCF cycle will be non-variational
 SAD guess density has 552.000001 electrons

 -----------------------------------------------------------------------
  General SCF calculation program by
  Eric Jon Sundstrom, Paul Horn, Yuezhi Mao, Dmitri Zuev, Alec White,
  David Stuck, Shaama M.S., Shane Yost, Joonho Lee, David Small,
  Daniel Levine, Susi Lehtola, Hugh Burton, Evgeny Epifanovsky
 -----------------------------------------------------------------------
 Exchange:     0.4200 Hartree-Fock + 0.5800 PBEh-3c
 Correlation:  1.0000 PBEh-3c
 Using SG-1 standard quadrature grid
 Dispersion:   Grimme D3
 using 8 threads for integral computing
 -------------------------------------------------------
 OpenMP Integral computing Module                
 Release: version 2.0, May 2017, Q-Chem Inc. Pleasanton 
 -------------------------------------------------------
 -------------------------------------------------------
 OpenMP BLAS3 based DFT computing Module                
 Release: version 1.0, May 2013, Q-Chem Inc. Pittsburgh 
 -------------------------------------------------------
 A restricted SCF calculation will be
 performed using DIIS
 SCF converges when DIIS error is below 1.0e-08
 ---------------------------------------
  Cycle       Energy         DIIS error
 ---------------------------------------
    1   -3826.5024332986      2.36e-02  
    2   -3798.8006268775      1.59e-03  
    3   -3798.9195348708      1.51e-03  
    4   -3799.3866982329      4.68e-04  
    5   -3799.4341625980      1.57e-04  
    6   -3799.4395528209      4.64e-05  
    7   -3799.4400305648      1.40e-05  
    8   -3799.4400760020      4.20e-06  
    9   -3799.4400807026      1.71e-06  
   10   -3799.4400815264      6.30e-07  
   11   -3799.4400816526      2.16e-07  
   12   -3799.4400814317      7.51e-08  
   13   -3799.4400812381      2.98e-08  
   14   -3799.4400814175      1.11e-08  
   15   -3799.4400814672      5.98e-09  Convergence criterion met
 ---------------------------------------
 SCF time:   CPU 19301.53s  wall 2524.00s 

************** Final PCM Free Energy Summary **************
 G_electrostatic  =      -0.02520801 hartree =     -15.81826331 kcal/mol
 G_cavitation     =       0.00000000 hartree =       0.00000000 kcal/mol
 G_dispersion     =       0.00000000 hartree =       0.00000000 kcal/mol
 G_repulsion      =       0.00000000 hartree =       0.00000000 kcal/mol
 --------------------------------------------------
 Non-electrostatic Free Energy =       0.00000000 hartree =       0.00000000 kcal/mol
 Total                         =      -0.02520801 hartree =     -15.81826331 kcal/mol
 --------------------------------------------------
 SCF Energy (H0 + V/2)                       =   -3799.44008147 
 Solute Internal Energy (H0)                 =   -3799.41487346 
 Total Free Energy (H0 + V/2 + non-elec)     =   -3799.44008147 hartree
                                             = -2384184.63561768 kcal/mol
***********************************************************

 SCF   energy in the final basis set =    -3799.4400814672
 Total energy in the final basis set =    -3799.4400814672
 
 Direct TDDFT/TDA calculation will be performed
 Exchange:     0.4200 Hartree-Fock + 0.5800 PBEh-3c
 Correlation:  1.0000 PBEh-3c
 Using SG-1 standard quadrature grid
 Dispersion:   Grimme D3
 Triplet excitation energies requested
 Singlet excitation energies requested
 Adding PCM contribution to the XC response
 CIS energy converged when residual is below 10e- 6
 ---------------------------------------------------
 Iter    Rts Conv    Rts Left    Ttl Dev     Max Dev
 ---------------------------------------------------
   1         0           6      0.000127    0.000056
   2         0           6      0.000049    0.000022
   3         2           4      0.000037    0.000016
   4         2           4      0.000041    0.000031
   5         4           2      0.000020    0.000017
   6         5           1      0.000011    0.000009
   7         5           1      0.000004    0.000002
   8         5           1      0.000003    0.000001
   9         3           3      0.000066    0.000058
  10         4           2      0.000023    0.000019
  11         5           1      0.000008    0.000006
  12         5           1      0.000006    0.000004
  13         5           1      0.000005    0.000003
  14         5           1      0.000004    0.000002
  15         5           1      0.000003    0.000001
  16         6           0      0.000003    0.000001    Roots Converged
 ---------------------------------------------------
 Triplets done: starting singlet calculation
 ---------------------------------------------------
 Iter    Rts Conv    Rts Left    Ttl Dev     Max Dev
 ---------------------------------------------------
  17         0           6      0.000229    0.000119
  18         0           6      0.000071    0.000031
  19         2           4      0.000033    0.000013
  20         3           3      0.000014    0.000005
  21         3           3      0.000040    0.000035
  22         4           2      0.000039    0.000036
  23         5           1      0.000019    0.000017
  24         5           1      0.000013    0.000010
  25         5           1      0.000009    0.000006
  26         5           1      0.000009    0.000007
  27         5           1      0.000008    0.000006
  28         5           1      0.000005    0.000003
  29         5           1      0.000006    0.000003
  30         5           1      0.000006    0.000004
  31         5           1      0.000007    0.000004
  32         5           1      0.000005    0.000003
  33         5           1      0.000005    0.000003
  34         5           1      0.000005    0.000003
  35         5           1      0.000007    0.000005
  36         5           1      0.000006    0.000004
  37         5           1      0.000004    0.000002
  38         6           0      0.000003    0.000001    Roots Converged
 ---------------------------------------------------
 
 ---------------------------------------------------
         TDDFT/TDA Excitation Energies              
 ---------------------------------------------------

 Excited state   1: excitation energy (eV) =    1.9785
 Total energy for state  1:                 -3799.36737120 au
    Multiplicity: Triplet
    Trans. Mom.:  0.0000 X   0.0000 Y   0.0000 Z
    Strength   :     0.0000000000
    D(276) --> V(  1) amplitude =  0.9983

 Excited state   2: excitation energy (eV) =    1.9789
 Total energy for state  2:                 -3799.36735875 au
    Multiplicity: Singlet
    Trans. Mom.:  0.0476 X   0.0181 Y  -0.0335 Z
    Strength   :     0.0001803366
    D(276) --> V(  1) amplitude =  0.9984

 Excited state   3: excitation energy (eV) =    2.1886
 Total energy for state  3:                 -3799.35965270 au
    Multiplicity: Triplet
    Trans. Mom.:  0.0000 X   0.0000 Y   0.0000 Z
    Strength   :     0.0000000000
    D(273) --> V(  1) amplitude =  0.8895
    D(274) --> V(  1) amplitude =  0.2487

 Excited state   4: excitation energy (eV) =    2.4033
 Total energy for state  4:                 -3799.35176065 au
    Multiplicity: Triplet
    Trans. Mom.:  0.0000 X   0.0000 Y   0.0000 Z
    Strength   :     0.0000000000
    D(271) --> V(  2) amplitude =  0.4583
    D(273) --> V(  1) amplitude = -0.2298
    D(274) --> V(  1) amplitude =  0.7866

 Excited state   5: excitation energy (eV) =    2.4699
 Total energy for state  5:                 -3799.34931519 au
    Multiplicity: Triplet
    Trans. Mom.:  0.0000 X   0.0000 Y   0.0000 Z
    Strength   :     0.0000000000
    D(271) --> V(  1) amplitude =  0.7526
    D(271) --> V(  4) amplitude = -0.2340
    D(274) --> V(  2) amplitude =  0.5309

 Excited state   6: excitation energy (eV) =    2.6531
 Total energy for state  6:                 -3799.34258167 au
    Multiplicity: Triplet
    Trans. Mom.:  0.0000 X   0.0000 Y   0.0000 Z
    Strength   :     0.0000000000
    D(276) --> V(  5) amplitude = -0.2469
    D(276) --> V(  6) amplitude =  0.8826

 Excited state   7: excitation energy (eV) =    2.6610
 Total energy for state  7:                 -3799.34229184 au
    Multiplicity: Triplet
    Trans. Mom.:  0.0000 X   0.0000 Y   0.0000 Z
    Strength   :     0.0000000000
    D(275) --> V(  1) amplitude =  0.9969

 Excited state   8: excitation energy (eV) =    2.6614
 Total energy for state  8:                 -3799.34227765 au
    Multiplicity: Singlet
    Trans. Mom.:  0.0102 X  -0.0003 Y  -0.0050 Z
    Strength   :     0.0000083626
    D(275) --> V(  1) amplitude =  0.9981

 Excited state   9: excitation energy (eV) =    2.8388
 Total energy for state  9:                 -3799.33575780 au
    Multiplicity: Singlet
    Trans. Mom.: -0.1347 X   0.0831 Y  -0.2043 Z
    Strength   :     0.0046466948
    D(273) --> V(  1) amplitude =  0.9381
    D(274) --> V(  1) amplitude =  0.2455

 Excited state  10: excitation energy (eV) =    3.0716
 Total energy for state 10:                 -3799.32720047 au
    Multiplicity: Singlet
    Trans. Mom.: -2.0004 X   1.4443 Y  -3.2868 Z
    Strength   :     1.2710803680
    D(273) --> V(  1) amplitude = -0.2429
    D(274) --> V(  1) amplitude =  0.9288

 Excited state  11: excitation energy (eV) =    3.0900
 Total energy for state 11:                 -3799.32652461 au
    Multiplicity: Singlet
    Trans. Mom.:  0.0363 X  -0.0188 Y   0.0433 Z
    Strength   :     0.0002682673
    D(276) --> V(  2) amplitude =  0.9974

 Excited state  12: excitation energy (eV) =    3.3514
 Total energy for state 12:                 -3799.31691897 au
    Multiplicity: Singlet
    Trans. Mom.: -0.2291 X   0.0050 Y   0.1652 Z
    Strength   :     0.0065504022
    D(269) --> V(  1) amplitude = -0.4770
    D(271) --> V(  1) amplitude = -0.7934
 
 ---------------------------------------------------
 Calculating Relaxed Density
 ---------------------------------------------------
 Iter    Rts Conv    Rts Left    Ttl Dev     Max Dev
 ---------------------------------------------------
   1         0           6      0.000392    0.000125
   2         0           6      0.000136    0.000039
   3         0           6      0.000042    0.000013
   4         2           4      0.000011    0.000004
   5         4           2      0.000003    0.000001
   6         6           0      0.000000    0.000000    Roots Converged
 ---------------------------------------------------
 Triplets done- using as guess for singlets
 ---------------------------------------------------
 Iter    Rts Conv    Rts Left    Ttl Dev     Max Dev
 ---------------------------------------------------
   1         0           6      0.000521    0.000128
   2         0           6      0.000164    0.000038
   3         0           6      0.000050    0.000013
   4         0           6      0.000016    0.000004
   5         3           3      0.000004    0.000001
   6         6           0      0.000000    0.000000    Roots Converged
 ---------------------------------------------------
  SETman timing summary (seconds)
  CPU time             61845.21s
  System time              0.02s
  Wall time            16083.48s



*********SPIN-ORBIT COUPLING JOB BEGINS HERE*********
