mFile = /cm/shared/apps/q-chem/intel/QCHEM_5.1.0_Trunk/bin/mpi/machines
Process 0 of 1 is on ctcp012 - thread support 0
initial socket setup ...start
initial socket setup ...done 
now start server 0 ... 
Q-Chem Developer Version!
                  Welcome to Q-Chem
     A Quantum Leap Into The Future Of Chemistry


 Q-Chem 5.1, Q-Chem, Inc., Pleasanton, CA (2018)

 Yihan Shao,  Zhengting Gan,  E. Epifanovsky,  A. T. B. Gilbert,  M. Wormit,  
 J. Kussmann,  A. W. Lange,  A. Behn,  Jia Deng,  Xintian Feng,  D. Ghosh,  
 M. Goldey,  P. R. Horn,  L. D. Jacobson,  I. Kaliman,  T. Kus,  A. Landau,  
 Jie Liu,  E. I. Proynov,  R. M. Richard,  R. P. Steele,  E. J. Sundstrom,  
 H. L. Woodcock III,  P. M. Zimmerman,  D. Zuev,  B. Albrecht,  E. Alguire,  
 S. A. Baeppler,  D. Barton,  Z. Benda,  Y. A. Bernard,  E. J. Berquist,  
 K. B. Bravaya,  H. Burton,  D. Casanova,  Chun-Min Chang,  Yunqing Chen,  
 A. Chien,  K. D. Closser,  M. P. Coons,  S. Coriani,  S. Dasgupta,  
 A. L. Dempwolff,  M. Diedenhofen,  Hainam Do,  R. G. Edgar,  Po-Tung Fang,  
 S. Faraji,  S. Fatehi,  Qingguo Feng,  K. D. Fenk,  J. Fosso-Tande,  
 Qinghui Ge,  A. Ghysels,  G. Gidofalvi,  J. Gomes,  J. Gonthier,  A. Gunina,  
 D. Hait,  M. W. D. Hanson-Heine,  P. H. P. Harbach,  A. W. Hauser,  
 J. E. Herr,  E. G. Hohenstein,  Z. C. Holden,  Kerwin Hui,  B. C. Huynh,  
 T.-C. Jagau,  Hyunjun Ji,  B. Kaduk,  K. Khistyaev,  Jaehoon Kim,  
 P. Klunzinger,  K. Koh,  D. Kosenkov,  L. Koulias,  T. Kowalczyk,  
 C. M. Krauter,  A. Kunitsa,  Ka Un Lao,  A. Laurent,  K. V. Lawler,  
 Joonho Lee,  D. Lefrancois,  S. Lehtola,  D. S. Levine,  Yi-Pei Li,  
 You-Sheng Lin,  Fenglai Liu,  E. Livshits,  A. Luenser,  P. Manohar,  
 E. Mansoor,  S. F. Manzer,  Shan-Ping Mao,  Yuezhi Mao,  N. Mardirossian,  
 A. V. Marenich,  T. Markovich,  L. A. Martinez-Martinez,  S. A. Maurer,  
 N. J. Mayhall,  S. C. McKenzie,  J.-M. Mewes,  A. F. Morrison,  
 J. W. Mullinax,  K. Nanda,  T. S. Nguyen-Beck,  R. Olivares-Amaya,  
 J. A. Parkhill,  T. M. Perrine,  F. Plasser,  P. Pokhilko,  S. Prager,  
 A. Prociuk,  E. Ramos,  D. R. Rehn,  F. Rob,  M. Schneider,  N. Sergueev,  
 S. M. Sharada,  S. Sharma,  D. W. Small,  T. Stauch,  T. Stein,  
 Yu-Chuan Su,  A. J. W. Thom,  A. Tkatchenko,  T. Tsuchimochi,  N. M. Tubman,  
 L. Vogt,  M. L. Vidal,  O. Vydrov,  M. A. Watson,  J. Wenzel,  
 M. de Wergifosse,  T. A. Wesolowski,  A. White,  J. Witte,  A. Yamada,  
 Jun Yang,  K. Yao,  S. Yeganeh,  S. R. Yost,  Zhi-Qiang You,  A. Zech,  
 Igor Ying Zhang,  Xing Zhang,  Yan Zhao,  Ying Zhu,  B. R. Brooks,  
 G. K. L. Chan,  C. J. Cramer,  M. S. Gordon,  W. J. Hehre,  A. Klamt,  
 M. W. Schmidt,  C. D. Sherrill,  D. G. Truhlar,  A. Aspuru-Guzik,  R. Baer,  
 A. T. Bell,  N. A. Besley,  Jeng-Da Chai,  A. E. DePrince, III,  
 R. A. DiStasio Jr.,  A. Dreuw,  B. D. Dunietz,  T. R. Furlani,  
 Chao-Ping Hsu,  Yousung Jung,  Jing Kong,  D. S. Lambrecht,  WanZhen Liang,  
 C. Ochsenfeld,  V. A. Rassolov,  L. V. Slipchenko,  J. E. Subotnik,  
 T. Van Voorhis,  J. M. Herbert,  A. I. Krylov,  P. M. W. Gill,  M. Head-Gordon

 Contributors to earlier versions of Q-Chem not listed above: 
 R. D. Adamson,  B. Austin,  J. Baker,  G. J. O. Beran,  K. Brandhorst,  
 S. T. Brown,  E. F. C. Byrd,  A. K. Chakraborty,  C.-L. Cheng,  
 Siu Hung Chien,  D. M. Chipman,  D. L. Crittenden,  H. Dachsel,  
 R. J. Doerksen,  A. D. Dutoi,  L. Fusti-Molnar,  W. A. Goddard III,  
 A. Golubeva-Zadorozhnaya,  S. R. Gwaltney,  G. Hawkins,  A. Heyden,  
 S. Hirata,  G. Kedziora,  F. J. Keil,  C. Kelley,  Jihan Kim,  R. A. King,  
 R. Z. Khaliullin,  P. P. Korambath,  W. Kurlancheek,  A. M. Lee,  M. S. Lee,  
 S. V. Levchenko,  Ching Yeh Lin,  D. Liotard,  R. C. Lochan,  I. Lotan,  
 P. E. Maslen,  N. Nair,  D. P. O'Neill,  D. Neuhauser,  E. Neuscamman,  
 C. M. Oana,  R. Olson,  B. Peters,  R. Peverati,  P. A. Pieniazek,  
 Y. M. Rhee,  J. Ritchie,  M. A. Rohrdanz,  E. Rosta,  N. J. Russ,  
 H. F. Schaefer III,  N. E. Schultz,  N. Shenvi,  A. C. Simmonett,  A. Sodt,  
 D. Stuck,  K. S. Thanthiriwatte,  V. Vanovschi,  Tao Wang,  A. Warshel,  
 C. F. Williams,  Q. Wu,  X. Xu,  W. Zhang

 Please cite Q-Chem as follows:
 Y. Shao et al., Mol. Phys. 113, 184-215 (2015)
 DOI: 10.1080/00268976.2014.952696

 Q-Chem 5.1.1 for Intel X86 EM64T Linux

 Parts of Q-Chem use Armadillo 8.300.2 (Tropical Shenanigans).
 http://arma.sourceforge.net/

 Q-Chem begins on Fri Oct 26 11:22:48 2018  

Host: ctcp012
0

     Scratch files written to /scratch/mewes1/138451/qchem45362//
 Parallel job on  1  processors
The previous job contains 0 fragments, simply inherited here
Symmetry turned off for PCM/SM12/SMD calculation
Input Ideriv = 2
Curr. Ideriv = -1
Max.  Ideriv = 2
Input Ideriv = 1
Curr. Ideriv = 2
Max.  Ideriv = 1

Checking the input file for inconsistencies... 	...done.

--------------------------------------------------------------
User input:
--------------------------------------------------------------
$solvent
dielectric      2.38
dielectric_infi 2.25
$end

$rem
threads 8
jobtype	sp
method PBEh-3c
basis def2-mSVP
mem_static	1024
mem_total	14000
sym_ignore	true
cis_n_roots             2
cis_singlets            true 
cis_triplets		false
rpa                     false
calc_soc 		true
cis_moments             true
cis_relaxed_density	true
solvent_method		pcm
$end

$pcm
StateSpecific   1
ChargeSeparation Excited
$end


$molecule
read moms1opt_tol.mol
$end


--------------------------------------------------------------
 Adding empirical dispersion correction 
 ----------------------------------------------------------------
 Doing -D3(BJ) with
 s6 =   1.00000
 s8 =   0.00000
 a1 =   0.48600
 a2 =   4.50000
 -D3 energy including 3body term =     -0.1204864296 hartrees
 ----------------------------------------------------------------
 Adding gCP correction 
 ----------------------------------------------------------------
 gCP energy =      0.1614376706 hartrees
 ----------------------------------------------------------------
             Standard Nuclear Orientation (Angstroms)
    I     Atom           X                Y                Z
 ----------------------------------------------------------------
    1      N       0.0000000000     0.0000000000     0.0000000000
    2      C       0.0000000000     0.0000000000     1.3751340000
    3      C       1.3036425954     0.0000000000    -0.4439494991
    4      C      -1.0769829059    -0.0011002392     2.2518195967
    5      H      -2.0963963988    -0.0122819778     1.8882439413
    6      C      -0.7938930862     0.0142909399     3.6059597356
    7      H      -1.6115606368     0.0136339029     4.3150384583
    8      C       1.7840416047    -0.0284552153    -1.7508694968
    9      H       1.1140241068    -0.0393115493    -2.6011641160
   10      C       3.1557503725    -0.0325393556    -1.9289341202
   11      H       3.5547121164    -0.0524192403    -2.9356167707
   12      C       0.5230336502     0.0337224735     4.0786182350
   13      H       0.7054860052     0.0470565593     5.1449353994
   14      C       1.5891853817     0.0373440512     3.1974463720
   15      H       2.6078205954     0.0551335511     3.5652002718
   16      C       1.3326303874     0.0187911514     1.8309471906
   17      C       4.0334105874    -0.0080739363    -0.8392972970
   18      H       5.1011550192    -0.0082340957    -1.0146099561
   19      C       3.5474691017     0.0158175710     0.4553938825
   20      H       4.2299713897     0.0307440560     1.2962086431
   21      C       2.1701402055     0.0162975238     0.6614820375
   22      C      -1.1040673571    -0.0685586624    -0.8812117870
   23      C      -1.3836952334     1.0202858569    -1.6917039543
   24      H      -0.8438031623     1.9481107770    -1.5396406223
   25      C      -1.7976162748    -1.2572506956    -1.0447081054
   26      H      -1.5709891301    -2.1019055459    -0.4034476736
   27      C      -2.2806348363     0.8949831625    -2.7451125487
   28      C      -2.7109793997    -1.3905300863    -2.0858819098
   29      C      -2.9181109386    -0.3318155195    -2.9787676391
   30      C      -3.3797579900    -2.7134569147    -2.3336749581
   31      H      -3.2069936822    -3.4145490768    -1.5172391068
   32      H      -4.4575496663    -2.5995928101    -2.4581037108
   33      H      -3.0034906693    -3.1732575360    -3.2507340601
   34      C      -2.4801302179     2.0450861837    -3.6924687447
   35      H      -2.0064185501     2.9551456490    -3.3241435733
   36      H      -3.5379693854     2.2556796811    -3.8535383748
   37      H      -2.0496154182     1.8224893535    -4.6720578933
   38      B      -3.5637470624    -0.5662207057    -4.4024743606
   39      C      -5.0148835489    -0.2474368057    -4.7792183130
   40      C      -5.9585344246     0.1404103456    -3.8047493852
   41      H      -5.6450894256     0.2010429460    -2.7669378601
   42      C      -7.2546337096     0.4426042735    -4.1589106842
   43      C      -7.6453709112     0.3730431143    -5.5298039759
   44      C      -6.7427330015     0.0118166263    -6.4947285291
   45      H      -7.0548787872    -0.0254655592    -7.5349545638
   46      C      -5.4146831372    -0.3098154951    -6.1501252252
   47      C      -9.0500341909     0.7468800873    -5.6288448720
   48      C      -9.9504821266     0.8642489311    -6.6578721238
   49      H      -9.6760149599     0.6544613871    -7.6848952839
   50      C      -9.4746242523     1.0340051803    -4.3171811234
   51      C     -10.7662680034     1.4349136214    -3.9902331549
   52      C      -8.4241076886     0.8655550742    -3.3884779557
   53      C      -8.6884791409     1.1141506178    -2.0651624270
   54      H      -7.9293403062     1.0049996809    -1.3007134437
   55      C     -11.2696561918     1.2689230543    -6.3535063767
   56      H     -11.9830045270     1.3616139299    -7.1629170633
   57      C     -11.6783904694     1.5478895367    -5.0687351284
   58      H     -12.7006076429     1.8547597748    -4.8836591698
   59      C      -9.9932969437     1.5233444586    -1.7018975079
   60      H     -10.1975979611     1.7182744183    -0.6568367793
   61      C     -11.0086373087     1.6827707656    -2.6174236959
   62      H     -11.9908471501     1.9981100100    -2.2872887436
   63      B      -4.4004363221    -0.6820774222    -7.2257822991
   64      C      -2.9767735229    -1.0882604384    -6.8571622429
   65      C      -2.0387788052    -1.4674122145    -7.8426607621
   66      H      -2.3315688635    -1.4881481297    -8.8886480509
   67      C      -0.7567671312    -1.8032973905    -7.4938328195
   68      C      -0.3560553383    -1.7740065487    -6.1256954034
   69      C      -1.2518635858    -1.3975336475    -5.1554618549
   70      H      -0.9314034500    -1.3661768677    -4.1198569655
   71      C      -2.5761620442    -1.0449124151    -5.4886181027
   72      C       1.0535009994    -2.1559510740    -6.0603363258
   73      C       1.9849902164    -2.3060834196    -5.0625988405
   74      H       1.7393686577    -2.1463336407    -4.0197326995
   75      C       1.4596572466    -2.3946122670    -7.3900350968
   76      C       2.7489845626    -2.7666519598    -7.7661202636
   77      C       0.3993122630    -2.1990207587    -8.2977522909
   78      C       0.6406826668    -2.3887429317    -9.6365471566
   79      H      -0.1326829738    -2.2505474628   -10.3826121639
   80      C       1.9397187406    -2.7699965930   -10.0453411935
   81      H       2.1276609033    -2.9178446396   -11.1015564829
   82      C       2.9701559060    -2.9557096912    -9.1524366419
   83      H       3.9507790658    -3.2453846096    -9.5106933904
   84      C       3.3026318396    -2.6834342121    -5.4156223107
   85      H       4.0322351989    -2.7989034626    -4.6239498246
   86      C       3.6893909310    -2.9083220458    -6.7170522031
   87      H       4.7107797538    -3.1938614334    -6.9382810174
   88      C      -4.7696254440    -0.5480198387    -8.7528155919
   89      C      -5.2133839375    -1.6628948722    -9.5092193505
   90      C      -5.4089403000    -1.5412674099   -10.8639454939
   91      H      -5.7787563770    -2.3809030555   -11.4391534143
   92      C      -5.2090915139    -0.3001628602   -11.4949016532
   93      N      -5.3505900265    -0.1986273266   -12.8578828835
   94      C      -4.8830362706    -1.1384777460   -13.7783649087
   95      C      -4.1266268242    -2.2838885052   -13.5609863671
   96      H      -3.8139520573    -2.5953414254   -12.5748661583
   97      C      -3.7512205561    -3.0221179510   -14.6736810432
   98      H      -3.1705516556    -3.9234965770   -14.5336051445
   99      C      -4.0906532722    -2.6144840022   -15.9604284483
  100      H      -3.7774447024    -3.2087653257   -16.8080148052
  101      C      -4.8026532357    -1.4380718711   -16.1696521557
  102      H      -5.0311732658    -1.1065367279   -17.1740690173
  103      C      -5.1937481480    -0.6974199352   -15.0708357397
  104      C      -5.9536044861     0.8521191092   -13.5572163004
  105      C      -6.6354162067     1.9581645757   -13.0720714965
  106      H      -6.7573017159     2.1452237653   -12.0149644610
  107      C      -7.1895019855     2.8204360599   -14.0077050603
  108      H      -7.7194741212     3.6976296921   -13.6637012550
  109      C      -7.0916529642     2.5684528034   -15.3734826940
  110      H      -7.5406964935     3.2581342503   -16.0750130468
  111      C      -6.4464197852     1.4306547230   -15.8464617357
  112      H      -6.4027238743     1.2214543598   -16.9073086337
  113      C      -5.8791191123     0.5692062038   -14.9299245895
  114      C      -4.8310021401     0.8258141065   -10.7462797994
  115      H      -4.6244741156     1.7596155705   -11.2531252513
  116      C      -4.5964878302     0.7059040369    -9.3973971040
  117      C      -5.4591435706    -2.9667130566    -8.8172320894
  118      H      -5.8515772171    -3.7212593807    -9.4979910676
  119      H      -6.1654958761    -2.8438341361    -7.9952604903
  120      H      -4.5354752521    -3.3481890643    -8.3779224423
  121      C      -4.1123623875     1.8834423592    -8.6107252656
  122      H      -3.9842573074     2.7636524665    -9.2397296188
  123      H      -4.8153166422     2.1291502420    -7.8135701301
  124      H      -3.1579560090     1.6654769526    -8.1291922967
 ----------------------------------------------------------------
 Nuclear Repulsion Energy = 10711.7084035925 hartrees
 There are      252 alpha and      252 beta electrons
 Requested basis set is def2-mSVP
 There are 628 shells and 1236 basis functions

 Total QAlloc Memory Limit  14000 MB
 Mega-Array Size      1001 MB
 MEM_STATIC part      1024 MB
 Discretize the solute cavity surface with Lebedev spheres
	Using 302 Lebedev grid points for each H atom
	Using 302 Lebedev grid points for other atoms
	Atomic van der Waals radii will be scaled by 1.20
 Remove points where switching function is < 1.0e-08
 Keep 13027 surface tesserae and discard 24421 interior tesserae
 Molecular Surface Area = 985.692 Angst**2
 A cutoff of  1.0D-11 yielded  54139 shell pairs
 There are    217591 function pairs (    240068 Cartesian)
 
 -------------------------------------------------------
 OpenMP Integral Computing Module                       
 Release: version 1.0, May 2013, Q-Chem Inc. Pittsburgh 
 -------------------------------------------------------
 Integral Job Info:
 Integral job number is                      11
 Integral operator is                         1
 short-range coefficients                     0
 long-range coefficients              100000000
 Omega coefficients                           0
 if combine SR and LR in K                    0
 Integral screening is                        0
 Integral computing path is                   2
 max size of driver memory is            800000
 size of driver memory is                593474
 size of scratch memory is              1809772
 max col of scratch BK array               1296
 max len of scratch array in speh3          155
 max len of scratch index in speh4           18
 max int batch size is                      520
 min int batch size is                       52
 fixed nKL is                                52
 max L of basis functions is                  2
 order of int derivative is                   0
 number of shells is                        628
 number of basis is                        1312
 number of cartesian basis is              1312
 number of contracted shell pairs         54139
 number of primitive shell pairs         113014
 maxK2 (contraction) of shell pair           25
 max number of K2 of shell pair               1
 max number of CS2 of shell pair          12940
 max number of PS2 of shell pair          20005
 mem total for path MDJ                 1079644
 -------------------------------------------------------
 Smallest overlap matrix eigenvalue = 1.96E-04

 Scale SEOQF with 1.000000e-02/1.000000e-01/1.000000e-03

 Standard Electronic Orientation quadrupole field applied
 Nucleus-field energy     =     0.0000001077 hartrees
 Guess from superposition of atomic densities
 Warning:  Energy on first SCF cycle will be non-variational
 SAD guess density has 504.000001 electrons

 -----------------------------------------------------------------------
  General SCF calculation program by
  Eric Jon Sundstrom, Paul Horn, Yuezhi Mao, Dmitri Zuev, Alec White,
  David Stuck, Shaama M.S., Shane Yost, Joonho Lee, David Small,
  Daniel Levine, Susi Lehtola, Hugh Burton, Evgeny Epifanovsky
 -----------------------------------------------------------------------
 Exchange:     0.4200 Hartree-Fock + 0.5800 PBEh-3c
 Correlation:  1.0000 PBEh-3c
 Using SG-1 standard quadrature grid
 Dispersion:   Grimme D3
 using 8 threads for integral computing
 -------------------------------------------------------
 OpenMP Integral computing Module                
 Release: version 2.0, May 2017, Q-Chem Inc. Pleasanton 
 -------------------------------------------------------
 -------------------------------------------------------
 OpenMP BLAS3 based DFT computing Module                
 Release: version 1.0, May 2013, Q-Chem Inc. Pittsburgh 
 -------------------------------------------------------
 A restricted SCF calculation will be
 performed using DIIS
 SCF converges when DIIS error is below 1.0e-08
 ---------------------------------------
  Cycle       Energy         DIIS error
 ---------------------------------------
    1   -2951.7316497430      2.46e-02  
    2   -2924.9706362412      1.59e-03  
    3   -2925.1516015687      1.40e-03  
    4   -2925.4918152730      4.90e-04  
    5   -2925.5382478278      1.41e-04  
    6   -2925.5421201071      4.43e-05  
    7   -2925.5424926753      1.22e-05  
    8   -2925.5425220058      3.72e-06  
    9   -2925.5425248868      1.17e-06  
   10   -2925.5425252978      3.53e-07  
   11   -2925.5425251895      1.42e-07  
   12   -2925.5425251438      5.63e-08  
   13   -2925.5425252561      2.27e-08  
   14   -2925.5425252670      1.01e-08  
   15   -2925.5425252964      5.58e-09  Convergence criterion met
 ---------------------------------------
 SCF time:   CPU 21542.74s  wall 2950.00s 

************** Final PCM Free Energy Summary **************
 G_electrostatic  =      -0.02514183 hartree =     -15.77673578 kcal/mol
 G_cavitation     =       0.00000000 hartree =       0.00000000 kcal/mol
 G_dispersion     =       0.00000000 hartree =       0.00000000 kcal/mol
 G_repulsion      =       0.00000000 hartree =       0.00000000 kcal/mol
 --------------------------------------------------
 Non-electrostatic Free Energy =       0.00000000 hartree =       0.00000000 kcal/mol
 Total                         =      -0.02514183 hartree =     -15.77673578 kcal/mol
 --------------------------------------------------
 SCF Energy (H0 + V/2)                       =   -2925.54252530 
 Solute Internal Energy (H0)                 =   -2925.51738347 
 Total Free Energy (H0 + V/2 + non-elec)     =   -2925.54252530 hartree
                                             = -1835805.64243675 kcal/mol
***********************************************************

 SCF   energy in the final basis set =    -2925.5425252964
 Total energy in the final basis set =    -2925.5425252964
 
 Direct TDDFT/TDA calculation will be performed
 Exchange:     0.4200 Hartree-Fock + 0.5800 PBEh-3c
 Correlation:  1.0000 PBEh-3c
 Using SG-1 standard quadrature grid
 Dispersion:   Grimme D3
 Singlet excitation energies requested
 Adding PCM contribution to the XC response
 CIS energy converged when residual is below 10e- 6
 ---------------------------------------------------
 Iter    Rts Conv    Rts Left    Ttl Dev     Max Dev
 ---------------------------------------------------
   1         0           2      0.000038    0.000024
   2         0           2      0.000025    0.000014
   3         0           2      0.000020    0.000013
   4         0           2      0.000006    0.000004
   5         0           2      0.000007    0.000006
   6         1           1      0.000026    0.000025
   7         1           1      0.000029    0.000028
   8         1           1      0.000018    0.000018
   9         1           1      0.000017    0.000016
  10         1           1      0.000010    0.000009
  11         1           1      0.000005    0.000004
  12         1           1      0.000002    0.000002
  13         1           1      0.000001    0.000001
  14         2           0      0.000001    0.000001    Roots Converged
 ---------------------------------------------------
 
 ---------------------------------------------------
         TDDFT/TDA Excitation Energies              
 ---------------------------------------------------

 Excited state   1: excitation energy (eV) =    2.5646
 Total energy for state  1:                 -2925.44827725 au
    Multiplicity: Singlet
    Trans. Mom.:  0.2424 X  -0.0662 Y   0.2065 Z
    Strength   :     0.0066464077
    D(252) --> V(  1) amplitude =  0.9549

 Excited state   2: excitation energy (eV) =    2.8638
 Total energy for state  2:                 -2925.43728212 au
    Multiplicity: Singlet
    Trans. Mom.: -0.0225 X   0.0206 Y  -0.0063 Z
    Strength   :     0.0000680745
    D(247) --> V(  1) amplitude =  0.9658
 
 ---------------------------------------------------
 Calculating Relaxed Density
 ---------------------------------------------------
 Iter    Rts Conv    Rts Left    Ttl Dev     Max Dev
 ---------------------------------------------------
   1         0           2      0.000156    0.000103
   2         0           2      0.000061    0.000037
   3         0           2      0.000019    0.000012
   4         0           2      0.000006    0.000004
   5         1           1      0.000002    0.000002
   6         2           0      0.000000    0.000000    Roots Converged
 ---------------------------------------------------
  SETman timing summary (seconds)
  CPU time             21682.73s
  System time              0.00s
  Wall time             6124.55s



*********SPIN-ORBIT COUPLING JOB BEGINS HERE*********
There is no spin-orbit coupling effect between singlet states.

=======================================================================================
    SPIN-ORBIT COUPLING BETWEEN THE SINGLET GROUND STATE AND EXCITED TRIPLET STATE
=======================================================================================

SOC between the singlet ground state and excited triplet states (ms=0):
T1(ms=0)      0.000000  +  -4.100105i    cm-1
T2(ms=0)      0.000000  +  -0.254409i    cm-1
SOC between the singlet ground state and excited triplet states (ms=1):
T1(ms=1)      -0.217954  + (-0.887803i)    cm-1
T2(ms=1)      0.231372  + (-0.007601i)    cm-1
SOC between the singlet ground state and excited triplet states (ms=-1):
T1(ms=-1)     -0.217954  - (-0.887803i)    cm-1
T2(ms=-1)     0.231372  - (-0.007601i)    cm-1
Total SOC between the singlet ground state and excited triplet states:
T1      4.299100    cm-1
T2      0.414615    cm-1




=======================================================================================
                     SPIN-ORBIT COUPLING BETWEEN EXCITED TRIPLET STATES
=======================================================================================

SOC between the T1 (ms=0) state and excited triplet states (ms=1):
T2(ms=1)      -0.007052  + (-0.120808i)    cm-1
SOC between the T1 (ms=0) state and excited triplet states (ms=-1):
T2(ms=-1)     0.007052  + (-0.120808i)    cm-1
SOC between the T1 (ms=1) state and excited triplet states (ms=0):
T2(ms=0)      0.007052  + (-0.120808i)    cm-1
SOC between the T1 (ms=1) state and excited triplet states (ms=1):
T2(ms=1)      0.000000  + (-0.056331i)    cm-1
SOC between the T1 (ms=-1) state and excited triplet states (ms=0):
T2(ms=0)      -0.007052  + (-0.120808i)    cm-1
SOC between the T1 (ms=-1) state and excited triplet states (ms=-1):
T2(ms=-1)     0.000000  + (0.056331i)    cm-1
Total SOC between the T1 state and excited triplet states:
T2      0.254801    cm-1







=======================================================================================
         SPIN-ORBIT COUPLING BETWEEN EXCITED SINGLET STATES AND TRIPLET STATES
=======================================================================================

SOC between the S1 state and excited triplet states (ms=0):
T1(ms=0)      0.000000  +  -289994870499645.937500i    cm-1
T2(ms=0)      0.000000  +  -7440328371434.944336i    cm-1
SOC between the S1 state and excited triplet states (ms=1):
T1(ms=1)      (709043462346522.125000)  + (-375696764399752.000000i)    cm-1
T2(ms=1)      (42654162128821.078125)  + (-6554856475994.034180i)    cm-1
SOC between the S1 state and excited triplet states (ms=-1):
T1(ms=-1)    -(709043462346522.125000)  + (-375696764399752.000000i)    cm-1
T2(ms=-1)    -(42654162128821.078125)  + (-6554856475994.034180i)    cm-1
Total SOC between the S1 state and excited triplet states:
T1      1171272131261424.750000    cm-1
T2      61482077607543.898438    cm-1



SOC between the S2 state and excited triplet states (ms=0):
T1(ms=0)      0.000000  +  -13.406184i    cm-1
T2(ms=0)      0.000000  +  -4.714759i    cm-1
SOC between the S2 state and excited triplet states (ms=1):
T1(ms=1)      (0.054156)  + (7.709040i)    cm-1
T2(ms=1)      (-1.759811)  + (-0.319128i)    cm-1
SOC between the S2 state and excited triplet states (ms=-1):
T1(ms=-1)    -(0.054156)  + (7.709040i)    cm-1
T2(ms=-1)    -(-1.759811)  + (-0.319128i)    cm-1
Total SOC between the S2 state and excited triplet states:
T1      17.279764    cm-1
T2      5.350374    cm-1






            *********SOC CODE ENDS HERE*********



 
 --------------------------------------------------------------
 
                    Orbital Energies (a.u.)
 --------------------------------------------------------------
 
 Alpha MOs
 -- Occupied --
-14.694 -14.690 -10.494 -10.492 -10.492 -10.491 -10.487 -10.487
-10.472 -10.469 -10.469 -10.469 -10.469 -10.468 -10.468 -10.468
-10.467 -10.467 -10.467 -10.465 -10.465 -10.465 -10.465 -10.465
-10.464 -10.464 -10.463 -10.463 -10.462 -10.462 -10.462 -10.460
-10.460 -10.460 -10.460 -10.460 -10.459 -10.458 -10.453 -10.453
-10.452 -10.451 -10.451 -10.451 -10.450 -10.450 -10.450 -10.450
-10.450 -10.449 -10.449 -10.449 -10.449 -10.448 -10.448 -10.448
-10.447 -10.447 -10.444 -10.443 -10.443 -10.443 -10.443 -10.442
-10.441 -10.441 -10.440 -10.440 -10.434 -10.433 -10.432 -10.431
-10.430 -10.429  -6.956  -6.948  -1.112  -1.112  -1.020  -1.019
 -0.979  -0.978  -0.966  -0.963  -0.956  -0.952  -0.948  -0.948
 -0.937  -0.935  -0.913  -0.904  -0.891  -0.889  -0.882  -0.881
 -0.863  -0.860  -0.855  -0.853  -0.850  -0.849  -0.848  -0.847
 -0.828  -0.819  -0.815  -0.815  -0.811  -0.810  -0.809  -0.808
 -0.776  -0.773  -0.772  -0.772  -0.740  -0.739  -0.733  -0.730
 -0.728  -0.724  -0.701  -0.698  -0.692  -0.691  -0.688  -0.683
 -0.680  -0.671  -0.660  -0.656  -0.653  -0.651  -0.650  -0.646
 -0.644  -0.642  -0.602  -0.600  -0.596  -0.594  -0.594  -0.591
 -0.590  -0.589  -0.586  -0.579  -0.579  -0.576  -0.573  -0.560
 -0.553  -0.552  -0.547  -0.546  -0.531  -0.530  -0.528  -0.524
 -0.522  -0.520  -0.518  -0.513  -0.510  -0.507  -0.505  -0.504
 -0.500  -0.499  -0.498  -0.495  -0.493  -0.492  -0.492  -0.492
 -0.490  -0.488  -0.488  -0.486  -0.482  -0.482  -0.481  -0.480
 -0.475  -0.475  -0.473  -0.471  -0.470  -0.469  -0.468  -0.467
 -0.466  -0.459  -0.449  -0.444  -0.443  -0.443  -0.442  -0.433
 -0.431  -0.429  -0.428  -0.426  -0.425  -0.424  -0.423  -0.419
 -0.416  -0.414  -0.413  -0.406  -0.402  -0.401  -0.399  -0.399
 -0.398  -0.397  -0.397  -0.396  -0.394  -0.394  -0.391  -0.390
 -0.385  -0.378  -0.375  -0.373  -0.366  -0.358  -0.355  -0.344
 -0.334  -0.331  -0.326  -0.320  -0.301  -0.301  -0.300  -0.298
 -0.287  -0.287  -0.286  -0.286  -0.284  -0.266  -0.261  -0.261
 -0.259  -0.256  -0.242  -0.232
 -- Virtual --
 -0.102  -0.064  -0.042  -0.036  -0.016  -0.015  -0.009  -0.001
  0.002   0.002   0.011   0.016   0.019   0.023   0.024   0.038
  0.050   0.054   0.061   0.064   0.066   0.078   0.083   0.087
  0.117   0.122   0.131   0.142   0.146   0.147   0.150   0.153
  0.154   0.156   0.159   0.161   0.162   0.164   0.166   0.167
  0.169   0.174   0.180   0.181   0.182   0.185   0.190   0.191
  0.194   0.195   0.198   0.198   0.199   0.202   0.203   0.204
  0.205   0.207   0.208   0.212   0.212   0.215   0.217   0.218
  0.222   0.223   0.225   0.226   0.229   0.231   0.232   0.234
  0.236   0.237   0.238   0.239   0.243   0.244   0.246   0.247
  0.247   0.248   0.249   0.250   0.253   0.258   0.262   0.264
  0.265   0.267   0.269   0.272   0.274   0.279   0.279   0.281
  0.283   0.285   0.285   0.287   0.288   0.291   0.294   0.300
  0.301   0.302   0.304   0.307   0.309   0.311   0.313   0.314
  0.315   0.323   0.324   0.328   0.329   0.330   0.334   0.336
  0.343   0.347   0.356   0.357   0.358   0.361   0.363   0.364
  0.368   0.373   0.381   0.384   0.387   0.391   0.399   0.401
  0.404   0.409   0.411   0.413   0.415   0.420   0.422   0.425
  0.425   0.429   0.436   0.443   0.448   0.451   0.453   0.456
  0.458   0.460   0.466   0.475   0.479   0.482   0.483   0.488
  0.489   0.490   0.491   0.494   0.498   0.501   0.502   0.509
  0.513   0.517   0.518   0.520   0.522   0.522   0.524   0.525
  0.527   0.528   0.529   0.531   0.532   0.533   0.534   0.535
  0.537   0.537   0.544   0.545   0.545   0.550   0.553   0.554
  0.554   0.557   0.558   0.559   0.561   0.565   0.568   0.570
  0.571   0.572   0.573   0.574   0.578   0.580   0.581   0.581
  0.583   0.584   0.586   0.587   0.589   0.591   0.592   0.595
  0.595   0.596   0.597   0.598   0.600   0.601   0.602   0.603
  0.606   0.607   0.608   0.610   0.612   0.613   0.614   0.617
  0.618   0.619   0.621   0.622   0.623   0.625   0.626   0.629
  0.632   0.633   0.635   0.635   0.638   0.639   0.640   0.641
  0.642   0.644   0.645   0.646   0.651   0.651   0.653   0.656
  0.657   0.660   0.663   0.667   0.667   0.672   0.674   0.675
  0.677   0.678   0.680   0.680   0.684   0.685   0.687   0.692
  0.696   0.698   0.700   0.701   0.703   0.707   0.710   0.713
  0.715   0.717   0.719   0.721   0.725   0.726   0.727   0.728
  0.731   0.734   0.735   0.738   0.741   0.745   0.750   0.751
  0.752   0.756   0.757   0.760   0.764   0.768   0.773   0.774
  0.776   0.779   0.782   0.783   0.785   0.787   0.789   0.791
  0.795   0.797   0.801   0.808   0.813   0.819   0.824   0.827
  0.833   0.836   0.838   0.848   0.850   0.855   0.862   0.863
  0.869   0.873   0.877   0.879   0.891   0.894   0.898   0.901
  0.908   0.911   0.913   0.918   0.924   0.926   0.928   0.931
  0.934   0.936   0.938   0.939   0.945   0.946   0.951   0.952
  0.954   0.959   0.963   0.964   0.966   0.968   0.971   0.973
  0.976   0.980   0.982   0.986   0.986   0.988   0.990   0.992
  0.993   0.995   0.997   0.998   1.001   1.003   1.004   1.005
  1.007   1.009   1.013   1.015   1.019   1.023   1.025   1.025
  1.031   1.034   1.036   1.039   1.039   1.041   1.042   1.044
  1.047   1.048   1.052   1.053   1.055   1.058   1.060   1.062
  1.063   1.067   1.067   1.073   1.077   1.079   1.079   1.080
  1.082   1.083   1.085   1.091   1.094   1.098   1.103   1.105
  1.108   1.110   1.114   1.117   1.120   1.121   1.127   1.128
  1.130   1.131   1.135   1.137   1.139   1.142   1.146   1.147
  1.150   1.152   1.160   1.161   1.162   1.166   1.169   1.172
  1.175   1.182   1.183   1.187   1.194   1.198   1.198   1.205
  1.208   1.213   1.220   1.228   1.233   1.234   1.244   1.246
  1.247   1.249   1.252   1.258   1.259   1.265   1.272   1.276
  1.278   1.284   1.288   1.291   1.294   1.295   1.297   1.299
  1.303   1.307   1.310   1.310   1.313   1.317   1.319   1.322
  1.324   1.331   1.333   1.335   1.337   1.339   1.346   1.349
  1.351   1.358   1.364   1.366   1.367   1.370   1.371   1.372
  1.378   1.378   1.382   1.388   1.391   1.394   1.395   1.402
  1.404   1.408   1.413   1.415   1.425   1.427   1.429   1.436
  1.438   1.438   1.442   1.447   1.450   1.462   1.466   1.472
  1.475   1.483   1.495   1.497   1.498   1.501   1.506   1.508
  1.510   1.510   1.513   1.514   1.514   1.515   1.522   1.525
  1.527   1.528   1.529   1.530   1.535   1.536   1.537   1.540
  1.542   1.544   1.546   1.548   1.550   1.552   1.554   1.556
  1.556   1.558   1.559   1.565   1.566   1.568   1.572   1.575
  1.575   1.579   1.582   1.591   1.593   1.595   1.597   1.602
  1.604   1.613   1.614   1.625   1.632   1.637   1.648   1.649
  1.661   1.670   1.676   1.698   1.714   1.718   1.726   1.741
  1.744   1.748   1.764   1.768   1.772   1.786   1.789   1.801
  1.802   1.804   1.806   1.808   1.809   1.810   1.811   1.818
  1.820   1.821   1.824   1.825   1.836   1.840   1.843   1.845
  1.849   1.851   1.875   1.878   1.886   1.892   1.896   1.897
  1.899   1.904   1.910   1.914   1.916   1.917   1.921   1.924
  1.925   1.928   1.932   1.937   1.938   1.940   1.942   1.953
  1.953   1.955   1.958   1.961   1.966   1.971   1.976   1.980
  1.981   1.981   1.984   1.986   1.994   2.004   2.008   2.023
  2.027   2.033   2.035   2.039   2.039   2.042   2.046   2.049
  2.051   2.053   2.057   2.060   2.065   2.067   2.069   2.077
  2.079   2.079   2.096   2.100   2.106   2.107   2.115   2.120
  2.121   2.132   2.135   2.136   2.137   2.141   2.147   2.148
  2.149   2.153   2.154   2.155   2.160   2.162   2.167   2.174
  2.177   2.184   2.189   2.190   2.196   2.198   2.202   2.203
  2.220   2.221   2.224   2.226   2.227   2.229   2.230   2.233
  2.237   2.243   2.247   2.249   2.251   2.254   2.259   2.263
  2.265   2.267   2.270   2.272   2.275   2.277   2.279   2.281
  2.283   2.285   2.289   2.296   2.300   2.303   2.312   2.315
  2.317   2.318   2.319   2.329   2.331   2.333   2.335   2.336
  2.340   2.344   2.344   2.346   2.348   2.349   2.353   2.356
  2.357   2.366   2.369   2.372   2.378   2.378   2.380   2.382
  2.386   2.389   2.396   2.400   2.402   2.407   2.409   2.413
  2.415   2.419   2.422   2.427   2.434   2.437   2.445   2.447
  2.450   2.459   2.460   2.463   2.468   2.472   2.477   2.482
  2.489   2.493   2.494   2.495   2.501   2.509   2.516   2.530
  2.534   2.541   2.559   2.568   2.578   2.594   2.598   2.599
  2.601   2.620   2.630   2.635   2.638   2.641   2.642   2.645
  2.657   2.659   2.674   2.677   2.678   2.682   2.698   2.704
  2.707   2.710   2.711   2.716   2.717   2.719   2.722   2.724
  2.726   2.730   2.733   2.734   2.735   2.743   2.745   2.755
  2.766   2.767   2.769   2.769   2.773   2.780   2.781   2.783
  2.785   2.786   2.786   2.792   2.794   2.795   2.802   2.805
  2.807   2.816   2.826   2.834   2.839   2.841   2.843   2.855
  2.859   2.864   2.864   2.869   2.872   2.881   2.886   2.890
  2.897   2.905   2.909   2.912   2.923   2.928   2.931   2.935
  2.941   2.941   2.945   2.948   2.973   2.975   2.988   2.997
  2.997   3.002   3.007   3.011   3.014   3.031   3.056   3.062
  3.078   3.080   3.125   3.132   3.143   3.230   3.247   3.252
  3.254   3.294   3.321   3.331   3.396   3.431   3.434   3.435
  3.446   3.454   3.465   3.484   3.487   3.487   3.555   3.561
  3.607   3.620   3.660   3.670   9.589   9.728  13.138  13.172
 13.218  13.219  13.422  13.428  13.433  13.494  13.506  13.509
 13.522  13.542  13.671  13.674  13.691  13.697  13.705  13.716
 13.732  13.786  13.788  13.797  13.805  13.811  13.851  13.857
 13.884  13.897  13.907  13.923  13.944  13.950  13.953  13.993
 14.002  14.019  14.030  14.037  14.106  14.113  14.125  14.155
 14.156  14.180  14.193  14.202  14.205  14.212  14.217  14.220
 14.224  14.246  14.255  14.271  14.306  14.308  14.309  14.319
 14.324  14.334  14.507  14.513  14.553  14.557  14.562  14.573
 14.574  14.576  14.577  14.593  14.604  14.608  19.554  19.585
 --------------------------------------------------------------
 
          Ground-State Mulliken Net Atomic Charges

     Atom                 Charge (a.u.)
  ----------------------------------------
      1 N                    -0.727621
      2 C                     0.349283
      3 C                     0.332793
      4 C                    -0.297544
      5 H                     0.249112
      6 C                    -0.257543
      7 H                     0.237285
      8 C                    -0.296881
      9 H                     0.255936
     10 C                    -0.261035
     11 H                     0.239538
     12 C                    -0.250675
     13 H                     0.234103
     14 C                    -0.357829
     15 H                     0.229045
     16 C                     0.072713
     17 C                    -0.248466
     18 H                     0.233994
     19 C                    -0.361459
     20 H                     0.229116
     21 C                     0.093652
     22 C                     0.270838
     23 C                    -0.339641
     24 H                     0.248363
     25 C                    -0.321982
     26 H                     0.246767
     27 C                     0.032879
     28 C                     0.039062
     29 C                    -0.207823
     30 C                    -0.760465
     31 H                     0.250400
     32 H                     0.246936
     33 H                     0.250429
     34 C                    -0.769627
     35 H                     0.253576
     36 H                     0.250869
     37 H                     0.251901
     38 B                     0.676671
     39 C                    -0.155063
     40 C                    -0.405484
     41 H                     0.236245
     42 C                     0.103490
     43 C                     0.083588
     44 C                    -0.389933
     45 H                     0.242391
     46 C                    -0.147776
     47 C                     0.185153
     48 C                    -0.383053
     49 H                     0.243582
     50 C                    -0.065381
     51 C                     0.231983
     52 C                     0.183302
     53 C                    -0.389785
     54 H                     0.242331
     55 C                    -0.224938
     56 H                     0.249567
     57 C                    -0.340795
     58 H                     0.245451
     59 C                    -0.222625
     60 H                     0.248683
     61 C                    -0.343908
     62 H                     0.245801
     63 B                     0.678794
     64 C                    -0.157242
     65 C                    -0.390461
     66 H                     0.242285
     67 C                     0.087883
     68 C                     0.098084
     69 C                    -0.389775
     70 H                     0.245841
     71 C                    -0.144289
     72 C                     0.191669
     73 C                    -0.397541
     74 H                     0.250374
     75 C                    -0.067807
     76 C                     0.229022
     77 C                     0.185938
     78 C                    -0.386663
     79 H                     0.242493
     80 C                    -0.223836
     81 H                     0.249087
     82 C                    -0.341206
     83 H                     0.245147
     84 C                    -0.226195
     85 H                     0.250702
     86 C                    -0.342975
     87 H                     0.245274
     88 C                    -0.233120
     89 C                     0.063220
     90 C                    -0.395876
     91 H                     0.264042
     92 C                     0.355422
     93 N                    -0.741005
     94 C                     0.329456
     95 C                    -0.295747
     96 H                     0.264877
     97 C                    -0.249445
     98 H                     0.239362
     99 C                    -0.252618
    100 H                     0.235454
    101 C                    -0.357792
    102 H                     0.231643
    103 C                     0.082306
    104 C                     0.337966
    105 C                    -0.296352
    106 H                     0.263835
    107 C                    -0.250520
    108 H                     0.239972
    109 C                    -0.252821
    110 H                     0.235491
    111 C                    -0.355761
    112 H                     0.232042
    113 C                     0.070680
    114 C                    -0.399696
    115 H                     0.260680
    116 C                     0.046389
    117 C                    -0.764722
    118 H                     0.248740
    119 H                     0.248472
    120 H                     0.248837
    121 C                    -0.770151
    122 H                     0.250732
    123 H                     0.250238
    124 H                     0.251669
  ----------------------------------------
  Sum of atomic charges =    -0.000000

 -----------------------------------------------------------------
                    Cartesian Multipole Moments
 -----------------------------------------------------------------
    Charge (ESU x 10^10)
                -0.0000
    Dipole Moment (Debye)
         X      -1.8411      Y      -0.3297      Z      -0.3416
       Tot       1.9013
    Quadrupole Moments (Debye-Ang)
        XX    -362.9615     XY     -24.6120     YY    -428.6310
        XZ     -12.3108     YZ       7.1398     ZZ    -413.5227
    Octopole Moments (Debye-Ang^2)
       XXX    3560.2884    XXY     358.6475    XYY    1373.5238
       YYY     502.5897    XXZ    2480.7855    XYZ     186.8517
       YYZ    2552.7287    XZZ    1506.1345    YZZ      49.0773
       ZZZ    7676.1546
    Hexadecapole Moments (Debye-Ang^3)
      XXXX  -60067.5115   XXXY    -613.5483   XXYY  -12819.6671
      XYYY    2739.4739   YYYY   -7105.6875   XXXZ  -32826.3802
      XXYZ   -2734.9034   XYYZ  -11269.7872   YYYZ   -4553.3957
      XXZZ  -38517.0540   XYZZ   -1284.8946   YYZZ  -27787.1863
      XZZZ  -34900.7285   YZZZ   -2792.0136   ZZZZ -158852.9958
 -----------------------------------------------------------------
 -----------------------------------------------------------------
               TDA Excited-State Multipoles, State  1
 -----------------------------------------------------------------
    Charge (ESU x 10^10)
                -0.0000
    Dipole Moment (Debye)
         X      -6.7575      Y       0.9879      Z     -25.5497
       Tot      26.4467
    Quadrupole Moments (Debye-Ang)
        XX    -382.6678     XY     -15.3564     YY    -424.7162
        XZ     160.3985     YZ      -1.2494     ZZ      47.3378
    Octopole Moments (Debye-Ang^2)
       XXX    3992.4454    XXY     315.8700    XYY    1308.9644
       YYY     513.4600    XXZ    1729.4284    XYZ     166.4992
       YYZ    2408.9546    XZZ   -1326.5582    YZZ      72.9632
       ZZZ     417.2302
    Hexadecapole Moments (Debye-Ang^3)
      XXXX  -67109.7826   XXXY     186.8230   XXYY  -12646.8063
      XYYY    2803.2193   YYYY   -7037.0392   XXXZ  -29537.8298
      XXYZ   -3111.6582   XYYZ  -10154.2010   YYYZ   -4606.1459
      XXZZ  -23700.1728   XYZZ   -1528.9232   YYZZ  -25277.5619
      XZZZ    7419.1371   YZZZ   -2260.9563   ZZZZ  -48580.7588
 -----------------------------------------------------------------
 -----------------------------------------------------------------
               TDA Excited-State Multipoles, State  2
 -----------------------------------------------------------------
    Charge (ESU x 10^10)
                -0.0000
    Dipole Moment (Debye)
         X      -1.5862      Y      -0.5538      Z      -0.3356
       Tot       1.7133
    Quadrupole Moments (Debye-Ang)
        XX    -349.8380     XY     -29.7830     YY    -428.6662
        XZ     -21.9003     YZ      10.1010     ZZ    -421.5370
    Octopole Moments (Debye-Ang^2)
       XXX    3399.1905    XXY     386.8292    XYY    1383.1423
       YYY     500.0917    XXZ    2459.5164    XYZ     215.2837
       YYZ    2552.2831    XZZ    1640.3119    YZZ      24.9671
       ZZZ    7834.4231
    Hexadecapole Moments (Debye-Ang^3)
      XXXX  -58196.2746   XXXY    -901.9027   XXYY  -12815.3872
      XYYY    2703.0355   YYYY   -7108.8046   XXXZ  -32380.3751
      XXYZ   -2858.0117   XYYZ  -11360.8210   YYYZ   -4527.9475
      XXZZ  -38819.8056   XYZZ   -1476.0785   YYZZ  -27818.2715
      XZZZ  -36566.3138   YZZZ   -2614.2780   ZZZZ -161375.9065
 -----------------------------------------------------------------
Archival summary:
1\1\ctcp012\SP\ProcedureUnspecified\BasisUnspecified\272248\mewes1\FriOct2616:13:422018FriOct2616:13:422018\0\\#,ProcedureUnspecified,BasisUnspecified,\\0,1\N\C,1,1.37513\C,1,1.37716,2,108.806\C,2,1.38869,1,129.146,3,-179.941,0\H,4,1.08237,2,121.224,1,0.627719,0\C,4,1.3835,2,117.336,1,-179.296,0\H,6,1.0823,4,119.121,2,-179.986,0\C,3,1.39271,1,128.979,2,178.494,0\H,8,1.08261,3,121.585,1,0.992787,0\C,8,1.38322,3,117.576,1,-179.473,0\H,10,1.08304,8,119.013,3,-179.876,0\C,6,1.39931,4,121.556,2,0.161661,0\H,12,1.0819,6,119.459,4,179.898,0\C,12,1.38317,6,120.682,4,-0.038265,0\H,14,1.08313,12,120.574,6,179.832,0\C,14,1.3905,12,118.935,6,-0.120337,0\C,10,1.39935,8,121.445,3,-0.045284,0\H,17,1.08204,10,119.521,8,-179.766,0\C,17,1.38309,10,120.587,8,0.253289,0\H,19,1.08305,17,120.368,10,179.757,0\C,19,1.39266,17,119.078,10,-0.050829,0\C,1,1.41428,2,128.541,3,176.447,0\C,22,1.38588,1,118.935,2,114.454,0\H,23,1.08419,22,119.331,1,-8.48808,0\C,22,1.3859,1,120.381,2,-73.0115,0\H,25,1.08444,22,119.585,1,7.6578,0\C,23,1.3892,22,120.19,1,167.171,0\C,25,1.39142,22,119.929,1,-167.888,0\C,28,1.40037,25,120.118,22,0.810491,0\C,28,1.50293,25,119.986,22,174.97,0\H,30,1.08993,28,111.849,25,11.0745,0\H,30,1.09091,28,111.504,25,132.14,0\H,30,1.0927,28,110.826,25,-109.076,0\C,27,1.50334,23,119.638,22,-174.404,0\H,34,1.09008,27,111.598,23,-10.6834,0\H,34,1.09056,27,111.686,23,-131.781,0\H,34,1.09293,27,110.9,23,109.218,0\B,29,1.58074,28,121.505,25,160.236,0\C,38,1.53276,29,125.256,28,102.64,0\C,39,1.41085,38,121.375,29,-8.12192,0\H,40,1.08581,39,118.845,38,-0.699547,0\C,40,1.37718,39,120.809,38,179.067,0\C,42,1.42719,40,119.603,39,-0.508027,0\C,43,1.36979,42,120.603,40,-0.149764,0\H,44,1.08669,43,119.609,42,-179.34,0\C,44,1.40923,43,120.593,42,0.590097,0\C,43,1.45693,42,108.467,40,-179.597,0\C,47,1.3724,43,134.869,42,179.861,0\H,48,1.08357,47,121.865,43,0.251894,0\C,47,1.40825,43,106.241,42,0.032348,0\C,50,1.39139,47,123.883,43,179.863,0\C,50,1.41225,47,111.34,43,0.008858,0\C,52,1.37217,50,117.987,47,179.817,0\H,53,1.08286,52,121.836,50,-179.987,0\C,48,1.41302,47,118.393,43,-179.856,0\H,55,1.08287,48,118.589,47,-179.94,0\C,55,1.37678,48,122.425,47,0.031843,0\H,57,1.08321,55,119.802,48,-179.991,0\C,53,1.4149,52,118.533,50,0.039943,0\H,59,1.08254,53,118.292,52,179.991,0\C,59,1.37642,53,122.888,52,0.006088,0\H,61,1.08313,59,119.995,53,179.988,0\B,46,1.52457,44,120.673,43,-178.634,0\C,63,1.52567,46,121.019,44,-177.414,0\C,64,1.41237,63,121.507,46,178.387,0\H,65,1.08639,64,119.864,63,-0.936749,0\C,65,1.37042,64,120.629,63,178.689,0\C,67,1.42591,65,120.138,64,0.048742,0\C,68,1.37316,67,120.016,65,-0.566544,0\H,69,1.08451,68,119.332,67,-179.172,0\C,69,1.41036,68,120.944,67,0.45272,0\C,68,1.46185,67,107.969,65,-179.162,0\C,72,1.3732,68,135.653,67,179.728,0\H,73,1.08325,72,121.976,68,1.18152,0\C,72,1.41068,68,106.241,67,0.371779,0\C,75,1.39363,72,124.465,68,179.095,0\C,75,1.40945,72,111.529,68,-0.413269,0\C,77,1.37355,75,118.448,72,179.742,0\H,78,1.08342,77,121.88,75,-179.794,0\C,78,1.4142,77,118.712,75,-0.055885,0\H,80,1.08295,78,118.565,77,-179.932,0\C,80,1.37607,78,122.457,77,-0.101016,0\H,82,1.08346,80,119.952,78,-179.83,0\C,73,1.41534,72,118.648,68,-178.936,0\H,84,1.08277,73,118.254,72,179.932,0\C,84,1.37618,73,122.757,72,-0.101304,0\H,86,1.08338,84,120.075,73,179.884,0\C,63,1.57674,46,120.449,44,7.32105,0\C,88,1.41846,63,121.525,46,-97.4318,0\C,89,1.37416,88,120.044,63,-174.001,0\H,90,1.08287,89,120.241,88,-177.983,0\C,90,1.40655,89,120.008,88,-1.97114,0\N,92,1.37406,90,119.705,89,177.221,0\C,93,1.39614,92,124.733,90,-41.6963,0\C,94,1.38974,93,129.344,92,-4.80549,0\H,95,1.08037,94,122.54,93,1.16984,0\C,95,1.38708,94,117.418,93,-177.562,0\H,97,1.08133,95,119.017,94,-179.4,0\C,97,1.3918,95,121.316,94,1.53512,0\H,99,1.08151,97,119.537,95,179.603,0\C,99,1.39092,97,120.772,95,0.979946,0\H,101,1.08212,99,120.454,97,177.661,0\C,101,1.38164,99,118.598,97,-1.49265,0\C,93,1.39884,92,126.57,90,139.515,0\C,104,1.38693,93,129.499,92,-5.93632,0\H,105,1.08043,104,122.397,93,1.66912,0\C,105,1.38778,104,117.126,93,-177.089,0\H,107,1.08105,105,119.036,104,-179.41,0\C,107,1.39227,105,121.389,104,1.47006,0\H,109,1.08141,107,119.457,105,179.599,0\C,109,1.39091,107,120.946,105,0.788532,0\H,111,1.08216,109,120.679,107,177.864,0\C,111,1.37984,109,118.395,107,-1.35592,0\C,92,1.404,90,120.446,89,-1.04599,0\H,114,1.08237,92,119.577,90,176.425,0\C,114,1.37436,92,119.954,90,2.87312,0\C,89,1.49639,88,119.315,63,5.76565,0\H,117,1.08939,89,111.943,88,176.614,0\H,117,1.09072,89,110.897,88,55.4088,0\H,117,1.09164,89,110.586,88,-62.5085,0\C,116,1.49661,114,120.162,92,176.248,0\H,121,1.08942,116,111.732,114,-0.42531,0\H,121,1.09086,116,110.664,114,120.476,0\H,121,1.091,116,110.965,114,-121.356,0\\\@

 Total job time:  17454.50s(wall), 51621.65s(cpu) 
 Fri Oct 26 16:13:42 2018

        *************************************************************
        *                                                           *
        *  Thank you very much for using Q-Chem.  Have a nice day.  *
        *                                                           *
        *************************************************************


0 sent ACK to 0 
now end server 0 ... 
 
*************************************************************
Job 2 of 2 
*************************************************************
 
mFile = /cm/shared/apps/q-chem/intel/QCHEM_5.1.0_Trunk/bin/mpi/machines
Process 0 of 1 is on ctcp012 - thread support 0
initial socket setup ...start
initial socket setup ...done 
now start server 0 ... 
Q-Chem Developer Version!
                  Welcome to Q-Chem
     A Quantum Leap Into The Future Of Chemistry


 Q-Chem 5.1, Q-Chem, Inc., Pleasanton, CA (2018)

 Yihan Shao,  Zhengting Gan,  E. Epifanovsky,  A. T. B. Gilbert,  M. Wormit,  
 J. Kussmann,  A. W. Lange,  A. Behn,  Jia Deng,  Xintian Feng,  D. Ghosh,  
 M. Goldey,  P. R. Horn,  L. D. Jacobson,  I. Kaliman,  T. Kus,  A. Landau,  
 Jie Liu,  E. I. Proynov,  R. M. Richard,  R. P. Steele,  E. J. Sundstrom,  
 H. L. Woodcock III,  P. M. Zimmerman,  D. Zuev,  B. Albrecht,  E. Alguire,  
 S. A. Baeppler,  D. Barton,  Z. Benda,  Y. A. Bernard,  E. J. Berquist,  
 K. B. Bravaya,  H. Burton,  D. Casanova,  Chun-Min Chang,  Yunqing Chen,  
 A. Chien,  K. D. Closser,  M. P. Coons,  S. Coriani,  S. Dasgupta,  
 A. L. Dempwolff,  M. Diedenhofen,  Hainam Do,  R. G. Edgar,  Po-Tung Fang,  
 S. Faraji,  S. Fatehi,  Qingguo Feng,  K. D. Fenk,  J. Fosso-Tande,  
 Qinghui Ge,  A. Ghysels,  G. Gidofalvi,  J. Gomes,  J. Gonthier,  A. Gunina,  
 D. Hait,  M. W. D. Hanson-Heine,  P. H. P. Harbach,  A. W. Hauser,  
 J. E. Herr,  E. G. Hohenstein,  Z. C. Holden,  Kerwin Hui,  B. C. Huynh,  
 T.-C. Jagau,  Hyunjun Ji,  B. Kaduk,  K. Khistyaev,  Jaehoon Kim,  
 P. Klunzinger,  K. Koh,  D. Kosenkov,  L. Koulias,  T. Kowalczyk,  
 C. M. Krauter,  A. Kunitsa,  Ka Un Lao,  A. Laurent,  K. V. Lawler,  
 Joonho Lee,  D. Lefrancois,  S. Lehtola,  D. S. Levine,  Yi-Pei Li,  
 You-Sheng Lin,  Fenglai Liu,  E. Livshits,  A. Luenser,  P. Manohar,  
 E. Mansoor,  S. F. Manzer,  Shan-Ping Mao,  Yuezhi Mao,  N. Mardirossian,  
 A. V. Marenich,  T. Markovich,  L. A. Martinez-Martinez,  S. A. Maurer,  
 N. J. Mayhall,  S. C. McKenzie,  J.-M. Mewes,  A. F. Morrison,  
 J. W. Mullinax,  K. Nanda,  T. S. Nguyen-Beck,  R. Olivares-Amaya,  
 J. A. Parkhill,  T. M. Perrine,  F. Plasser,  P. Pokhilko,  S. Prager,  
 A. Prociuk,  E. Ramos,  D. R. Rehn,  F. Rob,  M. Schneider,  N. Sergueev,  
 S. M. Sharada,  S. Sharma,  D. W. Small,  T. Stauch,  T. Stein,  
 Yu-Chuan Su,  A. J. W. Thom,  A. Tkatchenko,  T. Tsuchimochi,  N. M. Tubman,  
 L. Vogt,  M. L. Vidal,  O. Vydrov,  M. A. Watson,  J. Wenzel,  
 M. de Wergifosse,  T. A. Wesolowski,  A. White,  J. Witte,  A. Yamada,  
 Jun Yang,  K. Yao,  S. Yeganeh,  S. R. Yost,  Zhi-Qiang You,  A. Zech,  
 Igor Ying Zhang,  Xing Zhang,  Yan Zhao,  Ying Zhu,  B. R. Brooks,  
 G. K. L. Chan,  C. J. Cramer,  M. S. Gordon,  W. J. Hehre,  A. Klamt,  
 M. W. Schmidt,  C. D. Sherrill,  D. G. Truhlar,  A. Aspuru-Guzik,  R. Baer,  
 A. T. Bell,  N. A. Besley,  Jeng-Da Chai,  A. E. DePrince, III,  
 R. A. DiStasio Jr.,  A. Dreuw,  B. D. Dunietz,  T. R. Furlani,  
 Chao-Ping Hsu,  Yousung Jung,  Jing Kong,  D. S. Lambrecht,  WanZhen Liang,  
 C. Ochsenfeld,  V. A. Rassolov,  L. V. Slipchenko,  J. E. Subotnik,  
 T. Van Voorhis,  J. M. Herbert,  A. I. Krylov,  P. M. W. Gill,  M. Head-Gordon

 Contributors to earlier versions of Q-Chem not listed above: 
 R. D. Adamson,  B. Austin,  J. Baker,  G. J. O. Beran,  K. Brandhorst,  
 S. T. Brown,  E. F. C. Byrd,  A. K. Chakraborty,  C.-L. Cheng,  
 Siu Hung Chien,  D. M. Chipman,  D. L. Crittenden,  H. Dachsel,  
 R. J. Doerksen,  A. D. Dutoi,  L. Fusti-Molnar,  W. A. Goddard III,  
 A. Golubeva-Zadorozhnaya,  S. R. Gwaltney,  G. Hawkins,  A. Heyden,  
 S. Hirata,  G. Kedziora,  F. J. Keil,  C. Kelley,  Jihan Kim,  R. A. King,  
 R. Z. Khaliullin,  P. P. Korambath,  W. Kurlancheek,  A. M. Lee,  M. S. Lee,  
 S. V. Levchenko,  Ching Yeh Lin,  D. Liotard,  R. C. Lochan,  I. Lotan,  
 P. E. Maslen,  N. Nair,  D. P. O'Neill,  D. Neuhauser,  E. Neuscamman,  
 C. M. Oana,  R. Olson,  B. Peters,  R. Peverati,  P. A. Pieniazek,  
 Y. M. Rhee,  J. Ritchie,  M. A. Rohrdanz,  E. Rosta,  N. J. Russ,  
 H. F. Schaefer III,  N. E. Schultz,  N. Shenvi,  A. C. Simmonett,  A. Sodt,  
 D. Stuck,  K. S. Thanthiriwatte,  V. Vanovschi,  Tao Wang,  A. Warshel,  
 C. F. Williams,  Q. Wu,  X. Xu,  W. Zhang

 Please cite Q-Chem as follows:
 Y. Shao et al., Mol. Phys. 113, 184-215 (2015)
 DOI: 10.1080/00268976.2014.952696

 Q-Chem 5.1.1 for Intel X86 EM64T Linux

 Parts of Q-Chem use Armadillo 8.300.2 (Tropical Shenanigans).
 http://arma.sourceforge.net/

 Q-Chem begins on Fri Oct 26 16:13:45 2018  

Host: ctcp012
0

     Scratch files written to /scratch/mewes1/138451/qchem45362//
 Parallel job on  1  processors
The previous job contains 0 fragments, simply inherited here
Symmetry turned off for PCM/SM12/SMD calculation
Input Ideriv = 2
Curr. Ideriv = -1
Max.  Ideriv = 2
Input Ideriv = 1
Curr. Ideriv = 2
Max.  Ideriv = 1

Checking the input file for inconsistencies... 	...done.

--------------------------------------------------------------
User input:
--------------------------------------------------------------
$rem
threads 8
jobtype sp
method PBEh-3c
basis def2-mSVP
mem_static      1024
mem_total       14000
sym_ignore      true
cis_n_roots             6
cis_singlets            true
cis_triplets            true
rpa                     false
calc_soc                true
cis_moments             true
cis_relaxed_density     true
solvent_method          pcm
$end

$molecule
read
$end

$pcm
statespecific           Marcus 
$end

$solvent
dielectric      2.38 
dielectric_infi 2.25
$end

--------------------------------------------------------------
 Adding empirical dispersion correction 
 ----------------------------------------------------------------
 Doing -D3(BJ) with
 s6 =   1.00000
 s8 =   0.00000
 a1 =   0.48600
 a2 =   4.50000
 -D3 energy including 3body term =     -0.1204864296 hartrees
 ----------------------------------------------------------------
 Adding gCP correction 
 ----------------------------------------------------------------
 gCP energy =      0.1614376706 hartrees
 ----------------------------------------------------------------
             Standard Nuclear Orientation (Angstroms)
    I     Atom           X                Y                Z
 ----------------------------------------------------------------
    1      N       0.0000000000     0.0000000000     0.0000000000
    2      C       0.0000000000     0.0000000000     1.3751340000
    3      C       1.3036425954     0.0000000000    -0.4439494991
    4      C      -1.0769829059    -0.0011002392     2.2518195967
    5      H      -2.0963963988    -0.0122819778     1.8882439413
    6      C      -0.7938930862     0.0142909399     3.6059597356
    7      H      -1.6115606368     0.0136339029     4.3150384583
    8      C       1.7840416047    -0.0284552153    -1.7508694968
    9      H       1.1140241068    -0.0393115493    -2.6011641160
   10      C       3.1557503725    -0.0325393556    -1.9289341202
   11      H       3.5547121164    -0.0524192403    -2.9356167707
   12      C       0.5230336502     0.0337224735     4.0786182350
   13      H       0.7054860052     0.0470565593     5.1449353994
   14      C       1.5891853817     0.0373440512     3.1974463720
   15      H       2.6078205954     0.0551335511     3.5652002718
   16      C       1.3326303874     0.0187911514     1.8309471906
   17      C       4.0334105874    -0.0080739363    -0.8392972970
   18      H       5.1011550192    -0.0082340957    -1.0146099561
   19      C       3.5474691017     0.0158175710     0.4553938825
   20      H       4.2299713897     0.0307440560     1.2962086431
   21      C       2.1701402055     0.0162975238     0.6614820375
   22      C      -1.1040673571    -0.0685586624    -0.8812117870
   23      C      -1.3836952334     1.0202858569    -1.6917039543
   24      H      -0.8438031623     1.9481107770    -1.5396406223
   25      C      -1.7976162748    -1.2572506956    -1.0447081054
   26      H      -1.5709891301    -2.1019055459    -0.4034476736
   27      C      -2.2806348363     0.8949831625    -2.7451125487
   28      C      -2.7109793997    -1.3905300863    -2.0858819098
   29      C      -2.9181109386    -0.3318155195    -2.9787676391
   30      C      -3.3797579900    -2.7134569147    -2.3336749581
   31      H      -3.2069936822    -3.4145490768    -1.5172391068
   32      H      -4.4575496663    -2.5995928101    -2.4581037108
   33      H      -3.0034906693    -3.1732575360    -3.2507340601
   34      C      -2.4801302179     2.0450861837    -3.6924687447
   35      H      -2.0064185501     2.9551456490    -3.3241435733
   36      H      -3.5379693854     2.2556796811    -3.8535383748
   37      H      -2.0496154182     1.8224893535    -4.6720578933
   38      B      -3.5637470624    -0.5662207057    -4.4024743606
   39      C      -5.0148835489    -0.2474368057    -4.7792183130
   40      C      -5.9585344246     0.1404103456    -3.8047493852
   41      H      -5.6450894256     0.2010429460    -2.7669378601
   42      C      -7.2546337096     0.4426042735    -4.1589106842
   43      C      -7.6453709112     0.3730431143    -5.5298039759
   44      C      -6.7427330015     0.0118166263    -6.4947285291
   45      H      -7.0548787872    -0.0254655592    -7.5349545638
   46      C      -5.4146831372    -0.3098154951    -6.1501252252
   47      C      -9.0500341909     0.7468800873    -5.6288448720
   48      C      -9.9504821266     0.8642489311    -6.6578721238
   49      H      -9.6760149599     0.6544613871    -7.6848952839
   50      C      -9.4746242523     1.0340051803    -4.3171811234
   51      C     -10.7662680034     1.4349136214    -3.9902331549
   52      C      -8.4241076886     0.8655550742    -3.3884779557
   53      C      -8.6884791409     1.1141506178    -2.0651624270
   54      H      -7.9293403062     1.0049996809    -1.3007134437
   55      C     -11.2696561918     1.2689230543    -6.3535063767
   56      H     -11.9830045270     1.3616139299    -7.1629170633
   57      C     -11.6783904694     1.5478895367    -5.0687351284
   58      H     -12.7006076429     1.8547597748    -4.8836591698
   59      C      -9.9932969437     1.5233444586    -1.7018975079
   60      H     -10.1975979611     1.7182744183    -0.6568367793
   61      C     -11.0086373087     1.6827707656    -2.6174236959
   62      H     -11.9908471501     1.9981100100    -2.2872887436
   63      B      -4.4004363221    -0.6820774222    -7.2257822991
   64      C      -2.9767735229    -1.0882604384    -6.8571622429
   65      C      -2.0387788052    -1.4674122145    -7.8426607621
   66      H      -2.3315688635    -1.4881481297    -8.8886480509
   67      C      -0.7567671312    -1.8032973905    -7.4938328195
   68      C      -0.3560553383    -1.7740065487    -6.1256954034
   69      C      -1.2518635858    -1.3975336475    -5.1554618549
   70      H      -0.9314034500    -1.3661768677    -4.1198569655
   71      C      -2.5761620442    -1.0449124151    -5.4886181027
   72      C       1.0535009994    -2.1559510740    -6.0603363258
   73      C       1.9849902164    -2.3060834196    -5.0625988405
   74      H       1.7393686577    -2.1463336407    -4.0197326995
   75      C       1.4596572466    -2.3946122670    -7.3900350968
   76      C       2.7489845626    -2.7666519598    -7.7661202636
   77      C       0.3993122630    -2.1990207587    -8.2977522909
   78      C       0.6406826668    -2.3887429317    -9.6365471566
   79      H      -0.1326829738    -2.2505474628   -10.3826121639
   80      C       1.9397187406    -2.7699965930   -10.0453411935
   81      H       2.1276609033    -2.9178446396   -11.1015564829
   82      C       2.9701559060    -2.9557096912    -9.1524366419
   83      H       3.9507790658    -3.2453846096    -9.5106933904
   84      C       3.3026318396    -2.6834342121    -5.4156223107
   85      H       4.0322351989    -2.7989034626    -4.6239498246
   86      C       3.6893909310    -2.9083220458    -6.7170522031
   87      H       4.7107797538    -3.1938614334    -6.9382810174
   88      C      -4.7696254440    -0.5480198387    -8.7528155919
   89      C      -5.2133839375    -1.6628948722    -9.5092193505
   90      C      -5.4089403000    -1.5412674099   -10.8639454939
   91      H      -5.7787563770    -2.3809030555   -11.4391534143
   92      C      -5.2090915139    -0.3001628602   -11.4949016532
   93      N      -5.3505900265    -0.1986273266   -12.8578828835
   94      C      -4.8830362706    -1.1384777460   -13.7783649087
   95      C      -4.1266268242    -2.2838885052   -13.5609863671
   96      H      -3.8139520573    -2.5953414254   -12.5748661583
   97      C      -3.7512205561    -3.0221179510   -14.6736810432
   98      H      -3.1705516556    -3.9234965770   -14.5336051445
   99      C      -4.0906532722    -2.6144840022   -15.9604284483
  100      H      -3.7774447024    -3.2087653257   -16.8080148052
  101      C      -4.8026532357    -1.4380718711   -16.1696521557
  102      H      -5.0311732658    -1.1065367279   -17.1740690173
  103      C      -5.1937481480    -0.6974199352   -15.0708357397
  104      C      -5.9536044861     0.8521191092   -13.5572163004
  105      C      -6.6354162067     1.9581645757   -13.0720714965
  106      H      -6.7573017159     2.1452237653   -12.0149644610
  107      C      -7.1895019855     2.8204360599   -14.0077050603
  108      H      -7.7194741212     3.6976296921   -13.6637012550
  109      C      -7.0916529642     2.5684528034   -15.3734826940
  110      H      -7.5406964935     3.2581342503   -16.0750130468
  111      C      -6.4464197852     1.4306547230   -15.8464617357
  112      H      -6.4027238743     1.2214543598   -16.9073086337
  113      C      -5.8791191123     0.5692062038   -14.9299245895
  114      C      -4.8310021401     0.8258141065   -10.7462797994
  115      H      -4.6244741156     1.7596155705   -11.2531252513
  116      C      -4.5964878302     0.7059040369    -9.3973971040
  117      C      -5.4591435706    -2.9667130566    -8.8172320894
  118      H      -5.8515772171    -3.7212593807    -9.4979910676
  119      H      -6.1654958761    -2.8438341361    -7.9952604903
  120      H      -4.5354752521    -3.3481890643    -8.3779224423
  121      C      -4.1123623875     1.8834423592    -8.6107252656
  122      H      -3.9842573074     2.7636524665    -9.2397296188
  123      H      -4.8153166422     2.1291502420    -7.8135701301
  124      H      -3.1579560090     1.6654769526    -8.1291922967
 ----------------------------------------------------------------
 Nuclear Repulsion Energy = 10711.7084035925 hartrees
 There are      252 alpha and      252 beta electrons
 Requested basis set is def2-mSVP
 There are 628 shells and 1236 basis functions

 Total QAlloc Memory Limit  14000 MB
 Mega-Array Size      1001 MB
 MEM_STATIC part      1024 MB
 Discretize the solute cavity surface with Lebedev spheres
	Using 302 Lebedev grid points for each H atom
	Using 302 Lebedev grid points for other atoms
	Atomic van der Waals radii will be scaled by 1.20
 Remove points where switching function is < 1.0e-08
 Keep 13027 surface tesserae and discard 24421 interior tesserae
 Molecular Surface Area = 985.692 Angst**2
 A cutoff of  1.0D-11 yielded  54139 shell pairs
 There are    217591 function pairs (    240068 Cartesian)
 
 -------------------------------------------------------
 OpenMP Integral Computing Module                       
 Release: version 1.0, May 2013, Q-Chem Inc. Pittsburgh 
 -------------------------------------------------------
 Integral Job Info:
 Integral job number is                      11
 Integral operator is                         1
 short-range coefficients                     0
 long-range coefficients              100000000
 Omega coefficients                           0
 if combine SR and LR in K                    0
 Integral screening is                        0
 Integral computing path is                   2
 max size of driver memory is            800000
 size of driver memory is                593474
 size of scratch memory is              1809772
 max col of scratch BK array               1296
 max len of scratch array in speh3          155
 max len of scratch index in speh4           18
 max int batch size is                      520
 min int batch size is                       52
 fixed nKL is                                52
 max L of basis functions is                  2
 order of int derivative is                   0
 number of shells is                        628
 number of basis is                        1312
 number of cartesian basis is              1312
 number of contracted shell pairs         54139
 number of primitive shell pairs         113014
 maxK2 (contraction) of shell pair           25
 max number of K2 of shell pair               1
 max number of CS2 of shell pair          12940
 max number of PS2 of shell pair          20005
 mem total for path MDJ                 1079644
 -------------------------------------------------------
 Smallest overlap matrix eigenvalue = 1.96E-04

 Scale SEOQF with 1.000000e-02/1.000000e-01/1.000000e-03

 Standard Electronic Orientation quadrupole field applied
 Nucleus-field energy     =     0.0000001077 hartrees
 Guess from superposition of atomic densities
 Warning:  Energy on first SCF cycle will be non-variational
 SAD guess density has 504.000001 electrons

 -----------------------------------------------------------------------
  General SCF calculation program by
  Eric Jon Sundstrom, Paul Horn, Yuezhi Mao, Dmitri Zuev, Alec White,
  David Stuck, Shaama M.S., Shane Yost, Joonho Lee, David Small,
  Daniel Levine, Susi Lehtola, Hugh Burton, Evgeny Epifanovsky
 -----------------------------------------------------------------------
 Exchange:     0.4200 Hartree-Fock + 0.5800 PBEh-3c
 Correlation:  1.0000 PBEh-3c
 Using SG-1 standard quadrature grid
 Dispersion:   Grimme D3
 using 8 threads for integral computing
 -------------------------------------------------------
 OpenMP Integral computing Module                
 Release: version 2.0, May 2017, Q-Chem Inc. Pleasanton 
 -------------------------------------------------------
 -------------------------------------------------------
 OpenMP BLAS3 based DFT computing Module                
 Release: version 1.0, May 2013, Q-Chem Inc. Pittsburgh 
 -------------------------------------------------------
 A restricted SCF calculation will be
 performed using DIIS
 SCF converges when DIIS error is below 1.0e-08
 ---------------------------------------
  Cycle       Energy         DIIS error
 ---------------------------------------
    1   -2951.7316497430      2.46e-02  
    2   -2924.9698836710      1.59e-03  
    3   -2925.1489208290      1.40e-03  
    4   -2925.4904072068      4.94e-04  
    5   -2925.5376018080      1.42e-04  
    6   -2925.5415266300      4.51e-05  
    7   -2925.5419124894      1.23e-05  
    8   -2925.5419423304      3.80e-06  
    9   -2925.5419453309      1.18e-06  
   10   -2925.5419457482      3.56e-07  
   11   -2925.5419456442      1.44e-07  
   12   -2925.5419455995      5.76e-08  
   13   -2925.5419457095      2.33e-08  
   14   -2925.5419457271      1.02e-08  
   15   -2925.5419457353      5.68e-09  Convergence criterion met
 ---------------------------------------
 SCF time:   CPU 21574.73s  wall 2956.00s 

************** Final PCM Free Energy Summary **************
 G_electrostatic  =      -0.02456573 hartree =     -15.41522873 kcal/mol
 G_cavitation     =       0.00000000 hartree =       0.00000000 kcal/mol
 G_dispersion     =       0.00000000 hartree =       0.00000000 kcal/mol
 G_repulsion      =       0.00000000 hartree =       0.00000000 kcal/mol
 --------------------------------------------------
 Non-electrostatic Free Energy =       0.00000000 hartree =       0.00000000 kcal/mol
 Total                         =      -0.02456573 hartree =     -15.41522873 kcal/mol
 --------------------------------------------------
 SCF Energy (H0 + V/2)                       =   -2925.54194574 
 Solute Internal Energy (H0)                 =   -2925.51738000 
 Total Free Energy (H0 + V/2 + non-elec)     =   -2925.54194574 hartree
                                             = -1835805.27875667 kcal/mol
***********************************************************

 SCF   energy in the final basis set =    -2925.5419457353
 Total energy in the final basis set =    -2925.5419457353
 
 Direct TDDFT/TDA calculation will be performed
 Exchange:     0.4200 Hartree-Fock + 0.5800 PBEh-3c
 Correlation:  1.0000 PBEh-3c
 Using SG-1 standard quadrature grid
 Dispersion:   Grimme D3
 Triplet excitation energies requested
 Singlet excitation energies requested
 Adding PCM contribution to the XC response
 CIS energy converged when residual is below 10e- 6
 ---------------------------------------------------
 Iter    Rts Conv    Rts Left    Ttl Dev     Max Dev
 ---------------------------------------------------
   1         0           6      0.000164    0.000055
   2         0           6      0.000070    0.000020
   3         0           6      0.000099    0.000057
   4         0           6      0.000093    0.000048
   5         1           5      0.000094    0.000072
   6         2           4      0.000045    0.000032
   7         3           3      0.000025    0.000021
   8         5           1      0.000011    0.000009
   9         5           1      0.000005    0.000003
  10         6           0      0.000003    0.000001    Roots Converged
 ---------------------------------------------------
 Triplets done: starting singlet calculation
 ---------------------------------------------------
 Iter    Rts Conv    Rts Left    Ttl Dev     Max Dev
 ---------------------------------------------------
  11         0           6      0.000272    0.000127
  12         0           6      0.000094    0.000034
  13         1           5      0.000049    0.000015
  14         0           6      0.000038    0.000022
  15         1           5      0.000037    0.000024
  16         3           3      0.000059    0.000032
  17         4           2      0.000032    0.000026
  18         4           2      0.000013    0.000010
  19         5           1      0.000006    0.000004
  20         5           1      0.000004    0.000002
  21         5           1      0.000003    0.000001
  22         6           0      0.000003    0.000001    Roots Converged
 ---------------------------------------------------
 
 ---------------------------------------------------
         TDDFT/TDA Excitation Energies              
 ---------------------------------------------------

 Excited state   1: excitation energy (eV) =    2.2107
 Total energy for state  1:                 -2925.46070454 au
    Multiplicity: Triplet
    Trans. Mom.:  0.0000 X   0.0000 Y   0.0000 Z
    Strength   :     0.0000000000
    D(247) --> V(  1) amplitude =  0.9180

 Excited state   2: excitation energy (eV) =    2.4135
 Total energy for state  2:                 -2925.45325288 au
    Multiplicity: Triplet
    Trans. Mom.:  0.0000 X   0.0000 Y   0.0000 Z
    Strength   :     0.0000000000
    D(246) --> V(  2) amplitude = -0.4486
    D(248) --> V(  1) amplitude =  0.7887

 Excited state   3: excitation energy (eV) =    2.4787
 Total energy for state  3:                 -2925.45085367 au
    Multiplicity: Triplet
    Trans. Mom.:  0.0000 X   0.0000 Y   0.0000 Z
    Strength   :     0.0000000000
    D(246) --> V(  1) amplitude =  0.7176
    D(246) --> V(  4) amplitude =  0.2236
    D(248) --> V(  2) amplitude = -0.5021
    D(252) --> V(  1) amplitude =  0.2845

 Excited state   4: excitation energy (eV) =    2.5164
 Total energy for state  4:                 -2925.44946952 au
    Multiplicity: Triplet
    Trans. Mom.:  0.0000 X   0.0000 Y   0.0000 Z
    Strength   :     0.0000000000
    D(245) --> V(  1) amplitude = -0.2402
    D(246) --> V(  1) amplitude = -0.2129
    D(252) --> V(  1) amplitude =  0.8754

 Excited state   5: excitation energy (eV) =    2.5331
 Total energy for state  5:                 -2925.44885772 au
    Multiplicity: Singlet
    Trans. Mom.:  0.2312 X  -0.0632 Y   0.2088 Z
    Strength   :     0.0062710395
    D(245) --> V(  1) amplitude = -0.2245
    D(252) --> V(  1) amplitude =  0.9558

 Excited state   6: excitation energy (eV) =    2.7255
 Total energy for state  6:                 -2925.44178575 au
    Multiplicity: Triplet
    Trans. Mom.:  0.0000 X   0.0000 Y   0.0000 Z
    Strength   :     0.0000000000
    D(241) --> V(  1) amplitude =  0.5775
    D(242) --> V(  1) amplitude = -0.3832
    D(247) --> V(  2) amplitude = -0.5481

 Excited state   7: excitation energy (eV) =    2.8660
 Total energy for state  7:                 -2925.43662217 au
    Multiplicity: Singlet
    Trans. Mom.: -0.0197 X   0.0195 Y  -0.0078 Z
    Strength   :     0.0000582142
    D(247) --> V(  1) amplitude =  0.9660

 Excited state   8: excitation energy (eV) =    3.0109
 Total energy for state  8:                 -2925.43129741 au
    Multiplicity: Triplet
    Trans. Mom.:  0.0000 X   0.0000 Y   0.0000 Z
    Strength   :     0.0000000000
    D(251) --> V(  1) amplitude =  0.9361

 Excited state   9: excitation energy (eV) =    3.0208
 Total energy for state  9:                 -2925.43093325 au
    Multiplicity: Singlet
    Trans. Mom.:  0.8737 X  -0.2710 Y  -0.3371 Z
    Strength   :     0.0703448578
    D(248) --> V(  1) amplitude =  0.2262
    D(251) --> V(  1) amplitude =  0.9281

 Excited state  10: excitation energy (eV) =    3.1000
 Total energy for state 10:                 -2925.42802438 au
    Multiplicity: Singlet
    Trans. Mom.:  3.7001 X  -1.1368 Y  -0.9784 Z
    Strength   :     1.2106030015
    D(248) --> V(  1) amplitude =  0.9262
    D(251) --> V(  1) amplitude = -0.2222

 Excited state  11: excitation energy (eV) =    3.4067
 Total energy for state 11:                 -2925.41675185 au
    Multiplicity: Singlet
    Trans. Mom.: -0.3772 X   0.0275 Y   0.1595 Z
    Strength   :     0.0140583822
    D(246) --> V(  1) amplitude =  0.9351

 Excited state  12: excitation energy (eV) =    3.5261
 Total energy for state 12:                 -2925.41236345 au
    Multiplicity: Singlet
    Trans. Mom.: -0.0281 X   0.0205 Y   0.0278 Z
    Strength   :     0.0001711045
    D(250) --> V(  1) amplitude =  0.9900
 
 ---------------------------------------------------
 Calculating Relaxed Density
 ---------------------------------------------------
 Iter    Rts Conv    Rts Left    Ttl Dev     Max Dev
 ---------------------------------------------------
   1         0           6      0.000332    0.000110
   2         0           6      0.000125    0.000037
   3         0           6      0.000031    0.000010
   4         3           3      0.000008    0.000004
   5         4           2      0.000002    0.000001
   6         6           0      0.000000    0.000000    Roots Converged
 ---------------------------------------------------
 Triplets done- using as guess for singlets
 ---------------------------------------------------
 Iter    Rts Conv    Rts Left    Ttl Dev     Max Dev
 ---------------------------------------------------
   1         0           6      0.000465    0.000105
   2         0           6      0.000173    0.000040
   3         0           6      0.000043    0.000011
   4         0           6      0.000016    0.000004
   5         3           3      0.000004    0.000001
   6         6           0      0.000000    0.000000    Roots Converged
 ---------------------------------------------------
  SETman timing summary (seconds)
  CPU time             61887.83s
  System time              0.01s
  Wall time            19718.41s



*********SPIN-ORBIT COUPLING JOB BEGINS HERE*********
