mFile = /cm/shared/apps/q-chem/intel/QCHEM_5.1.0_Trunk/bin/mpi/machines
Process 0 of 1 is on ctcp011 - thread support 0
initial socket setup ...start
initial socket setup ...done 
now start server 0 ... 
Q-Chem Developer Version!
                  Welcome to Q-Chem
     A Quantum Leap Into The Future Of Chemistry


 Q-Chem 5.1, Q-Chem, Inc., Pleasanton, CA (2018)

 Yihan Shao,  Zhengting Gan,  E. Epifanovsky,  A. T. B. Gilbert,  M. Wormit,  
 J. Kussmann,  A. W. Lange,  A. Behn,  Jia Deng,  Xintian Feng,  D. Ghosh,  
 M. Goldey,  P. R. Horn,  L. D. Jacobson,  I. Kaliman,  T. Kus,  A. Landau,  
 Jie Liu,  E. I. Proynov,  R. M. Richard,  R. P. Steele,  E. J. Sundstrom,  
 H. L. Woodcock III,  P. M. Zimmerman,  D. Zuev,  B. Albrecht,  E. Alguire,  
 S. A. Baeppler,  D. Barton,  Z. Benda,  Y. A. Bernard,  E. J. Berquist,  
 K. B. Bravaya,  H. Burton,  D. Casanova,  Chun-Min Chang,  Yunqing Chen,  
 A. Chien,  K. D. Closser,  M. P. Coons,  S. Coriani,  S. Dasgupta,  
 A. L. Dempwolff,  M. Diedenhofen,  Hainam Do,  R. G. Edgar,  Po-Tung Fang,  
 S. Faraji,  S. Fatehi,  Qingguo Feng,  K. D. Fenk,  J. Fosso-Tande,  
 Qinghui Ge,  A. Ghysels,  G. Gidofalvi,  J. Gomes,  J. Gonthier,  A. Gunina,  
 D. Hait,  M. W. D. Hanson-Heine,  P. H. P. Harbach,  A. W. Hauser,  
 J. E. Herr,  E. G. Hohenstein,  Z. C. Holden,  Kerwin Hui,  B. C. Huynh,  
 T.-C. Jagau,  Hyunjun Ji,  B. Kaduk,  K. Khistyaev,  Jaehoon Kim,  
 P. Klunzinger,  K. Koh,  D. Kosenkov,  L. Koulias,  T. Kowalczyk,  
 C. M. Krauter,  A. Kunitsa,  Ka Un Lao,  A. Laurent,  K. V. Lawler,  
 Joonho Lee,  D. Lefrancois,  S. Lehtola,  D. S. Levine,  Yi-Pei Li,  
 You-Sheng Lin,  Fenglai Liu,  E. Livshits,  A. Luenser,  P. Manohar,  
 E. Mansoor,  S. F. Manzer,  Shan-Ping Mao,  Yuezhi Mao,  N. Mardirossian,  
 A. V. Marenich,  T. Markovich,  L. A. Martinez-Martinez,  S. A. Maurer,  
 N. J. Mayhall,  S. C. McKenzie,  J.-M. Mewes,  A. F. Morrison,  
 J. W. Mullinax,  K. Nanda,  T. S. Nguyen-Beck,  R. Olivares-Amaya,  
 J. A. Parkhill,  T. M. Perrine,  F. Plasser,  P. Pokhilko,  S. Prager,  
 A. Prociuk,  E. Ramos,  D. R. Rehn,  F. Rob,  M. Schneider,  N. Sergueev,  
 S. M. Sharada,  S. Sharma,  D. W. Small,  T. Stauch,  T. Stein,  
 Yu-Chuan Su,  A. J. W. Thom,  A. Tkatchenko,  T. Tsuchimochi,  N. M. Tubman,  
 L. Vogt,  M. L. Vidal,  O. Vydrov,  M. A. Watson,  J. Wenzel,  
 M. de Wergifosse,  T. A. Wesolowski,  A. White,  J. Witte,  A. Yamada,  
 Jun Yang,  K. Yao,  S. Yeganeh,  S. R. Yost,  Zhi-Qiang You,  A. Zech,  
 Igor Ying Zhang,  Xing Zhang,  Yan Zhao,  Ying Zhu,  B. R. Brooks,  
 G. K. L. Chan,  C. J. Cramer,  M. S. Gordon,  W. J. Hehre,  A. Klamt,  
 M. W. Schmidt,  C. D. Sherrill,  D. G. Truhlar,  A. Aspuru-Guzik,  R. Baer,  
 A. T. Bell,  N. A. Besley,  Jeng-Da Chai,  A. E. DePrince, III,  
 R. A. DiStasio Jr.,  A. Dreuw,  B. D. Dunietz,  T. R. Furlani,  
 Chao-Ping Hsu,  Yousung Jung,  Jing Kong,  D. S. Lambrecht,  WanZhen Liang,  
 C. Ochsenfeld,  V. A. Rassolov,  L. V. Slipchenko,  J. E. Subotnik,  
 T. Van Voorhis,  J. M. Herbert,  A. I. Krylov,  P. M. W. Gill,  M. Head-Gordon

 Contributors to earlier versions of Q-Chem not listed above: 
 R. D. Adamson,  B. Austin,  J. Baker,  G. J. O. Beran,  K. Brandhorst,  
 S. T. Brown,  E. F. C. Byrd,  A. K. Chakraborty,  C.-L. Cheng,  
 Siu Hung Chien,  D. M. Chipman,  D. L. Crittenden,  H. Dachsel,  
 R. J. Doerksen,  A. D. Dutoi,  L. Fusti-Molnar,  W. A. Goddard III,  
 A. Golubeva-Zadorozhnaya,  S. R. Gwaltney,  G. Hawkins,  A. Heyden,  
 S. Hirata,  G. Kedziora,  F. J. Keil,  C. Kelley,  Jihan Kim,  R. A. King,  
 R. Z. Khaliullin,  P. P. Korambath,  W. Kurlancheek,  A. M. Lee,  M. S. Lee,  
 S. V. Levchenko,  Ching Yeh Lin,  D. Liotard,  R. C. Lochan,  I. Lotan,  
 P. E. Maslen,  N. Nair,  D. P. O'Neill,  D. Neuhauser,  E. Neuscamman,  
 C. M. Oana,  R. Olson,  B. Peters,  R. Peverati,  P. A. Pieniazek,  
 Y. M. Rhee,  J. Ritchie,  M. A. Rohrdanz,  E. Rosta,  N. J. Russ,  
 H. F. Schaefer III,  N. E. Schultz,  N. Shenvi,  A. C. Simmonett,  A. Sodt,  
 D. Stuck,  K. S. Thanthiriwatte,  V. Vanovschi,  Tao Wang,  A. Warshel,  
 C. F. Williams,  Q. Wu,  X. Xu,  W. Zhang

 Please cite Q-Chem as follows:
 Y. Shao et al., Mol. Phys. 113, 184-215 (2015)
 DOI: 10.1080/00268976.2014.952696

 Q-Chem 5.1.1 for Intel X86 EM64T Linux

 Parts of Q-Chem use Armadillo 8.300.2 (Tropical Shenanigans).
 http://arma.sourceforge.net/

 Q-Chem begins on Fri Oct 26 14:42:08 2018  

Host: ctcp011
0

     Scratch files written to /scratch/mewes1/138455/qchem126363//
 Parallel job on  1  processors
The previous job contains 0 fragments, simply inherited here
Symmetry turned off for PCM/SM12/SMD calculation
Input Ideriv = 2
Curr. Ideriv = -1
Max.  Ideriv = 2
Input Ideriv = 1
Curr. Ideriv = 2
Max.  Ideriv = 1

Checking the input file for inconsistencies... 	...done.

--------------------------------------------------------------
User input:
--------------------------------------------------------------
$solvent
dielectric      4.33
dielectric_infi 1.83
$end

$rem
threads 8
jobtype	sp
method PBEh-3c
basis def2-mSVP
mem_static	1024
mem_total	14000
sym_ignore	true
cis_n_roots             2
cis_singlets            false
cis_triplets		true 
rpa                     false
calc_soc 		true
cis_moments             true
cis_relaxed_density	true
solvent_method		pcm
$end

$pcm
StateSpecific   1
ChargeSeparation Excited
$end


$molecule
read ut1opt_eth.mol
$end


--------------------------------------------------------------
 Adding empirical dispersion correction 
 ----------------------------------------------------------------
 Doing -D3(BJ) with
 s6 =   1.00000
 s8 =   0.00000
 a1 =   0.48600
 a2 =   4.50000
 -D3 energy including 3body term =     -0.1203181611 hartrees
 ----------------------------------------------------------------
 Adding gCP correction 
 ----------------------------------------------------------------
 gCP energy =      0.1612017267 hartrees
 ----------------------------------------------------------------
             Standard Nuclear Orientation (Angstroms)
    I     Atom           X                Y                Z
 ----------------------------------------------------------------
    1      N       0.0000000000     0.0000000000     0.0000000000
    2      C       0.0000000000     0.0000000000     1.3749400000
    3      C       1.3031106742     0.0000000000    -0.4441216147
    4      C      -1.0770634478     0.0077533626     2.2519223179
    5      H      -2.0969909758     0.0038398106     1.8893291261
    6      C      -0.7936030084     0.0226642064     3.6063489258
    7      H      -1.6112930048     0.0289684585     4.3154549425
    8      C       1.7814441418    -0.0158081994    -1.7521099417
    9      H       1.1101242713    -0.0187148377    -2.6015469022
   10      C       3.1531366484    -0.0169362107    -1.9318808837
   11      H       3.5515683639    -0.0262490506    -2.9389534895
   12      C       0.5239009751     0.0325022192     4.0790400732
   13      H       0.7065053702     0.0457435616     5.1453739673
   14      C       1.5903637450     0.0273947141     3.1976475700
   15      H       2.6092910882     0.0388367531     3.5650622593
   16      C       1.3331395339     0.0103932512     1.8307726751
   17      C       4.0322247992    -0.0024701049    -0.8426617137
   18      H       5.0998028137    -0.0002795346    -1.0193637667
   19      C       3.5482468982     0.0094602935     0.4532856181
   20      H       4.2318901304     0.0181251445     1.2933253755
   21      C       2.1706191349     0.0083764687     0.6608628259
   22      C      -1.1052375786    -0.0214094654    -0.8831256429
   23      C      -1.8063306059    -1.1967081153    -1.1016804886
   24      H      -1.5844535374    -2.0726788111    -0.5021864323
   25      C      -1.3780389170     1.1067378845    -1.6406531333
   26      H      -0.8290861318     2.0217133166    -1.4481147492
   27      C      -2.2817539936     1.0396167834    -2.6937852430
   28      C      -2.7259186916    -1.2724742064    -2.1438071202
   29      C      -2.9320011045    -0.1693569950    -2.9815869508
   30      C      -3.4106357781    -2.5752608287    -2.4480106512
   31      H      -3.2209964097    -3.3227731405    -1.6778591307
   32      H      -4.4907136886    -2.4478182523    -2.5354251747
   33      H      -3.0639823682    -2.9846503241    -3.3999829036
   34      C      -2.4766809554     2.2370997185    -3.5817058528
   35      H      -1.9940435037     3.1237432473    -3.1704396545
   36      H      -3.5334806341     2.4641758932    -3.7270615282
   37      H      -2.0527193729     2.0610161851    -4.5735009587
   38      B      -3.6088933465    -0.3207785944    -4.4025687786
   39      C      -5.0714239894     0.0090051652    -4.7212009115
   40      C      -5.9961461852     0.3132728117    -3.6990378424
   41      H      -5.6605147652     0.3024104080    -2.6663769695
   42      C      -7.3040109692     0.6220411426    -4.0004253324
   43      C      -7.7266633789     0.6479625815    -5.3639198847
   44      C      -6.8424815733     0.3708105977    -6.3736832244
   45      H      -7.1778099616     0.4059773012    -7.4064846284
   46      C      -5.5034756286     0.0413350666    -6.0841160769
   47      C      -9.1377197474     1.0080518489    -5.4027440569
   48      C     -10.0640211000     1.1884630754    -6.3998429011
   49      H      -9.8114077104     1.0599359863    -7.4456793465
   50      C      -9.5345859417     1.1910371616    -4.0636130712
   51      C     -10.8234123226     1.5478891640    -3.6782365209
   52      C      -8.4601674500     0.9699522323    -3.1738303235
   53      C      -8.6958549301     1.1162715455    -1.8295307062
   54      H      -7.9174306326     0.9621044773    -1.0926133622
   55      C     -11.3808608998     1.5503696296    -6.0356928421
   56      H     -12.1141649131     1.6927177777    -6.8196480976
   57      C     -11.7628227286     1.7271616870    -4.7243771476
   58      H     -12.7841566204     2.0046014155    -4.4935276047
   59      C      -9.9970902112     1.4785221699    -1.4072565380
   60      H     -10.1789148656     1.5928167784    -0.3462051669
   61      C     -11.0362705169     1.6901900639    -2.2853918120
   62      H     -12.0144133915     1.9659398209    -1.9106376620
   63      B      -4.5139284982    -0.2418438422    -7.2109692168
   64      C      -3.0820001695    -0.6721560108    -6.9007493367
   65      C      -2.1680504684    -0.9812836708    -7.9318456559
   66      H      -2.4857280605    -0.9286095717    -8.9691582162
   67      C      -0.8782386592    -1.3407650458    -7.6373814764
   68      C      -0.4443882941    -1.4057818597    -6.2799279692
   69      C      -1.3163505006    -1.0972366578    -5.2647584047
   70      H      -0.9707290643    -1.1367178847    -4.2373892466
   71      C      -2.6483788326    -0.7233504749    -5.5416973714
   72      C       0.9661560335    -1.7911279482    -6.2755794373
   73      C       1.9221056445    -2.0094468571    -5.3136548664
   74      H       1.7017490923    -1.9218242248    -4.2566287767
   75      C       1.3391545862    -1.9376361690    -7.6284058679
   76      C       2.6185793124    -2.2829549329    -8.0609043734
   77      C       0.2570253459    -1.6802946814    -8.4944884627
   78      C       0.4648168285    -1.7779085193    -9.8491740300
   79      H      -0.3265370351    -1.5897294321   -10.5647924718
   80      C       1.7532755509    -2.1301526981   -10.3147259018
   81      H       1.9145730956    -2.2053887860   -11.3829371071
   82      C       2.8056129387    -2.3764721969    -9.4623133467
   83      H       3.7767692883    -2.6407662210    -9.8634643021
   84      C       3.2302831563    -2.3616138295    -5.7241558959
   85      H       3.9794721847    -2.5311320154    -4.9609743628
   86      C       3.5846052156    -2.4963882821    -7.0475498646
   87      H       4.5997747595    -2.7657949955    -7.3132766295
   88      C      -4.9192475362     0.0096483560    -8.7154160099
   89      C      -5.3712014185    -1.0417887317    -9.5472957613
   90      C      -5.6086051866    -0.8112058855   -10.8833965956
   91      H      -5.9855939439    -1.6062635576   -11.5147133186
   92      C      -5.4358016419     0.4773997704   -11.4132067213
   93      N      -5.6157718156     0.6900315416   -12.7628639421
   94      C      -5.1517805565    -0.1576674036   -13.7669974816
   95      C      -4.3685344906    -1.3014785242   -13.6606156746
   96      H      -4.0277072735    -1.6861824366   -12.7102205952
   97      C      -4.0069182816    -1.9381510980   -14.8391349058
   98      H      -3.4062151915    -2.8357863670   -14.7879206574
   99      C      -4.3862797380    -1.4328716491   -16.0791341412
  100      H      -4.0828220594    -1.9485371325   -16.9801218805
  101      C      -5.1278930601    -0.2576890451   -16.1756214715
  102      H      -5.3883197837     0.1488914380   -17.1440444708
  103      C      -5.5056359658     0.3806847138   -15.0116713322
  104      C      -6.2598871052     1.7789308980   -13.3540801128
  105      C      -6.9497472317     2.8246156000   -12.7576988072
  106      H      -7.0439124328     2.9196193956   -11.6854985573
  107      C      -7.5474860674     3.7497686335   -13.6025603999
  108      H      -8.0853859289     4.5828920926   -13.1722201396
  109      C      -7.4823102105     3.6150232333   -14.9866876598
  110      H      -7.9650872415     4.3504552964   -15.6156517252
  111      C      -6.8256635746     2.5356117059   -15.5730945791
  112      H      -6.8066366390     2.4183536470   -16.6487278461
  113      C      -6.2158132750     1.6147750148   -14.7482498606
  114      C      -5.0438360361     1.5399348268   -10.5875286714
  115      H      -4.8608066333     2.5155874684   -11.0192138824
  116      C      -4.7727248235     1.3104828649    -9.2574955150
  117      C      -5.5846534090    -2.4048111644    -8.9645646061
  118      H      -5.9821446726    -3.1029295167    -9.7003204563
  119      H      -6.2763297408    -2.3651792683    -8.1219524476
  120      H      -4.6473795948    -2.8118014290    -8.5806494190
  121      C      -4.2802327886     2.4293362536    -8.3917173919
  122      H      -4.1678517487     3.3546428223    -8.9555907690
  123      H      -4.9707624812     2.6129222116    -7.5674289788
  124      H      -3.3155492543     2.1844284553    -7.9447246650
 ----------------------------------------------------------------
 Nuclear Repulsion Energy = 10701.4683011771 hartrees
 There are      253 alpha and      251 beta electrons
 Requested basis set is def2-mSVP
 There are 628 shells and 1236 basis functions

 Total QAlloc Memory Limit  14000 MB
 Mega-Array Size      1001 MB
 MEM_STATIC part      1024 MB
 Discretize the solute cavity surface with Lebedev spheres
	Using 302 Lebedev grid points for each H atom
	Using 302 Lebedev grid points for other atoms
	Atomic van der Waals radii will be scaled by 1.20
 Remove points where switching function is < 1.0e-08
 Keep 13006 surface tesserae and discard 24442 interior tesserae
 Molecular Surface Area = 987.345 Angst**2
 A cutoff of  1.0D-11 yielded  54029 shell pairs
 There are    217069 function pairs (    239478 Cartesian)
 
 -------------------------------------------------------
 OpenMP Integral Computing Module                       
 Release: version 1.0, May 2013, Q-Chem Inc. Pittsburgh 
 -------------------------------------------------------
 Integral Job Info:
 Integral job number is                      11
 Integral operator is                         1
 short-range coefficients                     0
 long-range coefficients              100000000
 Omega coefficients                           0
 if combine SR and LR in K                    0
 Integral screening is                        0
 Integral computing path is                   2
 max size of driver memory is            800000
 size of driver memory is                593474
 size of scratch memory is              1809772
 max col of scratch BK array               1296
 max len of scratch array in speh3          155
 max len of scratch index in speh4           18
 max int batch size is                      520
 min int batch size is                       52
 fixed nKL is                                52
 max L of basis functions is                  2
 order of int derivative is                   0
 number of shells is                        628
 number of basis is                        1312
 number of cartesian basis is              1312
 number of contracted shell pairs         54029
 number of primitive shell pairs         112830
 maxK2 (contraction) of shell pair           25
 max number of K2 of shell pair               1
 max number of CS2 of shell pair          12903
 max number of PS2 of shell pair          20010
 mem total for path MDJ                 1076940
 -------------------------------------------------------
 Smallest overlap matrix eigenvalue = 1.97E-04

 Scale SEOQF with 1.000000e-02/1.000000e-01/1.000000e-03

 Standard Electronic Orientation quadrupole field applied
 Nucleus-field energy     =     0.0000001019 hartrees
 Guess from superposition of atomic densities
 Warning:  Energy on first SCF cycle will be non-variational
 SAD guess density has 504.000001 electrons

 -----------------------------------------------------------------------
  General SCF calculation program by
  Eric Jon Sundstrom, Paul Horn, Yuezhi Mao, Dmitri Zuev, Alec White,
  David Stuck, Shaama M.S., Shane Yost, Joonho Lee, David Small,
  Daniel Levine, Susi Lehtola, Hugh Burton, Evgeny Epifanovsky
 -----------------------------------------------------------------------
 Exchange:     0.4200 Hartree-Fock + 0.5800 PBEh-3c
 Correlation:  1.0000 PBEh-3c
 Using SG-1 standard quadrature grid
 Dispersion:   Grimme D3
 using 8 threads for integral computing
 -------------------------------------------------------
 OpenMP Integral computing Module                
 Release: version 2.0, May 2017, Q-Chem Inc. Pleasanton 
 -------------------------------------------------------
 -------------------------------------------------------
 OpenMP BLAS3 based DFT computing Module                
 Release: version 1.0, May 2013, Q-Chem Inc. Pittsburgh 
 -------------------------------------------------------
 A unrestricted SCF calculation will be
 performed using DIIS
 SCF converges when DIIS error is below 1.0e-08
 ---------------------------------------
  Cycle       Energy         DIIS error
 ---------------------------------------
    1   -2951.6939188426      1.23e-02  
    2   -2924.8436922344      8.26e-04  
    3   -2924.7678625004      9.10e-04  
    4   -2925.3605756764      3.51e-04  
    5   -2925.4674051644      6.23e-05  
    6   -2925.4702325614      4.45e-05  
    7   -2925.4720747532      1.37e-05  
    8   -2925.4724082333      6.83e-06  
    9   -2925.4726134211      3.95e-06  
   10   -2925.4726882644      2.63e-06  
   11   -2925.4727242035      1.31e-06  
   12   -2925.4727367867      8.67e-07  
   13   -2925.4727411865      5.17e-07  
   14   -2925.4727429145      3.33e-07  
   15   -2925.4727436391      2.25e-07  
   16   -2925.4727439365      1.53e-07  
   17   -2925.4727441829      1.04e-07  
   18   -2925.4727443043      4.94e-08  
   19   -2925.4727444373      3.24e-08  
   20   -2925.4727443261      2.00e-08  
   21   -2925.4727444223      1.31e-08  
   22   -2925.4727443196      8.27e-09  Convergence criterion met
 ---------------------------------------
 SCF time:   CPU 33164.15s  wall 4616.00s 
<S^2> =          2.069765726

************** Final PCM Free Energy Summary **************
 G_electrostatic  =      -0.05591773 hartree =     -35.08890219 kcal/mol
 G_cavitation     =       0.00000000 hartree =       0.00000000 kcal/mol
 G_dispersion     =       0.00000000 hartree =       0.00000000 kcal/mol
 G_repulsion      =       0.00000000 hartree =       0.00000000 kcal/mol
 --------------------------------------------------
 Non-electrostatic Free Energy =       0.00000000 hartree =       0.00000000 kcal/mol
 Total                         =      -0.05591773 hartree =     -35.08890219 kcal/mol
 --------------------------------------------------
 SCF Energy (H0 + V/2)                       =   -2925.47274432 
 Solute Internal Energy (H0)                 =   -2925.41682659 
 Total Free Energy (H0 + V/2 + non-elec)     =   -2925.47274432 hartree
                                             = -1835761.85421293 kcal/mol
***********************************************************

 SCF   energy in the final basis set =    -2925.4727443196
 Total energy in the final basis set =    -2925.4727443196
 
 Direct TDDFT/TDA calculation will be performed
 Exchange:     0.4200 Hartree-Fock + 0.5800 PBEh-3c
 Correlation:  1.0000 PBEh-3c
 Using SG-1 standard quadrature grid
 Dispersion:   Grimme D3
 Adding PCM contribution to the XC response
 CIS energy converged when residual is below 10e- 6
 ---------------------------------------------------
 Iter    Rts Conv    Rts Left    Ttl Dev     Max Dev
 ---------------------------------------------------
   1         0           2      0.000022    0.000016
   2         0           2      0.000015    0.000008
   3         0           2      0.000049    0.000047
   4         0           2      0.000018    0.000017
   5         1           1      0.000005    0.000005
   6         1           1      0.000003    0.000002
   7         1           1      0.000003    0.000002
   8         1           1      0.000002    0.000001
   9         2           0      0.000001    0.000000    Roots Converged
 ---------------------------------------------------
 
 ---------------------------------------------------
         TDDFT/TDA Excitation Energies              
 ---------------------------------------------------

 Excited state   1: excitation energy (eV) =    0.6818
 Total energy for state  1:                 -2925.44768896 au
    <S**2>     :  2.0757
    Trans. Mom.:  0.0959 X  -0.0570 Y   0.3176 Z
    Strength   :     0.0018926598
    D(250) --> S(  1) amplitude = -0.4720 beta
    D(251) --> S(  1) amplitude =  0.8783 beta

 Excited state   2: excitation energy (eV) =    0.9537
 Total energy for state  2:                 -2925.43769752 au
    <S**2>     :  2.0697
    Trans. Mom.: -0.1791 X   0.1069 Y  -0.5137 Z
    Strength   :     0.0071807805
    D(249) --> S(  1) amplitude = -0.9744 beta
 
 ---------------------------------------------------
 Calculating Relaxed Density
 ---------------------------------------------------
 Iter    Rts Conv    Rts Left    Ttl Dev     Max Dev
 ---------------------------------------------------
   1         0           2      0.000307    0.000159
   2         0           2      0.000173    0.000090
   3         0           2      0.000115    0.000062
   4         0           2      0.000062    0.000034
   5         0           2      0.000043    0.000023
   6         0           2      0.000030    0.000016
   7         0           2      0.000014    0.000008
   8         0           2      0.000008    0.000005
   9         0           2      0.000004    0.000003
  10         0           2      0.000002    0.000001
  11         2           0      0.000000    0.000000    Roots Converged
 ---------------------------------------------------
  SETman timing summary (seconds)
  CPU time             30893.10s
  System time              0.00s
  Wall time             7763.84s



*********SPIN-ORBIT COUPLING JOB BEGINS HERE*********


=======================================================================================
    SPIN-ORBIT COUPLING BETWEEN THE SINGLET GROUND STATE AND EXCITED TRIPLET STATE
=======================================================================================

SOC between the singlet ground state and excited triplet states (ms=0):
T1(ms=0)      0.000000  +  -0.015391i    cm-1
T2(ms=0)      0.000000  +  0.019932i    cm-1
SOC between the singlet ground state and excited triplet states (ms=1):
T1(ms=1)      -0.008800  + (0.043141i)    cm-1
T2(ms=1)      0.001905  + (-0.022121i)    cm-1
SOC between the singlet ground state and excited triplet states (ms=-1):
T1(ms=-1)     -0.008800  - (0.043141i)    cm-1
T2(ms=-1)     0.001905  - (-0.022121i)    cm-1
Total SOC between the singlet ground state and excited triplet states:
T1      0.064141    cm-1
T2      0.037191    cm-1




=======================================================================================
                     SPIN-ORBIT COUPLING BETWEEN EXCITED TRIPLET STATES
=======================================================================================

SOC between the T1 (ms=0) state and excited triplet states (ms=1):
T2(ms=1)      0.000014  + (0.000096i)    cm-1
SOC between the T1 (ms=0) state and excited triplet states (ms=-1):
T2(ms=-1)     -0.000014  + (0.000096i)    cm-1
SOC between the T1 (ms=1) state and excited triplet states (ms=0):
T2(ms=0)      -0.000014  + (0.000096i)    cm-1
SOC between the T1 (ms=1) state and excited triplet states (ms=1):
T2(ms=1)      0.000000  + (-0.000031i)    cm-1
SOC between the T1 (ms=-1) state and excited triplet states (ms=0):
T2(ms=0)      0.000014  + (0.000096i)    cm-1
SOC between the T1 (ms=-1) state and excited triplet states (ms=-1):
T2(ms=-1)     0.000000  + (0.000031i)    cm-1
Total SOC between the T1 state and excited triplet states:
T2      0.000200    cm-1







=======================================================================================
         SPIN-ORBIT COUPLING BETWEEN EXCITED SINGLET STATES AND TRIPLET STATES
=======================================================================================

SOC between the S1 state and excited triplet states (ms=0):
T1(ms=0)      0.000000  +  0.335872i    cm-1
T2(ms=0)      0.000000  +  -0.034914i    cm-1
SOC between the S1 state and excited triplet states (ms=1):
T1(ms=1)      (0.448750)  + (0.227602i)    cm-1
T2(ms=1)      (-0.593953)  + (0.062009i)    cm-1
SOC between the S1 state and excited triplet states (ms=-1):
T1(ms=-1)    -(0.448750)  + (0.227602i)    cm-1
T2(ms=-1)    -(-0.593953)  + (0.062009i)    cm-1
Total SOC between the S1 state and excited triplet states:
T1      0.786873    cm-1
T2      0.845263    cm-1



SOC between the S2 state and excited triplet states (ms=0):
T1(ms=0)      0.000000  +  -0.000272i    cm-1
T2(ms=0)      0.000000  +  -0.001003i    cm-1
SOC between the S2 state and excited triplet states (ms=1):
T1(ms=1)      (0.000273)  + (-0.000680i)    cm-1
T2(ms=1)      (-0.000723)  + (0.001539i)    cm-1
SOC between the S2 state and excited triplet states (ms=-1):
T1(ms=-1)    -(0.000273)  + (-0.000680i)    cm-1
T2(ms=-1)    -(-0.000723)  + (0.001539i)    cm-1
Total SOC between the S2 state and excited triplet states:
T1      0.001072    cm-1
T2      0.002605    cm-1






            *********SOC CODE ENDS HERE*********



 
 --------------------------------------------------------------
 
                    Orbital Energies (a.u.)
 --------------------------------------------------------------
 
 Alpha MOs
 -- Occupied --
-14.783 -14.684 -10.541 -10.531 -10.531 -10.496 -10.496 -10.493
-10.493 -10.485 -10.485 -10.484 -10.484 -10.483 -10.483 -10.483
-10.482 -10.482 -10.481 -10.480 -10.479 -10.479 -10.466 -10.456
-10.456 -10.453 -10.452 -10.452 -10.452 -10.451 -10.451 -10.451
-10.450 -10.450 -10.450 -10.450 -10.449 -10.449 -10.449 -10.448
-10.448 -10.447 -10.447 -10.446 -10.446 -10.446 -10.446 -10.444
-10.444 -10.444 -10.444 -10.443 -10.443 -10.443 -10.443 -10.439
-10.439 -10.438 -10.438 -10.438 -10.437 -10.437 -10.437 -10.437
-10.436 -10.436 -10.435 -10.419 -10.418 -10.415 -10.415 -10.414
-10.412 -10.412  -6.907  -6.905  -1.177  -1.106  -1.019  -1.003
 -1.003  -0.995  -0.984  -0.968  -0.948  -0.947  -0.944  -0.939
 -0.930  -0.922  -0.922  -0.905  -0.895  -0.890  -0.888  -0.884
 -0.882  -0.867  -0.851  -0.851  -0.848  -0.843  -0.840  -0.840
 -0.836  -0.836  -0.809  -0.807  -0.804  -0.799  -0.799  -0.796
 -0.790  -0.788  -0.772  -0.761  -0.760  -0.736  -0.734  -0.727
 -0.721  -0.716  -0.715  -0.707  -0.694  -0.690  -0.684  -0.683
 -0.677  -0.671  -0.667  -0.664  -0.651  -0.650  -0.639  -0.638
 -0.632  -0.632  -0.630  -0.628  -0.614  -0.592  -0.591  -0.588
 -0.584  -0.583  -0.580  -0.577  -0.571  -0.568  -0.567  -0.562
 -0.562  -0.561  -0.553  -0.549  -0.547  -0.537  -0.536  -0.530
 -0.530  -0.529  -0.519  -0.516  -0.515  -0.514  -0.513  -0.507
 -0.501  -0.496  -0.495  -0.494  -0.493  -0.491  -0.489  -0.488
 -0.484  -0.482  -0.478  -0.478  -0.476  -0.476  -0.475  -0.475
 -0.474  -0.472  -0.468  -0.463  -0.462  -0.460  -0.460  -0.458
 -0.458  -0.457  -0.455  -0.454  -0.453  -0.447  -0.442  -0.441
 -0.434  -0.430  -0.430  -0.429  -0.428  -0.425  -0.420  -0.419
 -0.417  -0.416  -0.414  -0.413  -0.412  -0.409  -0.402  -0.395
 -0.391  -0.388  -0.388  -0.387  -0.387  -0.385  -0.383  -0.380
 -0.377  -0.371  -0.370  -0.362  -0.361  -0.356  -0.340  -0.339
 -0.338  -0.328  -0.325  -0.316  -0.314  -0.312  -0.306  -0.298
 -0.294  -0.290  -0.288  -0.284  -0.275  -0.274  -0.270  -0.257
 -0.252  -0.246  -0.244  -0.237  -0.154
 -- Virtual --
 -0.058  -0.049  -0.035  -0.031  -0.027  -0.017  -0.011  -0.004
  0.004   0.013   0.014   0.016   0.025   0.026   0.027   0.030
  0.049   0.054   0.069   0.076   0.093   0.095   0.098   0.119
  0.128   0.128   0.132   0.137   0.139   0.146   0.155   0.157
  0.158   0.160   0.160   0.161   0.164   0.169   0.173   0.173
  0.177   0.178   0.179   0.184   0.184   0.188   0.190   0.193
  0.194   0.196   0.196   0.199   0.202   0.204   0.207   0.209
  0.210   0.211   0.212   0.214   0.215   0.218   0.219   0.220
  0.222   0.226   0.227   0.229   0.233   0.234   0.235   0.236
  0.239   0.240   0.242   0.243   0.244   0.249   0.250   0.251
  0.253   0.254   0.258   0.258   0.259   0.261   0.262   0.263
  0.265   0.268   0.271   0.274   0.278   0.278   0.279   0.282
  0.287   0.288   0.290   0.292   0.293   0.296   0.298   0.300
  0.301   0.307   0.308   0.312   0.319   0.320   0.322   0.323
  0.324   0.328   0.331   0.332   0.334   0.336   0.339   0.343
  0.344   0.344   0.356   0.360   0.363   0.367   0.370   0.372
  0.377   0.378   0.384   0.388   0.392   0.395   0.397   0.401
  0.407   0.412   0.415   0.417   0.424   0.425   0.428   0.430
  0.436   0.437   0.439   0.443   0.454   0.459   0.459   0.459
  0.462   0.468   0.470   0.471   0.480   0.487   0.489   0.492
  0.494   0.495   0.496   0.497   0.500   0.501   0.504   0.506
  0.507   0.511   0.514   0.521   0.523   0.524   0.525   0.528
  0.530   0.533   0.534   0.536   0.536   0.538   0.539   0.541
  0.542   0.542   0.545   0.546   0.547   0.549   0.553   0.555
  0.560   0.560   0.561   0.563   0.564   0.566   0.568   0.570
  0.570   0.572   0.575   0.577   0.578   0.578   0.581   0.583
  0.586   0.588   0.590   0.592   0.593   0.594   0.594   0.597
  0.598   0.599   0.600   0.601   0.602   0.603   0.604   0.606
  0.607   0.608   0.609   0.611   0.612   0.612   0.613   0.614
  0.618   0.619   0.621   0.622   0.624   0.626   0.628   0.629
  0.631   0.633   0.636   0.636   0.639   0.640   0.641   0.642
  0.643   0.644   0.646   0.647   0.650   0.655   0.657   0.660
  0.662   0.664   0.665   0.667   0.669   0.671   0.673   0.674
  0.679   0.680   0.683   0.685   0.687   0.688   0.689   0.693
  0.696   0.697   0.701   0.704   0.708   0.709   0.712   0.713
  0.715   0.718   0.720   0.722   0.729   0.729   0.733   0.737
  0.738   0.741   0.743   0.748   0.749   0.752   0.753   0.755
  0.757   0.757   0.760   0.765   0.767   0.770   0.771   0.776
  0.778   0.781   0.782   0.786   0.787   0.794   0.795   0.797
  0.805   0.807   0.810   0.815   0.818   0.825   0.829   0.835
  0.840   0.842   0.850   0.856   0.860   0.864   0.871   0.875
  0.877   0.883   0.885   0.891   0.898   0.900   0.901   0.904
  0.910   0.915   0.916   0.923   0.925   0.928   0.930   0.935
  0.937   0.938   0.941   0.942   0.947   0.949   0.956   0.958
  0.960   0.962   0.964   0.965   0.966   0.970   0.976   0.976
  0.978   0.981   0.982   0.983   0.985   0.991   0.994   0.996
  0.997   0.999   1.001   1.004   1.006   1.008   1.009   1.011
  1.012   1.014   1.015   1.016   1.018   1.021   1.022   1.028
  1.029   1.033   1.036   1.037   1.042   1.043   1.046   1.047
  1.049   1.050   1.051   1.053   1.055   1.058   1.062   1.065
  1.066   1.071   1.074   1.075   1.079   1.082   1.084   1.085
  1.086   1.088   1.090   1.092   1.093   1.099   1.101   1.107
  1.111   1.113   1.117   1.119   1.123   1.126   1.128   1.130
  1.135   1.136   1.136   1.140   1.142   1.146   1.148   1.151
  1.152   1.154   1.157   1.165   1.168   1.172   1.177   1.180
  1.183   1.191   1.194   1.197   1.201   1.202   1.205   1.207
  1.213   1.215   1.223   1.225   1.228   1.234   1.244   1.256
  1.256   1.261   1.262   1.263   1.268   1.271   1.274   1.279
  1.280   1.282   1.286   1.288   1.293   1.295   1.301   1.302
  1.304   1.309   1.309   1.312   1.314   1.317   1.325   1.326
  1.329   1.332   1.334   1.340   1.344   1.349   1.352   1.357
  1.361   1.362   1.367   1.370   1.373   1.380   1.381   1.385
  1.386   1.388   1.390   1.392   1.393   1.399   1.402   1.403
  1.413   1.416   1.419   1.422   1.426   1.437   1.440   1.443
  1.450   1.450   1.455   1.458   1.461   1.468   1.470   1.472
  1.478   1.483   1.484   1.490   1.492   1.499   1.503   1.505
  1.509   1.510   1.512   1.517   1.521   1.522   1.522   1.526
  1.527   1.528   1.529   1.532   1.533   1.535   1.539   1.541
  1.542   1.545   1.547   1.550   1.552   1.555   1.559   1.560
  1.561   1.563   1.564   1.565   1.569   1.571   1.577   1.578
  1.581   1.588   1.591   1.593   1.597   1.601   1.606   1.614
  1.617   1.622   1.634   1.642   1.648   1.651   1.661   1.671
  1.673   1.679   1.693   1.714   1.715   1.723   1.729   1.757
  1.758   1.762   1.765   1.773   1.776   1.784   1.791   1.800
  1.806   1.813   1.816   1.816   1.819   1.820   1.825   1.825
  1.827   1.828   1.829   1.833   1.837   1.840   1.845   1.854
  1.858   1.861   1.862   1.876   1.887   1.887   1.898   1.906
  1.907   1.910   1.912   1.916   1.918   1.925   1.927   1.929
  1.930   1.934   1.936   1.939   1.940   1.944   1.945   1.947
  1.949   1.952   1.961   1.966   1.969   1.976   1.978   1.988
  1.991   1.993   1.993   1.993   1.995   2.005   2.006   2.007
  2.021   2.036   2.039   2.039   2.045   2.046   2.055   2.058
  2.060   2.062   2.067   2.071   2.074   2.076   2.081   2.081
  2.084   2.095   2.098   2.103   2.105   2.106   2.116   2.119
  2.120   2.123   2.124   2.128   2.140   2.149   2.150   2.151
  2.156   2.159   2.161   2.164   2.168   2.172   2.177   2.183
  2.187   2.190   2.191   2.199   2.202   2.204   2.210   2.211
  2.212   2.214   2.219   2.225   2.231   2.234   2.238   2.241
  2.241   2.242   2.243   2.248   2.252   2.257   2.260   2.266
  2.269   2.272   2.275   2.278   2.281   2.284   2.287   2.289
  2.289   2.292   2.293   2.297   2.299   2.303   2.307   2.310
  2.312   2.316   2.322   2.326   2.331   2.331   2.335   2.336
  2.336   2.339   2.348   2.351   2.355   2.358   2.361   2.363
  2.370   2.371   2.379   2.380   2.384   2.387   2.390   2.392
  2.394   2.397   2.402   2.406   2.411   2.418   2.420   2.421
  2.425   2.427   2.432   2.433   2.441   2.442   2.446   2.447
  2.451   2.461   2.466   2.469   2.469   2.475   2.483   2.488
  2.493   2.507   2.508   2.511   2.512   2.515   2.534   2.542
  2.543   2.559   2.564   2.578   2.587   2.597   2.603   2.604
  2.611   2.621   2.636   2.640   2.642   2.653   2.655   2.656
  2.664   2.668   2.670   2.675   2.678   2.685   2.691   2.693
  2.695   2.698   2.707   2.717   2.720   2.721   2.722   2.729
  2.730   2.734   2.736   2.739   2.740   2.744   2.744   2.752
  2.754   2.757   2.761   2.772   2.785   2.792   2.794   2.794
  2.796   2.798   2.799   2.800   2.801   2.802   2.815   2.819
  2.820   2.822   2.832   2.834   2.845   2.849   2.858   2.860
  2.869   2.870   2.873   2.875   2.882   2.883   2.893   2.894
  2.896   2.899   2.903   2.914   2.916   2.920   2.937   2.943
  2.949   2.956   2.958   2.966   2.977   2.989   2.998   3.003
  3.013   3.014   3.016   3.025   3.036   3.066   3.079   3.091
  3.092   3.095   3.151   3.156   3.249   3.253   3.257   3.268
  3.271   3.281   3.337   3.405   3.411   3.415   3.435   3.451
  3.456   3.475   3.500   3.500   3.506   3.527   3.572   3.578
  3.610   3.677   3.688   9.632   9.768  13.154  13.180  13.188
 13.222  13.386  13.411  13.436  13.502  13.513  13.521  13.535
 13.561  13.636  13.652  13.675  13.685  13.701  13.727  13.749
 13.765  13.801  13.803  13.813  13.814  13.847  13.873  13.888
 13.895  13.911  13.916  13.927  13.946  13.954  14.000  14.016
 14.038  14.045  14.051  14.077  14.110  14.143  14.165  14.168
 14.169  14.172  14.185  14.193  14.197  14.213  14.216  14.224
 14.252  14.267  14.274  14.287  14.321  14.323  14.325  14.342
 14.357  14.521  14.525  14.525  14.541  14.565  14.575  14.577
 14.581  14.588  14.590  14.607  14.611  19.469  19.592
 
 Beta MOs
 -- Occupied --
-14.774 -14.684 -10.540 -10.533 -10.532 -10.495 -10.495 -10.491
-10.490 -10.486 -10.485 -10.484 -10.484 -10.483 -10.482 -10.481
-10.481 -10.480 -10.480 -10.480 -10.480 -10.480 -10.462 -10.457
-10.456 -10.453 -10.452 -10.452 -10.452 -10.452 -10.451 -10.451
-10.450 -10.450 -10.449 -10.449 -10.449 -10.449 -10.449 -10.448
-10.448 -10.447 -10.447 -10.446 -10.446 -10.446 -10.446 -10.444
-10.444 -10.443 -10.443 -10.443 -10.443 -10.442 -10.442 -10.439
-10.439 -10.439 -10.438 -10.438 -10.437 -10.437 -10.437 -10.437
-10.436 -10.436 -10.435 -10.419 -10.418 -10.415 -10.414 -10.414
-10.411 -10.411  -6.904  -6.903  -1.164  -1.106  -1.015  -1.003
 -1.003  -0.993  -0.979  -0.968  -0.948  -0.945  -0.943  -0.939
 -0.926  -0.922  -0.922  -0.904  -0.893  -0.887  -0.885  -0.884
 -0.882  -0.867  -0.851  -0.849  -0.843  -0.842  -0.839  -0.837
 -0.835  -0.835  -0.807  -0.806  -0.803  -0.798  -0.798  -0.792
 -0.787  -0.786  -0.767  -0.761  -0.759  -0.735  -0.730  -0.727
 -0.719  -0.714  -0.714  -0.706  -0.693  -0.690  -0.684  -0.681
 -0.676  -0.668  -0.666  -0.660  -0.650  -0.649  -0.639  -0.638
 -0.632  -0.631  -0.627  -0.626  -0.611  -0.589  -0.587  -0.584
 -0.581  -0.580  -0.578  -0.576  -0.570  -0.567  -0.566  -0.561
 -0.561  -0.556  -0.551  -0.546  -0.542  -0.536  -0.536  -0.529
 -0.529  -0.524  -0.519  -0.516  -0.515  -0.514  -0.513  -0.504
 -0.498  -0.495  -0.494  -0.493  -0.491  -0.490  -0.488  -0.488
 -0.484  -0.482  -0.478  -0.477  -0.476  -0.475  -0.474  -0.474
 -0.473  -0.471  -0.467  -0.462  -0.461  -0.458  -0.457  -0.457
 -0.456  -0.455  -0.452  -0.449  -0.448  -0.446  -0.440  -0.438
 -0.432  -0.429  -0.429  -0.428  -0.426  -0.423  -0.420  -0.418
 -0.414  -0.413  -0.412  -0.410  -0.409  -0.401  -0.395  -0.393
 -0.391  -0.387  -0.386  -0.385  -0.385  -0.385  -0.383  -0.379
 -0.375  -0.370  -0.362  -0.360  -0.353  -0.351  -0.337  -0.330
 -0.328  -0.327  -0.324  -0.310  -0.306  -0.302  -0.298  -0.297
 -0.293  -0.286  -0.286  -0.274  -0.269  -0.264  -0.252  -0.249
 -0.244  -0.237  -0.237
 -- Virtual --
 -0.179  -0.070  -0.046  -0.044  -0.022  -0.018  -0.013  -0.011
 -0.010   0.003   0.007   0.015   0.017   0.026   0.027   0.031
  0.033   0.034   0.054   0.061   0.069   0.085   0.094   0.105
  0.106   0.122   0.129   0.132   0.136   0.139   0.143   0.148
  0.156   0.158   0.159   0.160   0.160   0.165   0.167   0.170
  0.174   0.178   0.178   0.179   0.181   0.184   0.185   0.190
  0.191   0.194   0.196   0.197   0.199   0.201   0.202   0.205
  0.207   0.210   0.211   0.212   0.213   0.215   0.215   0.218
  0.220   0.221   0.223   0.227   0.229   0.230   0.235   0.235
  0.237   0.238   0.240   0.242   0.244   0.244   0.248   0.250
  0.252   0.253   0.254   0.256   0.259   0.259   0.261   0.261
  0.264   0.264   0.266   0.268   0.272   0.277   0.279   0.279
  0.280   0.283   0.287   0.290   0.290   0.292   0.294   0.296
  0.299   0.300   0.303   0.308   0.312   0.313   0.319   0.320
  0.322   0.324   0.325   0.330   0.333   0.334   0.334   0.338
  0.340   0.344   0.346   0.348   0.357   0.363   0.364   0.367
  0.371   0.374   0.377   0.382   0.385   0.390   0.394   0.398
  0.399   0.402   0.409   0.412   0.417   0.419   0.425   0.427
  0.429   0.431   0.438   0.439   0.442   0.445   0.455   0.459
  0.461   0.462   0.465   0.470   0.471   0.473   0.482   0.487
  0.489   0.495   0.496   0.497   0.498   0.500   0.501   0.503
  0.506   0.508   0.510   0.512   0.515   0.523   0.524   0.525
  0.526   0.530   0.533   0.534   0.536   0.537   0.538   0.540
  0.542   0.542   0.543   0.544   0.547   0.547   0.549   0.551
  0.554   0.557   0.560   0.562   0.563   0.564   0.565   0.568
  0.569   0.571   0.571   0.573   0.576   0.578   0.579   0.580
  0.582   0.585   0.588   0.589   0.592   0.593   0.595   0.595
  0.596   0.598   0.599   0.600   0.601   0.603   0.604   0.605
  0.606   0.607   0.608   0.610   0.611   0.613   0.613   0.614
  0.614   0.616   0.618   0.620   0.622   0.623   0.625   0.626
  0.629   0.630   0.632   0.635   0.637   0.638   0.640   0.640
  0.642   0.643   0.644   0.645   0.648   0.649   0.651   0.656
  0.659   0.661   0.663   0.665   0.666   0.669   0.670   0.672
  0.674   0.675   0.680   0.680   0.685   0.686   0.688   0.691
  0.691   0.694   0.697   0.699   0.702   0.705   0.709   0.709
  0.713   0.714   0.716   0.718   0.720   0.723   0.730   0.731
  0.733   0.738   0.740   0.743   0.745   0.749   0.750   0.753
  0.754   0.756   0.758   0.759   0.762   0.767   0.768   0.771
  0.772   0.778   0.779   0.782   0.784   0.787   0.788   0.794
  0.796   0.798   0.806   0.808   0.812   0.816   0.820   0.826
  0.830   0.838   0.842   0.844   0.853   0.858   0.860   0.866
  0.873   0.876   0.878   0.884   0.888   0.892   0.898   0.902
  0.903   0.907   0.911   0.916   0.917   0.924   0.927   0.929
  0.932   0.936   0.938   0.939   0.943   0.944   0.948   0.950
  0.956   0.960   0.961   0.962   0.964   0.967   0.968   0.971
  0.976   0.977   0.978   0.982   0.984   0.985   0.986   0.991
  0.995   0.996   0.998   0.999   1.001   1.005   1.007   1.008
  1.010   1.012   1.013   1.014   1.016   1.017   1.019   1.022
  1.024   1.029   1.031   1.034   1.037   1.038   1.043   1.043
  1.046   1.048   1.050   1.051   1.052   1.053   1.056   1.059
  1.063   1.065   1.066   1.071   1.075   1.076   1.079   1.082
  1.084   1.086   1.087   1.088   1.090   1.093   1.094   1.101
  1.102   1.107   1.112   1.114   1.118   1.120   1.123   1.126
  1.129   1.130   1.135   1.136   1.137   1.141   1.143   1.147
  1.149   1.151   1.153   1.155   1.157   1.165   1.169   1.173
  1.177   1.181   1.185   1.192   1.194   1.198   1.202   1.205
  1.207   1.209   1.214   1.217   1.224   1.227   1.229   1.236
  1.246   1.256   1.258   1.262   1.263   1.265   1.269   1.273
  1.275   1.280   1.282   1.283   1.288   1.290   1.294   1.296
  1.303   1.304   1.305   1.310   1.310   1.314   1.315   1.318
  1.325   1.327   1.330   1.335   1.336   1.341   1.347   1.351
  1.354   1.359   1.362   1.364   1.372   1.373   1.376   1.381
  1.382   1.387   1.388   1.389   1.392   1.394   1.395   1.400
  1.403   1.404   1.414   1.416   1.420   1.424   1.427   1.438
  1.441   1.446   1.451   1.451   1.456   1.459   1.464   1.469
  1.472   1.475   1.480   1.485   1.487   1.493   1.494   1.501
  1.505   1.506   1.510   1.511   1.516   1.518   1.522   1.522
  1.525   1.528   1.528   1.529   1.532   1.533   1.534   1.537
  1.540   1.542   1.543   1.545   1.548   1.551   1.552   1.556
  1.560   1.561   1.562   1.564   1.565   1.566   1.570   1.573
  1.578   1.579   1.582   1.589   1.592   1.594   1.598   1.602
  1.607   1.615   1.619   1.623   1.636   1.645   1.650   1.653
  1.663   1.674   1.678   1.681   1.698   1.715   1.721   1.727
  1.730   1.759   1.760   1.763   1.770   1.773   1.778   1.786
  1.793   1.801   1.807   1.815   1.817   1.818   1.820   1.821
  1.826   1.826   1.828   1.828   1.831   1.835   1.839   1.841
  1.845   1.855   1.859   1.862   1.863   1.880   1.888   1.889
  1.901   1.908   1.909   1.912   1.914   1.917   1.920   1.926
  1.929   1.931   1.932   1.936   1.937   1.939   1.942   1.946
  1.948   1.949   1.952   1.955   1.964   1.967   1.971   1.976
  1.981   1.989   1.992   1.994   1.994   1.995   1.998   2.006
  2.008   2.012   2.023   2.037   2.041   2.042   2.046   2.049
  2.056   2.059   2.062   2.063   2.068   2.072   2.075   2.077
  2.081   2.082   2.084   2.095   2.099   2.105   2.106   2.107
  2.118   2.120   2.121   2.123   2.126   2.129   2.140   2.151
  2.152   2.153   2.156   2.161   2.162   2.165   2.168   2.174
  2.177   2.184   2.188   2.192   2.193   2.200   2.203   2.205
  2.211   2.211   2.214   2.215   2.221   2.228   2.231   2.235
  2.239   2.242   2.243   2.244   2.247   2.251   2.253   2.258
  2.261   2.268   2.270   2.273   2.276   2.278   2.283   2.287
  2.290   2.290   2.291   2.294   2.296   2.299   2.302   2.305
  2.308   2.312   2.314   2.319   2.322   2.328   2.332   2.332
  2.336   2.338   2.339   2.339   2.349   2.352   2.357   2.360
  2.362   2.364   2.370   2.373   2.380   2.381   2.385   2.390
  2.392   2.394   2.397   2.398   2.403   2.407   2.412   2.420
  2.422   2.423   2.427   2.428   2.433   2.436   2.443   2.444
  2.447   2.449   2.453   2.463   2.467   2.469   2.473   2.477
  2.485   2.492   2.495   2.508   2.510   2.512   2.513   2.516
  2.538   2.543   2.545   2.560   2.567   2.579   2.591   2.601
  2.604   2.607   2.612   2.623   2.638   2.642   2.643   2.653
  2.655   2.656   2.664   2.669   2.671   2.676   2.680   2.685
  2.692   2.696   2.697   2.700   2.707   2.717   2.721   2.722
  2.725   2.729   2.733   2.735   2.737   2.739   2.741   2.745
  2.745   2.753   2.756   2.758   2.761   2.772   2.786   2.793
  2.794   2.795   2.796   2.798   2.800   2.800   2.802   2.802
  2.817   2.819   2.820   2.823   2.832   2.836   2.845   2.849
  2.859   2.862   2.870   2.871   2.873   2.875   2.883   2.884
  2.895   2.896   2.897   2.901   2.905   2.914   2.917   2.922
  2.937   2.943   2.949   2.957   2.959   2.966   2.978   2.989
  2.999   3.003   3.013   3.014   3.016   3.026   3.038   3.068
  3.083   3.091   3.093   3.097   3.151   3.158   3.251   3.255
  3.257   3.268   3.271   3.282   3.337   3.406   3.412   3.416
  3.435   3.451   3.456   3.476   3.500   3.500   3.507   3.528
  3.572   3.579   3.610   3.677   3.688   9.636   9.772  13.155
 13.181  13.188  13.222  13.387  13.412  13.436  13.502  13.513
 13.521  13.535  13.561  13.636  13.653  13.675  13.685  13.701
 13.728  13.749  13.767  13.801  13.803  13.813  13.814  13.848
 13.874  13.888  13.895  13.910  13.916  13.927  13.946  13.954
 14.001  14.017  14.039  14.046  14.052  14.077  14.110  14.143
 14.166  14.168  14.170  14.172  14.186  14.194  14.199  14.213
 14.216  14.224  14.252  14.268  14.274  14.287  14.321  14.323
 14.325  14.343  14.358  14.521  14.526  14.526  14.542  14.565
 14.575  14.578  14.581  14.588  14.590  14.607  14.611  19.481
 19.592
 --------------------------------------------------------------
 
          Ground-State Mulliken Net Atomic Charges

     Atom                 Charge (a.u.)    Spin (a.u.)
  --------------------------------------------------------
      1 N                    -0.723348      -0.000027
      2 C                     0.347615       0.000006
      3 C                     0.332619       0.000017
      4 C                    -0.303391       0.000005
      5 H                     0.255626      -0.000000
      6 C                    -0.264951      -0.000003
      7 H                     0.243152       0.000000
      8 C                    -0.301941       0.000059
      9 H                     0.264617      -0.000026
     10 C                    -0.266874       0.000004
     11 H                     0.245331       0.000045
     12 C                    -0.259340       0.000003
     13 H                     0.238894      -0.000000
     14 C                    -0.363409      -0.000002
     15 H                     0.235693       0.000000
     16 C                     0.065591       0.000001
     17 C                    -0.256900      -0.000000
     18 H                     0.238842      -0.000000
     19 C                    -0.367163       0.000003
     20 H                     0.235275       0.000000
     21 C                     0.085848      -0.000002
     22 C                     0.263671       0.000546
     23 C                    -0.331187      -0.000499
     24 H                     0.243344       0.000352
     25 C                    -0.344548      -0.000384
     26 H                     0.244089       0.000281
     27 C                     0.022135       0.003160
     28 C                     0.029489       0.003629
     29 C                    -0.178645      -0.024763
     30 C                    -0.754845       0.000476
     31 H                     0.242622       0.001369
     32 H                     0.244039      -0.000641
     33 H                     0.247502      -0.000653
     34 C                    -0.762664       0.000312
     35 H                     0.245013       0.001667
     36 H                     0.246927      -0.000824
     37 H                     0.247851      -0.000860
     38 B                     0.545515       0.283280
     39 C                    -0.146057       0.056793
     40 C                    -0.417830      -0.052325
     41 H                     0.223550       0.002029
     42 C                     0.076513       0.088204
     43 C                     0.055925       0.046395
     44 C                    -0.407006      -0.018014
     45 H                     0.215237      -0.000725
     46 C                    -0.135119       0.024838
     47 C                     0.176247      -0.047287
     48 C                    -0.403211       0.073330
     49 H                     0.234237      -0.004294
     50 C                    -0.078200       0.023905
     51 C                     0.223414      -0.038756
     52 C                     0.175905      -0.057069
     53 C                    -0.409197       0.085047
     54 H                     0.240823      -0.004961
     55 C                    -0.231159      -0.047950
     56 H                     0.244339       0.002345
     57 C                    -0.359118       0.068243
     58 H                     0.242117      -0.003970
     59 C                    -0.228089      -0.053393
     60 H                     0.246340       0.002575
     61 C                    -0.362940       0.077491
     62 H                     0.242308      -0.004534
     63 B                     0.539850       0.336074
     64 C                    -0.141944       0.018555
     65 C                    -0.407936      -0.010118
     66 H                     0.213440      -0.001296
     67 C                     0.062065       0.036252
     68 C                     0.072158       0.089226
     69 C                    -0.403564      -0.054174
     70 H                     0.235043       0.002168
     71 C                    -0.139311       0.062137
     72 C                     0.183547      -0.055454
     73 C                    -0.414438       0.082212
     74 H                     0.246825      -0.004902
     75 C                    -0.080305       0.022557
     76 C                     0.220783      -0.036395
     77 C                     0.177439      -0.042586
     78 C                    -0.405723       0.066360
     79 H                     0.232525      -0.003883
     80 C                    -0.230153      -0.043880
     81 H                     0.244023       0.002153
     82 C                    -0.358368       0.061490
     83 H                     0.242775      -0.003564
     84 C                    -0.230527      -0.051054
     85 H                     0.248196       0.002455
     86 C                    -0.361205       0.074590
     87 H                     0.242660      -0.004363
     88 C                    -0.137890       0.270190
     89 C                     0.051130      -0.075420
     90 C                    -0.369536       0.103652
     91 H                     0.297409      -0.005464
     92 C                     0.368218       0.041419
     93 N                    -0.678027       0.326597
     94 C                     0.328738      -0.098748
     95 C                    -0.259968       0.157729
     96 H                     0.302421      -0.008448
     97 C                    -0.251636      -0.091504
     98 H                     0.274503       0.004121
     99 C                    -0.225362       0.151296
    100 H                     0.273712      -0.008313
    101 C                    -0.351027      -0.045930
    102 H                     0.264286       0.002352
    103 C                     0.111718       0.081302
    104 C                     0.337218      -0.098751
    105 C                    -0.260516       0.155385
    106 H                     0.300463      -0.008210
    107 C                    -0.252856      -0.090840
    108 H                     0.274345       0.004086
    109 C                    -0.225966       0.149944
    110 H                     0.273426      -0.008246
    111 C                    -0.349096      -0.046073
    112 H                     0.264632       0.002361
    113 C                     0.099496       0.080654
    114 C                    -0.373312       0.102660
    115 H                     0.293420      -0.005605
    116 C                     0.030921      -0.077853
    117 C                    -0.755548       0.007249
    118 H                     0.250857       0.001097
    119 H                     0.264000      -0.003230
    120 H                     0.265594      -0.001512
    121 C                    -0.761062       0.006933
    122 H                     0.252525       0.001300
    123 H                     0.266050      -0.001620
    124 H                     0.267743      -0.003569
  --------------------------------------------------------
  Sum of atomic charges =    -0.000000
  Sum of spin   charges =     2.000000

 -----------------------------------------------------------------
                    Cartesian Multipole Moments
 -----------------------------------------------------------------
    Charge (ESU x 10^10)
                -0.0000
    Dipole Moment (Debye)
         X      -8.1320      Y       3.4589      Z     -29.0663
       Tot      30.3800
    Quadrupole Moments (Debye-Ang)
        XX    -363.5019     XY     -32.9936     YY    -421.1333
        XZ     193.6324     YZ     -39.7565     ZZ     119.1719
    Octopole Moments (Debye-Ang^2)
       XXX    3958.8188    XXY     269.7065    XYY    1305.0851
       YYY      64.4405    XXZ    1414.7906    XYZ     421.3905
       YYZ    2353.9361    XZZ   -1835.6396    YZZ     466.5752
       ZZZ    -785.5481
    Hexadecapole Moments (Debye-Ang^3)
      XXXX  -67861.8250   XXXY    1368.6221   XXYY  -12507.0578
      XYYY    4482.2817   YYYY   -6299.3084   XXXZ  -27876.5065
      XXYZ   -3169.3351   XYYZ   -9599.8715   YYYZ    -406.2014
      XXZZ  -19340.8322   XYZZ   -4389.8127   YYZZ  -24494.8429
      XZZZ   15137.9389   YZZZ   -5408.0220   ZZZZ  -29237.5040
 -----------------------------------------------------------------
 -----------------------------------------------------------------
               TDA Excited-State Multipoles, State  1
 -----------------------------------------------------------------
    Charge (ESU x 10^10)
                -0.0000
    Dipole Moment (Debye)
         X      -1.1509      Y      -1.0570      Z       1.8430
       Tot       2.4163
    Quadrupole Moments (Debye-Ang)
        XX    -349.4776     XY     -25.4392     YY    -430.4483
        XZ     -43.2673     YZ      17.2537     ZZ    -466.3366
    Octopole Moments (Debye-Ang^2)
       XXX    3512.1762    XXY     210.0214    XYY    1412.7877
       YYY       3.6499    XXZ    2579.1730    XYZ     157.6035
       YYZ    2573.3481    XZZ    2046.9697    YZZ    -236.9675
       ZZZ    8588.6381
    Hexadecapole Moments (Debye-Ang^3)
      XXXX  -60008.4795   XXXY    1162.2191   XXYY  -13031.0428
      XYYY    4761.0999   YYYY   -6492.1395   XXXZ  -34127.3562
      XXYZ    -893.0886   XYYZ  -11414.5193   YYYZ     395.9318
      XXZZ  -41228.7876   XYZZ     -29.6868   YYZZ  -28079.8386
      XZZZ  -43019.1161   YZZZ    3593.7969   ZZZZ -173093.6364
 -----------------------------------------------------------------
 -----------------------------------------------------------------
               TDA Excited-State Multipoles, State  2
 -----------------------------------------------------------------
    Charge (ESU x 10^10)
                -0.0000
    Dipole Moment (Debye)
         X       1.3278      Y      -1.7665      Z       0.5082
       Tot       2.2675
    Quadrupole Moments (Debye-Ang)
        XX    -341.0958     XY     -31.9914     YY    -428.1305
        XZ     -59.7724     YZ      23.8922     ZZ    -440.2278
    Octopole Moments (Debye-Ang^2)
       XXX    3388.7147    XXY     236.9331    XYY    1418.7436
       YYY      -2.5922    XXZ    2534.2902    XYZ     200.3559
       YYZ    2551.5170    XZZ    2129.5729    YZZ    -295.4159
       ZZZ    8215.8796
    Hexadecapole Moments (Debye-Ang^3)
      XXXX  -57858.8951   XXXY     722.5710   XXYY  -12946.3983
      XYYY    4711.9177   YYYY   -6466.9906   XXXZ  -33640.5096
      XXYZ   -1014.8796   XYYZ  -11457.2273   YYYZ     446.0227
      XXZZ  -40668.9004   XYZZ    -389.1559   YYZZ  -27851.9515
      XZZZ  -43159.9195   YZZZ    4112.3598   ZZZZ -168096.0886
 -----------------------------------------------------------------
Archival summary:
1\1\ctcp011\SP\ProcedureUnspecified\BasisUnspecified\272248(3)\mewes1\FriOct2620:23:572018FriOct2620:23:572018\0\\#,ProcedureUnspecified,BasisUnspecified,\\0,3\N\C,1,1.37494\C,1,1.37671,2,108.82\C,2,1.38896,1,129.153,3,179.588,0\H,4,1.08247,2,121.273,1,0.697047,0\C,4,1.38385,2,117.335,1,-179.21,0\H,6,1.08235,4,119.113,2,-179.997,0\C,3,1.3928,1,128.905,2,179.164,0\H,8,1.08269,3,121.592,1,0.74424,0\C,8,1.38342,3,117.553,1,-179.762,0\H,10,1.08306,8,119.051,3,-179.828,0\C,6,1.39977,4,121.56,2,0.134316,0\H,12,1.08194,6,119.457,4,179.899,0\C,12,1.38355,6,120.688,4,-0.007775,0\H,14,1.08321,12,120.594,6,179.766,0\C,14,1.39097,12,118.915,6,-0.089425,0\C,10,1.39979,8,121.437,3,-0.013435,0\H,17,1.0821,10,119.508,8,-179.785,0\C,17,1.38342,10,120.618,8,0.193009,0\H,19,1.0831,17,120.384,10,179.846,0\C,19,1.39318,17,119.045,10,-0.070241,0\C,1,1.41489,2,128.621,3,178.89,0\C,22,1.38587,1,120.427,2,-76.4013,0\H,23,1.08441,22,119.628,1,7.56097,0\C,22,1.386,1,118.854,2,111.011,0\H,25,1.08425,22,119.352,1,-8.18154,0\C,25,1.38935,22,120.199,1,167.561,0\C,23,1.39191,22,119.898,1,-168.221,0\C,28,1.40043,23,120.148,22,0.783735,0\C,28,1.50287,23,119.983,22,175.38,0\H,30,1.0899,28,111.854,23,9.58912,0\H,30,1.09108,28,111.468,23,130.615,0\H,30,1.09271,28,110.89,23,-110.612,0\C,27,1.50345,25,119.572,22,-174.614,0\H,34,1.09005,27,111.57,25,-10.7173,0\H,34,1.09065,27,111.726,25,-131.802,0\H,34,1.09289,27,110.937,25,109.188,0\B,29,1.58123,28,121.679,23,161.314,0\C,38,1.53274,29,125.077,28,100.964,0\C,39,1.41156,38,121.395,29,-8.80424,0\H,40,1.08589,39,118.947,38,-0.600024,0\C,40,1.3772,39,120.796,38,179.289,0\C,42,1.42773,40,119.616,39,-0.635913,0\C,43,1.37048,42,120.596,40,-0.112172,0\H,44,1.08644,43,119.653,42,-179.308,0\C,44,1.40902,43,120.595,42,0.674641,0\C,43,1.45679,42,108.462,40,-179.588,0\C,47,1.37288,43,134.859,42,179.834,0\H,48,1.08356,47,121.878,43,0.205542,0\C,47,1.40864,43,106.24,42,-0.004802,0\C,50,1.39174,47,123.88,43,179.881,0\C,50,1.41243,47,111.36,43,0.043569,0\C,52,1.37263,50,118.013,47,179.804,0\H,53,1.08294,52,121.859,50,-179.991,0\C,48,1.41338,47,118.369,43,-179.875,0\H,55,1.08286,48,118.559,47,-179.954,0\C,55,1.37721,48,122.452,47,0.022321,0\H,57,1.08323,55,119.821,48,-179.989,0\C,53,1.41519,52,118.515,50,0.036188,0\H,59,1.08257,53,118.289,52,179.994,0\C,59,1.37689,53,122.889,52,0.012531,0\H,61,1.08316,59,120.002,53,179.987,0\B,46,1.52617,44,120.518,43,-178.868,0\C,63,1.52703,46,120.683,44,-176.7,0\C,64,1.4121,63,121.35,46,177.838,0\H,65,1.08615,64,119.831,63,-0.908241,0\C,65,1.37097,64,120.629,63,178.714,0\C,67,1.42658,65,120.162,64,-0.030327,0\C,68,1.37335,67,120.003,65,-0.535621,0\H,69,1.08467,68,119.318,67,-179.137,0\C,69,1.41095,68,120.921,67,0.480611,0\C,68,1.46224,67,107.951,65,-179.134,0\C,72,1.37361,68,135.668,67,179.712,0\H,73,1.0833,72,121.93,68,1.19064,0\C,72,1.41093,68,106.232,67,0.359308,0\C,75,1.394,72,124.461,68,179.107,0\C,75,1.40973,72,111.542,68,-0.415408,0\C,77,1.374,75,118.468,72,179.769,0\H,78,1.0834,77,121.9,75,-179.844,0\C,78,1.41455,77,118.681,75,-0.071223,0\H,80,1.08294,78,118.529,77,-179.938,0\C,80,1.37648,78,122.488,77,-0.098455,0\H,82,1.08347,80,119.976,78,-179.829,0\C,73,1.41558,72,118.66,68,-178.945,0\H,84,1.08281,73,118.292,72,179.925,0\C,84,1.37662,73,122.751,72,-0.090941,0\H,86,1.0834,84,120.087,73,179.872,0\C,63,1.57826,46,120.514,44,7.93608,0\C,88,1.41485,63,121.607,46,-97.7385,0\C,89,1.37648,88,120.087,63,-174.502,0\H,90,1.08296,89,120.193,88,-177.985,0\C,90,1.40395,89,119.922,88,-1.68455,0\N,92,1.37811,90,119.678,89,177.057,0\C,93,1.39362,92,124.633,90,-42.5305,0\C,94,1.39036,93,129.26,92,-4.53877,0\H,95,1.08047,94,122.542,93,1.08991,0\C,95,1.38745,94,117.345,93,-177.743,0\H,97,1.0813,95,119.045,94,-179.398,0\C,97,1.3917,95,121.277,94,1.52483,0\H,99,1.08156,97,119.515,95,179.576,0\C,99,1.39297,97,120.874,95,0.898391,0\H,101,1.08211,99,120.471,97,177.745,0\C,101,1.38021,99,118.522,97,-1.45149,0\C,93,1.39647,92,126.525,90,138.636,0\C,104,1.38746,93,129.423,92,-5.69661,0\H,105,1.08051,104,122.421,93,1.64249,0\C,105,1.38816,104,117.051,93,-177.194,0\H,107,1.08103,105,119.052,104,-179.426,0\C,107,1.3922,105,121.361,104,1.44073,0\H,109,1.08145,107,119.44,105,179.577,0\C,109,1.39291,107,121.039,105,0.727427,0\H,111,1.08217,109,120.711,107,177.936,0\C,111,1.37849,109,118.314,107,-1.3147,0\C,92,1.40156,90,120.526,89,-1.06237,0\H,114,1.08247,92,119.713,90,176.592,0\C,114,1.37664,92,119.86,90,2.65919,0\C,89,1.49765,88,119.544,63,5.31859,0\H,117,1.08936,89,111.867,88,176.976,0\H,117,1.09086,89,110.968,88,55.9319,0\H,117,1.09157,89,110.72,88,-62.2835,0\C,116,1.49798,114,119.911,92,176.591,0\H,121,1.08939,116,111.664,114,-1.12106,0\H,121,1.09087,116,110.751,114,119.623,0\H,121,1.09105,116,111.089,114,-121.947,0\\\@

 Total job time:  20508.86s(wall), 72202.52s(cpu) 
 Fri Oct 26 20:23:57 2018

        *************************************************************
        *                                                           *
        *  Thank you very much for using Q-Chem.  Have a nice day.  *
        *                                                           *
        *************************************************************


0 sent ACK to 0 
now end server 0 ... 
 
*************************************************************
Job 2 of 2 
*************************************************************
 
mFile = /cm/shared/apps/q-chem/intel/QCHEM_5.1.0_Trunk/bin/mpi/machines
Process 0 of 1 is on ctcp011 - thread support 0
initial socket setup ...start
initial socket setup ...done 
now start server 0 ... 
Q-Chem Developer Version!
                  Welcome to Q-Chem
     A Quantum Leap Into The Future Of Chemistry


 Q-Chem 5.1, Q-Chem, Inc., Pleasanton, CA (2018)

 Yihan Shao,  Zhengting Gan,  E. Epifanovsky,  A. T. B. Gilbert,  M. Wormit,  
 J. Kussmann,  A. W. Lange,  A. Behn,  Jia Deng,  Xintian Feng,  D. Ghosh,  
 M. Goldey,  P. R. Horn,  L. D. Jacobson,  I. Kaliman,  T. Kus,  A. Landau,  
 Jie Liu,  E. I. Proynov,  R. M. Richard,  R. P. Steele,  E. J. Sundstrom,  
 H. L. Woodcock III,  P. M. Zimmerman,  D. Zuev,  B. Albrecht,  E. Alguire,  
 S. A. Baeppler,  D. Barton,  Z. Benda,  Y. A. Bernard,  E. J. Berquist,  
 K. B. Bravaya,  H. Burton,  D. Casanova,  Chun-Min Chang,  Yunqing Chen,  
 A. Chien,  K. D. Closser,  M. P. Coons,  S. Coriani,  S. Dasgupta,  
 A. L. Dempwolff,  M. Diedenhofen,  Hainam Do,  R. G. Edgar,  Po-Tung Fang,  
 S. Faraji,  S. Fatehi,  Qingguo Feng,  K. D. Fenk,  J. Fosso-Tande,  
 Qinghui Ge,  A. Ghysels,  G. Gidofalvi,  J. Gomes,  J. Gonthier,  A. Gunina,  
 D. Hait,  M. W. D. Hanson-Heine,  P. H. P. Harbach,  A. W. Hauser,  
 J. E. Herr,  E. G. Hohenstein,  Z. C. Holden,  Kerwin Hui,  B. C. Huynh,  
 T.-C. Jagau,  Hyunjun Ji,  B. Kaduk,  K. Khistyaev,  Jaehoon Kim,  
 P. Klunzinger,  K. Koh,  D. Kosenkov,  L. Koulias,  T. Kowalczyk,  
 C. M. Krauter,  A. Kunitsa,  Ka Un Lao,  A. Laurent,  K. V. Lawler,  
 Joonho Lee,  D. Lefrancois,  S. Lehtola,  D. S. Levine,  Yi-Pei Li,  
 You-Sheng Lin,  Fenglai Liu,  E. Livshits,  A. Luenser,  P. Manohar,  
 E. Mansoor,  S. F. Manzer,  Shan-Ping Mao,  Yuezhi Mao,  N. Mardirossian,  
 A. V. Marenich,  T. Markovich,  L. A. Martinez-Martinez,  S. A. Maurer,  
 N. J. Mayhall,  S. C. McKenzie,  J.-M. Mewes,  A. F. Morrison,  
 J. W. Mullinax,  K. Nanda,  T. S. Nguyen-Beck,  R. Olivares-Amaya,  
 J. A. Parkhill,  T. M. Perrine,  F. Plasser,  P. Pokhilko,  S. Prager,  
 A. Prociuk,  E. Ramos,  D. R. Rehn,  F. Rob,  M. Schneider,  N. Sergueev,  
 S. M. Sharada,  S. Sharma,  D. W. Small,  T. Stauch,  T. Stein,  
 Yu-Chuan Su,  A. J. W. Thom,  A. Tkatchenko,  T. Tsuchimochi,  N. M. Tubman,  
 L. Vogt,  M. L. Vidal,  O. Vydrov,  M. A. Watson,  J. Wenzel,  
 M. de Wergifosse,  T. A. Wesolowski,  A. White,  J. Witte,  A. Yamada,  
 Jun Yang,  K. Yao,  S. Yeganeh,  S. R. Yost,  Zhi-Qiang You,  A. Zech,  
 Igor Ying Zhang,  Xing Zhang,  Yan Zhao,  Ying Zhu,  B. R. Brooks,  
 G. K. L. Chan,  C. J. Cramer,  M. S. Gordon,  W. J. Hehre,  A. Klamt,  
 M. W. Schmidt,  C. D. Sherrill,  D. G. Truhlar,  A. Aspuru-Guzik,  R. Baer,  
 A. T. Bell,  N. A. Besley,  Jeng-Da Chai,  A. E. DePrince, III,  
 R. A. DiStasio Jr.,  A. Dreuw,  B. D. Dunietz,  T. R. Furlani,  
 Chao-Ping Hsu,  Yousung Jung,  Jing Kong,  D. S. Lambrecht,  WanZhen Liang,  
 C. Ochsenfeld,  V. A. Rassolov,  L. V. Slipchenko,  J. E. Subotnik,  
 T. Van Voorhis,  J. M. Herbert,  A. I. Krylov,  P. M. W. Gill,  M. Head-Gordon

 Contributors to earlier versions of Q-Chem not listed above: 
 R. D. Adamson,  B. Austin,  J. Baker,  G. J. O. Beran,  K. Brandhorst,  
 S. T. Brown,  E. F. C. Byrd,  A. K. Chakraborty,  C.-L. Cheng,  
 Siu Hung Chien,  D. M. Chipman,  D. L. Crittenden,  H. Dachsel,  
 R. J. Doerksen,  A. D. Dutoi,  L. Fusti-Molnar,  W. A. Goddard III,  
 A. Golubeva-Zadorozhnaya,  S. R. Gwaltney,  G. Hawkins,  A. Heyden,  
 S. Hirata,  G. Kedziora,  F. J. Keil,  C. Kelley,  Jihan Kim,  R. A. King,  
 R. Z. Khaliullin,  P. P. Korambath,  W. Kurlancheek,  A. M. Lee,  M. S. Lee,  
 S. V. Levchenko,  Ching Yeh Lin,  D. Liotard,  R. C. Lochan,  I. Lotan,  
 P. E. Maslen,  N. Nair,  D. P. O'Neill,  D. Neuhauser,  E. Neuscamman,  
 C. M. Oana,  R. Olson,  B. Peters,  R. Peverati,  P. A. Pieniazek,  
 Y. M. Rhee,  J. Ritchie,  M. A. Rohrdanz,  E. Rosta,  N. J. Russ,  
 H. F. Schaefer III,  N. E. Schultz,  N. Shenvi,  A. C. Simmonett,  A. Sodt,  
 D. Stuck,  K. S. Thanthiriwatte,  V. Vanovschi,  Tao Wang,  A. Warshel,  
 C. F. Williams,  Q. Wu,  X. Xu,  W. Zhang

 Please cite Q-Chem as follows:
 Y. Shao et al., Mol. Phys. 113, 184-215 (2015)
 DOI: 10.1080/00268976.2014.952696

 Q-Chem 5.1.1 for Intel X86 EM64T Linux

 Parts of Q-Chem use Armadillo 8.300.2 (Tropical Shenanigans).
 http://arma.sourceforge.net/

 Q-Chem begins on Fri Oct 26 20:23:59 2018  

Host: ctcp011
0

     Scratch files written to /scratch/mewes1/138455/qchem126363//
 Parallel job on  1  processors
The previous job contains 0 fragments, simply inherited here
Symmetry turned off for PCM/SM12/SMD calculation
Input Ideriv = 2
Curr. Ideriv = -1
Max.  Ideriv = 2
Input Ideriv = 1
Curr. Ideriv = 2
Max.  Ideriv = 1

Checking the input file for inconsistencies... 	...done.

--------------------------------------------------------------
User input:
--------------------------------------------------------------
$rem
threads 8
jobtype sp
method PBEh-3c
basis def2-mSVP
mem_static      1024
mem_total       14000
sym_ignore      true
cis_n_roots             6
cis_singlets            true
cis_triplets            true
rpa                     false
calc_soc                true
cis_moments             true
cis_relaxed_density     true
solvent_method          pcm
$end

$molecule
read
$end

$pcm
statespecific           Marcus 
$end

$solvent
dielectric      4.33 
dielectric_infi 1.83
$end

--------------------------------------------------------------
 Adding empirical dispersion correction 
 ----------------------------------------------------------------
 Doing -D3(BJ) with
 s6 =   1.00000
 s8 =   0.00000
 a1 =   0.48600
 a2 =   4.50000
 -D3 energy including 3body term =     -0.1203181611 hartrees
 ----------------------------------------------------------------
 Adding gCP correction 
 ----------------------------------------------------------------
 gCP energy =      0.1612017267 hartrees
 ----------------------------------------------------------------
             Standard Nuclear Orientation (Angstroms)
    I     Atom           X                Y                Z
 ----------------------------------------------------------------
    1      N       0.0000000000     0.0000000000     0.0000000000
    2      C       0.0000000000     0.0000000000     1.3749400000
    3      C       1.3031106742     0.0000000000    -0.4441216147
    4      C      -1.0770634478     0.0077533626     2.2519223179
    5      H      -2.0969909758     0.0038398106     1.8893291261
    6      C      -0.7936030084     0.0226642064     3.6063489258
    7      H      -1.6112930048     0.0289684585     4.3154549425
    8      C       1.7814441418    -0.0158081994    -1.7521099417
    9      H       1.1101242713    -0.0187148377    -2.6015469022
   10      C       3.1531366484    -0.0169362107    -1.9318808837
   11      H       3.5515683639    -0.0262490506    -2.9389534895
   12      C       0.5239009751     0.0325022192     4.0790400732
   13      H       0.7065053702     0.0457435616     5.1453739673
   14      C       1.5903637450     0.0273947141     3.1976475700
   15      H       2.6092910882     0.0388367531     3.5650622593
   16      C       1.3331395339     0.0103932512     1.8307726751
   17      C       4.0322247992    -0.0024701049    -0.8426617137
   18      H       5.0998028137    -0.0002795346    -1.0193637667
   19      C       3.5482468982     0.0094602935     0.4532856181
   20      H       4.2318901304     0.0181251445     1.2933253755
   21      C       2.1706191349     0.0083764687     0.6608628259
   22      C      -1.1052375786    -0.0214094654    -0.8831256429
   23      C      -1.8063306059    -1.1967081153    -1.1016804886
   24      H      -1.5844535374    -2.0726788111    -0.5021864323
   25      C      -1.3780389170     1.1067378845    -1.6406531333
   26      H      -0.8290861318     2.0217133166    -1.4481147492
   27      C      -2.2817539936     1.0396167834    -2.6937852430
   28      C      -2.7259186916    -1.2724742064    -2.1438071202
   29      C      -2.9320011045    -0.1693569950    -2.9815869508
   30      C      -3.4106357781    -2.5752608287    -2.4480106512
   31      H      -3.2209964097    -3.3227731405    -1.6778591307
   32      H      -4.4907136886    -2.4478182523    -2.5354251747
   33      H      -3.0639823682    -2.9846503241    -3.3999829036
   34      C      -2.4766809554     2.2370997185    -3.5817058528
   35      H      -1.9940435037     3.1237432473    -3.1704396545
   36      H      -3.5334806341     2.4641758932    -3.7270615282
   37      H      -2.0527193729     2.0610161851    -4.5735009587
   38      B      -3.6088933465    -0.3207785944    -4.4025687786
   39      C      -5.0714239894     0.0090051652    -4.7212009115
   40      C      -5.9961461852     0.3132728117    -3.6990378424
   41      H      -5.6605147652     0.3024104080    -2.6663769695
   42      C      -7.3040109692     0.6220411426    -4.0004253324
   43      C      -7.7266633789     0.6479625815    -5.3639198847
   44      C      -6.8424815733     0.3708105977    -6.3736832244
   45      H      -7.1778099616     0.4059773012    -7.4064846284
   46      C      -5.5034756286     0.0413350666    -6.0841160769
   47      C      -9.1377197474     1.0080518489    -5.4027440569
   48      C     -10.0640211000     1.1884630754    -6.3998429011
   49      H      -9.8114077104     1.0599359863    -7.4456793465
   50      C      -9.5345859417     1.1910371616    -4.0636130712
   51      C     -10.8234123226     1.5478891640    -3.6782365209
   52      C      -8.4601674500     0.9699522323    -3.1738303235
   53      C      -8.6958549301     1.1162715455    -1.8295307062
   54      H      -7.9174306326     0.9621044773    -1.0926133622
   55      C     -11.3808608998     1.5503696296    -6.0356928421
   56      H     -12.1141649131     1.6927177777    -6.8196480976
   57      C     -11.7628227286     1.7271616870    -4.7243771476
   58      H     -12.7841566204     2.0046014155    -4.4935276047
   59      C      -9.9970902112     1.4785221699    -1.4072565380
   60      H     -10.1789148656     1.5928167784    -0.3462051669
   61      C     -11.0362705169     1.6901900639    -2.2853918120
   62      H     -12.0144133915     1.9659398209    -1.9106376620
   63      B      -4.5139284982    -0.2418438422    -7.2109692168
   64      C      -3.0820001695    -0.6721560108    -6.9007493367
   65      C      -2.1680504684    -0.9812836708    -7.9318456559
   66      H      -2.4857280605    -0.9286095717    -8.9691582162
   67      C      -0.8782386592    -1.3407650458    -7.6373814764
   68      C      -0.4443882941    -1.4057818597    -6.2799279692
   69      C      -1.3163505006    -1.0972366578    -5.2647584047
   70      H      -0.9707290643    -1.1367178847    -4.2373892466
   71      C      -2.6483788326    -0.7233504749    -5.5416973714
   72      C       0.9661560335    -1.7911279482    -6.2755794373
   73      C       1.9221056445    -2.0094468571    -5.3136548664
   74      H       1.7017490923    -1.9218242248    -4.2566287767
   75      C       1.3391545862    -1.9376361690    -7.6284058679
   76      C       2.6185793124    -2.2829549329    -8.0609043734
   77      C       0.2570253459    -1.6802946814    -8.4944884627
   78      C       0.4648168285    -1.7779085193    -9.8491740300
   79      H      -0.3265370351    -1.5897294321   -10.5647924718
   80      C       1.7532755509    -2.1301526981   -10.3147259018
   81      H       1.9145730956    -2.2053887860   -11.3829371071
   82      C       2.8056129387    -2.3764721969    -9.4623133467
   83      H       3.7767692883    -2.6407662210    -9.8634643021
   84      C       3.2302831563    -2.3616138295    -5.7241558959
   85      H       3.9794721847    -2.5311320154    -4.9609743628
   86      C       3.5846052156    -2.4963882821    -7.0475498646
   87      H       4.5997747595    -2.7657949955    -7.3132766295
   88      C      -4.9192475362     0.0096483560    -8.7154160099
   89      C      -5.3712014185    -1.0417887317    -9.5472957613
   90      C      -5.6086051866    -0.8112058855   -10.8833965956
   91      H      -5.9855939439    -1.6062635576   -11.5147133186
   92      C      -5.4358016419     0.4773997704   -11.4132067213
   93      N      -5.6157718156     0.6900315416   -12.7628639421
   94      C      -5.1517805565    -0.1576674036   -13.7669974816
   95      C      -4.3685344906    -1.3014785242   -13.6606156746
   96      H      -4.0277072735    -1.6861824366   -12.7102205952
   97      C      -4.0069182816    -1.9381510980   -14.8391349058
   98      H      -3.4062151915    -2.8357863670   -14.7879206574
   99      C      -4.3862797380    -1.4328716491   -16.0791341412
  100      H      -4.0828220594    -1.9485371325   -16.9801218805
  101      C      -5.1278930601    -0.2576890451   -16.1756214715
  102      H      -5.3883197837     0.1488914380   -17.1440444708
  103      C      -5.5056359658     0.3806847138   -15.0116713322
  104      C      -6.2598871052     1.7789308980   -13.3540801128
  105      C      -6.9497472317     2.8246156000   -12.7576988072
  106      H      -7.0439124328     2.9196193956   -11.6854985573
  107      C      -7.5474860674     3.7497686335   -13.6025603999
  108      H      -8.0853859289     4.5828920926   -13.1722201396
  109      C      -7.4823102105     3.6150232333   -14.9866876598
  110      H      -7.9650872415     4.3504552964   -15.6156517252
  111      C      -6.8256635746     2.5356117059   -15.5730945791
  112      H      -6.8066366390     2.4183536470   -16.6487278461
  113      C      -6.2158132750     1.6147750148   -14.7482498606
  114      C      -5.0438360361     1.5399348268   -10.5875286714
  115      H      -4.8608066333     2.5155874684   -11.0192138824
  116      C      -4.7727248235     1.3104828649    -9.2574955150
  117      C      -5.5846534090    -2.4048111644    -8.9645646061
  118      H      -5.9821446726    -3.1029295167    -9.7003204563
  119      H      -6.2763297408    -2.3651792683    -8.1219524476
  120      H      -4.6473795948    -2.8118014290    -8.5806494190
  121      C      -4.2802327886     2.4293362536    -8.3917173919
  122      H      -4.1678517487     3.3546428223    -8.9555907690
  123      H      -4.9707624812     2.6129222116    -7.5674289788
  124      H      -3.3155492543     2.1844284553    -7.9447246650
 ----------------------------------------------------------------
 Nuclear Repulsion Energy = 10701.4683011771 hartrees
 There are      253 alpha and      251 beta electrons
 Requested basis set is def2-mSVP
 There are 628 shells and 1236 basis functions

 Total QAlloc Memory Limit  14000 MB
 Mega-Array Size      1001 MB
 MEM_STATIC part      1024 MB
 Discretize the solute cavity surface with Lebedev spheres
	Using 302 Lebedev grid points for each H atom
	Using 302 Lebedev grid points for other atoms
	Atomic van der Waals radii will be scaled by 1.20
 Remove points where switching function is < 1.0e-08
 Keep 13006 surface tesserae and discard 24442 interior tesserae
 Molecular Surface Area = 987.345 Angst**2
 A cutoff of  1.0D-11 yielded  54029 shell pairs
 There are    217069 function pairs (    239478 Cartesian)
 
 -------------------------------------------------------
 OpenMP Integral Computing Module                       
 Release: version 1.0, May 2013, Q-Chem Inc. Pittsburgh 
 -------------------------------------------------------
 Integral Job Info:
 Integral job number is                      11
 Integral operator is                         1
 short-range coefficients                     0
 long-range coefficients              100000000
 Omega coefficients                           0
 if combine SR and LR in K                    0
 Integral screening is                        0
 Integral computing path is                   2
 max size of driver memory is            800000
 size of driver memory is                593474
 size of scratch memory is              1809772
 max col of scratch BK array               1296
 max len of scratch array in speh3          155
 max len of scratch index in speh4           18
 max int batch size is                      520
 min int batch size is                       52
 fixed nKL is                                52
 max L of basis functions is                  2
 order of int derivative is                   0
 number of shells is                        628
 number of basis is                        1312
 number of cartesian basis is              1312
 number of contracted shell pairs         54029
 number of primitive shell pairs         112830
 maxK2 (contraction) of shell pair           25
 max number of K2 of shell pair               1
 max number of CS2 of shell pair          12903
 max number of PS2 of shell pair          20010
 mem total for path MDJ                 1076940
 -------------------------------------------------------
 Smallest overlap matrix eigenvalue = 1.97E-04

 Scale SEOQF with 1.000000e-02/1.000000e-01/1.000000e-03

 Standard Electronic Orientation quadrupole field applied
 Nucleus-field energy     =     0.0000001019 hartrees
 Guess from superposition of atomic densities
 Warning:  Energy on first SCF cycle will be non-variational
 SAD guess density has 504.000001 electrons

 -----------------------------------------------------------------------
  General SCF calculation program by
  Eric Jon Sundstrom, Paul Horn, Yuezhi Mao, Dmitri Zuev, Alec White,
  David Stuck, Shaama M.S., Shane Yost, Joonho Lee, David Small,
  Daniel Levine, Susi Lehtola, Hugh Burton, Evgeny Epifanovsky
 -----------------------------------------------------------------------
 Exchange:     0.4200 Hartree-Fock + 0.5800 PBEh-3c
 Correlation:  1.0000 PBEh-3c
 Using SG-1 standard quadrature grid
 Dispersion:   Grimme D3
 using 8 threads for integral computing
 -------------------------------------------------------
 OpenMP Integral computing Module                
 Release: version 2.0, May 2017, Q-Chem Inc. Pleasanton 
 -------------------------------------------------------
 -------------------------------------------------------
 OpenMP BLAS3 based DFT computing Module                
 Release: version 1.0, May 2013, Q-Chem Inc. Pittsburgh 
 -------------------------------------------------------
 A unrestricted SCF calculation will be
 performed using DIIS
 SCF converges when DIIS error is below 1.0e-08
 ---------------------------------------
  Cycle       Energy         DIIS error
 ---------------------------------------
    1   -2951.6939188426      1.23e-02  
    2   -2924.8134784820      8.37e-04  
    3   -2924.2802764816      1.07e-03  
    4   -2925.2448587505      4.62e-04  
    5   -2925.4484416108      9.17e-05  
    6   -2925.4558712815      6.76e-05  
    7   -2925.4604238709      2.39e-05  
    8   -2925.4612695804      1.12e-05  
    9   -2925.4617939446      7.34e-06  
   10   -2925.4620313909      4.88e-06  
   11   -2925.4621489684      2.45e-06  
   12   -2925.4621882648      1.63e-06  
   13   -2925.4622029133      9.95e-07  
   14   -2925.4622088021      5.89e-07  
   15   -2925.4622109932      4.17e-07  
   16   -2925.4622126545      2.61e-07  
   17   -2925.4622132547      1.68e-07  
   18   -2925.4622135611      8.48e-08  
   19   -2925.4622136757      6.61e-08  
   20   -2925.4622137230      4.82e-08  
   21   -2925.4622137148      4.06e-08  
   22   -2925.4622138327      3.62e-08  
   23   -2925.4622138127      2.44e-08  
   24   -2925.4622138568      1.89e-08  
   25   -2925.4622138768      1.65e-08  
   26   -2925.4622139836      1.17e-08  
   27   -2925.4622139489      8.59e-09  Convergence criterion met
 ---------------------------------------
 SCF time:   CPU 41036.28s  wall 5718.00s 
<S^2> =          2.059866081

************** Final PCM Free Energy Summary **************
 G_electrostatic  =      -0.04047337 hartree =     -25.39742388 kcal/mol
 G_cavitation     =       0.00000000 hartree =       0.00000000 kcal/mol
 G_dispersion     =       0.00000000 hartree =       0.00000000 kcal/mol
 G_repulsion      =       0.00000000 hartree =       0.00000000 kcal/mol
 --------------------------------------------------
 Non-electrostatic Free Energy =       0.00000000 hartree =       0.00000000 kcal/mol
 Total                         =      -0.04047337 hartree =     -25.39742388 kcal/mol
 --------------------------------------------------
 SCF Energy (H0 + V/2)                       =   -2925.46221395 
 Solute Internal Energy (H0)                 =   -2925.42174058 
 Total Free Energy (H0 + V/2 + non-elec)     =   -2925.46221395 hartree
                                             = -1835755.24630553 kcal/mol
***********************************************************

 SCF   energy in the final basis set =    -2925.4622139489
 Total energy in the final basis set =    -2925.4622139489
 
 Direct TDDFT/TDA calculation will be performed
 Exchange:     0.4200 Hartree-Fock + 0.5800 PBEh-3c
 Correlation:  1.0000 PBEh-3c
 Using SG-1 standard quadrature grid
 Dispersion:   Grimme D3
 Adding PCM contribution to the XC response
 CIS energy converged when residual is below 10e- 6
 ---------------------------------------------------
 Iter    Rts Conv    Rts Left    Ttl Dev     Max Dev
 ---------------------------------------------------
   1         0           6      0.000149    0.000051
   2         1           5      0.000067    0.000018
   3         1           5      0.000022    0.000006
   4         2           4      0.000010    0.000004
   5         5           1      0.000005    0.000002
   6         6           0      0.000004    0.000001    Roots Converged
 ---------------------------------------------------
 
 ---------------------------------------------------
         TDDFT/TDA Excitation Energies              
 ---------------------------------------------------

 Excited state   1: excitation energy (eV) =    0.1206
 Total energy for state  1:                 -2925.45778380 au
    <S**2>     :  2.0645
    Trans. Mom.: -0.4180 X   0.2467 Y  -1.5571 Z
    Strength   :     0.0078562620
    D(251) --> S(  1) amplitude =  0.9907 beta

 Excited state   2: excitation energy (eV) =    0.4082
 Total energy for state  2:                 -2925.44721306 au
    <S**2>     :  2.0591
    Trans. Mom.: -0.3880 X   0.1813 Y  -0.7939 Z
    Strength   :     0.0081368077
    D(249) --> S(  1) amplitude =  0.9751 beta
    D(250) --> S(  1) amplitude = -0.1560 beta

 Excited state   3: excitation energy (eV) =    0.5710
 Total energy for state  3:                 -2925.44123187 au
    <S**2>     :  2.0571
    Trans. Mom.:  0.3616 X  -0.1255 Y   0.2018 Z
    Strength   :     0.0026191542
    D(248) --> S(  1) amplitude =  0.9828 beta

 Excited state   4: excitation energy (eV) =    0.6398
 Total energy for state  4:                 -2925.43870158 au
    <S**2>     :  2.0661
    Trans. Mom.:  0.1137 X  -0.0170 Y   0.3800 Z
    Strength   :     0.0024706148
    D(250) --> S(  1) amplitude =  0.9753 beta

 Excited state   5: excitation energy (eV) =    0.8735
 Total energy for state  5:                 -2925.43011354 au
    <S**2>     :  2.0633
    Trans. Mom.: -0.3509 X   0.1168 Y  -0.1132 Z
    Strength   :     0.0032005687
    D(246) --> S(  1) amplitude =  0.9857 beta

 Excited state   6: excitation energy (eV) =    1.1021
 Total energy for state  6:                 -2925.42171192 au
    <S**2>     :  2.0661
    Trans. Mom.:  0.0029 X   0.0021 Y   0.0070 Z
    Strength   :     0.0000016575
    D(247) --> S(  1) amplitude =  0.9994 beta
 
 ---------------------------------------------------
 Calculating Relaxed Density
 ---------------------------------------------------
 Iter    Rts Conv    Rts Left    Ttl Dev     Max Dev
 ---------------------------------------------------
   1         0           6      0.000995    0.000187
   2         0           6      0.000652    0.000161
   3         0           6      0.000457    0.000141
   4         0           6      0.000307    0.000096
   5         0           6      0.000162    0.000049
   6         0           6      0.000090    0.000025
   7         0           6      0.000042    0.000011
   8         0           6      0.000021    0.000005
   9         0           6      0.000011    0.000003
  10         5           1      0.000001    0.000001
  11         6           0      0.000000    0.000000    Roots Converged
 ---------------------------------------------------
  SETman timing summary (seconds)
  CPU time             52180.26s
  System time              0.01s
  Wall time            16041.36s



*********SPIN-ORBIT COUPLING JOB BEGINS HERE*********
