mFile = /cm/shared/apps/q-chem/intel/QCHEM_5.1.0_Trunk/bin/mpi/machines
Process 0 of 1 is on ctcp010 - thread support 0
initial socket setup ...start
initial socket setup ...done 
now start server 0 ... 
Q-Chem Developer Version!
                  Welcome to Q-Chem
     A Quantum Leap Into The Future Of Chemistry


 Q-Chem 5.1, Q-Chem, Inc., Pleasanton, CA (2018)

 Yihan Shao,  Zhengting Gan,  E. Epifanovsky,  A. T. B. Gilbert,  M. Wormit,  
 J. Kussmann,  A. W. Lange,  A. Behn,  Jia Deng,  Xintian Feng,  D. Ghosh,  
 M. Goldey,  P. R. Horn,  L. D. Jacobson,  I. Kaliman,  T. Kus,  A. Landau,  
 Jie Liu,  E. I. Proynov,  R. M. Richard,  R. P. Steele,  E. J. Sundstrom,  
 H. L. Woodcock III,  P. M. Zimmerman,  D. Zuev,  B. Albrecht,  E. Alguire,  
 S. A. Baeppler,  D. Barton,  Z. Benda,  Y. A. Bernard,  E. J. Berquist,  
 K. B. Bravaya,  H. Burton,  D. Casanova,  Chun-Min Chang,  Yunqing Chen,  
 A. Chien,  K. D. Closser,  M. P. Coons,  S. Coriani,  S. Dasgupta,  
 A. L. Dempwolff,  M. Diedenhofen,  Hainam Do,  R. G. Edgar,  Po-Tung Fang,  
 S. Faraji,  S. Fatehi,  Qingguo Feng,  K. D. Fenk,  J. Fosso-Tande,  
 Qinghui Ge,  A. Ghysels,  G. Gidofalvi,  J. Gomes,  J. Gonthier,  A. Gunina,  
 D. Hait,  M. W. D. Hanson-Heine,  P. H. P. Harbach,  A. W. Hauser,  
 J. E. Herr,  E. G. Hohenstein,  Z. C. Holden,  Kerwin Hui,  B. C. Huynh,  
 T.-C. Jagau,  Hyunjun Ji,  B. Kaduk,  K. Khistyaev,  Jaehoon Kim,  
 P. Klunzinger,  K. Koh,  D. Kosenkov,  L. Koulias,  T. Kowalczyk,  
 C. M. Krauter,  A. Kunitsa,  Ka Un Lao,  A. Laurent,  K. V. Lawler,  
 Joonho Lee,  D. Lefrancois,  S. Lehtola,  D. S. Levine,  Yi-Pei Li,  
 You-Sheng Lin,  Fenglai Liu,  E. Livshits,  A. Luenser,  P. Manohar,  
 E. Mansoor,  S. F. Manzer,  Shan-Ping Mao,  Yuezhi Mao,  N. Mardirossian,  
 A. V. Marenich,  T. Markovich,  L. A. Martinez-Martinez,  S. A. Maurer,  
 N. J. Mayhall,  S. C. McKenzie,  J.-M. Mewes,  A. F. Morrison,  
 J. W. Mullinax,  K. Nanda,  T. S. Nguyen-Beck,  R. Olivares-Amaya,  
 J. A. Parkhill,  T. M. Perrine,  F. Plasser,  P. Pokhilko,  S. Prager,  
 A. Prociuk,  E. Ramos,  D. R. Rehn,  F. Rob,  M. Schneider,  N. Sergueev,  
 S. M. Sharada,  S. Sharma,  D. W. Small,  T. Stauch,  T. Stein,  
 Yu-Chuan Su,  A. J. W. Thom,  A. Tkatchenko,  T. Tsuchimochi,  N. M. Tubman,  
 L. Vogt,  M. L. Vidal,  O. Vydrov,  M. A. Watson,  J. Wenzel,  
 M. de Wergifosse,  T. A. Wesolowski,  A. White,  J. Witte,  A. Yamada,  
 Jun Yang,  K. Yao,  S. Yeganeh,  S. R. Yost,  Zhi-Qiang You,  A. Zech,  
 Igor Ying Zhang,  Xing Zhang,  Yan Zhao,  Ying Zhu,  B. R. Brooks,  
 G. K. L. Chan,  C. J. Cramer,  M. S. Gordon,  W. J. Hehre,  A. Klamt,  
 M. W. Schmidt,  C. D. Sherrill,  D. G. Truhlar,  A. Aspuru-Guzik,  R. Baer,  
 A. T. Bell,  N. A. Besley,  Jeng-Da Chai,  A. E. DePrince, III,  
 R. A. DiStasio Jr.,  A. Dreuw,  B. D. Dunietz,  T. R. Furlani,  
 Chao-Ping Hsu,  Yousung Jung,  Jing Kong,  D. S. Lambrecht,  WanZhen Liang,  
 C. Ochsenfeld,  V. A. Rassolov,  L. V. Slipchenko,  J. E. Subotnik,  
 T. Van Voorhis,  J. M. Herbert,  A. I. Krylov,  P. M. W. Gill,  M. Head-Gordon

 Contributors to earlier versions of Q-Chem not listed above: 
 R. D. Adamson,  B. Austin,  J. Baker,  G. J. O. Beran,  K. Brandhorst,  
 S. T. Brown,  E. F. C. Byrd,  A. K. Chakraborty,  C.-L. Cheng,  
 Siu Hung Chien,  D. M. Chipman,  D. L. Crittenden,  H. Dachsel,  
 R. J. Doerksen,  A. D. Dutoi,  L. Fusti-Molnar,  W. A. Goddard III,  
 A. Golubeva-Zadorozhnaya,  S. R. Gwaltney,  G. Hawkins,  A. Heyden,  
 S. Hirata,  G. Kedziora,  F. J. Keil,  C. Kelley,  Jihan Kim,  R. A. King,  
 R. Z. Khaliullin,  P. P. Korambath,  W. Kurlancheek,  A. M. Lee,  M. S. Lee,  
 S. V. Levchenko,  Ching Yeh Lin,  D. Liotard,  R. C. Lochan,  I. Lotan,  
 P. E. Maslen,  N. Nair,  D. P. O'Neill,  D. Neuhauser,  E. Neuscamman,  
 C. M. Oana,  R. Olson,  B. Peters,  R. Peverati,  P. A. Pieniazek,  
 Y. M. Rhee,  J. Ritchie,  M. A. Rohrdanz,  E. Rosta,  N. J. Russ,  
 H. F. Schaefer III,  N. E. Schultz,  N. Shenvi,  A. C. Simmonett,  A. Sodt,  
 D. Stuck,  K. S. Thanthiriwatte,  V. Vanovschi,  Tao Wang,  A. Warshel,  
 C. F. Williams,  Q. Wu,  X. Xu,  W. Zhang

 Please cite Q-Chem as follows:
 Y. Shao et al., Mol. Phys. 113, 184-215 (2015)
 DOI: 10.1080/00268976.2014.952696

 Q-Chem 5.1.1 for Intel X86 EM64T Linux

 Parts of Q-Chem use Armadillo 8.300.2 (Tropical Shenanigans).
 http://arma.sourceforge.net/

 Q-Chem begins on Wed Nov 14 09:40:17 2018  

Host: ctcp010
0

     Scratch files written to /scratch/mewes1/140314/qchem95481//
 Parallel job on  1  processors
The previous job contains 0 fragments, simply inherited here
Symmetry turned off for PCM/SM12/SMD calculation
Input Ideriv = 2
Curr. Ideriv = -1
Max.  Ideriv = 2
Input Ideriv = 1
Curr. Ideriv = 2
Max.  Ideriv = 1

Checking the input file for inconsistencies... 	...done.

--------------------------------------------------------------
User input:
--------------------------------------------------------------
$solvent
dielectric      2.38
dielectric_infi 2.25
$end

$rem
threads 8
jobtype	sp
method PBEh-3c
basis def2-mSVP
mem_static	1024
mem_total	14000
sym_ignore	true
cis_n_roots             2
cis_singlets            false
cis_triplets		true 
rpa                     false
calc_soc 		true
cis_moments             true
cis_relaxed_density	true
solvent_method		pcm
$end

$pcm
StateSpecific   1
ChargeSeparation Excited
$end


$molecule
read ut1opt_tol.mol
$end


--------------------------------------------------------------
 Adding empirical dispersion correction 
 ----------------------------------------------------------------
 Doing -D3(BJ) with
 s6 =   1.00000
 s8 =   0.00000
 a1 =   0.48600
 a2 =   4.50000
 -D3 energy including 3body term =     -0.1205021795 hartrees
 ----------------------------------------------------------------
 Adding gCP correction 
 ----------------------------------------------------------------
 gCP energy =      0.1614403751 hartrees
 ----------------------------------------------------------------
             Standard Nuclear Orientation (Angstroms)
    I     Atom           X                Y                Z
 ----------------------------------------------------------------
    1      N       0.0000000000     0.0000000000     0.0000000000
    2      C       0.0000000000     0.0000000000     1.3751210000
    3      C       1.3036046611     0.0000000000    -0.4439740325
    4      C      -1.0769609831     0.0000164657     2.2518215460
    5      H      -2.0964013331    -0.0101011563     1.8882900282
    6      C      -0.7938504379     0.0151976455     3.6059668742
    7      H      -1.6115224100     0.0153800891     4.3150377266
    8      C       1.7838414527    -0.0271501163    -1.7509718192
    9      H       1.1136579502    -0.0369712730    -2.6011418250
   10      C       3.1555194261    -0.0310216206    -1.9292006562
   11      H       3.5543768349    -0.0497560126    -2.9359498454
   12      C       0.5230973210     0.0334074377     4.0786124873
   13      H       0.7055809282     0.0466058531     5.1449239626
   14      C       1.5892336579     0.0360674736     3.1974185711
   15      H       2.6078872904     0.0531399065     3.5651583853
   16      C       1.3326639841     0.0177711252     1.8309064759
   17      C       4.0332611630    -0.0076389504    -0.8396095797
   18      H       5.1009906389    -0.0075356541    -1.0150195150
   19      C       3.5474693773     0.0150110408     0.4551654323
   20      H       4.2301021476     0.0293153013     1.2958850786
   21      C       2.1701551521     0.0153628315     0.6614194035
   22      C      -1.1042284825    -0.0629020947    -0.8813981042
   23      C      -1.8016034385    -1.2488401449    -1.0483121905
   24      H      -1.5774322677    -2.0962010310    -0.4097965473
   25      C      -1.3804422570     1.0292129930    -1.6886884555
   26      H      -0.8373584627     1.9547778694    -1.5341802458
   27      C      -2.2781799710     0.9100804537    -2.7420789841
   28      C      -2.7160984504    -1.3758573739    -2.0893219801
   29      C      -2.9201835456    -0.3137744470    -2.9788241050
   30      C      -3.3903567060    -2.6953748488    -2.3401581277
   31      H      -3.2180358204    -3.4000911625    -1.5267570612
   32      H      -4.4680651241    -2.5769618687    -2.4611641979
   33      H      -3.0185256199    -3.1534266769    -3.2599157327
   34      C      -2.4742715162     2.0637955118    -3.6857801761
   35      H      -1.9950867663     2.9703520778    -3.3159173724
   36      H      -3.5314728772     2.2802087629    -3.8434773876
   37      H      -2.0473606466     1.8419296570    -4.6671398075
   38      B      -3.5682588008    -0.5407799688    -4.4025251061
   39      C      -5.0198632762    -0.2196784029    -4.7752897806
   40      C      -5.9631734274     0.1587595559    -3.7968083964
   41      H      -5.6490973539     0.2107410368    -2.7587277433
   42      C      -7.2598733811     0.4623884228    -4.1474641023
   43      C      -7.6515634020     0.4040339547    -5.5185708306
   44      C      -6.7493306419     0.0518921405    -6.4872492743
   45      H      -7.0624854071     0.0217433116    -7.5273854913
   46      C      -5.4207214506    -0.2711740345    -6.1462068118
   47      C      -9.0569475808     0.7764051336    -5.6132982525
   48      C      -9.9583826742     0.9010847139    -6.6405558699
   49      H      -9.6844249923     0.7004703616    -7.6695428375
   50      C      -9.4809126383     1.0516476456    -4.2989018497
   51      C     -10.7729130838     1.4476728677    -3.9675059189
   52      C      -8.4294430211     0.8767997363    -3.3724883895
   53      C      -8.6931729071     1.1133762433    -2.0468777609
   54      H      -7.9332950423     0.9986775217    -1.2839782829
   55      C     -11.2779714743     1.3010484819    -6.3316973289
   56      H     -11.9921230438     1.3994620716    -7.1397162507
   57      C     -11.6860803265     1.5684198492    -5.0442828367
   58      H     -12.7086383782     1.8720385284    -4.8557707710
   59      C      -9.9983440721     1.5173896542    -1.6790655110
   60      H     -10.2021602514     1.7028433090    -0.6321912262
   61      C     -11.0146016629     1.6832284972    -2.5924202994
   62      H     -11.9970569094     1.9941044730    -2.2588073768
   63      B      -4.4073329372    -0.6349339552    -7.2257983618
   64      C      -2.9846781566    -1.0482878640    -6.8613100678
   65      C      -2.0470960608    -1.4202095736    -7.8502713106
   66      H      -2.3398880905    -1.4321726435    -8.8963577785
   67      C      -0.7654474514    -1.7600678797    -7.5045766111
   68      C      -0.3640033012    -1.7416994426    -6.1363291991
   69      C      -1.2589029631    -1.3713575684    -5.1628534603
   70      H      -0.9377489294    -1.3479008349    -4.1272534070
   71      C      -2.5828223289    -1.0144111294    -5.4926607409
   72      C       1.0451282155    -2.1252858104    -6.0746364842
   73      C       1.9770796389    -2.2836867833    -5.0785168083
   74      H       1.7320282407    -2.1319670076    -4.0343213513
   75      C       1.4505121427    -2.3538540387    -7.4063829066
   76      C       2.7395224112    -2.7234365658    -7.7859907239
   77      C       0.3899108472    -2.1505478657    -8.3120644440
   78      C       0.6306351059    -2.3296243614    -9.6524420229
   79      H      -0.1429370958    -2.1849235577   -10.3970581140
   80      C       1.9293082918    -2.7081962349   -10.0648138296
   81      H       2.1167782653    -2.8476050720   -11.1222578671
   82      C       2.9600315404    -2.9015241555    -9.1738470458
   83      H       3.9403872825    -3.1887141056    -9.5348169732
   84      C       3.2943233286    -2.6588609304    -5.4351265776
   85      H       4.0242853509    -2.7808655202    -4.6447687282
   86      C       3.6803530918    -2.8737057966    -6.7385041837
   87      H       4.7015191684    -3.1579124725    -6.9624460661
   88      C      -4.7727266952    -0.4757274464    -8.7505723127
   89      C      -5.1979953095    -1.5812572231    -9.5310744290
   90      C      -5.3891596543    -1.4357344946   -10.8839819226
   91      H      -5.7467709816    -2.2684922081   -11.4766483482
   92      C      -5.2017856742    -0.1804195834   -11.4900029253
   93      N      -5.3373709719    -0.0545428684   -12.8515699556
   94      C      -4.8533323183    -0.9707946044   -13.7872080137
   95      C      -4.0847502542    -2.1113882192   -13.5876887755
   96      H      -3.7742279480    -2.4383953894   -12.6058948394
   97      C      -3.6944765753    -2.8234472722   -14.7122168049
   98      H      -3.1040144981    -3.7205460080   -14.5862277584
   99      C      -4.0315744048    -2.3950392984   -15.9928406206
  100      H      -3.7066316561    -2.9691087610   -16.8498847667
  101      C      -4.7565453529    -1.2234694703   -16.1833719914
  102      H      -4.9836848017    -0.8753708792   -17.1824928764
  103      C      -5.1625976832    -0.5088693229   -15.0727144109
  104      C      -5.9499385440     1.0016526956   -13.5340778103
  105      C      -6.6483934233     2.0895018579   -13.0317467943
  106      H      -6.7779748043     2.2549378545   -11.9719554104
  107      C      -7.2091706616     2.9620007013   -13.9537703815
  108      H      -7.7522766186     3.8255474705   -13.5959744273
  109      C      -7.1013962418     2.7372412395   -15.3235728471
  110      H      -7.5560548328     3.4341479415   -16.0142608207
  111      C      -6.4389071829     1.6172014395   -15.8145208727
  112      H      -6.3871894251     1.4286209410   -16.8788793211
  113      C      -5.8648437066     0.7459402697   -14.9114652447
  114      C      -4.8418715748     0.9353414517   -10.7175272624
  115      H      -4.6442601533     1.8812068539   -11.2051992911
  116      C      -4.6130321217     0.7927379878    -9.3698542165
  117      C      -5.4307434343    -2.9012999396    -8.8658237806
  118      H      -5.8174853250    -3.6450982833    -9.5615171560
  119      H      -6.1367930806    -2.8020606334    -8.0403141806
  120      H      -4.5030467188    -3.2839209565    -8.4360216162
  121      C      -4.1464705479     1.9615226118    -8.5595134947
  122      H      -4.0197022394     2.8524562722    -9.1734925356
  123      H      -4.8586957162     2.1894783690    -7.7654261743
  124      H      -3.1947431227     1.7438408298    -8.0725847116
 ----------------------------------------------------------------
 Nuclear Repulsion Energy = 10712.6498347488 hartrees
 There are      252 alpha and      252 beta electrons
 Requested basis set is def2-mSVP
 There are 628 shells and 1236 basis functions

 Total QAlloc Memory Limit  14000 MB
 Mega-Array Size      1001 MB
 MEM_STATIC part      1024 MB
 Discretize the solute cavity surface with Lebedev spheres
	Using 302 Lebedev grid points for each H atom
	Using 302 Lebedev grid points for other atoms
	Atomic van der Waals radii will be scaled by 1.20
 Remove points where switching function is < 1.0e-08
 Keep 13022 surface tesserae and discard 24426 interior tesserae
 Molecular Surface Area = 985.447 Angst**2
 A cutoff of  1.0D-11 yielded  54138 shell pairs
 There are    217594 function pairs (    240069 Cartesian)
 
 -------------------------------------------------------
 OpenMP Integral Computing Module                       
 Release: version 1.0, May 2013, Q-Chem Inc. Pittsburgh 
 -------------------------------------------------------
 Integral Job Info:
 Integral job number is                      11
 Integral operator is                         1
 short-range coefficients                     0
 long-range coefficients              100000000
 Omega coefficients                           0
 if combine SR and LR in K                    0
 Integral screening is                        0
 Integral computing path is                   2
 max size of driver memory is            800000
 size of driver memory is                593474
 size of scratch memory is              1809772
 max col of scratch BK array               1296
 max len of scratch array in speh3          155
 max len of scratch index in speh4           18
 max int batch size is                      520
 min int batch size is                       52
 fixed nKL is                                52
 max L of basis functions is                  2
 order of int derivative is                   0
 number of shells is                        628
 number of basis is                        1312
 number of cartesian basis is              1312
 number of contracted shell pairs         54138
 number of primitive shell pairs         113016
 maxK2 (contraction) of shell pair           25
 max number of K2 of shell pair               1
 max number of CS2 of shell pair          12939
 max number of PS2 of shell pair          20035
 mem total for path MDJ                 1079228
 -------------------------------------------------------
 Smallest overlap matrix eigenvalue = 1.96E-04

 Scale SEOQF with 1.000000e-02/1.000000e-01/1.000000e-03

 Standard Electronic Orientation quadrupole field applied
 Nucleus-field energy     =     0.0000001058 hartrees
 Guess from superposition of atomic densities
 Warning:  Energy on first SCF cycle will be non-variational
 SAD guess density has 504.000001 electrons

 -----------------------------------------------------------------------
  General SCF calculation program by
  Eric Jon Sundstrom, Paul Horn, Yuezhi Mao, Dmitri Zuev, Alec White,
  David Stuck, Shaama M.S., Shane Yost, Joonho Lee, David Small,
  Daniel Levine, Susi Lehtola, Hugh Burton, Evgeny Epifanovsky
 -----------------------------------------------------------------------
 Exchange:     0.4200 Hartree-Fock + 0.5800 PBEh-3c
 Correlation:  1.0000 PBEh-3c
 Using SG-1 standard quadrature grid
 Dispersion:   Grimme D3
 using 8 threads for integral computing
 -------------------------------------------------------
 OpenMP Integral computing Module                
 Release: version 2.0, May 2017, Q-Chem Inc. Pleasanton 
 -------------------------------------------------------
 -------------------------------------------------------
 OpenMP BLAS3 based DFT computing Module                
 Release: version 1.0, May 2013, Q-Chem Inc. Pittsburgh 
 -------------------------------------------------------
 A restricted SCF calculation will be
 performed using DIIS
 SCF converges when DIIS error is below 1.0e-08
 ---------------------------------------
  Cycle       Energy         DIIS error
 ---------------------------------------
    1   -2951.7325928870      2.46e-02  
    2   -2924.9705269327      1.59e-03  
    3   -2925.1514242885      1.40e-03  
    4   -2925.4917384484      4.90e-04  
    5   -2925.5381803165      1.42e-04  
    6   -2925.5420533324      4.43e-05  
    7   -2925.5424262537      1.22e-05  
    8   -2925.5424556235      3.72e-06  
    9   -2925.5424585064      1.17e-06  
   10   -2925.5424589166      3.53e-07  
   11   -2925.5424588068      1.42e-07  
   12   -2925.5424587617      5.63e-08  
   13   -2925.5424588704      2.27e-08  
   14   -2925.5424588843      1.01e-08  
   15   -2925.5424589026      5.51e-09  Convergence criterion met
 ---------------------------------------
 SCF time:   CPU 21613.93s  wall 2947.00s 

************** Final PCM Free Energy Summary **************
 G_electrostatic  =      -0.02517125 hartree =     -15.79519537 kcal/mol
 G_cavitation     =       0.00000000 hartree =       0.00000000 kcal/mol
 G_dispersion     =       0.00000000 hartree =       0.00000000 kcal/mol
 G_repulsion      =       0.00000000 hartree =       0.00000000 kcal/mol
 --------------------------------------------------
 Non-electrostatic Free Energy =       0.00000000 hartree =       0.00000000 kcal/mol
 Total                         =      -0.02517125 hartree =     -15.79519537 kcal/mol
 --------------------------------------------------
 SCF Energy (H0 + V/2)                       =   -2925.54245890 
 Solute Internal Energy (H0)                 =   -2925.51728766 
 Total Free Energy (H0 + V/2 + non-elec)     =   -2925.54245890 hartree
                                             = -1835805.60077399 kcal/mol
***********************************************************

 SCF   energy in the final basis set =    -2925.5424589026
 Total energy in the final basis set =    -2925.5424589026
 
 Direct TDDFT/TDA calculation will be performed
 Exchange:     0.4200 Hartree-Fock + 0.5800 PBEh-3c
 Correlation:  1.0000 PBEh-3c
 Using SG-1 standard quadrature grid
 Dispersion:   Grimme D3
 Triplet excitation energies requested
 Adding PCM contribution to the XC response
 CIS energy converged when residual is below 10e- 6
 ---------------------------------------------------
 Iter    Rts Conv    Rts Left    Ttl Dev     Max Dev
 ---------------------------------------------------
   1         0           2      0.000038    0.000024
   2         0           2      0.000021    0.000011
   3         0           2      0.000019    0.000014
   4         0           2      0.000058    0.000045
   5         0           2      0.000038    0.000020
   6         0           2      0.000016    0.000008
   7         0           2      0.000011    0.000006
   8         0           2      0.000005    0.000003
   9         0           2      0.000004    0.000003
  10         1           1      0.000005    0.000004
  11         1           1      0.000003    0.000002
  12         2           0      0.000001    0.000001    Roots Converged
 ---------------------------------------------------
 
 ---------------------------------------------------
         TDDFT/TDA Excitation Energies              
 ---------------------------------------------------

 Excited state   1: excitation energy (eV) =    2.2096
 Total energy for state  1:                 -2925.46125787 au
    Multiplicity: Triplet
    Trans. Mom.:  0.0000 X   0.0000 Y   0.0000 Z
    Strength   :     0.0000000000
    D(247) --> V(  1) amplitude = -0.9174

 Excited state   2: excitation energy (eV) =    2.4137
 Total energy for state  2:                 -2925.45375725 au
    Multiplicity: Triplet
    Trans. Mom.:  0.0000 X   0.0000 Y   0.0000 Z
    Strength   :     0.0000000000
    D(246) --> V(  2) amplitude = -0.4515
    D(249) --> V(  1) amplitude = -0.7930
 
 ---------------------------------------------------
 Calculating Relaxed Density
 ---------------------------------------------------
 Iter    Rts Conv    Rts Left    Ttl Dev     Max Dev
 ---------------------------------------------------
   1         0           2      0.000082    0.000044
   2         0           2      0.000036    0.000019
   3         0           2      0.000009    0.000005
   4         0           2      0.000003    0.000002
   5         2           0      0.000000    0.000000    Roots Converged
 ---------------------------------------------------
  SETman timing summary (seconds)
  CPU time             16408.11s
  System time              0.00s
  Wall time             3394.60s



*********SPIN-ORBIT COUPLING JOB BEGINS HERE*********


=======================================================================================
    SPIN-ORBIT COUPLING BETWEEN THE SINGLET GROUND STATE AND EXCITED TRIPLET STATE
=======================================================================================

SOC between the singlet ground state and excited triplet states (ms=0):
T1(ms=0)      0.000000  +  -0.318691i    cm-1
T2(ms=0)      0.000000  +  -1.066854i    cm-1
SOC between the singlet ground state and excited triplet states (ms=1):
T1(ms=1)      0.080033  + (-0.013060i)    cm-1
T2(ms=1)      -0.053598  + (-0.160880i)    cm-1
SOC between the singlet ground state and excited triplet states (ms=-1):
T1(ms=-1)     0.080033  - (-0.013060i)    cm-1
T2(ms=-1)     -0.053598  - (-0.160880i)    cm-1
Total SOC between the singlet ground state and excited triplet states:
T1      0.338697    cm-1
T2      1.093475    cm-1




=======================================================================================
                     SPIN-ORBIT COUPLING BETWEEN EXCITED TRIPLET STATES
=======================================================================================

SOC between the T1 (ms=0) state and excited triplet states (ms=1):
T2(ms=1)      -0.010629  + (-0.027536i)    cm-1
SOC between the T1 (ms=0) state and excited triplet states (ms=-1):
T2(ms=-1)     0.010629  + (-0.027536i)    cm-1
SOC between the T1 (ms=1) state and excited triplet states (ms=0):
T2(ms=0)      0.010629  + (-0.027536i)    cm-1
SOC between the T1 (ms=1) state and excited triplet states (ms=1):
T2(ms=1)      0.000000  + (-0.039886i)    cm-1
SOC between the T1 (ms=-1) state and excited triplet states (ms=0):
T2(ms=0)      -0.010629  + (-0.027536i)    cm-1
SOC between the T1 (ms=-1) state and excited triplet states (ms=-1):
T2(ms=-1)     0.000000  + (0.039886i)    cm-1
Total SOC between the T1 state and excited triplet states:
T2      0.081649    cm-1







=======================================================================================
         SPIN-ORBIT COUPLING BETWEEN EXCITED SINGLET STATES AND TRIPLET STATES
=======================================================================================

SOC between the S1 state and excited triplet states (ms=0):
T1(ms=0)      0.000000  +  -nani    cm-1
T2(ms=0)      0.000000  +  -nani    cm-1
SOC between the S1 state and excited triplet states (ms=1):
T1(ms=1)      (-nan)  + (-nani)    cm-1
T2(ms=1)      (-nan)  + (-nani)    cm-1
SOC between the S1 state and excited triplet states (ms=-1):
T1(ms=-1)    -(-nan)  + (-nani)    cm-1
T2(ms=-1)    -(-nan)  + (-nani)    cm-1
Total SOC between the S1 state and excited triplet states:
T1      -nan    cm-1
T2      -nan    cm-1



SOC between the S2 state and excited triplet states (ms=0):
T1(ms=0)      0.000000  +  -0.062982i    cm-1
T2(ms=0)      0.000000  +  -0.001655i    cm-1
SOC between the S2 state and excited triplet states (ms=1):
T1(ms=1)      (0.002504)  + (0.020014i)    cm-1
T2(ms=1)      (-0.008488)  + (0.037041i)    cm-1
SOC between the S2 state and excited triplet states (ms=-1):
T1(ms=-1)    -(0.002504)  + (0.020014i)    cm-1
T2(ms=-1)    -(-0.008488)  + (0.037041i)    cm-1
Total SOC between the S2 state and excited triplet states:
T1      0.069140    cm-1
T2      0.053767    cm-1






            *********SOC CODE ENDS HERE*********



 
 --------------------------------------------------------------
 
                    Orbital Energies (a.u.)
 --------------------------------------------------------------
 
 Alpha MOs
 -- Occupied --
-14.695 -14.690 -10.494 -10.492 -10.492 -10.491 -10.487 -10.487
-10.472 -10.469 -10.469 -10.469 -10.469 -10.468 -10.468 -10.468
-10.467 -10.467 -10.467 -10.465 -10.465 -10.465 -10.465 -10.465
-10.464 -10.464 -10.463 -10.463 -10.462 -10.462 -10.462 -10.460
-10.460 -10.460 -10.460 -10.460 -10.459 -10.458 -10.453 -10.453
-10.452 -10.451 -10.451 -10.451 -10.450 -10.450 -10.450 -10.450
-10.450 -10.449 -10.449 -10.449 -10.449 -10.448 -10.448 -10.448
-10.447 -10.447 -10.444 -10.443 -10.443 -10.443 -10.443 -10.442
-10.441 -10.441 -10.440 -10.440 -10.434 -10.433 -10.432 -10.431
-10.430 -10.429  -6.956  -6.948  -1.112  -1.112  -1.020  -1.019
 -0.979  -0.978  -0.966  -0.963  -0.956  -0.952  -0.948  -0.948
 -0.937  -0.935  -0.913  -0.904  -0.891  -0.889  -0.882  -0.881
 -0.863  -0.860  -0.855  -0.853  -0.850  -0.849  -0.848  -0.847
 -0.828  -0.819  -0.815  -0.815  -0.811  -0.810  -0.809  -0.808
 -0.776  -0.773  -0.772  -0.772  -0.740  -0.739  -0.733  -0.730
 -0.728  -0.724  -0.702  -0.698  -0.692  -0.691  -0.688  -0.683
 -0.680  -0.671  -0.660  -0.656  -0.653  -0.651  -0.650  -0.646
 -0.644  -0.642  -0.602  -0.600  -0.596  -0.594  -0.594  -0.591
 -0.590  -0.589  -0.586  -0.579  -0.579  -0.576  -0.573  -0.560
 -0.553  -0.552  -0.547  -0.546  -0.531  -0.530  -0.528  -0.524
 -0.522  -0.520  -0.518  -0.513  -0.510  -0.507  -0.505  -0.504
 -0.500  -0.499  -0.498  -0.495  -0.493  -0.492  -0.492  -0.492
 -0.490  -0.488  -0.488  -0.486  -0.482  -0.482  -0.481  -0.480
 -0.475  -0.475  -0.473  -0.471  -0.470  -0.469  -0.468  -0.467
 -0.466  -0.459  -0.449  -0.444  -0.443  -0.443  -0.442  -0.433
 -0.431  -0.430  -0.428  -0.426  -0.425  -0.424  -0.423  -0.419
 -0.416  -0.414  -0.413  -0.406  -0.402  -0.401  -0.399  -0.399
 -0.398  -0.397  -0.397  -0.396  -0.394  -0.394  -0.391  -0.390
 -0.385  -0.378  -0.375  -0.373  -0.366  -0.358  -0.355  -0.344
 -0.334  -0.331  -0.326  -0.320  -0.302  -0.301  -0.300  -0.298
 -0.287  -0.287  -0.286  -0.286  -0.284  -0.266  -0.261  -0.261
 -0.259  -0.256  -0.242  -0.232
 -- Virtual --
 -0.102  -0.064  -0.042  -0.036  -0.016  -0.015  -0.009  -0.001
  0.002   0.002   0.011   0.016   0.019   0.023   0.024   0.038
  0.050   0.054   0.061   0.064   0.066   0.078   0.083   0.087
  0.117   0.122   0.131   0.142   0.146   0.147   0.150   0.153
  0.154   0.156   0.159   0.161   0.162   0.164   0.166   0.167
  0.169   0.174   0.180   0.181   0.182   0.185   0.190   0.191
  0.194   0.195   0.197   0.198   0.199   0.202   0.203   0.204
  0.205   0.207   0.208   0.212   0.212   0.216   0.217   0.218
  0.222   0.223   0.225   0.226   0.229   0.231   0.232   0.234
  0.236   0.237   0.238   0.239   0.243   0.244   0.246   0.247
  0.247   0.248   0.248   0.250   0.253   0.258   0.262   0.264
  0.265   0.267   0.269   0.272   0.274   0.279   0.279   0.281
  0.283   0.285   0.285   0.287   0.288   0.291   0.294   0.300
  0.301   0.302   0.304   0.307   0.309   0.311   0.313   0.313
  0.315   0.323   0.324   0.328   0.329   0.330   0.334   0.336
  0.343   0.347   0.356   0.358   0.358   0.361   0.363   0.364
  0.368   0.373   0.381   0.384   0.387   0.391   0.399   0.401
  0.404   0.409   0.411   0.413   0.415   0.420   0.421   0.425
  0.425   0.429   0.436   0.442   0.448   0.451   0.453   0.456
  0.458   0.460   0.466   0.475   0.479   0.482   0.483   0.488
  0.489   0.490   0.491   0.494   0.499   0.501   0.502   0.509
  0.513   0.517   0.518   0.520   0.522   0.522   0.524   0.525
  0.527   0.528   0.529   0.531   0.532   0.533   0.534   0.535
  0.537   0.538   0.544   0.545   0.545   0.550   0.553   0.554
  0.554   0.557   0.558   0.559   0.561   0.565   0.568   0.570
  0.571   0.572   0.573   0.574   0.578   0.580   0.581   0.581
  0.583   0.584   0.586   0.587   0.589   0.591   0.592   0.595
  0.595   0.596   0.597   0.599   0.600   0.601   0.602   0.603
  0.606   0.607   0.609   0.610   0.612   0.613   0.614   0.617
  0.618   0.619   0.621   0.622   0.623   0.625   0.626   0.630
  0.632   0.633   0.635   0.635   0.638   0.639   0.640   0.641
  0.642   0.644   0.645   0.646   0.651   0.651   0.653   0.656
  0.657   0.660   0.663   0.666   0.667   0.672   0.674   0.675
  0.677   0.678   0.680   0.680   0.684   0.685   0.687   0.692
  0.696   0.698   0.700   0.702   0.703   0.707   0.710   0.713
  0.715   0.717   0.719   0.721   0.725   0.726   0.727   0.728
  0.731   0.734   0.734   0.738   0.741   0.745   0.749   0.751
  0.753   0.756   0.757   0.760   0.764   0.768   0.773   0.774
  0.776   0.779   0.782   0.783   0.785   0.787   0.789   0.791
  0.795   0.797   0.801   0.808   0.814   0.819   0.824   0.827
  0.832   0.835   0.838   0.848   0.850   0.855   0.862   0.864
  0.869   0.874   0.877   0.880   0.891   0.894   0.898   0.901
  0.908   0.911   0.913   0.918   0.924   0.926   0.928   0.931
  0.934   0.936   0.938   0.939   0.945   0.946   0.951   0.952
  0.954   0.959   0.963   0.964   0.966   0.968   0.972   0.973
  0.976   0.980   0.982   0.986   0.986   0.988   0.990   0.992
  0.993   0.995   0.997   0.998   1.001   1.003   1.004   1.005
  1.007   1.009   1.013   1.014   1.019   1.023   1.025   1.025
  1.031   1.034   1.036   1.039   1.039   1.041   1.042   1.044
  1.047   1.048   1.052   1.053   1.055   1.058   1.060   1.062
  1.063   1.067   1.068   1.072   1.077   1.079   1.079   1.081
  1.082   1.083   1.085   1.091   1.094   1.098   1.103   1.105
  1.108   1.110   1.114   1.117   1.121   1.121   1.127   1.128
  1.130   1.131   1.135   1.137   1.139   1.142   1.146   1.147
  1.150   1.152   1.160   1.161   1.163   1.166   1.169   1.172
  1.175   1.181   1.183   1.187   1.193   1.197   1.198   1.205
  1.208   1.213   1.220   1.228   1.233   1.234   1.244   1.246
  1.247   1.249   1.252   1.258   1.259   1.265   1.272   1.276
  1.279   1.284   1.288   1.291   1.294   1.295   1.297   1.299
  1.303   1.307   1.310   1.310   1.313   1.316   1.319   1.322
  1.324   1.331   1.333   1.336   1.337   1.339   1.346   1.349
  1.351   1.358   1.364   1.366   1.367   1.370   1.371   1.372
  1.378   1.379   1.382   1.388   1.391   1.394   1.395   1.402
  1.404   1.408   1.413   1.415   1.426   1.427   1.429   1.436
  1.437   1.438   1.442   1.447   1.450   1.462   1.466   1.472
  1.475   1.483   1.495   1.496   1.498   1.501   1.506   1.508
  1.510   1.510   1.512   1.514   1.514   1.515   1.522   1.525
  1.527   1.528   1.529   1.530   1.535   1.536   1.537   1.540
  1.542   1.544   1.546   1.548   1.550   1.552   1.554   1.556
  1.556   1.558   1.559   1.565   1.566   1.568   1.572   1.575
  1.575   1.579   1.582   1.591   1.593   1.595   1.597   1.602
  1.604   1.613   1.614   1.624   1.632   1.637   1.648   1.649
  1.662   1.670   1.676   1.698   1.714   1.718   1.726   1.742
  1.744   1.748   1.764   1.768   1.772   1.786   1.789   1.801
  1.802   1.803   1.806   1.808   1.809   1.810   1.811   1.818
  1.820   1.821   1.824   1.825   1.836   1.840   1.843   1.845
  1.849   1.851   1.875   1.878   1.885   1.892   1.896   1.897
  1.899   1.904   1.910   1.914   1.916   1.918   1.921   1.925
  1.925   1.928   1.932   1.937   1.938   1.940   1.942   1.952
  1.953   1.955   1.958   1.961   1.967   1.970   1.976   1.980
  1.981   1.981   1.984   1.986   1.994   2.003   2.008   2.023
  2.027   2.033   2.035   2.039   2.039   2.042   2.046   2.048
  2.051   2.053   2.057   2.060   2.065   2.067   2.069   2.077
  2.079   2.079   2.097   2.100   2.106   2.107   2.115   2.120
  2.121   2.132   2.135   2.136   2.137   2.141   2.147   2.148
  2.149   2.153   2.154   2.155   2.160   2.163   2.167   2.174
  2.177   2.184   2.189   2.190   2.196   2.198   2.202   2.203
  2.220   2.221   2.224   2.226   2.227   2.229   2.230   2.233
  2.237   2.243   2.247   2.249   2.251   2.254   2.259   2.263
  2.265   2.266   2.270   2.273   2.275   2.277   2.279   2.281
  2.283   2.285   2.289   2.296   2.300   2.304   2.312   2.315
  2.317   2.318   2.319   2.329   2.331   2.333   2.336   2.336
  2.340   2.344   2.344   2.346   2.348   2.349   2.353   2.356
  2.357   2.366   2.369   2.372   2.378   2.378   2.380   2.382
  2.386   2.389   2.396   2.400   2.402   2.407   2.409   2.413
  2.415   2.419   2.422   2.427   2.434   2.437   2.445   2.447
  2.450   2.459   2.460   2.463   2.468   2.472   2.477   2.482
  2.489   2.493   2.494   2.495   2.501   2.509   2.515   2.530
  2.534   2.541   2.559   2.568   2.578   2.594   2.598   2.599
  2.601   2.620   2.630   2.635   2.638   2.641   2.642   2.645
  2.657   2.659   2.674   2.677   2.678   2.682   2.698   2.704
  2.707   2.710   2.712   2.716   2.717   2.719   2.722   2.724
  2.726   2.730   2.733   2.734   2.735   2.743   2.745   2.755
  2.766   2.767   2.769   2.770   2.773   2.780   2.781   2.783
  2.785   2.786   2.786   2.792   2.794   2.795   2.802   2.805
  2.807   2.816   2.825   2.834   2.839   2.841   2.843   2.855
  2.858   2.864   2.864   2.869   2.872   2.881   2.886   2.890
  2.897   2.904   2.909   2.912   2.923   2.928   2.931   2.935
  2.941   2.941   2.945   2.948   2.973   2.975   2.988   2.997
  2.997   3.001   3.007   3.011   3.014   3.030   3.056   3.062
  3.078   3.080   3.125   3.133   3.143   3.230   3.247   3.252
  3.254   3.294   3.321   3.331   3.396   3.431   3.434   3.435
  3.447   3.454   3.465   3.484   3.487   3.487   3.555   3.561
  3.607   3.620   3.660   3.670   9.589   9.728  13.138  13.172
 13.218  13.219  13.422  13.427  13.433  13.494  13.506  13.508
 13.522  13.542  13.671  13.674  13.691  13.697  13.705  13.716
 13.732  13.785  13.788  13.797  13.805  13.811  13.850  13.857
 13.883  13.896  13.907  13.923  13.944  13.950  13.953  13.993
 14.002  14.018  14.030  14.037  14.106  14.113  14.126  14.155
 14.156  14.180  14.193  14.202  14.206  14.212  14.217  14.220
 14.224  14.246  14.255  14.271  14.306  14.308  14.309  14.319
 14.324  14.334  14.507  14.512  14.553  14.557  14.562  14.573
 14.574  14.576  14.577  14.593  14.604  14.608  19.554  19.585
 --------------------------------------------------------------
 
          Ground-State Mulliken Net Atomic Charges

     Atom                 Charge (a.u.)
  ----------------------------------------
      1 N                    -0.727672
      2 C                     0.349307
      3 C                     0.332891
      4 C                    -0.297554
      5 H                     0.249087
      6 C                    -0.257547
      7 H                     0.237276
      8 C                    -0.296902
      9 H                     0.255896
     10 C                    -0.261048
     11 H                     0.239514
     12 C                    -0.250670
     13 H                     0.234096
     14 C                    -0.357844
     15 H                     0.229040
     16 C                     0.072749
     17 C                    -0.248466
     18 H                     0.233985
     19 C                    -0.361472
     20 H                     0.229111
     21 C                     0.093631
     22 C                     0.270939
     23 C                    -0.322224
     24 H                     0.246735
     25 C                    -0.339513
     26 H                     0.248390
     27 C                     0.033030
     28 C                     0.039285
     29 C                    -0.207754
     30 C                    -0.760483
     31 H                     0.250381
     32 H                     0.246896
     33 H                     0.250387
     34 C                    -0.769620
     35 H                     0.253624
     36 H                     0.250834
     37 H                     0.251952
     38 B                     0.676327
     39 C                    -0.154420
     40 C                    -0.405513
     41 H                     0.236126
     42 C                     0.103561
     43 C                     0.083331
     44 C                    -0.390142
     45 H                     0.242404
     46 C                    -0.148459
     47 C                     0.185164
     48 C                    -0.383074
     49 H                     0.243540
     50 C                    -0.065358
     51 C                     0.231972
     52 C                     0.183333
     53 C                    -0.389827
     54 H                     0.242310
     55 C                    -0.224937
     56 H                     0.249552
     57 C                    -0.340800
     58 H                     0.245438
     59 C                    -0.222623
     60 H                     0.248669
     61 C                    -0.343939
     62 H                     0.245784
     63 B                     0.677713
     64 C                    -0.156621
     65 C                    -0.390554
     66 H                     0.242208
     67 C                     0.087893
     68 C                     0.097987
     69 C                    -0.389694
     70 H                     0.245780
     71 C                    -0.144759
     72 C                     0.191700
     73 C                    -0.397467
     74 H                     0.250265
     75 C                    -0.067887
     76 C                     0.229038
     77 C                     0.186035
     78 C                    -0.386630
     79 H                     0.242378
     80 C                    -0.223832
     81 H                     0.249060
     82 C                    -0.341203
     83 H                     0.245149
     84 C                    -0.226164
     85 H                     0.250705
     86 C                    -0.342978
     87 H                     0.245278
     88 C                    -0.232261
     89 C                     0.063446
     90 C                    -0.395599
     91 H                     0.264085
     92 C                     0.355774
     93 N                    -0.741008
     94 C                     0.329469
     95 C                    -0.295505
     96 H                     0.264727
     97 C                    -0.249477
     98 H                     0.239319
     99 C                    -0.252579
    100 H                     0.235476
    101 C                    -0.357763
    102 H                     0.231651
    103 C                     0.082135
    104 C                     0.337993
    105 C                    -0.296350
    106 H                     0.263799
    107 C                    -0.250509
    108 H                     0.239976
    109 C                    -0.252815
    110 H                     0.235518
    111 C                    -0.355697
    112 H                     0.232054
    113 C                     0.070755
    114 C                    -0.399661
    115 H                     0.260676
    116 C                     0.045713
    117 C                    -0.764406
    118 H                     0.248775
    119 H                     0.248364
    120 H                     0.248893
    121 C                    -0.769792
    122 H                     0.250748
    123 H                     0.250439
    124 H                     0.251553
  ----------------------------------------
  Sum of atomic charges =    -0.000000

 -----------------------------------------------------------------
                    Cartesian Multipole Moments
 -----------------------------------------------------------------
    Charge (ESU x 10^10)
                -0.0000
    Dipole Moment (Debye)
         X      -1.8563      Y      -0.3574      Z      -0.3536
       Tot       1.9232
    Quadrupole Moments (Debye-Ang)
        XX    -362.7172     XY     -24.5030     YY    -428.9342
        XZ     -12.4856     YZ       7.4143     ZZ    -413.1407
    Octopole Moments (Debye-Ang^2)
       XXX    3555.3561    XXY     336.1377    XYY    1371.7485
       YYY     435.9598    XXZ    2480.0525    XYZ     186.8366
       YYZ    2555.9355    XZZ    1510.1970    YZZ      24.1549
       ZZZ    7666.4157
    Hexadecapole Moments (Debye-Ang^3)
      XXXX  -59986.8924   XXXY    -291.4877   XXYY  -12776.1963
      XYYY    3051.4308   YYYY   -6977.2318   XXXZ  -32709.6068
      XXYZ   -2487.1526   XYYZ  -11206.6940   YYYZ   -3826.3094
      XXZZ  -38516.1560   XYZZ   -1190.3119   YYZZ  -27814.8450
      XZZZ  -34903.4677   YZZZ   -2053.6642   ZZZZ -158660.3767
 -----------------------------------------------------------------
 -----------------------------------------------------------------
               TDA Excited-State Multipoles, State  1
 -----------------------------------------------------------------
    Charge (ESU x 10^10)
                -0.0000
    Dipole Moment (Debye)
         X      -1.8201      Y      -0.4790      Z      -0.3389
       Tot       1.9123
    Quadrupole Moments (Debye-Ang)
        XX    -357.6328     XY     -26.4807     YY    -429.2913
        XZ     -17.0931     YZ       8.7938     ZZ    -419.5429
    Octopole Moments (Debye-Ang^2)
       XXX    3495.2588    XXY     347.0909    XYY    1376.7750
       YYY     435.0217    XXZ    2481.2076    XYZ     197.3414
       YYZ    2558.2019    XZZ    1584.3531    YZZ      14.8158
       ZZZ    7784.8799
    Hexadecapole Moments (Debye-Ang^3)
      XXXX  -59376.4502   XXXY    -382.4303   XXYY  -12786.6447
      XYYY    3037.7496   YYYY   -6983.6580   XXXZ  -32618.5368
      XXYZ   -2536.6879   XYYZ  -11252.8191   YYYZ   -3816.6655
      XXZZ  -38807.5793   XYZZ   -1257.0926   YYZZ  -27857.8706
      XZZZ  -35853.5365   YZZZ   -2004.5764   ZZZZ -160427.3181
 -----------------------------------------------------------------
 -----------------------------------------------------------------
               TDA Excited-State Multipoles, State  2
 -----------------------------------------------------------------
    Charge (ESU x 10^10)
                -0.0000
    Dipole Moment (Debye)
         X      -1.4356      Y      -0.5877      Z      -1.1620
       Tot       1.9382
    Quadrupole Moments (Debye-Ang)
        XX    -351.8814     XY     -28.9559     YY    -427.8886
        XZ     -16.7194     YZ      10.3187     ZZ    -402.7288
    Octopole Moments (Debye-Ang^2)
       XXX    3423.5189    XXY     357.7919    XYY    1376.2932
       YYY     432.1416    XXZ    2427.0503    XYZ     213.2165
       YYZ    2545.0455    XZZ    1537.5807    YZZ      -3.5383
       ZZZ    7534.4530
    Hexadecapole Moments (Debye-Ang^3)
      XXXX  -58276.1000   XXXY    -570.9231   XXYY  -12732.3700
      XYYY    3017.5657   YYYY   -6963.1909   XXXZ  -32136.2504
      XXYZ   -2584.7177   XYYZ  -11243.9148   YYYZ   -3790.1352
      XXZZ  -38158.8900   XYZZ   -1380.6916   YYZZ  -27712.1354
      XZZZ  -34991.3878   YZZZ   -1796.2711   ZZZZ -156994.6254
 -----------------------------------------------------------------
Archival summary:
1\1\ctcp010\SP\ProcedureUnspecified\BasisUnspecified\272248\mewes1\WedNov1413:42:482018WedNov1413:42:482018\0\\#,ProcedureUnspecified,BasisUnspecified,\\0,1\N\C,1,1.37512\C,1,1.37713,2,108.808\C,2,1.38869,1,129.147,3,179.999,0\H,4,1.08237,2,121.225,1,0.627289,0\C,4,1.38351,2,117.337,1,-179.292,0\H,6,1.0823,4,119.121,2,-179.985,0\C,3,1.3927,1,128.974,2,178.563,0\H,8,1.0826,3,121.58,1,0.980369,0\C,8,1.38321,3,117.576,1,-179.499,0\H,10,1.08304,8,119.014,3,-179.868,0\C,6,1.39931,4,121.556,2,0.16465,0\H,12,1.08189,6,119.459,4,179.898,0\C,12,1.38317,6,120.681,4,-0.034371,0\H,14,1.08313,12,120.573,6,179.818,0\C,14,1.39051,12,118.937,6,-0.120783,0\C,10,1.39935,8,121.442,3,-0.043867,0\H,17,1.08204,10,119.52,8,-179.762,0\C,17,1.38309,10,120.589,8,0.249366,0\H,19,1.08305,17,120.366,10,179.77,0\C,19,1.39267,17,119.079,10,-0.052276,0\C,1,1.41426,2,128.552,3,176.74,0\C,22,1.38587,1,120.399,2,-73.204,0\H,23,1.08442,22,119.586,1,7.62447,0\C,22,1.3859,1,118.92,2,114.247,0\H,25,1.0842,22,119.332,1,-8.45464,0\C,25,1.38916,22,120.194,1,167.208,0\C,23,1.39145,22,119.93,1,-167.94,0\C,28,1.40032,23,120.118,22,0.830694,0\C,28,1.50289,23,119.992,22,175.036,0\H,30,1.08993,28,111.851,23,10.9379,0\H,30,1.09093,28,111.495,23,131.995,0\H,30,1.09271,28,110.846,23,-109.221,0\C,27,1.50336,25,119.636,22,-174.421,0\H,34,1.09007,27,111.586,25,-10.5303,0\H,34,1.09059,27,111.685,25,-131.614,0\H,34,1.09295,27,110.91,25,109.376,0\B,29,1.58065,28,121.532,23,160.275,0\C,38,1.53271,29,125.259,28,102.405,0\C,39,1.41084,38,121.383,29,-8.36025,0\H,40,1.0858,39,118.849,38,-0.676558,0\C,40,1.37716,39,120.804,38,179.105,0\C,42,1.42715,40,119.606,39,-0.510043,0\C,43,1.3698,42,120.606,40,-0.138156,0\H,44,1.08667,43,119.617,42,-179.423,0\C,44,1.40921,43,120.582,42,0.585043,0\C,43,1.45696,42,108.467,40,-179.624,0\C,47,1.37237,43,134.868,42,179.866,0\H,48,1.08356,47,121.866,43,0.256545,0\C,47,1.40824,43,106.241,42,0.03982,0\C,50,1.39138,47,123.883,43,179.861,0\C,50,1.41223,47,111.341,43,-0.001293,0\C,52,1.37214,50,117.989,47,179.83,0\H,53,1.08286,52,121.836,50,-179.994,0\C,48,1.41304,47,118.393,43,-179.853,0\H,55,1.08286,48,118.588,47,-179.939,0\C,55,1.37676,48,122.424,47,0.032682,0\H,57,1.08321,55,119.802,48,-179.989,0\C,53,1.41491,52,118.533,50,0.033895,0\H,59,1.08253,53,118.293,52,179.991,0\C,59,1.37641,53,122.887,52,0.008755,0\H,61,1.08312,59,119.994,53,179.984,0\B,46,1.52473,44,120.661,43,-178.707,0\C,63,1.52567,46,121.013,44,-177.156,0\C,64,1.4126,63,121.533,46,178.368,0\H,65,1.08635,64,119.879,63,-1.06678,0\C,65,1.37027,64,120.629,63,178.56,0\C,67,1.42604,65,120.143,64,0.012369,0\C,68,1.37319,67,120.013,65,-0.584245,0\H,69,1.08451,68,119.327,67,-179.146,0\C,69,1.4103,68,120.948,67,0.451838,0\C,68,1.46171,67,107.969,65,-179.149,0\C,72,1.37327,68,135.652,67,179.713,0\H,73,1.08324,72,121.974,68,1.20919,0\C,72,1.41072,68,106.242,67,0.378432,0\C,75,1.39364,72,124.464,68,179.066,0\C,75,1.40942,72,111.531,68,-0.42541,0\C,77,1.37355,75,118.45,72,179.723,0\H,78,1.08342,77,121.88,75,-179.782,0\C,78,1.41419,77,118.711,75,-0.052864,0\H,80,1.08294,78,118.565,77,-179.929,0\C,80,1.37608,78,122.456,77,-0.103038,0\H,82,1.08346,80,119.952,78,-179.826,0\C,73,1.41529,72,118.648,68,-178.906,0\H,84,1.08277,73,118.255,72,179.931,0\C,84,1.37622,73,122.757,72,-0.100711,0\H,86,1.08338,84,120.074,73,179.88,0\C,63,1.57601,46,120.454,44,7.9737,0\C,88,1.41853,63,121.541,46,-98.6999,0\C,89,1.37407,88,120.06,63,-173.939,0\H,90,1.08288,89,120.224,88,-177.869,0\C,90,1.40648,89,120.015,88,-1.89204,0\N,92,1.37408,90,119.707,89,177.157,0\C,93,1.39615,92,124.731,90,-41.6797,0\C,94,1.38978,93,129.355,92,-4.75077,0\H,95,1.08041,94,122.535,93,1.17148,0\C,95,1.38705,94,117.421,93,-177.577,0\H,97,1.08134,95,119.017,94,-179.403,0\C,97,1.39182,95,121.319,94,1.52538,0\H,99,1.08151,97,119.537,95,179.603,0\C,99,1.39085,97,120.768,95,0.964853,0\H,101,1.08213,99,120.454,97,177.678,0\C,101,1.3817,99,118.602,97,-1.48265,0\C,93,1.39879,92,126.575,90,139.515,0\C,104,1.38694,93,129.499,92,-5.94082,0\H,105,1.08043,104,122.396,93,1.69513,0\C,105,1.38775,104,117.129,93,-177.047,0\H,107,1.08106,105,119.034,104,-179.421,0\C,107,1.3923,105,121.392,104,1.45924,0\H,109,1.08141,107,119.459,105,179.597,0\C,109,1.39083,107,120.941,105,0.78291,0\H,111,1.08217,109,120.682,107,177.868,0\C,111,1.37991,109,118.399,107,-1.34706,0\C,92,1.40399,90,120.423,89,-1.10387,0\H,114,1.08238,92,119.563,90,176.409,0\C,114,1.37438,92,119.982,90,2.86302,0\C,89,1.49641,88,119.309,63,5.89924,0\H,117,1.0894,89,111.938,88,176.143,0\H,117,1.09079,89,110.908,88,54.9376,0\H,117,1.09167,89,110.612,88,-62.9978,0\C,116,1.49679,114,120.115,92,176.18,0\H,121,1.08941,116,111.7,114,-0.776584,0\H,121,1.09078,116,110.719,114,120.115,0\H,121,1.091,116,110.962,114,-121.67,0\\\@

 Total job time:  14551.29s(wall), 46247.53s(cpu) 
 Wed Nov 14 13:42:48 2018

        *************************************************************
        *                                                           *
        *  Thank you very much for using Q-Chem.  Have a nice day.  *
        *                                                           *
        *************************************************************


0 sent ACK to 0 
now end server 0 ... 
 
*************************************************************
Job 2 of 2 
*************************************************************
 
mFile = /cm/shared/apps/q-chem/intel/QCHEM_5.1.0_Trunk/bin/mpi/machines
Process 0 of 1 is on ctcp010 - thread support 0
initial socket setup ...start
initial socket setup ...done 
now start server 0 ... 
Q-Chem Developer Version!
                  Welcome to Q-Chem
     A Quantum Leap Into The Future Of Chemistry


 Q-Chem 5.1, Q-Chem, Inc., Pleasanton, CA (2018)

 Yihan Shao,  Zhengting Gan,  E. Epifanovsky,  A. T. B. Gilbert,  M. Wormit,  
 J. Kussmann,  A. W. Lange,  A. Behn,  Jia Deng,  Xintian Feng,  D. Ghosh,  
 M. Goldey,  P. R. Horn,  L. D. Jacobson,  I. Kaliman,  T. Kus,  A. Landau,  
 Jie Liu,  E. I. Proynov,  R. M. Richard,  R. P. Steele,  E. J. Sundstrom,  
 H. L. Woodcock III,  P. M. Zimmerman,  D. Zuev,  B. Albrecht,  E. Alguire,  
 S. A. Baeppler,  D. Barton,  Z. Benda,  Y. A. Bernard,  E. J. Berquist,  
 K. B. Bravaya,  H. Burton,  D. Casanova,  Chun-Min Chang,  Yunqing Chen,  
 A. Chien,  K. D. Closser,  M. P. Coons,  S. Coriani,  S. Dasgupta,  
 A. L. Dempwolff,  M. Diedenhofen,  Hainam Do,  R. G. Edgar,  Po-Tung Fang,  
 S. Faraji,  S. Fatehi,  Qingguo Feng,  K. D. Fenk,  J. Fosso-Tande,  
 Qinghui Ge,  A. Ghysels,  G. Gidofalvi,  J. Gomes,  J. Gonthier,  A. Gunina,  
 D. Hait,  M. W. D. Hanson-Heine,  P. H. P. Harbach,  A. W. Hauser,  
 J. E. Herr,  E. G. Hohenstein,  Z. C. Holden,  Kerwin Hui,  B. C. Huynh,  
 T.-C. Jagau,  Hyunjun Ji,  B. Kaduk,  K. Khistyaev,  Jaehoon Kim,  
 P. Klunzinger,  K. Koh,  D. Kosenkov,  L. Koulias,  T. Kowalczyk,  
 C. M. Krauter,  A. Kunitsa,  Ka Un Lao,  A. Laurent,  K. V. Lawler,  
 Joonho Lee,  D. Lefrancois,  S. Lehtola,  D. S. Levine,  Yi-Pei Li,  
 You-Sheng Lin,  Fenglai Liu,  E. Livshits,  A. Luenser,  P. Manohar,  
 E. Mansoor,  S. F. Manzer,  Shan-Ping Mao,  Yuezhi Mao,  N. Mardirossian,  
 A. V. Marenich,  T. Markovich,  L. A. Martinez-Martinez,  S. A. Maurer,  
 N. J. Mayhall,  S. C. McKenzie,  J.-M. Mewes,  A. F. Morrison,  
 J. W. Mullinax,  K. Nanda,  T. S. Nguyen-Beck,  R. Olivares-Amaya,  
 J. A. Parkhill,  T. M. Perrine,  F. Plasser,  P. Pokhilko,  S. Prager,  
 A. Prociuk,  E. Ramos,  D. R. Rehn,  F. Rob,  M. Schneider,  N. Sergueev,  
 S. M. Sharada,  S. Sharma,  D. W. Small,  T. Stauch,  T. Stein,  
 Yu-Chuan Su,  A. J. W. Thom,  A. Tkatchenko,  T. Tsuchimochi,  N. M. Tubman,  
 L. Vogt,  M. L. Vidal,  O. Vydrov,  M. A. Watson,  J. Wenzel,  
 M. de Wergifosse,  T. A. Wesolowski,  A. White,  J. Witte,  A. Yamada,  
 Jun Yang,  K. Yao,  S. Yeganeh,  S. R. Yost,  Zhi-Qiang You,  A. Zech,  
 Igor Ying Zhang,  Xing Zhang,  Yan Zhao,  Ying Zhu,  B. R. Brooks,  
 G. K. L. Chan,  C. J. Cramer,  M. S. Gordon,  W. J. Hehre,  A. Klamt,  
 M. W. Schmidt,  C. D. Sherrill,  D. G. Truhlar,  A. Aspuru-Guzik,  R. Baer,  
 A. T. Bell,  N. A. Besley,  Jeng-Da Chai,  A. E. DePrince, III,  
 R. A. DiStasio Jr.,  A. Dreuw,  B. D. Dunietz,  T. R. Furlani,  
 Chao-Ping Hsu,  Yousung Jung,  Jing Kong,  D. S. Lambrecht,  WanZhen Liang,  
 C. Ochsenfeld,  V. A. Rassolov,  L. V. Slipchenko,  J. E. Subotnik,  
 T. Van Voorhis,  J. M. Herbert,  A. I. Krylov,  P. M. W. Gill,  M. Head-Gordon

 Contributors to earlier versions of Q-Chem not listed above: 
 R. D. Adamson,  B. Austin,  J. Baker,  G. J. O. Beran,  K. Brandhorst,  
 S. T. Brown,  E. F. C. Byrd,  A. K. Chakraborty,  C.-L. Cheng,  
 Siu Hung Chien,  D. M. Chipman,  D. L. Crittenden,  H. Dachsel,  
 R. J. Doerksen,  A. D. Dutoi,  L. Fusti-Molnar,  W. A. Goddard III,  
 A. Golubeva-Zadorozhnaya,  S. R. Gwaltney,  G. Hawkins,  A. Heyden,  
 S. Hirata,  G. Kedziora,  F. J. Keil,  C. Kelley,  Jihan Kim,  R. A. King,  
 R. Z. Khaliullin,  P. P. Korambath,  W. Kurlancheek,  A. M. Lee,  M. S. Lee,  
 S. V. Levchenko,  Ching Yeh Lin,  D. Liotard,  R. C. Lochan,  I. Lotan,  
 P. E. Maslen,  N. Nair,  D. P. O'Neill,  D. Neuhauser,  E. Neuscamman,  
 C. M. Oana,  R. Olson,  B. Peters,  R. Peverati,  P. A. Pieniazek,  
 Y. M. Rhee,  J. Ritchie,  M. A. Rohrdanz,  E. Rosta,  N. J. Russ,  
 H. F. Schaefer III,  N. E. Schultz,  N. Shenvi,  A. C. Simmonett,  A. Sodt,  
 D. Stuck,  K. S. Thanthiriwatte,  V. Vanovschi,  Tao Wang,  A. Warshel,  
 C. F. Williams,  Q. Wu,  X. Xu,  W. Zhang

 Please cite Q-Chem as follows:
 Y. Shao et al., Mol. Phys. 113, 184-215 (2015)
 DOI: 10.1080/00268976.2014.952696

 Q-Chem 5.1.1 for Intel X86 EM64T Linux

 Parts of Q-Chem use Armadillo 8.300.2 (Tropical Shenanigans).
 http://arma.sourceforge.net/

 Q-Chem begins on Wed Nov 14 13:42:51 2018  

Host: ctcp010
0

     Scratch files written to /scratch/mewes1/140314/qchem95481//
 Parallel job on  1  processors
The previous job contains 0 fragments, simply inherited here
Symmetry turned off for PCM/SM12/SMD calculation
Input Ideriv = 2
Curr. Ideriv = -1
Max.  Ideriv = 2
Input Ideriv = 1
Curr. Ideriv = 2
Max.  Ideriv = 1

Checking the input file for inconsistencies... 	...done.

--------------------------------------------------------------
User input:
--------------------------------------------------------------
$rem
threads 8
jobtype sp
method PBEh-3c
basis def2-mSVP
mem_static      1024
mem_total       14000
sym_ignore      true
cis_n_roots             6
cis_singlets            true
cis_triplets            true
rpa                     false
calc_soc                true
cis_moments             true
cis_relaxed_density     true
solvent_method          pcm
$end

$molecule
read
$end

$pcm
statespecific           Marcus 
$end

$solvent
dielectric      2.38 
dielectric_infi 2.25
$end

--------------------------------------------------------------
 Adding empirical dispersion correction 
 ----------------------------------------------------------------
 Doing -D3(BJ) with
 s6 =   1.00000
 s8 =   0.00000
 a1 =   0.48600
 a2 =   4.50000
 -D3 energy including 3body term =     -0.1205021795 hartrees
 ----------------------------------------------------------------
 Adding gCP correction 
 ----------------------------------------------------------------
 gCP energy =      0.1614403751 hartrees
 ----------------------------------------------------------------
             Standard Nuclear Orientation (Angstroms)
    I     Atom           X                Y                Z
 ----------------------------------------------------------------
    1      N       0.0000000000     0.0000000000     0.0000000000
    2      C       0.0000000000     0.0000000000     1.3751210000
    3      C       1.3036046611     0.0000000000    -0.4439740325
    4      C      -1.0769609831     0.0000164657     2.2518215460
    5      H      -2.0964013331    -0.0101011563     1.8882900282
    6      C      -0.7938504379     0.0151976455     3.6059668742
    7      H      -1.6115224100     0.0153800891     4.3150377266
    8      C       1.7838414527    -0.0271501163    -1.7509718192
    9      H       1.1136579502    -0.0369712730    -2.6011418250
   10      C       3.1555194261    -0.0310216206    -1.9292006562
   11      H       3.5543768349    -0.0497560126    -2.9359498454
   12      C       0.5230973210     0.0334074377     4.0786124873
   13      H       0.7055809282     0.0466058531     5.1449239626
   14      C       1.5892336579     0.0360674736     3.1974185711
   15      H       2.6078872904     0.0531399065     3.5651583853
   16      C       1.3326639841     0.0177711252     1.8309064759
   17      C       4.0332611630    -0.0076389504    -0.8396095797
   18      H       5.1009906389    -0.0075356541    -1.0150195150
   19      C       3.5474693773     0.0150110408     0.4551654323
   20      H       4.2301021476     0.0293153013     1.2958850786
   21      C       2.1701551521     0.0153628315     0.6614194035
   22      C      -1.1042284825    -0.0629020947    -0.8813981042
   23      C      -1.8016034385    -1.2488401449    -1.0483121905
   24      H      -1.5774322677    -2.0962010310    -0.4097965473
   25      C      -1.3804422570     1.0292129930    -1.6886884555
   26      H      -0.8373584627     1.9547778694    -1.5341802458
   27      C      -2.2781799710     0.9100804537    -2.7420789841
   28      C      -2.7160984504    -1.3758573739    -2.0893219801
   29      C      -2.9201835456    -0.3137744470    -2.9788241050
   30      C      -3.3903567060    -2.6953748488    -2.3401581277
   31      H      -3.2180358204    -3.4000911625    -1.5267570612
   32      H      -4.4680651241    -2.5769618687    -2.4611641979
   33      H      -3.0185256199    -3.1534266769    -3.2599157327
   34      C      -2.4742715162     2.0637955118    -3.6857801761
   35      H      -1.9950867663     2.9703520778    -3.3159173724
   36      H      -3.5314728772     2.2802087629    -3.8434773876
   37      H      -2.0473606466     1.8419296570    -4.6671398075
   38      B      -3.5682588008    -0.5407799688    -4.4025251061
   39      C      -5.0198632762    -0.2196784029    -4.7752897806
   40      C      -5.9631734274     0.1587595559    -3.7968083964
   41      H      -5.6490973539     0.2107410368    -2.7587277433
   42      C      -7.2598733811     0.4623884228    -4.1474641023
   43      C      -7.6515634020     0.4040339547    -5.5185708306
   44      C      -6.7493306419     0.0518921405    -6.4872492743
   45      H      -7.0624854071     0.0217433116    -7.5273854913
   46      C      -5.4207214506    -0.2711740345    -6.1462068118
   47      C      -9.0569475808     0.7764051336    -5.6132982525
   48      C      -9.9583826742     0.9010847139    -6.6405558699
   49      H      -9.6844249923     0.7004703616    -7.6695428375
   50      C      -9.4809126383     1.0516476456    -4.2989018497
   51      C     -10.7729130838     1.4476728677    -3.9675059189
   52      C      -8.4294430211     0.8767997363    -3.3724883895
   53      C      -8.6931729071     1.1133762433    -2.0468777609
   54      H      -7.9332950423     0.9986775217    -1.2839782829
   55      C     -11.2779714743     1.3010484819    -6.3316973289
   56      H     -11.9921230438     1.3994620716    -7.1397162507
   57      C     -11.6860803265     1.5684198492    -5.0442828367
   58      H     -12.7086383782     1.8720385284    -4.8557707710
   59      C      -9.9983440721     1.5173896542    -1.6790655110
   60      H     -10.2021602514     1.7028433090    -0.6321912262
   61      C     -11.0146016629     1.6832284972    -2.5924202994
   62      H     -11.9970569094     1.9941044730    -2.2588073768
   63      B      -4.4073329372    -0.6349339552    -7.2257983618
   64      C      -2.9846781566    -1.0482878640    -6.8613100678
   65      C      -2.0470960608    -1.4202095736    -7.8502713106
   66      H      -2.3398880905    -1.4321726435    -8.8963577785
   67      C      -0.7654474514    -1.7600678797    -7.5045766111
   68      C      -0.3640033012    -1.7416994426    -6.1363291991
   69      C      -1.2589029631    -1.3713575684    -5.1628534603
   70      H      -0.9377489294    -1.3479008349    -4.1272534070
   71      C      -2.5828223289    -1.0144111294    -5.4926607409
   72      C       1.0451282155    -2.1252858104    -6.0746364842
   73      C       1.9770796389    -2.2836867833    -5.0785168083
   74      H       1.7320282407    -2.1319670076    -4.0343213513
   75      C       1.4505121427    -2.3538540387    -7.4063829066
   76      C       2.7395224112    -2.7234365658    -7.7859907239
   77      C       0.3899108472    -2.1505478657    -8.3120644440
   78      C       0.6306351059    -2.3296243614    -9.6524420229
   79      H      -0.1429370958    -2.1849235577   -10.3970581140
   80      C       1.9293082918    -2.7081962349   -10.0648138296
   81      H       2.1167782653    -2.8476050720   -11.1222578671
   82      C       2.9600315404    -2.9015241555    -9.1738470458
   83      H       3.9403872825    -3.1887141056    -9.5348169732
   84      C       3.2943233286    -2.6588609304    -5.4351265776
   85      H       4.0242853509    -2.7808655202    -4.6447687282
   86      C       3.6803530918    -2.8737057966    -6.7385041837
   87      H       4.7015191684    -3.1579124725    -6.9624460661
   88      C      -4.7727266952    -0.4757274464    -8.7505723127
   89      C      -5.1979953095    -1.5812572231    -9.5310744290
   90      C      -5.3891596543    -1.4357344946   -10.8839819226
   91      H      -5.7467709816    -2.2684922081   -11.4766483482
   92      C      -5.2017856742    -0.1804195834   -11.4900029253
   93      N      -5.3373709719    -0.0545428684   -12.8515699556
   94      C      -4.8533323183    -0.9707946044   -13.7872080137
   95      C      -4.0847502542    -2.1113882192   -13.5876887755
   96      H      -3.7742279480    -2.4383953894   -12.6058948394
   97      C      -3.6944765753    -2.8234472722   -14.7122168049
   98      H      -3.1040144981    -3.7205460080   -14.5862277584
   99      C      -4.0315744048    -2.3950392984   -15.9928406206
  100      H      -3.7066316561    -2.9691087610   -16.8498847667
  101      C      -4.7565453529    -1.2234694703   -16.1833719914
  102      H      -4.9836848017    -0.8753708792   -17.1824928764
  103      C      -5.1625976832    -0.5088693229   -15.0727144109
  104      C      -5.9499385440     1.0016526956   -13.5340778103
  105      C      -6.6483934233     2.0895018579   -13.0317467943
  106      H      -6.7779748043     2.2549378545   -11.9719554104
  107      C      -7.2091706616     2.9620007013   -13.9537703815
  108      H      -7.7522766186     3.8255474705   -13.5959744273
  109      C      -7.1013962418     2.7372412395   -15.3235728471
  110      H      -7.5560548328     3.4341479415   -16.0142608207
  111      C      -6.4389071829     1.6172014395   -15.8145208727
  112      H      -6.3871894251     1.4286209410   -16.8788793211
  113      C      -5.8648437066     0.7459402697   -14.9114652447
  114      C      -4.8418715748     0.9353414517   -10.7175272624
  115      H      -4.6442601533     1.8812068539   -11.2051992911
  116      C      -4.6130321217     0.7927379878    -9.3698542165
  117      C      -5.4307434343    -2.9012999396    -8.8658237806
  118      H      -5.8174853250    -3.6450982833    -9.5615171560
  119      H      -6.1367930806    -2.8020606334    -8.0403141806
  120      H      -4.5030467188    -3.2839209565    -8.4360216162
  121      C      -4.1464705479     1.9615226118    -8.5595134947
  122      H      -4.0197022394     2.8524562722    -9.1734925356
  123      H      -4.8586957162     2.1894783690    -7.7654261743
  124      H      -3.1947431227     1.7438408298    -8.0725847116
 ----------------------------------------------------------------
 Nuclear Repulsion Energy = 10712.6498347488 hartrees
 There are      252 alpha and      252 beta electrons
 Requested basis set is def2-mSVP
 There are 628 shells and 1236 basis functions

 Total QAlloc Memory Limit  14000 MB
 Mega-Array Size      1001 MB
 MEM_STATIC part      1024 MB
 Discretize the solute cavity surface with Lebedev spheres
	Using 302 Lebedev grid points for each H atom
	Using 302 Lebedev grid points for other atoms
	Atomic van der Waals radii will be scaled by 1.20
 Remove points where switching function is < 1.0e-08
 Keep 13022 surface tesserae and discard 24426 interior tesserae
 Molecular Surface Area = 985.447 Angst**2
 A cutoff of  1.0D-11 yielded  54138 shell pairs
 There are    217594 function pairs (    240069 Cartesian)
 
 -------------------------------------------------------
 OpenMP Integral Computing Module                       
 Release: version 1.0, May 2013, Q-Chem Inc. Pittsburgh 
 -------------------------------------------------------
 Integral Job Info:
 Integral job number is                      11
 Integral operator is                         1
 short-range coefficients                     0
 long-range coefficients              100000000
 Omega coefficients                           0
 if combine SR and LR in K                    0
 Integral screening is                        0
 Integral computing path is                   2
 max size of driver memory is            800000
 size of driver memory is                593474
 size of scratch memory is              1809772
 max col of scratch BK array               1296
 max len of scratch array in speh3          155
 max len of scratch index in speh4           18
 max int batch size is                      520
 min int batch size is                       52
 fixed nKL is                                52
 max L of basis functions is                  2
 order of int derivative is                   0
 number of shells is                        628
 number of basis is                        1312
 number of cartesian basis is              1312
 number of contracted shell pairs         54138
 number of primitive shell pairs         113016
 maxK2 (contraction) of shell pair           25
 max number of K2 of shell pair               1
 max number of CS2 of shell pair          12939
 max number of PS2 of shell pair          20035
 mem total for path MDJ                 1079228
 -------------------------------------------------------
 Smallest overlap matrix eigenvalue = 1.96E-04

 Scale SEOQF with 1.000000e-02/1.000000e-01/1.000000e-03

 Standard Electronic Orientation quadrupole field applied
 Nucleus-field energy     =     0.0000001058 hartrees
 Guess from superposition of atomic densities
 Warning:  Energy on first SCF cycle will be non-variational
 SAD guess density has 504.000001 electrons

 -----------------------------------------------------------------------
  General SCF calculation program by
  Eric Jon Sundstrom, Paul Horn, Yuezhi Mao, Dmitri Zuev, Alec White,
  David Stuck, Shaama M.S., Shane Yost, Joonho Lee, David Small,
  Daniel Levine, Susi Lehtola, Hugh Burton, Evgeny Epifanovsky
 -----------------------------------------------------------------------
 Exchange:     0.4200 Hartree-Fock + 0.5800 PBEh-3c
 Correlation:  1.0000 PBEh-3c
 Using SG-1 standard quadrature grid
 Dispersion:   Grimme D3
 using 8 threads for integral computing
 -------------------------------------------------------
 OpenMP Integral computing Module                
 Release: version 2.0, May 2017, Q-Chem Inc. Pleasanton 
 -------------------------------------------------------
 -------------------------------------------------------
 OpenMP BLAS3 based DFT computing Module                
 Release: version 1.0, May 2013, Q-Chem Inc. Pittsburgh 
 -------------------------------------------------------
 A restricted SCF calculation will be
 performed using DIIS
 SCF converges when DIIS error is below 1.0e-08
 ---------------------------------------
  Cycle       Energy         DIIS error
 ---------------------------------------
    1   -2951.7325928870      2.46e-02  
    2   -2924.9701741066      1.59e-03  
    3   -2925.1487799731      1.40e-03  
    4   -2925.4908447944      4.94e-04  
    5   -2925.5381079539      1.42e-04  
    6   -2925.5420295765      4.51e-05  
    7   -2925.5424167045      1.23e-05  
    8   -2925.5424466010      3.79e-06  
    9   -2925.5424495995      1.18e-06  
   10   -2925.5424500102      3.56e-07  
   11   -2925.5424499101      1.43e-07  
   12   -2925.5424498698      5.75e-08  
   13   -2925.5424499714      2.33e-08  
   14   -2925.5424499818      1.01e-08  
   15   -2925.5424499993      5.57e-09  Convergence criterion met
 ---------------------------------------
 SCF time:   CPU 21677.05s  wall 2968.00s 

************** Final PCM Free Energy Summary **************
 G_electrostatic  =      -0.02515626 hartree =     -15.78579077 kcal/mol
 G_cavitation     =       0.00000000 hartree =       0.00000000 kcal/mol
 G_dispersion     =       0.00000000 hartree =       0.00000000 kcal/mol
 G_repulsion      =       0.00000000 hartree =       0.00000000 kcal/mol
 --------------------------------------------------
 Non-electrostatic Free Energy =       0.00000000 hartree =       0.00000000 kcal/mol
 Total                         =      -0.02515626 hartree =     -15.78579077 kcal/mol
 --------------------------------------------------
 SCF Energy (H0 + V/2)                       =   -2925.54245000 
 Solute Internal Energy (H0)                 =   -2925.51729374 
 Total Free Energy (H0 + V/2 + non-elec)     =   -2925.54245000 hartree
                                             = -1835805.59518712 kcal/mol
***********************************************************

 SCF   energy in the final basis set =    -2925.5424499993
 Total energy in the final basis set =    -2925.5424499993
 
 Direct TDDFT/TDA calculation will be performed
 Exchange:     0.4200 Hartree-Fock + 0.5800 PBEh-3c
 Correlation:  1.0000 PBEh-3c
 Using SG-1 standard quadrature grid
 Dispersion:   Grimme D3
 Triplet excitation energies requested
 Singlet excitation energies requested
 Adding PCM contribution to the XC response
 CIS energy converged when residual is below 10e- 6
 ---------------------------------------------------
 Iter    Rts Conv    Rts Left    Ttl Dev     Max Dev
 ---------------------------------------------------
   1         0           6      0.000162    0.000058
   2         0           6      0.000070    0.000021
   3         0           6      0.000099    0.000057
   4         0           6      0.000095    0.000048
   5         1           5      0.000092    0.000071
   6         2           4      0.000045    0.000032
   7         3           3      0.000026    0.000022
   8         5           1      0.000011    0.000009
   9         5           1      0.000005    0.000003
  10         6           0      0.000003    0.000001    Roots Converged
 ---------------------------------------------------
 Triplets done: starting singlet calculation
 ---------------------------------------------------
 Iter    Rts Conv    Rts Left    Ttl Dev     Max Dev
 ---------------------------------------------------
  11         0           6      0.000273    0.000127
  12         0           6      0.000096    0.000034
  13         0           6      0.000049    0.000015
  14         0           6      0.000038    0.000022
  15         1           5      0.000037    0.000024
  16         3           3      0.000060    0.000035
  17         4           2      0.000032    0.000026
  18         4           2      0.000013    0.000010
  19         5           1      0.000006    0.000004
  20         5           1      0.000004    0.000002
  21         6           0      0.000003    0.000001    Roots Converged
 ---------------------------------------------------
 
 ---------------------------------------------------
         TDDFT/TDA Excitation Energies              
 ---------------------------------------------------

 Excited state   1: excitation energy (eV) =    2.2091
 Total energy for state  1:                 -2925.46126652 au
    Multiplicity: Triplet
    Trans. Mom.:  0.0000 X   0.0000 Y   0.0000 Z
    Strength   :     0.0000000000
    D(247) --> V(  1) amplitude =  0.9173

 Excited state   2: excitation energy (eV) =    2.4135
 Total energy for state  2:                 -2925.45375690 au
    Multiplicity: Triplet
    Trans. Mom.:  0.0000 X   0.0000 Y   0.0000 Z
    Strength   :     0.0000000000
    D(246) --> V(  2) amplitude =  0.4515
    D(249) --> V(  1) amplitude =  0.7936

 Excited state   3: excitation energy (eV) =    2.4791
 Total energy for state  3:                 -2925.45134644 au
    Multiplicity: Triplet
    Trans. Mom.:  0.0000 X   0.0000 Y   0.0000 Z
    Strength   :     0.0000000000
    D(246) --> V(  1) amplitude =  0.7354
    D(246) --> V(  4) amplitude =  0.2301
    D(249) --> V(  2) amplitude =  0.5181

 Excited state   4: excitation energy (eV) =    2.5469
 Total energy for state  4:                 -2925.44885165 au
    Multiplicity: Triplet
    Trans. Mom.:  0.0000 X   0.0000 Y   0.0000 Z
    Strength   :     0.0000000000
    D(245) --> V(  1) amplitude = -0.2224
    D(252) --> V(  1) amplitude =  0.9021

 Excited state   5: excitation energy (eV) =    2.5670
 Total energy for state  5:                 -2925.44811564 au
    Multiplicity: Singlet
    Trans. Mom.:  0.2673 X  -0.0787 Y   0.2585 Z
    Strength   :     0.0090852534
    D(252) --> V(  1) amplitude =  0.9546

 Excited state   6: excitation energy (eV) =    2.7249
 Total energy for state  6:                 -2925.44231004 au
    Multiplicity: Triplet
    Trans. Mom.:  0.0000 X   0.0000 Y   0.0000 Z
    Strength   :     0.0000000000
    D(241) --> V(  1) amplitude = -0.2751
    D(242) --> V(  1) amplitude = -0.3705
    D(243) --> V(  1) amplitude = -0.5016
    D(247) --> V(  2) amplitude = -0.5465

 Excited state   7: excitation energy (eV) =    2.8642
 Total energy for state  7:                 -2925.43719341 au
    Multiplicity: Singlet
    Trans. Mom.: -0.0282 X   0.0218 Y  -0.0004 Z
    Strength   :     0.0000889419
    D(247) --> V(  1) amplitude =  0.9653

 Excited state   8: excitation energy (eV) =    3.0124
 Total energy for state  8:                 -2925.43174468 au
    Multiplicity: Triplet
    Trans. Mom.:  0.0000 X   0.0000 Y   0.0000 Z
    Strength   :     0.0000000000
    D(245) --> V(  1) amplitude = -0.2241
    D(251) --> V(  1) amplitude =  0.9359

 Excited state   9: excitation energy (eV) =    3.0222
 Total energy for state  9:                 -2925.43138660 au
    Multiplicity: Singlet
    Trans. Mom.:  0.9046 X  -0.2762 Y  -0.3460 Z
    Strength   :     0.0750975212
    D(249) --> V(  1) amplitude = -0.2334
    D(251) --> V(  1) amplitude =  0.9263

 Excited state  10: excitation energy (eV) =    3.0994
 Total energy for state 10:                 -2925.42855018 au
    Multiplicity: Singlet
    Trans. Mom.: -3.6895 X   1.1253 Y   0.9909 Z
    Strength   :     1.2043624240
    D(249) --> V(  1) amplitude =  0.9240
    D(251) --> V(  1) amplitude =  0.2290

 Excited state  11: excitation energy (eV) =    3.4062
 Total energy for state 11:                 -2925.41727491 au
    Multiplicity: Singlet
    Trans. Mom.: -0.3713 X   0.0168 Y   0.1546 Z
    Strength   :     0.0135232765
    D(246) --> V(  1) amplitude =  0.9357

 Excited state  12: excitation energy (eV) =    3.5285
 Total energy for state 12:                 -2925.41278130 au
    Multiplicity: Singlet
    Trans. Mom.: -0.0277 X   0.0206 Y   0.0297 Z
    Strength   :     0.0001790270
    D(250) --> V(  1) amplitude =  0.9901
 
 ---------------------------------------------------
 Calculating Relaxed Density
 ---------------------------------------------------
 Iter    Rts Conv    Rts Left    Ttl Dev     Max Dev
 ---------------------------------------------------
   1         0           6      0.000334    0.000109
   2         0           6      0.000125    0.000037
   3         0           6      0.000031    0.000010
   4         3           3      0.000009    0.000004
   5         4           2      0.000002    0.000001
   6         6           0      0.000000    0.000000    Roots Converged
 ---------------------------------------------------
 Triplets done- using as guess for singlets
 ---------------------------------------------------
 Iter    Rts Conv    Rts Left    Ttl Dev     Max Dev
 ---------------------------------------------------
   1         0           6      0.000464    0.000105
   2         0           6      0.000173    0.000040
   3         0           6      0.000043    0.000011
   4         0           6      0.000016    0.000004
   5         3           3      0.000004    0.000001
   6         6           0      0.000000    0.000000    Roots Converged
 ---------------------------------------------------
  SETman timing summary (seconds)
  CPU time             58737.87s
  System time              0.01s
  Wall time            18893.06s



*********SPIN-ORBIT COUPLING JOB BEGINS HERE*********
