mFile = /cm/shared/apps/q-chem/intel/QCHEM_5.1.0_Trunk/bin/mpi/machines
Process 0 of 1 is on ctcp036 - thread support 0
initial socket setup ...start
initial socket setup ...done 
now start server 0 ... 
Q-Chem Developer Version!
                  Welcome to Q-Chem
     A Quantum Leap Into The Future Of Chemistry


 Q-Chem 5.1, Q-Chem, Inc., Pleasanton, CA (2018)

 Yihan Shao,  Zhengting Gan,  E. Epifanovsky,  A. T. B. Gilbert,  M. Wormit,  
 J. Kussmann,  A. W. Lange,  A. Behn,  Jia Deng,  Xintian Feng,  D. Ghosh,  
 M. Goldey,  P. R. Horn,  L. D. Jacobson,  I. Kaliman,  T. Kus,  A. Landau,  
 Jie Liu,  E. I. Proynov,  R. M. Richard,  R. P. Steele,  E. J. Sundstrom,  
 H. L. Woodcock III,  P. M. Zimmerman,  D. Zuev,  B. Albrecht,  E. Alguire,  
 S. A. Baeppler,  D. Barton,  Z. Benda,  Y. A. Bernard,  E. J. Berquist,  
 K. B. Bravaya,  H. Burton,  D. Casanova,  Chun-Min Chang,  Yunqing Chen,  
 A. Chien,  K. D. Closser,  M. P. Coons,  S. Coriani,  S. Dasgupta,  
 A. L. Dempwolff,  M. Diedenhofen,  Hainam Do,  R. G. Edgar,  Po-Tung Fang,  
 S. Faraji,  S. Fatehi,  Qingguo Feng,  K. D. Fenk,  J. Fosso-Tande,  
 Qinghui Ge,  A. Ghysels,  G. Gidofalvi,  J. Gomes,  J. Gonthier,  A. Gunina,  
 D. Hait,  M. W. D. Hanson-Heine,  P. H. P. Harbach,  A. W. Hauser,  
 J. E. Herr,  E. G. Hohenstein,  Z. C. Holden,  Kerwin Hui,  B. C. Huynh,  
 T.-C. Jagau,  Hyunjun Ji,  B. Kaduk,  K. Khistyaev,  Jaehoon Kim,  
 P. Klunzinger,  K. Koh,  D. Kosenkov,  L. Koulias,  T. Kowalczyk,  
 C. M. Krauter,  A. Kunitsa,  Ka Un Lao,  A. Laurent,  K. V. Lawler,  
 Joonho Lee,  D. Lefrancois,  S. Lehtola,  D. S. Levine,  Yi-Pei Li,  
 You-Sheng Lin,  Fenglai Liu,  E. Livshits,  A. Luenser,  P. Manohar,  
 E. Mansoor,  S. F. Manzer,  Shan-Ping Mao,  Yuezhi Mao,  N. Mardirossian,  
 A. V. Marenich,  T. Markovich,  L. A. Martinez-Martinez,  S. A. Maurer,  
 N. J. Mayhall,  S. C. McKenzie,  J.-M. Mewes,  A. F. Morrison,  
 J. W. Mullinax,  K. Nanda,  T. S. Nguyen-Beck,  R. Olivares-Amaya,  
 J. A. Parkhill,  T. M. Perrine,  F. Plasser,  P. Pokhilko,  S. Prager,  
 A. Prociuk,  E. Ramos,  D. R. Rehn,  F. Rob,  M. Schneider,  N. Sergueev,  
 S. M. Sharada,  S. Sharma,  D. W. Small,  T. Stauch,  T. Stein,  
 Yu-Chuan Su,  A. J. W. Thom,  A. Tkatchenko,  T. Tsuchimochi,  N. M. Tubman,  
 L. Vogt,  M. L. Vidal,  O. Vydrov,  M. A. Watson,  J. Wenzel,  
 M. de Wergifosse,  T. A. Wesolowski,  A. White,  J. Witte,  A. Yamada,  
 Jun Yang,  K. Yao,  S. Yeganeh,  S. R. Yost,  Zhi-Qiang You,  A. Zech,  
 Igor Ying Zhang,  Xing Zhang,  Yan Zhao,  Ying Zhu,  B. R. Brooks,  
 G. K. L. Chan,  C. J. Cramer,  M. S. Gordon,  W. J. Hehre,  A. Klamt,  
 M. W. Schmidt,  C. D. Sherrill,  D. G. Truhlar,  A. Aspuru-Guzik,  R. Baer,  
 A. T. Bell,  N. A. Besley,  Jeng-Da Chai,  A. E. DePrince, III,  
 R. A. DiStasio Jr.,  A. Dreuw,  B. D. Dunietz,  T. R. Furlani,  
 Chao-Ping Hsu,  Yousung Jung,  Jing Kong,  D. S. Lambrecht,  WanZhen Liang,  
 C. Ochsenfeld,  V. A. Rassolov,  L. V. Slipchenko,  J. E. Subotnik,  
 T. Van Voorhis,  J. M. Herbert,  A. I. Krylov,  P. M. W. Gill,  M. Head-Gordon

 Contributors to earlier versions of Q-Chem not listed above: 
 R. D. Adamson,  B. Austin,  J. Baker,  G. J. O. Beran,  K. Brandhorst,  
 S. T. Brown,  E. F. C. Byrd,  A. K. Chakraborty,  C.-L. Cheng,  
 Siu Hung Chien,  D. M. Chipman,  D. L. Crittenden,  H. Dachsel,  
 R. J. Doerksen,  A. D. Dutoi,  L. Fusti-Molnar,  W. A. Goddard III,  
 A. Golubeva-Zadorozhnaya,  S. R. Gwaltney,  G. Hawkins,  A. Heyden,  
 S. Hirata,  G. Kedziora,  F. J. Keil,  C. Kelley,  Jihan Kim,  R. A. King,  
 R. Z. Khaliullin,  P. P. Korambath,  W. Kurlancheek,  A. M. Lee,  M. S. Lee,  
 S. V. Levchenko,  Ching Yeh Lin,  D. Liotard,  R. C. Lochan,  I. Lotan,  
 P. E. Maslen,  N. Nair,  D. P. O'Neill,  D. Neuhauser,  E. Neuscamman,  
 C. M. Oana,  R. Olson,  B. Peters,  R. Peverati,  P. A. Pieniazek,  
 Y. M. Rhee,  J. Ritchie,  M. A. Rohrdanz,  E. Rosta,  N. J. Russ,  
 H. F. Schaefer III,  N. E. Schultz,  N. Shenvi,  A. C. Simmonett,  A. Sodt,  
 D. Stuck,  K. S. Thanthiriwatte,  V. Vanovschi,  Tao Wang,  A. Warshel,  
 C. F. Williams,  Q. Wu,  X. Xu,  W. Zhang

 Please cite Q-Chem as follows:
 Y. Shao et al., Mol. Phys. 113, 184-215 (2015)
 DOI: 10.1080/00268976.2014.952696

 Q-Chem 5.1.1 for Intel X86 EM64T Linux

 Parts of Q-Chem use Armadillo 8.300.2 (Tropical Shenanigans).
 http://arma.sourceforge.net/

 Q-Chem begins on Wed Nov 14 10:37:04 2018  

Host: ctcp036
0

     Scratch files written to /scratch/mewes1/140315/qchem3678//
 Parallel job on  1  processors
The previous job contains 0 fragments, simply inherited here
Symmetry turned off for PCM/SM12/SMD calculation
Input Ideriv = 2
Curr. Ideriv = -1
Max.  Ideriv = 2
Input Ideriv = 1
Curr. Ideriv = 2
Max.  Ideriv = 1

Checking the input file for inconsistencies... 	...done.

--------------------------------------------------------------
User input:
--------------------------------------------------------------
$solvent
dielectric      1.0001
dielectric_infi 1.00009
$end

$rem
threads 8
jobtype	sp
method PBEh-3c
basis def2-mSVP
mem_static	1024
mem_total	14000
sym_ignore	true
cis_n_roots             2
cis_singlets            false
cis_triplets		true 
rpa                     false
calc_soc 		true
cis_moments             true
cis_relaxed_density	true
solvent_method		pcm
$end

$pcm
StateSpecific   1
ChargeSeparation Excited
$end


$molecule
read ut1opt_vac.mol
$end


--------------------------------------------------------------
 Adding empirical dispersion correction 
 ----------------------------------------------------------------
 Doing -D3(BJ) with
 s6 =   1.00000
 s8 =   0.00000
 a1 =   0.48600
 a2 =   4.50000
 -D3 energy including 3body term =     -0.1204801445 hartrees
 ----------------------------------------------------------------
 Adding gCP correction 
 ----------------------------------------------------------------
 gCP energy =      0.1609253659 hartrees
 ----------------------------------------------------------------
             Standard Nuclear Orientation (Angstroms)
    I     Atom           X                Y                Z
 ----------------------------------------------------------------
    1      N       0.0000000000     0.0000000000     0.0000000000
    2      C       0.0000000000     0.0000000000     1.3776610000
    3      C       1.3062427956     0.0000000000    -0.4432913542
    4      C      -1.0763698872    -0.0108697070     2.2537546252
    5      H      -2.0956521834    -0.0338634712     1.8909237066
    6      C      -0.7934322690     0.0118322389     3.6073578285
    7      H      -1.6104743762     0.0040159810     4.3167590503
    8      C       1.7921122507    -0.0482982649    -1.7469054478
    9      H       1.1258213837    -0.0668363298    -2.5999567988
   10      C       3.1645606439    -0.0575722411    -1.9209974089
   11      H       3.5667579620    -0.0891994139    -2.9260078062
   12      C       4.0376306003    -0.0192582104    -0.8300749789
   13      H       5.1058292165    -0.0227405514    -1.0007412589
   14      C       3.5460565969     0.0240727803     0.4615147306
   15      H       4.2254703876     0.0483752377     1.3042801007
   16      C       2.1693324092     0.0286154380     0.6635427827
   17      C       0.5221959849     0.0483820324     4.0789005959
   18      H       0.7049858349     0.0676462953     5.1447800986
   19      C       1.5873031973     0.0601004790     3.1977192658
   20      H       2.6053338036     0.0887177941     3.5656189717
   21      C       1.3309913402     0.0334035302     1.8322414595
   22      C      -1.0949783899    -0.1730811787    -0.8731752140
   23      C      -1.3780228844     0.8163679274    -1.8013832426
   24      H      -0.8538417406     1.7630717145    -1.7416017520
   25      C      -1.7794494177    -1.3784495228    -0.9083182700
   26      H      -1.5547643381    -2.1415929843    -0.1716566419
   27      C      -2.2535430240     0.5625827717    -2.8491961573
   28      C      -2.6722499218    -1.6400399706    -1.9414421994
   29      C      -2.8694026856    -0.6917340085    -2.9526014526
   30      C      -3.3210434466    -2.9912581249    -2.0516428439
   31      H      -3.1710445104    -3.5882638947    -1.1526183528
   32      H      -4.3952232634    -2.9080305370    -2.2224065663
   33      H      -2.9102089155    -3.5553785808    -2.8927229204
   34      C      -2.4471649319     1.5939659897    -3.9257232767
   35      H      -2.0196669746     2.5557119553    -3.6433124076
   36      H      -3.5023468769     1.7504779752    -4.1521714348
   37      H      -1.9665479028     1.2850266803    -4.8575706708
   38      B      -3.4502093579    -1.1084555661    -4.3577247977
   39      C      -4.8821368662    -0.8855935452    -4.8356718965
   40      C      -5.8675333171    -0.3977168449    -3.9540946791
   41      H      -5.5922555040    -0.1874110260    -2.9262051758
   42      C      -7.1512956665    -0.1901342134    -4.3935108943
   43      C      -8.3551850744     0.2878175057    -3.7402152772
   44      C      -8.6788626307     0.7004692788    -2.4697310662
   45      H      -7.9474076675     0.7199264822    -1.6722195463
   46      C     -10.0055603019     1.1056855638    -2.2147304221
   47      H     -10.2616991013     1.4303456632    -1.2149768703
   48      C     -10.9857436323     1.1053529286    -3.1837169435
   49      H     -11.9890754751     1.4266642487    -2.9337623732
   50      C      -9.3696147496     0.2925415993    -4.7246635103
   51      C     -10.6844275930     0.6875300479    -4.5009537177
   52      C      -8.8880860285    -0.1533205144    -5.9733518329
   53      C      -9.7502343631    -0.2068070298    -7.0434117535
   54      H      -9.4271703837    -0.5423543558    -8.0208697828
   55      C     -11.0869029099     0.1887702812    -6.8407855941
   56      H     -11.7715754728     0.1492868870    -7.6778613681
   57      C     -11.5524977573     0.6228497406    -5.6178758965
   58      H     -12.5896510586     0.9159327643    -5.5136107983
   59      C      -7.4922833410    -0.4627580981    -5.7830559338
   60      C      -6.5463685958    -0.9244435482    -6.6579516302
   61      H      -6.8034587841    -1.1129240917    -7.6945066094
   62      C      -5.2322485813    -1.1552119566    -6.2235705737
   63      B      -4.1918923395    -1.6610912432    -7.2203543390
   64      C      -2.7800965650    -1.9617467367    -6.7201733860
   65      C      -1.8090075043    -2.4561704293    -7.6076869962
   66      H      -2.0779021556    -2.6340212170    -8.6429749427
   67      C      -0.5322492664    -2.6944066474    -7.1716945115
   68      C       0.6533681789    -3.1596890702    -7.8592519997
   69      C       0.9453972747    -3.5346051108    -9.1510156002
   70      H       0.1938081476    -3.5327261186    -9.9301891121
   71      C       2.2657620460    -3.9232788265    -9.4554771452
   72      H       2.4978873477    -4.2172001073   -10.4707755524
   73      C       3.2689653291    -3.9386819296    -8.5107286990
   74      H       4.2692338930    -4.2422275552    -8.7942170484
   75      C       1.6859901917    -3.1808981961    -6.8962705259
   76      C       2.9981619237    -3.5570166557    -7.1748461643
   77      C       1.2325747347    -2.7621041834    -5.6262105241
   78      C       2.1336648336    -2.7245680129    -4.5875158998
   79      H       1.8496268851    -2.4147340846    -3.5895700094
   80      C       3.4688672179    -3.1017179750    -4.8441477013
   81      H       4.1767839708    -3.0699917311    -4.0262540364
   82      C       3.9026027097    -3.5055731734    -6.0883520098
   83      H       4.9392975423    -3.7831656400    -6.2339961433
   84      C      -0.1726049329    -2.4445351384    -5.7828901014
   85      C      -1.1057130525    -1.9619850153    -4.9057854586
   86      H      -0.8250288318    -1.7687051658    -3.8773867062
   87      C      -2.4225115328    -1.7028597829    -5.3342275198
   88      C      -4.5390010358    -1.8282963674    -8.7476979104
   89      C      -5.0444183631    -3.0340512535    -9.2499834855
   90      C      -5.3066678133    -3.1661385769   -10.6080906488
   91      H      -5.7092392100    -4.0927801450   -11.0006961334
   92      C      -5.0438868810    -2.1163228952   -11.4750766454
   93      C      -4.5450839671    -0.9197334245   -10.9873362501
   94      H      -4.3239129526    -0.1151892275   -11.6791586411
   95      C      -4.3033504712    -0.7646933356    -9.6287795344
   96      N      -5.2414892962    -2.2819494923   -12.8604253447
   97      C      -4.6043777407    -3.2311557980   -13.6316013513
   98      C      -6.0491424494    -1.5146053019   -13.6767785170
   99      C      -6.8911522983    -0.4592810586   -13.3513675793
  100      H      -6.9820188171    -0.1035359474   -12.3338300755
  101      C      -7.6152761433     0.1190476095   -14.3789390654
  102      H      -8.2786318923     0.9440729519   -14.1549621575
  103      C      -3.6800479898    -4.2008529679   -13.2557449392
  104      H      -3.3542609906    -4.3051860812   -12.2295984561
  105      C      -3.1856090982    -5.0345977867   -14.2421807292
  106      H      -2.4675914833    -5.7988110080   -13.9739469793
  107      C      -3.5899501084    -4.9121799880   -15.5742677424
  108      H      -3.1840675360    -5.5825672523   -16.3199809726
  109      C      -4.4993577276    -3.9389800100   -15.9423732534
  110      H      -4.8063892086    -3.8397252771   -16.9761055164
  111      C      -5.0118317231    -3.0881207160   -14.9679745073
  112      C      -7.5124898063    -0.3371965229   -15.6961949384
  113      H      -8.0944279207     0.1403884969   -16.4729124153
  114      C      -6.6775025691    -1.3925248491   -16.0107931483
  115      H      -6.6017453101    -1.7508160771   -17.0300016145
  116      C      -5.9382632846    -1.9896663695   -14.9969997601
  117      C      -3.7556733608     0.5367820459    -9.1150547120
  118      H      -3.6405071612     1.2682129574    -9.9145725093
  119      H      -4.4096359871     0.9737570528    -8.3578359767
  120      H      -2.7773812148     0.4028278793    -8.6484309085
  121      C      -5.2979186275    -4.1881177101    -8.3214486795
  122      H      -5.6930755759    -5.0544547781    -8.8513612076
  123      H      -6.0123766353    -3.9233554230    -7.5398467823
  124      H      -4.3810260835    -4.4992827018    -7.8164553134
 ----------------------------------------------------------------
 Nuclear Repulsion Energy = 10715.4322969878 hartrees
 There are      252 alpha and      252 beta electrons
 Requested basis set is def2-mSVP
 There are 628 shells and 1236 basis functions

 Total QAlloc Memory Limit  14000 MB
 Mega-Array Size      1001 MB
 MEM_STATIC part      1024 MB
 Discretize the solute cavity surface with Lebedev spheres
	Using 302 Lebedev grid points for each H atom
	Using 302 Lebedev grid points for other atoms
	Atomic van der Waals radii will be scaled by 1.20
 Remove points where switching function is < 1.0e-08
 Keep 13082 surface tesserae and discard 24366 interior tesserae
 Molecular Surface Area = 986.006 Angst**2
 A cutoff of  1.0D-11 yielded  54336 shell pairs
 There are    218410 function pairs (    240961 Cartesian)
 
 -------------------------------------------------------
 OpenMP Integral Computing Module                       
 Release: version 1.0, May 2013, Q-Chem Inc. Pittsburgh 
 -------------------------------------------------------
 Integral Job Info:
 Integral job number is                      11
 Integral operator is                         1
 short-range coefficients                     0
 long-range coefficients              100000000
 Omega coefficients                           0
 if combine SR and LR in K                    0
 Integral screening is                        0
 Integral computing path is                   2
 max size of driver memory is            800000
 size of driver memory is                593474
 size of scratch memory is              1809772
 max col of scratch BK array               1296
 max len of scratch array in speh3          155
 max len of scratch index in speh4           18
 max int batch size is                      520
 min int batch size is                       52
 fixed nKL is                                52
 max L of basis functions is                  2
 order of int derivative is                   0
 number of shells is                        628
 number of basis is                        1312
 number of cartesian basis is              1312
 number of contracted shell pairs         54336
 number of primitive shell pairs         113345
 maxK2 (contraction) of shell pair           25
 max number of K2 of shell pair               1
 max number of CS2 of shell pair          12974
 max number of PS2 of shell pair          20095
 mem total for path MDJ                 1080476
 -------------------------------------------------------
 Smallest overlap matrix eigenvalue = 2.01E-04

 Scale SEOQF with 1.000000e-02/1.000000e-02/1.000000e-03

 Standard Electronic Orientation quadrupole field applied
 Nucleus-field energy     =     0.0000000304 hartrees
 Guess from superposition of atomic densities
 Warning:  Energy on first SCF cycle will be non-variational
 SAD guess density has 504.000001 electrons

 -----------------------------------------------------------------------
  General SCF calculation program by
  Eric Jon Sundstrom, Paul Horn, Yuezhi Mao, Dmitri Zuev, Alec White,
  David Stuck, Shaama M.S., Shane Yost, Joonho Lee, David Small,
  Daniel Levine, Susi Lehtola, Hugh Burton, Evgeny Epifanovsky
 -----------------------------------------------------------------------
 Exchange:     0.4200 Hartree-Fock + 0.5800 PBEh-3c
 Correlation:  1.0000 PBEh-3c
 Using SG-1 standard quadrature grid
 Dispersion:   Grimme D3
 using 8 threads for integral computing
 -------------------------------------------------------
 OpenMP Integral computing Module                
 Release: version 2.0, May 2017, Q-Chem Inc. Pleasanton 
 -------------------------------------------------------
 -------------------------------------------------------
 OpenMP BLAS3 based DFT computing Module                
 Release: version 1.0, May 2013, Q-Chem Inc. Pittsburgh 
 -------------------------------------------------------
 A restricted SCF calculation will be
 performed using DIIS
 SCF converges when DIIS error is below 1.0e-08
 ---------------------------------------
  Cycle       Energy         DIIS error
 ---------------------------------------
    1   -2951.7323515469      2.46e-02  
    2   -2924.9228392534      1.63e-03  
    3   -2925.0544575752      1.52e-03  
    4   -2925.4438424289      5.95e-04  
    5   -2925.5134952676      1.69e-04  
    6   -2925.5187618435      6.90e-05  
    7   -2925.5196661068      1.61e-05  
    8   -2925.5197152342      6.13e-06  
    9   -2925.5197232276      1.39e-06  
   10   -2925.5197237328      5.80e-07  
   11   -2925.5197238217      2.33e-07  
   12   -2925.5197238468      9.06e-08  
   13   -2925.5197238504      3.61e-08  
   14   -2925.5197238584      1.36e-08  
   15   -2925.5197238595      7.22e-09  Convergence criterion met
 ---------------------------------------
 SCF time:   CPU 16324.64s  wall 2126.00s 

************** Final PCM Free Energy Summary **************
 G_electrostatic  =      -0.00000365 hartree =      -0.00229199 kcal/mol
 G_cavitation     =       0.00000000 hartree =       0.00000000 kcal/mol
 G_dispersion     =       0.00000000 hartree =       0.00000000 kcal/mol
 G_repulsion      =       0.00000000 hartree =       0.00000000 kcal/mol
 --------------------------------------------------
 Non-electrostatic Free Energy =       0.00000000 hartree =       0.00000000 kcal/mol
 Total                         =      -0.00000365 hartree =      -0.00229199 kcal/mol
 --------------------------------------------------
 SCF Energy (H0 + V/2)                       =   -2925.51972386 
 Solute Internal Energy (H0)                 =   -2925.51972021 
 Total Free Energy (H0 + V/2 + non-elec)     =   -2925.51972386 hartree
                                             = -1835791.33431913 kcal/mol
***********************************************************

 SCF   energy in the final basis set =    -2925.5197238595
 Total energy in the final basis set =    -2925.5197238595
 
 Direct TDDFT/TDA calculation will be performed
 Exchange:     0.4200 Hartree-Fock + 0.5800 PBEh-3c
 Correlation:  1.0000 PBEh-3c
 Using SG-1 standard quadrature grid
 Dispersion:   Grimme D3
 Triplet excitation energies requested
 Adding PCM contribution to the XC response
 CIS energy converged when residual is below 10e- 6
 ---------------------------------------------------
 Iter    Rts Conv    Rts Left    Ttl Dev     Max Dev
 ---------------------------------------------------
   1         0           2      0.000031    0.000016
   2         0           2      0.000020    0.000010
   3         0           2      0.000018    0.000013
   4         0           2      0.000069    0.000040
   5         0           2      0.000041    0.000027
   6         0           2      0.000014    0.000009
   7         0           2      0.000008    0.000005
   8         0           2      0.000004    0.000002
   9         1           1      0.000003    0.000002
  10         1           1      0.000002    0.000001
  11         2           0      0.000001    0.000000    Roots Converged
 ---------------------------------------------------
 
 ---------------------------------------------------
         TDDFT/TDA Excitation Energies              
 ---------------------------------------------------

 Excited state   1: excitation energy (eV) =    1.9437
 Total energy for state  1:                 -2925.44829411 au
    Multiplicity: Triplet
    Trans. Mom.:  0.0000 X   0.0000 Y   0.0000 Z
    Strength   :     0.0000000000
    D(245) --> V(  2) amplitude = -0.2379
    D(248) --> V(  1) amplitude =  0.9292

 Excited state   2: excitation energy (eV) =    2.3346
 Total energy for state  2:                 -2925.43393041 au
    Multiplicity: Triplet
    Trans. Mom.:  0.0000 X   0.0000 Y   0.0000 Z
    Strength   :     0.0000000000
    D(246) --> V(  2) amplitude =  0.4424
    D(247) --> V(  1) amplitude =  0.8111
 
 ---------------------------------------------------
 Calculating Relaxed Density
 ---------------------------------------------------
 Iter    Rts Conv    Rts Left    Ttl Dev     Max Dev
 ---------------------------------------------------
   1         0           2      0.000093    0.000049
   2         0           2      0.000043    0.000022
   3         0           2      0.000013    0.000007
   4         0           2      0.000004    0.000002
   5         2           0      0.000000    0.000000    Roots Converged
 ---------------------------------------------------
  SETman timing summary (seconds)
  CPU time             12806.55s
  System time              0.00s
  Wall time             2356.06s



*********SPIN-ORBIT COUPLING JOB BEGINS HERE*********


=======================================================================================
    SPIN-ORBIT COUPLING BETWEEN THE SINGLET GROUND STATE AND EXCITED TRIPLET STATE
=======================================================================================

SOC between the singlet ground state and excited triplet states (ms=0):
T1(ms=0)      0.000000  +  -0.127512i    cm-1
T2(ms=0)      0.000000  +  0.327940i    cm-1
SOC between the singlet ground state and excited triplet states (ms=1):
T1(ms=1)      0.085286  + (-0.027918i)    cm-1
T2(ms=1)      0.022907  + (0.039363i)    cm-1
SOC between the singlet ground state and excited triplet states (ms=-1):
T1(ms=-1)     0.085286  - (-0.027918i)    cm-1
T2(ms=-1)     0.022907  - (0.039363i)    cm-1
Total SOC between the singlet ground state and excited triplet states:
T1      0.179904    cm-1
T2      0.334205    cm-1




=======================================================================================
                     SPIN-ORBIT COUPLING BETWEEN EXCITED TRIPLET STATES
=======================================================================================

SOC between the T1 (ms=0) state and excited triplet states (ms=1):
T2(ms=1)      0.021409  + (0.022240i)    cm-1
SOC between the T1 (ms=0) state and excited triplet states (ms=-1):
T2(ms=-1)     -0.021409  + (0.022240i)    cm-1
SOC between the T1 (ms=1) state and excited triplet states (ms=0):
T2(ms=0)      -0.021409  + (0.022240i)    cm-1
SOC between the T1 (ms=1) state and excited triplet states (ms=1):
T2(ms=1)      0.000000  + (0.002119i)    cm-1
SOC between the T1 (ms=-1) state and excited triplet states (ms=0):
T2(ms=0)      0.021409  + (0.022240i)    cm-1
SOC between the T1 (ms=-1) state and excited triplet states (ms=-1):
T2(ms=-1)     0.000000  + (-0.002119i)    cm-1
Total SOC between the T1 state and excited triplet states:
T2      0.061814    cm-1







=======================================================================================
         SPIN-ORBIT COUPLING BETWEEN EXCITED SINGLET STATES AND TRIPLET STATES
=======================================================================================

SOC between the S1 state and excited triplet states (ms=0):
T1(ms=0)      0.000000  +  -0.035833i    cm-1
T2(ms=0)      0.000000  +  -0.022316i    cm-1
SOC between the S1 state and excited triplet states (ms=1):
T1(ms=1)      (-0.039907)  + (0.014817i)    cm-1
T2(ms=1)      (0.030874)  + (-0.054686i)    cm-1
SOC between the S1 state and excited triplet states (ms=-1):
T1(ms=-1)    -(-0.039907)  + (0.014817i)    cm-1
T2(ms=-1)    -(0.030874)  + (-0.054686i)    cm-1
Total SOC between the S1 state and excited triplet states:
T1      0.070058    cm-1
T2      0.091573    cm-1



SOC between the S2 state and excited triplet states (ms=0):
T1(ms=0)      0.000000  +  -0.027228i    cm-1
T2(ms=0)      0.000000  +  -0.013113i    cm-1
SOC between the S2 state and excited triplet states (ms=1):
T1(ms=1)      (0.016677)  + (-0.043010i)    cm-1
T2(ms=1)      (-0.030714)  + (-0.019202i)    cm-1
SOC between the S2 state and excited triplet states (ms=-1):
T1(ms=-1)    -(0.016677)  + (-0.043010i)    cm-1
T2(ms=-1)    -(-0.030714)  + (-0.019202i)    cm-1
Total SOC between the S2 state and excited triplet states:
T1      0.070692    cm-1
T2      0.052878    cm-1






            *********SOC CODE ENDS HERE*********



 
 --------------------------------------------------------------
 
                    Orbital Energies (a.u.)
 --------------------------------------------------------------
 
 Alpha MOs
 -- Occupied --
-14.688 -14.688 -10.492 -10.492 -10.484 -10.484 -10.484 -10.483
-10.472 -10.472 -10.472 -10.471 -10.470 -10.469 -10.469 -10.469
-10.468 -10.468 -10.468 -10.468 -10.468 -10.466 -10.466 -10.466
-10.466 -10.465 -10.464 -10.464 -10.463 -10.463 -10.463 -10.463
-10.463 -10.462 -10.462 -10.459 -10.458 -10.457 -10.453 -10.451
-10.450 -10.448 -10.448 -10.448 -10.447 -10.447 -10.447 -10.446
-10.446 -10.446 -10.446 -10.446 -10.445 -10.445 -10.445 -10.445
-10.444 -10.444 -10.444 -10.444 -10.444 -10.442 -10.442 -10.440
-10.439 -10.438 -10.437 -10.437 -10.436 -10.435 -10.434 -10.434
-10.433 -10.432  -6.952  -6.949  -1.109  -1.108  -1.021  -1.017
 -0.978  -0.977  -0.964  -0.961  -0.950  -0.948  -0.946  -0.946
 -0.940  -0.937  -0.911  -0.902  -0.888  -0.887  -0.883  -0.882
 -0.866  -0.863  -0.855  -0.854  -0.852  -0.850  -0.844  -0.844
 -0.824  -0.820  -0.817  -0.809  -0.808  -0.808  -0.807  -0.803
 -0.778  -0.777  -0.774  -0.773  -0.741  -0.739  -0.735  -0.731
 -0.729  -0.724  -0.699  -0.696  -0.693  -0.686  -0.686  -0.683
 -0.681  -0.673  -0.656  -0.656  -0.652  -0.650  -0.648  -0.648
 -0.643  -0.643  -0.605  -0.600  -0.599  -0.596  -0.594  -0.594
 -0.589  -0.587  -0.587  -0.582  -0.580  -0.573  -0.573  -0.559
 -0.557  -0.553  -0.548  -0.547  -0.533  -0.531  -0.528  -0.522
 -0.519  -0.518  -0.518  -0.516  -0.508  -0.507  -0.503  -0.500
 -0.499  -0.499  -0.497  -0.497  -0.492  -0.491  -0.490  -0.489
 -0.489  -0.486  -0.486  -0.485  -0.485  -0.483  -0.480  -0.480
 -0.478  -0.476  -0.474  -0.473  -0.473  -0.470  -0.469  -0.469
 -0.467  -0.462  -0.449  -0.447  -0.446  -0.444  -0.441  -0.435
 -0.434  -0.429  -0.425  -0.424  -0.423  -0.423  -0.421  -0.414
 -0.412  -0.411  -0.409  -0.407  -0.404  -0.402  -0.400  -0.399
 -0.399  -0.398  -0.398  -0.395  -0.393  -0.392  -0.391  -0.389
 -0.384  -0.376  -0.374  -0.371  -0.369  -0.357  -0.353  -0.345
 -0.329  -0.328  -0.326  -0.322  -0.302  -0.298  -0.298  -0.296
 -0.288  -0.286  -0.286  -0.284  -0.282  -0.267  -0.259  -0.254
 -0.252  -0.250  -0.238  -0.235
 -- Virtual --
 -0.105  -0.067  -0.039  -0.037  -0.011  -0.010  -0.008   0.002
  0.002   0.004   0.012   0.016   0.019   0.027   0.028   0.036
  0.053   0.057   0.067   0.069   0.070   0.080   0.085   0.085
  0.116   0.122   0.133   0.138   0.140   0.143   0.148   0.151
  0.152   0.153   0.154   0.158   0.160   0.160   0.162   0.163
  0.167   0.171   0.175   0.178   0.179   0.184   0.185   0.187
  0.190   0.192   0.194   0.196   0.197   0.199   0.201   0.203
  0.205   0.206   0.207   0.208   0.209   0.212   0.212   0.217
  0.219   0.219   0.222   0.222   0.225   0.229   0.231   0.232
  0.232   0.233   0.235   0.241   0.241   0.241   0.242   0.246
  0.246   0.247   0.248   0.249   0.250   0.253   0.256   0.262
  0.263   0.264   0.265   0.269   0.271   0.274   0.275   0.276
  0.280   0.282   0.283   0.286   0.289   0.290   0.291   0.296
  0.297   0.300   0.301   0.302   0.308   0.310   0.311   0.313
  0.315   0.319   0.324   0.325   0.325   0.328   0.331   0.335
  0.346   0.348   0.355   0.358   0.360   0.361   0.363   0.364
  0.371   0.374   0.378   0.381   0.384   0.391   0.399   0.401
  0.404   0.409   0.411   0.413   0.415   0.419   0.423   0.426
  0.427   0.428   0.435   0.438   0.447   0.448   0.452   0.457
  0.458   0.461   0.464   0.476   0.480   0.482   0.484   0.487
  0.490   0.490   0.493   0.496   0.498   0.501   0.504   0.510
  0.515   0.517   0.519   0.520   0.522   0.523   0.526   0.526
  0.529   0.530   0.531   0.533   0.534   0.535   0.536   0.538
  0.538   0.540   0.541   0.543   0.549   0.553   0.554   0.556
  0.556   0.558   0.560   0.560   0.564   0.565   0.567   0.570
  0.572   0.574   0.577   0.577   0.578   0.582   0.582   0.583
  0.584   0.585   0.586   0.587   0.589   0.590   0.592   0.597
  0.599   0.599   0.600   0.601   0.602   0.603   0.603   0.604
  0.605   0.609   0.610   0.611   0.612   0.613   0.615   0.617
  0.618   0.620   0.621   0.623   0.623   0.625   0.629   0.633
  0.633   0.636   0.637   0.639   0.640   0.641   0.644   0.644
  0.645   0.647   0.647   0.648   0.651   0.654   0.655   0.656
  0.658   0.660   0.665   0.666   0.667   0.671   0.674   0.676
  0.678   0.680   0.681   0.684   0.685   0.687   0.689   0.693
  0.696   0.698   0.699   0.701   0.705   0.706   0.708   0.715
  0.717   0.718   0.722   0.723   0.724   0.726   0.727   0.731
  0.733   0.735   0.737   0.739   0.745   0.750   0.750   0.752
  0.753   0.757   0.761   0.762   0.763   0.766   0.773   0.777
  0.779   0.780   0.783   0.785   0.787   0.790   0.792   0.793
  0.797   0.799   0.803   0.806   0.812   0.819   0.822   0.827
  0.831   0.837   0.839   0.841   0.848   0.854   0.863   0.864
  0.867   0.870   0.873   0.880   0.889   0.895   0.900   0.902
  0.906   0.909   0.912   0.916   0.923   0.925   0.928   0.932
  0.935   0.937   0.939   0.940   0.941   0.944   0.947   0.950
  0.952   0.955   0.957   0.960   0.961   0.967   0.970   0.972
  0.976   0.977   0.981   0.982   0.983   0.985   0.989   0.990
  0.991   0.994   0.996   0.998   1.001   1.002   1.004   1.005
  1.007   1.008   1.012   1.015   1.019   1.020   1.022   1.024
  1.027   1.030   1.033   1.035   1.038   1.040   1.043   1.045
  1.049   1.051   1.051   1.054   1.056   1.057   1.058   1.060
  1.065   1.067   1.068   1.072   1.076   1.077   1.080   1.081
  1.084   1.085   1.087   1.089   1.092   1.093   1.100   1.104
  1.107   1.109   1.114   1.116   1.118   1.121   1.125   1.126
  1.128   1.132   1.135   1.136   1.137   1.139   1.142   1.146
  1.148   1.152   1.155   1.159   1.160   1.163   1.164   1.168
  1.174   1.180   1.183   1.189   1.195   1.200   1.204   1.207
  1.210   1.213   1.218   1.225   1.232   1.236   1.240   1.246
  1.249   1.251   1.254   1.262   1.264   1.267   1.273   1.274
  1.278   1.283   1.292   1.292   1.295   1.297   1.299   1.303
  1.309   1.312   1.314   1.316   1.317   1.320   1.324   1.326
  1.326   1.330   1.335   1.337   1.340   1.343   1.349   1.351
  1.354   1.359   1.363   1.366   1.368   1.370   1.373   1.375
  1.379   1.383   1.384   1.390   1.392   1.395   1.399   1.400
  1.404   1.405   1.408   1.411   1.416   1.424   1.428   1.434
  1.437   1.440   1.445   1.447   1.451   1.459   1.463   1.474
  1.477   1.488   1.499   1.504   1.505   1.505   1.508   1.509
  1.509   1.511   1.512   1.514   1.515   1.519   1.522   1.524
  1.527   1.529   1.532   1.533   1.535   1.537   1.538   1.543
  1.544   1.546   1.549   1.551   1.552   1.553   1.554   1.556
  1.559   1.561   1.562   1.563   1.567   1.570   1.570   1.572
  1.576   1.582   1.584   1.586   1.595   1.598   1.599   1.604
  1.606   1.613   1.616   1.625   1.631   1.642   1.650   1.653
  1.662   1.666   1.672   1.698   1.710   1.718   1.733   1.742
  1.745   1.752   1.764   1.773   1.776   1.784   1.788   1.802
  1.803   1.806   1.807   1.809   1.810   1.812   1.816   1.820
  1.828   1.829   1.830   1.833   1.835   1.843   1.847   1.849
  1.851   1.855   1.878   1.882   1.889   1.894   1.898   1.904
  1.905   1.908   1.908   1.911   1.916   1.917   1.919   1.925
  1.926   1.926   1.932   1.934   1.935   1.938   1.940   1.944
  1.950   1.952   1.954   1.955   1.960   1.970   1.974   1.978
  1.980   1.983   1.984   1.991   1.995   2.005   2.010   2.021
  2.022   2.037   2.039   2.041   2.043   2.043   2.048   2.051
  2.053   2.056   2.058   2.060   2.061   2.064   2.065   2.076
  2.082   2.085   2.097   2.098   2.106   2.109   2.115   2.124
  2.125   2.133   2.135   2.137   2.138   2.142   2.143   2.146
  2.148   2.153   2.154   2.157   2.163   2.165   2.170   2.172
  2.176   2.185   2.189   2.192   2.195   2.201   2.202   2.205
  2.217   2.217   2.222   2.227   2.230   2.230   2.233   2.234
  2.236   2.246   2.248   2.249   2.254   2.256   2.258   2.262
  2.265   2.269   2.271   2.273   2.274   2.278   2.281   2.282
  2.286   2.289   2.292   2.296   2.301   2.305   2.310   2.316
  2.319   2.321   2.323   2.334   2.336   2.337   2.338   2.343
  2.344   2.346   2.349   2.350   2.351   2.352   2.356   2.359
  2.359   2.366   2.368   2.374   2.376   2.378   2.380   2.382
  2.384   2.386   2.397   2.399   2.400   2.401   2.406   2.411
  2.420   2.421   2.423   2.430   2.431   2.432   2.443   2.447
  2.450   2.457   2.462   2.471   2.472   2.476   2.478   2.482
  2.495   2.497   2.500   2.501   2.504   2.506   2.522   2.532
  2.539   2.543   2.553   2.566   2.580   2.595   2.599   2.601
  2.603   2.617   2.633   2.635   2.638   2.641   2.643   2.657
  2.658   2.660   2.678   2.679   2.681   2.683   2.699   2.702
  2.706   2.712   2.714   2.718   2.720   2.722   2.724   2.726
  2.727   2.733   2.733   2.738   2.739   2.745   2.750   2.757
  2.764   2.765   2.768   2.771   2.773   2.774   2.779   2.783
  2.784   2.787   2.794   2.795   2.796   2.798   2.798   2.801
  2.805   2.816   2.825   2.836   2.845   2.847   2.849   2.855
  2.857   2.860   2.870   2.873   2.875   2.885   2.886   2.890
  2.893   2.909   2.915   2.916   2.923   2.927   2.930   2.942
  2.946   2.948   2.950   2.973   2.974   2.978   2.983   2.993
  3.000   3.007   3.009   3.016   3.017   3.029   3.048   3.065
  3.080   3.083   3.109   3.135   3.141   3.237   3.255   3.260
  3.264   3.273   3.331   3.334   3.402   3.418   3.435   3.441
  3.446   3.453   3.465   3.476   3.484   3.486   3.559   3.570
  3.613   3.615   3.655   3.669   9.596   9.733  13.137  13.173
 13.222  13.223  13.429  13.434  13.436  13.498  13.501  13.509
 13.519  13.546  13.673  13.677  13.699  13.701  13.711  13.717
 13.736  13.779  13.790  13.792  13.811  13.814  13.849  13.857
 13.881  13.898  13.903  13.919  13.947  13.954  13.955  13.990
 14.008  14.016  14.025  14.031  14.108  14.110  14.117  14.155
 14.158  14.178  14.188  14.193  14.215  14.218  14.219  14.224
 14.236  14.257  14.267  14.273  14.306  14.310  14.319  14.324
 14.326  14.328  14.500  14.509  14.542  14.546  14.575  14.575
 14.576  14.578  14.593  14.601  14.613  14.614  19.579  19.583
 --------------------------------------------------------------
 
          Ground-State Mulliken Net Atomic Charges

     Atom                 Charge (a.u.)
  ----------------------------------------
      1 N                    -0.731486
      2 C                     0.351307
      3 C                     0.332687
      4 C                    -0.282493
      5 H                     0.233625
      6 C                    -0.237589
      7 H                     0.217286
      8 C                    -0.287800
      9 H                     0.243254
     10 C                    -0.246974
     11 H                     0.224215
     12 C                    -0.226647
     13 H                     0.214696
     14 C                    -0.347922
     15 H                     0.205840
     16 C                     0.110695
     17 C                    -0.228600
     18 H                     0.215065
     19 C                    -0.343569
     20 H                     0.205494
     21 C                     0.087007
     22 C                     0.279533
     23 C                    -0.338074
     24 H                     0.235615
     25 C                    -0.314859
     26 H                     0.233966
     27 C                     0.044080
     28 C                     0.046685
     29 C                    -0.211880
     30 C                    -0.751281
     31 H                     0.240071
     32 H                     0.242252
     33 H                     0.249451
     34 C                    -0.761278
     35 H                     0.242673
     36 H                     0.248828
     37 H                     0.249369
     38 B                     0.666500
     39 C                    -0.153585
     40 C                    -0.395857
     41 H                     0.223531
     42 C                     0.103370
     43 C                     0.200773
     44 C                    -0.376406
     45 H                     0.220508
     46 C                    -0.204029
     47 H                     0.229199
     48 C                    -0.334211
     49 H                     0.223422
     50 C                    -0.068694
     51 C                     0.252030
     52 C                     0.199746
     53 C                    -0.368362
     54 H                     0.222602
     55 C                    -0.206950
     56 H                     0.230297
     57 C                    -0.330232
     58 H                     0.223217
     59 C                     0.083949
     60 C                    -0.380961
     61 H                     0.231945
     62 C                    -0.149118
     63 B                     0.686138
     64 C                    -0.160748
     65 C                    -0.382366
     66 H                     0.231113
     67 C                     0.086837
     68 C                     0.199956
     69 C                    -0.371622
     70 H                     0.221050
     71 C                    -0.206038
     72 H                     0.229475
     73 C                    -0.330702
     74 H                     0.222541
     75 C                    -0.070129
     76 C                     0.248242
     77 C                     0.208857
     78 C                    -0.389776
     79 H                     0.243588
     80 C                    -0.212329
     81 H                     0.234535
     82 C                    -0.332406
     83 H                     0.222331
     84 C                     0.094700
     85 C                    -0.377269
     86 H                     0.236592
     87 C                    -0.142797
     88 C                    -0.215751
     89 C                     0.053300
     90 C                    -0.352368
     91 H                     0.237962
     92 C                     0.321784
     93 C                    -0.352944
     94 H                     0.236778
     95 C                     0.048764
     96 N                    -0.741017
     97 C                     0.337393
     98 C                     0.345549
     99 C                    -0.280917
    100 H                     0.234110
    101 C                    -0.236217
    102 H                     0.216379
    103 C                    -0.280352
    104 H                     0.234718
    105 C                    -0.234818
    106 H                     0.215642
    107 C                    -0.228474
    108 H                     0.214709
    109 C                    -0.343819
    110 H                     0.205157
    111 C                     0.100870
    112 C                    -0.228917
    113 H                     0.214720
    114 C                    -0.341721
    115 H                     0.205553
    116 C                     0.086986
    117 C                    -0.763135
    118 H                     0.241616
    119 H                     0.246999
    120 H                     0.249751
    121 C                    -0.757277
    122 H                     0.240167
    123 H                     0.246583
    124 H                     0.246531
  ----------------------------------------
  Sum of atomic charges =    -0.000000

 -----------------------------------------------------------------
                    Cartesian Multipole Moments
 -----------------------------------------------------------------
    Charge (ESU x 10^10)
                -0.0000
    Dipole Moment (Debye)
         X      -1.3614      Y      -0.0797      Z       0.7321
       Tot       1.5478
    Quadrupole Moments (Debye-Ang)
        XX    -370.2224     XY     -22.8301     YY    -434.7388
        XZ     -12.9949     YZ       1.2828     ZZ    -441.0151
    Octopole Moments (Debye-Ang^2)
       XXX    3487.1072    XXY     701.4574    XYY    1408.5618
       YYY    1696.1498    XXZ    2466.9969    XYZ     192.0191
       YYZ    2607.5019    XZZ    1519.8915    YZZ     527.4569
       ZZZ    8164.4059
    Hexadecapole Moments (Debye-Ang^3)
      XXXX  -59949.0391   XXXY   -5202.6106   XXYY  -14098.9005
      XYYY   -2752.7288   YYYY  -12435.3577   XXXZ  -32301.1543
      XXYZ   -6471.6974   XYYZ  -12270.8187   YYYZ  -16264.2914
      XXZZ  -38079.8867   XYZZ   -3106.7446   YYZZ  -29168.5718
      XZZZ  -36108.2359   YZZZ  -15492.3847   ZZZZ -166547.5089
 -----------------------------------------------------------------
 -----------------------------------------------------------------
               TDA Excited-State Multipoles, State  1
 -----------------------------------------------------------------
    Charge (ESU x 10^10)
                -0.0000
    Dipole Moment (Debye)
         X      -1.1848      Y      -0.2094      Z       0.7424
       Tot       1.4137
    Quadrupole Moments (Debye-Ang)
        XX    -367.5533     XY     -24.8714     YY    -434.9528
        XZ     -17.1303     YZ       1.5786     ZZ    -447.0801
    Octopole Moments (Debye-Ang^2)
       XXX    3454.6399    XXY     708.0873    XYY    1417.2423
       YYY    1696.9941    XXZ    2468.7762    XYZ     210.0507
       YYZ    2610.8647    XZZ    1584.2758    YZZ     537.5149
       ZZZ    8278.8080
    Hexadecapole Moments (Debye-Ang^3)
      XXXX  -59637.6085   XXXY   -5241.4176   XXYY  -14128.1866
      XYYY   -2788.2856   YYYY  -12447.4961   XXXZ  -32246.9962
      XXYZ   -6540.8988   XYYZ  -12345.3138   YYYZ  -16284.5404
      XXZZ  -38315.3058   XYZZ   -3288.4518   YYZZ  -29243.3498
      XZZZ  -36961.7740   YZZZ  -15717.4244   ZZZZ -168284.4135
 -----------------------------------------------------------------
 -----------------------------------------------------------------
               TDA Excited-State Multipoles, State  2
 -----------------------------------------------------------------
    Charge (ESU x 10^10)
                -0.0000
    Dipole Moment (Debye)
         X      -0.5318      Y      -0.3906      Z       0.6707
       Tot       0.9408
    Quadrupole Moments (Debye-Ang)
        XX    -363.4844     XY     -27.6794     YY    -433.4260
        XZ     -21.5046     YZ       3.3968     ZZ    -444.0772
    Octopole Moments (Debye-Ang^2)
       XXX    3409.5240    XXY     710.1593    XYY    1423.0550
       YYY    1690.4600    XXZ    2447.0219    XYZ     225.4994
       YYZ    2599.7259    XZZ    1606.9664    YZZ     519.4933
       ZZZ    8237.2191
    Hexadecapole Moments (Debye-Ang^3)
      XXXX  -58848.2518   XXXY   -5346.4204   XXYY  -14090.9410
      XYYY   -2817.4418   YYYY  -12414.5878   XXXZ  -32046.4591
      XXYZ   -6526.1846   XYYZ  -12386.7233   YYYZ  -16235.3922
      XXZZ  -38130.6436   XYZZ   -3386.2057   YYZZ  -29152.8901
      XZZZ  -37088.4743   YZZZ  -15553.0208   ZZZZ -167878.7401
 -----------------------------------------------------------------
Archival summary:
1\1\ctcp036\SP\ProcedureUnspecified\BasisUnspecified\272248\mewes1\WedNov1414:03:232018WedNov1414:03:232018\0\\#,ProcedureUnspecified,BasisUnspecified,\\0,1\N\C,1,1.37766\C,1,1.37941,2,108.745\C,2,1.38789,1,129.142,3,-179.421,0\H,4,1.08218,2,121.265,1,0.786656,0\C,4,1.38304,2,117.324,1,-179.075,0\H,6,1.08207,4,119.147,2,-179.993,0\C,3,1.39205,1,129.158,2,177.435,0\H,8,1.08258,3,121.58,1,1.69047,0\C,8,1.38348,3,117.666,1,-178.989,0\H,10,1.08296,8,119.039,3,-179.657,0\C,10,1.39779,8,121.415,3,-0.03166,0\H,12,1.08175,10,119.575,8,-179.694,0\C,12,1.38265,10,120.521,8,0.250862,0\H,14,1.0828,12,120.31,10,179.675,0\C,14,1.39148,12,119.176,10,0.023781,0\C,6,1.39806,4,121.537,2,0.189371,0\H,17,1.08161,6,119.464,4,179.858,0\C,17,1.38241,6,120.682,4,-0.139839,0\H,19,1.08285,17,120.531,6,179.982,0\C,19,1.38958,17,118.953,6,-0.073183,0\C,1,1.41116,2,128.226,3,171.018,0\C,22,1.38589,1,119.034,2,122.54,0\H,23,1.08378,22,119.204,1,-9.20735,0\C,22,1.3866,1,120.354,2,-64.9208,0\H,25,1.08422,22,119.495,1,8.05082,0\C,23,1.38883,22,120.238,1,166.335,0\C,25,1.39028,22,119.96,1,-167.124,0\C,28,1.40021,25,119.975,22,0.638597,0\C,28,1.50295,25,120.057,22,174.453,0\H,30,1.08957,28,111.881,25,12.1697,0\H,30,1.09085,28,111.59,25,133.113,0\H,30,1.0929,28,110.99,25,-107.886,0\C,27,1.50338,23,119.74,22,-173.884,0\H,34,1.08971,27,111.677,23,-12.6311,0\H,34,1.0905,27,111.825,23,-133.613,0\H,34,1.09306,27,111.096,23,107.166,0\B,29,1.5765,28,121.097,25,158.595,0\C,38,1.52595,29,125.893,28,102.862,0\C,39,1.40933,38,120.714,29,-7.26982,0\H,40,1.08469,39,118.845,38,-0.311648,0\C,40,1.37267,39,120.399,38,179.51,0\C,42,1.45072,40,132.982,39,179.803,0\C,43,1.37447,42,135.283,40,-0.387685,0\H,44,1.08233,43,121.826,42,-0.008772,0\C,44,1.41044,43,118.351,42,-179.964,0\H,46,1.0819,44,118.423,43,179.976,0\C,46,1.37829,44,122.803,43,-0.040086,0\H,48,1.08277,46,119.776,44,-179.996,0\C,43,1.41359,42,106.44,40,179.598,0\C,50,1.39097,43,124.561,42,-180,0\C,50,1.41063,43,111.743,42,-0.054991,0\C,52,1.37521,50,119.148,43,-179.873,0\H,53,1.08277,52,121.832,50,-179.976,0\C,53,1.40862,52,118.167,50,-0.050941,0\H,55,1.08214,53,118.611,52,-179.984,0\C,55,1.37866,53,122.444,52,0.004787,0\H,57,1.0828,55,119.611,53,-179.986,0\C,52,1.4423,50,106.342,43,0.075964,0\C,59,1.3687,52,131.06,50,-179.634,0\H,60,1.08447,59,120.382,52,0.34122,0\C,60,1.40316,59,120.321,52,-179.844,0\B,62,1.52703,60,119.371,59,-179.575,0\C,63,1.52766,62,118.757,60,-177.544,0\C,64,1.4054,63,120.069,62,178.616,0\H,65,1.08432,64,119.294,63,-0.883347,0\C,65,1.37002,64,120.274,63,178.301,0\C,67,1.44738,65,131.921,64,-178.176,0\C,68,1.37641,67,135.006,65,-0.532153,0\H,69,1.08259,68,121.85,67,-0.664058,0\C,69,1.40966,68,118.459,67,179.016,0\H,71,1.08218,69,118.583,68,-179.921,0\C,71,1.37812,69,122.47,68,-0.110515,0\H,73,1.08307,71,119.735,69,-179.799,0\C,68,1.41212,67,106.254,65,178.597,0\C,75,1.39315,68,123.81,67,-179.056,0\C,75,1.4121,68,111.968,67,0.280029,0\C,77,1.37559,75,118.483,68,-179.639,0\H,78,1.08285,77,122.132,75,-179.887,0\C,78,1.41098,77,118.375,75,0.246636,0\H,80,1.08218,78,118.277,77,179.898,0\C,80,1.37814,78,122.708,77,-0.073896,0\H,82,1.08305,80,119.852,78,179.87,0\C,77,1.44911,75,106.207,68,-0.375233,0\C,84,1.36852,77,132.001,75,-178.049,0\H,85,1.0834,84,119.646,77,-1.10284,0\C,85,1.40878,84,120.481,77,178.256,0\C,63,1.57519,62,121.196,60,4.51297,0\C,88,1.40057,63,121.241,62,-90.3766,0\C,89,1.38949,88,120.032,63,-178.191,0\H,90,1.08391,89,120.358,88,-179.251,0\C,90,1.38666,89,120.224,88,1.32932,0\C,92,1.38511,90,120.14,89,-1.38396,0\H,93,1.08389,92,119.339,90,178.672,0\C,93,1.38858,92,120.243,90,0.098176,0\N,92,1.40914,90,119.942,89,176.454,0\C,96,1.37899,92,124.465,90,-59.148,0\C,96,1.38114,92,126.712,90,123.262,0\C,98,1.38873,96,129.662,92,-3.13656,0\H,99,1.08175,98,121.416,96,1.14395,0\C,99,1.38374,98,117.444,96,-178.634,0\H,101,1.08207,99,119.063,98,-179.931,0\C,97,1.39139,96,129.463,92,0.545628,0\H,103,1.08166,97,121.572,96,0.24598,0\C,103,1.38299,97,117.709,96,-179.74,0\H,105,1.08237,103,119.082,97,-179.818,0\C,105,1.39747,103,121.577,97,0.248433,0\H,107,1.08178,105,119.62,103,-179.893,0\C,107,1.3819,105,120.399,103,0.325252,0\H,109,1.08292,107,120.358,105,179.523,0\C,109,1.39142,107,119.11,105,-0.343131,0\C,101,1.39781,99,121.662,98,0.177224,0\H,112,1.08168,101,119.539,99,-179.99,0\C,112,1.38199,101,120.544,99,0.154978,0\H,114,1.083,112,120.606,101,179.618,0\C,114,1.38954,112,118.915,101,-0.221234,0\C,95,1.50257,93,119.648,92,179.695,0\H,117,1.08972,95,111.657,93,2.34948,0\H,117,1.09178,95,111.437,93,122.797,0\H,117,1.09212,95,111.49,93,-117.953,0\C,89,1.50277,88,120.028,63,1.54194,0\H,121,1.08972,89,111.792,88,179.768,0\H,121,1.09154,89,111.505,88,59.1664,0\H,121,1.09203,89,111.28,88,-59.8552,0\\\@

 Total job time:  12379.11s(wall), 37045.60s(cpu) 
 Wed Nov 14 14:03:23 2018

        *************************************************************
        *                                                           *
        *  Thank you very much for using Q-Chem.  Have a nice day.  *
        *                                                           *
        *************************************************************


0 sent ACK to 0 
now end server 0 ... 
 
*************************************************************
Job 2 of 2 
*************************************************************
 
mFile = /cm/shared/apps/q-chem/intel/QCHEM_5.1.0_Trunk/bin/mpi/machines
Process 0 of 1 is on ctcp036 - thread support 0
initial socket setup ...start
initial socket setup ...done 
now start server 0 ... 
Q-Chem Developer Version!
                  Welcome to Q-Chem
     A Quantum Leap Into The Future Of Chemistry


 Q-Chem 5.1, Q-Chem, Inc., Pleasanton, CA (2018)

 Yihan Shao,  Zhengting Gan,  E. Epifanovsky,  A. T. B. Gilbert,  M. Wormit,  
 J. Kussmann,  A. W. Lange,  A. Behn,  Jia Deng,  Xintian Feng,  D. Ghosh,  
 M. Goldey,  P. R. Horn,  L. D. Jacobson,  I. Kaliman,  T. Kus,  A. Landau,  
 Jie Liu,  E. I. Proynov,  R. M. Richard,  R. P. Steele,  E. J. Sundstrom,  
 H. L. Woodcock III,  P. M. Zimmerman,  D. Zuev,  B. Albrecht,  E. Alguire,  
 S. A. Baeppler,  D. Barton,  Z. Benda,  Y. A. Bernard,  E. J. Berquist,  
 K. B. Bravaya,  H. Burton,  D. Casanova,  Chun-Min Chang,  Yunqing Chen,  
 A. Chien,  K. D. Closser,  M. P. Coons,  S. Coriani,  S. Dasgupta,  
 A. L. Dempwolff,  M. Diedenhofen,  Hainam Do,  R. G. Edgar,  Po-Tung Fang,  
 S. Faraji,  S. Fatehi,  Qingguo Feng,  K. D. Fenk,  J. Fosso-Tande,  
 Qinghui Ge,  A. Ghysels,  G. Gidofalvi,  J. Gomes,  J. Gonthier,  A. Gunina,  
 D. Hait,  M. W. D. Hanson-Heine,  P. H. P. Harbach,  A. W. Hauser,  
 J. E. Herr,  E. G. Hohenstein,  Z. C. Holden,  Kerwin Hui,  B. C. Huynh,  
 T.-C. Jagau,  Hyunjun Ji,  B. Kaduk,  K. Khistyaev,  Jaehoon Kim,  
 P. Klunzinger,  K. Koh,  D. Kosenkov,  L. Koulias,  T. Kowalczyk,  
 C. M. Krauter,  A. Kunitsa,  Ka Un Lao,  A. Laurent,  K. V. Lawler,  
 Joonho Lee,  D. Lefrancois,  S. Lehtola,  D. S. Levine,  Yi-Pei Li,  
 You-Sheng Lin,  Fenglai Liu,  E. Livshits,  A. Luenser,  P. Manohar,  
 E. Mansoor,  S. F. Manzer,  Shan-Ping Mao,  Yuezhi Mao,  N. Mardirossian,  
 A. V. Marenich,  T. Markovich,  L. A. Martinez-Martinez,  S. A. Maurer,  
 N. J. Mayhall,  S. C. McKenzie,  J.-M. Mewes,  A. F. Morrison,  
 J. W. Mullinax,  K. Nanda,  T. S. Nguyen-Beck,  R. Olivares-Amaya,  
 J. A. Parkhill,  T. M. Perrine,  F. Plasser,  P. Pokhilko,  S. Prager,  
 A. Prociuk,  E. Ramos,  D. R. Rehn,  F. Rob,  M. Schneider,  N. Sergueev,  
 S. M. Sharada,  S. Sharma,  D. W. Small,  T. Stauch,  T. Stein,  
 Yu-Chuan Su,  A. J. W. Thom,  A. Tkatchenko,  T. Tsuchimochi,  N. M. Tubman,  
 L. Vogt,  M. L. Vidal,  O. Vydrov,  M. A. Watson,  J. Wenzel,  
 M. de Wergifosse,  T. A. Wesolowski,  A. White,  J. Witte,  A. Yamada,  
 Jun Yang,  K. Yao,  S. Yeganeh,  S. R. Yost,  Zhi-Qiang You,  A. Zech,  
 Igor Ying Zhang,  Xing Zhang,  Yan Zhao,  Ying Zhu,  B. R. Brooks,  
 G. K. L. Chan,  C. J. Cramer,  M. S. Gordon,  W. J. Hehre,  A. Klamt,  
 M. W. Schmidt,  C. D. Sherrill,  D. G. Truhlar,  A. Aspuru-Guzik,  R. Baer,  
 A. T. Bell,  N. A. Besley,  Jeng-Da Chai,  A. E. DePrince, III,  
 R. A. DiStasio Jr.,  A. Dreuw,  B. D. Dunietz,  T. R. Furlani,  
 Chao-Ping Hsu,  Yousung Jung,  Jing Kong,  D. S. Lambrecht,  WanZhen Liang,  
 C. Ochsenfeld,  V. A. Rassolov,  L. V. Slipchenko,  J. E. Subotnik,  
 T. Van Voorhis,  J. M. Herbert,  A. I. Krylov,  P. M. W. Gill,  M. Head-Gordon

 Contributors to earlier versions of Q-Chem not listed above: 
 R. D. Adamson,  B. Austin,  J. Baker,  G. J. O. Beran,  K. Brandhorst,  
 S. T. Brown,  E. F. C. Byrd,  A. K. Chakraborty,  C.-L. Cheng,  
 Siu Hung Chien,  D. M. Chipman,  D. L. Crittenden,  H. Dachsel,  
 R. J. Doerksen,  A. D. Dutoi,  L. Fusti-Molnar,  W. A. Goddard III,  
 A. Golubeva-Zadorozhnaya,  S. R. Gwaltney,  G. Hawkins,  A. Heyden,  
 S. Hirata,  G. Kedziora,  F. J. Keil,  C. Kelley,  Jihan Kim,  R. A. King,  
 R. Z. Khaliullin,  P. P. Korambath,  W. Kurlancheek,  A. M. Lee,  M. S. Lee,  
 S. V. Levchenko,  Ching Yeh Lin,  D. Liotard,  R. C. Lochan,  I. Lotan,  
 P. E. Maslen,  N. Nair,  D. P. O'Neill,  D. Neuhauser,  E. Neuscamman,  
 C. M. Oana,  R. Olson,  B. Peters,  R. Peverati,  P. A. Pieniazek,  
 Y. M. Rhee,  J. Ritchie,  M. A. Rohrdanz,  E. Rosta,  N. J. Russ,  
 H. F. Schaefer III,  N. E. Schultz,  N. Shenvi,  A. C. Simmonett,  A. Sodt,  
 D. Stuck,  K. S. Thanthiriwatte,  V. Vanovschi,  Tao Wang,  A. Warshel,  
 C. F. Williams,  Q. Wu,  X. Xu,  W. Zhang

 Please cite Q-Chem as follows:
 Y. Shao et al., Mol. Phys. 113, 184-215 (2015)
 DOI: 10.1080/00268976.2014.952696

 Q-Chem 5.1.1 for Intel X86 EM64T Linux

 Parts of Q-Chem use Armadillo 8.300.2 (Tropical Shenanigans).
 http://arma.sourceforge.net/

 Q-Chem begins on Wed Nov 14 14:03:26 2018  

Host: ctcp036
0

     Scratch files written to /scratch/mewes1/140315/qchem3678//
 Parallel job on  1  processors
The previous job contains 0 fragments, simply inherited here
Symmetry turned off for PCM/SM12/SMD calculation
Input Ideriv = 2
Curr. Ideriv = -1
Max.  Ideriv = 2
Input Ideriv = 1
Curr. Ideriv = 2
Max.  Ideriv = 1

Checking the input file for inconsistencies... 	...done.

--------------------------------------------------------------
User input:
--------------------------------------------------------------
$rem
threads 8
jobtype sp
method PBEh-3c
basis def2-mSVP
mem_static      1024
mem_total       14000
sym_ignore      true
cis_n_roots             6
cis_singlets            true
cis_triplets            true
rpa                     false
calc_soc                true
cis_moments             true
cis_relaxed_density     true
solvent_method          pcm
$end

$molecule
read
$end

$pcm
statespecific           Marcus 
$end

$solvent
dielectric      1.0001 
dielectric_infi 1.00009
$end

--------------------------------------------------------------
 Adding empirical dispersion correction 
 ----------------------------------------------------------------
 Doing -D3(BJ) with
 s6 =   1.00000
 s8 =   0.00000
 a1 =   0.48600
 a2 =   4.50000
 -D3 energy including 3body term =     -0.1204801445 hartrees
 ----------------------------------------------------------------
 Adding gCP correction 
 ----------------------------------------------------------------
 gCP energy =      0.1609253659 hartrees
 ----------------------------------------------------------------
             Standard Nuclear Orientation (Angstroms)
    I     Atom           X                Y                Z
 ----------------------------------------------------------------
    1      N       0.0000000000     0.0000000000     0.0000000000
    2      C       0.0000000000     0.0000000000     1.3776610000
    3      C       1.3062427956     0.0000000000    -0.4432913542
    4      C      -1.0763698872    -0.0108697070     2.2537546252
    5      H      -2.0956521834    -0.0338634712     1.8909237066
    6      C      -0.7934322690     0.0118322389     3.6073578285
    7      H      -1.6104743762     0.0040159810     4.3167590503
    8      C       1.7921122507    -0.0482982649    -1.7469054478
    9      H       1.1258213837    -0.0668363298    -2.5999567988
   10      C       3.1645606439    -0.0575722411    -1.9209974089
   11      H       3.5667579620    -0.0891994139    -2.9260078062
   12      C       4.0376306003    -0.0192582104    -0.8300749789
   13      H       5.1058292165    -0.0227405514    -1.0007412589
   14      C       3.5460565969     0.0240727803     0.4615147306
   15      H       4.2254703876     0.0483752377     1.3042801007
   16      C       2.1693324092     0.0286154380     0.6635427827
   17      C       0.5221959849     0.0483820324     4.0789005959
   18      H       0.7049858349     0.0676462953     5.1447800986
   19      C       1.5873031973     0.0601004790     3.1977192658
   20      H       2.6053338036     0.0887177941     3.5656189717
   21      C       1.3309913402     0.0334035302     1.8322414595
   22      C      -1.0949783899    -0.1730811787    -0.8731752140
   23      C      -1.3780228844     0.8163679274    -1.8013832426
   24      H      -0.8538417406     1.7630717145    -1.7416017520
   25      C      -1.7794494177    -1.3784495228    -0.9083182700
   26      H      -1.5547643381    -2.1415929843    -0.1716566419
   27      C      -2.2535430240     0.5625827717    -2.8491961573
   28      C      -2.6722499218    -1.6400399706    -1.9414421994
   29      C      -2.8694026856    -0.6917340085    -2.9526014526
   30      C      -3.3210434466    -2.9912581249    -2.0516428439
   31      H      -3.1710445104    -3.5882638947    -1.1526183528
   32      H      -4.3952232634    -2.9080305370    -2.2224065663
   33      H      -2.9102089155    -3.5553785808    -2.8927229204
   34      C      -2.4471649319     1.5939659897    -3.9257232767
   35      H      -2.0196669746     2.5557119553    -3.6433124076
   36      H      -3.5023468769     1.7504779752    -4.1521714348
   37      H      -1.9665479028     1.2850266803    -4.8575706708
   38      B      -3.4502093579    -1.1084555661    -4.3577247977
   39      C      -4.8821368662    -0.8855935452    -4.8356718965
   40      C      -5.8675333171    -0.3977168449    -3.9540946791
   41      H      -5.5922555040    -0.1874110260    -2.9262051758
   42      C      -7.1512956665    -0.1901342134    -4.3935108943
   43      C      -8.3551850744     0.2878175057    -3.7402152772
   44      C      -8.6788626307     0.7004692788    -2.4697310662
   45      H      -7.9474076675     0.7199264822    -1.6722195463
   46      C     -10.0055603019     1.1056855638    -2.2147304221
   47      H     -10.2616991013     1.4303456632    -1.2149768703
   48      C     -10.9857436323     1.1053529286    -3.1837169435
   49      H     -11.9890754751     1.4266642487    -2.9337623732
   50      C      -9.3696147496     0.2925415993    -4.7246635103
   51      C     -10.6844275930     0.6875300479    -4.5009537177
   52      C      -8.8880860285    -0.1533205144    -5.9733518329
   53      C      -9.7502343631    -0.2068070298    -7.0434117535
   54      H      -9.4271703837    -0.5423543558    -8.0208697828
   55      C     -11.0869029099     0.1887702812    -6.8407855941
   56      H     -11.7715754728     0.1492868870    -7.6778613681
   57      C     -11.5524977573     0.6228497406    -5.6178758965
   58      H     -12.5896510586     0.9159327643    -5.5136107983
   59      C      -7.4922833410    -0.4627580981    -5.7830559338
   60      C      -6.5463685958    -0.9244435482    -6.6579516302
   61      H      -6.8034587841    -1.1129240917    -7.6945066094
   62      C      -5.2322485813    -1.1552119566    -6.2235705737
   63      B      -4.1918923395    -1.6610912432    -7.2203543390
   64      C      -2.7800965650    -1.9617467367    -6.7201733860
   65      C      -1.8090075043    -2.4561704293    -7.6076869962
   66      H      -2.0779021556    -2.6340212170    -8.6429749427
   67      C      -0.5322492664    -2.6944066474    -7.1716945115
   68      C       0.6533681789    -3.1596890702    -7.8592519997
   69      C       0.9453972747    -3.5346051108    -9.1510156002
   70      H       0.1938081476    -3.5327261186    -9.9301891121
   71      C       2.2657620460    -3.9232788265    -9.4554771452
   72      H       2.4978873477    -4.2172001073   -10.4707755524
   73      C       3.2689653291    -3.9386819296    -8.5107286990
   74      H       4.2692338930    -4.2422275552    -8.7942170484
   75      C       1.6859901917    -3.1808981961    -6.8962705259
   76      C       2.9981619237    -3.5570166557    -7.1748461643
   77      C       1.2325747347    -2.7621041834    -5.6262105241
   78      C       2.1336648336    -2.7245680129    -4.5875158998
   79      H       1.8496268851    -2.4147340846    -3.5895700094
   80      C       3.4688672179    -3.1017179750    -4.8441477013
   81      H       4.1767839708    -3.0699917311    -4.0262540364
   82      C       3.9026027097    -3.5055731734    -6.0883520098
   83      H       4.9392975423    -3.7831656400    -6.2339961433
   84      C      -0.1726049329    -2.4445351384    -5.7828901014
   85      C      -1.1057130525    -1.9619850153    -4.9057854586
   86      H      -0.8250288318    -1.7687051658    -3.8773867062
   87      C      -2.4225115328    -1.7028597829    -5.3342275198
   88      C      -4.5390010358    -1.8282963674    -8.7476979104
   89      C      -5.0444183631    -3.0340512535    -9.2499834855
   90      C      -5.3066678133    -3.1661385769   -10.6080906488
   91      H      -5.7092392100    -4.0927801450   -11.0006961334
   92      C      -5.0438868810    -2.1163228952   -11.4750766454
   93      C      -4.5450839671    -0.9197334245   -10.9873362501
   94      H      -4.3239129526    -0.1151892275   -11.6791586411
   95      C      -4.3033504712    -0.7646933356    -9.6287795344
   96      N      -5.2414892962    -2.2819494923   -12.8604253447
   97      C      -4.6043777407    -3.2311557980   -13.6316013513
   98      C      -6.0491424494    -1.5146053019   -13.6767785170
   99      C      -6.8911522983    -0.4592810586   -13.3513675793
  100      H      -6.9820188171    -0.1035359474   -12.3338300755
  101      C      -7.6152761433     0.1190476095   -14.3789390654
  102      H      -8.2786318923     0.9440729519   -14.1549621575
  103      C      -3.6800479898    -4.2008529679   -13.2557449392
  104      H      -3.3542609906    -4.3051860812   -12.2295984561
  105      C      -3.1856090982    -5.0345977867   -14.2421807292
  106      H      -2.4675914833    -5.7988110080   -13.9739469793
  107      C      -3.5899501084    -4.9121799880   -15.5742677424
  108      H      -3.1840675360    -5.5825672523   -16.3199809726
  109      C      -4.4993577276    -3.9389800100   -15.9423732534
  110      H      -4.8063892086    -3.8397252771   -16.9761055164
  111      C      -5.0118317231    -3.0881207160   -14.9679745073
  112      C      -7.5124898063    -0.3371965229   -15.6961949384
  113      H      -8.0944279207     0.1403884969   -16.4729124153
  114      C      -6.6775025691    -1.3925248491   -16.0107931483
  115      H      -6.6017453101    -1.7508160771   -17.0300016145
  116      C      -5.9382632846    -1.9896663695   -14.9969997601
  117      C      -3.7556733608     0.5367820459    -9.1150547120
  118      H      -3.6405071612     1.2682129574    -9.9145725093
  119      H      -4.4096359871     0.9737570528    -8.3578359767
  120      H      -2.7773812148     0.4028278793    -8.6484309085
  121      C      -5.2979186275    -4.1881177101    -8.3214486795
  122      H      -5.6930755759    -5.0544547781    -8.8513612076
  123      H      -6.0123766353    -3.9233554230    -7.5398467823
  124      H      -4.3810260835    -4.4992827018    -7.8164553134
 ----------------------------------------------------------------
 Nuclear Repulsion Energy = 10715.4322969878 hartrees
 There are      252 alpha and      252 beta electrons
 Requested basis set is def2-mSVP
 There are 628 shells and 1236 basis functions

 Total QAlloc Memory Limit  14000 MB
 Mega-Array Size      1001 MB
 MEM_STATIC part      1024 MB
 Discretize the solute cavity surface with Lebedev spheres
	Using 302 Lebedev grid points for each H atom
	Using 302 Lebedev grid points for other atoms
	Atomic van der Waals radii will be scaled by 1.20
 Remove points where switching function is < 1.0e-08
 Keep 13082 surface tesserae and discard 24366 interior tesserae
 Molecular Surface Area = 986.006 Angst**2
 A cutoff of  1.0D-11 yielded  54336 shell pairs
 There are    218410 function pairs (    240961 Cartesian)
 
 -------------------------------------------------------
 OpenMP Integral Computing Module                       
 Release: version 1.0, May 2013, Q-Chem Inc. Pittsburgh 
 -------------------------------------------------------
 Integral Job Info:
 Integral job number is                      11
 Integral operator is                         1
 short-range coefficients                     0
 long-range coefficients              100000000
 Omega coefficients                           0
 if combine SR and LR in K                    0
 Integral screening is                        0
 Integral computing path is                   2
 max size of driver memory is            800000
 size of driver memory is                593474
 size of scratch memory is              1809772
 max col of scratch BK array               1296
 max len of scratch array in speh3          155
 max len of scratch index in speh4           18
 max int batch size is                      520
 min int batch size is                       52
 fixed nKL is                                52
 max L of basis functions is                  2
 order of int derivative is                   0
 number of shells is                        628
 number of basis is                        1312
 number of cartesian basis is              1312
 number of contracted shell pairs         54336
 number of primitive shell pairs         113345
 maxK2 (contraction) of shell pair           25
 max number of K2 of shell pair               1
 max number of CS2 of shell pair          12974
 max number of PS2 of shell pair          20095
 mem total for path MDJ                 1080476
 -------------------------------------------------------
 Smallest overlap matrix eigenvalue = 2.01E-04

 Scale SEOQF with 1.000000e-02/1.000000e-02/1.000000e-03

 Standard Electronic Orientation quadrupole field applied
 Nucleus-field energy     =     0.0000000304 hartrees
 Guess from superposition of atomic densities
 Warning:  Energy on first SCF cycle will be non-variational
 SAD guess density has 504.000001 electrons

 -----------------------------------------------------------------------
  General SCF calculation program by
  Eric Jon Sundstrom, Paul Horn, Yuezhi Mao, Dmitri Zuev, Alec White,
  David Stuck, Shaama M.S., Shane Yost, Joonho Lee, David Small,
  Daniel Levine, Susi Lehtola, Hugh Burton, Evgeny Epifanovsky
 -----------------------------------------------------------------------
 Exchange:     0.4200 Hartree-Fock + 0.5800 PBEh-3c
 Correlation:  1.0000 PBEh-3c
 Using SG-1 standard quadrature grid
 Dispersion:   Grimme D3
 using 8 threads for integral computing
 -------------------------------------------------------
 OpenMP Integral computing Module                
 Release: version 2.0, May 2017, Q-Chem Inc. Pleasanton 
 -------------------------------------------------------
 -------------------------------------------------------
 OpenMP BLAS3 based DFT computing Module                
 Release: version 1.0, May 2013, Q-Chem Inc. Pittsburgh 
 -------------------------------------------------------
 A restricted SCF calculation will be
 performed using DIIS
 SCF converges when DIIS error is below 1.0e-08
 ---------------------------------------
  Cycle       Energy         DIIS error
 ---------------------------------------
    1   -2951.7323515469      2.46e-02  
    2               -nan          -nan  
solve(c,A,vect) failed Check on this
The B Matrix
           0.  -1.0000e+00  -1.0000e+00  -1.0000e+00
  -1.0000e+00   9.2598e+02          nan          nan
  -1.0000e+00          nan          nan          nan
  -1.0000e+00          nan          nan          nan
    3               -nan     1.80e+308  
    4               -nan           nan  
    5               -nan           nan  
solve(c,A,vect) failed Check on this
The B Matrix
       0.  -1.0000  -1.0000  -1.0000
  -1.0000      nan      nan      nan
  -1.0000      nan      nan      nan
  -1.0000      nan      nan      nan
    6               -nan     1.80e+308  
    7               -nan           nan  
    8               -nan           nan  
solve(c,A,vect) failed Check on this
The B Matrix
       0.  -1.0000  -1.0000  -1.0000
  -1.0000      nan      nan      nan
  -1.0000      nan      nan      nan
  -1.0000      nan      nan      nan
    9               -nan     1.80e+308  
   10               -nan           nan  
   11               -nan           nan  
solve(c,A,vect) failed Check on this
The B Matrix
       0.  -1.0000  -1.0000  -1.0000
  -1.0000      nan      nan      nan
  -1.0000      nan      nan      nan
  -1.0000      nan      nan      nan
   12               -nan     1.80e+308  
   13               -nan           nan  
   14               -nan           nan  
solve(c,A,vect) failed Check on this
The B Matrix
       0.  -1.0000  -1.0000  -1.0000
  -1.0000      nan      nan      nan
  -1.0000      nan      nan      nan
  -1.0000      nan      nan      nan
   15               -nan     1.80e+308  
   16               -nan           nan  
   17               -nan           nan  
solve(c,A,vect) failed Check on this
The B Matrix
       0.  -1.0000  -1.0000  -1.0000
  -1.0000      nan      nan      nan
  -1.0000      nan      nan      nan
  -1.0000      nan      nan      nan
   18               -nan     1.80e+308  
   19               -nan           nan  
   20               -nan           nan  
solve(c,A,vect) failed Check on this
The B Matrix
       0.  -1.0000  -1.0000  -1.0000
  -1.0000      nan      nan      nan
  -1.0000      nan      nan      nan
  -1.0000      nan      nan      nan
   21               -nan     1.80e+308  
   22               -nan           nan  
   23               -nan           nan  
solve(c,A,vect) failed Check on this
The B Matrix
       0.  -1.0000  -1.0000  -1.0000
  -1.0000      nan      nan      nan
  -1.0000      nan      nan      nan
  -1.0000      nan      nan      nan
   24               -nan     1.80e+308  
   25               -nan           nan  
   26               -nan           nan  
solve(c,A,vect) failed Check on this
The B Matrix
       0.  -1.0000  -1.0000  -1.0000
  -1.0000      nan      nan      nan
  -1.0000      nan      nan      nan
  -1.0000      nan      nan      nan
   27               -nan     1.80e+308  
   28               -nan           nan  
   29               -nan           nan  
solve(c,A,vect) failed Check on this
The B Matrix
       0.  -1.0000  -1.0000  -1.0000
  -1.0000      nan      nan      nan
  -1.0000      nan      nan      nan
  -1.0000      nan      nan      nan
   30               -nan     1.80e+308  
   31               -nan           nan  
   32               -nan           nan  
solve(c,A,vect) failed Check on this
The B Matrix
       0.  -1.0000  -1.0000  -1.0000
  -1.0000      nan      nan      nan
  -1.0000      nan      nan      nan
  -1.0000      nan      nan      nan
   33               -nan     1.80e+308  
   34               -nan           nan  
   35               -nan           nan  
solve(c,A,vect) failed Check on this
The B Matrix
       0.  -1.0000  -1.0000  -1.0000
  -1.0000      nan      nan      nan
  -1.0000      nan      nan      nan
  -1.0000      nan      nan      nan
   36               -nan     1.80e+308  
   37               -nan           nan  
   38               -nan           nan  
solve(c,A,vect) failed Check on this
The B Matrix
       0.  -1.0000  -1.0000  -1.0000
  -1.0000      nan      nan      nan
  -1.0000      nan      nan      nan
  -1.0000      nan      nan      nan
   39               -nan     1.80e+308  
   40               -nan           nan  
   41               -nan           nan  
solve(c,A,vect) failed Check on this
The B Matrix
       0.  -1.0000  -1.0000  -1.0000
  -1.0000      nan      nan      nan
  -1.0000      nan      nan      nan
  -1.0000      nan      nan      nan
   42               -nan     1.80e+308  
   43               -nan           nan  
   44               -nan           nan  
solve(c,A,vect) failed Check on this
The B Matrix
       0.  -1.0000  -1.0000  -1.0000
  -1.0000      nan      nan      nan
  -1.0000      nan      nan      nan
  -1.0000      nan      nan      nan
   45               -nan     1.80e+308  
   46               -nan           nan  
   47               -nan           nan  
solve(c,A,vect) failed Check on this
The B Matrix
       0.  -1.0000  -1.0000  -1.0000
  -1.0000      nan      nan      nan
  -1.0000      nan      nan      nan
  -1.0000      nan      nan      nan
   48               -nan     1.80e+308  
   49               -nan           nan  
   50               -nan           nan  
gen_scfman_exception: eig_sym(): decomposition failed

 Q-Chem fatal error occurred in module libgscf/gen_scfman/gen_scfman_main.C, line 144:

 Error in gen_scfman


 Please submit a crash report at q-chem.com/reporter 
 
 
[ctcp036:14417] *** Process received signal ***
[ctcp036:14417] Signal: Aborted (6)
[ctcp036:14417] Signal code:  (-6)
[ctcp036:14417] [ 0] /lib64/libpthread.so.0(+0xf100)[0x2aaaaaee2100]
[ctcp036:14417] [ 1] /lib64/libc.so.6(gsignal+0x37)[0x2aaaac37e5f7]
[ctcp036:14417] [ 2] /lib64/libc.so.6(abort+0x148)[0x2aaaac37fce8]
[ctcp036:14417] [ 3] /cm/shared/apps/q-chem/intel/QCHEM_5.1.0_Trunk/exe/qcprog.exe[0x10a2c76b]
[ctcp036:14417] [ 4] /cm/shared/apps/q-chem/intel/QCHEM_5.1.0_Trunk/exe/qcprog.exe[0xab5521]
[ctcp036:14417] [ 5] /cm/shared/apps/q-chem/intel/QCHEM_5.1.0_Trunk/exe/qcprog.exe[0x43fe3d]
[ctcp036:14417] [ 6] /cm/shared/apps/q-chem/intel/QCHEM_5.1.0_Trunk/exe/qcprog.exe[0x43d36e]
[ctcp036:14417] [ 7] /cm/shared/apps/q-chem/intel/QCHEM_5.1.0_Trunk/exe/qcprog.exe[0x43c2b0]
[ctcp036:14417] [ 8] /lib64/libc.so.6(__libc_start_main+0xf5)[0x2aaaac36ab15]
[ctcp036:14417] [ 9] /cm/shared/apps/q-chem/intel/QCHEM_5.1.0_Trunk/exe/qcprog.exe[0x416029]
[ctcp036:14417] *** End of error message ***
