mFile = /cm/shared/apps/q-chem/intel/QCHEM_5.1.0_Trunk/bin/mpi/machines
Process 0 of 1 is on ctcp005 - thread support 0
initial socket setup ...start
initial socket setup ...done 
now start server 0 ... 
Q-Chem Developer Version!
                  Welcome to Q-Chem
     A Quantum Leap Into The Future Of Chemistry


 Q-Chem 5.1, Q-Chem, Inc., Pleasanton, CA (2018)

 Yihan Shao,  Zhengting Gan,  E. Epifanovsky,  A. T. B. Gilbert,  M. Wormit,  
 J. Kussmann,  A. W. Lange,  A. Behn,  Jia Deng,  Xintian Feng,  D. Ghosh,  
 M. Goldey,  P. R. Horn,  L. D. Jacobson,  I. Kaliman,  T. Kus,  A. Landau,  
 Jie Liu,  E. I. Proynov,  R. M. Richard,  R. P. Steele,  E. J. Sundstrom,  
 H. L. Woodcock III,  P. M. Zimmerman,  D. Zuev,  B. Albrecht,  E. Alguire,  
 S. A. Baeppler,  D. Barton,  Z. Benda,  Y. A. Bernard,  E. J. Berquist,  
 K. B. Bravaya,  H. Burton,  D. Casanova,  Chun-Min Chang,  Yunqing Chen,  
 A. Chien,  K. D. Closser,  M. P. Coons,  S. Coriani,  S. Dasgupta,  
 A. L. Dempwolff,  M. Diedenhofen,  Hainam Do,  R. G. Edgar,  Po-Tung Fang,  
 S. Faraji,  S. Fatehi,  Qingguo Feng,  K. D. Fenk,  J. Fosso-Tande,  
 Qinghui Ge,  A. Ghysels,  G. Gidofalvi,  J. Gomes,  J. Gonthier,  A. Gunina,  
 D. Hait,  M. W. D. Hanson-Heine,  P. H. P. Harbach,  A. W. Hauser,  
 J. E. Herr,  E. G. Hohenstein,  Z. C. Holden,  Kerwin Hui,  B. C. Huynh,  
 T.-C. Jagau,  Hyunjun Ji,  B. Kaduk,  K. Khistyaev,  Jaehoon Kim,  
 P. Klunzinger,  K. Koh,  D. Kosenkov,  L. Koulias,  T. Kowalczyk,  
 C. M. Krauter,  A. Kunitsa,  Ka Un Lao,  A. Laurent,  K. V. Lawler,  
 Joonho Lee,  D. Lefrancois,  S. Lehtola,  D. S. Levine,  Yi-Pei Li,  
 You-Sheng Lin,  Fenglai Liu,  E. Livshits,  A. Luenser,  P. Manohar,  
 E. Mansoor,  S. F. Manzer,  Shan-Ping Mao,  Yuezhi Mao,  N. Mardirossian,  
 A. V. Marenich,  T. Markovich,  L. A. Martinez-Martinez,  S. A. Maurer,  
 N. J. Mayhall,  S. C. McKenzie,  J.-M. Mewes,  A. F. Morrison,  
 J. W. Mullinax,  K. Nanda,  T. S. Nguyen-Beck,  R. Olivares-Amaya,  
 J. A. Parkhill,  T. M. Perrine,  F. Plasser,  P. Pokhilko,  S. Prager,  
 A. Prociuk,  E. Ramos,  D. R. Rehn,  F. Rob,  M. Schneider,  N. Sergueev,  
 S. M. Sharada,  S. Sharma,  D. W. Small,  T. Stauch,  T. Stein,  
 Yu-Chuan Su,  A. J. W. Thom,  A. Tkatchenko,  T. Tsuchimochi,  N. M. Tubman,  
 L. Vogt,  M. L. Vidal,  O. Vydrov,  M. A. Watson,  J. Wenzel,  
 M. de Wergifosse,  T. A. Wesolowski,  A. White,  J. Witte,  A. Yamada,  
 Jun Yang,  K. Yao,  S. Yeganeh,  S. R. Yost,  Zhi-Qiang You,  A. Zech,  
 Igor Ying Zhang,  Xing Zhang,  Yan Zhao,  Ying Zhu,  B. R. Brooks,  
 G. K. L. Chan,  C. J. Cramer,  M. S. Gordon,  W. J. Hehre,  A. Klamt,  
 M. W. Schmidt,  C. D. Sherrill,  D. G. Truhlar,  A. Aspuru-Guzik,  R. Baer,  
 A. T. Bell,  N. A. Besley,  Jeng-Da Chai,  A. E. DePrince, III,  
 R. A. DiStasio Jr.,  A. Dreuw,  B. D. Dunietz,  T. R. Furlani,  
 Chao-Ping Hsu,  Yousung Jung,  Jing Kong,  D. S. Lambrecht,  WanZhen Liang,  
 C. Ochsenfeld,  V. A. Rassolov,  L. V. Slipchenko,  J. E. Subotnik,  
 T. Van Voorhis,  J. M. Herbert,  A. I. Krylov,  P. M. W. Gill,  M. Head-Gordon

 Contributors to earlier versions of Q-Chem not listed above: 
 R. D. Adamson,  B. Austin,  J. Baker,  G. J. O. Beran,  K. Brandhorst,  
 S. T. Brown,  E. F. C. Byrd,  A. K. Chakraborty,  C.-L. Cheng,  
 Siu Hung Chien,  D. M. Chipman,  D. L. Crittenden,  H. Dachsel,  
 R. J. Doerksen,  A. D. Dutoi,  L. Fusti-Molnar,  W. A. Goddard III,  
 A. Golubeva-Zadorozhnaya,  S. R. Gwaltney,  G. Hawkins,  A. Heyden,  
 S. Hirata,  G. Kedziora,  F. J. Keil,  C. Kelley,  Jihan Kim,  R. A. King,  
 R. Z. Khaliullin,  P. P. Korambath,  W. Kurlancheek,  A. M. Lee,  M. S. Lee,  
 S. V. Levchenko,  Ching Yeh Lin,  D. Liotard,  R. C. Lochan,  I. Lotan,  
 P. E. Maslen,  N. Nair,  D. P. O'Neill,  D. Neuhauser,  E. Neuscamman,  
 C. M. Oana,  R. Olson,  B. Peters,  R. Peverati,  P. A. Pieniazek,  
 Y. M. Rhee,  J. Ritchie,  M. A. Rohrdanz,  E. Rosta,  N. J. Russ,  
 H. F. Schaefer III,  N. E. Schultz,  N. Shenvi,  A. C. Simmonett,  A. Sodt,  
 D. Stuck,  K. S. Thanthiriwatte,  V. Vanovschi,  Tao Wang,  A. Warshel,  
 C. F. Williams,  Q. Wu,  X. Xu,  W. Zhang

 Please cite Q-Chem as follows:
 Y. Shao et al., Mol. Phys. 113, 184-215 (2015)
 DOI: 10.1080/00268976.2014.952696

 Q-Chem 5.1.1 for Intel X86 EM64T Linux

 Parts of Q-Chem use Armadillo 8.300.2 (Tropical Shenanigans).
 http://arma.sourceforge.net/

 Q-Chem begins on Mon Nov  5 09:27:25 2018  

Host: ctcp005
0

     Scratch files written to /scratch/mewes1/139596/qchem99726//
 Parallel job on  1  processors
The previous job contains 0 fragments, simply inherited here
Symmetry turned off for PCM/SM12/SMD calculation
Input Ideriv = 2
Curr. Ideriv = -1
Max.  Ideriv = 2
Input Ideriv = 1
Curr. Ideriv = 2
Max.  Ideriv = 1

Checking the input file for inconsistencies... 	...done.

--------------------------------------------------------------
User input:
--------------------------------------------------------------
$solvent
dielectric      2.03
dielectric_infi 2.02
$end

$rem
threads 8
jobtype	sp
method PBEh-3c
basis def2-mSVP
mem_static	1024
mem_total	14000
sym_ignore	true
cis_n_roots             2
cis_singlets            false
cis_triplets		true 
rpa                     false
calc_soc 		true
cis_moments             true
cis_relaxed_density	true
solvent_method		pcm
$end

$pcm
StateSpecific   1
ChargeSeparation Excited
$end


$molecule
read utleopt_chx.mol
$end


--------------------------------------------------------------
 Adding empirical dispersion correction 
 ----------------------------------------------------------------
 Doing -D3(BJ) with
 s6 =   1.00000
 s8 =   0.00000
 a1 =   0.48600
 a2 =   4.50000
 -D3 energy including 3body term =     -0.1184132505 hartrees
 ----------------------------------------------------------------
 Adding gCP correction 
 ----------------------------------------------------------------
 gCP energy =      0.1602459998 hartrees
 ----------------------------------------------------------------
             Standard Nuclear Orientation (Angstroms)
    I     Atom           X                Y                Z
 ----------------------------------------------------------------
    1      N       0.0000000000     0.0000000000     0.0000000000
    2      C       0.0000000000     0.0000000000     1.3791650000
    3      C       1.3066940327     0.0000000000    -0.4422309305
    4      C       1.8005776669    -0.0371731265    -1.7403113466
    5      H       1.1390809787    -0.0548083764    -2.5962276825
    6      C       3.1752199543    -0.0575283145    -1.9013790786
    7      H       3.5872271916    -0.0868180110    -2.9017379239
    8      C      -1.0732204514    -0.0029118331     2.2640587790
    9      H      -2.0964154394    -0.0109559340     1.9125318551
   10      C      -0.7889074817    -0.0016139196     3.6183360367
   11      H      -1.6067021149    -0.0073411393     4.3274422890
   12      C       0.5270098910     0.0047734169     4.0913444437
   13      H       0.7115804057     0.0034307796     5.1574150845
   14      C       1.5891482249     0.0114460623     3.2066093657
   15      H       2.6086578726     0.0164246729     3.5723281389
   16      C       1.3285201252     0.0083478452     1.8396571752
   17      C       4.0430496115    -0.0463433031    -0.8048540990
   18      H       5.1120761450    -0.0654596086    -0.9703775653
   19      C       3.5449766679    -0.0167178598     0.4843877544
   20      H       4.2160380104    -0.0173493822     1.3346758527
   21      C       2.1668614106     0.0054220725     0.6721311522
   22      C      -1.1577562135    -0.1078399938    -0.8024047774
   23      C      -1.5224582992     0.9200082655    -1.6570599223
   24      H      -0.9020937816     1.8066881025    -1.7214648328
   25      C      -1.9504970021    -1.2408620196    -0.7031413581
   26      H      -1.6473381125    -2.0469838067    -0.0445873012
   27      C      -3.1320359584    -1.3375090095    -1.4264738918
   28      C      -2.6945127645     0.8292716972    -2.4013467620
   29      C      -3.5221836821    -0.2945300710    -2.2792980641
   30      C      -3.0917417661     1.9631192762    -3.3035994778
   31      H      -2.3495047766     2.7608218243    -3.2976532522
   32      H      -3.2123834084     1.6287528392    -4.3356489352
   33      H      -4.0464079537     2.3971772326    -2.9988554657
   34      C      -3.9949831076    -2.5583864052    -1.2716224006
   35      H      -3.5312717437    -3.2949747519    -0.6161034500
   36      H      -4.1845836719    -3.0403629203    -2.2323423426
   37      H      -4.9688903724    -2.3048702999    -0.8471194190
   38      B      -4.9224529248    -0.3712803474    -3.0064982913
   39      C      -5.0905097527    -0.9926764293    -4.3911999278
   40      C      -3.9649371411    -1.4527119852    -5.0947569498
   41      H      -2.9838884551    -1.3689484414    -4.6394062940
   42      C      -4.1082382730    -2.0056331417    -6.3411008078
   43      C      -3.1428256151    -2.5576080944    -7.2637887624
   44      C      -1.7788740034    -2.7395321822    -7.2434473752
   45      H      -1.1749548491    -2.4359247898    -6.3976573187
   46      C      -1.1685212297    -3.3438478440    -8.3610575628
   47      H      -0.0963762635    -3.4908035473    -8.3494259430
   48      C      -1.8863380809    -3.7548210515    -9.4644652713
   49      H      -1.3709875873    -4.2149382624   -10.2985029485
   50      C      -3.8721042112    -2.9827045161    -8.3959447573
   51      C      -3.2913207690    -3.5808112192    -9.5106635151
   52      C      -5.2553830434    -2.7378153614    -8.2525519611
   53      C      -6.0951771782    -3.1034254460    -9.2779877619
   54      H      -7.1640204821    -2.9404836863    -9.2256908544
   55      C      -5.5320300676    -3.7062877519   -10.4228552380
   56      H      -6.1914047249    -3.9931793168   -11.2314424340
   57      C      -4.1801571874    -3.9447052275   -10.5505923228
   58      H      -3.7988898013    -4.4132557983   -11.4494189139
   59      C      -5.4266158340    -2.1210680278    -6.9513108691
   60      C      -6.5367269192    -1.6940801726    -6.2710093227
   61      H      -7.5205963319    -1.7967057241    -6.7144771693
   62      C      -6.4136043951    -1.1253652899    -4.9880064747
   63      C      -6.1685385046     0.1429794638    -2.2823547396
   64      C      -6.0340174414     0.7614922200    -1.0296684798
   65      H      -5.0459051749     0.8994974477    -0.6054117417
   66      C      -7.1417070621     1.1674170548    -0.3350678972
   67      C      -7.2754180389     1.7856940753     0.9631820811
   68      C      -6.3932559288     2.2086364714     1.9312400362
   69      H      -5.3214009630     2.1228261434     1.8038677814
   70      C      -6.9162720778     2.7639418768     3.1165194919
   71      H      -6.2261508993     3.0995665899     3.8795626289
   72      C      -8.2711294346     2.8910292658     3.3389025104
   73      H      -8.6259539429     3.3201701750     4.2677591544
   74      C      -8.6598960011     1.9240380845     1.1943705086
   75      C      -9.1989830461     2.4607505386     2.3604508819
   76      C      -9.4248518349     1.4346470751     0.1122111958
   77      C     -10.7956103939     1.4852634972     0.2086967261
   78      H     -11.4367028523     1.1201930706    -0.5832950826
   79      C     -11.3682434642     2.0251437282     1.3799528237
   80      H     -12.4469244889     2.0628282221     1.4557033478
   81      C     -10.6110935595     2.5018988979     2.4285209131
   82      H     -11.0991577744     2.9048810234     3.3072792711
   83      C      -8.4769846067     0.9543043837    -0.8756552407
   84      C      -8.6270625489     0.3742531550    -2.1094608621
   85      H      -9.6158450412     0.2190356143    -2.5265512501
   86      C      -7.4991404462    -0.0359811310    -2.8485093245
   87      B      -7.6674566383    -0.6856347163    -4.2237136752
   88      C      -9.0933781356    -0.9621421714    -4.8461380023
   89      C      -9.6905751958    -0.0608737835    -5.7362190884
   90      C     -10.9042785843    -0.3748616318    -6.3394289968
   91      H     -11.3483836675     0.3084007363    -7.0540417421
   92      C     -11.5438976943    -1.5704280926    -6.0457106757
   93      C     -10.9739796697    -2.4547145201    -5.1416015520
   94      H     -11.4883764141    -3.3780279928    -4.9024801579
   95      C      -9.7508592480    -2.1637911055    -4.5482832348
   96      N     -12.7630207883    -1.9001097486    -6.6815326282
   97      C     -13.9376254711    -1.1784364306    -6.6179676674
   98      C     -12.9510012995    -2.9678253130    -7.5355592401
   99      C     -14.2180183390    -0.0319938434    -5.8836506279
  100      H     -13.4717471279     0.4285674034    -5.2494568829
  101      C     -15.4889345296     0.5016250811    -5.9946920203
  102      H     -15.7358707781     1.3957787161    -5.4371271698
  103      C     -12.0368165213    -3.9378358368    -7.9321529534
  104      H     -11.0204349463    -3.9417441386    -7.5607252270
  105      C     -12.4732963252    -4.8991003267    -8.8250362527
  106      H     -11.7842295958    -5.6673638512    -9.1515293619
  107      C     -13.7827189905    -4.8971400162    -9.3156868680
  108      H     -14.0915391659    -5.6649720383   -10.0123473684
  109      C     -14.6809028229    -3.9218927116    -8.9225458694
  110      H     -15.6913744827    -3.9186585219    -9.3112896415
  111      C     -14.2664963176    -2.9420724346    -8.0257865611
  112      C     -16.4591240036    -0.0897687731    -6.8100613243
  113      H     -17.4430578828     0.3550393101    -6.8756050900
  114      C     -16.1729294174    -1.2358824371    -7.5291022206
  115      H     -16.9284494670    -1.6926222224    -8.1560558701
  116      C     -14.9012741599    -1.7920298586    -7.4364006580
  117      C      -9.0022730987     1.2348004815    -6.0622099056
  118      H      -9.5934981353     1.8476440682    -6.7419280000
  119      H      -8.8161163846     1.8229691976    -5.1613355519
  120      H      -8.0314340789     1.0629299457    -6.5318479813
  121      C      -9.1348736923    -3.1406325907    -3.5854097250
  122      H      -9.7517669984    -4.0302847363    -3.4607559391
  123      H      -8.9967470690    -2.6940063352    -2.5989149475
  124      H      -8.1494163929    -3.4670202682    -3.9243057143
 ----------------------------------------------------------------
 Nuclear Repulsion Energy = 10601.9978194726 hartrees
 There are      253 alpha and      251 beta electrons
 Requested basis set is def2-mSVP
 There are 628 shells and 1236 basis functions

 Total QAlloc Memory Limit  14000 MB
 Mega-Array Size      1001 MB
 MEM_STATIC part      1024 MB
 Discretize the solute cavity surface with Lebedev spheres
	Using 302 Lebedev grid points for each H atom
	Using 302 Lebedev grid points for other atoms
	Atomic van der Waals radii will be scaled by 1.20
 Remove points where switching function is < 1.0e-08
 Keep 13080 surface tesserae and discard 24368 interior tesserae
 Molecular Surface Area = 994.696 Angst**2
 A cutoff of  1.0D-11 yielded  52977 shell pairs
 There are    212779 function pairs (    234808 Cartesian)
 
 -------------------------------------------------------
 OpenMP Integral Computing Module                       
 Release: version 1.0, May 2013, Q-Chem Inc. Pittsburgh 
 -------------------------------------------------------
 Integral Job Info:
 Integral job number is                      11
 Integral operator is                         1
 short-range coefficients                     0
 long-range coefficients              100000000
 Omega coefficients                           0
 if combine SR and LR in K                    0
 Integral screening is                        0
 Integral computing path is                   2
 max size of driver memory is            800000
 size of driver memory is                593474
 size of scratch memory is              1809772
 max col of scratch BK array               1296
 max len of scratch array in speh3          155
 max len of scratch index in speh4           18
 max int batch size is                      520
 min int batch size is                       52
 fixed nKL is                                52
 max L of basis functions is                  2
 order of int derivative is                   0
 number of shells is                        628
 number of basis is                        1312
 number of cartesian basis is              1312
 number of contracted shell pairs         52977
 number of primitive shell pairs         110785
 maxK2 (contraction) of shell pair           25
 max number of K2 of shell pair               1
 max number of CS2 of shell pair          12669
 max number of PS2 of shell pair          19595
 mem total for path MDJ                 1057180
 -------------------------------------------------------
 Smallest overlap matrix eigenvalue = 2.04E-04

 Scale SEOQF with 1.000000e-03/1.000000e-02/1.000000e-02

 Standard Electronic Orientation quadrupole field applied
 Nucleus-field energy     =    -0.0000001263 hartrees
 Guess from superposition of atomic densities
 Warning:  Energy on first SCF cycle will be non-variational
 SAD guess density has 504.000001 electrons

 -----------------------------------------------------------------------
  General SCF calculation program by
  Eric Jon Sundstrom, Paul Horn, Yuezhi Mao, Dmitri Zuev, Alec White,
  David Stuck, Shaama M.S., Shane Yost, Joonho Lee, David Small,
  Daniel Levine, Susi Lehtola, Hugh Burton, Evgeny Epifanovsky
 -----------------------------------------------------------------------
 Exchange:     0.4200 Hartree-Fock + 0.5800 PBEh-3c
 Correlation:  1.0000 PBEh-3c
 Using SG-1 standard quadrature grid
 Dispersion:   Grimme D3
 using 8 threads for integral computing
 -------------------------------------------------------
 OpenMP Integral computing Module                
 Release: version 2.0, May 2017, Q-Chem Inc. Pleasanton 
 -------------------------------------------------------
 -------------------------------------------------------
 OpenMP BLAS3 based DFT computing Module                
 Release: version 1.0, May 2013, Q-Chem Inc. Pittsburgh 
 -------------------------------------------------------
 A unrestricted SCF calculation will be
 performed using DIIS
 SCF converges when DIIS error is below 1.0e-08
 ---------------------------------------
  Cycle       Energy         DIIS error
 ---------------------------------------
    1   -2951.6355615826      1.23e-02  
    2   -2924.7954673921      8.40e-04  
    3   -2924.3106225901      1.05e-03  
    4   -2925.2441839826      4.52e-04  
    5   -2925.4366158602      8.99e-05  
    6   -2925.4309905614      1.75e-04  
    7   -2925.4509202038      9.04e-05  
    8   -2925.4547747537      8.59e-05  
    9   -2925.4588199364      7.10e-05  
   10   -2925.4639916305      5.04e-05  
   11   -2925.4674855823      2.39e-05  
   12   -2925.4682891137      9.73e-06  
   13   -2925.4684486798      4.56e-06  
   14   -2925.4685468145      4.56e-06  
   15   -2925.4686269029      2.11e-06  
   16   -2925.4686527830      1.42e-06  
   17   -2925.4686670789      1.43e-06  
   18   -2925.4686836671      1.15e-06  
   19   -2925.4686915747      7.48e-07  
   20   -2925.4686959707      7.36e-07  
   21   -2925.4686950610      7.34e-07  
   22   -2925.4686883444      6.43e-07  
   23   -2925.4686796561      4.04e-07  
   24   -2925.4686778695      2.87e-07  
   25   -2925.4686778850      1.17e-07  
