mFile = /cm/shared/apps/q-chem/intel/QCHEM_5.1.0_Trunk/bin/mpi/machines
Process 0 of 1 is on ctcp011 - thread support 0
initial socket setup ...start
initial socket setup ...done 
now start server 0 ... 
Q-Chem Developer Version!
                  Welcome to Q-Chem
     A Quantum Leap Into The Future Of Chemistry


 Q-Chem 5.1, Q-Chem, Inc., Pleasanton, CA (2018)

 Yihan Shao,  Zhengting Gan,  E. Epifanovsky,  A. T. B. Gilbert,  M. Wormit,  
 J. Kussmann,  A. W. Lange,  A. Behn,  Jia Deng,  Xintian Feng,  D. Ghosh,  
 M. Goldey,  P. R. Horn,  L. D. Jacobson,  I. Kaliman,  T. Kus,  A. Landau,  
 Jie Liu,  E. I. Proynov,  R. M. Richard,  R. P. Steele,  E. J. Sundstrom,  
 H. L. Woodcock III,  P. M. Zimmerman,  D. Zuev,  B. Albrecht,  E. Alguire,  
 S. A. Baeppler,  D. Barton,  Z. Benda,  Y. A. Bernard,  E. J. Berquist,  
 K. B. Bravaya,  H. Burton,  D. Casanova,  Chun-Min Chang,  Yunqing Chen,  
 A. Chien,  K. D. Closser,  M. P. Coons,  S. Coriani,  S. Dasgupta,  
 A. L. Dempwolff,  M. Diedenhofen,  Hainam Do,  R. G. Edgar,  Po-Tung Fang,  
 S. Faraji,  S. Fatehi,  Qingguo Feng,  K. D. Fenk,  J. Fosso-Tande,  
 Qinghui Ge,  A. Ghysels,  G. Gidofalvi,  J. Gomes,  J. Gonthier,  A. Gunina,  
 D. Hait,  M. W. D. Hanson-Heine,  P. H. P. Harbach,  A. W. Hauser,  
 J. E. Herr,  E. G. Hohenstein,  Z. C. Holden,  Kerwin Hui,  B. C. Huynh,  
 T.-C. Jagau,  Hyunjun Ji,  B. Kaduk,  K. Khistyaev,  Jaehoon Kim,  
 P. Klunzinger,  K. Koh,  D. Kosenkov,  L. Koulias,  T. Kowalczyk,  
 C. M. Krauter,  A. Kunitsa,  Ka Un Lao,  A. Laurent,  K. V. Lawler,  
 Joonho Lee,  D. Lefrancois,  S. Lehtola,  D. S. Levine,  Yi-Pei Li,  
 You-Sheng Lin,  Fenglai Liu,  E. Livshits,  A. Luenser,  P. Manohar,  
 E. Mansoor,  S. F. Manzer,  Shan-Ping Mao,  Yuezhi Mao,  N. Mardirossian,  
 A. V. Marenich,  T. Markovich,  L. A. Martinez-Martinez,  S. A. Maurer,  
 N. J. Mayhall,  S. C. McKenzie,  J.-M. Mewes,  A. F. Morrison,  
 J. W. Mullinax,  K. Nanda,  T. S. Nguyen-Beck,  R. Olivares-Amaya,  
 J. A. Parkhill,  T. M. Perrine,  F. Plasser,  P. Pokhilko,  S. Prager,  
 A. Prociuk,  E. Ramos,  D. R. Rehn,  F. Rob,  M. Schneider,  N. Sergueev,  
 S. M. Sharada,  S. Sharma,  D. W. Small,  T. Stauch,  T. Stein,  
 Yu-Chuan Su,  A. J. W. Thom,  A. Tkatchenko,  T. Tsuchimochi,  N. M. Tubman,  
 L. Vogt,  M. L. Vidal,  O. Vydrov,  M. A. Watson,  J. Wenzel,  
 M. de Wergifosse,  T. A. Wesolowski,  A. White,  J. Witte,  A. Yamada,  
 Jun Yang,  K. Yao,  S. Yeganeh,  S. R. Yost,  Zhi-Qiang You,  A. Zech,  
 Igor Ying Zhang,  Xing Zhang,  Yan Zhao,  Ying Zhu,  B. R. Brooks,  
 G. K. L. Chan,  C. J. Cramer,  M. S. Gordon,  W. J. Hehre,  A. Klamt,  
 M. W. Schmidt,  C. D. Sherrill,  D. G. Truhlar,  A. Aspuru-Guzik,  R. Baer,  
 A. T. Bell,  N. A. Besley,  Jeng-Da Chai,  A. E. DePrince, III,  
 R. A. DiStasio Jr.,  A. Dreuw,  B. D. Dunietz,  T. R. Furlani,  
 Chao-Ping Hsu,  Yousung Jung,  Jing Kong,  D. S. Lambrecht,  WanZhen Liang,  
 C. Ochsenfeld,  V. A. Rassolov,  L. V. Slipchenko,  J. E. Subotnik,  
 T. Van Voorhis,  J. M. Herbert,  A. I. Krylov,  P. M. W. Gill,  M. Head-Gordon

 Contributors to earlier versions of Q-Chem not listed above: 
 R. D. Adamson,  B. Austin,  J. Baker,  G. J. O. Beran,  K. Brandhorst,  
 S. T. Brown,  E. F. C. Byrd,  A. K. Chakraborty,  C.-L. Cheng,  
 Siu Hung Chien,  D. M. Chipman,  D. L. Crittenden,  H. Dachsel,  
 R. J. Doerksen,  A. D. Dutoi,  L. Fusti-Molnar,  W. A. Goddard III,  
 A. Golubeva-Zadorozhnaya,  S. R. Gwaltney,  G. Hawkins,  A. Heyden,  
 S. Hirata,  G. Kedziora,  F. J. Keil,  C. Kelley,  Jihan Kim,  R. A. King,  
 R. Z. Khaliullin,  P. P. Korambath,  W. Kurlancheek,  A. M. Lee,  M. S. Lee,  
 S. V. Levchenko,  Ching Yeh Lin,  D. Liotard,  R. C. Lochan,  I. Lotan,  
 P. E. Maslen,  N. Nair,  D. P. O'Neill,  D. Neuhauser,  E. Neuscamman,  
 C. M. Oana,  R. Olson,  B. Peters,  R. Peverati,  P. A. Pieniazek,  
 Y. M. Rhee,  J. Ritchie,  M. A. Rohrdanz,  E. Rosta,  N. J. Russ,  
 H. F. Schaefer III,  N. E. Schultz,  N. Shenvi,  A. C. Simmonett,  A. Sodt,  
 D. Stuck,  K. S. Thanthiriwatte,  V. Vanovschi,  Tao Wang,  A. Warshel,  
 C. F. Williams,  Q. Wu,  X. Xu,  W. Zhang

 Please cite Q-Chem as follows:
 Y. Shao et al., Mol. Phys. 113, 184-215 (2015)
 DOI: 10.1080/00268976.2014.952696

 Q-Chem 5.1.1 for Intel X86 EM64T Linux

 Parts of Q-Chem use Armadillo 8.300.2 (Tropical Shenanigans).
 http://arma.sourceforge.net/

 Q-Chem begins on Tue Dec 18 09:22:44 2018  

Host: ctcp011
0

     Scratch files written to /scratch/mewes/142036/qchem49358//
 Parallel job on  1  processors
Symmetry turned off for PCM/SM12/SMD calculation
Input Ideriv = 2
Curr. Ideriv = -1
Max.  Ideriv = 2
Input Ideriv = 2
Curr. Ideriv = 2
Max.  Ideriv = 2

Checking the input file for inconsistencies... 	...done.

--------------------------------------------------------------
User input:
--------------------------------------------------------------
$rem
threads 8
jobtype	opt
method PBEh-3c
basis def2-mSVP
mem_static	512
mem_total	6096
sym_ignore	true
solvent_method  pcm
$end

$pcm
theory iefpcm
$end 
$solvent
dielectric 7 
$end

$molecule
0 1
C        -19.14123        9.29663       -7.40062
C        -16.85698        8.85892       -7.03766
C        -15.84458        8.41289       -5.98880
H        -15.86645        9.10130       -5.13539
O        -14.53992        8.39234       -6.56781
H        -16.10761        7.41429       -5.61961
C        -13.55881        7.98585       -5.62278
H        -13.52400        8.68523       -4.78190
H        -12.58378        7.98573       -6.11733
H        -13.76865        6.97374       -5.26358
O        -18.16153        8.88029       -6.45841
H        -19.17554        8.60588       -8.24863
H        -18.93017       10.31218       -7.74924
H        -20.11686        9.29261       -6.90726
H        -16.83593        8.17020       -7.89083
H        -16.59324        9.85718       -7.40728
$end

--------------------------------------------------------------
 Adding empirical dispersion correction 
 ----------------------------------------------------------------
 Doing -D3(BJ) with
 s6 =   1.00000
 s8 =   0.00000
 a1 =   0.48600
 a2 =   4.50000
 -D3 energy including 3body term =     -0.0057562408 hartrees
 ----------------------------------------------------------------
 Adding gCP correction 
 ----------------------------------------------------------------
 gCP energy =      0.0474628393 hartrees
 ----------------------------------------------------------------
             Standard Nuclear Orientation (Angstroms)
    I     Atom           X                Y                Z
 ----------------------------------------------------------------
    1      C     -19.1412300000     9.2966300000    -7.4006200000
    2      C     -16.8569800000     8.8589200000    -7.0376600000
    3      C     -15.8445800000     8.4128900000    -5.9888000000
    4      H     -15.8664500000     9.1013000000    -5.1353900000
    5      O     -14.5399200000     8.3923400000    -6.5678100000
    6      H     -16.1076100000     7.4142900000    -5.6196100000
    7      C     -13.5588100000     7.9858500000    -5.6227800000
    8      H     -13.5240000000     8.6852300000    -4.7819000000
    9      H     -12.5837800000     7.9857300000    -6.1173300000
   10      H     -13.7686500000     6.9737400000    -5.2635800000
   11      O     -18.1615300000     8.8802900000    -6.4584100000
   12      H     -19.1755400000     8.6058800000    -8.2486300000
   13      H     -18.9301700000    10.3121800000    -7.7492400000
   14      H     -20.1168600000     9.2926100000    -6.9072600000
   15      H     -16.8359300000     8.1702000000    -7.8908300000
   16      H     -16.5932400000     9.8571800000    -7.4072800000
 ----------------------------------------------------------------
 Nuclear Repulsion Energy =   250.9691973766 hartrees
 There are       25 alpha and       25 beta electrons
 Requested basis set is def2-mSVP
 There are 62 shells and 110 basis functions

 Total QAlloc Memory Limit   6096 MB
 Mega-Array Size       501 MB
 MEM_STATIC part       512 MB
 Discretize the solute cavity surface with Lebedev spheres
	Using 302 Lebedev grid points for each H atom
	Using 302 Lebedev grid points for other atoms
	Atomic van der Waals radii will be scaled by 1.20
 Remove points where switching function is < 1.0e-08
 Keep 2089 surface tesserae and discard 2743 interior tesserae
 Molecular Surface Area = 148.888 Angst**2
 A cutoff of  1.0D-11 yielded   1695 shell pairs
 There are      5507 function pairs (      6121 Cartesian)
 
 -------------------------------------------------------
 OpenMP Integral Computing Module                       
 Release: version 1.0, May 2013, Q-Chem Inc. Pittsburgh 
 -------------------------------------------------------
 Integral Job Info:
 Integral job number is                      11
 Integral operator is                         1
 short-range coefficients                     0
 long-range coefficients              100000000
 Omega coefficients                           0
 if combine SR and LR in K                    0
 Integral screening is                        0
 Integral computing path is                   2
 max size of driver memory is            800000
 size of driver memory is                593474
 size of scratch memory is              1809772
 max col of scratch BK array               1296
 max len of scratch array in speh3          155
 max len of scratch index in speh4           18
 max int batch size is                      520
 min int batch size is                       52
 fixed nKL is                                52
 max L of basis functions is                  2
 order of int derivative is                   0
 number of shells is                         62
 number of basis is                         116
 number of cartesian basis is               116
 number of contracted shell pairs          1695
 number of primitive shell pairs           4366
 maxK2 (contraction) of shell pair           25
 max number of K2 of shell pair               1
 max number of CS2 of shell pair            442
 max number of PS2 of shell pair            800
 mem total for path MDJ                  519708
 -------------------------------------------------------
 Smallest overlap matrix eigenvalue = 6.19E-03

 Scale SEOQF with 1.000000e-03/1.000000e-02/1.000000e-02

 Standard Electronic Orientation quadrupole field applied
 Nucleus-field energy     =     0.0000000086 hartrees
 Guess from superposition of atomic densities
 Warning:  Energy on first SCF cycle will be non-variational
 SAD guess density has 50.000000 electrons

 -----------------------------------------------------------------------
  General SCF calculation program by
  Eric Jon Sundstrom, Paul Horn, Yuezhi Mao, Dmitri Zuev, Alec White,
  David Stuck, Shaama M.S., Shane Yost, Joonho Lee, David Small,
  Daniel Levine, Susi Lehtola, Hugh Burton, Evgeny Epifanovsky
 -----------------------------------------------------------------------
 Exchange:     0.4200 Hartree-Fock + 0.5800 PBEh-3c
 Correlation:  1.0000 PBEh-3c
 Using SG-1 standard quadrature grid
 Dispersion:   Grimme D3
 using 8 threads for integral computing
 -------------------------------------------------------
 OpenMP Integral computing Module                
 Release: version 2.0, May 2017, Q-Chem Inc. Pleasanton 
 -------------------------------------------------------
 -------------------------------------------------------
 OpenMP BLAS3 based DFT computing Module                
 Release: version 1.0, May 2013, Q-Chem Inc. Pittsburgh 
 -------------------------------------------------------
 A restricted SCF calculation will be
 performed using DIIS
 SCF converges when DIIS error is below 1.0e-08
 ---------------------------------------
  Cycle       Energy         DIIS error
 ---------------------------------------
 Using non-symmetric K matrix
    1    -309.1185117951      7.24e-02  
    2    -308.1407564160      5.64e-03  
    3    -308.1533417237      5.11e-03  
    4    -308.1814264080      8.53e-04  
    5    -308.1821417365      2.50e-04  
    6    -308.1822276615      3.96e-05  
    7    -308.1822298348      3.66e-06  
    8    -308.1822298569      5.08e-07  
    9    -308.1822298575      1.47e-07  
   10    -308.1822298576      8.12e-08  
   11    -308.1822298576      5.21e-09  Convergence criterion met
 ---------------------------------------
 SCF time:   CPU 75.99s  wall 10.00s 

************** Final PCM Free Energy Summary **************
 G_electrostatic  =      -0.00640931 hartree =      -4.02190177 kcal/mol
 G_cavitation     =       0.00000000 hartree =       0.00000000 kcal/mol
 G_dispersion     =       0.00000000 hartree =       0.00000000 kcal/mol
 G_repulsion      =       0.00000000 hartree =       0.00000000 kcal/mol
 --------------------------------------------------
 Non-electrostatic Free Energy =       0.00000000 hartree =       0.00000000 kcal/mol
 Total                         =      -0.00640931 hartree =      -4.02190177 kcal/mol
 --------------------------------------------------
 SCF Energy (H0 + V/2)                       =    -308.18222986 
 Solute Internal Energy (H0)                 =    -308.17582055 
 Total Free Energy (H0 + V/2 + non-elec)     =    -308.18222986 hartree
                                             = -193387.26802954 kcal/mol
***********************************************************

 SCF   energy in the final basis set =     -308.1822298576
 Total energy in the final basis set =     -308.1822298576
 
 --------------------------------------------------------------
 
                    Orbital Energies (a.u.)
 --------------------------------------------------------------
 
 Alpha MOs
 -- Occupied --
-19.498 -19.498 -10.482 -10.481 -10.474 -10.474  -1.141  -1.132
 -0.847  -0.770  -0.724  -0.679  -0.560  -0.555  -0.535  -0.520
 -0.506  -0.483  -0.470  -0.416  -0.410  -0.382  -0.371  -0.316
 -0.313
 -- Virtual --
  0.115   0.143   0.183   0.199   0.206   0.209   0.210   0.233
  0.234   0.241   0.245   0.262   0.267   0.289   0.329   0.475
  0.518   0.523   0.525   0.563   0.564   0.572   0.597   0.623
  0.691   0.717   0.728   0.870   0.952   0.981   0.983   0.996
  1.006   1.013   1.025   1.045   1.053   1.056   1.071   1.124
  1.152   1.169   1.265   1.280   1.392   1.433   1.460   1.467
  1.532   1.543   1.565   1.600   1.847   1.882   1.884   1.968
  1.975   2.039   2.096   2.109   2.148   2.169   2.179   2.182
  2.229   2.260   2.290   2.326   2.388   2.403   2.423   2.566
  2.598   2.704   2.736   2.802   2.831   3.025   3.051  13.667
 13.751  13.817  13.982  25.592  25.654
 --------------------------------------------------------------
 
          Ground-State Mulliken Net Atomic Charges

     Atom                 Charge (a.u.)
  ----------------------------------------
      1 C                    -0.384120
      2 C                    -0.163079
      3 C                    -0.163080
      4 H                     0.202233
      5 O                    -0.494886
      6 H                     0.202325
      7 C                    -0.384124
      8 H                     0.202769
      9 H                     0.232021
     10 H                     0.202744
     11 O                    -0.494892
     12 H                     0.202719
     13 H                     0.202793
     14 H                     0.232018
     15 H                     0.202337
     16 H                     0.202222
  ----------------------------------------
  Sum of atomic charges =     0.000000

 -----------------------------------------------------------------
                    Cartesian Multipole Moments
 -----------------------------------------------------------------
    Charge (ESU x 10^10)
                 0.0000
    Dipole Moment (Debye)
         X       0.0016      Y       0.0105      Z       0.0030
       Tot       0.0110
    Quadrupole Moments (Debye-Ang)
        XX     -32.7050     XY      -2.7766     YY     -36.5596
        XZ       6.6432     YZ      -1.3857     ZZ     -36.2097
    Octopole Moments (Debye-Ang^2)
       XXX    1603.0143    XXY    -194.0117    XYY     552.6219
       YYY    -949.7545    XXZ      -5.3469    XYZ      97.5166
       YYZ     215.1265    XZZ     504.8204    YZZ    -294.8581
       ZZZ     707.0684
    Hexadecapole Moments (Debye-Ang^3)
      XXXX  -53250.0222   XXXY   11768.9839   XXYY  -10910.8678
      XYYY   15041.8163   YYYY  -16527.5662   XXXZ   -5169.9148
      XXYZ    -977.8404   XYYZ   -2760.6682   YYYZ    5915.1421
      XXZZ   -8395.0341   XYZZ    3990.6931   YYZZ   -3994.1045
      XZZZ  -10829.4440   YZZZ    5969.5858   ZZZZ   -9372.0373
 -----------------------------------------------------------------
 Calculating analytic gradient of the SCF energy
  9.765793094956987E-006  9.758265217824426E-006
  9.760328479174772E-006  9.763725767189537E-006
  9.765898426740173E-006  9.758159043730529E-006
  9.760803322614612E-006  9.763255333567331E-006
  9.761045255286469E-006  9.763003370152034E-006
  9.766211189656335E-006  9.757838079572510E-006
  9.763267194699305E-006  9.760791461030509E-006
  9.763086072908633E-006  9.760962564324345E-006
  9.757861828002385E-006  9.766187429966813E-006
  9.765755419046490E-006  9.758305110095370E-006
  9.757136774500051E-006  9.766919386976648E-006
  9.755082888880247E-006  9.768978714574242E-006
  9.761295102336022E-006  9.762749197699966E-006
  9.759522946661405E-006  9.764522449235863E-006
  9.771254887427361E-006  9.752796003573381E-006
  9.767407989127684E-006  9.756652699772178E-006
  9.768638431187947E-006  9.755421918977492E-006
  9.758435824375226E-006  9.765621522675125E-006
  9.758252784120083E-006  9.765805536063956E-006
  9.763638658679691E-006  9.760415560603532E-006
  9.758134063974190E-006  9.765923426350423E-006
  9.763642750943994E-006  9.760421180382564E-006
  9.759768713194461E-006  9.764290762025922E-006
  9.761153196491673E-006  9.762911342868244E-006
  9.764243612252278E-006  9.759814955842541E-006
  9.760501210868976E-006  9.763555302700882E-006
  9.766256289069934E-006  9.757805208471487E-006
  9.764235925299940E-006  9.759827777253741E-006
  9.763872743891854E-006  9.760190659324195E-006
  9.762310603061565E-006  9.761750190598053E-006
  9.762760885099583E-006  9.761283419609381E-006
  9.764604408127182E-006  9.759441025351146E-006
  9.752819419849710E-006  9.771231429179487E-006
  9.760409630251316E-006  9.763654287176243E-006
  9.764245295800235E-006  9.759814127268229E-006
  9.762916293957770E-006  9.761148264816872E-006
  9.759827432044659E-006  9.764236250605737E-006
  9.760153361959843E-006  9.763910162530563E-006
  9.761721459407293E-006  9.762339279177507E-006
  9.759815815821759E-006  9.764242741062548E-006
  9.763561237862665E-006  9.760495308664436E-006
  9.757806923153806E-006  9.766254552593111E-006
  9.758304747840236E-006  9.765755778668519E-006
  9.766934122842426E-006  9.757122110453342E-006
  9.768926386589322E-006  9.755135241004418E-006
  9.756652963900651E-006  9.767407723679918E-006
  9.755406512330341E-006  9.768653749551911E-006
  9.765673696110451E-006  9.758383647577576E-006
 Gradient of SCF Energy
            1           2           3           4           5           6
    1  -0.0065861   0.0089993  -0.0090301   0.0014517   0.0081755   0.0015300
    2   0.0033656  -0.0002716   0.0002575  -0.0002358   0.0011456   0.0002031
    3  -0.0083080  -0.0036789   0.0036707  -0.0007967  -0.0082646  -0.0006816
            7           8           9          10          11          12
    1   0.0065832  -0.0009097   0.0046609  -0.0016905  -0.0081762   0.0009144
    2  -0.0033129   0.0032130  -0.0007120  -0.0018983  -0.0011904  -0.0032045
    3   0.0083235  -0.0009064   0.0002552  -0.0023662   0.0082536   0.0008449
           13          14          15          16
    1   0.0016931  -0.0046550  -0.0014529  -0.0015075
    2   0.0018801   0.0007335   0.0002293  -0.0002022
    3   0.0024212  -0.0002462   0.0008211   0.0006585
 Max gradient component =       9.030E-03
 RMS gradient           =       4.117E-03
 Computing fast IEFPCM-SWIG gradient.
 Updating gradient with PCM contributions...
 -- total gradient after adding PCM contribution --
---------------------------------------------------
  Atom         X              Y              Z     
---------------------------------------------------
   1      -0.009122       0.004679      -0.011591
   2       0.008676       0.000049      -0.004602
   3      -0.008705      -0.000049       0.004598
   4       0.001241      -0.000202      -0.001325
   5       0.007749       0.000897      -0.007189
   6       0.001360       0.000497      -0.001132
   7       0.009125      -0.004595       0.011615
   8      -0.001357       0.002463      -0.002868
   9       0.002953      -0.000343      -0.000189
  10      -0.001780      -0.000169      -0.003631
  11      -0.007747      -0.000933       0.007180
  12       0.001359      -0.002473       0.002816
  13       0.001781       0.000139       0.003668
  14      -0.002948       0.000359       0.000197
  15      -0.001246       0.000188       0.001345
  16      -0.001337      -0.000506       0.001108
---------------------------------------------------
 Number of fixed atoms: 0
 Gradient time:  CPU 9.00 s  wall 2.06 s
 Geometry Optimization Parameters
   NAtoms,    NIC,     NZ,  NCons,   NDum,   NFix, NCnnct, MaxDiis
       16      94       0       0       0       0       0       0


** GEOMETRY OPTIMIZATION IN DELOCALIZED INTERNAL COORDINATES **
   Searching for a Minimum

   Optimization Cycle:   1

                       Coordinates (Angstroms)
     ATOM                X               Y               Z
      1  C       -19.1412300000    9.2966300000   -7.4006200000
      2  C       -16.8569800000    8.8589200000   -7.0376600000
      3  C       -15.8445800000    8.4128900000   -5.9888000000
      4  H       -15.8664500000    9.1013000000   -5.1353900000
      5  O       -14.5399200000    8.3923400000   -6.5678100000
      6  H       -16.1076100000    7.4142900000   -5.6196100000
      7  C       -13.5588100000    7.9858500000   -5.6227800000
      8  H       -13.5240000000    8.6852300000   -4.7819000000
      9  H       -12.5837800000    7.9857300000   -6.1173300000
     10  H       -13.7686500000    6.9737400000   -5.2635800000
     11  O       -18.1615300000    8.8802900000   -6.4584100000
     12  H       -19.1755400000    8.6058800000   -8.2486300000
     13  H       -18.9301700000   10.3121800000   -7.7492400000
     14  H       -20.1168600000    9.2926100000   -6.9072600000
     15  H       -16.8359300000    8.1702000000   -7.8908300000
     16  H       -16.5932400000    9.8571800000   -7.4072800000
   Point Group: c1    Number of degrees of freedom:    42


   Energy is   -308.182229858


 Attempting to Generate Delocalized Internal Coordinates

 42 Hessian modes will be used to form the next step
  Hessian Eigenvalues:
     0.005942    0.012004    0.012005    0.012790    0.012791    0.052539
     0.052539    0.060162    0.060163    0.101171    0.101172    0.104324
     0.104325    0.112215    0.112215    0.137239    0.137239    0.160000
     0.160000    0.160000    0.160000    0.160000    0.160000    0.219977
     0.219977    0.250000    0.250000    0.299402    0.340523    0.340526
     0.340529    0.340535    0.343235    0.343240    0.343240    0.343240
     0.344356    0.344362    0.413465    0.413478    0.422222    0.422231

 Minimum Search - Taking Simple RFO Step
 Searching for Lamda that Minimizes Along All modes
 Value Taken    Lamda =  -0.00398237
 Step Taken.  Stepsize is  0.124951

                             Maximum     Tolerance    Cnvgd?
         Gradient           0.023720      0.000300      NO
         Displacement       0.089430      0.001200      NO
         Energy change     *********      0.000001      NO


 New Cartesian Coordinates Obtained by Inverse Iteration

 Displacement from previous Coordinates is:  0.316893
 Adding empirical dispersion correction 
 ----------------------------------------------------------------
 Doing -D3(BJ) with
 s6 =   1.00000
 s8 =   0.00000
 a1 =   0.48600
 a2 =   4.50000
 -D3 energy including 3body term =     -0.0058070642 hartrees
 ----------------------------------------------------------------
 Adding gCP correction 
 ----------------------------------------------------------------
 gCP energy =      0.0484130198 hartrees
 ----------------------------------------------------------------
             Standard Nuclear Orientation (Angstroms)
    I     Atom           X                Y                Z
 ----------------------------------------------------------------
    1      C     -19.0990605410     9.2850031207    -7.3847854098
    2      C     -16.8358016917     8.8605571321    -7.0475508673
    3      C     -15.8652956209     8.4141041767    -5.9781278008
    4      H     -15.9015876991     9.1052244923    -5.1250666793
    5      O     -14.5857007453     8.3985241766    -6.5629685973
    6      H     -16.1435485721     7.4172388959    -5.6101085154
    7      C     -13.6012297062     7.9955955388    -5.6391209175
    8      H     -13.5369988422     8.6767169900    -4.7837801166
    9      H     -12.6449196580     8.0057854463    -6.1602927481
   10      H     -13.7798015566     6.9824858810    -5.2630059858
   11      O     -18.1153901990     8.8761986629    -6.4626572248
   12      H     -19.1624520227     8.6094420368    -8.2445751705
   13      H     -18.9203082665    10.3005537446    -7.7541805258
   14      H     -20.0558787069     9.2712214174    -6.8646170027
   15      H     -16.7999328459     8.1693087040    -7.9005258615
   16      H     -16.5573733258     9.8572995837    -7.4157665767
 ----------------------------------------------------------------
 Nuclear Repulsion Energy =   253.7938226395 hartrees
 There are       25 alpha and       25 beta electrons
 Discretize the solute cavity surface with Lebedev spheres
	Using 302 Lebedev grid points for each H atom
	Using 302 Lebedev grid points for other atoms
	Atomic van der Waals radii will be scaled by 1.20
 Remove points where switching function is < 1.0e-08
 Keep 2073 surface tesserae and discard 2759 interior tesserae
 Molecular Surface Area = 147.553 Angst**2
 Nucleus-field energy     =     0.0000000086 hartrees
 Requested basis set is def2-mSVP
 There are 62 shells and 110 basis functions
 A cutoff of  1.0D-11 yielded   1709 shell pairs
 There are      5541 function pairs (      6159 Cartesian)
 Smallest overlap matrix eigenvalue = 6.10E-03
 Guess MOs from SCF MO coefficient file

 -----------------------------------------------------------------------
  General SCF calculation program by
  Eric Jon Sundstrom, Paul Horn, Yuezhi Mao, Dmitri Zuev, Alec White,
  David Stuck, Shaama M.S., Shane Yost, Joonho Lee, David Small,
  Daniel Levine, Susi Lehtola, Hugh Burton, Evgeny Epifanovsky
 -----------------------------------------------------------------------
 Exchange:     0.4200 Hartree-Fock + 0.5800 PBEh-3c
 Correlation:  1.0000 PBEh-3c
 Using SG-1 standard quadrature grid
 Dispersion:   Grimme D3
 using 8 threads for integral computing
 -------------------------------------------------------
 OpenMP Integral computing Module                
 Release: version 2.0, May 2017, Q-Chem Inc. Pleasanton 
 -------------------------------------------------------
 -------------------------------------------------------
 OpenMP BLAS3 based DFT computing Module                
 Release: version 1.0, May 2013, Q-Chem Inc. Pittsburgh 
 -------------------------------------------------------
 A restricted SCF calculation will be
 performed using DIIS
 SCF converges when DIIS error is below 1.0e-08
 ---------------------------------------
  Cycle       Energy         DIIS error
 ---------------------------------------
 Using non-symmetric K matrix
    1    -307.9842894824      8.95e-04  
    2    -308.1834564700      4.63e-04  
    3    -308.1839511496      2.04e-04  
    4    -308.1839960833      9.63e-05  
    5    -308.1840121317      2.91e-05  
    6    -308.1840131681      7.76e-06  
    7    -308.1840132538      1.19e-06  
    8    -308.1840132557      4.80e-07  
    9    -308.1840132561      9.61e-08  
   10    -308.1840132561      8.42e-09  Convergence criterion met
 ---------------------------------------
 SCF time:   CPU 66.09s  wall 9.00s 

************** Final PCM Free Energy Summary **************
 G_electrostatic  =      -0.00583317 hartree =      -3.66036817 kcal/mol
 G_cavitation     =       0.00000000 hartree =       0.00000000 kcal/mol
 G_dispersion     =       0.00000000 hartree =       0.00000000 kcal/mol
 G_repulsion      =       0.00000000 hartree =       0.00000000 kcal/mol
 --------------------------------------------------
 Non-electrostatic Free Energy =       0.00000000 hartree =       0.00000000 kcal/mol
 Total                         =      -0.00583317 hartree =      -3.66036817 kcal/mol
 --------------------------------------------------
 SCF Energy (H0 + V/2)                       =    -308.18401326 
 Solute Internal Energy (H0)                 =    -308.17818009 
 Total Free Energy (H0 + V/2 + non-elec)     =    -308.18401326 hartree
                                             = -193388.38712899 kcal/mol
***********************************************************

 SCF   energy in the final basis set =     -308.1840132561
 Total energy in the final basis set =     -308.1840132561
 
 --------------------------------------------------------------
 
                    Orbital Energies (a.u.)
 --------------------------------------------------------------
 
 Alpha MOs
 -- Occupied --
-19.499 -19.499 -10.478 -10.478 -10.472 -10.472  -1.152  -1.142
 -0.852  -0.773  -0.722  -0.680  -0.564  -0.563  -0.540  -0.520
 -0.511  -0.483  -0.467  -0.413  -0.407  -0.384  -0.374  -0.317
 -0.312
 -- Virtual --
  0.121   0.145   0.188   0.199   0.206   0.211   0.212   0.234
  0.239   0.240   0.242   0.268   0.272   0.291   0.343   0.472
  0.518   0.525   0.525   0.569   0.569   0.575   0.608   0.621
  0.695   0.716   0.729   0.874   0.948   0.977   0.981   1.000
  1.001   1.014   1.028   1.036   1.048   1.057   1.071   1.122
  1.154   1.184   1.267   1.293   1.381   1.454   1.461   1.472
  1.534   1.542   1.565   1.612   1.846   1.886   1.908   1.980
  1.982   2.048   2.083   2.124   2.153   2.166   2.190   2.216
  2.217   2.277   2.309   2.337   2.408   2.412   2.441   2.599
  2.623   2.721   2.721   2.828   2.833   3.036   3.069  13.685
 13.762  13.829  14.010  25.593  25.664
 --------------------------------------------------------------
 
          Ground-State Mulliken Net Atomic Charges

     Atom                 Charge (a.u.)
  ----------------------------------------
      1 C                    -0.387033
      2 C                    -0.162612
      3 C                    -0.162615
      4 H                     0.200116
      5 O                    -0.481784
      6 H                     0.200212
      7 C                    -0.387032
      8 H                     0.200568
      9 H                     0.229973
     10 H                     0.200570
     11 O                    -0.481796
     12 H                     0.200525
     13 H                     0.200609
     14 H                     0.229970
     15 H                     0.200168
     16 H                     0.200161
  ----------------------------------------
  Sum of atomic charges =     0.000000

 -----------------------------------------------------------------
                    Cartesian Multipole Moments
 -----------------------------------------------------------------
    Charge (ESU x 10^10)
                 0.0000
    Dipole Moment (Debye)
         X       0.0009      Y       0.0064      Z       0.0018
       Tot       0.0067
    Quadrupole Moments (Debye-Ang)
        XX     -32.9912     XY      -2.5558     YY     -36.7556
        XZ       6.2159     YZ      -1.3461     ZZ     -36.1493
    Octopole Moments (Debye-Ang^2)
       XXX    1617.5165    XXY    -202.8189    XYY     558.5267
       YYY    -953.9586    XXZ      10.9146    XYZ      91.9862
       YYZ     216.6987    XZZ     509.6691    YZZ    -294.8148
       ZZZ     706.0286
    Hexadecapole Moments (Debye-Ang^3)
      XXXX  -53713.4154   XXXY   12041.9165   XXYY  -11070.7166
      XYYY   15143.1403   YYYY  -16594.9233   XXXZ   -5620.7934
      XXYZ    -790.0547   XYYZ   -2836.6288   YYYZ    5946.2081
      XXZZ   -8576.9289   XYZZ    4045.5645   YYZZ   -4002.6684
      XZZZ  -10865.7300   YZZZ    5963.8400   ZZZZ   -9357.9010
 -----------------------------------------------------------------
 Calculating analytic gradient of the SCF energy
  8.629118500883463E-006  8.621135882926804E-006
  8.623488267811068E-006  8.626763449929055E-006
  8.628744774890006E-006  8.621509767817984E-006
  8.623937134802868E-006  8.626318676168421E-006
  8.624086537151931E-006  8.626159566820721E-006
  8.629408962990239E-006  8.620837718477497E-006
  8.626325022507657E-006  8.623930788033400E-006
  8.626204438144073E-006  8.624041672739447E-006
  8.620851233979535E-006  8.629395440713862E-006
  8.628801474927574E-006  8.621456688688347E-006
  8.620289508953828E-006  8.629964092962591E-006
  8.618198839575796E-006  8.632060548703742E-006
  8.625025779933833E-006  8.625216282132318E-006
  8.622608610695096E-006  8.627634136877881E-006
  8.634036805377486E-006  8.616210910156515E-006
  8.630438167066986E-006  8.619820100929219E-006
  8.631709664594739E-006  8.618548294305282E-006
  8.621507516598614E-006  8.628747469505316E-006
  8.621128956965086E-006  8.629125428868761E-006
  8.626711457881437E-006  8.623540247433100E-006
  8.621494494273202E-006  8.628760060633517E-006
  8.626942177710113E-006  8.623319333804771E-006
  8.622805076046329E-006  8.627451804143672E-006
  8.624358163804983E-006  8.625903814506978E-006
  8.627369682814396E-006  8.622887042582868E-006
  8.623625552252605E-006  8.626628393485389E-006
  8.629257025325109E-006  8.621001811392186E-006
  8.627538266607070E-006  8.622722970933217E-006
  8.626925399655243E-006  8.623335527124229E-006
  8.625526906091805E-006  8.624731265301709E-006
  8.625222723303287E-006  8.625019343506177E-006
  8.627685534104527E-006  8.622557233579017E-006
  8.616225826639557E-006  8.634021865461030E-006
  8.623314269480228E-006  8.626947233159558E-006
  8.627424294671965E-006  8.622832548804182E-006
  8.625909131644901E-006  8.624352866721088E-006
  8.622721233909020E-006  8.627539993398162E-006
  8.623314461652883E-006  8.626946536732594E-006
  8.624711946949673E-006  8.625546187375802E-006
  8.622888237923439E-006  8.627368482884509E-006
  8.626634451247305E-006  8.623619515459712E-006
  8.621003637487729E-006  8.629255184730511E-006
  8.621455968392691E-006  8.628802196258975E-006
  8.629971465045553E-006  8.620282176658069E-006
  8.632030499679562E-006  8.618228905080711E-006
  8.619820556099203E-006  8.630437709043388E-006
  8.618539192437980E-006  8.631718715320972E-006
  8.628776517486272E-006  8.621478466206882E-006
 Gradient of SCF Energy
            1           2           3           4           5           6
    1   0.0023468   0.0049020  -0.0049037   0.0005602  -0.0009230   0.0005933
    2   0.0007922   0.0006482  -0.0006291  -0.0000505   0.0027245  -0.0000083
    3  -0.0036335  -0.0048236   0.0048362  -0.0002254  -0.0091123  -0.0002476
            7           8           9          10          11          12
    1  -0.0023517   0.0007257   0.0005499   0.0004583   0.0009220  -0.0007108
    2  -0.0007380   0.0006376   0.0000703  -0.0012103  -0.0027955  -0.0006254
    3   0.0036398   0.0009884  -0.0004918   0.0004594   0.0090932  -0.0009887
           13          14          15          16
    1  -0.0004639  -0.0005511  -0.0005742  -0.0005798
    2   0.0012193  -0.0000836   0.0000410   0.0000075
    3  -0.0004497   0.0004876   0.0002419   0.0002261
 Max gradient component =       9.112E-03
 RMS gradient           =       2.610E-03
 Computing fast IEFPCM-SWIG gradient.
 Updating gradient with PCM contributions...
 -- total gradient after adding PCM contribution --
---------------------------------------------------
  Atom         X              Y              Z     
---------------------------------------------------
   1      -0.000162       0.002115      -0.006968
   2       0.004622       0.000968      -0.005770
   3      -0.004623      -0.000938       0.005786
   4       0.000333       0.000017      -0.000682
   5      -0.001449       0.002546      -0.008249
   6       0.000394       0.000232      -0.000655
   7       0.000159      -0.002041       0.006980
   8       0.000233       0.000012      -0.000920
   9      -0.001024       0.000418      -0.000921
  10       0.000290       0.000410      -0.000817
  11       0.001450      -0.002613       0.008231
  12      -0.000221      -0.000011       0.000924
  13      -0.000296      -0.000408       0.000817
  14       0.001023      -0.000433       0.000916
  15      -0.000350      -0.000032       0.000695
  16      -0.000381      -0.000239       0.000632
---------------------------------------------------
 Number of fixed atoms: 0
 Gradient time:  CPU 8.89 s  wall 1.83 s
 Geometry Optimization Parameters
   NAtoms,    NIC,     NZ,  NCons,   NDum,   NFix, NCnnct, MaxDiis
       16      94       0       0       0       0       0       0

 Cartesian Hessian Update
 Hessian Updated using BFGS Update


** GEOMETRY OPTIMIZATION IN DELOCALIZED INTERNAL COORDINATES **
   Searching for a Minimum

   Optimization Cycle:   2

                       Coordinates (Angstroms)
     ATOM                X               Y               Z
      1  C       -19.0990605410    9.2850031207   -7.3847854098
      2  C       -16.8358016917    8.8605571321   -7.0475508673
      3  C       -15.8652956209    8.4141041767   -5.9781278008
      4  H       -15.9015876991    9.1052244923   -5.1250666793
      5  O       -14.5857007453    8.3985241766   -6.5629685973
      6  H       -16.1435485721    7.4172388959   -5.6101085154
      7  C       -13.6012297062    7.9955955388   -5.6391209175
      8  H       -13.5369988422    8.6767169900   -4.7837801166
      9  H       -12.6449196580    8.0057854463   -6.1602927481
     10  H       -13.7798015566    6.9824858810   -5.2630059858
     11  O       -18.1153901990    8.8761986629   -6.4626572248
     12  H       -19.1624520227    8.6094420368   -8.2445751705
     13  H       -18.9203082665   10.3005537446   -7.7541805258
     14  H       -20.0558787069    9.2712214174   -6.8646170027
     15  H       -16.7999328459    8.1693087040   -7.9005258615
     16  H       -16.5573733258    9.8572995837   -7.4157665767
   Point Group: c1    Number of degrees of freedom:    42


   Energy is   -308.184013256

 Hessian Updated using BFGS Update

 38 Hessian modes will be used to form the next step
  Hessian Eigenvalues:
     0.005942    0.012003    0.012005    0.012790    0.012791    0.052538
     0.052539    0.060026    0.060163    0.099957    0.101171    0.104325
     0.104325    0.112215    0.112696    0.137239    0.137239    0.148796
     0.164265    0.219977    0.225955    0.250000    0.273023    0.321568
     0.338398    0.340524    0.340527    0.340533    0.342268    0.343236
     0.343240    0.343240    0.344359    0.347853    0.394007    0.413471
     0.422227    0.443460

 Minimum Search - Taking Simple RFO Step
 Searching for Lamda that Minimizes Along All modes
 Value Taken    Lamda =  -0.00064136
 Step Taken.  Stepsize is  0.058404

                             Maximum     Tolerance    Cnvgd?
         Gradient           0.006377      0.000300      NO
         Displacement       0.038350      0.001200      NO
         Energy change     -0.001783      0.000001      NO


 New Cartesian Coordinates Obtained by Inverse Iteration

 Displacement from previous Coordinates is:  0.097424
 Adding empirical dispersion correction 
 ----------------------------------------------------------------
 Doing -D3(BJ) with
 s6 =   1.00000
 s8 =   0.00000
 a1 =   0.48600
 a2 =   4.50000
 -D3 energy including 3body term =     -0.0057875250 hartrees
 ----------------------------------------------------------------
 Adding gCP correction 
 ----------------------------------------------------------------
 gCP energy =      0.0481785973 hartrees
 ----------------------------------------------------------------
             Standard Nuclear Orientation (Angstroms)
    I     Atom           X                Y                Z
 ----------------------------------------------------------------
    1      C     -19.1120422267     9.2857002399    -7.3847466623
    2      C     -16.8386837684     8.8625581529    -7.0466130508
    3      C     -15.8619995626     8.4146407487    -5.9784489838
    4      H     -15.9039689384     9.1035748547    -5.1225982468
    5      O     -14.5794668116     8.3943793902    -6.5492591960
    6      H     -16.1462857110     7.4196228266    -5.6070706397
    7      C     -13.5885113931     7.9930989054    -5.6396070557
    8      H     -13.5209289268     8.6680140135    -4.7782152505
    9      H     -12.6314602208     8.0028029137    -6.1594458031
   10      H     -13.7636047001     6.9804201789    -5.2574582634
   11      O     -18.1212834451     8.8821901166    -6.4758703790
   12      H     -19.1787307722     8.6135642894    -8.2483777575
   13      H     -18.9375724351    10.2997554489    -7.7635067479
   14      H     -20.0693926917     9.2734545241    -6.8654990945
   15      H     -16.7966556092     8.1737709961    -7.9025820561
   16      H     -16.5546927872     9.8577124004    -7.4178308128
 ----------------------------------------------------------------
 Nuclear Repulsion Energy =   253.4672315408 hartrees
 There are       25 alpha and       25 beta electrons
 Discretize the solute cavity surface with Lebedev spheres
	Using 302 Lebedev grid points for each H atom
	Using 302 Lebedev grid points for other atoms
	Atomic van der Waals radii will be scaled by 1.20
 Remove points where switching function is < 1.0e-08
 Keep 2089 surface tesserae and discard 2743 interior tesserae
 Molecular Surface Area = 147.817 Angst**2
 Nucleus-field energy     =     0.0000000086 hartrees
 Requested basis set is def2-mSVP
 There are 62 shells and 110 basis functions
 A cutoff of  1.0D-11 yielded   1705 shell pairs
 There are      5537 function pairs (      6155 Cartesian)
 Smallest overlap matrix eigenvalue = 6.12E-03
 Guess MOs from SCF MO coefficient file

 -----------------------------------------------------------------------
  General SCF calculation program by
  Eric Jon Sundstrom, Paul Horn, Yuezhi Mao, Dmitri Zuev, Alec White,
  David Stuck, Shaama M.S., Shane Yost, Joonho Lee, David Small,
  Daniel Levine, Susi Lehtola, Hugh Burton, Evgeny Epifanovsky
 -----------------------------------------------------------------------
 Exchange:     0.4200 Hartree-Fock + 0.5800 PBEh-3c
 Correlation:  1.0000 PBEh-3c
 Using SG-1 standard quadrature grid
 Dispersion:   Grimme D3
 using 8 threads for integral computing
 -------------------------------------------------------
 OpenMP Integral computing Module                
 Release: version 2.0, May 2017, Q-Chem Inc. Pleasanton 
 -------------------------------------------------------
 -------------------------------------------------------
 OpenMP BLAS3 based DFT computing Module                
 Release: version 1.0, May 2013, Q-Chem Inc. Pittsburgh 
 -------------------------------------------------------
 A restricted SCF calculation will be
 performed using DIIS
 SCF converges when DIIS error is below 1.0e-08
 ---------------------------------------
  Cycle       Energy         DIIS error
 ---------------------------------------
 Using non-symmetric K matrix
    1    -307.9931607124      5.03e-04  
    2    -308.1837596524      4.95e-04  
    3    -308.1842621710      2.01e-04  
    4    -308.1843234332      1.19e-04  
    5    -308.1843626425      3.64e-05  
    6    -308.1843656321      7.89e-06  
    7    -308.1843657309      1.34e-06  
    8    -308.1843657334      5.57e-07  
    9    -308.1843657338      9.34e-08  
   10    -308.1843657338      8.39e-09  Convergence criterion met
 ---------------------------------------
 SCF time:   CPU 66.94s  wall 9.00s 

************** Final PCM Free Energy Summary **************
 G_electrostatic  =      -0.00574341 hartree =      -3.60404125 kcal/mol
 G_cavitation     =       0.00000000 hartree =       0.00000000 kcal/mol
 G_dispersion     =       0.00000000 hartree =       0.00000000 kcal/mol
 G_repulsion      =       0.00000000 hartree =       0.00000000 kcal/mol
 --------------------------------------------------
 Non-electrostatic Free Energy =       0.00000000 hartree =       0.00000000 kcal/mol
 Total                         =      -0.00574341 hartree =      -3.60404125 kcal/mol
 --------------------------------------------------
 SCF Energy (H0 + V/2)                       =    -308.18436573 
 Solute Internal Energy (H0)                 =    -308.17862233 
 Total Free Energy (H0 + V/2 + non-elec)     =    -308.18436573 hartree
                                             = -193388.60831211 kcal/mol
***********************************************************

 SCF   energy in the final basis set =     -308.1843657338
 Total energy in the final basis set =     -308.1843657338
 
 --------------------------------------------------------------
 
                    Orbital Energies (a.u.)
 --------------------------------------------------------------
 
 Alpha MOs
 -- Occupied --
-19.499 -19.499 -10.479 -10.479 -10.473 -10.473  -1.154  -1.144
 -0.853  -0.775  -0.722  -0.680  -0.565  -0.563  -0.541  -0.520
 -0.514  -0.486  -0.467  -0.413  -0.410  -0.383  -0.372  -0.316
 -0.312
 -- Virtual --
  0.122   0.146   0.188   0.198   0.209   0.211   0.212   0.233
  0.238   0.239   0.240   0.269   0.271   0.295   0.340   0.472
  0.517   0.523   0.526   0.569   0.570   0.575   0.604   0.622
  0.693   0.717   0.728   0.875   0.947   0.975   0.984   1.001
  1.003   1.013   1.027   1.033   1.045   1.056   1.070   1.122
  1.155   1.182   1.269   1.290   1.381   1.452   1.460   1.471
  1.540   1.542   1.565   1.611   1.845   1.885   1.904   1.980
  1.982   2.043   2.083   2.126   2.154   2.173   2.195   2.202
  2.221   2.274   2.302   2.334   2.407   2.413   2.438   2.602
  2.632   2.710   2.728   2.839   2.847   3.032   3.074  13.684
 13.763  13.829  14.007  25.593  25.662
 --------------------------------------------------------------
 
          Ground-State Mulliken Net Atomic Charges

     Atom                 Charge (a.u.)
  ----------------------------------------
      1 C                    -0.386127
      2 C                    -0.161405
      3 C                    -0.161403
      4 H                     0.198903
      5 O                    -0.479324
      6 H                     0.198987
      7 C                    -0.386126
      8 H                     0.199174
      9 H                     0.230632
     10 H                     0.199167
     11 O                    -0.479336
     12 H                     0.199149
     13 H                     0.199185
     14 H                     0.230626
     15 H                     0.198922
     16 H                     0.198977
  ----------------------------------------
  Sum of atomic charges =     0.000000

 -----------------------------------------------------------------
                    Cartesian Multipole Moments
 -----------------------------------------------------------------
    Charge (ESU x 10^10)
                 0.0000
    Dipole Moment (Debye)
         X       0.0004      Y       0.0029      Z       0.0009
       Tot       0.0031
    Quadrupole Moments (Debye-Ang)
        XX     -32.7837     XY      -2.5213     YY     -36.9014
        XZ       6.1622     YZ      -1.3421     ZZ     -36.1571
    Octopole Moments (Debye-Ang^2)
       XXX    1607.7903    XXY    -201.4425    XYY     560.5875
       YYY    -957.0074    XXZ      11.6869    XYZ      91.4308
       YYZ     217.3953    XZZ     510.7202    YZZ    -294.9040
       ZZZ     706.2954
    Hexadecapole Moments (Debye-Ang^3)
      XXXX  -53403.2337   XXXY   11961.5190   XXYY  -11087.2772
      XYYY   15190.3712   YYYY  -16644.6271   XXXZ   -5612.3656
      XXYZ    -783.5674   XYYZ   -2851.9846   YYYZ    5963.4276
      XXZZ   -8602.4195   XYZZ    4054.5045   YYZZ   -4007.4166
      XZZZ  -10880.7544   YZZZ    5966.1618   ZZZZ   -9362.2678
 -----------------------------------------------------------------
 Calculating analytic gradient of the SCF energy
  8.980782074145157E-006  8.972407738084191E-006
  8.974923618486422E-006  8.978263264261359E-006
  8.980301739406743E-006  8.972888148407408E-006
  8.975354744238738E-006  8.977836574025061E-006
  8.975543489370875E-006  8.977637967878955E-006
  8.980854966467947E-006  8.972327123543517E-006
  8.977837657500245E-006  8.975353660430852E-006
  8.977649652292754E-006  8.975531806908890E-006
  8.972332531167817E-006  8.980849555703808E-006
  8.980318212859024E-006  8.972875358007664E-006
  8.971774243531708E-006  8.981414781936963E-006
  8.969692907093844E-006  8.983501878387387E-006
  8.976489598194619E-006  8.976687240706453E-006
  8.974093615141227E-006  8.979084318050468E-006
  8.985422671461776E-006  8.967760265763080E-006
  8.981942229740234E-006  8.971251467264888E-006
  8.983149979428796E-006  8.970043340641652E-006
  8.972971230049677E-006  8.980219170356096E-006
  8.972406697318544E-006  8.980783116232459E-006
  8.978243922876273E-006  8.974942953769577E-006
  8.972881294695317E-006  8.980308601449218E-006
  8.978415524580506E-006  8.974781298078276E-006
  8.974298152657224E-006  8.978894086697132E-006
  8.975861707053939E-006  8.977335525161185E-006
  8.978816330150608E-006  8.974375821937877E-006
  8.975088220559397E-006  8.978101103970828E-006
  8.980759862309457E-006  8.972434377198727E-006
  8.979003285175148E-006  8.974193323206931E-006
  8.978359852868188E-006  8.974836277565661E-006
  8.977019323598010E-006  8.976174216960887E-006
  8.976688732657821E-006  8.976488110676893E-006
  8.979108410302558E-006  8.974069530800719E-006
  8.967767645276041E-006  8.985415280408158E-006
  8.974779506430682E-006  8.978417313386793E-006
  8.978882835946974E-006  8.974309385287723E-006
  8.977338897390173E-006  8.975858348487193E-006
  8.974192671753263E-006  8.979003933113656E-006
  8.974827931058869E-006  8.978368225502073E-006
  8.976164774141602E-006  8.977028746643270E-006
  8.974377262625332E-006  8.978814893290338E-006
  8.978108037285170E-006  8.975081297438860E-006
  8.972436668351795E-006  8.980757562974034E-006
  8.972874412976391E-006  8.980319159223207E-006
  8.981414305850531E-006  8.971774729790416E-006
  8.983492634905192E-006  8.969702161514428E-006
  8.971251881213752E-006  8.981941813893837E-006
  8.970040054280258E-006  8.983153251441114E-006
  8.980226253908147E-006  8.972964144312852E-006
 Gradient of SCF Energy
            1           2           3           4           5           6
    1   0.0016532   0.0017231  -0.0017212   0.0003168   0.0000379   0.0003298
    2  -0.0008500  -0.0002972   0.0003087  -0.0001341   0.0006411  -0.0001073
    3   0.0022530   0.0002114  -0.0002048   0.0002305  -0.0022209   0.0002288
            7           8           9          10          11          12
    1  -0.0016553   0.0005162   0.0013648   0.0003186  -0.0000383  -0.0005148
    2   0.0008659   0.0002364  -0.0003407  -0.0011944  -0.0006647  -0.0002274
    3  -0.0022530   0.0016587   0.0005034   0.0012489   0.0022172  -0.0016595
           13          14          15          16
    1  -0.0003174  -0.0013653  -0.0003270  -0.0003210
    2   0.0011979   0.0003304   0.0001294   0.0001060
    3  -0.0012436  -0.0005068  -0.0002272  -0.0002361
 Max gradient component =       2.253E-03
 RMS gradient           =       1.036E-03
 Computing fast IEFPCM-SWIG gradient.
 Updating gradient with PCM contributions...
 -- total gradient after adding PCM contribution --
---------------------------------------------------
  Atom         X              Y              Z     
---------------------------------------------------
   1      -0.000963       0.000465      -0.001026
   2       0.001415      -0.000001      -0.000643
   3      -0.001411       0.000021       0.000652
   4       0.000092      -0.000052      -0.000200
   5      -0.000461       0.000455      -0.001337
   6       0.000127       0.000107      -0.000163
   7       0.000961      -0.000442       0.001028
   8       0.000016      -0.000338      -0.000215
   9      -0.000254       0.000009       0.000093
  10       0.000127       0.000371      -0.000021
  11       0.000462      -0.000476       0.001333
  12      -0.000015       0.000341       0.000217
  13      -0.000125      -0.000371       0.000021
  14       0.000253      -0.000020      -0.000096
  15      -0.000103       0.000044       0.000201
  16      -0.000119      -0.000113       0.000156
---------------------------------------------------
 Number of fixed atoms: 0
 Gradient time:  CPU 8.46 s  wall 1.89 s
 Geometry Optimization Parameters
   NAtoms,    NIC,     NZ,  NCons,   NDum,   NFix, NCnnct, MaxDiis
       16      94       0       0       0       0       0       0

 Cartesian Hessian Update
 Hessian Updated using BFGS Update


** GEOMETRY OPTIMIZATION IN DELOCALIZED INTERNAL COORDINATES **
   Searching for a Minimum

   Optimization Cycle:   3

                       Coordinates (Angstroms)
     ATOM                X               Y               Z
      1  C       -19.1120422267    9.2857002399   -7.3847466623
      2  C       -16.8386837684    8.8625581529   -7.0466130508
      3  C       -15.8619995626    8.4146407487   -5.9784489838
      4  H       -15.9039689384    9.1035748547   -5.1225982468
      5  O       -14.5794668116    8.3943793902   -6.5492591960
      6  H       -16.1462857110    7.4196228266   -5.6070706397
      7  C       -13.5885113931    7.9930989054   -5.6396070557
      8  H       -13.5209289268    8.6680140135   -4.7782152505
      9  H       -12.6314602208    8.0028029137   -6.1594458031
     10  H       -13.7636047001    6.9804201789   -5.2574582634
     11  O       -18.1212834451    8.8821901166   -6.4758703790
     12  H       -19.1787307722    8.6135642894   -8.2483777575
     13  H       -18.9375724351   10.2997554489   -7.7635067479
     14  H       -20.0693926917    9.2734545241   -6.8654990945
     15  H       -16.7966556092    8.1737709961   -7.9025820561
     16  H       -16.5546927872    9.8577124004   -7.4178308128
   Point Group: c1    Number of degrees of freedom:    42


   Energy is   -308.184365734

 Hessian Updated using BFGS Update

 39 Hessian modes will be used to form the next step
  Hessian Eigenvalues:
     0.005942    0.011999    0.012005    0.012788    0.012791    0.052539
     0.052539    0.058308    0.060163    0.100949    0.101172    0.104324
     0.104325    0.112215    0.112739    0.137236    0.137239    0.150432
     0.160000    0.164202    0.219977    0.226510    0.250000    0.258367
     0.301053    0.340239    0.340524    0.340528    0.340533    0.343026
     0.343236    0.343240    0.343240    0.344359    0.345031    0.403772
     0.413471    0.422227    0.444968

 Minimum Search - Taking Simple RFO Step
 Searching for Lamda that Minimizes Along All modes
 Value Taken    Lamda =  -0.00002237
 Step Taken.  Stepsize is  0.011344

                             Maximum     Tolerance    Cnvgd?
         Gradient           0.001503      0.000300      NO
         Displacement       0.008227      0.001200      NO
         Energy change     -0.000352      0.000001      NO


 New Cartesian Coordinates Obtained by Inverse Iteration

 Displacement from previous Coordinates is:  0.011337
 Adding empirical dispersion correction 
 ----------------------------------------------------------------
 Doing -D3(BJ) with
 s6 =   1.00000
 s8 =   0.00000
 a1 =   0.48600
 a2 =   4.50000
 -D3 energy including 3body term =     -0.0057881830 hartrees
 ----------------------------------------------------------------
 Adding gCP correction 
 ----------------------------------------------------------------
 gCP energy =      0.0482128711 hartrees
 ----------------------------------------------------------------
             Standard Nuclear Orientation (Angstroms)
    I     Atom           X                Y                Z
 ----------------------------------------------------------------
    1      C     -19.1112946004     9.2848921195    -7.3843477022
    2      C     -16.8398553467     8.8635346139    -7.0459745298
    3      C     -15.8606298306     8.4149097853    -5.9787868357
    4      H     -15.9032231363     9.1030591263    -5.1218425201
    5      O     -14.5787916084     8.3942978236    -6.5482385279
    6      H     -16.1458790763     7.4199909877    -5.6067588112
    7      C     -13.5893894953     7.9930439160    -5.6402203565
    8      H     -13.5219848852     8.6681532688    -4.7781013506
    9      H     -12.6317378743     8.0026332490    -6.1597714697
   10      H     -13.7652386112     6.9795690708    -5.2585750759
   11      O     -18.1217686836     8.8833668304    -6.4765984299
   12      H     -19.1779155574     8.6108591274    -8.2473749256
   13      H     -18.9363891324    10.2990405601    -7.7646259228
   14      H     -20.0690917163     9.2736375376    -6.8650820890
   15      H     -16.7970030784     8.1755968615    -7.9030696521
   16      H     -16.5550873673     9.8586751223    -7.4177618011
 ----------------------------------------------------------------
 Nuclear Repulsion Energy =   253.5376403490 hartrees
 There are       25 alpha and       25 beta electrons
 Discretize the solute cavity surface with Lebedev spheres
	Using 302 Lebedev grid points for each H atom
	Using 302 Lebedev grid points for other atoms
	Atomic van der Waals radii will be scaled by 1.20
 Remove points where switching function is < 1.0e-08
 Keep 2090 surface tesserae and discard 2742 interior tesserae
 Molecular Surface Area = 147.797 Angst**2
 Nucleus-field energy     =     0.0000000086 hartrees
 Requested basis set is def2-mSVP
 There are 62 shells and 110 basis functions
 A cutoff of  1.0D-11 yielded   1705 shell pairs
 There are      5537 function pairs (      6155 Cartesian)
 Smallest overlap matrix eigenvalue = 6.12E-03
 Guess MOs from SCF MO coefficient file

 -----------------------------------------------------------------------
  General SCF calculation program by
  Eric Jon Sundstrom, Paul Horn, Yuezhi Mao, Dmitri Zuev, Alec White,
  David Stuck, Shaama M.S., Shane Yost, Joonho Lee, David Small,
  Daniel Levine, Susi Lehtola, Hugh Burton, Evgeny Epifanovsky
 -----------------------------------------------------------------------
 Exchange:     0.4200 Hartree-Fock + 0.5800 PBEh-3c
 Correlation:  1.0000 PBEh-3c
 Using SG-1 standard quadrature grid
 Dispersion:   Grimme D3
 using 8 threads for integral computing
 -------------------------------------------------------
 OpenMP Integral computing Module                
 Release: version 2.0, May 2017, Q-Chem Inc. Pleasanton 
 -------------------------------------------------------
 -------------------------------------------------------
 OpenMP BLAS3 based DFT computing Module                
 Release: version 1.0, May 2013, Q-Chem Inc. Pittsburgh 
 -------------------------------------------------------
 A restricted SCF calculation will be
 performed using DIIS
 SCF converges when DIIS error is below 1.0e-08
 ---------------------------------------
  Cycle       Energy         DIIS error
 ---------------------------------------
 Using non-symmetric K matrix
    1    -307.9916357408      4.10e-04  
    2    -308.1837576707      5.12e-04  
    3    -308.1842476734      2.15e-04  
    4    -308.1843062239      1.53e-04  
    5    -308.1843444251      1.02e-04  
    6    -308.1843709689      4.21e-05  
    7    -308.1843762393      3.19e-06  
    8    -308.1843762689      6.58e-07  
    9    -308.1843762694      3.00e-07  
   10    -308.1843762697      8.14e-09  Convergence criterion met
 ---------------------------------------
 SCF time:   CPU 67.34s  wall 8.00s 

************** Final PCM Free Energy Summary **************
 G_electrostatic  =      -0.00570253 hartree =      -3.57838995 kcal/mol
 G_cavitation     =       0.00000000 hartree =       0.00000000 kcal/mol
 G_dispersion     =       0.00000000 hartree =       0.00000000 kcal/mol
 G_repulsion      =       0.00000000 hartree =       0.00000000 kcal/mol
 --------------------------------------------------
 Non-electrostatic Free Energy =       0.00000000 hartree =       0.00000000 kcal/mol
 Total                         =      -0.00570253 hartree =      -3.57838995 kcal/mol
 --------------------------------------------------
 SCF Energy (H0 + V/2)                       =    -308.18437627 
 Solute Internal Energy (H0)                 =    -308.17867374 
 Total Free Energy (H0 + V/2 + non-elec)     =    -308.18437627 hartree
                                             = -193388.61492346 kcal/mol
***********************************************************

 SCF   energy in the final basis set =     -308.1843762697
 Total energy in the final basis set =     -308.1843762697
 
 --------------------------------------------------------------
 
                    Orbital Energies (a.u.)
 --------------------------------------------------------------
 
 Alpha MOs
 -- Occupied --
-19.499 -19.499 -10.480 -10.479 -10.473 -10.473  -1.155  -1.145
 -0.853  -0.775  -0.721  -0.680  -0.565  -0.563  -0.541  -0.521
 -0.514  -0.486  -0.467  -0.413  -0.410  -0.382  -0.372  -0.316
 -0.312
 -- Virtual --
  0.122   0.146   0.188   0.198   0.209   0.211   0.212   0.233
  0.238   0.239   0.240   0.269   0.270   0.296   0.340   0.472
  0.517   0.523   0.527   0.569   0.571   0.576   0.605   0.622
  0.693   0.717   0.728   0.875   0.947   0.975   0.984   1.001
  1.003   1.013   1.027   1.033   1.045   1.056   1.069   1.122
  1.155   1.182   1.269   1.289   1.382   1.452   1.459   1.471
  1.541   1.542   1.565   1.610   1.844   1.884   1.904   1.980
  1.982   2.042   2.082   2.128   2.155   2.175   2.198   2.201
  2.222   2.274   2.301   2.334   2.408   2.414   2.437   2.603
  2.634   2.710   2.730   2.841   2.848   3.033   3.075  13.685
 13.764  13.829  14.006  25.594  25.663
 --------------------------------------------------------------
 
          Ground-State Mulliken Net Atomic Charges

     Atom                 Charge (a.u.)
  ----------------------------------------
      1 C                    -0.385863
      2 C                    -0.161495
      3 C                    -0.161492
      4 H                     0.198637
      5 O                    -0.477906
      6 H                     0.198713
      7 C                    -0.385864
      8 H                     0.198719
      9 H                     0.230492
     10 H                     0.198709
     11 O                    -0.477916
     12 H                     0.198703
     13 H                     0.198714
     14 H                     0.230485
     15 H                     0.198643
     16 H                     0.198720
  ----------------------------------------
  Sum of atomic charges =     0.000000

 -----------------------------------------------------------------
                    Cartesian Multipole Moments
 -----------------------------------------------------------------
    Charge (ESU x 10^10)
                 0.0000
    Dipole Moment (Debye)
         X       0.0000      Y       0.0009      Z       0.0003
       Tot       0.0009
    Quadrupole Moments (Debye-Ang)
        XX     -32.8014     XY      -2.4746     YY     -36.9527
        XZ       6.1346     YZ      -1.3236     ZZ     -36.1756
    Octopole Moments (Debye-Ang^2)
       XXX    1608.9230    XXY    -202.6905    XYY     561.6846
       YYY    -957.9039    XXZ      12.9210    XYZ      90.7049
       YYZ     217.8581    XZZ     511.5124    YZZ    -295.2856
       ZZZ     706.7225
    Hexadecapole Moments (Debye-Ang^3)
      XXXX  -53443.4000   XXXY   11994.3032   XXYY  -11111.9448
      XYYY   15208.5482   YYYY  -16657.9645   XXXZ   -5648.6271
      XXYZ    -762.9915   XYYZ   -2864.1913   YYYZ    5971.0908
      XXZZ   -8624.7200   XYZZ    4065.7250   YYZZ   -4013.3076
      XZZZ  -10892.7090   YZZZ    5971.8126   ZZZZ   -9368.1519
 -----------------------------------------------------------------
 Calculating analytic gradient of the SCF energy
  9.003379850855641E-006  8.995060500656249E-006
  8.997568131736914E-006  9.000869309355800E-006
  9.002916788225144E-006  8.995523645898987E-006
  8.997987473877844E-006  9.000454405570870E-006
  8.998157509924180E-006  9.000274517074634E-006
  9.003471043153024E-006  8.994961606642221E-006
  9.000452906724941E-006  8.997988972390621E-006
  9.000270065999393E-006  8.998161960533539E-006
  8.994963074094022E-006  9.003469574332428E-006
  9.002942321598513E-006  8.995501812119889E-006
  8.994405821899157E-006  9.004033770747387E-006
  8.992313352644379E-006  9.006132005673780E-006
  8.999095452362148E-006  8.999331963985731E-006
  8.996725145634960E-006  9.001703355859760E-006
  9.008028719497369E-006  8.990404761152843E-006
  9.004561704665164E-006  8.993882555746629E-006
  9.005782599489849E-006  8.992661283957846E-006
  8.995585193437524E-006  9.002855772922508E-006
  8.995062546264825E-006  9.003377806295953E-006
  9.000867745886187E-006  8.997569693302138E-006
  8.995521421741958E-006  9.002919017433834E-006
  9.001048282130409E-006  8.997399092716277E-006
  8.996921361094661E-006  9.001521438862813E-006
  8.998490038546626E-006  8.999957760123429E-006
  9.001440847311465E-006  8.997001854571415E-006
  8.997712613682519E-006  9.000727274474073E-006
  9.003389940291901E-006  8.995054853802913E-006
  9.001636241702871E-006  8.996810918138543E-006
  9.000986195116375E-006  8.997460510467857E-006
  8.999651224472695E-006  8.998792879259480E-006
  8.999330647476885E-006  8.999096773116635E-006
  9.001710788842569E-006  8.996717713574915E-006
  8.990407527813115E-006  9.008025947968791E-006
  8.997399555327508E-006  9.001047820043985E-006
  9.001518912164456E-006  8.996923880182505E-006
  8.999959982017739E-006  8.998487826095516E-006
  8.996810361669466E-006  9.001636797701342E-006
  8.997459080009222E-006  9.000987627279282E-006
  8.998788861623264E-006  8.999655232274379E-006
  8.997003181004146E-006  9.001439528487690E-006
  9.000733260905491E-006  8.997706631201663E-006
  8.995056956597815E-006  9.003387833552610E-006
  8.995501041573644E-006  9.002943093710534E-006
  9.004030117101400E-006  8.994409471740120E-006
  9.006132955025458E-006  8.992312410508499E-006
  8.993882869867168E-006  9.004561389163226E-006
  8.992661487986563E-006  9.005782398853449E-006
  9.002852506805722E-006  8.995588458341394E-006
 Gradient of SCF Energy
            1           2           3           4           5           6
    1   0.0025827   0.0003559  -0.0003558   0.0002399   0.0006802   0.0002259
    2  -0.0013135  -0.0002778   0.0002762  -0.0001061   0.0001327  -0.0002038
    3   0.0033360   0.0007924  -0.0007932   0.0004191  -0.0007851   0.0003792
            7           8           9          10          11          12
    1  -0.0025816   0.0004400   0.0015642   0.0001321  -0.0006826  -0.0004402
    2   0.0013217   0.0005714  -0.0003246  -0.0015592  -0.0001382  -0.0005684
    3  -0.0033335   0.0018695   0.0003443   0.0012535   0.0007853  -0.0018732
           13          14          15          16
    1  -0.0001320  -0.0015643  -0.0002408  -0.0002235
    2   0.0015592   0.0003186   0.0001065   0.0002053
    3  -0.0012494  -0.0003461  -0.0004179  -0.0003808
 Max gradient component =       3.336E-03
 RMS gradient           =       1.166E-03
 Computing fast IEFPCM-SWIG gradient.
 Updating gradient with PCM contributions...
 -- total gradient after adding PCM contribution --
---------------------------------------------------
  Atom         X              Y              Z     
---------------------------------------------------
   1      -0.000029      -0.000010       0.000077
   2       0.000046       0.000015      -0.000059
   3      -0.000045      -0.000012       0.000060
   4       0.000015      -0.000028      -0.000013
   5       0.000188      -0.000053       0.000091
   6       0.000024       0.000016      -0.000011
   7       0.000029       0.000019      -0.000074
   8      -0.000057      -0.000001       0.000007
   9      -0.000055       0.000024      -0.000060
  10      -0.000056      -0.000000      -0.000006
  11      -0.000190       0.000048      -0.000091
  12       0.000056       0.000003      -0.000010
  13       0.000057      -0.000001       0.000008
  14       0.000054      -0.000029       0.000059
  15      -0.000016       0.000026       0.000013
  16      -0.000023      -0.000017       0.000010
---------------------------------------------------
 Number of fixed atoms: 0
 Gradient time:  CPU 8.63 s  wall 1.88 s
 Geometry Optimization Parameters
   NAtoms,    NIC,     NZ,  NCons,   NDum,   NFix, NCnnct, MaxDiis
       16      94       0       0       0       0       0       0

 Cartesian Hessian Update
 Hessian Updated using BFGS Update


** GEOMETRY OPTIMIZATION IN DELOCALIZED INTERNAL COORDINATES **
   Searching for a Minimum

   Optimization Cycle:   4

                       Coordinates (Angstroms)
     ATOM                X               Y               Z
      1  C       -19.1112946004    9.2848921195   -7.3843477022
      2  C       -16.8398553467    8.8635346139   -7.0459745298
      3  C       -15.8606298306    8.4149097853   -5.9787868357
      4  H       -15.9032231363    9.1030591263   -5.1218425201
      5  O       -14.5787916084    8.3942978236   -6.5482385279
      6  H       -16.1458790763    7.4199909877   -5.6067588112
      7  C       -13.5893894953    7.9930439160   -5.6402203565
      8  H       -13.5219848852    8.6681532688   -4.7781013506
      9  H       -12.6317378743    8.0026332490   -6.1597714697
     10  H       -13.7652386112    6.9795690708   -5.2585750759
     11  O       -18.1217686836    8.8833668304   -6.4765984299
     12  H       -19.1779155574    8.6108591274   -8.2473749256
     13  H       -18.9363891324   10.2990405601   -7.7646259228
     14  H       -20.0690917163    9.2736375376   -6.8650820890
     15  H       -16.7970030784    8.1755968615   -7.9030696521
     16  H       -16.5550873673    9.8586751223   -7.4177618011
   Point Group: c1    Number of degrees of freedom:    42


   Energy is   -308.184376270

 Hessian Updated using BFGS Update

 39 Hessian modes will be used to form the next step
  Hessian Eigenvalues:
     0.005942    0.011962    0.012005    0.012777    0.052539    0.052539
     0.057520    0.060163    0.101038    0.101171    0.104324    0.104326
     0.112215    0.112615    0.137219    0.137239    0.149541    0.159995
     0.160007    0.162777    0.219977    0.226453    0.249999    0.260568
     0.305719    0.338729    0.340524    0.340528    0.340533    0.342918
     0.343237    0.343240    0.343242    0.344359    0.344759    0.413471
     0.422227    0.432311    0.446490

 Minimum Search - Taking Simple RFO Step
 Searching for Lamda that Minimizes Along All modes
 Value Taken    Lamda =   0.00000000
 Step Taken.  Stepsize is  0.001942

                             Maximum     Tolerance    Cnvgd?
         Gradient           0.000207      0.000300     YES
         Displacement       0.000839      0.001200     YES
         Energy change     -0.000011      0.000001      NO

 Final energy is   -308.184376269697     


 ******************************
 **  OPTIMIZATION CONVERGED  **
 ******************************

                       Coordinates (Angstroms)
     ATOM                X               Y               Z
      1  C       -19.1112946004    9.2848921195   -7.3843477022
      2  C       -16.8398553467    8.8635346139   -7.0459745298
      3  C       -15.8606298306    8.4149097853   -5.9787868357
      4  H       -15.9032231363    9.1030591263   -5.1218425201
      5  O       -14.5787916084    8.3942978236   -6.5482385279
      6  H       -16.1458790763    7.4199909877   -5.6067588112
      7  C       -13.5893894953    7.9930439160   -5.6402203565
      8  H       -13.5219848852    8.6681532688   -4.7781013506
      9  H       -12.6317378743    8.0026332490   -6.1597714697
     10  H       -13.7652386112    6.9795690708   -5.2585750759
     11  O       -18.1217686836    8.8833668304   -6.4765984299
     12  H       -19.1779155574    8.6108591274   -8.2473749256
     13  H       -18.9363891324   10.2990405601   -7.7646259228
     14  H       -20.0690917163    9.2736375376   -6.8650820890
     15  H       -16.7970030784    8.1755968615   -7.9030696521
     16  H       -16.5550873673    9.8586751223   -7.4177618011

Z-matrix Print:
$molecule
0 1
O 
C  1 1.401568
H  2 1.089559 1 107.999449
H  2 1.097076 1 112.108124 3 -119.319905 0
H  2 1.097133 1 112.132482 3 119.311984 0
C  1 1.402813 2 112.726992 3 -179.956231 0
H  6 1.099829 1 111.162758 2 59.633889 0
H  6 1.099867 1 111.145543 2 -59.440371 0
C  6 1.516257 1 107.979078 2 -179.891625 0
H  9 1.099834 6 109.769166 1 58.633812 0
H  9 1.099871 6 109.770128 1 -58.711140 0
O  9 1.402786 6 107.984971 1 179.966798 0
C  12 1.401577 9 112.722641 6 179.874686 0
H  13 1.089551 12 107.999848 9 179.898596 0
H  13 1.097071 12 112.105071 9 -60.773713 0
H  13 1.097136 12 112.127683 9 60.589024 0
$end

 
 --------------------------------------------------------------
 
                    Orbital Energies (a.u.)
 --------------------------------------------------------------
 
 Alpha MOs
 -- Occupied --
-19.499 -19.499 -10.480 -10.479 -10.473 -10.473  -1.155  -1.145
 -0.853  -0.775  -0.721  -0.680  -0.565  -0.563  -0.541  -0.521
 -0.514  -0.486  -0.467  -0.413  -0.410  -0.382  -0.372  -0.316
 -0.312
 -- Virtual --
  0.122   0.146   0.188   0.198   0.209   0.211   0.212   0.233
  0.238   0.239   0.240   0.269   0.270   0.296   0.340   0.472
  0.517   0.523   0.527   0.569   0.571   0.576   0.605   0.622
  0.693   0.717   0.728   0.875   0.947   0.975   0.984   1.001
  1.003   1.013   1.027   1.033   1.045   1.056   1.069   1.122
  1.155   1.182   1.269   1.289   1.382   1.452   1.459   1.471
  1.541   1.542   1.565   1.610   1.844   1.884   1.904   1.980
  1.982   2.042   2.082   2.128   2.155   2.175   2.198   2.201
  2.222   2.274   2.301   2.334   2.408   2.414   2.437   2.603
  2.634   2.710   2.730   2.841   2.848   3.033   3.075  13.685
 13.764  13.829  14.006  25.594  25.663
 --------------------------------------------------------------
 
          Ground-State Mulliken Net Atomic Charges

     Atom                 Charge (a.u.)
  ----------------------------------------
      1 C                    -0.385863
      2 C                    -0.161495
      3 C                    -0.161492
      4 H                     0.198637
      5 O                    -0.477906
      6 H                     0.198713
      7 C                    -0.385864
      8 H                     0.198719
      9 H                     0.230492
     10 H                     0.198709
     11 O                    -0.477916
     12 H                     0.198703
     13 H                     0.198714
     14 H                     0.230485
     15 H                     0.198643
     16 H                     0.198720
  ----------------------------------------
  Sum of atomic charges =     0.000000

 -----------------------------------------------------------------
                    Cartesian Multipole Moments
 -----------------------------------------------------------------
    Charge (ESU x 10^10)
                 0.0000
    Dipole Moment (Debye)
         X       0.0000      Y       0.0009      Z       0.0003
       Tot       0.0009
    Quadrupole Moments (Debye-Ang)
        XX     -32.8014     XY      -2.4746     YY     -36.9527
        XZ       6.1346     YZ      -1.3236     ZZ     -36.1756
    Octopole Moments (Debye-Ang^2)
       XXX    1608.9230    XXY    -202.6905    XYY     561.6846
       YYY    -957.9039    XXZ      12.9210    XYZ      90.7049
       YYZ     217.8581    XZZ     511.5124    YZZ    -295.2856
       ZZZ     706.7225
    Hexadecapole Moments (Debye-Ang^3)
      XXXX  -53443.4000   XXXY   11994.3032   XXYY  -11111.9448
      XYYY   15208.5482   YYYY  -16657.9645   XXXZ   -5648.6271
      XXYZ    -762.9915   XYYZ   -2864.1913   YYYZ    5971.0908
      XXZZ   -8624.7200   XYZZ    4065.7250   YYZZ   -4013.3076
      XZZZ  -10892.7090   YZZZ    5971.8126   ZZZZ   -9368.1519
 -----------------------------------------------------------------
Archival summary:
1\1\ctcp011\OPT\ProcedureUnspecified\BasisUnspecified\2410\mewes\TueDec1809:23:272018TueDec1809:23:272018\0\\#,OPT,ProcedureUnspecified,BasisUnspecified,\\0,1\O\C,1,1.40157\H,2,1.08956,1,107.999\H,2,1.09708,1,112.108,3,-119.32,0\H,2,1.09713,1,112.132,3,119.312,0\C,1,1.40281,2,112.727,3,-179.956,0\H,6,1.09983,1,111.163,2,59.6339,0\H,6,1.09987,1,111.146,2,-59.4404,0\C,6,1.51626,1,107.979,2,-179.892,0\H,9,1.09983,6,109.769,1,58.6338,0\H,9,1.09987,6,109.77,1,-58.7111,0\O,9,1.40279,6,107.985,1,179.967,0\C,12,1.40158,9,112.723,6,179.875,0\H,13,1.08955,12,108,9,179.899,0\H,13,1.09707,12,112.105,9,-60.7737,0\H,13,1.09714,12,112.128,9,60.589,0\\\@

 Total job time:  42.89s(wall), 314.66s(cpu) 
 Tue Dec 18 09:23:27 2018

        *************************************************************
        *                                                           *
        *  Thank you very much for using Q-Chem.  Have a nice day.  *
        *                                                           *
        *************************************************************


0 sent ACK to 0 
now end server 0 ... 
