mFile = /cm/shared/apps/q-chem/intel/QCHEM_5.0.1_Trunk/bin/mpi/machines
Process 0 of 1 is on ctcp043 - thread support 0
initial socket setup ...start
initial socket setup ...done 
now start server 0 ... 
ctcp043.cm.cluster 10.141.0
Q-Chem Developer Version! Running on 10.141.0.*
                  Welcome to Q-Chem
     A Quantum Leap Into The Future Of Chemistry


 Q-Chem 5.0, Q-Chem, Inc., Pleasanton, CA (2017)

 Yihan Shao,  Zhengting Gan,  E. Epifanovsky,  A. T. B. Gilbert,  M. Wormit,  
 J. Kussmann,  A. W. Lange,  A. Behn,  Jia Deng,  Xintian Feng,  D. Ghosh,  
 M. Goldey,  P. R. Horn,  L. D. Jacobson,  I. Kaliman,  T. Kus,  A. Landau,  
 Jie Liu,  E. I. Proynov,  R. M. Richard,  R. P. Steele,  E. J. Sundstrom,  
 H. L. Woodcock III,  P. M. Zimmerman,  D. Zuev,  B. Albrecht,  E. Alguire,  
 S. A. Baeppler,  Z. Benda,  Y. A. Bernard,  E. J. Berquist,  K. B. Bravaya,  
 D. Casanova,  Chun-Min Chang,  Yunqing Chen,  A. Chien,  K. D. Closser,  
 M. P. Coons,  S. Dasgupta,  M. Diedenhofen,  Hainam Do,  R. G. Edgar,  
 Po-Tung Fang,  S. Fatehi,  Qingguo Feng,  Qinghui Ge,  A. Ghysels,  
 J. Gomes,  J. Gonthier,  A. Gunina,  M. W. D. Hanson-Heine,  
 P. H. P. Harbach,  A. W. Hauser,  J. E. Herr,  E. G. Hohenstein,  
 Z. C. Holden,  Kerwin Hui,  T.-C. Jagau,  Hyunjun Ji,  B. Kaduk,  
 K. Khistyaev,  Jaehoon Kim,  P. Klunzinger,  K. Koh,  D. Kosenkov,  
 T. Kowalczyk,  C. M. Krauter,  A. Kunitsa,  Ka Un Lao,  A. Laurent,  
 K. V. Lawler,  Joonho Lee,  D. Lefrancois,  S. Lehtola,  D. S. Levine,  
 Yi-Pei Li,  You-Sheng Lin,  Fenglai Liu,  E. Livshits,  A. Luenser,  
 P. Manohar,  E. Mansoor,  S. F. Manzer,  Shan-Ping Mao,  Yuezhi Mao,  
 N. Mardirossian,  A. V. Marenich,  L. A. Martinez-Martinez,  S. A. Maurer,  
 N. J. Mayhall,  S. C. McKenzie,  J.-M. Mewes,  A. F. Morrison,  K. Nanda,  
 T. S. Nguyen-Beck,  R. Olivares-Amaya,  J. A. Parkhill,  T. M. Perrine,  
 F. Plasser,  S. Prager,  A. Prociuk,  D. R. Rehn,  F. Rob,  M. Schneider,  
 N. Sergueev,  S. M. Sharada,  S. Sharma,  D. W. Small,  T. Stauch,  
 T. Stein,  Yu-Chuan Su,  A. J. W. Thom,  T. Tsuchimochi,  L. Vogt,  
 O. Vydrov,  M. A. Watson,  J. Wenzel,  M. de Wergifosse,  T. A. Wesolowski,  
 A. White,  J. Witte,  A. Yamada,  Jun Yang,  K. Yao,  S. Yeganeh,  
 S. R. Yost,  Zhi-Qiang You,  A. Zech,  Igor Ying Zhang,  Xing Zhang,  
 Yan Zhao,  Ying Zhu,  B. R. Brooks,  G. K. L. Chan,  C. J. Cramer,  
 M. S. Gordon,  W. J. Hehre,  A. Klamt,  M. W. Schmidt,  C. D. Sherrill,  
 D. G. Truhlar,  A. Aspuru-Guzik,  R. Baer,  A. T. Bell,  N. A. Besley,  
 Jeng-Da Chai,  A. Dreuw,  B. D. Dunietz,  T. R. Furlani,  Chao-Ping Hsu,  
 Yousung Jung,  Jing Kong,  D. S. Lambrecht,  WanZhen Liang,  C. Ochsenfeld,  
 V. A. Rassolov,  L. V. Slipchenko,  J. E. Subotnik,  T. Van Voorhis,  
 J. M. Herbert,  A. I. Krylov,  P. M. W. Gill,  M. Head-Gordon

 Contributors to earlier versions of Q-Chem not listed above: 
 R. D. Adamson,  B. Austin,  J. Baker,  G. J. O. Beran,  K. Brandhorst,  
 S. T. Brown,  E. F. C. Byrd,  A. K. Chakraborty,  C.-L. Cheng,  
 Siu Hung Chien,  D. M. Chipman,  D. L. Crittenden,  H. Dachsel,  
 R. A. DiStasio Jr.,  R. J. Doerksen,  A. D. Dutoi,  L. Fusti-Molnar,  
 W. A. Goddard III,  A. Golubeva-Zadorozhnaya,  S. R. Gwaltney,  G. Hawkins,  
 A. Heyden,  S. Hirata,  G. Kedziora,  F. J. Keil,  C. Kelley,  Jihan Kim,  
 R. A. King,  R. Z. Khaliullin,  P. P. Korambath,  W. Kurlancheek,  
 A. M. Lee,  M. S. Lee,  S. V. Levchenko,  Ching Yeh Lin,  D. Liotard,  
 R. C. Lochan,  I. Lotan,  P. E. Maslen,  N. Nair,  D. P. O'Neill,  
 D. Neuhauser,  E. Neuscamman,  C. M. Oana,  R. Olson,  B. Peters,  
 R. Peverati,  P. A. Pieniazek,  Y. M. Rhee,  J. Ritchie,  M. A. Rohrdanz,  
 E. Rosta,  N. J. Russ,  H. F. Schaefer III,  N. E. Schultz,  N. Shenvi,  
 A. C. Simmonett,  A. Sodt,  D. Stuck,  K. S. Thanthiriwatte,  V. Vanovschi,  
 Tao Wang,  A. Warshel,  C. F. Williams,  Q. Wu,  X. Xu,  W. Zhang

 Please cite Q-Chem as follows:
 Y. Shao et al., Mol. Phys. 113, 184-215 (2015)
 DOI: 10.1080/00268976.2014.952696

 Q-Chem 5.0.1 for Intel X86 EM64T Linux

 Parts of Q-Chem use Armadillo 5.200.1 (Boston Tea Smuggler).
 http://arma.sourceforge.net/

 Q-Chem begins on Thu Oct 25 02:40:15 2018  

Host: 32512

     Scratch files written to /scratch/mewes/138325/qchem21879//
 Parallel job on  1  processors
The previous job contains 0 fragments, simply inherited here
Symmetry turned off for PCM/SM12/SMD calculation

Checking the input file for inconsistencies... 	...done.

--------------------------------------------------------------
User input:
--------------------------------------------------------------
$rem
threads 8
jobtype	sp
method PBEh-3c
basis def2-mSVP
mem_static	1024
mem_total	8000
sym_ignore	true
unrestricted true
scf_convergence	9
solvent_method	pcm
$end

$molecule
read moms1opt_tol.mol
$end

$solvent
dielectric	8.93
$end

$pcm
theory iefpcm
$end
--------------------------------------------------------------
 Adding empirical dispersion correction 
 ----------------------------------------------------------------
 Doing -D3(BJ) with
 s6 =   1.00000
 s8 =   0.00000
 a1 =   0.48600
 a2 =   4.50000
 -D3 energy including 3body term =     -0.1220103479 hartrees
 ----------------------------------------------------------------
 Adding gCP correction 
 ----------------------------------------------------------------
 gCP energy =      0.1709628590 hartrees
 ----------------------------------------------------------------
             Standard Nuclear Orientation (Angstroms)
    I     Atom           X                Y                Z
 ----------------------------------------------------------------
    1      N       0.0000000000     0.0000000000     0.0000000000
    2      C       0.0000000000     0.0000000000     1.3644190000
    3      C       1.2208037278     0.0000000000     2.0742118436
    4      H       2.1547052781    -0.0693431889     1.5311376416
    5      C       1.2262470736     0.0352087886     3.4463113862
    6      C      -1.2189964865     0.0120474752     2.0774846658
    7      H      -2.1557491706     0.0459101730     1.5357099062
    8      C      -1.2199014339     0.0601994420     3.4493105452
    9      C      -1.0878637840    -0.5204019886    -0.7384576077
   10      C      -1.6105870549    -1.7704067847    -0.4163460774
   11      H      -1.1880086894    -2.3455949628     0.3973372735
   12      C      -2.6577221351    -2.2813131268    -1.1641381225
   13      H      -3.0603593857    -3.2552873601    -0.9214901113
   14      C      -3.1762118500    -1.5572271829    -2.2287824207
   15      H      -3.9921520672    -1.9625800639    -2.8119268419
   16      C      -2.6445099665    -0.3144359575    -2.5490613506
   17      H      -3.0502256376     0.2538321109    -3.3749992039
   18      C      -1.5982734264     0.2081172478    -1.8103353447
   19      H      -1.1893295060     1.1799830448    -2.0545770198
   20      C       1.0843002482     0.5351308091    -0.7335310642
   21      C       1.5960069794    -0.1783702769    -1.8148463890
   22      H       1.1870187972    -1.1466183118    -2.0724961783
   23      C       2.6424984732     0.3545242447    -2.5454722605
   24      H       3.0499867309    -0.2029502102    -3.3779576651
   25      C       3.1724477603     1.5939547375    -2.2091386516
   26      H       3.9892915339     2.0067036364    -2.7856852078
   27      C       2.6495977317     2.3056471584    -1.1380740691
   28      H       3.0493416684     3.2776254065    -0.8833408156
   29      C       1.6025163385     1.7837693128    -0.3976941195
   30      H       1.1755960396     2.3493041073     0.4203923233
   31      C       0.0046784343     0.0904371324     4.1690431998
   32      C      -2.5149871072     0.1166593647     4.1976177290
   33      H      -3.3714355880     0.0993724826     3.5246504613
   34      H      -2.5734927539     1.0200280706     4.8062936173
   35      H      -2.5999401778    -0.7275447236     4.8835932124
   36      C       2.5234112424     0.0110049714     4.1929992683
   37      H       3.3756684750    -0.0468961250     3.5172656177
   38      H       2.5652775765    -0.8396043347     4.8744304206
   39      H       2.6310817030     0.9074835779     4.8055257955
   40      B       0.0023971835     0.2152943621     5.7460876990
   41      C      -0.0215119325    -1.0391670217     6.6119573389
   42      C      -0.0314849603    -2.3249099800     6.0304560284
   43      H      -0.0161655501    -2.4296369737     4.9485910676
   44      C      -0.0623313093    -3.4461853806     6.8179855602
   45      C      -0.0823563473    -3.3276661948     8.2396041483
   46      C      -0.0709012698    -2.0827524792     8.8231839405
   47      H      -0.0857922077    -1.9896893277     9.9038178746
   48      C      -0.0410406033    -0.9145950171     8.0352354453
   49      C      -0.0827111025    -4.8670639407     6.4762088233
   50      C      -0.0753953509    -5.5922549361     5.3097581453
   51      H      -0.0481678804    -5.1135885326     4.3380873876
   52      C      -0.1149460968    -5.5638011613     7.7007671814
   53      C      -0.1406140724    -6.9524647413     7.8072806136
   54      C      -0.1151642678    -4.6781051432     8.7988116471
   55      C      -0.1416556624    -5.2150268520    10.0621675524
   56      H      -0.1434422216    -4.5907279088    10.9467529121
   57      C      -0.1024230027    -7.0037192490     5.3887625758
   58      H      -0.0967625442    -7.5738226900     4.4679149636
   59      C      -0.1338381658    -7.6761118559     6.5892770851
   60      H      -0.1532152687    -8.7593361331     6.6012742644
   61      C      -0.1680445671    -6.6227216907    10.2011679917
   62      H      -0.1891747714    -7.0415552779    11.1992239658
   63      C      -0.1678506748    -7.4770101093     9.1223220696
   64      H      -0.1879011147    -8.5489264449     9.2781411077
   65      C       0.0064008707     1.6025063973     6.3854293420
   66      C       0.0230288156     2.7656744033     5.5886318386
   67      H       0.0378313949     2.6763752980     4.5056992441
   68      C       0.0184760297     4.0087597621     6.1653981756
   69      C       0.0001038262     4.1469433774     7.5846627201
   70      C      -0.0169184305     3.0224640904     8.3784855830
   71      H      -0.0339364422     3.1187905673     9.4593362799
   72      C      -0.0143581618     1.7325942901     7.8090037103
   73      C       0.0253738933     5.3406180020     5.5724355288
   74      C       0.0358189720     5.8330686738     4.2909769641
   75      H       0.0423877528     5.1789757048     3.4270367339
   76      C       0.0148118863     6.2500202063     6.6487579178
   77      C       0.0158366251     7.6333592542     6.4968419848
   78      C       0.0000123718     5.5773553711     7.8895316694
   79      C      -0.0126193352     6.3358229055     9.0332938526
   80      H      -0.0251497194     5.8828026215    10.0166466193
   81      C       0.0369748138     7.2344691124     4.1082537254
   82      H       0.0446817479     7.6258238864     3.0985025674
   83      C       0.0277053178     8.1170217415     5.1649043612
   84      H       0.0284022575     9.1837238748     4.9760685493
   85      C      -0.0093555837     7.7455882485     8.9114465051
   86      H      -0.0182851801     8.3392091754     9.8166902738
   87      C       0.0034856420     8.3891441060     7.6946906587
   88      H       0.0046119913     9.4715421256     7.6540580300
   89      B      -0.0347062661     0.4759689618     8.6965583919
   90      C      -0.0486453614     0.5823057437    10.2743216193
   91      C      -1.2587575189     0.5810740263    10.9790868244
   92      C      -1.2641161478     0.6104564380    12.3685778659
   93      H      -2.2075467274     0.5893086861    12.9023938174
   94      C      -0.0728434736     0.6692555217    13.0790492146
   95      C       1.1312946857     0.6928830152    12.3867882806
   96      H       2.0637116004     0.7439015446    12.9375377614
   97      C       1.1497162491     0.6359050098    10.9983880398
   98      N      -0.0848619323     0.6973243387    14.4924134365
   99      C       0.6946603384    -0.2225249750    15.2044296865
  100      C       1.2784484170     0.1281647382    16.4232263739
  101      H       1.1281483848     1.1220964079    16.8246631087
  102      C       2.0523125397    -0.7874797857    17.1167151810
  103      H       2.4965178639    -0.4964819323    18.0600735659
  104      C       2.2793235857    -2.0574050417    16.6041403965
  105      H       2.8933307424    -2.7659289407    17.1439726023
  106      C       1.7097297383    -2.4038610107    15.3869838782
  107      H       1.8725136024    -3.3907444303    14.9725149451
  108      C       0.9171242361    -1.5034488407    14.6952665641
  109      H       0.4709424885    -1.7925693039    13.7525679456
  110      C      -0.9796726665     1.5571452090    15.1446458453
  111      C      -1.7085493758     1.1348361368    16.2567275430
  112      H      -1.5772037435     0.1298504737    16.6366083533
  113      C      -2.6091382969     1.9918695216    16.8690137618
  114      H      -3.1689008734     1.6442557502    17.7279711619
  115      C      -2.8149308826     3.2729074228    16.3770843562
  116      H      -3.5276209866     3.9346996082    16.8509706859
  117      C      -2.0969489626     3.6920281135    15.2651890803
  118      H      -2.2435586519     4.6884536478    14.8681246231
  119      C      -1.1810332341     2.8499597854    14.6581405548
  120      H      -0.6253878719     3.1883303074    13.7928436420
  121      C       2.4620842767     0.6363862681    10.2648043390
  122      H       3.3085651095     0.6970887859    10.9487844006
  123      H       2.5291024538     1.4769563326     9.5713259591
  124      H       2.5795036917    -0.2710357309     9.6681632066
  125      C      -2.5613564375     0.5195163114    10.2296161048
  126      H      -3.4166133189     0.5573878281    10.9041633177
  127      H      -2.6533061707     1.3497910427     9.5266046601
  128      H      -2.6392958643    -0.3977676299     9.6420452350
 ----------------------------------------------------------------
 Nuclear Repulsion Energy = 10760.2599374060 hartrees
 There are      254 alpha and      254 beta electrons
 Requested basis set is def2-mSVP
 There are 636 shells and 1244 basis functions

 Total QAlloc Memory Limit   8000 MB
 Mega-Array Size      1001 MB
 MEM_STATIC part      1024 MB
 Discretize the solute cavity surface with Lebedev spheres
	Using 302 Lebedev grid points for each H atom
	Using 302 Lebedev grid points for other atoms
	Atomic van der Waals radii will be scaled by 1.20
 Remove points where switching function is < 1.0e-08
 Keep 13522 surface tesserae and discard 25134 interior tesserae
 Molecular Surface Area = 1019.162 Angst**2
 A cutoff of  1.0D-12 yielded  58405 shell pairs
 There are    231949 function pairs (    255722 Cartesian)
 
 -------------------------------------------------------
 OpenMP Integral Computing Module                       
 Release: version 1.0, May 2013, Q-Chem Inc. Pittsburgh 
 -------------------------------------------------------
 Integral Job Info:
 Integral job number is                      11
 Integral operator is                         1
 short-range coefficients                     0
 long-range coefficients              100000000
 Omega coefficients                           0
 if combine SR and LR in K                    0
 Integral screening is                        0
 Integral computing path is                   2
 max size of driver memory is            800000
 size of driver memory is                593474
 size of scratch memory is              1809772
 max col of scratch BK array               1296
 max len of scratch array in speh3          155
 max len of scratch index in speh4           18
 max int batch size is                      520
 min int batch size is                       52
 fixed nKL is                                52
 max L of basis functions is                  2
 order of int derivative is                   0
 number of shells is                        636
 number of basis is                        1320
 number of cartesian basis is              1320
 number of contracted shell pairs         58405
 number of primitive shell pairs         122393
 maxK2 (contraction) of shell pair           25
 max number of K2 of shell pair               1
 max number of CS2 of shell pair          13928
 max number of PS2 of shell pair          21705
 mem total for path MDJ                  602152
 -------------------------------------------------------
 Smallest overlap matrix eigenvalue = 1.98E-04

 Scale SEOQF with 1.000000e-01/1.000000e-02/1.000000e-03

 Standard Electronic Orientation quadrupole field applied
 Nucleus-field energy     =     0.0000000436 hartrees
 Guess from superposition of atomic densities
 Warning:  Energy on first SCF cycle will be non-variational
 An unrestricted hybrid HF-DFT SCF calculation will be
 performed using Pulay DIIS extrapolation
 Polarizable Continuum solvation model will be applied
 Exchange:     0.4200 Hartree-Fock + 0.5800 PBEh-3c
 Correlation:  1.0000 PBEh-3c
 Using SG-1 standard quadrature grid
 Dispersion:   Grimme D3
 SCF converges when DIIS error is below 1.0E-09
 using 8 threads for integral computing
 -------------------------------------------------------
 OpenMP Integral computing Module                
 Release: version 1.0, May 2013, Q-Chem Inc. Pittsburgh 
 -------------------------------------------------------
 ---------------------------------------
  Cycle       Energy         DIIS Error
 ---------------------------------------
    1   -2953.9760318650      2.40E-02
 Using non-symmetric K matrix
 Warning: not using a symmetric Q
    2   -2927.2989996228      1.63E-03
    3   -2927.5206744336      1.36E-03
    4   -2927.8488305349      4.63E-04
    5   -2927.8904869964      1.38E-04
    6   -2927.8942955362      3.45E-05
    7   -2927.8945109450      1.20E-05
    8   -2927.8945407606      3.20E-06
    9   -2927.8945428555      1.12E-06
   10   -2927.8945432016      3.37E-07
   11   -2927.8945432085      1.25E-07
   12   -2927.8945432085      4.48E-08
   13   -2927.8945432125      1.43E-08
   14   -2927.8945432107      6.93E-09
   15   -2927.8945432094      2.40E-09
   16   -2927.8945432074      1.05E-09
   17   -2927.8945432092      3.61E-10 Convergence criterion met
 ---------------------------------------

************** Final PCM Free Energy Summary **************
 G_electrostatic  =      -0.03722561 hartree =     -23.35942048 kcal/mol
 G_cavitation     =       0.00000000 hartree =       0.00000000 kcal/mol
 G_dispersion     =       0.00000000 hartree =       0.00000000 kcal/mol
 G_repulsion      =       0.00000000 hartree =       0.00000000 kcal/mol
 --------------------------------------------------
 Non-electrostatic Free Energy =       0.00000000 hartree =       0.00000000 kcal/mol
 Total                         =      -0.03722561 hartree =     -23.35942048 kcal/mol
 --------------------------------------------------
 SCF Energy (H0 + V/2)                       =   -2927.89454321 
 Solute Internal Energy (H0)                 =   -2927.85731760 
 Total Free Energy (H0 + V/2 + non-elec)     =   -2927.89454321 hartree
                                             = -1837281.55595297 kcal/mol
***********************************************************

 <S^2> = 0.0000
 SCF time:  CPU 9679.17 s  wall 2978.43 s
 SCF   energy in the final basis set = -2927.89454321
 Total energy in the final basis set = -2927.89454321
 
 --------------------------------------------------------------
 
                    Orbital Energies (a.u.)
 --------------------------------------------------------------
 
 Alpha MOs
 -- Occupied --
-14.672 -14.672 -10.493 -10.493 -10.493 -10.493 -10.488 -10.486
-10.468 -10.468 -10.467 -10.467 -10.466 -10.466 -10.466 -10.466
-10.465 -10.465 -10.465 -10.464 -10.463 -10.463 -10.462 -10.462
-10.462 -10.462 -10.459 -10.459 -10.458 -10.458 -10.458 -10.457
-10.457 -10.456 -10.456 -10.456 -10.452 -10.452 -10.450 -10.450
-10.450 -10.450 -10.450 -10.450 -10.449 -10.448 -10.448 -10.448
-10.448 -10.448 -10.448 -10.448 -10.446 -10.445 -10.445 -10.445
-10.445 -10.445 -10.443 -10.442 -10.439 -10.439 -10.439 -10.438
-10.437 -10.437 -10.432 -10.432 -10.427 -10.427 -10.425 -10.425
-10.425 -10.418  -6.951  -6.944  -1.088  -1.082  -1.018  -1.018
 -0.965  -0.964  -0.962  -0.962  -0.961  -0.959  -0.941  -0.940
 -0.934  -0.934  -0.910  -0.901  -0.875  -0.875  -0.865  -0.860
 -0.858  -0.855  -0.852  -0.852  -0.848  -0.847  -0.842  -0.841
 -0.839  -0.838  -0.825  -0.815  -0.813  -0.806  -0.801  -0.800
 -0.769  -0.766  -0.764  -0.763  -0.737  -0.731  -0.728  -0.722
 -0.711  -0.710  -0.705  -0.704  -0.690  -0.686  -0.685  -0.681
 -0.680  -0.678  -0.671  -0.668  -0.650  -0.647  -0.646  -0.640
 -0.640  -0.639  -0.607  -0.605  -0.597  -0.596  -0.591  -0.589
 -0.588  -0.588  -0.583  -0.576  -0.576  -0.563  -0.562  -0.553
 -0.552  -0.545  -0.544  -0.543  -0.540  -0.537  -0.528  -0.524
 -0.523  -0.521  -0.518  -0.514  -0.510  -0.509  -0.505  -0.501
 -0.499  -0.497  -0.496  -0.495  -0.493  -0.491  -0.488  -0.488
 -0.488  -0.486  -0.485  -0.484  -0.482  -0.482  -0.479  -0.477
 -0.472  -0.472  -0.469  -0.466  -0.466  -0.465  -0.463  -0.462
 -0.461  -0.455  -0.446  -0.444  -0.441  -0.441  -0.440  -0.439
 -0.435  -0.430  -0.429  -0.427  -0.426  -0.425  -0.423  -0.422
 -0.420  -0.416  -0.412  -0.411  -0.408  -0.406  -0.402  -0.401
 -0.401  -0.398  -0.397  -0.397  -0.396  -0.394  -0.392  -0.392
 -0.388  -0.382  -0.381  -0.371  -0.362  -0.361  -0.356  -0.354
 -0.348  -0.340  -0.324  -0.318  -0.310  -0.305  -0.303  -0.302
 -0.299  -0.298  -0.297  -0.297  -0.287  -0.285  -0.284  -0.279
 -0.278  -0.265  -0.260  -0.258  -0.224  -0.216
 -- Virtual --
 -0.099  -0.062  -0.039  -0.033  -0.007   0.000   0.003   0.004
  0.005   0.005   0.005   0.006   0.014   0.024   0.025   0.032
  0.038   0.040   0.053   0.054   0.069   0.081   0.086   0.090
  0.120   0.128   0.143   0.144   0.149   0.150   0.152   0.153
  0.156   0.160   0.163   0.165   0.166   0.167   0.170   0.171
  0.174   0.182   0.183   0.184   0.186   0.187   0.190   0.193
  0.201   0.201   0.202   0.204   0.205   0.206   0.207   0.207
  0.208   0.209   0.210   0.213   0.214   0.215   0.216   0.217
  0.218   0.220   0.222   0.224   0.226   0.226   0.231   0.231
  0.234   0.236   0.237   0.239   0.239   0.239   0.240   0.241
  0.241   0.243   0.245   0.248   0.250   0.250   0.253   0.254
  0.256   0.256   0.258   0.259   0.261   0.270   0.271   0.276
  0.277   0.280   0.285   0.289   0.291   0.292   0.293   0.297
  0.300   0.301   0.302   0.308   0.309   0.311   0.312   0.316
  0.317   0.322   0.323   0.324   0.326   0.328   0.331   0.333
  0.334   0.334   0.335   0.335   0.336   0.341   0.348   0.350
  0.356   0.358   0.363   0.368   0.371   0.376   0.378   0.380
  0.389   0.390   0.400   0.403   0.404   0.410   0.415   0.419
  0.422   0.424   0.436   0.437   0.440   0.445   0.447   0.450
  0.451   0.455   0.455   0.457   0.461   0.464   0.465   0.468
  0.471   0.482   0.483   0.488   0.489   0.489   0.496   0.501
  0.511   0.511   0.514   0.520   0.521   0.522   0.523   0.525
  0.525   0.527   0.528   0.531   0.532   0.533   0.534   0.536
  0.538   0.539   0.542   0.545   0.546   0.547   0.554   0.556
  0.558   0.560   0.560   0.561   0.562   0.564   0.565   0.568
  0.569   0.571   0.575   0.576   0.578   0.579   0.581   0.581
  0.582   0.583   0.584   0.585   0.587   0.592   0.593   0.593
  0.595   0.596   0.596   0.598   0.599   0.601   0.602   0.603
  0.606   0.606   0.609   0.610   0.614   0.615   0.616   0.616
  0.616   0.617   0.618   0.618   0.621   0.623   0.623   0.624
  0.624   0.627   0.628   0.629   0.629   0.629   0.633   0.636
  0.641   0.644   0.644   0.645   0.646   0.649   0.650   0.651
  0.653   0.653   0.655   0.656   0.659   0.659   0.660   0.661
  0.665   0.668   0.670   0.674   0.676   0.678   0.681   0.688
  0.688   0.690   0.691   0.692   0.695   0.696   0.698   0.699
  0.701   0.702   0.704   0.705   0.707   0.708   0.712   0.714
  0.717   0.721   0.724   0.726   0.731   0.731   0.735   0.743
  0.747   0.750   0.751   0.756   0.758   0.759   0.762   0.762
  0.767   0.770   0.771   0.775   0.777   0.779   0.785   0.787
  0.790   0.793   0.794   0.797   0.801   0.805   0.807   0.810
  0.819   0.822   0.826   0.829   0.831   0.832   0.837   0.843
  0.848   0.851   0.858   0.860   0.865   0.872   0.877   0.884
  0.886   0.903   0.905   0.906   0.910   0.914   0.915   0.915
  0.919   0.924   0.927   0.939   0.943   0.945   0.946   0.947
  0.948   0.949   0.950   0.953   0.955   0.958   0.959   0.959
  0.960   0.963   0.963   0.965   0.970   0.970   0.972   0.974
  0.975   0.978   0.978   0.985   0.989   0.991   0.991   0.993
  0.995   0.998   0.999   1.003   1.005   1.007   1.008   1.013
  1.014   1.016   1.020   1.020   1.027   1.030   1.031   1.034
  1.036   1.039   1.040   1.041   1.043   1.048   1.051   1.053
  1.054   1.056   1.058   1.062   1.064   1.067   1.070   1.072
  1.074   1.074   1.075   1.077   1.078   1.080   1.083   1.086
  1.089   1.092   1.093   1.094   1.100   1.102   1.106   1.107
  1.109   1.112   1.115   1.118   1.126   1.127   1.131   1.133
  1.135   1.141   1.142   1.144   1.149   1.149   1.150   1.154
  1.160   1.161   1.165   1.167   1.170   1.171   1.177   1.181
  1.187   1.187   1.191   1.193   1.197   1.200   1.203   1.205
  1.206   1.209   1.217   1.218   1.221   1.234   1.241   1.246
  1.249   1.251   1.252   1.256   1.258   1.262   1.265   1.272
  1.273   1.277   1.281   1.285   1.285   1.289   1.292   1.295
  1.297   1.298   1.300   1.305   1.310   1.313   1.313   1.316
  1.317   1.320   1.326   1.330   1.336   1.342   1.343   1.344
  1.351   1.352   1.355   1.361   1.364   1.365   1.368   1.369
  1.372   1.373   1.384   1.387   1.395   1.397   1.407   1.408
  1.409   1.414   1.423   1.430   1.437   1.439   1.439   1.439
  1.441   1.450   1.451   1.457   1.466   1.469   1.473   1.479
  1.480   1.490   1.497   1.502   1.506   1.510   1.511   1.511
  1.512   1.515   1.517   1.517   1.521   1.523   1.523   1.531
  1.531   1.532   1.538   1.540   1.544   1.545   1.545   1.547
  1.548   1.553   1.554   1.555   1.555   1.555   1.559   1.560
  1.565   1.568   1.569   1.570   1.572   1.575   1.576   1.581
  1.584   1.588   1.592   1.595   1.598   1.599   1.600   1.609
  1.614   1.625   1.636   1.648   1.654   1.656   1.659   1.675
  1.689   1.694   1.703   1.704   1.737   1.738   1.743   1.747
  1.749   1.759   1.773   1.776   1.778   1.789   1.792   1.804
  1.804   1.805   1.808   1.811   1.811   1.812   1.820   1.823
  1.828   1.840   1.845   1.848   1.855   1.856   1.857   1.861
  1.874   1.879   1.888   1.890   1.892   1.896   1.896   1.898
  1.900   1.903   1.912   1.915   1.916   1.916   1.921   1.927
  1.934   1.935   1.938   1.943   1.946   1.948   1.950   1.955
  1.961   1.968   1.974   1.981   1.982   1.983   1.986   1.988
  1.992   1.994   2.001   2.006   2.011   2.013   2.016   2.024
  2.028   2.031   2.035   2.036   2.038   2.043   2.047   2.059
  2.062   2.067   2.068   2.070   2.070   2.070   2.075   2.080
  2.081   2.090   2.101   2.103   2.109   2.109   2.119   2.135
  2.138   2.143   2.146   2.149   2.150   2.151   2.153   2.156
  2.159   2.166   2.168   2.177   2.179   2.189   2.192   2.193
  2.195   2.198   2.199   2.200   2.201   2.206   2.208   2.210
  2.213   2.220   2.222   2.224   2.226   2.229   2.229   2.230
  2.237   2.239   2.240   2.242   2.248   2.252   2.254   2.258
  2.262   2.266   2.269   2.271   2.275   2.277   2.278   2.282
  2.284   2.285   2.289   2.295   2.296   2.302   2.308   2.314
  2.319   2.320   2.320   2.338   2.338   2.343   2.347   2.350
  2.352   2.356   2.356   2.361   2.364   2.365   2.369   2.371
  2.375   2.377   2.381   2.384   2.384   2.387   2.387   2.390
  2.392   2.394   2.400   2.404   2.405   2.410   2.414   2.417
  2.422   2.429   2.431   2.437   2.438   2.444   2.450   2.453
  2.453   2.460   2.463   2.473   2.476   2.478   2.484   2.488
  2.494   2.495   2.498   2.508   2.508   2.519   2.524   2.533
  2.563   2.564   2.570   2.575   2.603   2.605   2.616   2.623
  2.631   2.633   2.637   2.638   2.641   2.642   2.647   2.654
  2.663   2.667   2.678   2.679   2.683   2.686   2.689   2.690
  2.706   2.722   2.724   2.729   2.729   2.730   2.735   2.736
  2.736   2.741   2.746   2.747   2.750   2.751   2.755   2.761
  2.771   2.776   2.781   2.782   2.784   2.784   2.787   2.788
  2.789   2.791   2.793   2.800   2.802   2.803   2.807   2.808
  2.811   2.816   2.818   2.820   2.820   2.826   2.840   2.845
  2.850   2.856   2.857   2.859   2.862   2.869   2.887   2.896
  2.897   2.898   2.900   2.905   2.916   2.923   2.928   2.929
  2.940   2.941   2.950   2.971   2.976   2.999   3.000   3.007
  3.011   3.013   3.025   3.028   3.049   3.054   3.068   3.076
  3.079   3.093   3.126   3.141   3.145   3.235   3.253   3.255
  3.300   3.321   3.327   3.358   3.399   3.437   3.449   3.479
  3.483   3.485   3.489   3.489   3.512   3.515   3.538   3.549
  3.662   3.672   9.597   9.743  13.139  13.174  13.245  13.247
 13.274  13.286  13.440  13.496  13.508  13.523  13.542  13.544
 13.665  13.673  13.678  13.682  13.703  13.709  13.710  13.719
 13.723  13.727  13.733  13.788  13.790  13.799  13.857  13.865
 13.892  13.899  13.914  13.927  13.953  14.000  14.013  14.022
 14.026  14.035  14.121  14.146  14.149  14.152  14.157  14.158
 14.159  14.175  14.176  14.176  14.182  14.191  14.206  14.210
 14.235  14.239  14.258  14.260  14.307  14.310  14.321  14.327
 14.508  14.512  14.554  14.559  14.572  14.577  14.578  14.579
 14.580  14.582  14.586  14.596  19.684  19.686
 
 Beta MOs
 -- Occupied --
-14.672 -14.672 -10.493 -10.493 -10.493 -10.493 -10.488 -10.486
-10.468 -10.468 -10.467 -10.467 -10.466 -10.466 -10.466 -10.466
-10.465 -10.465 -10.465 -10.464 -10.463 -10.463 -10.462 -10.462
-10.462 -10.462 -10.459 -10.459 -10.458 -10.458 -10.458 -10.457
-10.457 -10.456 -10.456 -10.456 -10.452 -10.452 -10.450 -10.450
-10.450 -10.450 -10.450 -10.450 -10.449 -10.448 -10.448 -10.448
-10.448 -10.448 -10.448 -10.448 -10.446 -10.445 -10.445 -10.445
-10.445 -10.445 -10.443 -10.442 -10.439 -10.439 -10.439 -10.438
-10.437 -10.437 -10.432 -10.432 -10.427 -10.427 -10.425 -10.425
-10.425 -10.418  -6.951  -6.944  -1.088  -1.082  -1.018  -1.018
 -0.965  -0.964  -0.962  -0.962  -0.961  -0.959  -0.941  -0.940
 -0.934  -0.934  -0.910  -0.901  -0.875  -0.875  -0.865  -0.860
 -0.858  -0.855  -0.852  -0.852  -0.848  -0.847  -0.842  -0.841
 -0.839  -0.838  -0.825  -0.815  -0.813  -0.806  -0.801  -0.800
 -0.769  -0.766  -0.764  -0.763  -0.737  -0.731  -0.728  -0.722
 -0.711  -0.710  -0.705  -0.704  -0.690  -0.686  -0.685  -0.681
 -0.680  -0.678  -0.671  -0.668  -0.650  -0.647  -0.646  -0.640
 -0.640  -0.639  -0.607  -0.605  -0.597  -0.596  -0.591  -0.589
 -0.588  -0.588  -0.583  -0.576  -0.576  -0.563  -0.562  -0.553
 -0.552  -0.545  -0.544  -0.543  -0.540  -0.537  -0.528  -0.524
 -0.523  -0.521  -0.518  -0.514  -0.510  -0.509  -0.505  -0.501
 -0.499  -0.497  -0.496  -0.495  -0.493  -0.491  -0.488  -0.488
 -0.488  -0.486  -0.485  -0.484  -0.482  -0.482  -0.479  -0.477
 -0.472  -0.472  -0.469  -0.466  -0.466  -0.465  -0.463  -0.462
 -0.461  -0.455  -0.446  -0.444  -0.441  -0.441  -0.440  -0.439
 -0.435  -0.430  -0.429  -0.427  -0.426  -0.425  -0.423  -0.422
 -0.420  -0.416  -0.412  -0.411  -0.408  -0.406  -0.402  -0.401
 -0.401  -0.398  -0.397  -0.397  -0.396  -0.394  -0.392  -0.392
 -0.388  -0.382  -0.381  -0.371  -0.362  -0.361  -0.356  -0.354
 -0.348  -0.340  -0.324  -0.318  -0.310  -0.305  -0.303  -0.302
 -0.299  -0.298  -0.297  -0.297  -0.287  -0.285  -0.284  -0.279
 -0.278  -0.265  -0.260  -0.258  -0.224  -0.216
 -- Virtual --
 -0.099  -0.062  -0.039  -0.033  -0.007   0.000   0.003   0.004
  0.005   0.005   0.005   0.006   0.014   0.024   0.025   0.032
  0.038   0.040   0.053   0.054   0.069   0.081   0.086   0.090
  0.120   0.128   0.143   0.144   0.149   0.150   0.152   0.153
  0.156   0.160   0.163   0.165   0.166   0.167   0.170   0.171
  0.174   0.182   0.183   0.184   0.186   0.187   0.190   0.193
  0.201   0.201   0.202   0.204   0.205   0.206   0.207   0.207
  0.208   0.209   0.210   0.213   0.214   0.215   0.216   0.217
  0.218   0.220   0.222   0.224   0.226   0.226   0.231   0.231
  0.234   0.236   0.237   0.239   0.239   0.239   0.240   0.241
  0.241   0.243   0.245   0.248   0.250   0.250   0.253   0.254
  0.256   0.256   0.258   0.259   0.261   0.270   0.271   0.276
  0.277   0.280   0.285   0.289   0.291   0.292   0.293   0.297
  0.300   0.301   0.302   0.308   0.309   0.311   0.312   0.316
  0.317   0.322   0.323   0.324   0.326   0.328   0.331   0.333
  0.334   0.334   0.335   0.335   0.336   0.341   0.348   0.350
  0.356   0.358   0.363   0.368   0.371   0.376   0.378   0.380
  0.389   0.390   0.400   0.403   0.404   0.410   0.415   0.419
  0.422   0.424   0.436   0.437   0.440   0.445   0.447   0.450
  0.451   0.455   0.455   0.457   0.461   0.464   0.465   0.468
  0.471   0.482   0.483   0.488   0.489   0.489   0.496   0.501
  0.511   0.511   0.514   0.520   0.521   0.522   0.523   0.525
  0.525   0.527   0.528   0.531   0.532   0.533   0.534   0.536
  0.538   0.539   0.542   0.545   0.546   0.547   0.554   0.556
  0.558   0.560   0.560   0.561   0.562   0.564   0.565   0.568
  0.569   0.571   0.575   0.576   0.578   0.579   0.581   0.581
  0.582   0.583   0.584   0.585   0.587   0.592   0.593   0.593
  0.595   0.596   0.596   0.598   0.599   0.601   0.602   0.603
  0.606   0.606   0.609   0.610   0.614   0.615   0.616   0.616
  0.616   0.617   0.618   0.618   0.621   0.623   0.623   0.624
  0.624   0.627   0.628   0.629   0.629   0.629   0.633   0.636
  0.641   0.644   0.644   0.645   0.646   0.649   0.650   0.651
  0.653   0.653   0.655   0.656   0.659   0.659   0.660   0.661
  0.665   0.668   0.670   0.674   0.676   0.678   0.681   0.688
  0.688   0.690   0.691   0.692   0.695   0.696   0.698   0.699
  0.701   0.702   0.704   0.705   0.707   0.708   0.712   0.714
  0.717   0.721   0.724   0.726   0.731   0.731   0.735   0.743
  0.747   0.750   0.751   0.756   0.758   0.759   0.762   0.762
  0.767   0.770   0.771   0.775   0.777   0.779   0.785   0.787
  0.790   0.793   0.794   0.797   0.801   0.805   0.807   0.810
  0.819   0.822   0.826   0.829   0.831   0.832   0.837   0.843
  0.848   0.851   0.858   0.860   0.865   0.872   0.877   0.884
  0.886   0.903   0.905   0.906   0.910   0.914   0.915   0.915
  0.919   0.924   0.927   0.939   0.943   0.945   0.946   0.947
  0.948   0.949   0.950   0.953   0.955   0.958   0.959   0.959
  0.960   0.963   0.963   0.965   0.970   0.970   0.972   0.974
  0.975   0.978   0.978   0.985   0.989   0.991   0.991   0.993
  0.995   0.998   0.999   1.003   1.005   1.007   1.008   1.013
  1.014   1.016   1.020   1.020   1.027   1.030   1.031   1.034
  1.036   1.039   1.040   1.041   1.043   1.048   1.051   1.053
  1.054   1.056   1.058   1.062   1.064   1.067   1.070   1.072
  1.074   1.074   1.075   1.077   1.078   1.080   1.083   1.086
  1.089   1.092   1.093   1.094   1.100   1.102   1.106   1.107
  1.109   1.112   1.115   1.118   1.126   1.127   1.131   1.133
  1.135   1.141   1.142   1.144   1.149   1.149   1.150   1.154
  1.160   1.161   1.165   1.167   1.170   1.171   1.177   1.181
  1.187   1.187   1.191   1.193   1.197   1.200   1.203   1.205
  1.206   1.209   1.217   1.218   1.221   1.234   1.241   1.246
  1.249   1.251   1.252   1.256   1.258   1.262   1.265   1.272
  1.273   1.277   1.281   1.285   1.285   1.289   1.292   1.295
  1.297   1.298   1.300   1.305   1.310   1.313   1.313   1.316
  1.317   1.320   1.326   1.330   1.336   1.342   1.343   1.344
  1.351   1.352   1.355   1.361   1.364   1.365   1.368   1.369
  1.372   1.373   1.384   1.387   1.395   1.397   1.407   1.408
  1.409   1.414   1.423   1.430   1.437   1.439   1.439   1.439
  1.441   1.450   1.451   1.457   1.466   1.469   1.473   1.479
  1.480   1.490   1.497   1.502   1.506   1.510   1.511   1.511
  1.512   1.515   1.517   1.517   1.521   1.523   1.523   1.531
  1.531   1.532   1.538   1.540   1.544   1.545   1.545   1.547
  1.548   1.553   1.554   1.555   1.555   1.555   1.559   1.560
  1.565   1.568   1.569   1.570   1.572   1.575   1.576   1.581
  1.584   1.588   1.592   1.595   1.598   1.599   1.600   1.609
  1.614   1.625   1.636   1.648   1.654   1.656   1.659   1.675
  1.689   1.694   1.703   1.704   1.737   1.738   1.743   1.747
  1.749   1.759   1.773   1.776   1.778   1.789   1.792   1.804
  1.804   1.805   1.808   1.811   1.811   1.812   1.820   1.823
  1.828   1.840   1.845   1.848   1.855   1.856   1.857   1.861
  1.874   1.879   1.888   1.890   1.892   1.896   1.896   1.898
  1.900   1.903   1.912   1.915   1.916   1.916   1.921   1.927
  1.934   1.935   1.938   1.943   1.946   1.948   1.950   1.955
  1.961   1.968   1.974   1.981   1.982   1.983   1.986   1.988
  1.992   1.994   2.001   2.006   2.011   2.013   2.016   2.024
  2.028   2.031   2.035   2.036   2.038   2.043   2.047   2.059
  2.062   2.067   2.068   2.070   2.070   2.070   2.075   2.080
  2.081   2.090   2.101   2.103   2.109   2.109   2.119   2.135
  2.138   2.143   2.146   2.149   2.150   2.151   2.153   2.156
  2.159   2.166   2.168   2.177   2.179   2.189   2.192   2.193
  2.195   2.198   2.199   2.200   2.201   2.206   2.208   2.210
  2.213   2.220   2.222   2.224   2.226   2.229   2.229   2.230
  2.237   2.239   2.240   2.242   2.248   2.252   2.254   2.258
  2.262   2.266   2.269   2.271   2.275   2.277   2.278   2.282
  2.284   2.285   2.289   2.295   2.296   2.302   2.308   2.314
  2.319   2.320   2.320   2.338   2.338   2.343   2.347   2.350
  2.352   2.356   2.356   2.361   2.364   2.365   2.369   2.371
  2.375   2.377   2.381   2.384   2.384   2.387   2.387   2.390
  2.392   2.394   2.400   2.404   2.405   2.410   2.414   2.417
  2.422   2.429   2.431   2.437   2.438   2.444   2.450   2.453
  2.453   2.460   2.463   2.473   2.476   2.478   2.484   2.488
  2.494   2.495   2.498   2.508   2.508   2.519   2.524   2.533
  2.563   2.564   2.570   2.575   2.603   2.605   2.616   2.623
  2.631   2.633   2.637   2.638   2.641   2.642   2.647   2.654
  2.663   2.667   2.678   2.679   2.683   2.686   2.689   2.690
  2.706   2.722   2.724   2.729   2.729   2.730   2.735   2.736
  2.736   2.741   2.746   2.747   2.750   2.751   2.755   2.761
  2.771   2.776   2.781   2.782   2.784   2.784   2.787   2.788
  2.789   2.791   2.793   2.800   2.802   2.803   2.807   2.808
  2.811   2.816   2.818   2.820   2.820   2.826   2.840   2.845
  2.850   2.856   2.857   2.859   2.862   2.869   2.887   2.896
  2.897   2.898   2.900   2.905   2.916   2.923   2.928   2.929
  2.940   2.941   2.950   2.971   2.976   2.999   3.000   3.007
  3.011   3.013   3.025   3.028   3.049   3.054   3.068   3.076
  3.079   3.093   3.126   3.141   3.145   3.235   3.253   3.255
  3.300   3.321   3.327   3.358   3.399   3.437   3.449   3.479
  3.483   3.485   3.489   3.489   3.512   3.515   3.538   3.549
  3.662   3.672   9.597   9.743  13.139  13.174  13.245  13.247
 13.274  13.286  13.440  13.496  13.508  13.523  13.542  13.544
 13.665  13.673  13.678  13.682  13.703  13.709  13.710  13.719
 13.723  13.727  13.733  13.788  13.790  13.799  13.857  13.865
 13.892  13.899  13.914  13.927  13.953  14.000  14.013  14.022
 14.026  14.035  14.121  14.146  14.149  14.152  14.157  14.158
 14.159  14.175  14.176  14.176  14.182  14.191  14.206  14.210
 14.235  14.239  14.258  14.260  14.307  14.310  14.321  14.327
 14.508  14.512  14.554  14.559  14.572  14.577  14.578  14.579
 14.580  14.582  14.586  14.596  19.684  19.686
 --------------------------------------------------------------
 
          Ground-State Mulliken Net Atomic Charges

     Atom                 Charge (a.u.)    Spin (a.u.)
  --------------------------------------------------------
      1 N                    -0.657802      -0.000000
      2 C                     0.330946      -0.000000
      3 C                    -0.405520       0.000000
      4 H                     0.254020       0.000000
      5 C                     0.064364      -0.000000
      6 C                    -0.406773      -0.000000
      7 H                     0.253892       0.000000
      8 C                     0.062466       0.000000
      9 C                     0.263589      -0.000000
     10 C                    -0.276077       0.000000
     11 H                     0.264380       0.000000
     12 C                    -0.245157      -0.000000
     13 H                     0.250506      -0.000000
     14 C                    -0.260488       0.000000
     15 H                     0.246528       0.000000
     16 C                    -0.243913      -0.000000
     17 H                     0.250549      -0.000000
     18 C                    -0.284889       0.000000
     19 H                     0.262101       0.000000
     20 C                     0.261209       0.000000
     21 C                    -0.284430       0.000000
     22 H                     0.262290      -0.000000
     23 C                    -0.244116      -0.000000
     24 H                     0.250518      -0.000000
     25 C                    -0.260446       0.000000
     26 H                     0.246492       0.000000
     27 C                    -0.245204      -0.000000
     28 H                     0.250380      -0.000000
     29 C                    -0.274112       0.000000
     30 H                     0.263819       0.000000
     31 C                    -0.250156       0.000000
     32 C                    -0.771510      -0.000000
     33 H                     0.251369      -0.000000
     34 H                     0.248145      -0.000000
     35 H                     0.247046      -0.000000
     36 C                    -0.770292       0.000000
     37 H                     0.251045       0.000000
     38 H                     0.247155       0.000000
     39 H                     0.246972      -0.000000
     40 B                     0.674471      -0.000000
     41 C                    -0.150051      -0.000000
     42 C                    -0.394163      -0.000000
     43 H                     0.246414       0.000000
     44 C                     0.079894       0.000000
     45 C                     0.097577      -0.000000
     46 C                    -0.398444       0.000000
     47 H                     0.246008       0.000000
     48 C                    -0.153951       0.000000
     49 C                     0.181652       0.000000
     50 C                    -0.390532      -0.000000
     51 H                     0.252238      -0.000000
     52 C                    -0.068964      -0.000000
     53 C                     0.221102      -0.000000
     54 C                     0.178920       0.000000
     55 C                    -0.393295       0.000000
     56 H                     0.251214      -0.000000
     57 C                    -0.232075       0.000000
     58 H                     0.258147       0.000000
     59 C                    -0.345999      -0.000000
     60 H                     0.255501      -0.000000
     61 C                    -0.231679      -0.000000
     62 H                     0.257518       0.000000
     63 C                    -0.347808       0.000000
     64 H                     0.255821       0.000000
     65 C                    -0.149497      -0.000000
     66 C                    -0.391605      -0.000000
     67 H                     0.247616       0.000000
     68 C                     0.080900      -0.000000
     69 C                     0.099445       0.000000
     70 C                    -0.403114       0.000000
     71 H                     0.244312       0.000000
     72 C                    -0.154335       0.000000
     73 C                     0.179359       0.000000
     74 C                    -0.388092      -0.000000
     75 H                     0.252125      -0.000000
     76 C                    -0.068571      -0.000000
     77 C                     0.222729      -0.000000
     78 C                     0.178236      -0.000000
     79 C                    -0.394402       0.000000
     80 H                     0.251972      -0.000000
     81 C                    -0.233113      -0.000000
     82 H                     0.258026       0.000000
     83 C                    -0.346318      -0.000000
     84 H                     0.255439      -0.000000
     85 C                    -0.231074       0.000000
     86 H                     0.257655       0.000000
     87 C                    -0.348964       0.000000
     88 H                     0.255731       0.000000
     89 B                     0.694134       0.000000
     90 C                    -0.216099       0.000000
     91 C                     0.042908       0.000000
     92 C                    -0.364059      -0.000000
     93 H                     0.248804      -0.000000
     94 C                     0.282291       0.000000
     95 C                    -0.363270      -0.000000
     96 H                     0.248806      -0.000000
     97 C                     0.042352      -0.000000
     98 N                    -0.671228       0.000000
     99 C                     0.307973      -0.000000
    100 C                    -0.301262       0.000000
    101 H                     0.261872      -0.000000
    102 C                    -0.240867      -0.000000
    103 H                     0.247989      -0.000000
    104 C                    -0.269302       0.000000
    105 H                     0.244570       0.000000
    106 C                    -0.239550      -0.000000
    107 H                     0.247053       0.000000
    108 C                    -0.306092       0.000000
    109 H                     0.259399       0.000000
    110 C                     0.298868       0.000000
    111 C                    -0.301291      -0.000000
    112 H                     0.261572       0.000000
    113 C                    -0.241462      -0.000000
    114 H                     0.248413      -0.000000
    115 C                    -0.267658      -0.000000
    116 H                     0.245230       0.000000
    117 C                    -0.239668       0.000000
    118 H                     0.247728       0.000000
    119 C                    -0.298478      -0.000000
    120 H                     0.259214       0.000000
    121 C                    -0.772561       0.000000
    122 H                     0.253900      -0.000000
    123 H                     0.248778       0.000000
    124 H                     0.248835       0.000000
    125 C                    -0.772053      -0.000000
    126 H                     0.253857       0.000000
    127 H                     0.248740       0.000000
    128 H                     0.248746       0.000000
  --------------------------------------------------------
  Sum of atomic charges =    -0.000000
  Sum of spin   charges =     0.000000

 -----------------------------------------------------------------
                    Cartesian Multipole Moments
 -----------------------------------------------------------------
    Charge (ESU x 10^10)
                -0.0000
    Dipole Moment (Debye)
         X      -0.1996      Y      -0.0236      Z      -1.8488
       Tot       1.8597
    Quadrupole Moments (Debye-Ang)
        XX    -432.4479     XY       1.9068     YY    -349.1142
        XZ      -3.4512     YZ      -5.0567     ZZ    -411.4472
    Octopole Moments (Debye-Ang^2)
       XXX      71.2790    XXY    -142.0957    XYY      10.9107
       YYY    -348.8485    XXZ   -3149.9404    XYZ     -80.5448
       YYZ   -2519.2868    XZZ     -29.7753    YZZ    -213.5625
       ZZZ   -8760.7964
    Hexadecapole Moments (Debye-Ang^3)
      XXXX   -5671.5468   XXXY      73.0261   XXYY   -7435.9304
      XYYY      50.3811   YYYY  -27807.2369   XXXZ     848.7590
      XXYZ    -965.7630   XYYZ     129.3908   YYYZ   -3003.4369
      XXZZ  -35744.8584   XYZZ   -1352.2181   YYZZ  -35683.5686
      XZZZ     139.1093   YZZZ   -4364.8649   ZZZZ -201160.8029
 -----------------------------------------------------------------
Archival summary:
1\1\ctcp043\SP\ProcedureUnspecified\BasisUnspecified\272252\mewes\ThuOct2503:29:592018ThuOct2503:29:592018\0\\#,ProcedureUnspecified,BasisUnspecified,\\0,1\N\C,1,1.36442\C,2,1.41215,1,120.174\H,3,1.08255,2,119.58,1,-4.22397,0\C,3,1.37256,2,120.391,1,178.296,0\C,2,1.41229,1,120.325,3,179.434,0\H,6,1.08267,2,119.631,1,-1.4981,0\C,6,1.37267,2,120.362,1,-177.671,0\C,1,1.41407,2,121.481,3,154.435,0\C,9,1.39266,1,119.887,2,-48.3371,0\H,10,1.08236,9,120.286,1,0.023081,0\C,10,1.38445,9,119.353,1,-178.677,0\H,12,1.08149,10,119.521,9,179.5,0\C,12,1.38802,10,120.286,9,0.34028,0\H,14,1.08172,12,119.985,10,179.789,0\C,14,1.38918,12,120.037,10,0.033098,0\H,16,1.08153,14,120.169,12,-179.685,0\C,16,1.38325,14,120.287,12,-0.038163,0\H,18,1.08232,16,120.297,14,-179.49,0\C,1,1.41426,2,121.243,3,-26.2676,0\C,20,1.3929,1,119.372,2,134.466,0\H,21,1.0822,20,120.284,1,-1.82929,0\C,21,1.38309,20,119.386,1,178.98,0\H,23,1.0816,21,119.542,20,179.237,0\C,23,1.3893,21,120.296,20,-0.41723,0\H,25,1.08167,23,119.963,21,-179.853,0\C,25,1.38818,23,120.032,21,-0.186459,0\H,27,1.0814,25,120.22,23,-179.027,0\C,27,1.38452,25,120.278,23,0.219739,0\H,29,1.08229,27,120.369,25,-178.298,0\C,5,1.42043,3,120.413,2,-0.858991,0\C,8,1.4968,6,120.101,2,178.055,0\H,32,1.08935,8,111.765,6,0.772424,0\H,32,1.09086,8,110.891,6,-120.307,0\H,32,1.09108,8,110.64,6,121.618,0\C,5,1.49692,3,120.111,2,178.938,0\H,36,1.08918,5,111.682,3,-0.673941,0\H,36,1.09071,5,110.948,3,-121.769,0\H,36,1.09108,5,110.626,3,120.094,0\B,31,1.58198,5,120.766,3,-176.454,0\C,40,1.52446,31,120.085,5,-91.0839,0\C,41,1.41116,40,121.052,31,0.493568,0\H,42,1.08703,41,119.854,40,0.358372,0\C,42,1.37055,41,120.583,40,-179.546,0\C,44,1.42669,42,120.326,41,-0.114419,0\C,45,1.37496,44,119.869,42,0.011193,0\H,46,1.08474,45,120.026,44,-179.983,0\C,46,1.40938,45,120.887,44,0.072558,0\C,44,1.46155,42,131.399,41,179.78,0\C,49,1.37352,44,135.382,42,0.229444,0\H,50,1.08352,49,121.902,44,0.059257,0\C,49,1.40926,44,106.127,42,-179.881,0\C,52,1.39298,49,124.037,44,-179.936,0\C,52,1.41073,49,111.466,44,-0.053112,0\C,54,1.37297,52,118.079,49,-179.843,0\H,55,1.0827,54,121.758,52,-179.993,0\C,50,1.41393,49,118.653,44,179.968,0\H,57,1.08306,50,118.546,49,179.99,0\C,57,1.37635,50,122.47,49,-0.093064,0\H,59,1.08346,57,119.9,50,-179.964,0\C,55,1.41479,54,118.677,52,-0.033711,0\H,61,1.08258,55,118.417,54,-179.982,0\C,61,1.37612,55,122.728,54,0.020886,0\H,63,1.08337,61,120.097,55,179.955,0\C,40,1.52746,31,119.271,5,89.6883,0\C,65,1.41001,40,120.843,31,-0.518427,0\H,66,1.08671,65,119.703,40,-0.28453,0\C,66,1.37038,65,120.692,40,179.606,0\C,68,1.42609,66,120.451,65,0.154415,0\C,69,1.37655,68,119.664,66,-0.181839,0\H,70,1.08527,69,120.133,68,-179.818,0\C,70,1.40999,69,120.954,68,0.10035,0\C,68,1.45791,66,131.108,65,-179.627,0\C,73,1.37286,68,135.021,66,0.143767,0\H,74,1.08364,73,121.851,68,-0.08534,0\C,73,1.40911,68,106.193,66,179.963,0\C,76,1.39166,73,123.927,68,-179.933,0\C,76,1.41146,73,111.344,68,-0.070186,0\C,78,1.37245,76,117.99,73,-179.948,0\H,79,1.08276,78,121.719,76,179.947,0\C,74,1.41326,73,118.449,68,179.87,0\H,81,1.08297,74,118.613,73,-179.969,0\C,81,1.37677,74,122.44,73,-0.016467,0\H,83,1.08329,81,119.83,74,-179.963,0\C,79,1.41502,78,118.607,76,-0.038059,0\H,85,1.08256,79,118.313,78,-179.935,0\C,85,1.37653,79,122.814,78,0.121977,0\H,87,1.08316,85,120.024,79,179.947,0\B,72,1.53859,70,120.94,69,-179.943,0\C,89,1.5814,72,121.381,70,-0.446197,0\C,90,1.40038,89,120.642,72,92.8923,0\C,91,1.38981,90,120.429,89,176.922,0\H,92,1.08419,91,119.682,90,-178.792,0\C,92,1.38829,91,120.612,90,1.33375,0\C,94,1.38915,92,119.307,91,-0.273265,0\H,95,1.08413,94,119.548,92,179.689,0\C,95,1.38969,94,120.575,92,-1.06987,0\N,94,1.41369,92,120.344,91,-179.926,0\C,98,1.40027,94,119.38,92,127.929,0\C,99,1.39616,98,120.775,94,146.342,0\H,100,1.08242,99,119.758,98,0.006313,0\C,100,1.38499,99,120.31,98,-179.729,0\H,102,1.08255,100,119.202,99,179.995,0\C,102,1.38816,100,120.75,99,1.09351,0\H,104,1.08186,102,120.51,100,179.33,0\C,104,1.38778,102,119.02,100,-0.507752,0\H,106,1.08269,104,120.105,102,-179.793,0\C,106,1.38472,104,120.712,102,-0.512768,0\H,108,1.08229,106,119.827,104,-179.314,0\C,98,1.40192,94,118.864,92,-45.7383,0\C,110,1.39511,98,121.243,94,136.708,0\H,111,1.08239,110,119.83,98,0.769892,0\C,111,1.38581,110,120.299,98,-178.605,0\H,113,1.08258,111,119.21,110,179.709,0\C,113,1.38759,111,120.71,110,0.933584,0\H,115,1.08188,113,120.474,111,179.266,0\C,115,1.38833,113,119.074,111,-0.504868,0\H,117,1.0826,115,120.103,113,-179.932,0\C,117,1.38437,115,120.645,113,-0.42783,0\H,119,1.08258,117,119.997,115,-179.874,0\C,97,1.50348,95,119.936,94,-178.852,0\H,121,1.08997,97,111.822,95,-0.709507,0\H,121,1.09177,97,111.331,95,-121.546,0\H,121,1.09233,97,111.105,95,119.777,0\C,91,1.50408,90,119.844,89,-1.83691,0\H,125,1.08991,91,111.701,90,-178.208,0\H,125,1.0918,91,111.264,90,-57.6593,0\H,125,1.09212,91,111.362,90,61.1619,0\\\@

 Total job time:  2984.31s(wall), 9710.64s(cpu) 
 Thu Oct 25 03:29:59 2018

        *************************************************************
        *                                                           *
        *  Thank you very much for using Q-Chem.  Have a nice day.  *
        *                                                           *
        *************************************************************


0 sent ACK to 0 
now end server 0 ... 
 
*************************************************************
Job 2 of 2 
*************************************************************
 
mFile = /cm/shared/apps/q-chem/intel/QCHEM_5.0.1_Trunk/bin/mpi/machines
Process 0 of 1 is on ctcp043 - thread support 0
initial socket setup ...start
initial socket setup ...done 
now start server 0 ... 
ctcp043.cm.cluster 10.141.0
Q-Chem Developer Version! Running on 10.141.0.*
                  Welcome to Q-Chem
     A Quantum Leap Into The Future Of Chemistry


 Q-Chem 5.0, Q-Chem, Inc., Pleasanton, CA (2017)

 Yihan Shao,  Zhengting Gan,  E. Epifanovsky,  A. T. B. Gilbert,  M. Wormit,  
 J. Kussmann,  A. W. Lange,  A. Behn,  Jia Deng,  Xintian Feng,  D. Ghosh,  
 M. Goldey,  P. R. Horn,  L. D. Jacobson,  I. Kaliman,  T. Kus,  A. Landau,  
 Jie Liu,  E. I. Proynov,  R. M. Richard,  R. P. Steele,  E. J. Sundstrom,  
 H. L. Woodcock III,  P. M. Zimmerman,  D. Zuev,  B. Albrecht,  E. Alguire,  
 S. A. Baeppler,  Z. Benda,  Y. A. Bernard,  E. J. Berquist,  K. B. Bravaya,  
 D. Casanova,  Chun-Min Chang,  Yunqing Chen,  A. Chien,  K. D. Closser,  
 M. P. Coons,  S. Dasgupta,  M. Diedenhofen,  Hainam Do,  R. G. Edgar,  
 Po-Tung Fang,  S. Fatehi,  Qingguo Feng,  Qinghui Ge,  A. Ghysels,  
 J. Gomes,  J. Gonthier,  A. Gunina,  M. W. D. Hanson-Heine,  
 P. H. P. Harbach,  A. W. Hauser,  J. E. Herr,  E. G. Hohenstein,  
 Z. C. Holden,  Kerwin Hui,  T.-C. Jagau,  Hyunjun Ji,  B. Kaduk,  
 K. Khistyaev,  Jaehoon Kim,  P. Klunzinger,  K. Koh,  D. Kosenkov,  
 T. Kowalczyk,  C. M. Krauter,  A. Kunitsa,  Ka Un Lao,  A. Laurent,  
 K. V. Lawler,  Joonho Lee,  D. Lefrancois,  S. Lehtola,  D. S. Levine,  
 Yi-Pei Li,  You-Sheng Lin,  Fenglai Liu,  E. Livshits,  A. Luenser,  
 P. Manohar,  E. Mansoor,  S. F. Manzer,  Shan-Ping Mao,  Yuezhi Mao,  
 N. Mardirossian,  A. V. Marenich,  L. A. Martinez-Martinez,  S. A. Maurer,  
 N. J. Mayhall,  S. C. McKenzie,  J.-M. Mewes,  A. F. Morrison,  K. Nanda,  
 T. S. Nguyen-Beck,  R. Olivares-Amaya,  J. A. Parkhill,  T. M. Perrine,  
 F. Plasser,  S. Prager,  A. Prociuk,  D. R. Rehn,  F. Rob,  M. Schneider,  
 N. Sergueev,  S. M. Sharada,  S. Sharma,  D. W. Small,  T. Stauch,  
 T. Stein,  Yu-Chuan Su,  A. J. W. Thom,  T. Tsuchimochi,  L. Vogt,  
 O. Vydrov,  M. A. Watson,  J. Wenzel,  M. de Wergifosse,  T. A. Wesolowski,  
 A. White,  J. Witte,  A. Yamada,  Jun Yang,  K. Yao,  S. Yeganeh,  
 S. R. Yost,  Zhi-Qiang You,  A. Zech,  Igor Ying Zhang,  Xing Zhang,  
 Yan Zhao,  Ying Zhu,  B. R. Brooks,  G. K. L. Chan,  C. J. Cramer,  
 M. S. Gordon,  W. J. Hehre,  A. Klamt,  M. W. Schmidt,  C. D. Sherrill,  
 D. G. Truhlar,  A. Aspuru-Guzik,  R. Baer,  A. T. Bell,  N. A. Besley,  
 Jeng-Da Chai,  A. Dreuw,  B. D. Dunietz,  T. R. Furlani,  Chao-Ping Hsu,  
 Yousung Jung,  Jing Kong,  D. S. Lambrecht,  WanZhen Liang,  C. Ochsenfeld,  
 V. A. Rassolov,  L. V. Slipchenko,  J. E. Subotnik,  T. Van Voorhis,  
 J. M. Herbert,  A. I. Krylov,  P. M. W. Gill,  M. Head-Gordon

 Contributors to earlier versions of Q-Chem not listed above: 
 R. D. Adamson,  B. Austin,  J. Baker,  G. J. O. Beran,  K. Brandhorst,  
 S. T. Brown,  E. F. C. Byrd,  A. K. Chakraborty,  C.-L. Cheng,  
 Siu Hung Chien,  D. M. Chipman,  D. L. Crittenden,  H. Dachsel,  
 R. A. DiStasio Jr.,  R. J. Doerksen,  A. D. Dutoi,  L. Fusti-Molnar,  
 W. A. Goddard III,  A. Golubeva-Zadorozhnaya,  S. R. Gwaltney,  G. Hawkins,  
 A. Heyden,  S. Hirata,  G. Kedziora,  F. J. Keil,  C. Kelley,  Jihan Kim,  
 R. A. King,  R. Z. Khaliullin,  P. P. Korambath,  W. Kurlancheek,  
 A. M. Lee,  M. S. Lee,  S. V. Levchenko,  Ching Yeh Lin,  D. Liotard,  
 R. C. Lochan,  I. Lotan,  P. E. Maslen,  N. Nair,  D. P. O'Neill,  
 D. Neuhauser,  E. Neuscamman,  C. M. Oana,  R. Olson,  B. Peters,  
 R. Peverati,  P. A. Pieniazek,  Y. M. Rhee,  J. Ritchie,  M. A. Rohrdanz,  
 E. Rosta,  N. J. Russ,  H. F. Schaefer III,  N. E. Schultz,  N. Shenvi,  
 A. C. Simmonett,  A. Sodt,  D. Stuck,  K. S. Thanthiriwatte,  V. Vanovschi,  
 Tao Wang,  A. Warshel,  C. F. Williams,  Q. Wu,  X. Xu,  W. Zhang

 Please cite Q-Chem as follows:
 Y. Shao et al., Mol. Phys. 113, 184-215 (2015)
 DOI: 10.1080/00268976.2014.952696

 Q-Chem 5.0.1 for Intel X86 EM64T Linux

 Parts of Q-Chem use Armadillo 5.200.1 (Boston Tea Smuggler).
 http://arma.sourceforge.net/

 Q-Chem begins on Thu Oct 25 03:30:02 2018  

Host: 32512

     Scratch files written to /scratch/mewes/138325/qchem21879//
 Parallel job on  1  processors
The previous job contains 0 fragments, simply inherited here
Symmetry turned off for PCM/SM12/SMD calculation

Checking the input file for inconsistencies... 	...done.

--------------------------------------------------------------
User input:
--------------------------------------------------------------

$rem
threads 8
jobtype opt
method PBEh-3c
basis def2-mSVP
scf_guess	read
mem_static      1024
mem_total       8000
sym_ignore      true
unrestricted true
mom_start       1
scf_algorithm	diis
scf_max_cycles	250
solvent_method	pcm
geom_opt_tol_energy 25
geom_opt_tol_gradient 75
$end

$solvent
dielectric      8.93
$end
$pcm
theory iefpcm
$end

$occupied
1 2 3 4 5 6 7 8 9 10 11 12 13 14 15 16 17 18 19 20 21 22 23 24 25 26 27 28 29 30 31 32 33 34 35 36 37 38 39 40 41 42 43 44 45 46 47 48 49 50 51 52 53 54 55 56 57 58 59 60 61 62 63 64 65 66 67 68 69 70 71 72 73 74 75 76 77 78 79 80 81 82 83 84 85 86 87 88 89 90 91 92 93 94 95 96 97 98 99 100 101 102 103 104 105 106 107 108 109 110 111 112 113 114 115 116 117 118 119 120 121 122 123 124 125 126 127 128 129 130 131 132 133 134 135 136 137 138 139 140 141 142 143 144 145 146 147 148 149 150 151 152 153 154 155 156 157 158 159 160 161 162 163 164 165 166 167 168 169 170 171 172 173 174 175 176 177 178 179 180 181 182 183 184 185 186 187 188 189 190 191 192 193 194 195 196 197 198 199 200 201 202 203 204 205 206 207 208 209 210 211 212 213 214 215 216 217 218 219 220 221 222 223 224 225 226 227 228 229 230 231 232 233 234 235 236 237 238 239 240 241 242 243 244 245 246 247 248 249 250 251 252 253  255
1 2 3 4 5 6 7 8 9 10 11 12 13 14 15 16 17 18 19 20 21 22 23 24 25 26 27 28 29 30 31 32 33 34 35 36 37 38 39 40 41 42 43 44 45 46 47 48 49 50 51 52 53 54 55 56 57 58 59 60 61 62 63 64 65 66 67 68 69 70 71 72 73 74 75 76 77 78 79 80 81 82 83 84 85 86 87 88 89 90 91 92 93 94 95 96 97 98 99 100 101 102 103 104 105 106 107 108 109 110 111 112 113 114 115 116 117 118 119 120 121 122 123 124 125 126 127 128 129 130 131 132 133 134 135 136 137 138 139 140 141 142 143 144 145 146 147 148 149 150 151 152 153 154 155 156 157 158 159 160 161 162 163 164 165 166 167 168 169 170 171 172 173 174 175 176 177 178 179 180 181 182 183 184 185 186 187 188 189 190 191 192 193 194 195 196 197 198 199 200 201 202 203 204 205 206 207 208 209 210 211 212 213 214 215 216 217 218 219 220 221 222 223 224 225 226 227 228 229 230 231 232 233 234 235 236 237 238 239 240 241 242 243 244 245 246 247 248 249 250 251 252 253 254
$end

$molecule
read moms1opt_eth.mol
$end

--------------------------------------------------------------
 Adding empirical dispersion correction 
 ----------------------------------------------------------------
 Doing -D3(BJ) with
 s6 =   1.00000
 s8 =   0.00000
 a1 =   0.48600
 a2 =   4.50000
 -D3 energy including 3body term =     -0.1219703474 hartrees
 ----------------------------------------------------------------
 Adding gCP correction 
 ----------------------------------------------------------------
 gCP energy =      0.1708242989 hartrees
 ----------------------------------------------------------------
             Standard Nuclear Orientation (Angstroms)
    I     Atom           X                Y                Z
 ----------------------------------------------------------------
    1      C      -4.8406080000    -0.3694680000     4.5082290000
    2      C      -5.4463820000    -0.9408930000     3.3951310000
    3      C      -4.7441570000    -1.0639720000     2.1894590000
    4      C      -3.4306670000    -0.5793690000     2.1263040000
    5      C      -2.8445870000     0.0146690000     3.2379410000
    6      C      -3.5404850000     0.1127300000     4.4364580000
    7      N      -2.9288980000     0.6903860000     5.5722450000
    8      C      -6.8561770000    -1.4553170000     3.4971830000
    9      C      -2.6534410000    -0.6995990000     0.8447580000
   10      C      -1.6725490000     0.2293730000     5.9857520000
   11      C      -0.7458620000     1.1015100000     6.5604110000
   12      C      -4.4360250000     2.5816780000     5.7012490000
   13      C      -3.6563850000     1.6137810000     6.3370050000
   14      C      -5.1956870000     3.4688570000     6.4451960000
   15      C      -5.1795640000     3.4230650000     7.8330220000
   16      C      -4.3970070000     2.4684680000     8.4676880000
   17      C      -3.6481620000     1.5638550000     7.7312670000
   18      C      -1.3190020000    -1.1103170000     5.8120360000
   19      C      -0.0666490000    -1.5596930000     6.1970510000
   20      C       0.8490790000    -0.6935670000     6.7785330000
   21      C       0.4963030000     0.6369600000     6.9609140000
   22      C      -6.7429160000    -1.6583100000    -1.2501770000
   23      C      -6.1686750000    -0.9822240000    -0.1280850000
   24      B      -5.4024460000    -1.7795250000     0.9415050000
   25      C      -5.2719120000    -3.3064370000     0.7932070000
   26      C      -5.8502920000    -3.9772480000    -0.3289250000
   27      B      -6.6037070000    -3.1748610000    -1.3854450000
   28      C      -4.5844510000    -4.0647230000     1.7631050000
   29      C      -4.4681530000    -5.4292440000     1.6400000000
   30      C      -5.0478310000    -6.0937300000     0.5176680000
   31      C      -5.7197590000    -5.3779390000    -0.4394800000
   32      C      -7.4411690000    -0.9104450000    -2.2202550000
   33      C      -7.5736720000     0.4482870000    -2.0945020000
   34      C      -7.0032740000     1.1302160000    -0.9787630000
   35      C      -6.3176060000     0.4165700000    -0.0219110000
   36      C      -3.1208320000    -6.4388160000     3.6540580000
   37      C      -2.6448790000    -7.6697770000     4.1646250000
   38      C      -2.8609160000    -8.8720890000     3.5299870000
   39      C      -3.5865600000    -8.9077430000     2.3141930000
   40      C      -4.0428340000    -7.6814980000     1.8351530000
   41      C      -3.8280780000    -6.4434120000     2.4767670000
   42      C      -3.8991460000   -10.0450770000     1.5286510000
   43      C      -4.6160560000    -9.9004990000     0.3621990000
   44      C      -5.0660910000    -8.6426590000    -0.1020540000
   45      C      -4.7771180000    -7.5244910000     0.6422280000
   46      C      -7.5377590000     4.9280240000    -0.8917810000
   47      C      -7.0502390000     3.6917990000    -0.4046700000
   48      C      -7.3110720000     2.5528490000    -1.1254070000
   49      C      -8.0557560000     2.6787300000    -2.3179980000
   50      C      -8.5499510000     3.8789210000    -2.8209470000
   51      C      -8.2643830000     5.0368580000    -2.0563550000
   52      C      -8.2418220000     1.4286420000    -2.9417400000
   53      C      -8.9516950000     1.3740330000    -4.1160440000
   54      C      -9.4647010000     2.5788480000    -4.6486290000
   55      C      -9.2785250000     3.7971660000    -4.0340910000
   56      C      -9.1962310000    -4.9524700000    -3.6478310000
   57      C      -8.6026140000    -4.3696990000    -2.5540370000
   58      C      -7.2632110000    -3.9079900000    -2.6240190000
   59      C      -6.5382300000    -4.0884370000    -3.8294200000
   60      C      -7.1396470000    -4.6614240000    -4.9239480000
   61      C      -8.4814010000    -5.0914930000    -4.8560680000
   62      N      -9.0869220000    -5.6266070000    -5.9580580000
   63      C      -9.3827890000    -4.1888740000    -1.2884260000
   64      C      -5.1067090000    -3.6543340000    -3.9050090000
   65      C      -8.6728050000    -5.2744060000    -7.2620470000
   66      C      -8.4751260000    -3.9346360000    -7.5907200000
   67      C     -11.2882350000    -6.3724190000    -6.6405410000
   68      C     -10.1593490000    -6.5379730000    -5.8400310000
   69      C     -12.3274520000    -7.2797650000    -6.5428630000
   70      C     -12.2424840000    -8.3500890000    -5.6606690000
   71      C     -11.1115910000    -8.5133070000    -4.8717780000
   72      C     -10.0641890000    -7.6123090000    -4.9578340000
   73      C      -8.5052740000    -6.2739460000    -8.2186660000
   74      C      -8.1190730000    -5.9272730000    -9.5005400000
   75      C      -7.9098380000    -4.5942170000    -9.8331620000
   76      C      -8.0909270000    -3.6021990000    -8.8784700000
   77      H      -5.3895900000    -0.2993770000     5.4406130000
   78      H      -1.8312610000     0.3950470000     3.1746680000
   79      H      -6.9012450000    -2.5313630000     3.3159850000
   80      H      -7.5042050000    -0.9861640000     2.7541800000
   81      H      -7.2844950000    -1.2646730000     4.4810900000
   82      H      -2.5386930000    -1.7452700000     0.5503460000
   83      H      -1.6567200000    -0.2675400000     0.9334570000
   84      H      -3.1651540000    -0.1979630000     0.0210650000
   85      H      -0.9981700000     2.1462800000     6.6893610000
   86      H      -4.4544850000     2.6293660000     4.6197480000
   87      H      -5.7988790000     4.2077650000     5.9330770000
   88      H      -5.7716630000     4.1197940000     8.4114370000
   89      H      -4.3815110000     2.4110460000     9.5486590000
   90      H      -3.0625880000     0.8091830000     8.2404820000
   91      H      -2.0256430000    -1.8016050000     5.3711650000
   92      H       0.1884900000    -2.6016570000     6.0503620000
   93      H       1.8242030000    -1.0498660000     7.0830540000
   94      H       1.2011870000     1.3287150000     7.4043120000
   95      H      -4.1445610000    -3.5583450000     2.6156850000
   96      H      -6.1562200000    -5.8959980000    -1.2893440000
   97      H      -7.8805370000    -1.4159600000    -3.0757340000
   98      H      -5.8828950000     0.9286870000     0.8305750000
   99      H      -2.9211860000    -5.5229010000     4.1959810000
  100      H      -2.0880310000    -7.6615890000     5.0929980000
  101      H      -2.4763190000    -9.7896920000     3.9587480000
  102      H      -3.5744270000   -11.0291820000     1.8448960000
  103      H      -4.8451190000   -10.7807540000    -0.2257070000
  104      H      -5.6245360000    -8.5855390000    -1.0288030000
  105      H      -7.3286320000     5.8234310000    -0.3204030000
  106      H      -6.4856590000     3.6648500000     0.5189520000
  107      H      -8.6163490000     6.0064130000    -2.3870940000
  108      H      -9.1254260000     0.4398220000    -4.6369190000
  109      H     -10.0251700000     2.5387940000    -5.5743790000
  110      H      -9.6911090000     4.6943250000    -4.4795340000
  111      H     -10.2363610000    -5.2498210000    -3.6027240000
  112      H      -6.5713040000    -4.8217160000    -5.8313380000
  113      H     -10.3982590000    -4.5716110000    -1.3828450000
  114      H      -9.4381260000    -3.1353740000    -1.0107560000
  115      H      -8.8984290000    -4.7069590000    -0.4592340000
  116      H      -5.0178790000    -2.5832920000    -3.7165370000
  117      H      -4.6743530000    -3.8655630000    -4.8820590000
  118      H      -4.5047330000    -4.1576530000    -3.1473390000
  119      H      -8.6458860000    -3.1608210000    -6.8535960000
  120      H     -11.3590630000    -5.5329970000    -7.3200360000
  121      H     -13.2100080000    -7.1474840000    -7.1538650000
  122      H     -13.0565790000    -9.0591200000    -5.5915090000
  123      H     -11.0369250000    -9.3541090000    -4.1956630000
  124      H      -9.1702890000    -7.7550240000    -4.3645690000
  125      H      -8.6600510000    -7.3125080000    -7.9567770000
  126      H      -7.9751590000    -6.7015900000   -10.2418940000
  127      H      -7.6109760000    -4.3290840000   -10.8384100000
  128      H      -7.9451700000    -2.5628370000    -9.1391180000
 ----------------------------------------------------------------
 Nuclear Repulsion Energy = 10758.1372903194 hartrees
 There are      254 alpha and      254 beta electrons
 Requested basis set is def2-mSVP
 There are 636 shells and 1244 basis functions

 Total QAlloc Memory Limit   8000 MB
 Mega-Array Size      1001 MB
 MEM_STATIC part      1024 MB
 Discretize the solute cavity surface with Lebedev spheres
	Using 302 Lebedev grid points for each H atom
	Using 302 Lebedev grid points for other atoms
	Atomic van der Waals radii will be scaled by 1.20
 Remove points where switching function is < 1.0e-08
 Keep 13502 surface tesserae and discard 25154 interior tesserae
 Molecular Surface Area = 1018.625 Angst**2
 A cutoff of  1.0D-11 yielded  54238 shell pairs
 There are    214634 function pairs (    236542 Cartesian)
 
 -------------------------------------------------------
 OpenMP Integral Computing Module                       
 Release: version 1.0, May 2013, Q-Chem Inc. Pittsburgh 
 -------------------------------------------------------
 Integral Job Info:
 Integral job number is                      11
 Integral operator is                         1
 short-range coefficients                     0
 long-range coefficients              100000000
 Omega coefficients                           0
 if combine SR and LR in K                    0
 Integral screening is                        0
 Integral computing path is                   2
 max size of driver memory is            800000
 size of driver memory is                593474
 size of scratch memory is              1809772
 max col of scratch BK array               1296
 max len of scratch array in speh3          155
 max len of scratch index in speh4           18
 max int batch size is                      520
 min int batch size is                       52
 fixed nKL is                                52
 max L of basis functions is                  2
 order of int derivative is                   0
 number of shells is                        636
 number of basis is                        1320
 number of cartesian basis is              1320
 number of contracted shell pairs         54238
 number of primitive shell pairs         113445
 maxK2 (contraction) of shell pair           25
 max number of K2 of shell pair               1
 max number of CS2 of shell pair          13082
 max number of PS2 of shell pair          20065
 mem total for path MDJ                  558056
 -------------------------------------------------------
 Smallest overlap matrix eigenvalue = 1.99E-04

 Scale SEOQF with 1.000000e-02/1.000000e-02/1.000000e-02

 Standard Electronic Orientation quadrupole field applied
 Nucleus-field energy     =     0.0000000440 hartrees
 Guess MOs from SCF MO coefficient file
 Reading MOs from coefficient file
 User-specified occupied guess orbitals will be used
   Alpha:
   1   2   3   4   5   6   7   8   9  10  11  12  13  14  15
  16  17  18  19  20  21  22  23  24  25  26  27  28  29  30
  31  32  33  34  35  36  37  38  39  40  41  42  43  44  45
  46  47  48  49  50  51  52  53  54  55  56  57  58  59  60
  61  62  63  64  65  66  67  68  69  70  71  72  73  74  75
  76  77  78  79  80  81  82  83  84  85  86  87  88  89  90
  91  92  93  94  95  96  97  98  99 100 101 102 103 104 105
 106 107 108 109 110 111 112 113 114 115 116 117 118 119 120
 121 122 123 124 125 126 127 128 129 130 131 132 133 134 135
 136 137 138 139 140 141 142 143 144 145 146 147 148 149 150
 151 152 153 154 155 156 157 158 159 160 161 162 163 164 165
 166 167 168 169 170 171 172 173 174 175 176 177 178 179 180
 181 182 183 184 185 186 187 188 189 190 191 192 193 194 195
 196 197 198 199 200 201 202 203 204 205 206 207 208 209 210
 211 212 213 214 215 216 217 218 219 220 221 222 223 224 225
 226 227 228 229 230 231 232 233 234 235 236 237 238 239 240
 241 242 243 244 245 246 247 248 249 250 251 252 253 255
 Reading MOs from coefficient file
   Beta:
   1   2   3   4   5   6   7   8   9  10  11  12  13  14  15
  16  17  18  19  20  21  22  23  24  25  26  27  28  29  30
  31  32  33  34  35  36  37  38  39  40  41  42  43  44  45
  46  47  48  49  50  51  52  53  54  55  56  57  58  59  60
  61  62  63  64  65  66  67  68  69  70  71  72  73  74  75
  76  77  78  79  80  81  82  83  84  85  86  87  88  89  90
  91  92  93  94  95  96  97  98  99 100 101 102 103 104 105
 106 107 108 109 110 111 112 113 114 115 116 117 118 119 120
 121 122 123 124 125 126 127 128 129 130 131 132 133 134 135
 136 137 138 139 140 141 142 143 144 145 146 147 148 149 150
 151 152 153 154 155 156 157 158 159 160 161 162 163 164 165
 166 167 168 169 170 171 172 173 174 175 176 177 178 179 180
 181 182 183 184 185 186 187 188 189 190 191 192 193 194 195
 196 197 198 199 200 201 202 203 204 205 206 207 208 209 210
 211 212 213 214 215 216 217 218 219 220 221 222 223 224 225
 226 227 228 229 230 231 232 233 234 235 236 237 238 239 240
 241 242 243 244 245 246 247 248 249 250 251 252 253 254
 An unrestricted hybrid HF-DFT SCF calculation will be
 performed using Pulay DIIS extrapolation
 Polarizable Continuum solvation model will be applied
 Exchange:     0.4200 Hartree-Fock + 0.5800 PBEh-3c
 Correlation:  1.0000 PBEh-3c
 Using SG-1 standard quadrature grid
 Dispersion:   Grimme D3
 SCF converges when DIIS error is below 1.0E-08
 using 8 threads for integral computing
 -------------------------------------------------------
 OpenMP Integral computing Module                
 Release: version 1.0, May 2013, Q-Chem Inc. Pittsburgh 
 -------------------------------------------------------
 Inaccurate integrated density:
   Number of electrons =   508
   Numerical integral  =   306.460236427408
   Relative error      =   -39.6731818056 %
 MOM overlap:    69.9026996954 / 254
 MOM overlap:    69.9844286165 / 254
 ---------------------------------------
  Cycle       Energy         DIIS Error
 ---------------------------------------
    1     532.1468198076      9.82E-02
 Using non-symmetric K matrix
 MOM overlap:    127.7599202104 / 254
 MOM overlap:    128.4727411677 / 254
    2   -1475.5752393286      5.53E-02
 MOM overlap:    175.3491104809 / 254
 MOM overlap:    178.0404905416 / 254
    3   -1428.1284387177      2.57E-02
 MOM overlap:    205.0865450781 / 254
 MOM overlap:    206.6598706588 / 254
    4   -1082.4377809422      1.96E-02
 MOM overlap:    212.1330995043 / 254
 MOM overlap:    215.4672407367 / 254
    5    -990.7835997745      1.20E-02
 MOM overlap:    219.9417922075 / 254
 MOM overlap:    223.7130762925 / 254
    6    -921.7192465658      8.73E-03
 MOM overlap:    226.9221417121 / 254
 MOM overlap:    226.5661651081 / 254
    7    -959.6442574349      6.91E-03
 MOM overlap:    233.7112689219 / 254
 MOM overlap:    230.2088361146 / 254
    8    -926.6542948148      6.73E-03
 MOM overlap:    236.2045573612 / 254
 MOM overlap:    232.7839304091 / 254
    9    -951.2985135603      4.93E-03
 MOM overlap:    239.7793970493 / 254
 MOM overlap:    239.6879452165 / 254
   10    -949.7606305976      4.53E-03
 MOM overlap:    241.4824127156 / 254
 MOM overlap:    243.0340612280 / 254
   11    -943.2499785808      4.19E-03
 MOM overlap:    242.3708280164 / 254
 MOM overlap:    243.2974882229 / 254
   12    -942.6340992583      4.12E-03
 MOM overlap:    246.6562012415 / 254
 MOM overlap:    246.5481137652 / 254
   13    -946.2680378697      5.40E-03
 MOM overlap:    251.7180851389 / 254
 MOM overlap:    251.9884613134 / 254
   14    -932.6662280744      6.04E-03
 MOM overlap:    250.2442510656 / 254
 MOM overlap:    249.2647861818 / 254
   15    -931.1755057885      6.51E-03
 MOM overlap:    249.6064699725 / 254
 MOM overlap:    248.7316101357 / 254
   16    -927.3388470333      7.86E-03
 MOM overlap:    249.9848655021 / 254
 MOM overlap:    249.8776717562 / 254
   17    -931.0075179356      6.31E-03
 MOM overlap:    248.9747998721 / 254
 MOM overlap:    249.7432171279 / 254
   18    -930.4574613313      6.51E-03
 MOM overlap:    247.2555262877 / 254
 MOM overlap:    246.3088208888 / 254
   19    -928.9521582632      6.61E-03
 MOM overlap:    245.2380714346 / 254
 MOM overlap:    244.8761728929 / 254
   20    -924.0097507561      7.06E-03
 MOM overlap:    239.1640139730 / 254
 MOM overlap:    240.2540081800 / 254
   21    -923.4485156174      7.04E-03
 MOM overlap:    239.6548284214 / 254
 MOM overlap:    238.5113055672 / 254
   22    -938.1222303573      8.19E-03
 MOM overlap:    244.5432238670 / 254
 MOM overlap:    243.8180053582 / 254
   23    -916.6238951961      9.13E-03
 MOM overlap:    242.0841006913 / 254
 MOM overlap:    241.0885952703 / 254
   24    -919.3949057523      8.35E-03
 MOM overlap:    242.4306811568 / 254
 MOM overlap:    239.8514754079 / 254
   25    -896.0070766072      7.68E-03
 MOM overlap:    240.4474050477 / 254
 MOM overlap:    238.8574689034 / 254
   26    -908.4057240793      7.32E-03
 MOM overlap:    233.8136438804 / 254
 MOM overlap:    230.3370395427 / 254
   27    -908.5138678659      6.91E-03
 MOM overlap:    236.8333170973 / 254
 MOM overlap:    234.7066105597 / 254
   28    -948.7782274746      5.98E-03
 MOM overlap:    239.2149845070 / 254
 MOM overlap:    237.4550680420 / 254
   29    -971.8991326179      4.65E-03
 MOM overlap:    238.2009674620 / 254
 MOM overlap:    238.4356808092 / 254
   30    -956.7813476173      3.49E-03
 MOM overlap:    240.5090666741 / 254
 MOM overlap:    240.7492028521 / 254
   31    -949.4460997296      3.75E-03
 MOM overlap:    243.6665027761 / 254
 MOM overlap:    240.5647841138 / 254
   32    -978.1906782024      2.90E-03
 MOM overlap:    247.3919379326 / 254
 MOM overlap:    244.9589103821 / 254
   33    -992.1773167770      4.02E-03
 MOM overlap:    244.7034392439 / 254
 MOM overlap:    244.7668201878 / 254
   34    -983.2659711095      3.21E-03
 MOM overlap:    247.9273006645 / 254
 MOM overlap:    246.2391959333 / 254
   35    -998.1208862619      3.60E-03
 MOM overlap:    249.5969413769 / 254
 MOM overlap:    247.5646170568 / 254
   36    -987.2394841010      3.70E-03
 MOM overlap:    249.7942244073 / 254
 MOM overlap:    247.7717280836 / 254
   37    -985.0380268428      5.02E-03
 MOM overlap:    252.8028594973 / 254
 MOM overlap:    250.6247528214 / 254
   38    -983.6719740289      5.23E-03
 MOM overlap:    252.1229368511 / 254
 MOM overlap:    250.7114197086 / 254
   39    -985.2809784625      4.77E-03
 MOM overlap:    252.6981604443 / 254
 MOM overlap:    252.1012114093 / 254
   40    -983.4440674289      5.58E-03
 MOM overlap:    252.3835530207 / 254
 MOM overlap:    251.6409176956 / 254
   41    -980.0432487058      5.70E-03
 MOM overlap:    249.6930304834 / 254
 MOM overlap:    250.3791443273 / 254
   42    -979.0683940124      5.87E-03
 MOM overlap:    252.5778873634 / 254
 MOM overlap:    251.7432951131 / 254
   43    -978.6948043120      5.87E-03
 MOM overlap:    248.2227959558 / 254
 MOM overlap:    248.0060299234 / 254
   44    -980.2145493306      5.68E-03
 MOM overlap:    240.6559289041 / 254
 MOM overlap:    241.3003843608 / 254
   45    -981.7451484863      5.91E-03
 MOM overlap:    240.8736550155 / 254
 MOM overlap:    244.1326404484 / 254
   46    -949.5359577903      5.86E-03
 MOM overlap:    241.2555613443 / 254
 MOM overlap:    239.7418401284 / 254
   47    -971.2395027300      5.88E-03
 MOM overlap:    242.6829504807 / 254
 MOM overlap:    242.4610102650 / 254
   48    -947.5720104921      4.91E-03
 MOM overlap:    243.1416595435 / 254
 MOM overlap:    241.1433870438 / 254
   49    -976.4325709015      4.87E-03
 MOM overlap:    241.2757399870 / 254
 MOM overlap:    242.9603641899 / 254
   50    -966.4543030248      4.56E-03
 MOM overlap:    244.3063411582 / 254
 MOM overlap:    242.1966998411 / 254
   51    -982.4109527127      4.03E-03
 MOM overlap:    245.1523695883 / 254
 MOM overlap:    243.4031164571 / 254
   52    -974.5442835835      3.63E-03
 MOM overlap:    246.0640242237 / 254
 MOM overlap:    245.9646438418 / 254
   53    -995.5278329564      2.93E-03
 MOM overlap:    241.6912084661 / 254
 MOM overlap:    241.2698368453 / 254
   54    -997.1606137544      2.45E-03
 MOM overlap:    241.7355020467 / 254
 MOM overlap:    242.6107234922 / 254
   55   -1020.1560080144      2.97E-03
 MOM overlap:    241.7748933637 / 254
 MOM overlap:    243.3961008226 / 254
   56   -1023.9992350262      2.65E-03
 MOM overlap:    245.0405556044 / 254
 MOM overlap:    245.7172006944 / 254
   57   -1030.6589847027      2.44E-03
 MOM overlap:    248.0513342872 / 254
 MOM overlap:    246.2283102480 / 254
   58   -1030.3175862312      2.26E-03
 MOM overlap:    249.9213209405 / 254
 MOM overlap:    249.4360666494 / 254
   59   -1058.1713934446      2.55E-03
 MOM overlap:    251.7360086747 / 254
 MOM overlap:    251.3235952207 / 254
   60   -1058.3791969197      2.51E-03
 MOM overlap:    251.8001742835 / 254
 MOM overlap:    250.1169759162 / 254
   61   -1058.4039614258      2.52E-03
 MOM overlap:    252.4794827426 / 254
 MOM overlap:    250.5772551016 / 254
   62   -1058.0405399901      2.91E-03
 MOM overlap:    251.8113516363 / 254
 MOM overlap:    251.4813628105 / 254
   63   -1058.2159916351      2.90E-03
 MOM overlap:    251.4181114233 / 254
 MOM overlap:    251.1232011722 / 254
   64   -1057.5958104316      3.34E-03
 MOM overlap:    252.5256603910 / 254
 MOM overlap:    251.4892745188 / 254
   65   -1057.4723038383      3.31E-03
 MOM overlap:    251.9046417814 / 254
 MOM overlap:    250.1211116931 / 254
   66   -1057.7999263106      3.22E-03
 MOM overlap:    251.7827882647 / 254
 MOM overlap:    251.3916021250 / 254
   67   -1057.5553964266      3.50E-03
 MOM overlap:    249.7224573073 / 254
 MOM overlap:    248.5659910911 / 254
   68   -1070.2562871366      3.85E-03
 MOM overlap:    244.4145639092 / 254
 MOM overlap:    241.3865606139 / 254
   69   -1069.8749646555      4.06E-03
 MOM overlap:    244.4262184152 / 254
 MOM overlap:    240.8135120518 / 254
   70   -1066.8777186421      3.92E-03
 MOM overlap:    247.8364712297 / 254
 MOM overlap:    244.2355624703 / 254
   71   -1068.2296372014      3.54E-03
 MOM overlap:    244.5315495405 / 254
 MOM overlap:    242.9055481483 / 254
   72   -1068.6124384645      3.47E-03
 MOM overlap:    245.5014578260 / 254
 MOM overlap:    242.8911496931 / 254
   73   -1075.5010295685      3.42E-03
 MOM overlap:    246.4969178318 / 254
 MOM overlap:    245.0811725834 / 254
   74   -1072.8067147926      3.44E-03
 MOM overlap:    250.2210162868 / 254
 MOM overlap:    247.6029074981 / 254
   75   -1074.3420808304      3.20E-03
 MOM overlap:    249.4281535919 / 254
 MOM overlap:    248.6666864140 / 254
   76   -1075.8537030951      3.09E-03
 MOM overlap:    249.5796546189 / 254
 MOM overlap:    248.2429321646 / 254
   77   -1088.3618272015      3.17E-03
 MOM overlap:    248.8627565873 / 254
 MOM overlap:    248.3443943099 / 254
   78   -1088.5032430804      3.02E-03
 MOM overlap:    249.8892898801 / 254
 MOM overlap:    250.4279685713 / 254
   79   -1091.4120821459      2.96E-03
 MOM overlap:    249.5592499973 / 254
 MOM overlap:    250.9984388654 / 254
   80   -1092.3092008391      2.51E-03
 MOM overlap:    248.3341064592 / 254
 MOM overlap:    247.8056171172 / 254
   81   -1092.4300400380      2.38E-03
 MOM overlap:    247.4483323882 / 254
 MOM overlap:    246.8606411677 / 254
   82   -1098.0325249248      2.26E-03
 MOM overlap:    249.8249332001 / 254
 MOM overlap:    248.3014481296 / 254
   83   -1098.7969966759      2.17E-03
 MOM overlap:    249.3513275194 / 254
 MOM overlap:    247.2835477980 / 254
   84   -1099.2944102220      1.82E-03
 MOM overlap:    249.3368826969 / 254
 MOM overlap:    248.2209524277 / 254
   85   -1103.2778615031      1.75E-03
 MOM overlap:    250.3610049605 / 254
 MOM overlap:    249.4138288952 / 254
   86   -1090.5443091813      1.97E-03
 MOM overlap:    248.6068363773 / 254
 MOM overlap:    249.3557881346 / 254
   87   -1090.5211623385      2.25E-03
 MOM overlap:    250.1360622118 / 254
 MOM overlap:    249.1475973058 / 254
   88   -1102.9795794564      2.37E-03
 MOM overlap:    251.2545998979 / 254
 MOM overlap:    250.4216117898 / 254
   89   -1103.1114170397      2.28E-03
 MOM overlap:    250.0546783380 / 254
 MOM overlap:    251.5217367188 / 254
   90   -1103.0640801344      2.22E-03
 MOM overlap:    250.1553991409 / 254
 MOM overlap:    251.4008751358 / 254
   91   -1103.2638261576      2.39E-03
 MOM overlap:    251.1114501930 / 254
 MOM overlap:    249.2894731795 / 254
   92   -1103.6887812044      2.11E-03
 MOM overlap:    249.8838132936 / 254
 MOM overlap:    249.2575849279 / 254
   93   -1104.4648505241      2.12E-03
 MOM overlap:    252.4918949731 / 254
 MOM overlap:    252.8713889031 / 254
   94   -1118.1485988319      2.04E-03
 MOM overlap:    251.9669179253 / 254
 MOM overlap:    251.2192476318 / 254
   95   -1118.2026893569      2.18E-03
 MOM overlap:    252.8107717948 / 254
 MOM overlap:    250.1649804589 / 254
   96   -1118.1792741328      2.37E-03
 MOM overlap:    251.5135039384 / 254
 MOM overlap:    247.8934597607 / 254
   97   -1118.5667144291      1.99E-03
 MOM overlap:    250.5444634104 / 254
 MOM overlap:    249.1362765780 / 254
   98   -1137.5730309500      2.38E-03
 MOM overlap:    252.4002576097 / 254
 MOM overlap:    250.5040643925 / 254
   99   -1126.5020681558      2.31E-03
 MOM overlap:    251.0700939404 / 254
 MOM overlap:    246.4831511472 / 254
  100   -1126.4676770341      2.57E-03
 MOM overlap:    250.3856681985 / 254
 MOM overlap:    243.9681392250 / 254
  101   -1127.5950501129      2.46E-03
 MOM overlap:    251.4434227832 / 254
 MOM overlap:    245.6466834290 / 254
  102   -1135.8679544632      2.68E-03
 MOM overlap:    251.9622106526 / 254
 MOM overlap:    248.3017483934 / 254
  103   -1136.3119267226      2.47E-03
 MOM overlap:    252.2140578985 / 254
 MOM overlap:    249.6210039438 / 254
  104   -1136.5096531371      2.46E-03
 MOM overlap:    251.8959625010 / 254
 MOM overlap:    248.0442345609 / 254
  105   -1136.6919619027      2.30E-03
 MOM overlap:    251.1634977924 / 254
 MOM overlap:    248.9571426801 / 254
  106   -1136.2929872737      2.36E-03
 MOM overlap:    251.2007279381 / 254
 MOM overlap:    249.1808398920 / 254
  107   -1136.5067950357      2.28E-03
 MOM overlap:    252.9560243639 / 254
 MOM overlap:    249.0323362073 / 254
  108   -1122.0945546563      2.26E-03
 MOM overlap:    250.6320152617 / 254
 MOM overlap:    247.8019635499 / 254
  109   -1137.3869466633      2.10E-03
 MOM overlap:    251.8210878046 / 254
 MOM overlap:    246.7733421258 / 254
  110   -1138.2919964258      1.76E-03
 MOM overlap:    251.6690800349 / 254
 MOM overlap:    248.9254152028 / 254
  111   -1151.8497901416      1.67E-03
 MOM overlap:    249.9652142412 / 254
 MOM overlap:    245.0261543295 / 254
  112   -1166.2784189480      1.97E-03
 MOM overlap:    251.8276839486 / 254
 MOM overlap:    248.3478102893 / 254
  113   -1172.4113160642      3.03E-03
 MOM overlap:    251.7354955099 / 254
 MOM overlap:    247.8105145189 / 254
  114   -1173.3857918581      2.12E-03
 MOM overlap:    250.9996299774 / 254
 MOM overlap:    249.1408585719 / 254
  115   -1174.1633514540      1.96E-03
 MOM overlap:    251.1462591807 / 254
 MOM overlap:    248.3761257848 / 254
  116   -1174.3857198537      1.89E-03
 MOM overlap:    250.8603826744 / 254
 MOM overlap:    249.2959801617 / 254
  117   -1174.6527660798      1.93E-03
 MOM overlap:    253.3057819038 / 254
 MOM overlap:    248.9536168434 / 254
  118   -1175.8637098769      1.56E-03
 MOM overlap:    252.7385909131 / 254
 MOM overlap:    250.9869551495 / 254
  119   -1161.5395061404      1.64E-03
 MOM overlap:    253.3015305466 / 254
 MOM overlap:    251.8141315975 / 254
  120   -1161.7391313133      1.67E-03
 MOM overlap:    252.8520942918 / 254
 MOM overlap:    251.9221326265 / 254
  121   -1161.8706878235      1.53E-03
 MOM overlap:    251.5445219167 / 254
 MOM overlap:    249.9799607159 / 254
  122   -1162.0429345656      1.37E-03
 MOM overlap:    250.9021670263 / 254
 MOM overlap:    251.0330503029 / 254
  123   -1162.4429050403      1.65E-03
 MOM overlap:    251.5386135149 / 254
 MOM overlap:    251.0284523108 / 254
  124   -1162.9525645159      1.60E-03
 MOM overlap:    251.2714585954 / 254
 MOM overlap:    250.6455788644 / 254
  125   -1163.3424513755      1.83E-03
 MOM overlap:    249.5642702334 / 254
 MOM overlap:    249.4375379545 / 254
  126   -1163.3500680832      2.15E-03
 MOM overlap:    251.0137815235 / 254
 MOM overlap:    248.1091502576 / 254
  127   -1163.0480916422      2.26E-03
 MOM overlap:    252.6984020178 / 254
 MOM overlap:    248.3109414510 / 254
  128   -1162.6611802151      2.14E-03
 MOM overlap:    253.3281189066 / 254
 MOM overlap:    251.7967114484 / 254
  129   -1149.7453932949      2.07E-03
 MOM overlap:    252.7411404608 / 254
 MOM overlap:    251.8810830140 / 254
  130   -1149.3090494781      2.34E-03
 MOM overlap:    251.3681376986 / 254
 MOM overlap:    249.5155290810 / 254
  131   -1150.0161245455      2.16E-03
 MOM overlap:    250.7222866095 / 254
 MOM overlap:    251.3479600847 / 254
  132   -1162.2679641784      2.36E-03
 MOM overlap:    249.8933936528 / 254
 MOM overlap:    247.7922233727 / 254
  133   -1162.9061125683      2.56E-03
 MOM overlap:    251.4879245739 / 254
 MOM overlap:    249.9356068141 / 254
  134   -1162.4915070137      2.98E-03
 MOM overlap:    251.7195445292 / 254
 MOM overlap:    251.4544221377 / 254
  135   -1163.0241079882      2.80E-03
 MOM overlap:    252.3001027302 / 254
 MOM overlap:    252.0492185520 / 254
  136   -1163.3075912603      2.48E-03
 MOM overlap:    248.6987632399 / 254
 MOM overlap:    246.6680381626 / 254
  137   -1163.9724676974      2.24E-03
 MOM overlap:    249.6850660155 / 254
 MOM overlap:    247.4511543778 / 254
  138   -1164.1180444689      2.34E-03
 MOM overlap:    249.9274538602 / 254
 MOM overlap:    246.9856793846 / 254
  139   -1155.9904854476      1.98E-03
 MOM overlap:    250.1748149592 / 254
 MOM overlap:    245.8016378791 / 254
  140   -1156.5509532831      1.73E-03
 MOM overlap:    249.8971217171 / 254
 MOM overlap:    249.6068107239 / 254
  141   -1163.6042152271      1.64E-03
 MOM overlap:    251.6124464538 / 254
 MOM overlap:    249.6690148527 / 254
  142   -1164.5100571869      1.70E-03
 MOM overlap:    250.5172451688 / 254
 MOM overlap:    250.8817703841 / 254
  143   -1164.7954132146      1.37E-03
 MOM overlap:    251.6292586423 / 254
 MOM overlap:    251.1315294621 / 254
  144   -1164.9823448009      1.51E-03
 MOM overlap:    251.6083378388 / 254
 MOM overlap:    251.9524045412 / 254
  145   -1165.2221370528      1.42E-03
 MOM overlap:    251.8007374048 / 254
 MOM overlap:    251.7995646673 / 254
  146   -1165.5725984525      1.09E-03
 MOM overlap:    251.4805269003 / 254
 MOM overlap:    249.8564124397 / 254
  147   -1165.8334445483      1.07E-03
