mFile = /cm/shared/apps/q-chem/intel/QCHEM_5.0.1_Trunk/bin/mpi/machines
Process 0 of 1 is on ctcp030 - thread support 0
initial socket setup ...start
initial socket setup ...done 
now start server 0 ... 
ctcp030.cm.cluster 10.141.0
Q-Chem Developer Version! Running on 10.141.0.*
                  Welcome to Q-Chem
     A Quantum Leap Into The Future Of Chemistry


 Q-Chem 5.0, Q-Chem, Inc., Pleasanton, CA (2017)

 Yihan Shao,  Zhengting Gan,  E. Epifanovsky,  A. T. B. Gilbert,  M. Wormit,  
 J. Kussmann,  A. W. Lange,  A. Behn,  Jia Deng,  Xintian Feng,  D. Ghosh,  
 M. Goldey,  P. R. Horn,  L. D. Jacobson,  I. Kaliman,  T. Kus,  A. Landau,  
 Jie Liu,  E. I. Proynov,  R. M. Richard,  R. P. Steele,  E. J. Sundstrom,  
 H. L. Woodcock III,  P. M. Zimmerman,  D. Zuev,  B. Albrecht,  E. Alguire,  
 S. A. Baeppler,  Z. Benda,  Y. A. Bernard,  E. J. Berquist,  K. B. Bravaya,  
 D. Casanova,  Chun-Min Chang,  Yunqing Chen,  A. Chien,  K. D. Closser,  
 M. P. Coons,  S. Dasgupta,  M. Diedenhofen,  Hainam Do,  R. G. Edgar,  
 Po-Tung Fang,  S. Fatehi,  Qingguo Feng,  Qinghui Ge,  A. Ghysels,  
 J. Gomes,  J. Gonthier,  A. Gunina,  M. W. D. Hanson-Heine,  
 P. H. P. Harbach,  A. W. Hauser,  J. E. Herr,  E. G. Hohenstein,  
 Z. C. Holden,  Kerwin Hui,  T.-C. Jagau,  Hyunjun Ji,  B. Kaduk,  
 K. Khistyaev,  Jaehoon Kim,  P. Klunzinger,  K. Koh,  D. Kosenkov,  
 T. Kowalczyk,  C. M. Krauter,  A. Kunitsa,  Ka Un Lao,  A. Laurent,  
 K. V. Lawler,  Joonho Lee,  D. Lefrancois,  S. Lehtola,  D. S. Levine,  
 Yi-Pei Li,  You-Sheng Lin,  Fenglai Liu,  E. Livshits,  A. Luenser,  
 P. Manohar,  E. Mansoor,  S. F. Manzer,  Shan-Ping Mao,  Yuezhi Mao,  
 N. Mardirossian,  A. V. Marenich,  L. A. Martinez-Martinez,  S. A. Maurer,  
 N. J. Mayhall,  S. C. McKenzie,  J.-M. Mewes,  A. F. Morrison,  K. Nanda,  
 T. S. Nguyen-Beck,  R. Olivares-Amaya,  J. A. Parkhill,  T. M. Perrine,  
 F. Plasser,  S. Prager,  A. Prociuk,  D. R. Rehn,  F. Rob,  M. Schneider,  
 N. Sergueev,  S. M. Sharada,  S. Sharma,  D. W. Small,  T. Stauch,  
 T. Stein,  Yu-Chuan Su,  A. J. W. Thom,  T. Tsuchimochi,  L. Vogt,  
 O. Vydrov,  M. A. Watson,  J. Wenzel,  M. de Wergifosse,  T. A. Wesolowski,  
 A. White,  J. Witte,  A. Yamada,  Jun Yang,  K. Yao,  S. Yeganeh,  
 S. R. Yost,  Zhi-Qiang You,  A. Zech,  Igor Ying Zhang,  Xing Zhang,  
 Yan Zhao,  Ying Zhu,  B. R. Brooks,  G. K. L. Chan,  C. J. Cramer,  
 M. S. Gordon,  W. J. Hehre,  A. Klamt,  M. W. Schmidt,  C. D. Sherrill,  
 D. G. Truhlar,  A. Aspuru-Guzik,  R. Baer,  A. T. Bell,  N. A. Besley,  
 Jeng-Da Chai,  A. Dreuw,  B. D. Dunietz,  T. R. Furlani,  Chao-Ping Hsu,  
 Yousung Jung,  Jing Kong,  D. S. Lambrecht,  WanZhen Liang,  C. Ochsenfeld,  
 V. A. Rassolov,  L. V. Slipchenko,  J. E. Subotnik,  T. Van Voorhis,  
 J. M. Herbert,  A. I. Krylov,  P. M. W. Gill,  M. Head-Gordon

 Contributors to earlier versions of Q-Chem not listed above: 
 R. D. Adamson,  B. Austin,  J. Baker,  G. J. O. Beran,  K. Brandhorst,  
 S. T. Brown,  E. F. C. Byrd,  A. K. Chakraborty,  C.-L. Cheng,  
 Siu Hung Chien,  D. M. Chipman,  D. L. Crittenden,  H. Dachsel,  
 R. A. DiStasio Jr.,  R. J. Doerksen,  A. D. Dutoi,  L. Fusti-Molnar,  
 W. A. Goddard III,  A. Golubeva-Zadorozhnaya,  S. R. Gwaltney,  G. Hawkins,  
 A. Heyden,  S. Hirata,  G. Kedziora,  F. J. Keil,  C. Kelley,  Jihan Kim,  
 R. A. King,  R. Z. Khaliullin,  P. P. Korambath,  W. Kurlancheek,  
 A. M. Lee,  M. S. Lee,  S. V. Levchenko,  Ching Yeh Lin,  D. Liotard,  
 R. C. Lochan,  I. Lotan,  P. E. Maslen,  N. Nair,  D. P. O'Neill,  
 D. Neuhauser,  E. Neuscamman,  C. M. Oana,  R. Olson,  B. Peters,  
 R. Peverati,  P. A. Pieniazek,  Y. M. Rhee,  J. Ritchie,  M. A. Rohrdanz,  
 E. Rosta,  N. J. Russ,  H. F. Schaefer III,  N. E. Schultz,  N. Shenvi,  
 A. C. Simmonett,  A. Sodt,  D. Stuck,  K. S. Thanthiriwatte,  V. Vanovschi,  
 Tao Wang,  A. Warshel,  C. F. Williams,  Q. Wu,  X. Xu,  W. Zhang

 Please cite Q-Chem as follows:
 Y. Shao et al., Mol. Phys. 113, 184-215 (2015)
 DOI: 10.1080/00268976.2014.952696

 Q-Chem 5.0.1 for Intel X86 EM64T Linux

 Parts of Q-Chem use Armadillo 5.200.1 (Boston Tea Smuggler).
 http://arma.sourceforge.net/

 Q-Chem begins on Thu Oct 25 02:16:22 2018  

Host: ctcp030
0

     Scratch files written to /scratch/mewes/138324/qchem143496//
 Parallel job on  1  processors
The previous job contains 0 fragments, simply inherited here
Symmetry turned off for PCM/SM12/SMD calculation

Checking the input file for inconsistencies... 	...done.

--------------------------------------------------------------
User input:
--------------------------------------------------------------
$rem
threads 8
jobtype	sp
method PBEh-3c
basis def2-mSVP
mem_static	1024
mem_total	8000
sym_ignore	true
unrestricted true
scf_convergence	9
solvent_method	pcm
$end

$molecule
read moms1opt_tol.mol
$end

$solvent
dielectric	4.33
$end

$pcm
theory iefpcm
$end
--------------------------------------------------------------
 Adding empirical dispersion correction 
 ----------------------------------------------------------------
 Doing -D3(BJ) with
 s6 =   1.00000
 s8 =   0.00000
 a1 =   0.48600
 a2 =   4.50000
 -D3 energy including 3body term =     -0.1220103479 hartrees
 ----------------------------------------------------------------
 Adding gCP correction 
 ----------------------------------------------------------------
 gCP energy =      0.1709628590 hartrees
 ----------------------------------------------------------------
             Standard Nuclear Orientation (Angstroms)
    I     Atom           X                Y                Z
 ----------------------------------------------------------------
    1      N       0.0000000000     0.0000000000     0.0000000000
    2      C       0.0000000000     0.0000000000     1.3644190000
    3      C       1.2208037278     0.0000000000     2.0742118436
    4      H       2.1547052781    -0.0693431889     1.5311376416
    5      C       1.2262470736     0.0352087886     3.4463113862
    6      C      -1.2189964865     0.0120474752     2.0774846658
    7      H      -2.1557491706     0.0459101730     1.5357099062
    8      C      -1.2199014339     0.0601994420     3.4493105452
    9      C      -1.0878637840    -0.5204019886    -0.7384576077
   10      C      -1.6105870549    -1.7704067847    -0.4163460774
   11      H      -1.1880086894    -2.3455949628     0.3973372735
   12      C      -2.6577221351    -2.2813131268    -1.1641381225
   13      H      -3.0603593857    -3.2552873601    -0.9214901113
   14      C      -3.1762118500    -1.5572271829    -2.2287824207
   15      H      -3.9921520672    -1.9625800639    -2.8119268419
   16      C      -2.6445099665    -0.3144359575    -2.5490613506
   17      H      -3.0502256376     0.2538321109    -3.3749992039
   18      C      -1.5982734264     0.2081172478    -1.8103353447
   19      H      -1.1893295060     1.1799830448    -2.0545770198
   20      C       1.0843002482     0.5351308091    -0.7335310642
   21      C       1.5960069794    -0.1783702769    -1.8148463890
   22      H       1.1870187972    -1.1466183118    -2.0724961783
   23      C       2.6424984732     0.3545242447    -2.5454722605
   24      H       3.0499867309    -0.2029502102    -3.3779576651
   25      C       3.1724477603     1.5939547375    -2.2091386516
   26      H       3.9892915339     2.0067036364    -2.7856852078
   27      C       2.6495977317     2.3056471584    -1.1380740691
   28      H       3.0493416684     3.2776254065    -0.8833408156
   29      C       1.6025163385     1.7837693128    -0.3976941195
   30      H       1.1755960396     2.3493041073     0.4203923233
   31      C       0.0046784343     0.0904371324     4.1690431998
   32      C      -2.5149871072     0.1166593647     4.1976177290
   33      H      -3.3714355880     0.0993724826     3.5246504613
   34      H      -2.5734927539     1.0200280706     4.8062936173
   35      H      -2.5999401778    -0.7275447236     4.8835932124
   36      C       2.5234112424     0.0110049714     4.1929992683
   37      H       3.3756684750    -0.0468961250     3.5172656177
   38      H       2.5652775765    -0.8396043347     4.8744304206
   39      H       2.6310817030     0.9074835779     4.8055257955
   40      B       0.0023971835     0.2152943621     5.7460876990
   41      C      -0.0215119325    -1.0391670217     6.6119573389
   42      C      -0.0314849603    -2.3249099800     6.0304560284
   43      H      -0.0161655501    -2.4296369737     4.9485910676
   44      C      -0.0623313093    -3.4461853806     6.8179855602
   45      C      -0.0823563473    -3.3276661948     8.2396041483
   46      C      -0.0709012698    -2.0827524792     8.8231839405
   47      H      -0.0857922077    -1.9896893277     9.9038178746
   48      C      -0.0410406033    -0.9145950171     8.0352354453
   49      C      -0.0827111025    -4.8670639407     6.4762088233
   50      C      -0.0753953509    -5.5922549361     5.3097581453
   51      H      -0.0481678804    -5.1135885326     4.3380873876
   52      C      -0.1149460968    -5.5638011613     7.7007671814
   53      C      -0.1406140724    -6.9524647413     7.8072806136
   54      C      -0.1151642678    -4.6781051432     8.7988116471
   55      C      -0.1416556624    -5.2150268520    10.0621675524
   56      H      -0.1434422216    -4.5907279088    10.9467529121
   57      C      -0.1024230027    -7.0037192490     5.3887625758
   58      H      -0.0967625442    -7.5738226900     4.4679149636
   59      C      -0.1338381658    -7.6761118559     6.5892770851
   60      H      -0.1532152687    -8.7593361331     6.6012742644
   61      C      -0.1680445671    -6.6227216907    10.2011679917
   62      H      -0.1891747714    -7.0415552779    11.1992239658
   63      C      -0.1678506748    -7.4770101093     9.1223220696
   64      H      -0.1879011147    -8.5489264449     9.2781411077
   65      C       0.0064008707     1.6025063973     6.3854293420
   66      C       0.0230288156     2.7656744033     5.5886318386
   67      H       0.0378313949     2.6763752980     4.5056992441
   68      C       0.0184760297     4.0087597621     6.1653981756
   69      C       0.0001038262     4.1469433774     7.5846627201
   70      C      -0.0169184305     3.0224640904     8.3784855830
   71      H      -0.0339364422     3.1187905673     9.4593362799
   72      C      -0.0143581618     1.7325942901     7.8090037103
   73      C       0.0253738933     5.3406180020     5.5724355288
   74      C       0.0358189720     5.8330686738     4.2909769641
   75      H       0.0423877528     5.1789757048     3.4270367339
   76      C       0.0148118863     6.2500202063     6.6487579178
   77      C       0.0158366251     7.6333592542     6.4968419848
   78      C       0.0000123718     5.5773553711     7.8895316694
   79      C      -0.0126193352     6.3358229055     9.0332938526
   80      H      -0.0251497194     5.8828026215    10.0166466193
   81      C       0.0369748138     7.2344691124     4.1082537254
   82      H       0.0446817479     7.6258238864     3.0985025674
   83      C       0.0277053178     8.1170217415     5.1649043612
   84      H       0.0284022575     9.1837238748     4.9760685493
   85      C      -0.0093555837     7.7455882485     8.9114465051
   86      H      -0.0182851801     8.3392091754     9.8166902738
   87      C       0.0034856420     8.3891441060     7.6946906587
   88      H       0.0046119913     9.4715421256     7.6540580300
   89      B      -0.0347062661     0.4759689618     8.6965583919
   90      C      -0.0486453614     0.5823057437    10.2743216193
   91      C      -1.2587575189     0.5810740263    10.9790868244
   92      C      -1.2641161478     0.6104564380    12.3685778659
   93      H      -2.2075467274     0.5893086861    12.9023938174
   94      C      -0.0728434736     0.6692555217    13.0790492146
   95      C       1.1312946857     0.6928830152    12.3867882806
   96      H       2.0637116004     0.7439015446    12.9375377614
   97      C       1.1497162491     0.6359050098    10.9983880398
   98      N      -0.0848619323     0.6973243387    14.4924134365
   99      C       0.6946603384    -0.2225249750    15.2044296865
  100      C       1.2784484170     0.1281647382    16.4232263739
  101      H       1.1281483848     1.1220964079    16.8246631087
  102      C       2.0523125397    -0.7874797857    17.1167151810
  103      H       2.4965178639    -0.4964819323    18.0600735659
  104      C       2.2793235857    -2.0574050417    16.6041403965
  105      H       2.8933307424    -2.7659289407    17.1439726023
  106      C       1.7097297383    -2.4038610107    15.3869838782
  107      H       1.8725136024    -3.3907444303    14.9725149451
  108      C       0.9171242361    -1.5034488407    14.6952665641
  109      H       0.4709424885    -1.7925693039    13.7525679456
  110      C      -0.9796726665     1.5571452090    15.1446458453
  111      C      -1.7085493758     1.1348361368    16.2567275430
  112      H      -1.5772037435     0.1298504737    16.6366083533
  113      C      -2.6091382969     1.9918695216    16.8690137618
  114      H      -3.1689008734     1.6442557502    17.7279711619
  115      C      -2.8149308826     3.2729074228    16.3770843562
  116      H      -3.5276209866     3.9346996082    16.8509706859
  117      C      -2.0969489626     3.6920281135    15.2651890803
  118      H      -2.2435586519     4.6884536478    14.8681246231
  119      C      -1.1810332341     2.8499597854    14.6581405548
  120      H      -0.6253878719     3.1883303074    13.7928436420
  121      C       2.4620842767     0.6363862681    10.2648043390
  122      H       3.3085651095     0.6970887859    10.9487844006
  123      H       2.5291024538     1.4769563326     9.5713259591
  124      H       2.5795036917    -0.2710357309     9.6681632066
  125      C      -2.5613564375     0.5195163114    10.2296161048
  126      H      -3.4166133189     0.5573878281    10.9041633177
  127      H      -2.6533061707     1.3497910427     9.5266046601
  128      H      -2.6392958643    -0.3977676299     9.6420452350
 ----------------------------------------------------------------
 Nuclear Repulsion Energy = 10760.2599374060 hartrees
 There are      254 alpha and      254 beta electrons
 Requested basis set is def2-mSVP
 There are 636 shells and 1244 basis functions

 Total QAlloc Memory Limit   8000 MB
 Mega-Array Size      1001 MB
 MEM_STATIC part      1024 MB
 Discretize the solute cavity surface with Lebedev spheres
	Using 302 Lebedev grid points for each H atom
	Using 302 Lebedev grid points for other atoms
	Atomic van der Waals radii will be scaled by 1.20
 Remove points where switching function is < 1.0e-08
 Keep 13522 surface tesserae and discard 25134 interior tesserae
 Molecular Surface Area = 1019.162 Angst**2
 A cutoff of  1.0D-12 yielded  58405 shell pairs
 There are    231949 function pairs (    255722 Cartesian)
 
 -------------------------------------------------------
 OpenMP Integral Computing Module                       
 Release: version 1.0, May 2013, Q-Chem Inc. Pittsburgh 
 -------------------------------------------------------
 Integral Job Info:
 Integral job number is                      11
 Integral operator is                         1
 short-range coefficients                     0
 long-range coefficients              100000000
 Omega coefficients                           0
 if combine SR and LR in K                    0
 Integral screening is                        0
 Integral computing path is                   2
 max size of driver memory is            800000
 size of driver memory is                593474
 size of scratch memory is              1809772
 max col of scratch BK array               1296
 max len of scratch array in speh3          155
 max len of scratch index in speh4           18
 max int batch size is                      520
 min int batch size is                       52
 fixed nKL is                                52
 max L of basis functions is                  2
 order of int derivative is                   0
 number of shells is                        636
 number of basis is                        1320
 number of cartesian basis is              1320
 number of contracted shell pairs         58405
 number of primitive shell pairs         122393
 maxK2 (contraction) of shell pair           25
 max number of K2 of shell pair               1
 max number of CS2 of shell pair          13928
 max number of PS2 of shell pair          21705
 mem total for path MDJ                  602152
 -------------------------------------------------------
 Smallest overlap matrix eigenvalue = 1.98E-04

 Scale SEOQF with 1.000000e-01/1.000000e-02/1.000000e-03

 Standard Electronic Orientation quadrupole field applied
 Nucleus-field energy     =     0.0000000436 hartrees
 Guess from superposition of atomic densities
 Warning:  Energy on first SCF cycle will be non-variational
 An unrestricted hybrid HF-DFT SCF calculation will be
 performed using Pulay DIIS extrapolation
 Polarizable Continuum solvation model will be applied
 Exchange:     0.4200 Hartree-Fock + 0.5800 PBEh-3c
 Correlation:  1.0000 PBEh-3c
 Using SG-1 standard quadrature grid
 Dispersion:   Grimme D3
 SCF converges when DIIS error is below 1.0E-09
 using 8 threads for integral computing
 -------------------------------------------------------
 OpenMP Integral computing Module                
 Release: version 1.0, May 2013, Q-Chem Inc. Pittsburgh 
 -------------------------------------------------------
 ---------------------------------------
  Cycle       Energy         DIIS Error
 ---------------------------------------
    1   -2953.9760318650      2.40E-02
 Using non-symmetric K matrix
 Warning: not using a symmetric Q
    2   -2927.2851864243      1.64E-03
    3   -2927.4955252856      1.39E-03
    4   -2927.8361450303      4.89E-04
    5   -2927.8829739312      1.43E-04
    6   -2927.8870944856      3.95E-05
    7   -2927.8873770963      1.29E-05
    8   -2927.8874119075      3.66E-06
    9   -2927.8874146295      1.19E-06
   10   -2927.8874150425      3.58E-07
   11   -2927.8874150374      1.35E-07
   12   -2927.8874150368      4.97E-08
   13   -2927.8874150416      1.76E-08
   14   -2927.8874150402      7.48E-09
   15   -2927.8874150387      3.17E-09
   16   -2927.8874150363      1.10E-09
   17   -2927.8874150373      3.88E-10 Convergence criterion met
 ---------------------------------------

************** Final PCM Free Energy Summary **************
 G_electrostatic  =      -0.02857147 hartree =     -17.92886964 kcal/mol
 G_cavitation     =       0.00000000 hartree =       0.00000000 kcal/mol
 G_dispersion     =       0.00000000 hartree =       0.00000000 kcal/mol
 G_repulsion      =       0.00000000 hartree =       0.00000000 kcal/mol
 --------------------------------------------------
 Non-electrostatic Free Energy =       0.00000000 hartree =       0.00000000 kcal/mol
 Total                         =      -0.02857147 hartree =     -17.92886964 kcal/mol
 --------------------------------------------------
 SCF Energy (H0 + V/2)                       =   -2927.88741504 
 Solute Internal Energy (H0)                 =   -2927.85884356 
 Total Free Energy (H0 + V/2 + non-elec)     =   -2927.88741504 hartree
                                             = -1837277.08295759 kcal/mol
***********************************************************

 <S^2> = 0.0000
 SCF time:  CPU 11100.96 s  wall 3464.67 s
 SCF   energy in the final basis set = -2927.88741504
 Total energy in the final basis set = -2927.88741504
 
 --------------------------------------------------------------
 
                    Orbital Energies (a.u.)
 --------------------------------------------------------------
 
 Alpha MOs
 -- Occupied --
-14.670 -14.670 -10.492 -10.491 -10.491 -10.491 -10.486 -10.484
-10.466 -10.466 -10.465 -10.465 -10.465 -10.465 -10.465 -10.465
-10.465 -10.464 -10.463 -10.463 -10.462 -10.462 -10.462 -10.461
-10.461 -10.461 -10.458 -10.458 -10.458 -10.458 -10.456 -10.456
-10.455 -10.454 -10.454 -10.454 -10.450 -10.450 -10.449 -10.449
-10.449 -10.449 -10.449 -10.449 -10.448 -10.447 -10.447 -10.447
-10.447 -10.447 -10.447 -10.447 -10.445 -10.445 -10.444 -10.444
-10.444 -10.443 -10.442 -10.441 -10.437 -10.437 -10.437 -10.437
-10.435 -10.435 -10.430 -10.430 -10.426 -10.426 -10.423 -10.423
-10.423 -10.416  -6.949  -6.942  -1.086  -1.081  -1.016  -1.016
 -0.964  -0.963  -0.960  -0.960  -0.959  -0.958  -0.939  -0.938
 -0.933  -0.933  -0.909  -0.900  -0.873  -0.873  -0.863  -0.858
 -0.856  -0.854  -0.851  -0.851  -0.847  -0.846  -0.841  -0.840
 -0.838  -0.836  -0.824  -0.814  -0.812  -0.804  -0.800  -0.799
 -0.768  -0.764  -0.762  -0.762  -0.736  -0.730  -0.727  -0.721
 -0.710  -0.708  -0.704  -0.703  -0.689  -0.685  -0.683  -0.680
 -0.679  -0.677  -0.669  -0.667  -0.648  -0.646  -0.644  -0.639
 -0.639  -0.638  -0.606  -0.604  -0.596  -0.594  -0.591  -0.588
 -0.587  -0.586  -0.583  -0.576  -0.575  -0.562  -0.561  -0.551
 -0.551  -0.544  -0.543  -0.541  -0.539  -0.536  -0.527  -0.524
 -0.523  -0.520  -0.517  -0.513  -0.509  -0.508  -0.504  -0.500
 -0.498  -0.496  -0.495  -0.494  -0.493  -0.490  -0.488  -0.486
 -0.486  -0.485  -0.484  -0.482  -0.481  -0.481  -0.479  -0.476
 -0.471  -0.470  -0.467  -0.465  -0.465  -0.464  -0.461  -0.461
 -0.460  -0.454  -0.444  -0.442  -0.440  -0.439  -0.439  -0.437
 -0.433  -0.429  -0.428  -0.426  -0.424  -0.424  -0.422  -0.421
 -0.419  -0.415  -0.411  -0.410  -0.407  -0.404  -0.401  -0.400
 -0.400  -0.397  -0.396  -0.396  -0.395  -0.393  -0.391  -0.391
 -0.386  -0.380  -0.379  -0.369  -0.360  -0.360  -0.354  -0.352
 -0.346  -0.338  -0.322  -0.316  -0.309  -0.303  -0.301  -0.300
 -0.298  -0.296  -0.296  -0.295  -0.286  -0.283  -0.282  -0.276
 -0.276  -0.263  -0.257  -0.256  -0.222  -0.214
 -- Virtual --
 -0.097  -0.061  -0.037  -0.032  -0.005   0.001   0.004   0.005
  0.006   0.006   0.006   0.007   0.015   0.025   0.027   0.034
  0.040   0.042   0.055   0.055   0.070   0.082   0.088   0.091
  0.122   0.129   0.143   0.144   0.149   0.150   0.151   0.153
  0.156   0.161   0.165   0.165   0.167   0.167   0.170   0.172
  0.176   0.183   0.184   0.185   0.187   0.189   0.190   0.194
  0.200   0.201   0.202   0.204   0.205   0.206   0.206   0.208
  0.208   0.209   0.210   0.214   0.215   0.215   0.216   0.217
  0.218   0.221   0.222   0.226   0.227   0.228   0.230   0.232
  0.234   0.237   0.238   0.239   0.240   0.240   0.241   0.241
  0.242   0.244   0.245   0.249   0.251   0.252   0.254   0.255
  0.256   0.257   0.259   0.261   0.263   0.270   0.271   0.277
  0.278   0.281   0.285   0.288   0.291   0.292   0.293   0.297
  0.300   0.301   0.304   0.309   0.310   0.311   0.313   0.316
  0.318   0.323   0.324   0.324   0.327   0.329   0.331   0.333
  0.334   0.335   0.336   0.336   0.337   0.342   0.348   0.351
  0.356   0.359   0.364   0.369   0.372   0.377   0.379   0.381
  0.390   0.391   0.401   0.404   0.405   0.411   0.416   0.420
  0.423   0.425   0.437   0.439   0.442   0.446   0.448   0.451
  0.452   0.456   0.457   0.458   0.462   0.465   0.466   0.469
  0.472   0.484   0.485   0.489   0.491   0.491   0.498   0.503
  0.512   0.513   0.516   0.522   0.523   0.524   0.525   0.526
  0.527   0.529   0.530   0.533   0.533   0.534   0.535   0.538
  0.539   0.540   0.543   0.547   0.548   0.548   0.555   0.558
  0.558   0.561   0.562   0.562   0.562   0.566   0.566   0.570
  0.570   0.572   0.577   0.578   0.579   0.581   0.582   0.582
  0.583   0.584   0.585   0.587   0.589   0.593   0.594   0.595
  0.596   0.597   0.598   0.599   0.601   0.603   0.603   0.605
  0.607   0.607   0.610   0.612   0.615   0.616   0.617   0.617
  0.618   0.618   0.619   0.620   0.622   0.624   0.624   0.625
  0.626   0.628   0.629   0.630   0.630   0.631   0.634   0.637
  0.643   0.645   0.646   0.647   0.647   0.651   0.652   0.653
  0.654   0.654   0.657   0.658   0.660   0.661   0.661   0.663
  0.667   0.669   0.672   0.675   0.677   0.680   0.682   0.689
  0.689   0.691   0.692   0.694   0.697   0.698   0.699   0.701
  0.703   0.704   0.705   0.706   0.708   0.710   0.713   0.715
  0.718   0.722   0.726   0.727   0.732   0.732   0.736   0.744
  0.749   0.752   0.753   0.757   0.759   0.759   0.763   0.763
  0.768   0.772   0.773   0.777   0.779   0.780   0.787   0.789
  0.792   0.795   0.796   0.799   0.803   0.807   0.808   0.811
  0.820   0.824   0.828   0.831   0.833   0.834   0.839   0.845
  0.850   0.853   0.860   0.861   0.866   0.873   0.878   0.886
  0.887   0.904   0.906   0.907   0.912   0.915   0.916   0.916
  0.919   0.926   0.929   0.940   0.944   0.945   0.947   0.947
  0.949   0.950   0.951   0.954   0.956   0.958   0.959   0.960
  0.960   0.963   0.964   0.965   0.970   0.971   0.973   0.975
  0.976   0.978   0.979   0.985   0.989   0.990   0.991   0.993
  0.996   0.999   0.999   1.004   1.005   1.008   1.008   1.014
  1.015   1.017   1.020   1.021   1.027   1.031   1.032   1.035
  1.037   1.040   1.041   1.042   1.044   1.049   1.052   1.054
  1.056   1.057   1.059   1.063   1.065   1.068   1.071   1.073
  1.075   1.075   1.076   1.078   1.079   1.081   1.084   1.087
  1.090   1.094   1.094   1.095   1.101   1.103   1.107   1.108
  1.110   1.113   1.116   1.119   1.127   1.127   1.132   1.134
  1.137   1.143   1.144   1.145   1.150   1.150   1.151   1.155
  1.161   1.162   1.166   1.167   1.171   1.172   1.178   1.182
  1.188   1.189   1.192   1.195   1.199   1.202   1.204   1.206
  1.208   1.211   1.219   1.219   1.222   1.235   1.242   1.248
  1.251   1.253   1.254   1.257   1.259   1.264   1.266   1.273
  1.275   1.279   1.283   1.286   1.287   1.291   1.294   1.297
  1.299   1.299   1.302   1.307   1.311   1.314   1.315   1.318
  1.319   1.321   1.327   1.332   1.338   1.343   1.345   1.346
  1.353   1.353   1.356   1.362   1.366   1.367   1.369   1.371
  1.374   1.375   1.386   1.389   1.396   1.399   1.409   1.409
  1.410   1.415   1.425   1.432   1.439   1.440   1.440   1.440
  1.442   1.452   1.453   1.458   1.468   1.471   1.474   1.480
  1.481   1.492   1.498   1.504   1.508   1.511   1.512   1.512
  1.514   1.516   1.518   1.518   1.522   1.524   1.525   1.531
  1.532   1.534   1.539   1.541   1.545   1.546   1.547   1.548
  1.550   1.554   1.555   1.556   1.557   1.557   1.561   1.562
  1.567   1.569   1.570   1.572   1.573   1.576   1.578   1.583
  1.586   1.589   1.594   1.596   1.600   1.601   1.602   1.610
  1.615   1.627   1.638   1.650   1.656   1.658   1.660   1.677
  1.691   1.696   1.704   1.706   1.739   1.740   1.744   1.749
  1.751   1.761   1.775   1.778   1.780   1.791   1.794   1.806
  1.806   1.806   1.809   1.812   1.812   1.814   1.822   1.825
  1.829   1.842   1.846   1.850   1.856   1.857   1.859   1.863
  1.875   1.880   1.890   1.892   1.893   1.897   1.897   1.899
  1.902   1.904   1.913   1.917   1.917   1.918   1.922   1.928
  1.935   1.936   1.939   1.944   1.947   1.949   1.952   1.957
  1.963   1.970   1.976   1.982   1.982   1.984   1.987   1.990
  1.994   1.995   2.003   2.007   2.012   2.014   2.017   2.025
  2.030   2.033   2.036   2.037   2.040   2.045   2.049   2.060
  2.063   2.068   2.069   2.071   2.071   2.072   2.076   2.082
  2.083   2.091   2.103   2.104   2.109   2.110   2.120   2.137
  2.140   2.145   2.147   2.150   2.151   2.152   2.154   2.157
  2.160   2.168   2.170   2.179   2.181   2.190   2.193   2.195
  2.197   2.199   2.200   2.201   2.202   2.207   2.209   2.211
  2.214   2.221   2.224   2.225   2.227   2.230   2.230   2.231
  2.239   2.240   2.242   2.243   2.249   2.253   2.256   2.259
  2.263   2.268   2.270   2.272   2.277   2.278   2.280   2.283
  2.286   2.286   2.290   2.296   2.297   2.303   2.310   2.316
  2.320   2.321   2.321   2.339   2.340   2.345   2.348   2.351
  2.354   2.357   2.358   2.362   2.366   2.366   2.370   2.372
  2.377   2.378   2.382   2.385   2.386   2.388   2.388   2.391
  2.394   2.396   2.402   2.406   2.407   2.411   2.415   2.419
  2.423   2.430   2.432   2.438   2.440   2.445   2.451   2.454
  2.455   2.461   2.465   2.474   2.477   2.479   2.485   2.490
  2.496   2.497   2.499   2.509   2.510   2.521   2.526   2.534
  2.565   2.566   2.572   2.577   2.604   2.607   2.617   2.624
  2.632   2.635   2.639   2.639   2.642   2.643   2.648   2.655
  2.664   2.668   2.679   2.680   2.685   2.688   2.690   2.691
  2.707   2.724   2.726   2.730   2.730   2.732   2.736   2.737
  2.737   2.743   2.747   2.748   2.751   2.752   2.756   2.762
  2.773   2.778   2.782   2.784   2.785   2.786   2.788   2.789
  2.790   2.792   2.795   2.801   2.803   2.804   2.808   2.809
  2.812   2.817   2.819   2.821   2.821   2.827   2.841   2.847
  2.852   2.857   2.858   2.860   2.863   2.870   2.888   2.897
  2.899   2.900   2.902   2.906   2.917   2.925   2.930   2.931
  2.942   2.942   2.952   2.972   2.978   3.000   3.001   3.009
  3.012   3.015   3.026   3.030   3.050   3.056   3.070   3.077
  3.080   3.094   3.128   3.143   3.146   3.237   3.255   3.257
  3.301   3.322   3.329   3.359   3.400   3.439   3.450   3.480
  3.484   3.487   3.490   3.490   3.513   3.516   3.540   3.551
  3.663   3.673   9.599   9.745  13.141  13.175  13.247  13.248
 13.275  13.287  13.442  13.497  13.509  13.523  13.544  13.545
 13.666  13.675  13.680  13.683  13.704  13.711  13.711  13.720
 13.724  13.728  13.735  13.789  13.791  13.800  13.859  13.867
 13.893  13.900  13.915  13.929  13.954  14.001  14.014  14.023
 14.027  14.036  14.123  14.147  14.150  14.154  14.158  14.159
 14.160  14.176  14.177  14.178  14.184  14.193  14.208  14.212
 14.237  14.241  14.260  14.262  14.308  14.312  14.323  14.329
 14.509  14.513  14.556  14.561  14.574  14.578  14.579  14.580
 14.581  14.583  14.587  14.598  19.686  19.688
 
 Beta MOs
 -- Occupied --
-14.670 -14.670 -10.492 -10.491 -10.491 -10.491 -10.486 -10.484
-10.466 -10.466 -10.465 -10.465 -10.465 -10.465 -10.465 -10.465
-10.465 -10.464 -10.463 -10.463 -10.462 -10.462 -10.462 -10.461
-10.461 -10.461 -10.458 -10.458 -10.458 -10.458 -10.456 -10.456
-10.455 -10.454 -10.454 -10.454 -10.450 -10.450 -10.449 -10.449
-10.449 -10.449 -10.449 -10.449 -10.448 -10.447 -10.447 -10.447
-10.447 -10.447 -10.447 -10.447 -10.445 -10.445 -10.444 -10.444
-10.444 -10.443 -10.442 -10.441 -10.437 -10.437 -10.437 -10.437
-10.435 -10.435 -10.430 -10.430 -10.426 -10.426 -10.423 -10.423
-10.423 -10.416  -6.949  -6.942  -1.086  -1.081  -1.016  -1.016
 -0.964  -0.963  -0.960  -0.960  -0.959  -0.958  -0.939  -0.938
 -0.933  -0.933  -0.909  -0.900  -0.873  -0.873  -0.863  -0.858
 -0.856  -0.854  -0.851  -0.851  -0.847  -0.846  -0.841  -0.840
 -0.838  -0.836  -0.824  -0.814  -0.812  -0.804  -0.800  -0.799
 -0.768  -0.764  -0.762  -0.762  -0.736  -0.730  -0.727  -0.721
 -0.710  -0.708  -0.704  -0.703  -0.689  -0.685  -0.683  -0.680
 -0.679  -0.677  -0.669  -0.667  -0.648  -0.646  -0.644  -0.639
 -0.639  -0.638  -0.606  -0.604  -0.596  -0.594  -0.591  -0.588
 -0.587  -0.586  -0.583  -0.576  -0.575  -0.562  -0.561  -0.551
 -0.551  -0.544  -0.543  -0.541  -0.539  -0.536  -0.527  -0.524
 -0.523  -0.520  -0.517  -0.513  -0.509  -0.508  -0.504  -0.500
 -0.498  -0.496  -0.495  -0.494  -0.493  -0.490  -0.488  -0.486
 -0.486  -0.485  -0.484  -0.482  -0.481  -0.481  -0.479  -0.476
 -0.471  -0.470  -0.467  -0.465  -0.465  -0.464  -0.461  -0.461
 -0.460  -0.454  -0.444  -0.442  -0.440  -0.439  -0.439  -0.437
 -0.433  -0.429  -0.428  -0.426  -0.424  -0.424  -0.422  -0.421
 -0.419  -0.415  -0.411  -0.410  -0.407  -0.404  -0.401  -0.400
 -0.400  -0.397  -0.396  -0.396  -0.395  -0.393  -0.391  -0.391
 -0.386  -0.380  -0.379  -0.369  -0.360  -0.360  -0.354  -0.352
 -0.346  -0.338  -0.322  -0.316  -0.309  -0.303  -0.301  -0.300
 -0.298  -0.296  -0.296  -0.295  -0.286  -0.283  -0.282  -0.276
 -0.276  -0.263  -0.257  -0.256  -0.222  -0.214
 -- Virtual --
 -0.097  -0.061  -0.037  -0.032  -0.005   0.001   0.004   0.005
  0.006   0.006   0.006   0.007   0.015   0.025   0.027   0.034
  0.040   0.042   0.055   0.055   0.070   0.082   0.088   0.091
  0.122   0.129   0.143   0.144   0.149   0.150   0.151   0.153
  0.156   0.161   0.165   0.165   0.167   0.167   0.170   0.172
  0.176   0.183   0.184   0.185   0.187   0.189   0.190   0.194
  0.200   0.201   0.202   0.204   0.205   0.206   0.206   0.208
  0.208   0.209   0.210   0.214   0.215   0.215   0.216   0.217
  0.218   0.221   0.222   0.226   0.227   0.228   0.230   0.232
  0.234   0.237   0.238   0.239   0.240   0.240   0.241   0.241
  0.242   0.244   0.245   0.249   0.251   0.252   0.254   0.255
  0.256   0.257   0.259   0.261   0.263   0.270   0.271   0.277
  0.278   0.281   0.285   0.288   0.291   0.292   0.293   0.297
  0.300   0.301   0.304   0.309   0.310   0.311   0.313   0.316
  0.318   0.323   0.324   0.324   0.327   0.329   0.331   0.333
  0.334   0.335   0.336   0.336   0.337   0.342   0.348   0.351
  0.356   0.359   0.364   0.369   0.372   0.377   0.379   0.381
  0.390   0.391   0.401   0.404   0.405   0.411   0.416   0.420
  0.423   0.425   0.437   0.439   0.442   0.446   0.448   0.451
  0.452   0.456   0.457   0.458   0.462   0.465   0.466   0.469
  0.472   0.484   0.485   0.489   0.491   0.491   0.498   0.503
  0.512   0.513   0.516   0.522   0.523   0.524   0.525   0.526
  0.527   0.529   0.530   0.533   0.533   0.534   0.535   0.538
  0.539   0.540   0.543   0.547   0.548   0.548   0.555   0.558
  0.558   0.561   0.562   0.562   0.562   0.566   0.566   0.570
  0.570   0.572   0.577   0.578   0.579   0.581   0.582   0.582
  0.583   0.584   0.585   0.587   0.589   0.593   0.594   0.595
  0.596   0.597   0.598   0.599   0.601   0.603   0.603   0.605
  0.607   0.607   0.610   0.612   0.615   0.616   0.617   0.617
  0.618   0.618   0.619   0.620   0.622   0.624   0.624   0.625
  0.626   0.628   0.629   0.630   0.630   0.631   0.634   0.637
  0.643   0.645   0.646   0.647   0.647   0.651   0.652   0.653
  0.654   0.654   0.657   0.658   0.660   0.661   0.661   0.663
  0.667   0.669   0.672   0.675   0.677   0.680   0.682   0.689
  0.689   0.691   0.692   0.694   0.697   0.698   0.699   0.701
  0.703   0.704   0.705   0.706   0.708   0.710   0.713   0.715
  0.718   0.722   0.726   0.727   0.732   0.732   0.736   0.744
  0.749   0.752   0.753   0.757   0.759   0.759   0.763   0.763
  0.768   0.772   0.773   0.777   0.779   0.780   0.787   0.789
  0.792   0.795   0.796   0.799   0.803   0.807   0.808   0.811
  0.820   0.824   0.828   0.831   0.833   0.834   0.839   0.845
  0.850   0.853   0.860   0.861   0.866   0.873   0.878   0.886
  0.887   0.904   0.906   0.907   0.912   0.915   0.916   0.916
  0.919   0.926   0.929   0.940   0.944   0.945   0.947   0.947
  0.949   0.950   0.951   0.954   0.956   0.958   0.959   0.960
  0.960   0.963   0.964   0.965   0.970   0.971   0.973   0.975
  0.976   0.978   0.979   0.985   0.989   0.990   0.991   0.993
  0.996   0.999   0.999   1.004   1.005   1.008   1.008   1.014
  1.015   1.017   1.020   1.021   1.027   1.031   1.032   1.035
  1.037   1.040   1.041   1.042   1.044   1.049   1.052   1.054
  1.056   1.057   1.059   1.063   1.065   1.068   1.071   1.073
  1.075   1.075   1.076   1.078   1.079   1.081   1.084   1.087
  1.090   1.094   1.094   1.095   1.101   1.103   1.107   1.108
  1.110   1.113   1.116   1.119   1.127   1.127   1.132   1.134
  1.137   1.143   1.144   1.145   1.150   1.150   1.151   1.155
  1.161   1.162   1.166   1.167   1.171   1.172   1.178   1.182
  1.188   1.189   1.192   1.195   1.199   1.202   1.204   1.206
  1.208   1.211   1.219   1.219   1.222   1.235   1.242   1.248
  1.251   1.253   1.254   1.257   1.259   1.264   1.266   1.273
  1.275   1.279   1.283   1.286   1.287   1.291   1.294   1.297
  1.299   1.299   1.302   1.307   1.311   1.314   1.315   1.318
  1.319   1.321   1.327   1.332   1.338   1.343   1.345   1.346
  1.353   1.353   1.356   1.362   1.366   1.367   1.369   1.371
  1.374   1.375   1.386   1.389   1.396   1.399   1.409   1.409
  1.410   1.415   1.425   1.432   1.439   1.440   1.440   1.440
  1.442   1.452   1.453   1.458   1.468   1.471   1.474   1.480
  1.481   1.492   1.498   1.504   1.508   1.511   1.512   1.512
  1.514   1.516   1.518   1.518   1.522   1.524   1.525   1.531
  1.532   1.534   1.539   1.541   1.545   1.546   1.547   1.548
  1.550   1.554   1.555   1.556   1.557   1.557   1.561   1.562
  1.567   1.569   1.570   1.572   1.573   1.576   1.578   1.583
  1.586   1.589   1.594   1.596   1.600   1.601   1.602   1.610
  1.615   1.627   1.638   1.650   1.656   1.658   1.660   1.677
  1.691   1.696   1.704   1.706   1.739   1.740   1.744   1.749
  1.751   1.761   1.775   1.778   1.780   1.791   1.794   1.806
  1.806   1.806   1.809   1.812   1.812   1.814   1.822   1.825
  1.829   1.842   1.846   1.850   1.856   1.857   1.859   1.863
  1.875   1.880   1.890   1.892   1.893   1.897   1.897   1.899
  1.902   1.904   1.913   1.917   1.917   1.918   1.922   1.928
  1.935   1.936   1.939   1.944   1.947   1.949   1.952   1.957
  1.963   1.970   1.976   1.982   1.982   1.984   1.987   1.990
  1.994   1.995   2.003   2.007   2.012   2.014   2.017   2.025
  2.030   2.033   2.036   2.037   2.040   2.045   2.049   2.060
  2.063   2.068   2.069   2.071   2.071   2.072   2.076   2.082
  2.083   2.091   2.103   2.104   2.109   2.110   2.120   2.137
  2.140   2.145   2.147   2.150   2.151   2.152   2.154   2.157
  2.160   2.168   2.170   2.179   2.181   2.190   2.193   2.195
  2.197   2.199   2.200   2.201   2.202   2.207   2.209   2.211
  2.214   2.221   2.224   2.225   2.227   2.230   2.230   2.231
  2.239   2.240   2.242   2.243   2.249   2.253   2.256   2.259
  2.263   2.268   2.270   2.272   2.277   2.278   2.280   2.283
  2.286   2.286   2.290   2.296   2.297   2.303   2.310   2.316
  2.320   2.321   2.321   2.339   2.340   2.345   2.348   2.351
  2.354   2.357   2.358   2.362   2.366   2.366   2.370   2.372
  2.377   2.378   2.382   2.385   2.386   2.388   2.388   2.391
  2.394   2.396   2.402   2.406   2.407   2.411   2.415   2.419
  2.423   2.430   2.432   2.438   2.440   2.445   2.451   2.454
  2.455   2.461   2.465   2.474   2.477   2.479   2.485   2.490
  2.496   2.497   2.499   2.509   2.510   2.521   2.526   2.534
  2.565   2.566   2.572   2.577   2.604   2.607   2.617   2.624
  2.632   2.635   2.639   2.639   2.642   2.643   2.648   2.655
  2.664   2.668   2.679   2.680   2.685   2.688   2.690   2.691
  2.707   2.724   2.726   2.730   2.730   2.732   2.736   2.737
  2.737   2.743   2.747   2.748   2.751   2.752   2.756   2.762
  2.773   2.778   2.782   2.784   2.785   2.786   2.788   2.789
  2.790   2.792   2.795   2.801   2.803   2.804   2.808   2.809
  2.812   2.817   2.819   2.821   2.821   2.827   2.841   2.847
  2.852   2.857   2.858   2.860   2.863   2.870   2.888   2.897
  2.899   2.900   2.902   2.906   2.917   2.925   2.930   2.931
  2.942   2.942   2.952   2.972   2.978   3.000   3.001   3.009
  3.012   3.015   3.026   3.030   3.050   3.056   3.070   3.077
  3.080   3.094   3.128   3.143   3.146   3.237   3.255   3.257
  3.301   3.322   3.329   3.359   3.400   3.439   3.450   3.480
  3.484   3.487   3.490   3.490   3.513   3.516   3.540   3.551
  3.663   3.673   9.599   9.745  13.141  13.175  13.247  13.248
 13.275  13.287  13.442  13.497  13.509  13.523  13.544  13.545
 13.666  13.675  13.680  13.683  13.704  13.711  13.711  13.720
 13.724  13.728  13.735  13.789  13.791  13.800  13.859  13.867
 13.893  13.900  13.915  13.929  13.954  14.001  14.014  14.023
 14.027  14.036  14.123  14.147  14.150  14.154  14.158  14.159
 14.160  14.176  14.177  14.178  14.184  14.193  14.208  14.212
 14.237  14.241  14.260  14.262  14.308  14.312  14.323  14.329
 14.509  14.513  14.556  14.561  14.574  14.578  14.579  14.580
 14.581  14.583  14.587  14.598  19.686  19.688
 --------------------------------------------------------------
 
          Ground-State Mulliken Net Atomic Charges

     Atom                 Charge (a.u.)    Spin (a.u.)
  --------------------------------------------------------
      1 N                    -0.658420      -0.000000
      2 C                     0.331106      -0.000000
      3 C                    -0.402730       0.000000
      4 H                     0.251387       0.000000
      5 C                     0.066800      -0.000000
      6 C                    -0.403995       0.000000
      7 H                     0.251289       0.000000
      8 C                     0.065051      -0.000000
      9 C                     0.263691      -0.000000
     10 C                    -0.272731      -0.000000
     11 H                     0.260998      -0.000000
     12 C                    -0.239916      -0.000000
     13 H                     0.244488       0.000000
     14 C                    -0.255126       0.000000
     15 H                     0.240677       0.000000
     16 C                    -0.238586      -0.000000
     17 H                     0.244642      -0.000000
     18 C                    -0.280573       0.000000
     19 H                     0.258722       0.000000
     20 C                     0.261293       0.000000
     21 C                    -0.280116      -0.000000
     22 H                     0.259004      -0.000000
     23 C                    -0.238784       0.000000
     24 H                     0.244642       0.000000
     25 C                    -0.255090      -0.000000
     26 H                     0.240658       0.000000
     27 C                    -0.239935       0.000000
     28 H                     0.244330      -0.000000
     29 C                    -0.270553      -0.000000
     30 H                     0.259999      -0.000000
     31 C                    -0.250305      -0.000000
     32 C                    -0.769323      -0.000000
     33 H                     0.247974       0.000000
     34 H                     0.247969       0.000000
     35 H                     0.246654       0.000000
     36 C                    -0.768018       0.000000
     37 H                     0.247702      -0.000000
     38 H                     0.246829       0.000000
     39 H                     0.246520       0.000000
     40 B                     0.676761       0.000000
     41 C                    -0.149611       0.000000
     42 C                    -0.393507      -0.000000
     43 H                     0.243367      -0.000000
     44 C                     0.083812      -0.000000
     45 C                     0.101540       0.000000
     46 C                    -0.397481      -0.000000
     47 H                     0.242068       0.000000
     48 C                    -0.153379      -0.000000
     49 C                     0.186000       0.000000
     50 C                    -0.388288       0.000000
     51 H                     0.245398       0.000000
     52 C                    -0.067491       0.000000
     53 C                     0.227785      -0.000000
     54 C                     0.183317      -0.000000
     55 C                    -0.390958       0.000000
     56 H                     0.243832      -0.000000
     57 C                    -0.226393      -0.000000
     58 H                     0.251463      -0.000000
     59 C                    -0.343533       0.000000
     60 H                     0.247998       0.000000
     61 C                    -0.225944      -0.000000
     62 H                     0.250849       0.000000
     63 C                    -0.345403      -0.000000
     64 H                     0.248338      -0.000000
     65 C                    -0.149190       0.000000
     66 C                    -0.390586      -0.000000
     67 H                     0.244481      -0.000000
     68 C                     0.084765       0.000000
     69 C                     0.103448       0.000000
     70 C                    -0.402381       0.000000
     71 H                     0.240536      -0.000000
     72 C                    -0.153736       0.000000
     73 C                     0.183721       0.000000
     74 C                    -0.385757      -0.000000
     75 H                     0.245061      -0.000000
     76 C                    -0.067115      -0.000000
     77 C                     0.229391      -0.000000
     78 C                     0.182606      -0.000000
     79 C                    -0.392205      -0.000000
     80 H                     0.244855       0.000000
     81 C                    -0.227447       0.000000
     82 H                     0.251312       0.000000
     83 C                    -0.343843       0.000000
     84 H                     0.247945       0.000000
     85 C                    -0.225325      -0.000000
     86 H                     0.250997      -0.000000
     87 C                    -0.346571       0.000000
     88 H                     0.248252       0.000000
     89 B                     0.695760      -0.000000
     90 C                    -0.216354       0.000000
     91 C                     0.044860      -0.000000
     92 C                    -0.360775       0.000000
     93 H                     0.245754       0.000000
     94 C                     0.281091      -0.000000
     95 C                    -0.359824       0.000000
     96 H                     0.245556      -0.000000
     97 C                     0.044335       0.000000
     98 N                    -0.671682       0.000000
     99 C                     0.308521       0.000000
    100 C                    -0.297758      -0.000000
    101 H                     0.259030      -0.000000
    102 C                    -0.235411       0.000000
    103 H                     0.241994      -0.000000
    104 C                    -0.263662       0.000000
    105 H                     0.238554       0.000000
    106 C                    -0.233760      -0.000000
    107 H                     0.240499       0.000000
    108 C                    -0.301486       0.000000
    109 H                     0.255395       0.000000
    110 C                     0.299218      -0.000000
    111 C                    -0.298101       0.000000
    112 H                     0.258833      -0.000000
    113 C                    -0.236029      -0.000000
    114 H                     0.242405       0.000000
    115 C                    -0.262106       0.000000
    116 H                     0.239205       0.000000
    117 C                    -0.234014      -0.000000
    118 H                     0.241349      -0.000000
    119 C                    -0.293817       0.000000
    120 H                     0.255555       0.000000
    121 C                    -0.770195      -0.000000
    122 H                     0.250520      -0.000000
    123 H                     0.248411      -0.000000
    124 H                     0.248535      -0.000000
    125 C                    -0.769719       0.000000
    126 H                     0.250548      -0.000000
    127 H                     0.248356      -0.000000
    128 H                     0.248433       0.000000
  --------------------------------------------------------
  Sum of atomic charges =    -0.000000
  Sum of spin   charges =     0.000000

 -----------------------------------------------------------------
                    Cartesian Multipole Moments
 -----------------------------------------------------------------
    Charge (ESU x 10^10)
                -0.0000
    Dipole Moment (Debye)
         X      -0.1897      Y      -0.0209      Z      -1.8375
       Tot       1.8473
    Quadrupole Moments (Debye-Ang)
        XX    -433.3545     XY       1.8470     YY    -354.4829
        XZ      -3.2669     YZ      -4.6561     ZZ    -415.1148
    Octopole Moments (Debye-Ang^2)
       XXX      71.6550    XXY    -142.4960    XYY      11.6396
       YYY    -354.4524    XXZ   -3154.9840    XYZ     -76.3224
       YYZ   -2558.6083    XZZ     -26.6337    YZZ    -208.6110
       ZZZ   -8838.9394
    Hexadecapole Moments (Debye-Ang^3)
      XXXX   -5688.8722   XXXY      72.0365   XXYY   -7442.9409
      XYYY      48.3419   YYYY  -28302.9076   XXXZ     855.0396
      XXYZ    -972.3413   XYYZ     139.4451   YYYZ   -3022.9484
      XXZZ  -35853.8488   XYZZ   -1284.2880   YYZZ  -36091.5549
      XZZZ     189.0116   YZZZ   -4304.0762   ZZZZ -202701.9789
 -----------------------------------------------------------------
Archival summary:
1\1\ctcp030\SP\ProcedureUnspecified\BasisUnspecified\272252\mewes\ThuOct2503:14:122018ThuOct2503:14:122018\0\\#,ProcedureUnspecified,BasisUnspecified,\\0,1\N\C,1,1.36442\C,2,1.41215,1,120.174\H,3,1.08255,2,119.58,1,-4.22397,0\C,3,1.37256,2,120.391,1,178.296,0\C,2,1.41229,1,120.325,3,179.434,0\H,6,1.08267,2,119.631,1,-1.4981,0\C,6,1.37267,2,120.362,1,-177.671,0\C,1,1.41407,2,121.481,3,154.435,0\C,9,1.39266,1,119.887,2,-48.3371,0\H,10,1.08236,9,120.286,1,0.023081,0\C,10,1.38445,9,119.353,1,-178.677,0\H,12,1.08149,10,119.521,9,179.5,0\C,12,1.38802,10,120.286,9,0.34028,0\H,14,1.08172,12,119.985,10,179.789,0\C,14,1.38918,12,120.037,10,0.033098,0\H,16,1.08153,14,120.169,12,-179.685,0\C,16,1.38325,14,120.287,12,-0.038163,0\H,18,1.08232,16,120.297,14,-179.49,0\C,1,1.41426,2,121.243,3,-26.2676,0\C,20,1.3929,1,119.372,2,134.466,0\H,21,1.0822,20,120.284,1,-1.82929,0\C,21,1.38309,20,119.386,1,178.98,0\H,23,1.0816,21,119.542,20,179.237,0\C,23,1.3893,21,120.296,20,-0.41723,0\H,25,1.08167,23,119.963,21,-179.853,0\C,25,1.38818,23,120.032,21,-0.186459,0\H,27,1.0814,25,120.22,23,-179.027,0\C,27,1.38452,25,120.278,23,0.219739,0\H,29,1.08229,27,120.369,25,-178.298,0\C,5,1.42043,3,120.413,2,-0.858991,0\C,8,1.4968,6,120.101,2,178.055,0\H,32,1.08935,8,111.765,6,0.772424,0\H,32,1.09086,8,110.891,6,-120.307,0\H,32,1.09108,8,110.64,6,121.618,0\C,5,1.49692,3,120.111,2,178.938,0\H,36,1.08918,5,111.682,3,-0.673941,0\H,36,1.09071,5,110.948,3,-121.769,0\H,36,1.09108,5,110.626,3,120.094,0\B,31,1.58198,5,120.766,3,-176.454,0\C,40,1.52446,31,120.085,5,-91.0839,0\C,41,1.41116,40,121.052,31,0.493568,0\H,42,1.08703,41,119.854,40,0.358372,0\C,42,1.37055,41,120.583,40,-179.546,0\C,44,1.42669,42,120.326,41,-0.114419,0\C,45,1.37496,44,119.869,42,0.011193,0\H,46,1.08474,45,120.026,44,-179.983,0\C,46,1.40938,45,120.887,44,0.072558,0\C,44,1.46155,42,131.399,41,179.78,0\C,49,1.37352,44,135.382,42,0.229444,0\H,50,1.08352,49,121.902,44,0.059257,0\C,49,1.40926,44,106.127,42,-179.881,0\C,52,1.39298,49,124.037,44,-179.936,0\C,52,1.41073,49,111.466,44,-0.053112,0\C,54,1.37297,52,118.079,49,-179.843,0\H,55,1.0827,54,121.758,52,-179.993,0\C,50,1.41393,49,118.653,44,179.968,0\H,57,1.08306,50,118.546,49,179.99,0\C,57,1.37635,50,122.47,49,-0.093064,0\H,59,1.08346,57,119.9,50,-179.964,0\C,55,1.41479,54,118.677,52,-0.033711,0\H,61,1.08258,55,118.417,54,-179.982,0\C,61,1.37612,55,122.728,54,0.020886,0\H,63,1.08337,61,120.097,55,179.955,0\C,40,1.52746,31,119.271,5,89.6883,0\C,65,1.41001,40,120.843,31,-0.518427,0\H,66,1.08671,65,119.703,40,-0.28453,0\C,66,1.37038,65,120.692,40,179.606,0\C,68,1.42609,66,120.451,65,0.154415,0\C,69,1.37655,68,119.664,66,-0.181839,0\H,70,1.08527,69,120.133,68,-179.818,0\C,70,1.40999,69,120.954,68,0.10035,0\C,68,1.45791,66,131.108,65,-179.627,0\C,73,1.37286,68,135.021,66,0.143767,0\H,74,1.08364,73,121.851,68,-0.08534,0\C,73,1.40911,68,106.193,66,179.963,0\C,76,1.39166,73,123.927,68,-179.933,0\C,76,1.41146,73,111.344,68,-0.070186,0\C,78,1.37245,76,117.99,73,-179.948,0\H,79,1.08276,78,121.719,76,179.947,0\C,74,1.41326,73,118.449,68,179.87,0\H,81,1.08297,74,118.613,73,-179.969,0\C,81,1.37677,74,122.44,73,-0.016467,0\H,83,1.08329,81,119.83,74,-179.963,0\C,79,1.41502,78,118.607,76,-0.038059,0\H,85,1.08256,79,118.313,78,-179.935,0\C,85,1.37653,79,122.814,78,0.121977,0\H,87,1.08316,85,120.024,79,179.947,0\B,72,1.53859,70,120.94,69,-179.943,0\C,89,1.5814,72,121.381,70,-0.446197,0\C,90,1.40038,89,120.642,72,92.8923,0\C,91,1.38981,90,120.429,89,176.922,0\H,92,1.08419,91,119.682,90,-178.792,0\C,92,1.38829,91,120.612,90,1.33375,0\C,94,1.38915,92,119.307,91,-0.273265,0\H,95,1.08413,94,119.548,92,179.689,0\C,95,1.38969,94,120.575,92,-1.06987,0\N,94,1.41369,92,120.344,91,-179.926,0\C,98,1.40027,94,119.38,92,127.929,0\C,99,1.39616,98,120.775,94,146.342,0\H,100,1.08242,99,119.758,98,0.006313,0\C,100,1.38499,99,120.31,98,-179.729,0\H,102,1.08255,100,119.202,99,179.995,0\C,102,1.38816,100,120.75,99,1.09351,0\H,104,1.08186,102,120.51,100,179.33,0\C,104,1.38778,102,119.02,100,-0.507752,0\H,106,1.08269,104,120.105,102,-179.793,0\C,106,1.38472,104,120.712,102,-0.512768,0\H,108,1.08229,106,119.827,104,-179.314,0\C,98,1.40192,94,118.864,92,-45.7383,0\C,110,1.39511,98,121.243,94,136.708,0\H,111,1.08239,110,119.83,98,0.769892,0\C,111,1.38581,110,120.299,98,-178.605,0\H,113,1.08258,111,119.21,110,179.709,0\C,113,1.38759,111,120.71,110,0.933584,0\H,115,1.08188,113,120.474,111,179.266,0\C,115,1.38833,113,119.074,111,-0.504868,0\H,117,1.0826,115,120.103,113,-179.932,0\C,117,1.38437,115,120.645,113,-0.42783,0\H,119,1.08258,117,119.997,115,-179.874,0\C,97,1.50348,95,119.936,94,-178.852,0\H,121,1.08997,97,111.822,95,-0.709507,0\H,121,1.09177,97,111.331,95,-121.546,0\H,121,1.09233,97,111.105,95,119.777,0\C,91,1.50408,90,119.844,89,-1.83691,0\H,125,1.08991,91,111.701,90,-178.208,0\H,125,1.0918,91,111.264,90,-57.6593,0\H,125,1.09212,91,111.362,90,61.1619,0\\\@

 Total job time:  3469.85s(wall), 11125.40s(cpu) 
 Thu Oct 25 03:14:12 2018

        *************************************************************
        *                                                           *
        *  Thank you very much for using Q-Chem.  Have a nice day.  *
        *                                                           *
        *************************************************************


0 sent ACK to 0 
now end server 0 ... 
 
*************************************************************
Job 2 of 2 
*************************************************************
 
mFile = /cm/shared/apps/q-chem/intel/QCHEM_5.0.1_Trunk/bin/mpi/machines
Process 0 of 1 is on ctcp030 - thread support 0
initial socket setup ...start
initial socket setup ...done 
now start server 0 ... 
ctcp030.cm.cluster 10.141.0
Q-Chem Developer Version! Running on 10.141.0.*
                  Welcome to Q-Chem
     A Quantum Leap Into The Future Of Chemistry


 Q-Chem 5.0, Q-Chem, Inc., Pleasanton, CA (2017)

 Yihan Shao,  Zhengting Gan,  E. Epifanovsky,  A. T. B. Gilbert,  M. Wormit,  
 J. Kussmann,  A. W. Lange,  A. Behn,  Jia Deng,  Xintian Feng,  D. Ghosh,  
 M. Goldey,  P. R. Horn,  L. D. Jacobson,  I. Kaliman,  T. Kus,  A. Landau,  
 Jie Liu,  E. I. Proynov,  R. M. Richard,  R. P. Steele,  E. J. Sundstrom,  
 H. L. Woodcock III,  P. M. Zimmerman,  D. Zuev,  B. Albrecht,  E. Alguire,  
 S. A. Baeppler,  Z. Benda,  Y. A. Bernard,  E. J. Berquist,  K. B. Bravaya,  
 D. Casanova,  Chun-Min Chang,  Yunqing Chen,  A. Chien,  K. D. Closser,  
 M. P. Coons,  S. Dasgupta,  M. Diedenhofen,  Hainam Do,  R. G. Edgar,  
 Po-Tung Fang,  S. Fatehi,  Qingguo Feng,  Qinghui Ge,  A. Ghysels,  
 J. Gomes,  J. Gonthier,  A. Gunina,  M. W. D. Hanson-Heine,  
 P. H. P. Harbach,  A. W. Hauser,  J. E. Herr,  E. G. Hohenstein,  
 Z. C. Holden,  Kerwin Hui,  T.-C. Jagau,  Hyunjun Ji,  B. Kaduk,  
 K. Khistyaev,  Jaehoon Kim,  P. Klunzinger,  K. Koh,  D. Kosenkov,  
 T. Kowalczyk,  C. M. Krauter,  A. Kunitsa,  Ka Un Lao,  A. Laurent,  
 K. V. Lawler,  Joonho Lee,  D. Lefrancois,  S. Lehtola,  D. S. Levine,  
 Yi-Pei Li,  You-Sheng Lin,  Fenglai Liu,  E. Livshits,  A. Luenser,  
 P. Manohar,  E. Mansoor,  S. F. Manzer,  Shan-Ping Mao,  Yuezhi Mao,  
 N. Mardirossian,  A. V. Marenich,  L. A. Martinez-Martinez,  S. A. Maurer,  
 N. J. Mayhall,  S. C. McKenzie,  J.-M. Mewes,  A. F. Morrison,  K. Nanda,  
 T. S. Nguyen-Beck,  R. Olivares-Amaya,  J. A. Parkhill,  T. M. Perrine,  
 F. Plasser,  S. Prager,  A. Prociuk,  D. R. Rehn,  F. Rob,  M. Schneider,  
 N. Sergueev,  S. M. Sharada,  S. Sharma,  D. W. Small,  T. Stauch,  
 T. Stein,  Yu-Chuan Su,  A. J. W. Thom,  T. Tsuchimochi,  L. Vogt,  
 O. Vydrov,  M. A. Watson,  J. Wenzel,  M. de Wergifosse,  T. A. Wesolowski,  
 A. White,  J. Witte,  A. Yamada,  Jun Yang,  K. Yao,  S. Yeganeh,  
 S. R. Yost,  Zhi-Qiang You,  A. Zech,  Igor Ying Zhang,  Xing Zhang,  
 Yan Zhao,  Ying Zhu,  B. R. Brooks,  G. K. L. Chan,  C. J. Cramer,  
 M. S. Gordon,  W. J. Hehre,  A. Klamt,  M. W. Schmidt,  C. D. Sherrill,  
 D. G. Truhlar,  A. Aspuru-Guzik,  R. Baer,  A. T. Bell,  N. A. Besley,  
 Jeng-Da Chai,  A. Dreuw,  B. D. Dunietz,  T. R. Furlani,  Chao-Ping Hsu,  
 Yousung Jung,  Jing Kong,  D. S. Lambrecht,  WanZhen Liang,  C. Ochsenfeld,  
 V. A. Rassolov,  L. V. Slipchenko,  J. E. Subotnik,  T. Van Voorhis,  
 J. M. Herbert,  A. I. Krylov,  P. M. W. Gill,  M. Head-Gordon

 Contributors to earlier versions of Q-Chem not listed above: 
 R. D. Adamson,  B. Austin,  J. Baker,  G. J. O. Beran,  K. Brandhorst,  
 S. T. Brown,  E. F. C. Byrd,  A. K. Chakraborty,  C.-L. Cheng,  
 Siu Hung Chien,  D. M. Chipman,  D. L. Crittenden,  H. Dachsel,  
 R. A. DiStasio Jr.,  R. J. Doerksen,  A. D. Dutoi,  L. Fusti-Molnar,  
 W. A. Goddard III,  A. Golubeva-Zadorozhnaya,  S. R. Gwaltney,  G. Hawkins,  
 A. Heyden,  S. Hirata,  G. Kedziora,  F. J. Keil,  C. Kelley,  Jihan Kim,  
 R. A. King,  R. Z. Khaliullin,  P. P. Korambath,  W. Kurlancheek,  
 A. M. Lee,  M. S. Lee,  S. V. Levchenko,  Ching Yeh Lin,  D. Liotard,  
 R. C. Lochan,  I. Lotan,  P. E. Maslen,  N. Nair,  D. P. O'Neill,  
 D. Neuhauser,  E. Neuscamman,  C. M. Oana,  R. Olson,  B. Peters,  
 R. Peverati,  P. A. Pieniazek,  Y. M. Rhee,  J. Ritchie,  M. A. Rohrdanz,  
 E. Rosta,  N. J. Russ,  H. F. Schaefer III,  N. E. Schultz,  N. Shenvi,  
 A. C. Simmonett,  A. Sodt,  D. Stuck,  K. S. Thanthiriwatte,  V. Vanovschi,  
 Tao Wang,  A. Warshel,  C. F. Williams,  Q. Wu,  X. Xu,  W. Zhang

 Please cite Q-Chem as follows:
 Y. Shao et al., Mol. Phys. 113, 184-215 (2015)
 DOI: 10.1080/00268976.2014.952696

 Q-Chem 5.0.1 for Intel X86 EM64T Linux

 Parts of Q-Chem use Armadillo 5.200.1 (Boston Tea Smuggler).
 http://arma.sourceforge.net/

 Q-Chem begins on Thu Oct 25 03:14:15 2018  

Host: ctcp030
0

     Scratch files written to /scratch/mewes/138324/qchem143496//
 Parallel job on  1  processors
The previous job contains 0 fragments, simply inherited here
Symmetry turned off for PCM/SM12/SMD calculation

Checking the input file for inconsistencies... 	...done.

--------------------------------------------------------------
User input:
--------------------------------------------------------------

$rem
threads 8
jobtype opt
method PBEh-3c
basis def2-mSVP
scf_guess	read
mem_static      1024
mem_total       8000
sym_ignore      true
unrestricted true
mom_start       1
scf_algorithm	diis
scf_max_cycles	250
solvent_method	pcm
geom_opt_tol_energy 25
geom_opt_tol_gradient 75
$end

$solvent
dielectric      4.33
$end

$pcm
theory iefpcm
$end

$occupied
1 2 3 4 5 6 7 8 9 10 11 12 13 14 15 16 17 18 19 20 21 22 23 24 25 26 27 28 29 30 31 32 33 34 35 36 37 38 39 40 41 42 43 44 45 46 47 48 49 50 51 52 53 54 55 56 57 58 59 60 61 62 63 64 65 66 67 68 69 70 71 72 73 74 75 76 77 78 79 80 81 82 83 84 85 86 87 88 89 90 91 92 93 94 95 96 97 98 99 100 101 102 103 104 105 106 107 108 109 110 111 112 113 114 115 116 117 118 119 120 121 122 123 124 125 126 127 128 129 130 131 132 133 134 135 136 137 138 139 140 141 142 143 144 145 146 147 148 149 150 151 152 153 154 155 156 157 158 159 160 161 162 163 164 165 166 167 168 169 170 171 172 173 174 175 176 177 178 179 180 181 182 183 184 185 186 187 188 189 190 191 192 193 194 195 196 197 198 199 200 201 202 203 204 205 206 207 208 209 210 211 212 213 214 215 216 217 218 219 220 221 222 223 224 225 226 227 228 229 230 231 232 233 234 235 236 237 238 239 240 241 242 243 244 245 246 247 248 249 250 251 252 253  255
1 2 3 4 5 6 7 8 9 10 11 12 13 14 15 16 17 18 19 20 21 22 23 24 25 26 27 28 29 30 31 32 33 34 35 36 37 38 39 40 41 42 43 44 45 46 47 48 49 50 51 52 53 54 55 56 57 58 59 60 61 62 63 64 65 66 67 68 69 70 71 72 73 74 75 76 77 78 79 80 81 82 83 84 85 86 87 88 89 90 91 92 93 94 95 96 97 98 99 100 101 102 103 104 105 106 107 108 109 110 111 112 113 114 115 116 117 118 119 120 121 122 123 124 125 126 127 128 129 130 131 132 133 134 135 136 137 138 139 140 141 142 143 144 145 146 147 148 149 150 151 152 153 154 155 156 157 158 159 160 161 162 163 164 165 166 167 168 169 170 171 172 173 174 175 176 177 178 179 180 181 182 183 184 185 186 187 188 189 190 191 192 193 194 195 196 197 198 199 200 201 202 203 204 205 206 207 208 209 210 211 212 213 214 215 216 217 218 219 220 221 222 223 224 225 226 227 228 229 230 231 232 233 234 235 236 237 238 239 240 241 242 243 244 245 246 247 248 249 250 251 252 253 254
$end

$molecule
read incoords.mol
$end

--------------------------------------------------------------
 Adding empirical dispersion correction 
 ----------------------------------------------------------------
 Doing -D3(BJ) with
 s6 =   1.00000
 s8 =   0.00000
 a1 =   0.48600
 a2 =   4.50000
 -D3 energy including 3body term =     -0.1219382226 hartrees
 ----------------------------------------------------------------
 Adding gCP correction 
 ----------------------------------------------------------------
 gCP energy =      0.1715584307 hartrees
 ----------------------------------------------------------------
             Standard Nuclear Orientation (Angstroms)
    I     Atom           X                Y                Z
 ----------------------------------------------------------------
    1      C      -4.8334350000    -0.3850560000     4.4882810000
    2      C      -5.4224650000    -0.9579350000     3.3716420000
    3      C      -4.7082080000    -1.0710600000     2.1683440000
    4      C      -3.4034140000    -0.5729260000     2.1168040000
    5      C      -2.8336510000     0.0266340000     3.2367520000
    6      C      -3.5366140000     0.1126220000     4.4272230000
    7      N      -2.9406000000     0.6892230000     5.5720580000
    8      C      -6.8271190000    -1.4881940000     3.4581710000
    9      C      -2.5883150000    -0.6551080000     0.8539380000
   10      C      -1.6817730000     0.2419880000     5.9900400000
   11      C      -0.7702950000     1.1186340000     6.5807160000
   12      C      -4.4768130000     2.5560330000     5.6827980000
   13      C      -3.6800780000     1.6090000000     6.3275850000
   14      C      -5.2500080000     3.4374150000     6.4177590000
   15      C      -5.2318400000     3.4077300000     7.8048440000
   16      C      -4.4336870000     2.4737840000     8.4484710000
   17      C      -3.6709020000     1.5743730000     7.7219720000
   18      C      -1.3089700000    -1.0902280000     5.8032960000
   19      C      -0.0548140000    -1.5271550000     6.1924740000
   20      C       0.8446160000    -0.6573720000     6.7914060000
   21      C       0.4736400000     0.6652630000     6.9853810000
   22      C      -6.7217540000    -1.6689280000    -1.2616040000
   23      C      -6.1422530000    -0.9936720000    -0.1418250000
   24      B      -5.3685620000    -1.7891990000     0.9237230000
   25      C      -5.2431460000    -3.3170720000     0.7783890000
   26      C      -5.8248650000    -3.9903740000    -0.3402190000
   27      B      -6.5742830000    -3.1815690000    -1.3900160000
   28      C      -4.5621480000    -4.0724590000     1.7497150000
   29      C      -4.4539240000    -5.4392980000     1.6350430000
   30      C      -5.0346720000    -6.1060040000     0.5171430000
   31      C      -5.7008830000    -5.3906290000    -0.4442510000
   32      C      -7.4297640000    -0.9218170000    -2.2227580000
   33      C      -7.5689390000     0.4356940000    -2.0918250000
   34      C      -6.9916950000     1.1156750000    -0.9807540000
   35      C      -6.2946350000     0.4007400000    -0.0317030000
   36      C      -3.1185230000    -6.4441440000     3.6563900000
   37      C      -2.6508450000    -7.6732350000     4.1748210000
   38      C      -2.8716460000    -8.8772860000     3.5473160000
   39      C      -3.5940770000    -8.9166720000     2.3309810000
   40      C      -4.0423140000    -7.6914570000     1.8440650000
   41      C      -3.8224790000    -6.4509890000     2.4779420000
   42      C      -3.9114520000   -10.0553970000     1.5513600000
   43      C      -4.6243020000    -9.9139140000     0.3832930000
   44      C      -5.0657980000    -8.6573730000    -0.0880040000
   45      C      -4.7728930000    -7.5366610000     0.6494110000
   46      C      -7.5417900000     4.9073270000    -0.8758700000
   47      C      -7.0439760000     3.6731190000    -0.3987680000
   48      C      -7.3068690000     2.5353420000    -1.1195570000
   49      C      -8.0643620000     2.6625890000    -2.3032830000
   50      C      -8.5699430000     3.8613250000    -2.7961600000
   51      C      -8.2811500000     5.0168770000    -2.0311990000
   52      C      -8.2511720000     1.4138950000    -2.9281400000
   53      C      -8.9754700000     1.3606870000    -4.0928400000
   54      C      -9.5005980000     2.5628280000    -4.6151740000
   55      C      -9.3121270000     3.7791940000    -3.9997160000
   56      C      -9.1838500000    -4.9380970000    -3.6426250000
   57      C      -8.5786250000    -4.3655550000    -2.5542530000
   58      C      -7.2297660000    -3.9130430000    -2.6303480000
   59      C      -6.5139680000    -4.1032650000    -3.8401980000
   60      C      -7.1323660000    -4.6690950000    -4.9293410000
   61      C      -8.4770550000    -5.0839110000    -4.8559310000
   62      N      -9.0953110000    -5.6133940000    -5.9564670000
   63      C      -9.3441270000    -4.1724610000    -1.2838240000
   64      C      -5.0738230000    -3.6998770000    -3.9559100000
   65      C      -8.6898810000    -5.2586560000    -7.2604600000
   66      C      -8.4814960000    -3.9198960000    -7.5864440000
   67      C     -11.3017260000    -6.3549880000    -6.6293330000
   68      C     -10.1702430000    -6.5173730000    -5.8321090000
   69      C     -12.3442260000    -7.2570630000    -6.5258600000
   70      C     -12.2652780000    -8.3203730000    -5.6362970000
   71      C     -11.1348270000    -8.4813760000    -4.8477760000
   72      C     -10.0830990000    -7.5876210000    -4.9438570000
   73      C      -8.5370990000    -6.2509340000    -8.2266060000
   74      C      -8.1603740000    -5.9007240000    -9.5098100000
   75      C      -7.9398410000    -4.5691300000    -9.8366800000
   76      C      -8.1025580000    -3.5829860000    -8.8739290000
   77      H      -5.3879430000    -0.3224970000     5.4175780000
   78      H      -1.8237180000     0.4180340000     3.1835910000
   79      H      -6.8588500000    -2.5644030000     3.2753410000
   80      H      -7.4717770000    -1.0240180000     2.7092210000
   81      H      -7.2671010000    -1.3027760000     4.4378830000
   82      H      -3.1004950000    -1.2097090000     0.0687510000
   83      H      -1.6314720000    -1.1488950000     1.0322140000
   84      H      -2.3705280000     0.3387710000     0.4579900000
   85      H      -1.0385900000     2.1580380000     6.7179730000
   86      H      -4.4973100000     2.5873870000     4.6011120000
   87      H      -5.8668920000     4.1597180000     5.8986060000
   88      H      -5.8351970000     4.1005440000     8.3759070000
   89      H      -4.4167610000     2.4283220000     9.5298390000
   90      H      -3.0716890000     0.8343910000     8.2363220000
   91      H      -2.0042260000    -1.7822050000     5.3465030000
   92      H       0.2153730000    -2.5636000000     6.0350240000
   93      H       1.8215790000    -1.0048000000     7.0994610000
   94      H       1.1662850000     1.3607270000     7.4417260000
   95      H      -4.1218610000    -3.5616410000     2.5988820000
   96      H      -6.1376940000    -5.9149500000    -1.2894730000
   97      H      -7.8753650000    -1.4219440000    -3.0776660000
   98      H      -5.8547460000     0.9087560000     0.8200660000
   99      H      -2.9161910000    -5.5259850000     4.1929460000
  100      H      -2.0964150000    -7.6629360000     5.1044810000
  101      H      -2.4928150000    -9.7939190000     3.9827850000
  102      H      -3.5929900000   -11.0395090000     1.8734350000
  103      H      -4.8561880000   -10.7966930000    -0.1996440000
  104      H      -5.6212940000    -8.6020440000    -1.0164400000
  105      H      -7.3307180000     5.8018890000    -0.3040740000
  106      H      -6.4695960000     3.6448420000     0.5184460000
  107      H      -8.6410890000     5.9859570000    -2.3540450000
  108      H      -9.1525000000     0.4267690000    -4.6128220000
  109      H     -10.0734210000     2.5238110000    -5.5333530000
  110      H      -9.7348060000     4.6753310000    -4.4373380000
  111      H     -10.2263790000    -5.2252760000    -3.5935700000
  112      H      -6.5726670000    -4.8342330000    -5.8416020000
  113      H     -10.3568230000    -4.5670560000    -1.3577160000
  114      H      -9.4030310000    -3.1147250000    -1.0258060000
  115      H      -8.8394810000    -4.6676290000    -0.4536120000
  116      H      -4.9428980000    -2.9508120000    -4.7379610000
  117      H      -4.4508370000    -4.5571560000    -4.2147430000
  118      H      -4.6933120000    -3.2814850000    -3.0289060000
  119      H      -8.6349570000    -3.1502070000    -6.8415100000
  120      H     -11.3685070000    -5.5201860000    -7.3145320000
  121      H     -13.2265290000    -7.1245940000    -7.1367940000
  122      H     -13.0827800000    -9.0240890000    -5.5602200000
  123      H     -11.0640500000    -9.3156650000    -4.1637250000
  124      H      -9.1907660000    -7.7272960000    -4.3479210000
  125      H      -8.7006570000    -7.2889950000    -7.9687860000
  126      H      -8.0303680000    -6.6717980000   -10.2567520000
  127      H      -7.6460460000    -4.3007220000   -10.8421060000
  128      H      -7.9467520000    -2.5438490000    -9.1282950000
 ----------------------------------------------------------------
 Nuclear Repulsion Energy = 10762.5120705857 hartrees
 There are      254 alpha and      254 beta electrons
 Requested basis set is def2-mSVP
 There are 636 shells and 1244 basis functions

 Total QAlloc Memory Limit   8000 MB
 Mega-Array Size      1001 MB
 MEM_STATIC part      1024 MB
 Discretize the solute cavity surface with Lebedev spheres
	Using 302 Lebedev grid points for each H atom
	Using 302 Lebedev grid points for other atoms
	Atomic van der Waals radii will be scaled by 1.20
 Remove points where switching function is < 1.0e-08
 Keep 13448 surface tesserae and discard 25208 interior tesserae
 Molecular Surface Area = 1017.873 Angst**2
 A cutoff of  1.0D-11 yielded  54226 shell pairs
 There are    214710 function pairs (    236627 Cartesian)
 
 -------------------------------------------------------
 OpenMP Integral Computing Module                       
 Release: version 1.0, May 2013, Q-Chem Inc. Pittsburgh 
 -------------------------------------------------------
 Integral Job Info:
 Integral job number is                      11
 Integral operator is                         1
 short-range coefficients                     0
 long-range coefficients              100000000
 Omega coefficients                           0
 if combine SR and LR in K                    0
 Integral screening is                        0
 Integral computing path is                   2
 max size of driver memory is            800000
 size of driver memory is                593474
 size of scratch memory is              1809772
 max col of scratch BK array               1296
 max len of scratch array in speh3          155
 max len of scratch index in speh4           18
 max int batch size is                      520
 min int batch size is                       52
 fixed nKL is                                52
 max L of basis functions is                  2
 order of int derivative is                   0
 number of shells is                        636
 number of basis is                        1320
 number of cartesian basis is              1320
 number of contracted shell pairs         54226
 number of primitive shell pairs         113402
 maxK2 (contraction) of shell pair           25
 max number of K2 of shell pair               1
 max number of CS2 of shell pair          13091
 max number of PS2 of shell pair          20025
 mem total for path MDJ                  557848
 -------------------------------------------------------
 Smallest overlap matrix eigenvalue = 1.98E-04

 Scale SEOQF with 1.000000e-02/1.000000e-02/1.000000e-02

 Standard Electronic Orientation quadrupole field applied
 Nucleus-field energy     =     0.0000000441 hartrees
 Guess MOs from SCF MO coefficient file
 Reading MOs from coefficient file
 User-specified occupied guess orbitals will be used
   Alpha:
   1   2   3   4   5   6   7   8   9  10  11  12  13  14  15
  16  17  18  19  20  21  22  23  24  25  26  27  28  29  30
  31  32  33  34  35  36  37  38  39  40  41  42  43  44  45
  46  47  48  49  50  51  52  53  54  55  56  57  58  59  60
  61  62  63  64  65  66  67  68  69  70  71  72  73  74  75
  76  77  78  79  80  81  82  83  84  85  86  87  88  89  90
  91  92  93  94  95  96  97  98  99 100 101 102 103 104 105
 106 107 108 109 110 111 112 113 114 115 116 117 118 119 120
 121 122 123 124 125 126 127 128 129 130 131 132 133 134 135
 136 137 138 139 140 141 142 143 144 145 146 147 148 149 150
 151 152 153 154 155 156 157 158 159 160 161 162 163 164 165
 166 167 168 169 170 171 172 173 174 175 176 177 178 179 180
 181 182 183 184 185 186 187 188 189 190 191 192 193 194 195
 196 197 198 199 200 201 202 203 204 205 206 207 208 209 210
 211 212 213 214 215 216 217 218 219 220 221 222 223 224 225
 226 227 228 229 230 231 232 233 234 235 236 237 238 239 240
 241 242 243 244 245 246 247 248 249 250 251 252 253 255
 Reading MOs from coefficient file
   Beta:
   1   2   3   4   5   6   7   8   9  10  11  12  13  14  15
  16  17  18  19  20  21  22  23  24  25  26  27  28  29  30
  31  32  33  34  35  36  37  38  39  40  41  42  43  44  45
  46  47  48  49  50  51  52  53  54  55  56  57  58  59  60
  61  62  63  64  65  66  67  68  69  70  71  72  73  74  75
  76  77  78  79  80  81  82  83  84  85  86  87  88  89  90
  91  92  93  94  95  96  97  98  99 100 101 102 103 104 105
 106 107 108 109 110 111 112 113 114 115 116 117 118 119 120
 121 122 123 124 125 126 127 128 129 130 131 132 133 134 135
 136 137 138 139 140 141 142 143 144 145 146 147 148 149 150
 151 152 153 154 155 156 157 158 159 160 161 162 163 164 165
 166 167 168 169 170 171 172 173 174 175 176 177 178 179 180
 181 182 183 184 185 186 187 188 189 190 191 192 193 194 195
 196 197 198 199 200 201 202 203 204 205 206 207 208 209 210
 211 212 213 214 215 216 217 218 219 220 221 222 223 224 225
 226 227 228 229 230 231 232 233 234 235 236 237 238 239 240
 241 242 243 244 245 246 247 248 249 250 251 252 253 254
 An unrestricted hybrid HF-DFT SCF calculation will be
 performed using Pulay DIIS extrapolation
 Polarizable Continuum solvation model will be applied
 Exchange:     0.4200 Hartree-Fock + 0.5800 PBEh-3c
 Correlation:  1.0000 PBEh-3c
 Using SG-1 standard quadrature grid
 Dispersion:   Grimme D3
 SCF converges when DIIS error is below 1.0E-08
 using 8 threads for integral computing
 -------------------------------------------------------
 OpenMP Integral computing Module                
 Release: version 1.0, May 2013, Q-Chem Inc. Pittsburgh 
 -------------------------------------------------------
 Inaccurate integrated density:
   Number of electrons =   508
   Numerical integral  =   306.501090391182
   Relative error      =   -39.6651396868 %
 MOM overlap:    69.5328785943 / 254
 MOM overlap:    69.5584564278 / 254
 ---------------------------------------
  Cycle       Energy         DIIS Error
 ---------------------------------------
    1     531.2747006551      9.83E-02
 Using non-symmetric K matrix
 MOM overlap:    126.5560716361 / 254
 MOM overlap:    126.7974223491 / 254
    2   -1385.1368441509      6.47E-02
 MOM overlap:    176.7420493890 / 254
 MOM overlap:    179.7029547744 / 254
    3   -1247.1061523126      3.66E-02
 MOM overlap:    196.6791141105 / 254
 MOM overlap:    203.0037620092 / 254
    4    -925.3965808809      2.09E-02
 MOM overlap:    209.2750161498 / 254
 MOM overlap:    212.6655066824 / 254
    5    -818.5874332554      1.38E-02
 MOM overlap:    218.6359526460 / 254
 MOM overlap:    218.7560518364 / 254
    6    -790.9040649522      9.31E-03
 MOM overlap:    227.7994702571 / 254
 MOM overlap:    227.3295539246 / 254
    7    -823.7768963375      6.85E-03
 MOM overlap:    227.9771016496 / 254
 MOM overlap:    229.4689651097 / 254
    8    -827.1152658976      6.59E-03
 MOM overlap:    230.4247698258 / 254
 MOM overlap:    232.2903334797 / 254
    9    -882.2125503428      5.17E-03
 MOM overlap:    234.7261309750 / 254
 MOM overlap:    235.6222574276 / 254
   10    -880.9413383568      5.03E-03
 MOM overlap:    243.1181282814 / 254
 MOM overlap:    244.1115829447 / 254
   11    -892.2366010595      6.63E-03
 MOM overlap:    249.6547168244 / 254
 MOM overlap:    251.8819388953 / 254
   12    -865.1391145624      7.73E-03
 MOM overlap:    247.9100172339 / 254
 MOM overlap:    249.9141938210 / 254
   13    -864.6478951731      7.73E-03
 MOM overlap:    248.4792828638 / 254
 MOM overlap:    250.2251777756 / 254
   14    -863.2357529996      8.27E-03
 MOM overlap:    246.8234362656 / 254
 MOM overlap:    248.5991567347 / 254
   15    -861.6372281615      8.90E-03
 MOM overlap:    247.6015207462 / 254
 MOM overlap:    250.5956443366 / 254
   16    -865.4300422458      9.10E-03
 MOM overlap:    249.2223321600 / 254
 MOM overlap:    251.0762984638 / 254
   17    -862.1548660265      9.67E-03
 MOM overlap:    244.5246738249 / 254
 MOM overlap:    248.8424389604 / 254
   18    -860.8601602677      9.68E-03
 MOM overlap:    244.0342207266 / 254
 MOM overlap:    247.5024584727 / 254
   19    -858.6893520557      9.92E-03
 MOM overlap:    236.9041285384 / 254
 MOM overlap:    241.1335323342 / 254
   20    -869.9592024831      9.62E-03
 MOM overlap:    241.3543089996 / 254
 MOM overlap:    241.5192624696 / 254
   21    -853.9400684813      9.43E-03
 MOM overlap:    229.6913836643 / 254
 MOM overlap:    236.2928919829 / 254
   22    -867.9075342209      9.98E-03
 MOM overlap:    230.9997253978 / 254
 MOM overlap:    234.2622928384 / 254
   23    -866.8900039069      9.10E-03
 MOM overlap:    228.7529994669 / 254
 MOM overlap:    232.2023704304 / 254
   24    -847.1011265130      7.22E-03
 MOM overlap:    226.1286248635 / 254
 MOM overlap:    230.7259286572 / 254
   25    -865.4056400229      6.26E-03
 MOM overlap:    229.4934224727 / 254
 MOM overlap:    232.3371939501 / 254
   26    -884.7773269595      6.23E-03
 MOM overlap:    233.9020961134 / 254
 MOM overlap:    236.2266929992 / 254
   27    -855.6845247615      6.19E-03
 MOM overlap:    237.9399792549 / 254
 MOM overlap:    238.0850340947 / 254
   28    -866.9305130583      4.60E-03
 MOM overlap:    239.9642793771 / 254
 MOM overlap:    242.3915532751 / 254
   29    -913.3117103693      5.45E-03
 MOM overlap:    239.8215527967 / 254
 MOM overlap:    240.4617746263 / 254
   30    -884.5202710999      4.17E-03
 MOM overlap:    241.5263794170 / 254
 MOM overlap:    243.2791381542 / 254
   31    -888.7406645820      4.26E-03
 MOM overlap:    245.4649309842 / 254
 MOM overlap:    244.5897606833 / 254
   32    -861.6388253378      3.94E-03
 MOM overlap:    247.3773141975 / 254
 MOM overlap:    248.9205595984 / 254
   33    -852.2201295591      4.28E-03
 MOM overlap:    252.3335467767 / 254
 MOM overlap:    252.1443573582 / 254
   34    -849.9614892907      4.95E-03
 MOM overlap:    251.0629630147 / 254
 MOM overlap:    250.5008913317 / 254
   35    -848.8271026229      5.42E-03
 MOM overlap:    248.9331492419 / 254
 MOM overlap:    249.0667675181 / 254
   36    -846.1286427427      6.30E-03
 MOM overlap:    251.5438011619 / 254
 MOM overlap:    251.2238357317 / 254
   37    -845.1278430592      6.48E-03
 MOM overlap:    246.3607954651 / 254
 MOM overlap:    246.2667063072 / 254
   38    -846.8923779085      5.79E-03
 MOM overlap:    245.3114448525 / 254
 MOM overlap:    243.8005308929 / 254
   39    -848.0563175956      6.36E-03
 MOM overlap:    241.7831936582 / 254
 MOM overlap:    240.9796852040 / 254
   40    -835.8973172984      7.45E-03
 MOM overlap:    242.2431699979 / 254
 MOM overlap:    240.1823874059 / 254
   41    -822.2700890365      7.69E-03
 MOM overlap:    241.4636799323 / 254
 MOM overlap:    241.4659483968 / 254
   42    -802.0856354650      6.38E-03
 MOM overlap:    242.7328257447 / 254
 MOM overlap:    238.7248369975 / 254
   43    -765.9213556570      6.77E-03
 MOM overlap:    244.7149134370 / 254
 MOM overlap:    241.3427049221 / 254
   44    -741.2972468190      6.99E-03
 MOM overlap:    242.3803788866 / 254
 MOM overlap:    237.8379065116 / 254
   45    -731.4124308791      6.19E-03
 MOM overlap:    243.7822634530 / 254
 MOM overlap:    240.3934493156 / 254
   46    -736.8309167019      6.02E-03
 MOM overlap:    241.5800299173 / 254
 MOM overlap:    238.9690240078 / 254
   47    -715.1275106816      5.33E-03
 MOM overlap:    240.9186533931 / 254
 MOM overlap:    237.2074943330 / 254
   48    -683.7161813924      4.34E-03
 MOM overlap:    241.5918629330 / 254
 MOM overlap:    237.7252408261 / 254
   49    -660.3112215426      3.92E-03
 MOM overlap:    242.2543097049 / 254
 MOM overlap:    237.1975036783 / 254
   50    -648.4022455206      2.92E-03
 MOM overlap:    242.7131355738 / 254
 MOM overlap:    239.3662579164 / 254
   51    -644.1565447711      2.67E-03
 MOM overlap:    243.7130412465 / 254
 MOM overlap:    242.2086649168 / 254
   52    -634.2680743948      2.81E-03
 MOM overlap:    247.5478403095 / 254
 MOM overlap:    243.4724091228 / 254
   53    -654.3985990243      2.17E-03
 MOM overlap:    247.3835164984 / 254
 MOM overlap:    245.2142226197 / 254
   54    -654.6523505630      2.49E-03
 MOM overlap:    248.7478885342 / 254
 MOM overlap:    247.5875425091 / 254
   55    -668.8397475272      1.98E-03
 MOM overlap:    246.9025434864 / 254
 MOM overlap:    244.7600066726 / 254
   56    -669.3130180125      2.25E-03
 MOM overlap:    246.9922726550 / 254
 MOM overlap:    247.4816687337 / 254
   57    -681.0902322427      2.32E-03
 MOM overlap:    246.7772863574 / 254
 MOM overlap:    246.3185873649 / 254
   58    -681.7802174068      2.00E-03
 MOM overlap:    248.4337830263 / 254
 MOM overlap:    246.2223500354 / 254
   59    -681.6498639894      1.93E-03
 MOM overlap:    248.0150365797 / 254
 MOM overlap:    246.4923652481 / 254
   60    -682.4014175919      2.19E-03
 MOM overlap:    248.0301137864 / 254
 MOM overlap:    250.1348994606 / 254
   61    -668.7144909061      2.29E-03
 MOM overlap:    251.3805675453 / 254
 MOM overlap:    250.4041326135 / 254
   62    -669.6386030651      1.90E-03
 MOM overlap:    249.8115194470 / 254
 MOM overlap:    249.9819920375 / 254
   63    -669.6353920663      1.99E-03
 MOM overlap:    248.5397418271 / 254
 MOM overlap:    249.5870611636 / 254
   64    -661.8931182310      2.20E-03
 MOM overlap:    248.0932587788 / 254
 MOM overlap:    247.7870688106 / 254
   65    -661.6126408872      2.74E-03
 MOM overlap:    248.5248056050 / 254
 MOM overlap:    250.3914451261 / 254
   66    -649.5982384383      3.07E-03
 MOM overlap:    249.3658056914 / 254
 MOM overlap:    250.0033253575 / 254
   67    -650.3670635778      2.94E-03
 MOM overlap:    244.1283274154 / 254
 MOM overlap:    247.0025182241 / 254
   68    -650.6935690313      2.83E-03
 MOM overlap:    248.8175649288 / 254
 MOM overlap:    248.1352016402 / 254
   69    -641.9771786435      3.25E-03
 MOM overlap:    246.9690103467 / 254
 MOM overlap:    246.7791302092 / 254
   70    -642.4610477390      3.12E-03
 MOM overlap:    247.8188375195 / 254
 MOM overlap:    247.9577329049 / 254
   71    -597.9871845722      3.11E-03
 MOM overlap:    246.9810791922 / 254
 MOM overlap:    247.1627859078 / 254
   72    -596.9725728235      3.79E-03
 MOM overlap:    247.5314163143 / 254
 MOM overlap:    247.6394904274 / 254
   73    -594.6004093737      4.68E-03
 MOM overlap:    245.5622488336 / 254
 MOM overlap:    245.5032933405 / 254
   74    -580.7120929351      5.12E-03
 MOM overlap:    246.3923218163 / 254
 MOM overlap:    244.9508283888 / 254
   75    -577.2609260524      5.81E-03
 MOM overlap:    248.7410488424 / 254
 MOM overlap:    246.5168777513 / 254
   76    -564.8080315549      5.36E-03
 MOM overlap:    248.1872337240 / 254
 MOM overlap:    243.7353391193 / 254
   77    -555.0545493358      5.07E-03
 MOM overlap:    249.6902642521 / 254
 MOM overlap:    244.5659562048 / 254
   78    -533.2464366584      6.14E-03
 MOM overlap:    244.6667080434 / 254
 MOM overlap:    241.9214164104 / 254
   79    -531.1444402366      6.21E-03
 MOM overlap:    248.4610104621 / 254
 MOM overlap:    242.9533164100 / 254
   80    -533.8354972723      5.81E-03
 MOM overlap:    249.3999754148 / 254
 MOM overlap:    244.0721911267 / 254
   81    -547.2376958037      5.17E-03
 MOM overlap:    248.0825385310 / 254
 MOM overlap:    244.1995326843 / 254
   82    -563.0802087972      4.89E-03
 MOM overlap:    245.7117094268 / 254
 MOM overlap:    239.6451522241 / 254
   83    -561.4226083638      5.30E-03
 MOM overlap:    247.4744248216 / 254
 MOM overlap:    243.9141905201 / 254
   84    -506.1048775422      5.07E-03
 MOM overlap:    245.3654929750 / 254
 MOM overlap:    242.5876098624 / 254
   85    -481.5686261414      5.39E-03
 MOM overlap:    241.7495232842 / 254
 MOM overlap:    237.5865207379 / 254
   86    -465.1884064642      5.91E-03
 MOM overlap:    244.4341396014 / 254
 MOM overlap:    239.1491443638 / 254
   87    -458.9548362213      5.70E-03
 MOM overlap:    243.2534579164 / 254
 MOM overlap:    242.1442501290 / 254
   88    -422.0167147139      5.04E-03
 MOM overlap:    243.8028110794 / 254
 MOM overlap:    242.5538821744 / 254
   89    -405.7303889212      4.46E-03
 MOM overlap:    244.7127815316 / 254
 MOM overlap:    241.2139388282 / 254
   90    -409.9870391027      3.94E-03
 MOM overlap:    244.1081898914 / 254
 MOM overlap:    244.3564710711 / 254
   91    -399.5750568442      3.79E-03
 MOM overlap:    244.6822099198 / 254
 MOM overlap:    243.0749942799 / 254
   92    -375.4962485086      3.13E-03
 MOM overlap:    244.7580215226 / 254
 MOM overlap:    245.9511618454 / 254
   93    -378.9103191753      3.03E-03
 MOM overlap:    244.7501351291 / 254
 MOM overlap:    246.2364214356 / 254
   94    -374.0309511087      3.61E-03
 MOM overlap:    247.1999700786 / 254
 MOM overlap:    246.4396448199 / 254
   95    -356.9347208459      3.84E-03
 MOM overlap:    246.4532649121 / 254
 MOM overlap:    247.1749817105 / 254
   96    -346.6668552399      3.16E-03
 MOM overlap:    244.6455335516 / 254
 MOM overlap:    245.5417613293 / 254
   97    -347.5835306731      3.14E-03
 MOM overlap:    245.4525759045 / 254
 MOM overlap:    245.6498122572 / 254
   98    -346.9628288095      3.32E-03
 MOM overlap:    247.5909213894 / 254
 MOM overlap:    248.4555932072 / 254
   99    -358.0369916345      4.37E-03
 MOM overlap:    248.7689308177 / 254
 MOM overlap:    249.2552928275 / 254
  100    -340.9073795089      4.85E-03
 MOM overlap:    247.4833507136 / 254
 MOM overlap:    248.5673262856 / 254
  101    -340.3071311069      5.37E-03
 MOM overlap:    248.0348677398 / 254
 MOM overlap:    247.1713300268 / 254
  102    -328.3167457185      5.17E-03
 MOM overlap:    244.1523079672 / 254
 MOM overlap:    245.9100959807 / 254
  103    -305.7918460990      4.60E-03
 MOM overlap:    247.2117203924 / 254
 MOM overlap:    245.3817837755 / 254
  104    -304.5955481926      4.95E-03
 MOM overlap:    245.7726118524 / 254
 MOM overlap:    248.2491144186 / 254
  105    -297.0273309844      4.54E-03
 MOM overlap:    244.9258349220 / 254
 MOM overlap:    245.4527440008 / 254
  106    -284.4392507454      4.44E-03
 MOM overlap:    246.2305399728 / 254
 MOM overlap:    244.1970720455 / 254
  107    -284.7733566566      4.34E-03
 MOM overlap:    242.8678760494 / 254
 MOM overlap:    240.6032015302 / 254
  108    -297.9732349058      4.43E-03
 MOM overlap:    244.3971603537 / 254
 MOM overlap:    241.8109193322 / 254
  109    -312.5990848599      4.26E-03
 MOM overlap:    244.3485202730 / 254
 MOM overlap:    244.2157478482 / 254
  110    -313.5434820156      3.82E-03
 MOM overlap:    244.7789146181 / 254
 MOM overlap:    244.1744718967 / 254
  111    -288.6593829897      3.51E-03
 MOM overlap:    243.5169012104 / 254
 MOM overlap:    243.4831704926 / 254
  112    -276.9357393188      3.27E-03
 MOM overlap:    241.7062312051 / 254
 MOM overlap:    240.1107005342 / 254
  113    -278.6186889403      2.72E-03
 MOM overlap:    244.5593756091 / 254
 MOM overlap:    242.4876114968 / 254
  114    -235.7481597370      2.87E-03
 MOM overlap:    246.0283075919 / 254
 MOM overlap:    244.1673016305 / 254
  115    -251.8402857911      2.48E-03
 MOM overlap:    248.4308940158 / 254
 MOM overlap:    244.6859551500 / 254
  116    -267.5095891602      2.16E-03
 MOM overlap:    247.8641602899 / 254
 MOM overlap:    246.1096631319 / 254
  117    -254.7548638464      1.99E-03
 MOM overlap:    249.4326584288 / 254
 MOM overlap:    248.4863860894 / 254
  118    -242.9697632395      2.39E-03
 MOM overlap:    249.9971118437 / 254
 MOM overlap:    249.7526911501 / 254
  119    -242.3996921304      2.76E-03
 MOM overlap:    250.4400799902 / 254
 MOM overlap:    247.8620858293 / 254
  120    -244.0879113065      2.13E-03
 MOM overlap:    250.9502334756 / 254
 MOM overlap:    249.1251117271 / 254
  121    -243.0794506150      2.65E-03
 MOM overlap:    250.1073583570 / 254
 MOM overlap:    245.8162478782 / 254
  122    -243.9751466416      2.47E-03
 MOM overlap:    248.3427110372 / 254
 MOM overlap:    245.5359750525 / 254
  123    -243.4363435307      2.43E-03
 MOM overlap:    250.7967202489 / 254
 MOM overlap:    250.3066977326 / 254
  124    -245.0086436910      2.34E-03
 MOM overlap:    250.6317549005 / 254
 MOM overlap:    251.7123877831 / 254
  125    -245.4321729602      2.59E-03
 MOM overlap:    250.5168855292 / 254
 MOM overlap:    249.6387327098 / 254
  126    -245.4905959248      2.94E-03
 MOM overlap:    249.8402777716 / 254
 MOM overlap:    248.9759746239 / 254
  127    -245.0358295090      3.42E-03
 MOM overlap:    248.2483976141 / 254
 MOM overlap:    246.5347403837 / 254
  128    -244.7001867642      3.23E-03
 MOM overlap:    249.6730186200 / 254
 MOM overlap:    247.6333178973 / 254
  129    -229.8439142095      3.68E-03
 MOM overlap:    245.4358465153 / 254
 MOM overlap:    246.8609975351 / 254
  130    -216.9768534568      3.46E-03
 MOM overlap:    248.6431190492 / 254
 MOM overlap:    247.7098640308 / 254
  131    -203.0718035014      3.63E-03
