mFile = /cm/shared/apps/q-chem/intel/QCHEM_5.0.1_Trunk/bin/mpi/machines
Process 0 of 1 is on ctcp006 - thread support 0
initial socket setup ...start
initial socket setup ...done 
now start server 0 ... 
ctcp006.cm.cluster 10.141.0
Q-Chem Developer Version! Running on 10.141.0.*
                  Welcome to Q-Chem
     A Quantum Leap Into The Future Of Chemistry


 Q-Chem 5.0, Q-Chem, Inc., Pleasanton, CA (2017)

 Yihan Shao,  Zhengting Gan,  E. Epifanovsky,  A. T. B. Gilbert,  M. Wormit,  
 J. Kussmann,  A. W. Lange,  A. Behn,  Jia Deng,  Xintian Feng,  D. Ghosh,  
 M. Goldey,  P. R. Horn,  L. D. Jacobson,  I. Kaliman,  T. Kus,  A. Landau,  
 Jie Liu,  E. I. Proynov,  R. M. Richard,  R. P. Steele,  E. J. Sundstrom,  
 H. L. Woodcock III,  P. M. Zimmerman,  D. Zuev,  B. Albrecht,  E. Alguire,  
 S. A. Baeppler,  Z. Benda,  Y. A. Bernard,  E. J. Berquist,  K. B. Bravaya,  
 D. Casanova,  Chun-Min Chang,  Yunqing Chen,  A. Chien,  K. D. Closser,  
 M. P. Coons,  S. Dasgupta,  M. Diedenhofen,  Hainam Do,  R. G. Edgar,  
 Po-Tung Fang,  S. Fatehi,  Qingguo Feng,  Qinghui Ge,  A. Ghysels,  
 J. Gomes,  J. Gonthier,  A. Gunina,  M. W. D. Hanson-Heine,  
 P. H. P. Harbach,  A. W. Hauser,  J. E. Herr,  E. G. Hohenstein,  
 Z. C. Holden,  Kerwin Hui,  T.-C. Jagau,  Hyunjun Ji,  B. Kaduk,  
 K. Khistyaev,  Jaehoon Kim,  P. Klunzinger,  K. Koh,  D. Kosenkov,  
 T. Kowalczyk,  C. M. Krauter,  A. Kunitsa,  Ka Un Lao,  A. Laurent,  
 K. V. Lawler,  Joonho Lee,  D. Lefrancois,  S. Lehtola,  D. S. Levine,  
 Yi-Pei Li,  You-Sheng Lin,  Fenglai Liu,  E. Livshits,  A. Luenser,  
 P. Manohar,  E. Mansoor,  S. F. Manzer,  Shan-Ping Mao,  Yuezhi Mao,  
 N. Mardirossian,  A. V. Marenich,  L. A. Martinez-Martinez,  S. A. Maurer,  
 N. J. Mayhall,  S. C. McKenzie,  J.-M. Mewes,  A. F. Morrison,  K. Nanda,  
 T. S. Nguyen-Beck,  R. Olivares-Amaya,  J. A. Parkhill,  T. M. Perrine,  
 F. Plasser,  S. Prager,  A. Prociuk,  D. R. Rehn,  F. Rob,  M. Schneider,  
 N. Sergueev,  S. M. Sharada,  S. Sharma,  D. W. Small,  T. Stauch,  
 T. Stein,  Yu-Chuan Su,  A. J. W. Thom,  T. Tsuchimochi,  L. Vogt,  
 O. Vydrov,  M. A. Watson,  J. Wenzel,  M. de Wergifosse,  T. A. Wesolowski,  
 A. White,  J. Witte,  A. Yamada,  Jun Yang,  K. Yao,  S. Yeganeh,  
 S. R. Yost,  Zhi-Qiang You,  A. Zech,  Igor Ying Zhang,  Xing Zhang,  
 Yan Zhao,  Ying Zhu,  B. R. Brooks,  G. K. L. Chan,  C. J. Cramer,  
 M. S. Gordon,  W. J. Hehre,  A. Klamt,  M. W. Schmidt,  C. D. Sherrill,  
 D. G. Truhlar,  A. Aspuru-Guzik,  R. Baer,  A. T. Bell,  N. A. Besley,  
 Jeng-Da Chai,  A. Dreuw,  B. D. Dunietz,  T. R. Furlani,  Chao-Ping Hsu,  
 Yousung Jung,  Jing Kong,  D. S. Lambrecht,  WanZhen Liang,  C. Ochsenfeld,  
 V. A. Rassolov,  L. V. Slipchenko,  J. E. Subotnik,  T. Van Voorhis,  
 J. M. Herbert,  A. I. Krylov,  P. M. W. Gill,  M. Head-Gordon

 Contributors to earlier versions of Q-Chem not listed above: 
 R. D. Adamson,  B. Austin,  J. Baker,  G. J. O. Beran,  K. Brandhorst,  
 S. T. Brown,  E. F. C. Byrd,  A. K. Chakraborty,  C.-L. Cheng,  
 Siu Hung Chien,  D. M. Chipman,  D. L. Crittenden,  H. Dachsel,  
 R. A. DiStasio Jr.,  R. J. Doerksen,  A. D. Dutoi,  L. Fusti-Molnar,  
 W. A. Goddard III,  A. Golubeva-Zadorozhnaya,  S. R. Gwaltney,  G. Hawkins,  
 A. Heyden,  S. Hirata,  G. Kedziora,  F. J. Keil,  C. Kelley,  Jihan Kim,  
 R. A. King,  R. Z. Khaliullin,  P. P. Korambath,  W. Kurlancheek,  
 A. M. Lee,  M. S. Lee,  S. V. Levchenko,  Ching Yeh Lin,  D. Liotard,  
 R. C. Lochan,  I. Lotan,  P. E. Maslen,  N. Nair,  D. P. O'Neill,  
 D. Neuhauser,  E. Neuscamman,  C. M. Oana,  R. Olson,  B. Peters,  
 R. Peverati,  P. A. Pieniazek,  Y. M. Rhee,  J. Ritchie,  M. A. Rohrdanz,  
 E. Rosta,  N. J. Russ,  H. F. Schaefer III,  N. E. Schultz,  N. Shenvi,  
 A. C. Simmonett,  A. Sodt,  D. Stuck,  K. S. Thanthiriwatte,  V. Vanovschi,  
 Tao Wang,  A. Warshel,  C. F. Williams,  Q. Wu,  X. Xu,  W. Zhang

 Please cite Q-Chem as follows:
 Y. Shao et al., Mol. Phys. 113, 184-215 (2015)
 DOI: 10.1080/00268976.2014.952696

 Q-Chem 5.0.1 for Intel X86 EM64T Linux

 Parts of Q-Chem use Armadillo 5.200.1 (Boston Tea Smuggler).
 http://arma.sourceforge.net/

 Q-Chem begins on Thu Nov  1 09:31:06 2018  

Host: ctcp006
0

     Scratch files written to /scratch/mewes/139234/qchem119076//
 Parallel job on  1  processors
The previous job contains 0 fragments, simply inherited here
Symmetry turned off for PCM/SM12/SMD calculation

Checking the input file for inconsistencies... 	...done.

--------------------------------------------------------------
User input:
--------------------------------------------------------------
$rem
threads 8
jobtype	sp
method PBEh-3c
basis def2-mSVP
mem_static	1024
mem_total	8000
sym_ignore	true
unrestricted true
scf_convergence	9
solvent_method	pcm
$end

$molecule
read incoords.mol
$end

$solvent
dielectric	1.0001
$end

$pcm
theory iefpcm
$end
--------------------------------------------------------------
 Adding empirical dispersion correction 
 ----------------------------------------------------------------
 Doing -D3(BJ) with
 s6 =   1.00000
 s8 =   0.00000
 a1 =   0.48600
 a2 =   4.50000
 -D3 energy including 3body term =     -0.1355486247 hartrees
 ----------------------------------------------------------------
 Adding gCP correction 
 ----------------------------------------------------------------
 gCP energy =      0.1922344961 hartrees
 ----------------------------------------------------------------
             Standard Nuclear Orientation (Angstroms)
    I     Atom           X                Y                Z
 ----------------------------------------------------------------
    1      C      -0.1891160000     0.9129910000     0.3733330000
    2      C      -0.1944740000     0.8611420000     1.7829750000
    3      H       0.7539100000     0.8230100000     2.3094920000
    4      C      -1.3773840000     0.8485740000     2.4851080000
    5      C      -2.6139890000     0.8795870000     1.7767180000
    6      C      -2.6345210000     0.9259080000     0.4081530000
    7      H      -3.5884970000     0.9386820000    -0.1128520000
    8      C      -1.4322420000     0.9532750000    -0.3293470000
    9      C      -3.7016480000     0.8443490000     2.7470980000
   10      C      -5.0710780000     0.8514260000     2.6678320000
   11      H      -5.5872530000     0.8928140000     1.7161620000
   12      C      -3.0962520000     0.7913030000     4.0163470000
   13      C      -3.8064250000     0.7428990000     5.2115990000
   14      C      -1.6891320000     0.7919080000     3.9127690000
   15      C      -0.9619050000     0.7407610000     5.0737510000
   16      H       0.1206510000     0.7374280000     5.0677670000
   17      C      -5.8171860000     0.8041840000     3.8662390000
   18      H      -6.8983400000     0.8100180000     3.8056030000
   19      C      -5.2184030000     0.7510130000     5.1037540000
   20      H      -5.8301080000     0.7155450000     5.9970180000
   21      C      -1.6548860000     0.6908170000     6.3062640000
   22      H      -1.0751710000     0.6505010000     7.2194750000
   23      C      -3.0275660000     0.6911570000     6.3918070000
   24      H      -3.5102630000     0.6517680000     7.3605280000
   25      B      -1.4375360000     0.9767830000    -1.8550620000
   26      C      -0.1289400000     1.0234160000    -2.6403800000
   27      C      -0.1206350000     1.0690430000    -4.0507590000
   28      H      -1.0561720000     1.0998600000    -4.6025100000
   29      C       1.0585700000     1.0688980000    -4.7433390000
   30      C       2.3056940000     1.0109370000    -4.0570900000
   31      C       2.3177470000     0.9593850000    -2.6837720000
   32      H       3.2617190000     0.8975160000    -2.1529960000
   33      C       1.1154980000     0.9709130000    -1.9448890000
   34      C       1.3217070000     1.0960700000    -6.1775190000
   35      C       0.5447900000     1.1484940000    -7.3077150000
   36      H      -0.5365900000     1.1922410000    -7.2546530000
   37      C       2.7208990000     1.0480330000    -6.3212040000
   38      C       3.3736160000     1.0456510000    -7.5514560000
   39      C       3.3651350000     0.9978560000    -5.0669020000
   40      C       4.7360740000     0.9450700000    -5.0547920000
   41      H       5.2959820000     0.9068320000    -4.1287790000
   42      C       1.1814790000     1.1486820000    -8.5689930000
   43      H       0.5683980000     1.1913570000    -9.4607260000
   44      C       2.5496490000     1.0978960000    -8.7020000000
   45      H       2.9966120000     1.0992660000    -9.6888200000
   46      C       5.4279730000     0.9417600000    -6.2888440000
   47      H       6.5095380000     0.8999480000    -6.2709520000
   48      C       4.7864630000     0.9892490000    -7.5045090000
   49      H       5.3615080000     0.9838370000    -8.4224400000
   50      B       1.1350790000     0.8757390000    -0.4085170000
   51      C       2.5190480000     0.6542200000     0.3143370000
   52      C       2.8990820000    -0.6415180000     0.6954200000
   53      C       4.1688270000    -0.8735380000     1.2087450000
   54      H       4.4678000000    -1.8817440000     1.4749570000
   55      C       5.0706100000     0.1674360000     1.3658570000
   56      C       4.6884990000     1.4574580000     1.0278460000
   57      H       5.3930620000     2.2712080000     1.1596170000
   58      C       3.4289110000     1.7059300000     0.4971040000
   59      N       6.3906720000    -0.0858420000     1.8114800000
   60      C       6.5909130000    -0.8296650000     2.9772670000
   61      C       7.6484660000    -1.7336520000     3.0971960000
   62      H       8.3401690000    -1.8703110000     2.2764700000
   63      C       7.8104240000    -2.4727360000     4.2571580000
   64      H       8.6362580000    -3.1695150000     4.3249500000
   65      C       6.9192840000    -2.3474010000     5.3116790000
   66      H       7.0447380000    -2.9346920000     6.2112640000
   67      C       5.8602970000    -1.4588870000     5.1902190000
   68      H       5.1523750000    -1.3448870000     6.0012160000
   69      C       5.6981100000    -0.7009590000     4.0443900000
   70      H       4.8688350000    -0.0098350000     3.9680320000
   71      C       7.4394170000     0.2211910000     0.9324060000
   72      C       8.6576860000     0.7021290000     1.4120180000
   73      H       8.7980530000     0.8352430000     2.4769270000
   74      C       9.6802510000     1.0154760000     0.5327030000
   75      H      10.6178530000     1.3896420000     0.9232980000
   76      C       9.5047410000     0.8763730000    -0.8367670000
   77      H      10.3028530000     1.1324110000    -1.5206040000
   78      C       8.2902300000     0.4095700000    -1.3165680000
   79      H       8.1368050000     0.2913800000    -2.3818670000
   80      C       7.2674390000     0.0759340000    -0.4449620000
   81      H       6.3274580000    -0.2961980000    -0.8319650000
   82      C       1.9879660000    -1.8252600000     0.4764280000
   83      H       0.9465390000    -1.5355030000     0.6296150000
   84      H       2.2031620000    -2.5898300000     1.2276970000
   85      C       3.0419090000     3.1224060000     0.1578540000
   86      H       2.4653130000     3.1409460000    -0.7702630000
   87      H       3.9427200000     3.7116110000    -0.0322080000
   88      C       2.1382640000    -2.4349330000    -0.9167260000
   89      H       1.9019080000    -1.7080940000    -1.6934780000
   90      H       3.1576900000    -2.7834880000    -1.0877170000
   91      H       1.4686860000    -3.2878080000    -1.0426320000
   92      C       2.2259940000     3.7853410000     1.2651790000
   93      H       1.2901950000     3.2537830000     1.4378230000
   94      H       2.7791320000     3.8014910000     2.2050950000
   95      H       1.9770180000     4.8148350000     1.0039840000
   96      C      -2.7718280000     0.7911440000    -2.6855860000
   97      C      -3.2720330000    -0.5272830000    -2.9013250000
   98      C      -4.3331500000    -0.7368330000    -3.7414030000
   99      H      -4.7156680000    -1.7405650000    -3.8776620000
  100      C      -4.9552170000     0.3407390000    -4.4079810000
  101      N      -5.9664610000     0.1012190000    -5.2892890000
  102      C      -4.5021430000     1.6568720000    -4.1611910000
  103      H      -4.9563390000     2.4862960000    -4.6885930000
  104      C      -3.4412140000     1.8809190000    -3.3217860000
  105      C      -6.0814550000    -1.1528250000    -5.9390200000
  106      C      -7.3095390000    -1.8057300000    -5.9562110000
  107      H      -8.1665360000    -1.3642490000    -5.4645400000
  108      C      -7.4204770000    -3.0300820000    -6.5913540000
  109      H      -8.3715560000    -3.5449430000    -6.5948610000
  110      C      -6.3170070000    -3.6003320000    -7.2112660000
  111      H      -6.4088250000    -4.5582010000    -7.7050490000
  112      C      -5.0973520000    -2.9392120000    -7.2006850000
  113      H      -4.2378110000    -3.3739860000    -7.6922090000
  114      C      -4.9742040000    -1.7124950000    -6.5702990000
  115      H      -4.0269890000    -1.1885200000    -6.5728130000
  116      C      -6.9421200000     1.0789000000    -5.5956900000
  117      C      -7.2843110000     1.3106900000    -6.9244180000
  118      H      -6.7830580000     0.7688180000    -7.7158500000
  119      C      -8.2607310000     2.2437860000    -7.2230030000
  120      H      -8.5208340000     2.4318360000    -8.2557420000
  121      C      -8.8988800000     2.9394280000    -6.2049740000
  122      H      -9.6630060000     3.6667590000    -6.4432140000
  123      C      -8.5605430000     2.6965830000    -4.8816030000
  124      H      -9.0657520000     3.2258420000    -4.0853160000
  125      C      -7.5863120000     1.7635970000    -4.5696610000
  126      H      -7.3375900000     1.5542210000    -3.5372800000
  127      C      -2.6184460000    -1.7259410000    -2.2723360000
  128      H      -2.1162910000    -1.4413710000    -1.3487780000
  129      H      -3.3880250000    -2.4535580000    -2.0005790000
  130      C      -2.9768700000     3.2886260000    -3.0878080000
  131      H      -1.8865690000     3.3149600000    -3.0462900000
  132      H      -3.2758360000     3.9158510000    -3.9312290000
  133      C      -1.6168210000    -2.3750270000    -3.2279680000
  134      H      -0.8381950000    -1.6717180000    -3.5210340000
  135      H      -1.1315930000    -3.2264930000    -2.7514100000
  136      H      -2.1092140000    -2.7331200000    -4.1341370000
  137      C      -3.5537640000     3.8609580000    -1.7943190000
  138      H      -3.2286490000     3.2870420000    -0.9275460000
  139      H      -3.2200470000     4.8882230000    -1.6516640000
  140      H      -4.6445860000     3.8609930000    -1.8151320000
 ----------------------------------------------------------------
 Nuclear Repulsion Energy = 12182.2012922154 hartrees
 There are      270 alpha and      270 beta electrons
 Requested basis set is def2-mSVP
 There are 680 shells and 1320 basis functions

 Total QAlloc Memory Limit   8000 MB
 Mega-Array Size      1001 MB
 MEM_STATIC part      1024 MB
 Discretize the solute cavity surface with Lebedev spheres
	Using 302 Lebedev grid points for each H atom
	Using 302 Lebedev grid points for other atoms
	Atomic van der Waals radii will be scaled by 1.20
 Remove points where switching function is < 1.0e-08
 Keep 14576 surface tesserae and discard 27704 interior tesserae
 Molecular Surface Area = 1075.863 Angst**2
 A cutoff of  1.0D-12 yielded  68523 shell pairs
 There are    266565 function pairs (    293145 Cartesian)
 
 -------------------------------------------------------
 OpenMP Integral Computing Module                       
 Release: version 1.0, May 2013, Q-Chem Inc. Pittsburgh 
 -------------------------------------------------------
 Integral Job Info:
 Integral job number is                      11
 Integral operator is                         1
 short-range coefficients                     0
 long-range coefficients              100000000
 Omega coefficients                           0
 if combine SR and LR in K                    0
 Integral screening is                        0
 Integral computing path is                   2
 max size of driver memory is            800000
 size of driver memory is                593474
 size of scratch memory is              1809772
 max col of scratch BK array               1296
 max len of scratch array in speh3          155
 max len of scratch index in speh4           18
 max int batch size is                      520
 min int batch size is                       52
 fixed nKL is                                52
 max L of basis functions is                  2
 order of int derivative is                   0
 number of shells is                        680
 number of basis is                        1400
 number of cartesian basis is              1400
 number of contracted shell pairs         68523
 number of primitive shell pairs         141540
 maxK2 (contraction) of shell pair           25
 max number of K2 of shell pair               1
 max number of CS2 of shell pair          16760
 max number of PS2 of shell pair          25055
 mem total for path MDJ                  691592
 -------------------------------------------------------
 Smallest overlap matrix eigenvalue = 1.94E-04

 Scale SEOQF with 1.000000e-02/1.000000e-01/1.000000e-02

 Standard Electronic Orientation quadrupole field applied
 Nucleus-field energy     =     0.0000000449 hartrees
 Guess from superposition of atomic densities
 Warning:  Energy on first SCF cycle will be non-variational
 An unrestricted hybrid HF-DFT SCF calculation will be
 performed using Pulay DIIS extrapolation
 Polarizable Continuum solvation model will be applied
 Exchange:     0.4200 Hartree-Fock + 0.5800 PBEh-3c
 Correlation:  1.0000 PBEh-3c
 Using SG-1 standard quadrature grid
 Dispersion:   Grimme D3
 SCF converges when DIIS error is below 1.0E-09
 using 8 threads for integral computing
 -------------------------------------------------------
 OpenMP Integral computing Module                
 Release: version 1.0, May 2013, Q-Chem Inc. Pittsburgh 
 -------------------------------------------------------
 ---------------------------------------
  Cycle       Energy         DIIS Error
 ---------------------------------------
    1   -3111.9566744442      2.32E-02
 Using non-symmetric K matrix
 Warning: not using a symmetric Q
    2   -3084.0935856303      1.65E-03
    3   -3084.2466957282      1.51E-03
    4   -3084.6849017274      5.98E-04
    5   -3084.7653150580      1.73E-04
    6   -3084.7718956406      6.08E-05
    7   -3084.7726606799      1.83E-05
    8   -3084.7727346577      6.09E-06
    9   -3084.7727436154      1.46E-06
   10   -3084.7727442184      5.97E-07
   11   -3084.7727443263      2.18E-07
   12   -3084.7727443434      9.19E-08
   13   -3084.7727443477      3.01E-08
   14   -3084.7727443491      1.40E-08
   15   -3084.7727443488      5.58E-09
   16   -3084.7727443450      2.12E-09
   17   -3084.7727443446      9.95E-10 Convergence criterion met
 ---------------------------------------

************** Final PCM Free Energy Summary **************
 G_electrostatic  =      -0.00000213 hartree =      -0.00133643 kcal/mol
 G_cavitation     =       0.00000000 hartree =       0.00000000 kcal/mol
 G_dispersion     =       0.00000000 hartree =       0.00000000 kcal/mol
 G_repulsion      =       0.00000000 hartree =       0.00000000 kcal/mol
 --------------------------------------------------
 Non-electrostatic Free Energy =       0.00000000 hartree =       0.00000000 kcal/mol
 Total                         =      -0.00000213 hartree =      -0.00133643 kcal/mol
 --------------------------------------------------
 SCF Energy (H0 + V/2)                       =   -3084.77274434 
 Solute Internal Energy (H0)                 =   -3084.77274221 
 Total Free Energy (H0 + V/2 + non-elec)     =   -3084.77274434 hartree
                                             = -1935724.11295889 kcal/mol
***********************************************************

 <S^2> = 0.0000
 SCF time:  CPU 16038.17 s  wall 5269.80 s
 SCF   energy in the final basis set = -3084.77274434
 Total energy in the final basis set = -3084.77274434
 
 --------------------------------------------------------------
 
                    Orbital Energies (a.u.)
 --------------------------------------------------------------
 
 Alpha MOs
 -- Occupied --
-14.669 -14.666 -10.490 -10.490 -10.488 -10.487 -10.483 -10.480
-10.465 -10.465 -10.465 -10.465 -10.465 -10.464 -10.464 -10.463
-10.463 -10.463 -10.462 -10.462 -10.462 -10.462 -10.462 -10.460
-10.460 -10.460 -10.460 -10.460 -10.460 -10.460 -10.455 -10.453
-10.453 -10.451 -10.451 -10.450 -10.450 -10.450 -10.450 -10.450
-10.448 -10.448 -10.447 -10.447 -10.447 -10.447 -10.446 -10.446
-10.446 -10.446 -10.444 -10.443 -10.443 -10.443 -10.442 -10.442
-10.441 -10.438 -10.438 -10.436 -10.435 -10.435 -10.435 -10.434
-10.433 -10.433 -10.432 -10.432 -10.431 -10.428 -10.427 -10.425
-10.424 -10.419 -10.418 -10.418 -10.415 -10.415  -6.946  -6.940
 -1.084  -1.077  -1.016  -1.015  -0.963  -0.962  -0.959  -0.958
 -0.957  -0.956  -0.937  -0.937  -0.934  -0.933  -0.907  -0.899
 -0.888  -0.886  -0.867  -0.863  -0.855  -0.854  -0.852  -0.848
 -0.847  -0.847  -0.843  -0.842  -0.838  -0.832  -0.824  -0.820
 -0.818  -0.813  -0.812  -0.803  -0.800  -0.796  -0.789  -0.783
 -0.736  -0.731  -0.727  -0.721  -0.715  -0.713  -0.711  -0.710
 -0.698  -0.698  -0.697  -0.695  -0.689  -0.686  -0.681  -0.680
 -0.677  -0.674  -0.666  -0.665  -0.648  -0.645  -0.637  -0.634
 -0.631  -0.627  -0.604  -0.603  -0.597  -0.594  -0.593  -0.590
 -0.585  -0.583  -0.583  -0.576  -0.576  -0.562  -0.560  -0.554
 -0.553  -0.544  -0.543  -0.540  -0.540  -0.536  -0.528  -0.526
 -0.525  -0.518  -0.517  -0.514  -0.508  -0.507  -0.504  -0.503
 -0.500  -0.499  -0.496  -0.495  -0.494  -0.494  -0.493  -0.489
 -0.489  -0.488  -0.487  -0.486  -0.484  -0.483  -0.483  -0.482
 -0.480  -0.479  -0.477  -0.477  -0.475  -0.468  -0.467  -0.462
 -0.461  -0.455  -0.454  -0.450  -0.442  -0.441  -0.434  -0.434
 -0.433  -0.432  -0.429  -0.428  -0.427  -0.425  -0.424  -0.423
 -0.423  -0.422  -0.419  -0.416  -0.415  -0.409  -0.407  -0.405
 -0.404  -0.400  -0.400  -0.399  -0.398  -0.396  -0.396  -0.395
 -0.394  -0.393  -0.392  -0.391  -0.390  -0.386  -0.385  -0.382
 -0.378  -0.373  -0.367  -0.359  -0.356  -0.354  -0.351  -0.348
 -0.343  -0.334  -0.318  -0.313  -0.308  -0.300  -0.298  -0.297
 -0.296  -0.296  -0.295  -0.290  -0.284  -0.281  -0.279  -0.273
 -0.272  -0.261  -0.255  -0.254  -0.219  -0.212
 -- Virtual --
 -0.095  -0.059  -0.036  -0.031  -0.005   0.002   0.006   0.007
  0.008   0.010   0.012   0.013   0.017   0.025   0.031   0.033
  0.038   0.045   0.058   0.059   0.071   0.083   0.090   0.092
  0.117   0.122   0.126   0.139   0.142   0.144   0.146   0.150
  0.156   0.156   0.159   0.161   0.164   0.166   0.167   0.168
  0.171   0.174   0.180   0.182   0.183   0.185   0.187   0.188
  0.191   0.194   0.194   0.194   0.199   0.199   0.200   0.201
  0.205   0.206   0.206   0.207   0.208   0.209   0.210   0.211
  0.213   0.214   0.215   0.216   0.218   0.218   0.219   0.221
  0.224   0.224   0.226   0.228   0.229   0.232   0.234   0.236
  0.237   0.237   0.238   0.240   0.241   0.242   0.243   0.245
  0.246   0.249   0.250   0.252   0.253   0.253   0.254   0.255
  0.257   0.259   0.262   0.267   0.269   0.272   0.275   0.277
  0.280   0.280   0.281   0.282   0.285   0.288   0.291   0.293
  0.294   0.296   0.300   0.300   0.304   0.307   0.308   0.309
  0.315   0.315   0.317   0.320   0.322   0.323   0.325   0.325
  0.331   0.331   0.332   0.335   0.337   0.340   0.340   0.346
  0.351   0.352   0.355   0.359   0.361   0.364   0.370   0.373
  0.378   0.383   0.384   0.394   0.398   0.404   0.404   0.406
  0.412   0.414   0.415   0.418   0.423   0.433   0.435   0.443
  0.444   0.446   0.450   0.452   0.456   0.458   0.459   0.462
  0.464   0.466   0.471   0.474   0.478   0.482   0.488   0.490
  0.493   0.498   0.499   0.501   0.505   0.507   0.511   0.512
  0.518   0.521   0.525   0.526   0.527   0.528   0.530   0.530
  0.534   0.535   0.537   0.538   0.539   0.542   0.544   0.545
  0.546   0.549   0.551   0.553   0.554   0.554   0.557   0.559
  0.560   0.561   0.562   0.563   0.565   0.567   0.571   0.573
  0.573   0.575   0.580   0.583   0.586   0.588   0.589   0.590
  0.591   0.592   0.592   0.595   0.596   0.597   0.598   0.599
  0.599   0.601   0.602   0.604   0.605   0.606   0.610   0.611
  0.613   0.613   0.615   0.618   0.618   0.620   0.621   0.622
  0.622   0.623   0.624   0.625   0.628   0.628   0.629   0.630
  0.631   0.631   0.632   0.633   0.633   0.638   0.640   0.643
  0.644   0.646   0.649   0.649   0.650   0.651   0.655   0.655
  0.657   0.660   0.661   0.662   0.664   0.665   0.667   0.667
  0.669   0.671   0.672   0.674   0.677   0.679   0.680   0.683
  0.685   0.689   0.691   0.692   0.695   0.698   0.700   0.701
  0.703   0.704   0.707   0.708   0.711   0.713   0.714   0.715
  0.717   0.718   0.720   0.722   0.725   0.730   0.733   0.735
  0.740   0.746   0.748   0.750   0.753   0.755   0.757   0.760
  0.761   0.764   0.767   0.772   0.774   0.777   0.779   0.780
  0.786   0.786   0.789   0.792   0.797   0.801   0.805   0.808
  0.808   0.815   0.819   0.820   0.824   0.828   0.835   0.836
  0.842   0.845   0.848   0.851   0.852   0.855   0.861   0.864
  0.865   0.874   0.878   0.884   0.891   0.895   0.898   0.903
  0.907   0.912   0.914   0.915   0.917   0.919   0.923   0.930
  0.931   0.937   0.940   0.942   0.945   0.946   0.947   0.950
  0.952   0.953   0.954   0.955   0.956   0.958   0.960   0.963
  0.964   0.966   0.967   0.970   0.972   0.973   0.974   0.980
  0.980   0.983   0.984   0.985   0.986   0.991   0.992   0.994
  0.995   0.998   1.002   1.002   1.003   1.004   1.008   1.011
  1.012   1.016   1.017   1.020   1.021   1.027   1.029   1.033
  1.035   1.037   1.040   1.042   1.043   1.044   1.046   1.048
  1.050   1.055   1.057   1.058   1.059   1.061   1.062   1.065
  1.070   1.071   1.073   1.075   1.076   1.077   1.079   1.080
  1.081   1.086   1.089   1.092   1.092   1.094   1.097   1.099
  1.102   1.103   1.106   1.109   1.114   1.116   1.121   1.125
  1.125   1.132   1.135   1.139   1.140   1.145   1.147   1.148
  1.151   1.154   1.155   1.156   1.160   1.161   1.165   1.167
  1.171   1.174   1.179   1.182   1.185   1.190   1.193   1.195
  1.197   1.200   1.203   1.208   1.211   1.212   1.219   1.220
  1.223   1.225   1.234   1.236   1.239   1.245   1.252   1.254
  1.260   1.262   1.264   1.267   1.273   1.275   1.277   1.281
  1.285   1.289   1.290   1.297   1.298   1.300   1.300   1.305
  1.307   1.311   1.315   1.316   1.320   1.321   1.322   1.324
  1.327   1.332   1.335   1.337   1.341   1.343   1.347   1.348
  1.353   1.356   1.358   1.364   1.366   1.371   1.374   1.375
  1.378   1.380   1.385   1.389   1.391   1.399   1.402   1.409
  1.410   1.412   1.419   1.422   1.429   1.430   1.441   1.441
  1.441   1.448   1.450   1.456   1.460   1.463   1.475   1.478
  1.485   1.487   1.489   1.491   1.495   1.508   1.510   1.511
  1.512   1.513   1.515   1.517   1.517   1.518   1.520   1.528
  1.531   1.532   1.534   1.537   1.541   1.543   1.545   1.548
  1.550   1.551   1.552   1.555   1.558   1.560   1.560   1.562
  1.563   1.566   1.570   1.570   1.575   1.576   1.579   1.583
  1.584   1.587   1.595   1.596   1.602   1.603   1.605   1.607
  1.615   1.618   1.622   1.629   1.631   1.637   1.641   1.650
  1.658   1.663   1.673   1.675   1.693   1.708   1.723   1.732
  1.738   1.740   1.745   1.753   1.756   1.760   1.764   1.767
  1.771   1.778   1.782   1.785   1.790   1.793   1.799   1.801
  1.809   1.809   1.810   1.811   1.814   1.817   1.819   1.821
  1.823   1.825   1.827   1.835   1.838   1.853   1.857   1.862
  1.863   1.864   1.872   1.881   1.882   1.891   1.896   1.897
  1.900   1.903   1.903   1.906   1.908   1.918   1.919   1.925
  1.930   1.933   1.933   1.938   1.942   1.943   1.945   1.949
  1.952   1.972   1.976   1.980   1.982   1.982   1.986   1.987
  1.990   1.997   2.000   2.008   2.013   2.016   2.023   2.025
  2.026   2.030   2.033   2.036   2.038   2.040   2.042   2.047
  2.058   2.061   2.066   2.068   2.071   2.071   2.073   2.074
  2.075   2.076   2.082   2.086   2.095   2.099   2.106   2.108
  2.111   2.111   2.123   2.133   2.136   2.142   2.144   2.148
  2.149   2.151   2.155   2.158   2.160   2.162   2.165   2.168
  2.168   2.171   2.182   2.184   2.194   2.195   2.198   2.201
  2.202   2.204   2.205   2.207   2.208   2.210   2.214   2.215
  2.219   2.220   2.230   2.231   2.231   2.232   2.239   2.245
  2.247   2.249   2.251   2.257   2.260   2.262   2.268   2.270
  2.274   2.276   2.277   2.282   2.286   2.288   2.292   2.297
  2.307   2.310   2.312   2.319   2.320   2.322   2.322   2.324
  2.333   2.337   2.340   2.346   2.346   2.349   2.352   2.354
  2.355   2.358   2.360   2.361   2.364   2.368   2.370   2.374
  2.376   2.378   2.381   2.387   2.387   2.388   2.390   2.394
  2.396   2.398   2.401   2.403   2.406   2.410   2.411   2.415
  2.418   2.422   2.425   2.432   2.436   2.440   2.446   2.454
  2.459   2.466   2.471   2.473   2.478   2.480   2.485   2.488
  2.498   2.499   2.500   2.503   2.506   2.508   2.516   2.525
  2.528   2.530   2.542   2.562   2.568   2.573   2.580   2.597
  2.604   2.609   2.613   2.623   2.631   2.635   2.643   2.644
  2.644   2.645   2.658   2.658   2.665   2.672   2.678   2.680
  2.684   2.688   2.690   2.693   2.694   2.698   2.709   2.713
  2.725   2.727   2.729   2.735   2.737   2.739   2.740   2.741
  2.742   2.751   2.753   2.753   2.763   2.764   2.769   2.774
  2.778   2.783   2.785   2.787   2.789   2.791   2.791   2.791
  2.792   2.795   2.802   2.808   2.809   2.811   2.813   2.816
  2.817   2.823   2.824   2.828   2.832   2.835   2.843   2.849
  2.854   2.861   2.865   2.867   2.870   2.878   2.887   2.899
  2.904   2.905   2.912   2.914   2.923   2.926   2.935   2.946
  2.948   2.950   2.955   2.977   2.984   3.000   3.003   3.013
  3.015   3.018   3.030   3.033   3.054   3.062   3.077   3.082
  3.082   3.105   3.135   3.147   3.159   3.239   3.257   3.259
  3.297   3.312   3.338   3.364   3.404   3.444   3.452   3.482
  3.490   3.491   3.494   3.496   3.517   3.519   3.539   3.552
  3.667   3.677   9.599   9.755  13.142  13.178  13.247  13.251
 13.275  13.286  13.441  13.497  13.511  13.519  13.525  13.550
 13.666  13.672  13.680  13.682  13.686  13.694  13.705  13.714
 13.718  13.724  13.730  13.771  13.774  13.796  13.802  13.807
 13.861  13.870  13.892  13.927  13.930  14.002  14.005  14.034
 14.035  14.038  14.041  14.047  14.054  14.057  14.151  14.153
 14.157  14.159  14.163  14.163  14.165  14.177  14.184  14.187
 14.190  14.202  14.222  14.239  14.263  14.270  14.282  14.292
 14.316  14.318  14.343  14.347  14.511  14.516  14.562  14.569
 14.581  14.581  14.583  14.584  14.586  14.590  14.591  14.612
 19.683  19.687
 
 Beta MOs
 -- Occupied --
-14.669 -14.666 -10.490 -10.490 -10.488 -10.487 -10.483 -10.480
-10.465 -10.465 -10.465 -10.465 -10.465 -10.464 -10.464 -10.463
-10.463 -10.463 -10.462 -10.462 -10.462 -10.462 -10.462 -10.460
-10.460 -10.460 -10.460 -10.460 -10.460 -10.460 -10.455 -10.453
-10.453 -10.451 -10.451 -10.450 -10.450 -10.450 -10.450 -10.450
-10.448 -10.448 -10.447 -10.447 -10.447 -10.447 -10.446 -10.446
-10.446 -10.446 -10.444 -10.443 -10.443 -10.443 -10.442 -10.442
-10.441 -10.438 -10.438 -10.436 -10.435 -10.435 -10.435 -10.434
-10.433 -10.433 -10.432 -10.432 -10.431 -10.428 -10.427 -10.425
-10.424 -10.419 -10.418 -10.418 -10.415 -10.415  -6.946  -6.940
 -1.084  -1.077  -1.016  -1.015  -0.963  -0.962  -0.959  -0.958
 -0.957  -0.956  -0.937  -0.937  -0.934  -0.933  -0.907  -0.899
 -0.888  -0.886  -0.867  -0.863  -0.855  -0.854  -0.852  -0.848
 -0.847  -0.847  -0.843  -0.842  -0.838  -0.832  -0.824  -0.820
 -0.818  -0.813  -0.812  -0.803  -0.800  -0.796  -0.789  -0.783
 -0.736  -0.731  -0.727  -0.721  -0.715  -0.713  -0.711  -0.710
 -0.698  -0.698  -0.697  -0.695  -0.689  -0.686  -0.681  -0.680
 -0.677  -0.674  -0.666  -0.665  -0.648  -0.645  -0.637  -0.634
 -0.631  -0.627  -0.604  -0.603  -0.597  -0.594  -0.593  -0.590
 -0.585  -0.583  -0.583  -0.576  -0.576  -0.562  -0.560  -0.554
 -0.553  -0.544  -0.543  -0.540  -0.540  -0.536  -0.528  -0.526
 -0.525  -0.518  -0.517  -0.514  -0.508  -0.507  -0.504  -0.503
 -0.500  -0.499  -0.496  -0.495  -0.494  -0.494  -0.493  -0.489
 -0.489  -0.488  -0.487  -0.486  -0.484  -0.483  -0.483  -0.482
 -0.480  -0.479  -0.477  -0.477  -0.475  -0.468  -0.467  -0.462
 -0.461  -0.455  -0.454  -0.450  -0.442  -0.441  -0.434  -0.434
 -0.433  -0.432  -0.429  -0.428  -0.427  -0.425  -0.424  -0.423
 -0.423  -0.422  -0.419  -0.416  -0.415  -0.409  -0.407  -0.405
 -0.404  -0.400  -0.400  -0.399  -0.398  -0.396  -0.396  -0.395
 -0.394  -0.393  -0.392  -0.391  -0.390  -0.386  -0.385  -0.382
 -0.378  -0.373  -0.367  -0.359  -0.356  -0.354  -0.351  -0.348
 -0.343  -0.334  -0.318  -0.313  -0.308  -0.300  -0.298  -0.297
 -0.296  -0.296  -0.295  -0.290  -0.284  -0.281  -0.279  -0.273
 -0.272  -0.261  -0.255  -0.254  -0.219  -0.212
 -- Virtual --
 -0.095  -0.059  -0.036  -0.031  -0.005   0.002   0.006   0.007
  0.008   0.010   0.012   0.013   0.017   0.025   0.031   0.033
  0.038   0.045   0.058   0.059   0.071   0.083   0.090   0.092
  0.117   0.122   0.126   0.139   0.142   0.144   0.146   0.150
  0.156   0.156   0.159   0.161   0.164   0.166   0.167   0.168
  0.171   0.174   0.180   0.182   0.183   0.185   0.187   0.188
  0.191   0.194   0.194   0.194   0.199   0.199   0.200   0.201
  0.205   0.206   0.206   0.207   0.208   0.209   0.210   0.211
  0.213   0.214   0.215   0.216   0.218   0.218   0.219   0.221
  0.224   0.224   0.226   0.228   0.229   0.232   0.234   0.236
  0.237   0.237   0.238   0.240   0.241   0.242   0.243   0.245
  0.246   0.249   0.250   0.252   0.253   0.253   0.254   0.255
  0.257   0.259   0.262   0.267   0.269   0.272   0.275   0.277
  0.280   0.280   0.281   0.282   0.285   0.288   0.291   0.293
  0.294   0.296   0.300   0.300   0.304   0.307   0.308   0.309
  0.315   0.315   0.317   0.320   0.322   0.323   0.325   0.325
  0.331   0.331   0.332   0.335   0.337   0.340   0.340   0.346
  0.351   0.352   0.355   0.359   0.361   0.364   0.370   0.373
  0.378   0.383   0.384   0.394   0.398   0.404   0.404   0.406
  0.412   0.414   0.415   0.418   0.423   0.433   0.435   0.443
  0.444   0.446   0.450   0.452   0.456   0.458   0.459   0.462
  0.464   0.466   0.471   0.474   0.478   0.482   0.488   0.490
  0.493   0.498   0.499   0.501   0.505   0.507   0.511   0.512
  0.518   0.521   0.525   0.526   0.527   0.528   0.530   0.530
  0.534   0.535   0.537   0.538   0.539   0.542   0.544   0.545
  0.546   0.549   0.551   0.553   0.554   0.554   0.557   0.559
  0.560   0.561   0.562   0.563   0.565   0.567   0.571   0.573
  0.573   0.575   0.580   0.583   0.586   0.588   0.589   0.590
  0.591   0.592   0.592   0.595   0.596   0.597   0.598   0.599
  0.599   0.601   0.602   0.604   0.605   0.606   0.610   0.611
  0.613   0.613   0.615   0.618   0.618   0.620   0.621   0.622
  0.622   0.623   0.624   0.625   0.628   0.628   0.629   0.630
  0.631   0.631   0.632   0.633   0.633   0.638   0.640   0.643
  0.644   0.646   0.649   0.649   0.650   0.651   0.655   0.655
  0.657   0.660   0.661   0.662   0.664   0.665   0.667   0.667
  0.669   0.671   0.672   0.674   0.677   0.679   0.680   0.683
  0.685   0.689   0.691   0.692   0.695   0.698   0.700   0.701
  0.703   0.704   0.707   0.708   0.711   0.713   0.714   0.715
  0.717   0.718   0.720   0.722   0.725   0.730   0.733   0.735
  0.740   0.746   0.748   0.750   0.753   0.755   0.757   0.760
  0.761   0.764   0.767   0.772   0.774   0.777   0.779   0.780
  0.786   0.786   0.789   0.792   0.797   0.801   0.805   0.808
  0.808   0.815   0.819   0.820   0.824   0.828   0.835   0.836
  0.842   0.845   0.848   0.851   0.852   0.855   0.861   0.864
  0.865   0.874   0.878   0.884   0.891   0.895   0.898   0.903
  0.907   0.912   0.914   0.915   0.917   0.919   0.923   0.930
  0.931   0.937   0.940   0.942   0.945   0.946   0.947   0.950
  0.952   0.953   0.954   0.955   0.956   0.958   0.960   0.963
  0.964   0.966   0.967   0.970   0.972   0.973   0.974   0.980
  0.980   0.983   0.984   0.985   0.986   0.991   0.992   0.994
  0.995   0.998   1.002   1.002   1.003   1.004   1.008   1.011
  1.012   1.016   1.017   1.020   1.021   1.027   1.029   1.033
  1.035   1.037   1.040   1.042   1.043   1.044   1.046   1.048
  1.050   1.055   1.057   1.058   1.059   1.061   1.062   1.065
  1.070   1.071   1.073   1.075   1.076   1.077   1.079   1.080
  1.081   1.086   1.089   1.092   1.092   1.094   1.097   1.099
  1.102   1.103   1.106   1.109   1.114   1.116   1.121   1.125
  1.125   1.132   1.135   1.139   1.140   1.145   1.147   1.148
  1.151   1.154   1.155   1.156   1.160   1.161   1.165   1.167
  1.171   1.174   1.179   1.182   1.185   1.190   1.193   1.195
  1.197   1.200   1.203   1.208   1.211   1.212   1.219   1.220
  1.223   1.225   1.234   1.236   1.239   1.245   1.252   1.254
  1.260   1.262   1.264   1.267   1.273   1.275   1.277   1.281
  1.285   1.289   1.290   1.297   1.298   1.300   1.300   1.305
  1.307   1.311   1.315   1.316   1.320   1.321   1.322   1.324
  1.327   1.332   1.335   1.337   1.341   1.343   1.347   1.348
  1.353   1.356   1.358   1.364   1.366   1.371   1.374   1.375
  1.378   1.380   1.385   1.389   1.391   1.399   1.402   1.409
  1.410   1.412   1.419   1.422   1.429   1.430   1.441   1.441
  1.441   1.448   1.450   1.456   1.460   1.463   1.475   1.478
  1.485   1.487   1.489   1.491   1.495   1.508   1.510   1.511
  1.512   1.513   1.515   1.517   1.517   1.518   1.520   1.528
  1.531   1.532   1.534   1.537   1.541   1.543   1.545   1.548
  1.550   1.551   1.552   1.555   1.558   1.560   1.560   1.562
  1.563   1.566   1.570   1.570   1.575   1.576   1.579   1.583
  1.584   1.587   1.595   1.596   1.602   1.603   1.605   1.607
  1.615   1.618   1.622   1.629   1.631   1.637   1.641   1.650
  1.658   1.663   1.673   1.675   1.693   1.708   1.723   1.732
  1.738   1.740   1.745   1.753   1.756   1.760   1.764   1.767
  1.771   1.778   1.782   1.785   1.790   1.793   1.799   1.801
  1.809   1.809   1.810   1.811   1.814   1.817   1.819   1.821
  1.823   1.825   1.827   1.835   1.838   1.853   1.857   1.862
  1.863   1.864   1.872   1.881   1.882   1.891   1.896   1.897
  1.900   1.903   1.903   1.906   1.908   1.918   1.919   1.925
  1.930   1.933   1.933   1.938   1.942   1.943   1.945   1.949
  1.952   1.972   1.976   1.980   1.982   1.982   1.986   1.987
  1.990   1.997   2.000   2.008   2.013   2.016   2.023   2.025
  2.026   2.030   2.033   2.036   2.038   2.040   2.042   2.047
  2.058   2.061   2.066   2.068   2.071   2.071   2.073   2.074
  2.075   2.076   2.082   2.086   2.095   2.099   2.106   2.108
  2.111   2.111   2.123   2.133   2.136   2.142   2.144   2.148
  2.149   2.151   2.155   2.158   2.160   2.162   2.165   2.168
  2.168   2.171   2.182   2.184   2.194   2.195   2.198   2.201
  2.202   2.204   2.205   2.207   2.208   2.210   2.214   2.215
  2.219   2.220   2.230   2.231   2.231   2.232   2.239   2.245
  2.247   2.249   2.251   2.257   2.260   2.262   2.268   2.270
  2.274   2.276   2.277   2.282   2.286   2.288   2.292   2.297
  2.307   2.310   2.312   2.319   2.320   2.322   2.322   2.324
  2.333   2.337   2.340   2.346   2.346   2.349   2.352   2.354
  2.355   2.358   2.360   2.361   2.364   2.368   2.370   2.374
  2.376   2.378   2.381   2.387   2.387   2.388   2.390   2.394
  2.396   2.398   2.401   2.403   2.406   2.410   2.411   2.415
  2.418   2.422   2.425   2.432   2.436   2.440   2.446   2.454
  2.459   2.466   2.471   2.473   2.478   2.480   2.485   2.488
  2.498   2.499   2.500   2.503   2.506   2.508   2.516   2.525
  2.528   2.530   2.542   2.562   2.568   2.573   2.580   2.597
  2.604   2.609   2.613   2.623   2.631   2.635   2.643   2.644
  2.644   2.645   2.658   2.658   2.665   2.672   2.678   2.680
  2.684   2.688   2.690   2.693   2.694   2.698   2.709   2.713
  2.725   2.727   2.729   2.735   2.737   2.739   2.740   2.741
  2.742   2.751   2.753   2.753   2.763   2.764   2.769   2.774
  2.778   2.783   2.785   2.787   2.789   2.791   2.791   2.791
  2.792   2.795   2.802   2.808   2.809   2.811   2.813   2.816
  2.817   2.823   2.824   2.828   2.832   2.835   2.843   2.849
  2.854   2.861   2.865   2.867   2.870   2.878   2.887   2.899
  2.904   2.905   2.912   2.914   2.923   2.926   2.935   2.946
  2.948   2.950   2.955   2.977   2.984   3.000   3.003   3.013
  3.015   3.018   3.030   3.033   3.054   3.062   3.077   3.082
  3.082   3.105   3.135   3.147   3.159   3.239   3.257   3.259
  3.297   3.312   3.338   3.364   3.404   3.444   3.452   3.482
  3.490   3.491   3.494   3.496   3.517   3.519   3.539   3.552
  3.667   3.677   9.599   9.755  13.142  13.178  13.247  13.251
 13.275  13.286  13.441  13.497  13.511  13.519  13.525  13.550
 13.666  13.672  13.680  13.682  13.686  13.694  13.705  13.714
 13.718  13.724  13.730  13.771  13.774  13.796  13.802  13.807
 13.861  13.870  13.892  13.927  13.930  14.002  14.005  14.034
 14.035  14.038  14.041  14.047  14.054  14.057  14.151  14.153
 14.157  14.159  14.163  14.163  14.165  14.177  14.184  14.187
 14.190  14.202  14.222  14.239  14.263  14.270  14.282  14.292
 14.316  14.318  14.343  14.347  14.511  14.516  14.562  14.569
 14.581  14.581  14.583  14.584  14.586  14.590  14.591  14.612
 19.683  19.687
 --------------------------------------------------------------
 
          Ground-State Mulliken Net Atomic Charges

     Atom                 Charge (a.u.)    Spin (a.u.)
  --------------------------------------------------------
      1 C                    -0.149736       0.000000
      2 C                    -0.399350       0.000000
      3 H                     0.232464       0.000000
      4 C                     0.118068      -0.000000
      5 C                     0.095100      -0.000000
      6 C                    -0.394038       0.000000
      7 H                     0.234004       0.000000
      8 C                    -0.146745      -0.000000
      9 C                     0.196637      -0.000000
     10 C                    -0.376704       0.000000
     11 H                     0.219326       0.000000
     12 C                    -0.064827      -0.000000
     13 C                     0.253486       0.000000
     14 C                     0.196507       0.000000
     15 C                    -0.385170      -0.000000
     16 H                     0.218740      -0.000000
     17 C                    -0.204947      -0.000000
     18 H                     0.226757       0.000000
     19 C                    -0.332336      -0.000000
     20 H                     0.220757      -0.000000
     21 C                    -0.202333       0.000000
     22 H                     0.226379       0.000000
     23 C                    -0.336051      -0.000000
     24 H                     0.221237      -0.000000
     25 B                     0.625939      -0.000000
     26 C                    -0.142629       0.000000
     27 C                    -0.383410       0.000000
     28 H                     0.235824       0.000000
     29 C                     0.092364      -0.000000
     30 C                     0.119818       0.000000
     31 C                    -0.393773       0.000000
     32 H                     0.232165       0.000000
     33 C                    -0.149152      -0.000000
     34 C                     0.198869      -0.000000
     35 C                    -0.378337       0.000000
     36 H                     0.219675       0.000000
     37 C                    -0.066808      -0.000000
     38 C                     0.251749       0.000000
     39 C                     0.198599       0.000000
     40 C                    -0.386262      -0.000000
     41 H                     0.218337      -0.000000
     42 C                    -0.204897      -0.000000
     43 H                     0.226609       0.000000
     44 C                    -0.331748      -0.000000
     45 H                     0.220442       0.000000
     46 C                    -0.201589       0.000000
     47 H                     0.224727       0.000000
     48 C                    -0.335905      -0.000000
     49 H                     0.221048       0.000000
     50 B                     0.645774      -0.000000
     51 C                    -0.214543      -0.000000
     52 C                     0.063105      -0.000000
     53 C                    -0.326770       0.000000
     54 H                     0.230377      -0.000000
     55 C                     0.255017      -0.000000
     56 C                    -0.330284       0.000000
     57 H                     0.224297       0.000000
     58 C                     0.078305       0.000000
     59 N                    -0.671762       0.000000
     60 C                     0.322887      -0.000000
     61 C                    -0.301659       0.000000
     62 H                     0.248612       0.000000
     63 C                    -0.211164      -0.000000
     64 H                     0.218047       0.000000
     65 C                    -0.243349      -0.000000
     66 H                     0.214615       0.000000
     67 C                    -0.209545       0.000000
     68 H                     0.215364       0.000000
     69 C                    -0.287423      -0.000000
     70 H                     0.241664      -0.000000
     71 C                     0.304895      -0.000000
     72 C                    -0.276804       0.000000
     73 H                     0.247300       0.000000
     74 C                    -0.215911       0.000000
     75 H                     0.219781      -0.000000
     76 C                    -0.237321      -0.000000
     77 H                     0.216348      -0.000000
     78 C                    -0.212691       0.000000
     79 H                     0.212351       0.000000
     80 C                    -0.280337      -0.000000
     81 H                     0.242530       0.000000
     82 C                    -0.555704       0.000000
     83 H                     0.257309      -0.000000
     84 H                     0.233931      -0.000000
     85 C                    -0.545928      -0.000000
     86 H                     0.252006       0.000000
     87 H                     0.231621       0.000000
     88 C                    -0.647121      -0.000000
     89 H                     0.248450      -0.000000
     90 H                     0.216284       0.000000
     91 H                     0.218313       0.000000
     92 C                    -0.646413       0.000000
     93 H                     0.241444       0.000000
     94 H                     0.216962       0.000000
     95 H                     0.220586      -0.000000
     96 C                    -0.253027      -0.000000
     97 C                     0.082914       0.000000
     98 C                    -0.382359      -0.000000
     99 H                     0.240568       0.000000
    100 C                     0.335614       0.000000
    101 N                    -0.662000      -0.000000
    102 C                    -0.385834       0.000000
    103 H                     0.238180       0.000000
    104 C                     0.104078      -0.000000
    105 C                     0.255946      -0.000000
    106 C                    -0.259375      -0.000000
    107 H                     0.242815      -0.000000
    108 C                    -0.218492       0.000000
    109 H                     0.222394       0.000000
    110 C                    -0.231549      -0.000000
    111 H                     0.219550      -0.000000
    112 C                    -0.219619      -0.000000
    113 H                     0.223132       0.000000
    114 C                    -0.255789       0.000000
    115 H                     0.245563       0.000000
    116 C                     0.269372      -0.000000
    117 C                    -0.265731       0.000000
    118 H                     0.242706      -0.000000
    119 C                    -0.217336      -0.000000
    120 H                     0.222032      -0.000000
    121 C                    -0.232664       0.000000
    122 H                     0.219067       0.000000
    123 C                    -0.218993      -0.000000
    124 H                     0.221590      -0.000000
    125 C                    -0.261592       0.000000
    126 H                     0.246962      -0.000000
    127 C                    -0.553795       0.000000
    128 H                     0.257850      -0.000000
    129 H                     0.231475      -0.000000
    130 C                    -0.540210       0.000000
    131 H                     0.246679       0.000000
    132 H                     0.227788      -0.000000
    133 C                    -0.644549      -0.000000
    134 H                     0.244724      -0.000000
    135 H                     0.215611       0.000000
    136 H                     0.215261       0.000000
    137 C                    -0.645758      -0.000000
    138 H                     0.240429       0.000000
    139 H                     0.218620       0.000000
    140 H                     0.215424       0.000000
  --------------------------------------------------------
  Sum of atomic charges =    -0.000000
  Sum of spin   charges =     0.000000

 -----------------------------------------------------------------
                    Cartesian Multipole Moments
 -----------------------------------------------------------------
    Charge (ESU x 10^10)
                -0.0000
    Dipole Moment (Debye)
         X      -1.7966      Y      -0.1227      Z      -1.1823
       Tot       2.1542
    Quadrupole Moments (Debye-Ang)
        XX    -418.2937     XY      -1.8541     YY    -463.2313
        XZ     -10.1501     YZ      -0.0245     ZZ    -402.0213
    Octopole Moments (Debye-Ang^2)
       XXX     -79.3918    XXY    -124.5797    XYY     -48.3365
       YYY    -634.7616    XXZ     537.9043    XYZ     -28.0603
       YYZ     645.1566    XZZ     -28.6855    YZZ    -208.4649
       ZZZ    1800.4561
    Hexadecapole Moments (Debye-Ang^3)
      XXXX  -62958.0376   XXXY     672.1427   XXYY  -12190.0149
      XYYY    1007.4078   YYYY   -8052.7085   XXXZ   -9133.9936
      XXYZ      61.8381   XYYZ   -2155.3558   YYYZ    1573.3714
      XXZZ  -18318.8336   XYZZ     230.5131   YYZZ  -10249.5570
      XZZZ   -9412.1738   YZZZ    1089.6928   ZZZZ  -47381.5805
 -----------------------------------------------------------------
Archival summary:
1\1\ctcp006\SP\ProcedureUnspecified\BasisUnspecified\276260\mewes\ThuNov110:59:012018ThuNov110:59:012018\0\\#,ProcedureUnspecified,BasisUnspecified,\\0,1\C\C,1,1.4112\H,2,1.08473,1,119.055\C,2,1.37434,1,121.025,3,179.31,0\C,4,1.42465,2,119.376,1,-0.374089,0\C,5,1.36755,4,120.723,2,-0.224394,0\H,6,1.08656,5,119.03,4,-179.146,0\C,6,1.41114,5,120.746,4,0.549349,0\C,5,1.45837,4,108.452,2,-179.193,0\C,9,1.37248,5,135.104,4,179.928,0\H,10,1.08356,9,121.745,5,0.682727,0\C,9,1.40737,5,106.209,4,0.245974,0\C,12,1.39268,9,123.793,5,179.51,0\C,12,1.41097,9,111.37,5,-0.257716,0\C,14,1.37201,12,117.739,9,179.884,0\H,15,1.0828,14,121.708,12,179.873,0\C,10,1.41287,9,118.688,5,-179.495,0\H,17,1.08299,10,118.682,9,-179.921,0\C,17,1.37556,10,122.312,9,0.0172355,0\H,19,1.08332,17,119.894,10,179.953,0\C,13,1.41475,12,116.027,9,-179.793,0\H,21,1.08319,13,120.149,12,179.989,0\C,21,1.37537,13,119.769,12,-0.0338734,0\H,23,1.08252,21,118.813,13,-179.938,0\B,8,1.52687,6,121.338,5,-177.969,0\C,25,1.52591,8,120.782,6,-178.881,0\C,26,1.41072,25,121.336,8,179.253,0\H,27,1.08705,26,119.81,25,-1.05644,0\C,27,1.3695,26,120.684,25,178.762,0\C,29,1.42547,27,120.687,26,-0.442226,0\C,30,1.37565,29,119.48,27,-0.207851,0\H,31,1.08541,30,120.227,29,-179.093,0\C,31,1.41061,30,120.907,29,0.413575,0\C,29,1.45804,27,130.898,26,-179.989,0\C,34,1.37174,29,134.921,27,-0.434271,0\H,35,1.08343,34,121.775,29,-0.141233,0\C,34,1.40724,29,106.276,27,179.518,0\C,37,1.39116,34,123.823,29,-179.859,0\C,37,1.41093,34,111.273,29,0.0553492,0\C,39,1.3709,37,117.831,34,-179.897,0\H,40,1.08258,39,121.729,37,179.958,0\C,35,1.41248,34,118.564,29,179.908,0\H,42,1.08287,35,118.666,34,179.98,0\C,42,1.37579,35,122.314,34,-0.0282148,0\H,44,1.08322,42,119.818,35,-179.974,0\C,40,1.41485,39,118.635,37,-0.0191286,0\H,46,1.08243,40,118.29,39,179.996,0\C,46,1.37534,40,122.889,39,0.00646975,0\H,48,1.08304,46,120.03,40,-179.997,0\B,33,1.53824,31,120.684,30,-177.785,0\C,50,1.57701,33,121.729,31,5.36473,0\C,51,1.40262,50,121.58,33,-105.91,0\C,52,1.38924,51,120.253,50,-174.171,0\H,53,1.08442,52,120.085,51,179.445,0\C,53,1.38723,52,120.607,51,0.924704,0\C,55,1.38619,53,119.441,52,-1.98119,0\H,56,1.08477,55,119.396,53,-179.891,0\C,56,1.3891,55,120.737,53,1.15861,0\N,55,1.41608,53,119.985,52,175.274,0\C,59,1.39729,55,119.429,53,130.729,0\C,60,1.39642,59,121.654,55,142.85,0\H,61,1.082,60,120.051,59,0.184291,0\C,61,1.38491,60,120.396,59,-178.997,0\H,63,1.08263,61,119.02,60,179.804,0\C,63,1.38631,61,120.91,60,0.990293,0\H,65,1.08162,63,120.597,61,179.36,0\C,65,1.38768,63,118.807,61,-0.3819,0\H,67,1.08253,65,120.06,63,-179.997,0\C,67,1.38336,65,120.849,63,-0.538883,0\H,69,1.08221,67,119.879,65,-179.748,0\C,59,1.40246,55,117.431,53,-60.3283,0\C,71,1.39481,59,120.87,55,145.041,0\H,72,1.08234,71,119.604,59,0.33699,0\C,72,1.38457,71,120.313,59,-179.289,0\H,74,1.08243,72,119.261,71,179.857,0\C,74,1.38766,72,120.708,71,0.981567,0\H,76,1.08174,74,120.453,72,179.345,0\C,76,1.38678,74,119.075,72,-0.405069,0\H,78,1.08276,76,120.082,74,-179.779,0\C,78,1.3846,76,120.68,74,-0.488697,0\H,80,1.08251,78,119.948,76,-179.42,0\C,52,1.50707,51,120.586,50,7.54565,0\H,82,1.0928,52,110.037,51,-40.5474,0\H,82,1.09304,52,109.521,51,-156.86,0\C,58,1.50975,56,118.312,55,176.69,0\H,85,1.09179,58,110.317,56,147.944,0\H,85,1.09329,58,109.26,56,31.7001,0\C,82,1.52688,52,112.46,51,81.2529,0\H,88,1.08999,82,111.217,52,-61.4441,0\H,88,1.09072,82,111.124,52,58.6901,0\H,88,1.0909,82,110.981,52,178.816,0\C,85,1.52813,58,112.687,56,-89.8185,0\H,92,1.08973,85,111.247,58,-60.115,0\H,92,1.09085,85,111.242,58,59.9633,0\H,92,1.0916,85,110.888,58,179.908,0\C,25,1.58258,8,117.145,6,7.77779,0\C,96,1.42653,25,118.908,8,92.237,0\C,97,1.36953,96,120.389,25,-172.44,0\H,98,1.08276,97,119.522,96,-178.628,0\C,98,1.41154,97,120.952,96,-0.121216,0\N,100,1.3626,98,119.888,97,176.775,0\C,100,1.41364,98,119.147,97,-2.3537,0\H,102,1.08277,100,119.584,98,178.363,0\C,102,1.37127,100,120.461,98,2.29735,0\C,101,1.4148,100,122.032,98,155.613,0\C,105,1.39152,101,119.438,100,133.706,0\H,106,1.08224,105,120.066,101,-1.98768,0\C,106,1.38319,105,119.478,101,178.476,0\H,108,1.08146,106,119.553,105,179.408,0\C,108,1.38836,106,120.278,105,-0.291827,0\H,110,1.08151,108,120.013,106,-179.888,0\C,110,1.38736,108,119.976,106,-0.197665,0\H,112,1.0814,110,120.185,108,-179.091,0\C,112,1.38452,110,120.296,108,0.0969901,0\H,114,1.08236,112,120.461,110,-178.473,0\C,101,1.41704,100,120.82,98,-24.2989,0\C,116,1.39096,101,119.519,100,131.308,0\H,117,1.08217,116,120.138,101,-0.850416,0\C,117,1.38375,116,119.458,101,179.983,0\H,119,1.0815,117,119.552,116,179.229,0\C,119,1.38821,117,120.312,116,-0.260168,0\H,121,1.08156,119,120.013,117,179.911,0\C,121,1.38735,119,119.977,117,-0.284502,0\H,123,1.0814,121,120.245,119,-179.281,0\C,123,1.3847,121,120.253,119,0.178926,0\H,125,1.08248,123,120.37,121,-179.14,0\C,104,1.50067,102,119.216,100,179.54,0\H,127,1.09141,104,109.735,102,-140.654,0\H,127,1.09277,104,109.477,102,-23.76,0\C,97,1.50319,96,121.415,25,4.65339,0\H,130,1.08908,97,110.301,96,27.1409,0\H,130,1.0934,97,109.185,96,144.106,0\C,127,1.52757,104,111.508,102,97.6726,0\H,133,1.08921,127,111.327,104,61.677,0\H,133,1.08949,127,110.393,104,-178.976,0\H,133,1.09102,127,111.189,104,-59.1503,0\C,130,1.52899,97,111.212,96,-94.9445,0\H,137,1.0894,130,111.24,97,58.9876,0\H,137,1.08975,130,110.491,97,178.542,0\H,137,1.09171,130,111.258,97,-61.6129,0\\\@

 Total job time:  5275.70s(wall), 16062.39s(cpu) 
 Thu Nov  1 10:59:01 2018

        *************************************************************
        *                                                           *
        *  Thank you very much for using Q-Chem.  Have a nice day.  *
        *                                                           *
        *************************************************************


0 sent ACK to 0 
now end server 0 ... 
 
*************************************************************
Job 2 of 2 
*************************************************************
 
mFile = /cm/shared/apps/q-chem/intel/QCHEM_5.0.1_Trunk/bin/mpi/machines
Process 0 of 1 is on ctcp006 - thread support 0
initial socket setup ...start
initial socket setup ...done 
now start server 0 ... 
ctcp006.cm.cluster 10.141.0
Q-Chem Developer Version! Running on 10.141.0.*
                  Welcome to Q-Chem
     A Quantum Leap Into The Future Of Chemistry


 Q-Chem 5.0, Q-Chem, Inc., Pleasanton, CA (2017)

 Yihan Shao,  Zhengting Gan,  E. Epifanovsky,  A. T. B. Gilbert,  M. Wormit,  
 J. Kussmann,  A. W. Lange,  A. Behn,  Jia Deng,  Xintian Feng,  D. Ghosh,  
 M. Goldey,  P. R. Horn,  L. D. Jacobson,  I. Kaliman,  T. Kus,  A. Landau,  
 Jie Liu,  E. I. Proynov,  R. M. Richard,  R. P. Steele,  E. J. Sundstrom,  
 H. L. Woodcock III,  P. M. Zimmerman,  D. Zuev,  B. Albrecht,  E. Alguire,  
 S. A. Baeppler,  Z. Benda,  Y. A. Bernard,  E. J. Berquist,  K. B. Bravaya,  
 D. Casanova,  Chun-Min Chang,  Yunqing Chen,  A. Chien,  K. D. Closser,  
 M. P. Coons,  S. Dasgupta,  M. Diedenhofen,  Hainam Do,  R. G. Edgar,  
 Po-Tung Fang,  S. Fatehi,  Qingguo Feng,  Qinghui Ge,  A. Ghysels,  
 J. Gomes,  J. Gonthier,  A. Gunina,  M. W. D. Hanson-Heine,  
 P. H. P. Harbach,  A. W. Hauser,  J. E. Herr,  E. G. Hohenstein,  
 Z. C. Holden,  Kerwin Hui,  T.-C. Jagau,  Hyunjun Ji,  B. Kaduk,  
 K. Khistyaev,  Jaehoon Kim,  P. Klunzinger,  K. Koh,  D. Kosenkov,  
 T. Kowalczyk,  C. M. Krauter,  A. Kunitsa,  Ka Un Lao,  A. Laurent,  
 K. V. Lawler,  Joonho Lee,  D. Lefrancois,  S. Lehtola,  D. S. Levine,  
 Yi-Pei Li,  You-Sheng Lin,  Fenglai Liu,  E. Livshits,  A. Luenser,  
 P. Manohar,  E. Mansoor,  S. F. Manzer,  Shan-Ping Mao,  Yuezhi Mao,  
 N. Mardirossian,  A. V. Marenich,  L. A. Martinez-Martinez,  S. A. Maurer,  
 N. J. Mayhall,  S. C. McKenzie,  J.-M. Mewes,  A. F. Morrison,  K. Nanda,  
 T. S. Nguyen-Beck,  R. Olivares-Amaya,  J. A. Parkhill,  T. M. Perrine,  
 F. Plasser,  S. Prager,  A. Prociuk,  D. R. Rehn,  F. Rob,  M. Schneider,  
 N. Sergueev,  S. M. Sharada,  S. Sharma,  D. W. Small,  T. Stauch,  
 T. Stein,  Yu-Chuan Su,  A. J. W. Thom,  T. Tsuchimochi,  L. Vogt,  
 O. Vydrov,  M. A. Watson,  J. Wenzel,  M. de Wergifosse,  T. A. Wesolowski,  
 A. White,  J. Witte,  A. Yamada,  Jun Yang,  K. Yao,  S. Yeganeh,  
 S. R. Yost,  Zhi-Qiang You,  A. Zech,  Igor Ying Zhang,  Xing Zhang,  
 Yan Zhao,  Ying Zhu,  B. R. Brooks,  G. K. L. Chan,  C. J. Cramer,  
 M. S. Gordon,  W. J. Hehre,  A. Klamt,  M. W. Schmidt,  C. D. Sherrill,  
 D. G. Truhlar,  A. Aspuru-Guzik,  R. Baer,  A. T. Bell,  N. A. Besley,  
 Jeng-Da Chai,  A. Dreuw,  B. D. Dunietz,  T. R. Furlani,  Chao-Ping Hsu,  
 Yousung Jung,  Jing Kong,  D. S. Lambrecht,  WanZhen Liang,  C. Ochsenfeld,  
 V. A. Rassolov,  L. V. Slipchenko,  J. E. Subotnik,  T. Van Voorhis,  
 J. M. Herbert,  A. I. Krylov,  P. M. W. Gill,  M. Head-Gordon

 Contributors to earlier versions of Q-Chem not listed above: 
 R. D. Adamson,  B. Austin,  J. Baker,  G. J. O. Beran,  K. Brandhorst,  
 S. T. Brown,  E. F. C. Byrd,  A. K. Chakraborty,  C.-L. Cheng,  
 Siu Hung Chien,  D. M. Chipman,  D. L. Crittenden,  H. Dachsel,  
 R. A. DiStasio Jr.,  R. J. Doerksen,  A. D. Dutoi,  L. Fusti-Molnar,  
 W. A. Goddard III,  A. Golubeva-Zadorozhnaya,  S. R. Gwaltney,  G. Hawkins,  
 A. Heyden,  S. Hirata,  G. Kedziora,  F. J. Keil,  C. Kelley,  Jihan Kim,  
 R. A. King,  R. Z. Khaliullin,  P. P. Korambath,  W. Kurlancheek,  
 A. M. Lee,  M. S. Lee,  S. V. Levchenko,  Ching Yeh Lin,  D. Liotard,  
 R. C. Lochan,  I. Lotan,  P. E. Maslen,  N. Nair,  D. P. O'Neill,  
 D. Neuhauser,  E. Neuscamman,  C. M. Oana,  R. Olson,  B. Peters,  
 R. Peverati,  P. A. Pieniazek,  Y. M. Rhee,  J. Ritchie,  M. A. Rohrdanz,  
 E. Rosta,  N. J. Russ,  H. F. Schaefer III,  N. E. Schultz,  N. Shenvi,  
 A. C. Simmonett,  A. Sodt,  D. Stuck,  K. S. Thanthiriwatte,  V. Vanovschi,  
 Tao Wang,  A. Warshel,  C. F. Williams,  Q. Wu,  X. Xu,  W. Zhang

 Please cite Q-Chem as follows:
 Y. Shao et al., Mol. Phys. 113, 184-215 (2015)
 DOI: 10.1080/00268976.2014.952696

 Q-Chem 5.0.1 for Intel X86 EM64T Linux

 Parts of Q-Chem use Armadillo 5.200.1 (Boston Tea Smuggler).
 http://arma.sourceforge.net/

 Q-Chem begins on Thu Nov  1 10:59:05 2018  

Host: ctcp006
0

     Scratch files written to /scratch/mewes/139234/qchem119076//
 Parallel job on  1  processors
The previous job contains 0 fragments, simply inherited here
Symmetry turned off for PCM/SM12/SMD calculation

Checking the input file for inconsistencies... 	...done.

--------------------------------------------------------------
User input:
--------------------------------------------------------------

$rem
threads 8
jobtype opt
method PBEh-3c
basis def2-mSVP
scf_guess	read
mem_static      1024
mem_total       8000
sym_ignore      true
unrestricted true
mom_start       1
scf_algorithm	diis
scf_max_cycles	250
solvent_method	pcm
geom_opt_tol_energy 25
geom_opt_tol_gradient 75
$end

$solvent
dielectric      1.0001
$end

$pcm
theory iefpcm
$end

$occupied
1 2 3 4 5 6 7 8 9 10 11 12 13 14 15 16 17 18 19 20 21 22 23 24 25 26 27 28 29 30 31 32 33 34 35 36 37 38 39 40 41 42 43 44 45 46 47 48 49 50 51 52 53 54 55 56 57 58 59 60 61 62 63 64 65 66 67 68 69 70 71 72 73 74 75 76 77 78 79 80 81 82 83 84 85 86 87 88 89 90 91 92 93 94 95 96 97 98 99 100 101 102 103 104 105 106 107 108 109 110 111 112 113 114 115 116 117 118 119 120 121 122 123 124 125 126 127 128 129 130 131 132 133 134 135 136 137 138 139 140 141 142 143 144 145 146 147 148 149 150 151 152 153 154 155 156 157 158 159 160 161 162 163 164 165 166 167 168 169 170 171 172 173 174 175 176 177 178 179 180 181 182 183 184 185 186 187 188 189 190 191 192 193 194 195 196 197 198 199 200 201 202 203 204 205 206 207 208 209 210 211 212 213 214 215 216 217 218 219 220 221 222 223 224 225 226 227 228 229 230 231 232 233 234 235 236 237 238 239 240 241 242 243 244 245 246 247 248 249 250 251 252 253 254 255 256 257 258 259 260 261 262 263 264 265 266 267 268 269  271
1 2 3 4 5 6 7 8 9 10 11 12 13 14 15 16 17 18 19 20 21 22 23 24 25 26 27 28 29 30 31 32 33 34 35 36 37 38 39 40 41 42 43 44 45 46 47 48 49 50 51 52 53 54 55 56 57 58 59 60 61 62 63 64 65 66 67 68 69 70 71 72 73 74 75 76 77 78 79 80 81 82 83 84 85 86 87 88 89 90 91 92 93 94 95 96 97 98 99 100 101 102 103 104 105 106 107 108 109 110 111 112 113 114 115 116 117 118 119 120 121 122 123 124 125 126 127 128 129 130 131 132 133 134 135 136 137 138 139 140 141 142 143 144 145 146 147 148 149 150 151 152 153 154 155 156 157 158 159 160 161 162 163 164 165 166 167 168 169 170 171 172 173 174 175 176 177 178 179 180 181 182 183 184 185 186 187 188 189 190 191 192 193 194 195 196 197 198 199 200 201 202 203 204 205 206 207 208 209 210 211 212 213 214 215 216 217 218 219 220 221 222 223 224 225 226 227 228 229 230 231 232 233 234 235 236 237 238 239 240 241 242 243 244 245 246 247 248 249 250 251 252 253 254 255 256 257 258 259 260 261 262 263 264 265 266 267 268 269 270
$end

$molecule
read 
$end

--------------------------------------------------------------
 Adding empirical dispersion correction 
 ----------------------------------------------------------------
 Doing -D3(BJ) with
 s6 =   1.00000
 s8 =   0.00000
 a1 =   0.48600
 a2 =   4.50000
 -D3 energy including 3body term =     -0.1355486247 hartrees
 ----------------------------------------------------------------
 Adding gCP correction 
 ----------------------------------------------------------------
 gCP energy =      0.1922344961 hartrees
 ----------------------------------------------------------------
             Standard Nuclear Orientation (Angstroms)
    I     Atom           X                Y                Z
 ----------------------------------------------------------------
    1      C      -0.1891160000     0.9129910000     0.3733330000
    2      C      -0.1944740000     0.8611420000     1.7829750000
    3      H       0.7539100000     0.8230100000     2.3094920000
    4      C      -1.3773840000     0.8485740000     2.4851080000
    5      C      -2.6139890000     0.8795870000     1.7767180000
    6      C      -2.6345210000     0.9259080000     0.4081530000
    7      H      -3.5884970000     0.9386820000    -0.1128520000
    8      C      -1.4322420000     0.9532750000    -0.3293470000
    9      C      -3.7016480000     0.8443490000     2.7470980000
   10      C      -5.0710780000     0.8514260000     2.6678320000
   11      H      -5.5872530000     0.8928140000     1.7161620000
   12      C      -3.0962520000     0.7913030000     4.0163470000
   13      C      -3.8064250000     0.7428990000     5.2115990000
   14      C      -1.6891320000     0.7919080000     3.9127690000
   15      C      -0.9619050000     0.7407610000     5.0737510000
   16      H       0.1206510000     0.7374280000     5.0677670000
   17      C      -5.8171860000     0.8041840000     3.8662390000
   18      H      -6.8983400000     0.8100180000     3.8056030000
   19      C      -5.2184030000     0.7510130000     5.1037540000
   20      H      -5.8301080000     0.7155450000     5.9970180000
   21      C      -1.6548860000     0.6908170000     6.3062640000
   22      H      -1.0751710000     0.6505010000     7.2194750000
   23      C      -3.0275660000     0.6911570000     6.3918070000
   24      H      -3.5102630000     0.6517680000     7.3605280000
   25      B      -1.4375360000     0.9767830000    -1.8550620000
   26      C      -0.1289400000     1.0234160000    -2.6403800000
   27      C      -0.1206350000     1.0690430000    -4.0507590000
   28      H      -1.0561720000     1.0998600000    -4.6025100000
   29      C       1.0585700000     1.0688980000    -4.7433390000
   30      C       2.3056940000     1.0109370000    -4.0570900000
   31      C       2.3177470000     0.9593850000    -2.6837720000
   32      H       3.2617190000     0.8975160000    -2.1529960000
   33      C       1.1154980000     0.9709130000    -1.9448890000
   34      C       1.3217070000     1.0960700000    -6.1775190000
   35      C       0.5447900000     1.1484940000    -7.3077150000
   36      H      -0.5365900000     1.1922410000    -7.2546530000
   37      C       2.7208990000     1.0480330000    -6.3212040000
   38      C       3.3736160000     1.0456510000    -7.5514560000
   39      C       3.3651350000     0.9978560000    -5.0669020000
   40      C       4.7360740000     0.9450700000    -5.0547920000
   41      H       5.2959820000     0.9068320000    -4.1287790000
   42      C       1.1814790000     1.1486820000    -8.5689930000
   43      H       0.5683980000     1.1913570000    -9.4607260000
   44      C       2.5496490000     1.0978960000    -8.7020000000
   45      H       2.9966120000     1.0992660000    -9.6888200000
   46      C       5.4279730000     0.9417600000    -6.2888440000
   47      H       6.5095380000     0.8999480000    -6.2709520000
   48      C       4.7864630000     0.9892490000    -7.5045090000
   49      H       5.3615080000     0.9838370000    -8.4224400000
   50      B       1.1350790000     0.8757390000    -0.4085170000
   51      C       2.5190480000     0.6542200000     0.3143370000
   52      C       2.8990820000    -0.6415180000     0.6954200000
   53      C       4.1688270000    -0.8735380000     1.2087450000
   54      H       4.4678000000    -1.8817440000     1.4749570000
   55      C       5.0706100000     0.1674360000     1.3658570000
   56      C       4.6884990000     1.4574580000     1.0278460000
   57      H       5.3930620000     2.2712080000     1.1596170000
   58      C       3.4289110000     1.7059300000     0.4971040000
   59      N       6.3906720000    -0.0858420000     1.8114800000
   60      C       6.5909130000    -0.8296650000     2.9772670000
   61      C       7.6484660000    -1.7336520000     3.0971960000
   62      H       8.3401690000    -1.8703110000     2.2764700000
   63      C       7.8104240000    -2.4727360000     4.2571580000
   64      H       8.6362580000    -3.1695150000     4.3249500000
   65      C       6.9192840000    -2.3474010000     5.3116790000
   66      H       7.0447380000    -2.9346920000     6.2112640000
   67      C       5.8602970000    -1.4588870000     5.1902190000
   68      H       5.1523750000    -1.3448870000     6.0012160000
   69      C       5.6981100000    -0.7009590000     4.0443900000
   70      H       4.8688350000    -0.0098350000     3.9680320000
   71      C       7.4394170000     0.2211910000     0.9324060000
   72      C       8.6576860000     0.7021290000     1.4120180000
   73      H       8.7980530000     0.8352430000     2.4769270000
   74      C       9.6802510000     1.0154760000     0.5327030000
   75      H      10.6178530000     1.3896420000     0.9232980000
   76      C       9.5047410000     0.8763730000    -0.8367670000
   77      H      10.3028530000     1.1324110000    -1.5206040000
   78      C       8.2902300000     0.4095700000    -1.3165680000
   79      H       8.1368050000     0.2913800000    -2.3818670000
   80      C       7.2674390000     0.0759340000    -0.4449620000
   81      H       6.3274580000    -0.2961980000    -0.8319650000
   82      C       1.9879660000    -1.8252600000     0.4764280000
   83      H       0.9465390000    -1.5355030000     0.6296150000
   84      H       2.2031620000    -2.5898300000     1.2276970000
   85      C       3.0419090000     3.1224060000     0.1578540000
   86      H       2.4653130000     3.1409460000    -0.7702630000
   87      H       3.9427200000     3.7116110000    -0.0322080000
   88      C       2.1382640000    -2.4349330000    -0.9167260000
   89      H       1.9019080000    -1.7080940000    -1.6934780000
   90      H       3.1576900000    -2.7834880000    -1.0877170000
   91      H       1.4686860000    -3.2878080000    -1.0426320000
   92      C       2.2259940000     3.7853410000     1.2651790000
   93      H       1.2901950000     3.2537830000     1.4378230000
   94      H       2.7791320000     3.8014910000     2.2050950000
   95      H       1.9770180000     4.8148350000     1.0039840000
   96      C      -2.7718280000     0.7911440000    -2.6855860000
   97      C      -3.2720330000    -0.5272830000    -2.9013250000
   98      C      -4.3331500000    -0.7368330000    -3.7414030000
   99      H      -4.7156680000    -1.7405650000    -3.8776620000
  100      C      -4.9552170000     0.3407390000    -4.4079810000
  101      N      -5.9664610000     0.1012190000    -5.2892890000
  102      C      -4.5021430000     1.6568720000    -4.1611910000
  103      H      -4.9563390000     2.4862960000    -4.6885930000
  104      C      -3.4412140000     1.8809190000    -3.3217860000
  105      C      -6.0814550000    -1.1528250000    -5.9390200000
  106      C      -7.3095390000    -1.8057300000    -5.9562110000
  107      H      -8.1665360000    -1.3642490000    -5.4645400000
  108      C      -7.4204770000    -3.0300820000    -6.5913540000
  109      H      -8.3715560000    -3.5449430000    -6.5948610000
  110      C      -6.3170070000    -3.6003320000    -7.2112660000
  111      H      -6.4088250000    -4.5582010000    -7.7050490000
  112      C      -5.0973520000    -2.9392120000    -7.2006850000
  113      H      -4.2378110000    -3.3739860000    -7.6922090000
  114      C      -4.9742040000    -1.7124950000    -6.5702990000
  115      H      -4.0269890000    -1.1885200000    -6.5728130000
  116      C      -6.9421200000     1.0789000000    -5.5956900000
  117      C      -7.2843110000     1.3106900000    -6.9244180000
  118      H      -6.7830580000     0.7688180000    -7.7158500000
  119      C      -8.2607310000     2.2437860000    -7.2230030000
  120      H      -8.5208340000     2.4318360000    -8.2557420000
  121      C      -8.8988800000     2.9394280000    -6.2049740000
  122      H      -9.6630060000     3.6667590000    -6.4432140000
  123      C      -8.5605430000     2.6965830000    -4.8816030000
  124      H      -9.0657520000     3.2258420000    -4.0853160000
  125      C      -7.5863120000     1.7635970000    -4.5696610000
  126      H      -7.3375900000     1.5542210000    -3.5372800000
  127      C      -2.6184460000    -1.7259410000    -2.2723360000
  128      H      -2.1162910000    -1.4413710000    -1.3487780000
  129      H      -3.3880250000    -2.4535580000    -2.0005790000
  130      C      -2.9768700000     3.2886260000    -3.0878080000
  131      H      -1.8865690000     3.3149600000    -3.0462900000
  132      H      -3.2758360000     3.9158510000    -3.9312290000
  133      C      -1.6168210000    -2.3750270000    -3.2279680000
  134      H      -0.8381950000    -1.6717180000    -3.5210340000
  135      H      -1.1315930000    -3.2264930000    -2.7514100000
  136      H      -2.1092140000    -2.7331200000    -4.1341370000
  137      C      -3.5537640000     3.8609580000    -1.7943190000
  138      H      -3.2286490000     3.2870420000    -0.9275460000
  139      H      -3.2200470000     4.8882230000    -1.6516640000
  140      H      -4.6445860000     3.8609930000    -1.8151320000
 ----------------------------------------------------------------
 Nuclear Repulsion Energy = 12182.2012922154 hartrees
 There are      270 alpha and      270 beta electrons
 Requested basis set is def2-mSVP
 There are 680 shells and 1320 basis functions

 Total QAlloc Memory Limit   8000 MB
 Mega-Array Size      1001 MB
 MEM_STATIC part      1024 MB
 Discretize the solute cavity surface with Lebedev spheres
	Using 302 Lebedev grid points for each H atom
	Using 302 Lebedev grid points for other atoms
	Atomic van der Waals radii will be scaled by 1.20
 Remove points where switching function is < 1.0e-08
 Keep 14576 surface tesserae and discard 27704 interior tesserae
 Molecular Surface Area = 1075.863 Angst**2
 A cutoff of  1.0D-11 yielded  63256 shell pairs
 There are    245644 function pairs (    270096 Cartesian)
 
 -------------------------------------------------------
 OpenMP Integral Computing Module                       
 Release: version 1.0, May 2013, Q-Chem Inc. Pittsburgh 
 -------------------------------------------------------
 Integral Job Info:
 Integral job number is                      11
 Integral operator is                         1
 short-range coefficients                     0
 long-range coefficients              100000000
 Omega coefficients                           0
 if combine SR and LR in K                    0
 Integral screening is                        0
 Integral computing path is                   2
 max size of driver memory is            800000
 size of driver memory is                593474
 size of scratch memory is              1809772
 max col of scratch BK array               1296
 max len of scratch array in speh3          155
 max len of scratch index in speh4           18
 max int batch size is                      520
 min int batch size is                       52
 fixed nKL is                                52
 max L of basis functions is                  2
 order of int derivative is                   0
 number of shells is                        680
 number of basis is                        1400
 number of cartesian basis is              1400
 number of contracted shell pairs         63256
 number of primitive shell pairs         130594
 maxK2 (contraction) of shell pair           25
 max number of K2 of shell pair               1
 max number of CS2 of shell pair          15625
 max number of PS2 of shell pair          22895
 mem total for path MDJ                  637096
 -------------------------------------------------------
 Smallest overlap matrix eigenvalue = 1.94E-04

 Scale SEOQF with 1.000000e-02/1.000000e-01/1.000000e-02

 Standard Electronic Orientation quadrupole field applied
 Nucleus-field energy     =     0.0000000449 hartrees
 Guess MOs from SCF MO coefficient file
 Reading MOs from coefficient file
 User-specified occupied guess orbitals will be used
   Alpha:
   1   2   3   4   5   6   7   8   9  10  11  12  13  14  15
  16  17  18  19  20  21  22  23  24  25  26  27  28  29  30
  31  32  33  34  35  36  37  38  39  40  41  42  43  44  45
  46  47  48  49  50  51  52  53  54  55  56  57  58  59  60
  61  62  63  64  65  66  67  68  69  70  71  72  73  74  75
  76  77  78  79  80  81  82  83  84  85  86  87  88  89  90
  91  92  93  94  95  96  97  98  99 100 101 102 103 104 105
 106 107 108 109 110 111 112 113 114 115 116 117 118 119 120
 121 122 123 124 125 126 127 128 129 130 131 132 133 134 135
 136 137 138 139 140 141 142 143 144 145 146 147 148 149 150
 151 152 153 154 155 156 157 158 159 160 161 162 163 164 165
 166 167 168 169 170 171 172 173 174 175 176 177 178 179 180
 181 182 183 184 185 186 187 188 189 190 191 192 193 194 195
 196 197 198 199 200 201 202 203 204 205 206 207 208 209 210
 211 212 213 214 215 216 217 218 219 220 221 222 223 224 225
 226 227 228 229 230 231 232 233 234 235 236 237 238 239 240
 241 242 243 244 245 246 247 248 249 250 251 252 253 254 255
 256 257 258 259 260 261 262 263 264 265 266 267 268 269 271
 Reading MOs from coefficient file
   Beta:
   1   2   3   4   5   6   7   8   9  10  11  12  13  14  15
  16  17  18  19  20  21  22  23  24  25  26  27  28  29  30
  31  32  33  34  35  36  37  38  39  40  41  42  43  44  45
  46  47  48  49  50  51  52  53  54  55  56  57  58  59  60
  61  62  63  64  65  66  67  68  69  70  71  72  73  74  75
  76  77  78  79  80  81  82  83  84  85  86  87  88  89  90
  91  92  93  94  95  96  97  98  99 100 101 102 103 104 105
 106 107 108 109 110 111 112 113 114 115 116 117 118 119 120
 121 122 123 124 125 126 127 128 129 130 131 132 133 134 135
 136 137 138 139 140 141 142 143 144 145 146 147 148 149 150
 151 152 153 154 155 156 157 158 159 160 161 162 163 164 165
 166 167 168 169 170 171 172 173 174 175 176 177 178 179 180
 181 182 183 184 185 186 187 188 189 190 191 192 193 194 195
 196 197 198 199 200 201 202 203 204 205 206 207 208 209 210
 211 212 213 214 215 216 217 218 219 220 221 222 223 224 225
 226 227 228 229 230 231 232 233 234 235 236 237 238 239 240
 241 242 243 244 245 246 247 248 249 250 251 252 253 254 255
 256 257 258 259 260 261 262 263 264 265 266 267 268 269 270
 An unrestricted hybrid HF-DFT SCF calculation will be
 performed using Pulay DIIS extrapolation
 Polarizable Continuum solvation model will be applied
 Exchange:     0.4200 Hartree-Fock + 0.5800 PBEh-3c
 Correlation:  1.0000 PBEh-3c
 Using SG-1 standard quadrature grid
 Dispersion:   Grimme D3
 SCF converges when DIIS error is below 1.0E-08
 using 8 threads for integral computing
 -------------------------------------------------------
 OpenMP Integral computing Module                
 Release: version 1.0, May 2013, Q-Chem Inc. Pittsburgh 
 -------------------------------------------------------
 MOM overlap:    269.4906024433 / 270
 MOM overlap:    269.8849394983 / 270
 ---------------------------------------
  Cycle       Energy         DIIS Error
 ---------------------------------------
    1   -3084.6383837876      3.85E-04
 Using non-symmetric K matrix
 MOM overlap:    269.6287467779 / 270
 MOM overlap:    269.9518235995 / 270
    2   -3084.5273767551      7.25E-04
 MOM overlap:    269.9952171216 / 270
 MOM overlap:    269.9976174290 / 270
    3   -3084.6898186192      1.26E-04
 MOM overlap:    269.9967376596 / 270
 MOM overlap:    269.9994390764 / 270
    4   -3084.6948183025      4.35E-05
 MOM overlap:    269.9991679518 / 270
 MOM overlap:    269.9997829620 / 270
    5   -3084.6961480158      2.71E-05
 MOM overlap:    269.9996381878 / 270
 MOM overlap:    269.9999218412 / 270
    6   -3084.6966903247      7.08E-06
 MOM overlap:    269.9997191164 / 270
 MOM overlap:    269.9999070551 / 270
    7   -3084.6968754117      5.40E-06
 MOM overlap:    269.9999247501 / 270
 MOM overlap:    269.9999630507 / 270
    8   -3084.6969953581      1.79E-06
 MOM overlap:    269.9999558032 / 270
 MOM overlap:    269.9999755879 / 270
    9   -3084.6970387356      1.33E-06
