mFile = /cm/shared/apps/q-chem/intel/QCHEM_5.0.1_Trunk/bin/mpi/machines
Process 0 of 1 is on ctcp043 - thread support 0
initial socket setup ...start
initial socket setup ...done 
now start server 0 ... 
ctcp043.cm.cluster 10.141.0
Q-Chem Developer Version! Running on 10.141.0.*
                  Welcome to Q-Chem
     A Quantum Leap Into The Future Of Chemistry


 Q-Chem 5.0, Q-Chem, Inc., Pleasanton, CA (2017)

 Yihan Shao,  Zhengting Gan,  E. Epifanovsky,  A. T. B. Gilbert,  M. Wormit,  
 J. Kussmann,  A. W. Lange,  A. Behn,  Jia Deng,  Xintian Feng,  D. Ghosh,  
 M. Goldey,  P. R. Horn,  L. D. Jacobson,  I. Kaliman,  T. Kus,  A. Landau,  
 Jie Liu,  E. I. Proynov,  R. M. Richard,  R. P. Steele,  E. J. Sundstrom,  
 H. L. Woodcock III,  P. M. Zimmerman,  D. Zuev,  B. Albrecht,  E. Alguire,  
 S. A. Baeppler,  Z. Benda,  Y. A. Bernard,  E. J. Berquist,  K. B. Bravaya,  
 D. Casanova,  Chun-Min Chang,  Yunqing Chen,  A. Chien,  K. D. Closser,  
 M. P. Coons,  S. Dasgupta,  M. Diedenhofen,  Hainam Do,  R. G. Edgar,  
 Po-Tung Fang,  S. Fatehi,  Qingguo Feng,  Qinghui Ge,  A. Ghysels,  
 J. Gomes,  J. Gonthier,  A. Gunina,  M. W. D. Hanson-Heine,  
 P. H. P. Harbach,  A. W. Hauser,  J. E. Herr,  E. G. Hohenstein,  
 Z. C. Holden,  Kerwin Hui,  T.-C. Jagau,  Hyunjun Ji,  B. Kaduk,  
 K. Khistyaev,  Jaehoon Kim,  P. Klunzinger,  K. Koh,  D. Kosenkov,  
 T. Kowalczyk,  C. M. Krauter,  A. Kunitsa,  Ka Un Lao,  A. Laurent,  
 K. V. Lawler,  Joonho Lee,  D. Lefrancois,  S. Lehtola,  D. S. Levine,  
 Yi-Pei Li,  You-Sheng Lin,  Fenglai Liu,  E. Livshits,  A. Luenser,  
 P. Manohar,  E. Mansoor,  S. F. Manzer,  Shan-Ping Mao,  Yuezhi Mao,  
 N. Mardirossian,  A. V. Marenich,  L. A. Martinez-Martinez,  S. A. Maurer,  
 N. J. Mayhall,  S. C. McKenzie,  J.-M. Mewes,  A. F. Morrison,  K. Nanda,  
 T. S. Nguyen-Beck,  R. Olivares-Amaya,  J. A. Parkhill,  T. M. Perrine,  
 F. Plasser,  S. Prager,  A. Prociuk,  D. R. Rehn,  F. Rob,  M. Schneider,  
 N. Sergueev,  S. M. Sharada,  S. Sharma,  D. W. Small,  T. Stauch,  
 T. Stein,  Yu-Chuan Su,  A. J. W. Thom,  T. Tsuchimochi,  L. Vogt,  
 O. Vydrov,  M. A. Watson,  J. Wenzel,  M. de Wergifosse,  T. A. Wesolowski,  
 A. White,  J. Witte,  A. Yamada,  Jun Yang,  K. Yao,  S. Yeganeh,  
 S. R. Yost,  Zhi-Qiang You,  A. Zech,  Igor Ying Zhang,  Xing Zhang,  
 Yan Zhao,  Ying Zhu,  B. R. Brooks,  G. K. L. Chan,  C. J. Cramer,  
 M. S. Gordon,  W. J. Hehre,  A. Klamt,  M. W. Schmidt,  C. D. Sherrill,  
 D. G. Truhlar,  A. Aspuru-Guzik,  R. Baer,  A. T. Bell,  N. A. Besley,  
 Jeng-Da Chai,  A. Dreuw,  B. D. Dunietz,  T. R. Furlani,  Chao-Ping Hsu,  
 Yousung Jung,  Jing Kong,  D. S. Lambrecht,  WanZhen Liang,  C. Ochsenfeld,  
 V. A. Rassolov,  L. V. Slipchenko,  J. E. Subotnik,  T. Van Voorhis,  
 J. M. Herbert,  A. I. Krylov,  P. M. W. Gill,  M. Head-Gordon

 Contributors to earlier versions of Q-Chem not listed above: 
 R. D. Adamson,  B. Austin,  J. Baker,  G. J. O. Beran,  K. Brandhorst,  
 S. T. Brown,  E. F. C. Byrd,  A. K. Chakraborty,  C.-L. Cheng,  
 Siu Hung Chien,  D. M. Chipman,  D. L. Crittenden,  H. Dachsel,  
 R. A. DiStasio Jr.,  R. J. Doerksen,  A. D. Dutoi,  L. Fusti-Molnar,  
 W. A. Goddard III,  A. Golubeva-Zadorozhnaya,  S. R. Gwaltney,  G. Hawkins,  
 A. Heyden,  S. Hirata,  G. Kedziora,  F. J. Keil,  C. Kelley,  Jihan Kim,  
 R. A. King,  R. Z. Khaliullin,  P. P. Korambath,  W. Kurlancheek,  
 A. M. Lee,  M. S. Lee,  S. V. Levchenko,  Ching Yeh Lin,  D. Liotard,  
 R. C. Lochan,  I. Lotan,  P. E. Maslen,  N. Nair,  D. P. O'Neill,  
 D. Neuhauser,  E. Neuscamman,  C. M. Oana,  R. Olson,  B. Peters,  
 R. Peverati,  P. A. Pieniazek,  Y. M. Rhee,  J. Ritchie,  M. A. Rohrdanz,  
 E. Rosta,  N. J. Russ,  H. F. Schaefer III,  N. E. Schultz,  N. Shenvi,  
 A. C. Simmonett,  A. Sodt,  D. Stuck,  K. S. Thanthiriwatte,  V. Vanovschi,  
 Tao Wang,  A. Warshel,  C. F. Williams,  Q. Wu,  X. Xu,  W. Zhang

 Please cite Q-Chem as follows:
 Y. Shao et al., Mol. Phys. 113, 184-215 (2015)
 DOI: 10.1080/00268976.2014.952696

 Q-Chem 5.0.1 for Intel X86 EM64T Linux

 Parts of Q-Chem use Armadillo 5.200.1 (Boston Tea Smuggler).
 http://arma.sourceforge.net/

 Q-Chem begins on Thu Nov  1 09:33:05 2018  

Host: ctcp043
0

     Scratch files written to /scratch/mewes/139239/qchem8405//
 Parallel job on  1  processors
The previous job contains 0 fragments, simply inherited here
Symmetry turned off for PCM/SM12/SMD calculation

Checking the input file for inconsistencies... 	...done.

--------------------------------------------------------------
User input:
--------------------------------------------------------------
$rem
threads 8
jobtype opt
method PBEh-3c
basis def2-mSVP
mem_static      1024
mem_total       8000
sym_ignore      true
unrestricted true
scf_algorithm   diis
scf_max_cycles  250
solvent_method  pcm
geom_opt_tol_energy 25
geom_opt_tol_gradient 75
$end

$pcm
theory  iefpcm
$end

$solvent
dielectric      1.0001
$end

$molecule
read utLEincoords.mol
$end

--------------------------------------------------------------
 Adding empirical dispersion correction 
 ----------------------------------------------------------------
 Doing -D3(BJ) with
 s6 =   1.00000
 s8 =   0.00000
 a1 =   0.48600
 a2 =   4.50000
 -D3 energy including 3body term =     -0.1345407984 hartrees
 ----------------------------------------------------------------
 Adding gCP correction 
 ----------------------------------------------------------------
 gCP energy =      0.1914087897 hartrees
 ----------------------------------------------------------------
             Standard Nuclear Orientation (Angstroms)
    I     Atom           X                Y                Z
 ----------------------------------------------------------------
    1      C       0.0000000000     0.0000000000     0.0000000000
    2      C       0.0000000000     0.0000000000     1.4086440000
    3      H       0.9465140947     0.0000000000     1.9370948439
    4      C      -1.1827195111     0.0101483171     2.1034642064
    5      C      -2.4395600856     0.0444011549     1.3804525546
    6      C      -2.4597568071     0.0639578311     0.0067382011
    7      H      -3.4040186173     0.1092412241    -0.5246512123
    8      C      -1.2640829020     0.0321412064    -0.7163724067
    9      C      -3.5155733716     0.0664365744     2.3422116813
   10      C      -4.8896133081     0.1004965996     2.2599248921
   11      H      -5.4038216475     0.1178372906     1.3072263662
   12      C      -5.6319273761     0.1113929080     3.4572880044
   13      H      -6.7122887927     0.1382724321     3.3977963329
   14      C      -5.0321082001     0.0881823038     4.6978747930
   15      H      -5.6451032478     0.0972813180     5.5906973325
   16      C      -2.9064727108     0.0436418892     3.6158870825
   17      C      -3.6203513904     0.0529060718     4.8106529393
   18      C      -1.4977847436     0.0089810033     3.5240780820
   19      C      -0.7731873740    -0.0196604274     4.6907926912
   20      H       0.3087351888    -0.0497328398     4.6896709092
   21      C      -1.4716069394    -0.0103339913     5.9178729374
   22      H      -0.8995204986    -0.0324612809     6.8360545784
   23      C      -2.8460335457     0.0245698436     5.9936971674
   24      H      -3.3334560865     0.0294505104     6.9607691039
   25      B      -1.3016761945     0.0674835979    -2.2515725527
   26      B       1.3297322971     0.0146675085    -0.7702529784
   27      C       1.3010041041    -0.0733051781    -2.3042389294
   28      C       2.5024650855    -0.1611113632    -3.0331377263
   29      H       3.4448852537    -0.1678807337    -2.4967892281
   30      C       2.4807113597    -0.2361316642    -4.4046241997
   31      C       3.5236111417    -0.3445812620    -5.4096597426
   32      C       4.8954489314    -0.4200239364    -5.3948020992
   33      H       5.4576283248    -0.4040921323    -4.4701071172
   34      C       5.5747930246    -0.5225129347    -6.6274024837
   35      H       6.6550379328    -0.5829560103    -6.6158735223
   36      C       4.9223285439    -0.5495880366    -7.8403071280
   37      H       5.4927512544    -0.6294795152    -8.7572039517
   38      C       2.8672126016    -0.3744137774    -6.6605365589
   39      C       3.5106335333    -0.4742162757    -7.8889693044
   40      C       1.4639532951    -0.2917376459    -6.5174736979
   41      C       0.6730537454    -0.3064205132    -7.6447305626
   42      H      -0.4061903788    -0.2436002407    -7.5847959976
   43      C       1.3042424534    -0.4054840225    -8.8990552857
   44      H       0.6898331615    -0.4172500083    -9.7899557317
   45      C       2.6743489500    -0.4879741310    -9.0327780043
   46      H       3.1119711186    -0.5634152313   -10.0204303008
   47      C       1.2065994792    -0.2066311726    -5.1037970207
   48      C       0.0237743410    -0.1077400311    -4.4082770703
   49      H      -0.9216441344    -0.0721343498    -4.9384000410
   50      C       0.0281586691    -0.0478443317    -3.0132852095
   51      C       2.6846859152     0.1935143113     0.0056519778
   52      C       3.3156778425    -0.8709009115     0.6651871070
   53      C       4.5041980291    -0.6632080170     1.3537052754
   54      H       4.9954287008    -1.4965102331     1.8437314071
   55      C       5.0704763003     0.6042657188     1.4259551118
   56      C       4.4371718923     1.6635285942     0.7883442442
   57      H       4.8659193843     2.6573638200     0.8497646421
   58      C       3.2648934448     1.4687287242     0.0723480041
   59      N       6.2699241518     0.8180220561     2.1319803417
   60      C       6.4299204752     0.2819064379     3.4175302228
   61      C       7.6684803053    -0.2080621913     3.8299937434
   62      H       8.5105067534    -0.1753445636     3.1507578410
   63      C       7.8204407114    -0.7384347707     5.0997273344
   64      H       8.7882177685    -1.1160673748     5.4033904251
   65      C       6.7434873616    -0.8080264713     5.9716768925
   66      H       6.8647037056    -1.2324260970     6.9591614893
   67      C       5.5093652870    -0.3268037890     5.5603373277
   68      H       4.6609211407    -0.3664890601     6.2313782513
   69      C       5.3515296989     0.2236231753     4.2999598792
   70      H       4.3876885467     0.6084472645     3.9923584225
   71      C       7.2362725381     1.6813745840     1.5921032240
   72      C       7.8604973332     2.6423409636     2.3854599753
   73      H       7.6037905428     2.7236905093     3.4339499660
   74      C       8.8005082373     3.4982742118     1.8354139165
   75      H       9.2737717661     4.2401232203     2.4656073163
   76      C       9.1186813694     3.4262664379     0.4876622972
   77      H       9.8453981128     4.1033469366     0.0593562048
   78      C       8.4909312904     2.4766084082    -0.3056899378
   79      H       8.7309676863     2.4060267533    -1.3587884595
   80      C       7.5651295520     1.6039429078     0.2389860867
   81      H       7.0836252282     0.8630946787    -0.3863742837
   82      C       2.7536794762    -2.2671293813     0.5816601933
   83      H       3.0346675831    -2.8286679529     1.4761922974
   84      H       1.6609068616    -2.2345508806     0.5780786200
   85      C       2.6023750090     2.6684536578    -0.5598255877
   86      H       2.1096225832     2.3849370609    -1.4931222774
   87      H       3.3667355152     3.3987081328    -0.8374035725
   88      C       3.2330107824    -3.0191246855    -0.6575196207
   89      H       2.9161760457    -2.5184207446    -1.5725922727
   90      H       4.3210127781    -3.0897514379    -0.6767781939
   91      H       2.8297243209    -4.0320701458    -0.6808926863
   92      C       1.5838405342     3.3371618084     0.3618400515
   93      H       0.7725381704     2.6569359583     0.6205832036
   94      H       2.0499516775     3.6641944580     1.2919617799
   95      H       1.1407966814     4.2119558403    -0.1162445663
   96      C      -2.6671865672     0.2724229810    -3.0154814451
   97      C      -3.5553570840    -0.7836295740    -3.2642501898
   98      C      -4.7646663439    -0.5544569184    -3.9083277950
   99      H      -5.4459320467    -1.3814075562    -4.0742499663
  100      C      -5.1090033588     0.7172004240    -4.3515203307
  101      C      -4.2252875692     1.7645097653    -4.1225621720
  102      H      -4.4754183132     2.7614514714    -4.4683658081
  103      C      -3.0304105195     1.5571700467    -3.4479378042
  104      N      -6.3257323260     0.9377402734    -5.0216625963
  105      C      -7.0452789871     2.1278847123    -4.8248141623
  106      C      -7.6221447324     2.7917534575    -5.9070025295
  107      H      -7.5076870713     2.3909215051    -6.9058516469
  108      C      -8.3403886751     3.9594486670    -5.7105399275
  109      H      -8.7808538794     4.4597949249    -6.5633250384
  110      C      -8.4810335625     4.4974756851    -4.4401073185
  111      H      -9.0355431573     5.4142117315    -4.2911330003
  112      C      -7.9001771744     3.8441854137    -3.3627292004
  113      H      -8.0059236670     4.2473034908    -2.3637618699
  114      C      -7.1973605874     2.6652895798    -3.5466594390
  115      H      -6.7589084826     2.1577084861    -2.6972613236
  116      C      -6.7900289279     0.0019622066    -5.9618042434
  117      C      -8.1372958898    -0.3534645488    -5.9865902387
  118      H      -8.8179814756     0.0835049414    -5.2671668458
  119      C      -8.6057400478    -1.2526251701    -6.9294694778
  120      H      -9.6557696580    -1.5149750387    -6.9374535710
  121      C      -7.7383072849    -1.8270538826    -7.8470715593
  122      H      -8.1056453474    -2.5340770419    -8.5787233224
  123      C      -6.3944777797    -1.4840269191    -7.8161495759
  124      H      -5.7082451271    -1.9187604829    -8.5313535439
  125      C      -5.9211084068    -0.5700100600    -6.8892123019
  126      H      -4.8747341913    -0.2933394873    -6.8828682295
  127      C      -3.2117061368    -2.2020553596    -2.8918080063
  128      H      -2.5159116853    -2.2217154972    -2.0496189791
  129      H      -4.1117601676    -2.7212580259    -2.5513048985
  130      C      -2.1756413128     2.7617230824    -3.1468827586
  131      H      -1.1267661383     2.4756403638    -3.0393011780
  132      H      -2.2106414824     3.4569287898    -3.9901250436
  133      C      -2.6072928547    -2.9642527578    -4.0687181617
  134      H      -1.6834895490    -2.4943617025    -4.4071293506
  135      H      -2.3749427014    -3.9938718824    -3.7948274124
  136      H      -3.2967469709    -2.9890150299    -4.9137512046
  137      C      -2.6376970365     3.4805349007    -1.8812364001
  138      H      -2.5952683321     2.8176609219    -1.0164868054
  139      H      -2.0092870167     4.3463524818    -1.6691712170
  140      H      -3.6661709763     3.8299919579    -1.9819245959
 ----------------------------------------------------------------
 Nuclear Repulsion Energy = 12123.0290427773 hartrees
 There are      271 alpha and      269 beta electrons
 Requested basis set is def2-mSVP
 There are 680 shells and 1320 basis functions

 Total QAlloc Memory Limit   8000 MB
 Mega-Array Size      1001 MB
 MEM_STATIC part      1024 MB
 Discretize the solute cavity surface with Lebedev spheres
	Using 302 Lebedev grid points for each H atom
	Using 302 Lebedev grid points for other atoms
	Atomic van der Waals radii will be scaled by 1.20
 Remove points where switching function is < 1.0e-08
 Keep 14680 surface tesserae and discard 27600 interior tesserae
 Molecular Surface Area = 1080.580 Angst**2
 A cutoff of  1.0D-11 yielded  62623 shell pairs
 There are    243259 function pairs (    267511 Cartesian)
 
 -------------------------------------------------------
 OpenMP Integral Computing Module                       
 Release: version 1.0, May 2013, Q-Chem Inc. Pittsburgh 
 -------------------------------------------------------
 Integral Job Info:
 Integral job number is                      11
 Integral operator is                         1
 short-range coefficients                     0
 long-range coefficients              100000000
 Omega coefficients                           0
 if combine SR and LR in K                    0
 Integral screening is                        0
 Integral computing path is                   2
 max size of driver memory is            800000
 size of driver memory is                593474
 size of scratch memory is              1809772
 max col of scratch BK array               1296
 max len of scratch array in speh3          155
 max len of scratch index in speh4           18
 max int batch size is                      520
 min int batch size is                       52
 fixed nKL is                                52
 max L of basis functions is                  2
 order of int derivative is                   0
 number of shells is                        680
 number of basis is                        1400
 number of cartesian basis is              1400
 number of contracted shell pairs         62623
 number of primitive shell pairs         129344
 maxK2 (contraction) of shell pair           25
 max number of K2 of shell pair               1
 max number of CS2 of shell pair          15484
 max number of PS2 of shell pair          22635
 mem total for path MDJ                  628152
 -------------------------------------------------------
 Smallest overlap matrix eigenvalue = 2.01E-04

 Scale SEOQF with 1.000000e-02/1.000000e-02/1.000000e-02

 Standard Electronic Orientation quadrupole field applied
 Nucleus-field energy     =    -0.0000000539 hartrees
 Guess from superposition of atomic densities
 Warning:  Energy on first SCF cycle will be non-variational
 An unrestricted hybrid HF-DFT SCF calculation will be
 performed using Pulay DIIS extrapolation
 Polarizable Continuum solvation model will be applied
 Exchange:     0.4200 Hartree-Fock + 0.5800 PBEh-3c
 Correlation:  1.0000 PBEh-3c
 Using SG-1 standard quadrature grid
 Dispersion:   Grimme D3
 SCF converges when DIIS error is below 1.0E-08
 using 8 threads for integral computing
 -------------------------------------------------------
 OpenMP Integral computing Module                
 Release: version 1.0, May 2013, Q-Chem Inc. Pittsburgh 
 -------------------------------------------------------
 ---------------------------------------
  Cycle       Energy         DIIS Error
 ---------------------------------------
    1   -3111.8830659521      2.31E-02
 Using non-symmetric K matrix
    2   -3083.9020642375      1.73E-03
    3   -3082.8649813322      2.50E-03
    4   -3084.3122507356      1.13E-03
    5   -3084.6696551711      2.04E-04
    6   -3084.6074159848      4.83E-04
    7   -3084.6751708034      2.06E-04
    8   -3084.6886369527      4.02E-05
    9   -3084.6891256919      5.84E-05
   10   -3084.6891238448      6.80E-05
   11   -3084.6893485977      6.51E-05
   12   -3084.6897609941      5.93E-05
   13   -3084.6908645497      4.88E-05
   14   -3084.6910523138      4.97E-05
   15   -3084.6905506349      4.79E-05
   16   -3084.6899213878      5.38E-05
   17   -3084.6905781710      5.14E-05
   18   -3084.6904779016      5.00E-05
   19   -3084.6904458665      4.43E-05
   20   -3084.6907365517      3.40E-05
   21   -3084.6911677071      1.78E-05
   22   -3084.6913518790      1.35E-05
   23   -3084.6914634584      1.30E-05
   24   -3084.6911514823      1.63E-05
   25   -3084.6911459304      1.46E-05
   26   -3084.6911973429      1.47E-05
   27   -3084.6910389704      1.53E-05
   28   -3084.6910795873      1.23E-05
   29   -3084.6910789732      1.11E-05
   30   -3084.6913121969      6.37E-06
   31   -3084.6912555009      6.67E-06
   32   -3084.6913568924      8.08E-06
   33   -3084.6909503097      1.01E-05
   34   -3084.6907467779      1.41E-05
   35   -3084.6907725102      1.27E-05
   36   -3084.6907116438      1.47E-05
   37   -3084.6907094288      1.17E-05
   38   -3084.6906751019      1.40E-05
   39   -3084.6907350533      1.19E-05
   40   -3084.6908306332      8.30E-06
   41   -3084.6908050957      9.72E-06
   42   -3084.6907541266      9.18E-06
