mFile = /cm/shared/apps/q-chem/intel/QCHEM_5.1.0_Trunk/bin/mpi/machines
Process 0 of 1 is on ctcp034 - thread support 0
initial socket setup ...start
initial socket setup ...done 
now start server 0 ... 
Q-Chem Developer Version!
                  Welcome to Q-Chem
     A Quantum Leap Into The Future Of Chemistry


 Q-Chem 5.1, Q-Chem, Inc., Pleasanton, CA (2018)

 Yihan Shao,  Zhengting Gan,  E. Epifanovsky,  A. T. B. Gilbert,  M. Wormit,  
 J. Kussmann,  A. W. Lange,  A. Behn,  Jia Deng,  Xintian Feng,  D. Ghosh,  
 M. Goldey,  P. R. Horn,  L. D. Jacobson,  I. Kaliman,  T. Kus,  A. Landau,  
 Jie Liu,  E. I. Proynov,  R. M. Richard,  R. P. Steele,  E. J. Sundstrom,  
 H. L. Woodcock III,  P. M. Zimmerman,  D. Zuev,  B. Albrecht,  E. Alguire,  
 S. A. Baeppler,  D. Barton,  Z. Benda,  Y. A. Bernard,  E. J. Berquist,  
 K. B. Bravaya,  H. Burton,  D. Casanova,  Chun-Min Chang,  Yunqing Chen,  
 A. Chien,  K. D. Closser,  M. P. Coons,  S. Coriani,  S. Dasgupta,  
 A. L. Dempwolff,  M. Diedenhofen,  Hainam Do,  R. G. Edgar,  Po-Tung Fang,  
 S. Faraji,  S. Fatehi,  Qingguo Feng,  K. D. Fenk,  J. Fosso-Tande,  
 Qinghui Ge,  A. Ghysels,  G. Gidofalvi,  J. Gomes,  J. Gonthier,  A. Gunina,  
 D. Hait,  M. W. D. Hanson-Heine,  P. H. P. Harbach,  A. W. Hauser,  
 J. E. Herr,  E. G. Hohenstein,  Z. C. Holden,  Kerwin Hui,  B. C. Huynh,  
 T.-C. Jagau,  Hyunjun Ji,  B. Kaduk,  K. Khistyaev,  Jaehoon Kim,  
 P. Klunzinger,  K. Koh,  D. Kosenkov,  L. Koulias,  T. Kowalczyk,  
 C. M. Krauter,  A. Kunitsa,  Ka Un Lao,  A. Laurent,  K. V. Lawler,  
 Joonho Lee,  D. Lefrancois,  S. Lehtola,  D. S. Levine,  Yi-Pei Li,  
 You-Sheng Lin,  Fenglai Liu,  E. Livshits,  A. Luenser,  P. Manohar,  
 E. Mansoor,  S. F. Manzer,  Shan-Ping Mao,  Yuezhi Mao,  N. Mardirossian,  
 A. V. Marenich,  T. Markovich,  L. A. Martinez-Martinez,  S. A. Maurer,  
 N. J. Mayhall,  S. C. McKenzie,  J.-M. Mewes,  A. F. Morrison,  
 J. W. Mullinax,  K. Nanda,  T. S. Nguyen-Beck,  R. Olivares-Amaya,  
 J. A. Parkhill,  T. M. Perrine,  F. Plasser,  P. Pokhilko,  S. Prager,  
 A. Prociuk,  E. Ramos,  D. R. Rehn,  F. Rob,  M. Schneider,  N. Sergueev,  
 S. M. Sharada,  S. Sharma,  D. W. Small,  T. Stauch,  T. Stein,  
 Yu-Chuan Su,  A. J. W. Thom,  A. Tkatchenko,  T. Tsuchimochi,  N. M. Tubman,  
 L. Vogt,  M. L. Vidal,  O. Vydrov,  M. A. Watson,  J. Wenzel,  
 M. de Wergifosse,  T. A. Wesolowski,  A. White,  J. Witte,  A. Yamada,  
 Jun Yang,  K. Yao,  S. Yeganeh,  S. R. Yost,  Zhi-Qiang You,  A. Zech,  
 Igor Ying Zhang,  Xing Zhang,  Yan Zhao,  Ying Zhu,  B. R. Brooks,  
 G. K. L. Chan,  C. J. Cramer,  M. S. Gordon,  W. J. Hehre,  A. Klamt,  
 M. W. Schmidt,  C. D. Sherrill,  D. G. Truhlar,  A. Aspuru-Guzik,  R. Baer,  
 A. T. Bell,  N. A. Besley,  Jeng-Da Chai,  A. E. DePrince, III,  
 R. A. DiStasio Jr.,  A. Dreuw,  B. D. Dunietz,  T. R. Furlani,  
 Chao-Ping Hsu,  Yousung Jung,  Jing Kong,  D. S. Lambrecht,  WanZhen Liang,  
 C. Ochsenfeld,  V. A. Rassolov,  L. V. Slipchenko,  J. E. Subotnik,  
 T. Van Voorhis,  J. M. Herbert,  A. I. Krylov,  P. M. W. Gill,  M. Head-Gordon

 Contributors to earlier versions of Q-Chem not listed above: 
 R. D. Adamson,  B. Austin,  J. Baker,  G. J. O. Beran,  K. Brandhorst,  
 S. T. Brown,  E. F. C. Byrd,  A. K. Chakraborty,  C.-L. Cheng,  
 Siu Hung Chien,  D. M. Chipman,  D. L. Crittenden,  H. Dachsel,  
 R. J. Doerksen,  A. D. Dutoi,  L. Fusti-Molnar,  W. A. Goddard III,  
 A. Golubeva-Zadorozhnaya,  S. R. Gwaltney,  G. Hawkins,  A. Heyden,  
 S. Hirata,  G. Kedziora,  F. J. Keil,  C. Kelley,  Jihan Kim,  R. A. King,  
 R. Z. Khaliullin,  P. P. Korambath,  W. Kurlancheek,  A. M. Lee,  M. S. Lee,  
 S. V. Levchenko,  Ching Yeh Lin,  D. Liotard,  R. C. Lochan,  I. Lotan,  
 P. E. Maslen,  N. Nair,  D. P. O'Neill,  D. Neuhauser,  E. Neuscamman,  
 C. M. Oana,  R. Olson,  B. Peters,  R. Peverati,  P. A. Pieniazek,  
 Y. M. Rhee,  J. Ritchie,  M. A. Rohrdanz,  E. Rosta,  N. J. Russ,  
 H. F. Schaefer III,  N. E. Schultz,  N. Shenvi,  A. C. Simmonett,  A. Sodt,  
 D. Stuck,  K. S. Thanthiriwatte,  V. Vanovschi,  Tao Wang,  A. Warshel,  
 C. F. Williams,  Q. Wu,  X. Xu,  W. Zhang

 Please cite Q-Chem as follows:
 Y. Shao et al., Mol. Phys. 113, 184-215 (2015)
 DOI: 10.1080/00268976.2014.952696

 Q-Chem 5.1.1 for Intel X86 EM64T Linux

 Parts of Q-Chem use Armadillo 8.300.2 (Tropical Shenanigans).
 http://arma.sourceforge.net/

 Q-Chem begins on Thu Dec 20 15:37:43 2018  

Host: ctcp034
0

     Scratch files written to /scratch/mewes1/142142/qchem23420//
 Parallel job on  1  processors
The previous job contains 0 fragments, simply inherited here
Input Ideriv = 1
Curr. Ideriv = -1
Max.  Ideriv = 1

Checking the input file for inconsistencies... 	...done.

--------------------------------------------------------------
User input:
--------------------------------------------------------------
$rem
threads 8
jobtype	sp
method PBEh-3c
basis def2-mSVP
mem_static	1024
mem_total	14000
sym_ignore	true
cis_n_roots             6
cis_singlets            true
cis_triplets		true
rpa                     false
calc_soc 		true
cis_moments             true
cis_relaxed_density	true
$end


$molecule
read s1opt.mol
$end

--------------------------------------------------------------
 Adding empirical dispersion correction 
 ----------------------------------------------------------------
 Doing -D3(BJ) with
 s6 =   1.00000
 s8 =   0.00000
 a1 =   0.48600
 a2 =   4.50000
 -D3 energy including 3body term =     -0.1267348211 hartrees
 ----------------------------------------------------------------
 Adding gCP correction 
 ----------------------------------------------------------------
 gCP energy =      0.1735516460 hartrees
 ----------------------------------------------------------------
             Standard Nuclear Orientation (Angstroms)
    I     Atom           X                Y                Z
 ----------------------------------------------------------------
    1      N       0.0000000000     0.0000000000     0.0000000000
    2      C       0.0000000000     0.0000000000     1.3813010000
    3      C       1.3093957788     0.0000000000    -0.4461982556
    4      C       1.7819591171    -0.0963569553    -1.7486204417
    5      H       1.1135621770    -0.1507295485    -2.5963419761
    6      C       3.1510588578    -0.1512987868    -1.9203392280
    7      H       3.5482420560    -0.2232640368    -2.9245664279
    8      C      -1.1440794450    -0.0401407231    -0.7869281414
    9      C      -1.0848873329     0.0840470960     2.2499763524
   10      H      -2.1015209334     0.1603594926     1.8911553190
   11      C      -0.8123813357     0.0854283656     3.6025158500
   12      H      -1.6373406934     0.1419668444     4.3009554681
   13      C      -1.2871115816     0.8274660077    -1.8744909301
   14      H      -0.5084190081     1.5456869637    -2.0984197066
   15      C      -2.4739312760     0.8467119938    -2.5799831963
   16      C      -2.1613663271    -0.9399714522    -0.4516073976
   17      H      -2.0023865813    -1.6585662790     0.3427666669
   18      C      -3.3364826931    -0.9500073082    -1.1696167442
   19      C       4.0381613996    -0.1409791431    -0.8374334178
   20      C       3.5316830916    -0.0830946882     0.4637665624
   21      H       4.2100403124    -0.1098411057     1.3070224016
   22      C       2.1694640401    -0.0137485075     0.6627025280
   23      C       0.4962652804     0.0316233353     4.0976177540
   24      C       1.5686266877    -0.0007140825     3.2007480704
   25      H       2.5830187473    -0.0105707428     3.5783476661
   26      C       1.3245638137    -0.0112173830     1.8429730765
   27      C      -3.5278339557    -0.0208024664    -2.2176037469
   28      C       0.7271991913     0.0284522019     5.5761612646
   29      H       1.7865601035     0.0031300179     5.8238882511
   30      H       0.2967150472     0.9158175849     6.0421992880
   31      H       0.2558866515    -0.8381370527     6.0421583459
   32      C       5.5122543448    -0.2196018985    -1.0844521534
   33      H       6.0804066903    -0.2149494410    -0.1563007776
   34      H       5.8539731793     0.6226434115    -1.6875059653
   35      H       5.7699393236    -1.1296708109    -1.6278818548
   36      C      -2.6919356301     1.8225357381    -3.6947157083
   37      H      -1.8088419334     2.4297458156    -3.8913892977
   38      H      -3.5220548715     2.4911610262    -3.4627901889
   39      H      -2.9634687907     1.3022437586    -4.6142561526
   40      C      -4.4225825464    -1.9263712897    -0.8366755609
   41      H      -4.1317059134    -2.5989512959    -0.0302605302
   42      H      -4.6855001690    -2.5270211770    -1.7076242296
   43      H      -5.3308497113    -1.4020942911    -0.5360787045
   44      B      -4.9615327141     0.0734610747    -2.8748468795
   45      C      -5.3374559691    -0.7978675738    -4.0685926829
   46      C      -4.3809295453    -1.5618710836    -4.7730604214
   47      H      -3.3413810515    -1.5410707661    -4.4602948340
   48      C      -4.7496637332    -2.3214602386    -5.8584216186
   49      C      -6.1167882753    -2.3521398998    -6.2618827707
   50      C      -7.0658135413    -1.6358117755    -5.5756164920
   51      H      -8.1052734145    -1.6785101804    -5.8850089831
   52      C      -6.7064567084    -0.8410371965    -4.4772087232
   53      C      -6.2351207391    -3.2128410431    -7.4281575717
   54      C      -7.2691023968    -3.6098676689    -8.2407583127
   55      H      -8.2863687301    -3.2757835595    -8.0759460842
   56      C      -4.9370179820    -3.6822215293    -7.7057665471
   57      C      -4.6307068749    -4.5322011742    -8.7651055133
   58      C      -3.9983021172    -3.1727890560    -6.7842970630
   59      C      -2.6861485649    -3.5427687642    -6.9383250830
   60      H      -1.9117139827    -3.1888243633    -6.2694179327
   61      C      -6.9844796620    -4.4744747845    -9.3204248541
   62      H      -7.7995523921    -4.7867623115    -9.9611749088
   63      C      -5.7134613820    -4.9290768754    -9.5872955472
   64      H      -5.5416312773    -5.5890039497   -10.4288647674
   65      C      -2.3429082305    -4.4076197693    -8.0029376367
   66      H      -1.3057361548    -4.6953295197    -8.1190825131
   67      C      -3.2699509471    -4.8947188851    -8.8950938883
   68      H      -2.9578067594    -5.5536280065    -9.6961887720
   69      C      -5.9853753747     0.9836077568    -2.1930242618
   70      C      -5.6224007293     1.8863975262    -1.1698999745
   71      H      -4.5865690525     1.9580595677    -0.8532063668
   72      C      -6.5614083313     2.6979254861    -0.5798635636
   73      C      -7.9258164707     2.6088260344    -0.9844051982
   74      C      -8.3036878509     1.7246903774    -1.9658682398
   75      H      -9.3442194138     1.6571857113    -2.2694313514
   76      C      -7.3541225406     0.9085291748    -2.5992224563
   77      C      -8.6945193918     3.5825820216    -0.2239171526
   78      C     -10.0121112356     3.9699470164    -0.1910398979
   79      H     -10.7594112961     3.5059576264    -0.8230166132
   80      C      -7.7764463479     4.2377972178     0.6210001933
   81      C      -8.1204098285     5.2697976710     1.4899487463
   82      C      -6.4689346994     3.7403292274     0.4426182879
   83      C      -5.4594229878     4.3101740402     1.1767151765
   84      H      -4.4306695645     3.9869913495     1.0772361128
   85      C     -10.3884120323     5.0076469099     0.6897508135
   86      H     -11.4269479821     5.3128929058     0.7148210877
   87      C      -9.4859062178     5.6465435452     1.5088197956
   88      H      -9.8196374102     6.4424615327     2.1632727315
   89      C      -5.7774920653     5.3555389621     2.0730893013
   90      H      -4.9768933159     5.8037015147     2.6478567642
   91      C      -7.0582997591     5.8306393303     2.2375404807
   92      H      -7.2512348694     6.6389780868     2.9322861703
   93      B      -7.7786132004    -0.0475709708    -3.7174191648
   94      C      -9.2968289312    -0.3005151176    -4.0717731194
   95      C      -9.9561334959     0.4138022758    -5.0801167692
   96      C     -11.2493973128     0.0660073289    -5.4536061218
   97      H     -11.7475035533     0.5939114225    -6.2594487835
   98      C     -11.9003140398    -0.9785217303    -4.8163841880
   99      C     -11.2754763043    -1.6615682622    -3.7870425057
  100      H     -11.8084006490    -2.4578677705    -3.2800435296
  101      C      -9.9776256935    -1.3358519946    -3.4168772571
  102      N     -13.1900428451    -1.3718194527    -5.2300532636
  103      C     -14.3153744922    -0.5798169053    -5.2220438325
  104      C     -13.5031542869    -2.5763147455    -5.8260182068
  105      C     -12.6914457531    -3.6637614013    -6.1230106412
  106      H     -11.6424804066    -3.6731819712    -5.8585219849
  107      C     -13.2675043373    -4.7321025436    -6.7834146821
  108      H     -12.6469931213    -5.5866394068    -7.0273769659
  109      C     -14.4884064095     0.7162617403    -4.7461311627
  110      H     -13.6738989668     1.2638233771    -4.2906931535
  111      C     -15.7372953175     1.2903618893    -4.8805464920
  112      H     -15.8857943349     2.3019986346    -4.5200326486
  113      C     -15.3786173504    -1.2818007001    -5.8088200054
  114      C     -16.6266076472    -0.6748396566    -5.9304472358
  115      H     -17.4487973746    -1.2103094474    -6.3925722878
  116      C     -16.8185226403     0.6161177965    -5.4705620388
  117      C     -14.8571528534    -2.5635538721    -6.1947245015
  118      C     -15.4094309933    -3.6544057745    -6.8579139001
  119      H     -16.4533366711    -3.6385299320    -7.1516029495
  120      C     -14.6208110998    -4.7502163080    -7.1580385639
  121      C     -15.1884120477    -5.9417334454    -7.8753555503
  122      H     -16.2247917503    -5.7732253374    -8.1673342455
  123      H     -14.6268652316    -6.1706752800    -8.7828454534
  124      H     -15.1679446156    -6.8359823244    -7.2495029722
  125      C      -9.3040179195    -2.1102525833    -2.3196246057
  126      H      -9.9789194107    -2.8407149663    -1.8731884964
  127      H      -8.9523210681    -1.4484056495    -1.5264643108
  128      H      -8.4316230791    -2.6477276102    -2.6966139078
  129      C     -18.1532504696     1.2962057478    -5.5886129493
  130      H     -18.8656692935     0.6835111708    -6.1405584282
  131      H     -18.0734127264     2.2523179414    -6.1089404360
  132      H     -18.5888149939     1.4987556842    -4.6081819196
  133      C      -9.2494693464     1.5339441433    -5.7903195228
  134      H      -9.8980360024     2.0231115525    -6.5171310663
  135      H      -8.9015354216     2.2922461447    -5.0866502696
  136      H      -8.3676576561     1.1705650224    -6.3219748731
 ----------------------------------------------------------------
 Nuclear Repulsion Energy = 11556.1727663904 hartrees
 There are      268 alpha and      268 beta electrons
 Requested basis set is def2-mSVP
 There are 672 shells and 1312 basis functions

 Total QAlloc Memory Limit  14000 MB
 Mega-Array Size      1001 MB
 MEM_STATIC part      1024 MB
 A cutoff of  1.0D-11 yielded  56191 shell pairs
 There are    224453 function pairs (    247614 Cartesian)
 
 -------------------------------------------------------
 OpenMP Integral Computing Module                       
 Release: version 1.0, May 2013, Q-Chem Inc. Pittsburgh 
 -------------------------------------------------------
 Integral Job Info:
 Integral job number is                      11
 Integral operator is                         1
 short-range coefficients                     0
 long-range coefficients              100000000
 Omega coefficients                           0
 if combine SR and LR in K                    0
 Integral screening is                        0
 Integral computing path is                   2
 max size of driver memory is            800000
 size of driver memory is                593474
 size of scratch memory is              1809772
 max col of scratch BK array               1296
 max len of scratch array in speh3          155
 max len of scratch index in speh4           18
 max int batch size is                      520
 min int batch size is                       52
 fixed nKL is                                52
 max L of basis functions is                  2
 order of int derivative is                   0
 number of shells is                        672
 number of basis is                        1392
 number of cartesian basis is              1392
 number of contracted shell pairs         56191
 number of primitive shell pairs         117582
 maxK2 (contraction) of shell pair           25
 max number of K2 of shell pair               1
 max number of CS2 of shell pair          13478
 max number of PS2 of shell pair          20810
 mem total for path MDJ                 1087964
 -------------------------------------------------------
 Smallest overlap matrix eigenvalue = 1.98E-04

 Scale SEOQF with 1.000000e-03/1.000000e-02/1.000000e-02

 Standard Electronic Orientation quadrupole field applied
 Nucleus-field energy     =    -0.0000000829 hartrees
 Guess from superposition of atomic densities
 Warning:  Energy on first SCF cycle will be non-variational
 SAD guess density has 536.000001 electrons

 -----------------------------------------------------------------------
  General SCF calculation program by
  Eric Jon Sundstrom, Paul Horn, Yuezhi Mao, Dmitri Zuev, Alec White,
  David Stuck, Shaama M.S., Shane Yost, Joonho Lee, David Small,
  Daniel Levine, Susi Lehtola, Hugh Burton, Evgeny Epifanovsky
 -----------------------------------------------------------------------
 Exchange:     0.4200 Hartree-Fock + 0.5800 PBEh-3c
 Correlation:  1.0000 PBEh-3c
 Using SG-1 standard quadrature grid
 Dispersion:   Grimme D3
 using 8 threads for integral computing
 -------------------------------------------------------
 OpenMP Integral computing Module                
 Release: version 2.0, May 2017, Q-Chem Inc. Pleasanton 
 -------------------------------------------------------
 -------------------------------------------------------
 OpenMP BLAS3 based DFT computing Module                
 Release: version 1.0, May 2013, Q-Chem Inc. Pittsburgh 
 -------------------------------------------------------
 A restricted SCF calculation will be
 performed using DIIS
 SCF converges when DIIS error is below 1.0e-08
 ---------------------------------------
  Cycle       Energy         DIIS error
 ---------------------------------------
    1   -3109.7699867562      2.38e-02  
    2   -3081.8056963339      1.60e-03  
    3   -3081.9678627103      1.46e-03  
    4   -3082.3721140283      5.84e-04  
    5   -3082.4480558975      1.58e-04  
    6   -3082.4533055599      6.30e-05  
    7   -3082.4541534303      1.46e-05  
    8   -3082.4541982074      5.72e-06  
    9   -3082.4542059436      1.31e-06  
   10   -3082.4542064007      5.41e-07  
   11   -3082.4542064863      2.12e-07  
   12   -3082.4542065009      7.76e-08  
   13   -3082.4542065030      2.82e-08  
   14   -3082.4542065033      9.53e-09  Convergence criterion met
 ---------------------------------------
 SCF time:   CPU 9953.84s  wall 1249.00s 
 SCF   energy in the final basis set =    -3082.4542065033
 Total energy in the final basis set =    -3082.4542065033
 
 Direct TDDFT/TDA calculation will be performed
 Exchange:     0.4200 Hartree-Fock + 0.5800 PBEh-3c
 Correlation:  1.0000 PBEh-3c
 Using SG-1 standard quadrature grid
 Dispersion:   Grimme D3
 Triplet excitation energies requested
 Singlet excitation energies requested
 CIS energy converged when residual is below 10e- 6
 ---------------------------------------------------
 Iter    Rts Conv    Rts Left    Ttl Dev     Max Dev
 ---------------------------------------------------
   1         0           6      0.000104    0.000050
   2         0           6      0.000050    0.000022
   3         0           6      0.000132    0.000076
   4         1           5      0.000090    0.000037
   5         1           5      0.000046    0.000015
   6         1           5      0.000109    0.000088
   7         1           5      0.000031    0.000022
   8         4           2      0.000013    0.000009
   9         5           1      0.000006    0.000004
  10         5           1      0.000003    0.000002
  11         6           0      0.000002    0.000001    Roots Converged
 ---------------------------------------------------
 Triplets done: starting singlet calculation
 ---------------------------------------------------
 Iter    Rts Conv    Rts Left    Ttl Dev     Max Dev
 ---------------------------------------------------
  12         0           6      0.000158    0.000106
  13         0           6      0.000066    0.000037
  14         0           6      0.000062    0.000034
  15         2           4      0.000091    0.000059
  16         3           3      0.000058    0.000036
  17         4           2      0.000024    0.000014
  18         4           2      0.000011    0.000006
  19         4           2      0.000005    0.000002
  20         6           0      0.000003    0.000001    Roots Converged
 ---------------------------------------------------
 
 ---------------------------------------------------
         TDDFT/TDA Excitation Energies              
 ---------------------------------------------------

 Excited state   1: excitation energy (eV) =    2.1842
 Total energy for state  1:                 -3082.37393911 au
    Multiplicity: Triplet
    Trans. Mom.:  0.0000 X   0.0000 Y   0.0000 Z
    Strength   :     0.0000000000
    D(263) --> V(  1) amplitude =  0.6857
    D(264) --> V(  1) amplitude =  0.6087

 Excited state   2: excitation energy (eV) =    2.4003
 Total energy for state  2:                 -3082.36599863 au
    Multiplicity: Triplet
    Trans. Mom.:  0.0000 X   0.0000 Y   0.0000 Z
    Strength   :     0.0000000000
    D(262) --> V(  2) amplitude =  0.3326
    D(263) --> V(  1) amplitude =  0.4452
    D(264) --> V(  1) amplitude = -0.3963
    D(268) --> V(  1) amplitude =  0.6622

 Excited state   3: excitation energy (eV) =    2.4338
 Total energy for state  3:                 -3082.36476570 au
    Multiplicity: Singlet
    Trans. Mom.:  0.0045 X  -0.0947 Y  -0.1324 Z
    Strength   :     0.0015814621
    D(261) --> V(  1) amplitude = -0.2230
    D(268) --> V(  1) amplitude =  0.9649

 Excited state   4: excitation energy (eV) =    2.4403
 Total energy for state  4:                 -3082.36452691 au
    Multiplicity: Triplet
    Trans. Mom.:  0.0000 X   0.0000 Y   0.0000 Z
    Strength   :     0.0000000000
    D(262) --> V(  2) amplitude = -0.3367
    D(263) --> V(  1) amplitude = -0.3256
    D(264) --> V(  1) amplitude =  0.4440
    D(268) --> V(  1) amplitude =  0.6860

 Excited state   5: excitation energy (eV) =    2.4792
 Total energy for state  5:                 -3082.36309628 au
    Multiplicity: Triplet
    Trans. Mom.:  0.0000 X   0.0000 Y   0.0000 Z
    Strength   :     0.0000000000
    D(262) --> V(  1) amplitude =  0.7414
    D(262) --> V(  4) amplitude = -0.2395
    D(263) --> V(  2) amplitude =  0.2852
    D(264) --> V(  2) amplitude = -0.4677

 Excited state   6: excitation energy (eV) =    2.6948
 Total energy for state  6:                 -3082.35517271 au
    Multiplicity: Triplet
    Trans. Mom.:  0.0000 X   0.0000 Y   0.0000 Z
    Strength   :     0.0000000000
    D(257) --> V(  1) amplitude =  0.6194
    D(258) --> V(  1) amplitude =  0.3374
    D(263) --> V(  2) amplitude =  0.4770
    D(264) --> V(  2) amplitude =  0.2852

 Excited state   7: excitation energy (eV) =    2.7174
 Total energy for state  7:                 -3082.35434359 au
    Multiplicity: Triplet
    Trans. Mom.:  0.0000 X   0.0000 Y   0.0000 Z
    Strength   :     0.0000000000
    D(267) --> V(  1) amplitude =  0.9685

 Excited state   8: excitation energy (eV) =    2.7246
 Total energy for state  8:                 -3082.35407922 au
    Multiplicity: Singlet
    Trans. Mom.: -0.0470 X   0.0650 Y   0.0546 Z
    Strength   :     0.0006287606
    D(267) --> V(  1) amplitude =  0.9756

 Excited state   9: excitation energy (eV) =    2.8570
 Total energy for state  9:                 -3082.34921357 au
    Multiplicity: Singlet
    Trans. Mom.: -0.0531 X   0.1116 Y   0.1368 Z
    Strength   :     0.0023796632
    D(263) --> V(  1) amplitude =  0.7492
    D(264) --> V(  1) amplitude =  0.6084

 Excited state  10: excitation energy (eV) =    3.1917
 Total energy for state 10:                 -3082.33691433 au
    Multiplicity: Singlet
    Trans. Mom.: -0.8106 X   2.3277 Y   2.4262 Z
    Strength   :     0.9353371246
    D(263) --> V(  1) amplitude = -0.5991
    D(264) --> V(  1) amplitude =  0.7386

 Excited state  11: excitation energy (eV) =    3.2674
 Total energy for state 11:                 -3082.33413280 au
    Multiplicity: Singlet
    Trans. Mom.: -0.0005 X  -0.0055 Y  -0.0125 Z
    Strength   :     0.0000149263
    D(266) --> V(  1) amplitude =  0.9985

 Excited state  12: excitation energy (eV) =    3.3821
 Total energy for state 12:                 -3082.32991709 au
    Multiplicity: Singlet
    Trans. Mom.: -0.0053 X  -0.0082 Y   0.0053 Z
    Strength   :     0.0000101959
    D(265) --> V(  1) amplitude =  0.9985
 
 ---------------------------------------------------
 Calculating Relaxed Density
 ---------------------------------------------------
 Iter    Rts Conv    Rts Left    Ttl Dev     Max Dev
 ---------------------------------------------------
   1         0           6      0.000397    0.000145
   2         0           6      0.000145    0.000047
   3         0           6      0.000042    0.000015
   4         1           5      0.000012    0.000005
   5         5           1      0.000002    0.000002
   6         6           0      0.000000    0.000000    Roots Converged
 ---------------------------------------------------
 Triplets done- using as guess for singlets
 ---------------------------------------------------
 Iter    Rts Conv    Rts Left    Ttl Dev     Max Dev
 ---------------------------------------------------
   1         0           6      0.000666    0.000143
   2         0           6      0.000243    0.000056
   3         0           6      0.000073    0.000017
   4         0           6      0.000025    0.000007
   5         2           4      0.000007    0.000002
   6         6           0      0.000000    0.000000    Roots Converged
 ---------------------------------------------------
  SETman timing summary (seconds)
  CPU time             45177.38s
  System time              0.01s
  Wall time             6672.22s



*********SPIN-ORBIT COUPLING JOB BEGINS HERE*********


=======================================================================================
    SPIN-ORBIT COUPLING BETWEEN THE SINGLET GROUND STATE AND EXCITED TRIPLET STATE
=======================================================================================

SOC between the singlet ground state and excited triplet states (ms=0):
T1(ms=0)      0.000000  +  -0.159120i    cm-1
T2(ms=0)      0.000000  +  0.686260i    cm-1
T3(ms=0)      0.000000  +  0.519632i    cm-1
T4(ms=0)      0.000000  +  -0.019418i    cm-1
T5(ms=0)      0.000000  +  -0.358242i    cm-1
T6(ms=0)      0.000000  +  -1.062780i    cm-1
SOC between the singlet ground state and excited triplet states (ms=1):
T1(ms=1)      0.029758  + (-0.137926i)    cm-1
T2(ms=1)      0.115627  + (1.490788i)    cm-1
T3(ms=1)      0.158014  + (1.213035i)    cm-1
T4(ms=1)      0.132838  + (0.007737i)    cm-1
T5(ms=1)      -0.272321  + (0.254045i)    cm-1
T6(ms=1)      -0.061694  + (-1.809828i)    cm-1
SOC between the singlet ground state and excited triplet states (ms=-1):
T1(ms=-1)     0.029758  - (-0.137926i)    cm-1
T2(ms=-1)     0.115627  - (1.490788i)    cm-1
T3(ms=-1)     0.158014  - (1.213035i)    cm-1
T4(ms=-1)     0.132838  - (0.007737i)    cm-1
T5(ms=-1)     -0.272321  - (0.254045i)    cm-1
T6(ms=-1)     -0.061694  - (-1.809828i)    cm-1
Total SOC between the singlet ground state and excited triplet states:
T1      0.255221    cm-1
T2      2.223194    cm-1
T3      1.806339    cm-1
T4      0.189179    cm-1
T5      0.636971    cm-1
T6      2.772736    cm-1




=======================================================================================
                     SPIN-ORBIT COUPLING BETWEEN EXCITED TRIPLET STATES
=======================================================================================

SOC between the T1 (ms=0) state and excited triplet states (ms=1):
T2(ms=1)      -0.103180  + (0.034936i)    cm-1
T3(ms=1)      -0.089678  + (0.046130i)    cm-1
T4(ms=1)      0.278470  + (0.082634i)    cm-1
T5(ms=1)      0.047340  + (0.096807i)    cm-1
T6(ms=1)      0.006860  + (-0.001770i)    cm-1
SOC between the T1 (ms=0) state and excited triplet states (ms=-1):
T2(ms=-1)     0.103180  + (0.034936i)    cm-1
T3(ms=-1)     0.089678  + (0.046130i)    cm-1
T4(ms=-1)     -0.278470  + (0.082634i)    cm-1
T5(ms=-1)     -0.047340  + (0.096807i)    cm-1
T6(ms=-1)     -0.006860  + (-0.001770i)    cm-1
SOC between the T1 (ms=1) state and excited triplet states (ms=0):
T2(ms=0)      0.103180  + (0.034936i)    cm-1
T3(ms=0)      0.089678  + (0.046130i)    cm-1
T4(ms=0)      -0.278470  + (0.082634i)    cm-1
T5(ms=0)      -0.047340  + (0.096807i)    cm-1
T6(ms=0)      -0.006860  + (-0.001770i)    cm-1
SOC between the T1 (ms=1) state and excited triplet states (ms=1):
T2(ms=1)      0.000000  + (-0.130543i)    cm-1
T3(ms=1)      0.000000  + (-0.060462i)    cm-1
T4(ms=1)      0.000000  + (-0.354233i)    cm-1
T5(ms=1)      0.000000  + (-0.029612i)    cm-1
T6(ms=1)      0.000000  + (0.051516i)    cm-1
SOC between the T1 (ms=-1) state and excited triplet states (ms=0):
T2(ms=0)      -0.103180  + (0.034936i)    cm-1
T3(ms=0)      -0.089678  + (0.046130i)    cm-1
T4(ms=0)      0.278470  + (0.082634i)    cm-1
T5(ms=0)      0.047340  + (0.096807i)    cm-1
T6(ms=0)      0.006860  + (-0.001770i)    cm-1
SOC between the T1 (ms=-1) state and excited triplet states (ms=-1):
T2(ms=-1)     0.000000  + (0.130543i)    cm-1
T3(ms=-1)     0.000000  + (0.060462i)    cm-1
T4(ms=-1)     0.000000  + (0.354233i)    cm-1
T5(ms=-1)     0.000000  + (0.029612i)    cm-1
T6(ms=-1)     0.000000  + (-0.051516i)    cm-1
Total SOC between the T1 state and excited triplet states:
T2      0.285568    cm-1
T3      0.219070    cm-1
T4      0.767111    cm-1
T5      0.219554    cm-1
T6      0.074220    cm-1



SOC between the T2 (ms=0) state and excited triplet states (ms=1):
T3(ms=1)      0.300361  + (-0.100695i)    cm-1
T4(ms=1)      0.027342  + (-0.196987i)    cm-1
T5(ms=1)      -0.146052  + (0.224011i)    cm-1
T6(ms=1)      0.241026  + (-0.108413i)    cm-1
SOC between the T2 (ms=0) state and excited triplet states (ms=-1):
T3(ms=-1)     -0.300361  + (-0.100695i)    cm-1
T4(ms=-1)     -0.027342  + (-0.196987i)    cm-1
T5(ms=-1)     0.146052  + (0.224011i)    cm-1
T6(ms=-1)     -0.241026  + (-0.108413i)    cm-1
SOC between the T2 (ms=1) state and excited triplet states (ms=0):
T3(ms=0)      -0.300361  + (-0.100695i)    cm-1
T4(ms=0)      -0.027342  + (-0.196987i)    cm-1
T5(ms=0)      0.146052  + (0.224011i)    cm-1
T6(ms=0)      -0.241026  + (-0.108413i)    cm-1
SOC between the T2 (ms=1) state and excited triplet states (ms=1):
T3(ms=1)      0.000000  + (0.419232i)    cm-1
T4(ms=1)      0.000000  + (-0.090378i)    cm-1
T5(ms=1)      0.000000  + (0.235915i)    cm-1
T6(ms=1)      0.000000  + (0.409143i)    cm-1
SOC between the T2 (ms=-1) state and excited triplet states (ms=0):
T3(ms=0)      0.300361  + (-0.100695i)    cm-1
T4(ms=0)      0.027342  + (-0.196987i)    cm-1
T5(ms=0)      -0.146052  + (0.224011i)    cm-1
T6(ms=0)      0.241026  + (-0.108413i)    cm-1
SOC between the T2 (ms=-1) state and excited triplet states (ms=-1):
T3(ms=-1)     0.000000  + (-0.419232i)    cm-1
T4(ms=-1)     0.000000  + (0.090378i)    cm-1
T5(ms=-1)     0.000000  + (-0.235915i)    cm-1
T6(ms=-1)     0.000000  + (-0.409143i)    cm-1
Total SOC between the T2 state and excited triplet states:
T3      0.867718    cm-1
T4      0.417783    cm-1
T5      0.630365    cm-1
T6      0.783698    cm-1



SOC between the T3 (ms=0) state and excited triplet states (ms=1):
T4(ms=1)      -0.064316  + (-0.234271i)    cm-1
T5(ms=1)      0.316996  + (0.356317i)    cm-1
T6(ms=1)      -0.207465  + (0.095646i)    cm-1
SOC between the T3 (ms=0) state and excited triplet states (ms=-1):
T4(ms=-1)     0.064316  + (-0.234271i)    cm-1
T5(ms=-1)     -0.316996  + (0.356317i)    cm-1
T6(ms=-1)     0.207465  + (0.095646i)    cm-1
SOC between the T3 (ms=1) state and excited triplet states (ms=0):
T4(ms=0)      0.064316  + (-0.234271i)    cm-1
T5(ms=0)      -0.316996  + (0.356317i)    cm-1
T6(ms=0)      0.207465  + (0.095646i)    cm-1
SOC between the T3 (ms=1) state and excited triplet states (ms=1):
T4(ms=1)      0.000000  + (-0.018403i)    cm-1
T5(ms=1)      0.000000  + (-0.256173i)    cm-1
T6(ms=1)      0.000000  + (-0.379670i)    cm-1
SOC between the T3 (ms=-1) state and excited triplet states (ms=0):
T4(ms=0)      -0.064316  + (-0.234271i)    cm-1
T5(ms=0)      0.316996  + (0.356317i)    cm-1
T6(ms=0)      -0.207465  + (0.095646i)    cm-1
SOC between the T3 (ms=-1) state and excited triplet states (ms=-1):
T4(ms=-1)     0.000000  + (0.018403i)    cm-1
T5(ms=-1)     0.000000  + (0.256173i)    cm-1
T6(ms=-1)     0.000000  + (0.379670i)    cm-1
Total SOC between the T3 state and excited triplet states:
T4      0.486574    cm-1
T5      1.020315    cm-1
T6      0.705024    cm-1



SOC between the T4 (ms=0) state and excited triplet states (ms=1):
T5(ms=1)      -0.029065  + (0.037277i)    cm-1
T6(ms=1)      0.012697  + (-0.099296i)    cm-1
SOC between the T4 (ms=0) state and excited triplet states (ms=-1):
T5(ms=-1)     0.029065  + (0.037277i)    cm-1
T6(ms=-1)     -0.012697  + (-0.099296i)    cm-1
SOC between the T4 (ms=1) state and excited triplet states (ms=0):
T5(ms=0)      0.029065  + (0.037277i)    cm-1
T6(ms=0)      -0.012697  + (-0.099296i)    cm-1
SOC between the T4 (ms=1) state and excited triplet states (ms=1):
T5(ms=1)      0.000000  + (-0.055487i)    cm-1
T6(ms=1)      0.000000  + (-0.097902i)    cm-1
SOC between the T4 (ms=-1) state and excited triplet states (ms=0):
T5(ms=0)      -0.029065  + (0.037277i)    cm-1
T6(ms=0)      0.012697  + (-0.099296i)    cm-1
SOC between the T4 (ms=-1) state and excited triplet states (ms=-1):
T5(ms=-1)     0.000000  + (0.055487i)    cm-1
T6(ms=-1)     0.000000  + (0.097902i)    cm-1
Total SOC between the T4 state and excited triplet states:
T5      0.122862    cm-1
T6      0.243419    cm-1



SOC between the T5 (ms=0) state and excited triplet states (ms=1):
T6(ms=1)      0.101595  + (-0.386684i)    cm-1
SOC between the T5 (ms=0) state and excited triplet states (ms=-1):
T6(ms=-1)     -0.101595  + (-0.386684i)    cm-1
SOC between the T5 (ms=1) state and excited triplet states (ms=0):
T6(ms=0)      -0.101595  + (-0.386684i)    cm-1
SOC between the T5 (ms=1) state and excited triplet states (ms=1):
T6(ms=1)      0.000000  + (-0.255845i)    cm-1
SOC between the T5 (ms=-1) state and excited triplet states (ms=0):
T6(ms=0)      0.101595  + (-0.386684i)    cm-1
SOC between the T5 (ms=-1) state and excited triplet states (ms=-1):
T6(ms=-1)     0.000000  + (0.255845i)    cm-1
Total SOC between the T5 state and excited triplet states:
T6      0.877666    cm-1







=======================================================================================
         SPIN-ORBIT COUPLING BETWEEN EXCITED SINGLET STATES AND TRIPLET STATES
=======================================================================================

SOC between the S1 state and excited triplet states (ms=0):
T1(ms=0)      0.000000  +  0.073871i    cm-1
T2(ms=0)      0.000000  +  -0.263654i    cm-1
T3(ms=0)      0.000000  +  0.291546i    cm-1
T4(ms=0)      0.000000  +  -0.015545i    cm-1
T5(ms=0)      0.000000  +  0.000067i    cm-1
T6(ms=0)      0.000000  +  0.008438i    cm-1
SOC between the S1 state and excited triplet states (ms=1):
T1(ms=1)      (-0.092489)  + (0.043343i)    cm-1
T2(ms=1)      (0.199627)  + (-0.072969i)    cm-1
T3(ms=1)      (-0.211392)  + (0.065392i)    cm-1
T4(ms=1)      (0.059339)  + (0.273596i)    cm-1
T5(ms=1)      (-0.098326)  + (-0.373946i)    cm-1
T6(ms=1)      (-0.015837)  + (-0.000975i)    cm-1
SOC between the S1 state and excited triplet states (ms=-1):
T1(ms=-1)    -(-0.092489)  + (0.043343i)    cm-1
T2(ms=-1)    -(0.199627)  + (-0.072969i)    cm-1
T3(ms=-1)    -(-0.211392)  + (0.065392i)    cm-1
T4(ms=-1)    -(0.059339)  + (0.273596i)    cm-1
T5(ms=-1)    -(-0.098326)  + (-0.373946i)    cm-1
T6(ms=-1)    -(-0.015837)  + (-0.000975i)    cm-1
Total SOC between the S1 state and excited triplet states:
T1      0.162243    cm-1
T2      0.399830    cm-1
T3      0.427697    cm-1
T4      0.396225    cm-1
T5      0.546815    cm-1
T6      0.023973    cm-1



SOC between the S2 state and excited triplet states (ms=0):
T1(ms=0)      0.000000  +  -0.022338i    cm-1
T2(ms=0)      0.000000  +  -0.361151i    cm-1
T3(ms=0)      0.000000  +  0.323733i    cm-1
T4(ms=0)      0.000000  +  0.108992i    cm-1
T5(ms=0)      0.000000  +  0.198156i    cm-1
T6(ms=0)      0.000000  +  -0.024886i    cm-1
SOC between the S2 state and excited triplet states (ms=1):
T1(ms=1)      (-0.008477)  + (-0.000573i)    cm-1
T2(ms=1)      (0.224187)  + (-0.110518i)    cm-1
T3(ms=1)      (-0.200863)  + (0.069029i)    cm-1
T4(ms=1)      (0.036576)  + (-0.079212i)    cm-1
T5(ms=1)      (0.074733)  + (-0.340753i)    cm-1
T6(ms=1)      (0.029679)  + (-0.016170i)    cm-1
SOC between the S2 state and excited triplet states (ms=-1):
T1(ms=-1)    -(-0.008477)  + (-0.000573i)    cm-1
T2(ms=-1)    -(0.224187)  + (-0.110518i)    cm-1
T3(ms=-1)    -(-0.200863)  + (0.069029i)    cm-1
T4(ms=-1)    -(0.036576)  + (-0.079212i)    cm-1
T5(ms=-1)    -(0.074733)  + (-0.340753i)    cm-1
T6(ms=-1)    -(0.029679)  + (-0.016170i)    cm-1
Total SOC between the S2 state and excited triplet states:
T1      0.025364    cm-1
T2      0.505349    cm-1
T3      0.441616    cm-1
T4      0.164633    cm-1
T5      0.531658    cm-1
T6      0.053889    cm-1



SOC between the S3 state and excited triplet states (ms=0):
T1(ms=0)      0.000000  +  0.029549i    cm-1
T2(ms=0)      0.000000  +  -0.226419i    cm-1
T3(ms=0)      0.000000  +  -0.035754i    cm-1
T4(ms=0)      0.000000  +  -0.253954i    cm-1
T5(ms=0)      0.000000  +  -0.018671i    cm-1
T6(ms=0)      0.000000  +  0.106014i    cm-1
SOC between the S3 state and excited triplet states (ms=1):
T1(ms=1)      (-0.042297)  + (0.017694i)    cm-1
T2(ms=1)      (0.169716)  + (-0.064969i)    cm-1
T3(ms=1)      (0.065432)  + (-0.041291i)    cm-1
T4(ms=1)      (-0.194696)  + (-0.037248i)    cm-1
T5(ms=1)      (-0.027616)  + (-0.121176i)    cm-1
T6(ms=1)      (-0.044087)  + (0.022108i)    cm-1
SOC between the S3 state and excited triplet states (ms=-1):
T1(ms=-1)    -(-0.042297)  + (0.017694i)    cm-1
T2(ms=-1)    -(0.169716)  + (-0.064969i)    cm-1
T3(ms=-1)    -(0.065432)  + (-0.041291i)    cm-1
T4(ms=-1)    -(-0.194696)  + (-0.037248i)    cm-1
T5(ms=-1)    -(-0.027616)  + (-0.121176i)    cm-1
T6(ms=-1)    -(-0.044087)  + (0.022108i)    cm-1
Total SOC between the S3 state and excited triplet states:
T1      0.071256    cm-1
T2      0.342512    cm-1
T3      0.115112    cm-1
T4      0.378260    cm-1
T5      0.176752    cm-1
T6      0.126901    cm-1



SOC between the S4 state and excited triplet states (ms=0):
T1(ms=0)      0.000000  +  -0.025925i    cm-1
T2(ms=0)      0.000000  +  -0.360865i    cm-1
T3(ms=0)      0.000000  +  -0.403446i    cm-1
T4(ms=0)      0.000000  +  0.030149i    cm-1
T5(ms=0)      0.000000  +  -0.359973i    cm-1
T6(ms=0)      0.000000  +  -0.724402i    cm-1
SOC between the S4 state and excited triplet states (ms=1):
T1(ms=1)      (0.002028)  + (0.022996i)    cm-1
T2(ms=1)      (0.274833)  + (-0.103008i)    cm-1
T3(ms=1)      (0.285968)  + (-0.117500i)    cm-1
T4(ms=1)      (0.048101)  + (-0.001163i)    cm-1
T5(ms=1)      (-0.356473)  + (-0.079825i)    cm-1
T6(ms=1)      (0.430277)  + (-0.205779i)    cm-1
SOC between the S4 state and excited triplet states (ms=-1):
T1(ms=-1)    -(0.002028)  + (0.022996i)    cm-1
T2(ms=-1)    -(0.274833)  + (-0.103008i)    cm-1
T3(ms=-1)    -(0.285968)  + (-0.117500i)    cm-1
T4(ms=-1)    -(0.048101)  + (-0.001163i)    cm-1
T5(ms=-1)    -(-0.356473)  + (-0.079825i)    cm-1
T6(ms=-1)    -(0.430277)  + (-0.205779i)    cm-1
Total SOC between the S4 state and excited triplet states:
T1      0.041689    cm-1
T2      0.550010    cm-1
T3      0.594926    cm-1
T4      0.074425    cm-1
T5      0.629659    cm-1
T6      0.989810    cm-1



SOC between the S5 state and excited triplet states (ms=0):
T1(ms=0)      0.000000  +  0.007010i    cm-1
T2(ms=0)      0.000000  +  -0.048423i    cm-1
T3(ms=0)      0.000000  +  0.001564i    cm-1
T4(ms=0)      0.000000  +  -0.005825i    cm-1
T5(ms=0)      0.000000  +  -0.024468i    cm-1
T6(ms=0)      0.000000  +  0.792344i    cm-1
SOC between the S5 state and excited triplet states (ms=1):
T1(ms=1)      (-0.005972)  + (-0.019135i)    cm-1
T2(ms=1)      (-0.028703)  + (-0.008683i)    cm-1
T3(ms=1)      (-0.020260)  + (0.004796i)    cm-1
T4(ms=1)      (0.012993)  + (-0.006578i)    cm-1
T5(ms=1)      (-0.013113)  + (-0.007041i)    cm-1
T6(ms=1)      (0.473534)  + (0.014949i)    cm-1
SOC between the S5 state and excited triplet states (ms=-1):
T1(ms=-1)    -(-0.005972)  + (-0.019135i)    cm-1
T2(ms=-1)    -(-0.028703)  + (-0.008683i)    cm-1
T3(ms=-1)    -(-0.020260)  + (0.004796i)    cm-1
T4(ms=-1)    -(0.012993)  + (-0.006578i)    cm-1
T5(ms=-1)    -(-0.013113)  + (-0.007041i)    cm-1
T6(ms=-1)    -(0.473534)  + (0.014949i)    cm-1
Total SOC between the S5 state and excited triplet states:
T1      0.029202    cm-1
T2      0.064369    cm-1
T3      0.029486    cm-1
T4      0.021403    cm-1
T5      0.032276    cm-1
T6      1.037654    cm-1



SOC between the S6 state and excited triplet states (ms=0):
T1(ms=0)      0.000000  +  0.049104i    cm-1
T2(ms=0)      0.000000  +  -0.341413i    cm-1
T3(ms=0)      0.000000  +  -0.368825i    cm-1
T4(ms=0)      0.000000  +  -0.015688i    cm-1
T5(ms=0)      0.000000  +  -0.008837i    cm-1
T6(ms=0)      0.000000  +  -0.003939i    cm-1
SOC between the S6 state and excited triplet states (ms=1):
T1(ms=1)      (0.047428)  + (0.001621i)    cm-1
T2(ms=1)      (-0.386873)  + (-0.176546i)    cm-1
T3(ms=1)      (-0.411979)  + (-0.192708i)    cm-1
T4(ms=1)      (0.001331)  + (-0.014480i)    cm-1
T5(ms=1)      (0.035367)  + (0.002339i)    cm-1
T6(ms=1)      (-0.023074)  + (-0.009943i)    cm-1
SOC between the S6 state and excited triplet states (ms=-1):
T1(ms=-1)    -(0.047428)  + (0.001621i)    cm-1
T2(ms=-1)    -(-0.386873)  + (-0.176546i)    cm-1
T3(ms=-1)    -(-0.411979)  + (-0.192708i)    cm-1
T4(ms=-1)    -(0.001331)  + (-0.014480i)    cm-1
T5(ms=-1)    -(0.035367)  + (0.002339i)    cm-1
T6(ms=-1)    -(-0.023074)  + (-0.009943i)    cm-1
Total SOC between the S6 state and excited triplet states:
T1      0.083158    cm-1
T2      0.691551    cm-1
T3      0.741456    cm-1
T4      0.025865    cm-1
T5      0.050899    cm-1
T6      0.035750    cm-1






            *********SOC CODE ENDS HERE*********



 
 --------------------------------------------------------------
 
                    Orbital Energies (a.u.)
 --------------------------------------------------------------
 
 Alpha MOs
 -- Occupied --
-14.684 -14.683 -10.490 -10.490 -10.479 -10.479 -10.478 -10.477
-10.470 -10.470 -10.469 -10.469 -10.469 -10.469 -10.469 -10.469
-10.468 -10.467 -10.467 -10.466 -10.466 -10.466 -10.466 -10.466
-10.465 -10.464 -10.463 -10.463 -10.463 -10.463 -10.462 -10.462
-10.461 -10.460 -10.459 -10.459 -10.458 -10.457 -10.451 -10.451
-10.447 -10.446 -10.446 -10.445 -10.444 -10.444 -10.443 -10.443
-10.443 -10.443 -10.442 -10.442 -10.442 -10.441 -10.441 -10.441
-10.441 -10.440 -10.440 -10.440 -10.440 -10.440 -10.439 -10.439
-10.439 -10.439 -10.439 -10.439 -10.435 -10.433 -10.433 -10.432
-10.431 -10.428 -10.427 -10.427 -10.427 -10.427  -6.952  -6.949
 -1.107  -1.104  -1.020  -1.019  -0.975  -0.973  -0.965  -0.963
 -0.951  -0.949  -0.946  -0.945  -0.937  -0.937  -0.913  -0.904
 -0.892  -0.891  -0.881  -0.881  -0.863  -0.862  -0.861  -0.860
 -0.852  -0.851  -0.850  -0.850  -0.834  -0.833  -0.826  -0.817
 -0.816  -0.813  -0.808  -0.808  -0.780  -0.778  -0.777  -0.775
 -0.765  -0.763  -0.761  -0.759  -0.740  -0.733  -0.732  -0.725
 -0.713  -0.713  -0.697  -0.694  -0.690  -0.684  -0.676  -0.671
 -0.662  -0.660  -0.656  -0.655  -0.653  -0.651  -0.642  -0.640
 -0.638  -0.637  -0.602  -0.600  -0.597  -0.594  -0.591  -0.590
 -0.588  -0.585  -0.583  -0.581  -0.581  -0.559  -0.556  -0.554
 -0.550  -0.549  -0.540  -0.538  -0.533  -0.532  -0.531  -0.525
 -0.518  -0.513  -0.511  -0.508  -0.507  -0.503  -0.500  -0.498
 -0.496  -0.496  -0.495  -0.494  -0.494  -0.492  -0.490  -0.488
 -0.488  -0.487  -0.485  -0.484  -0.481  -0.479  -0.478  -0.477
 -0.476  -0.473  -0.473  -0.472  -0.471  -0.471  -0.471  -0.470
 -0.469  -0.468  -0.466  -0.466  -0.465  -0.461  -0.450  -0.446
 -0.446  -0.445  -0.440  -0.437  -0.436  -0.432  -0.430  -0.430
 -0.428  -0.428  -0.427  -0.417  -0.414  -0.414  -0.411  -0.409
 -0.405  -0.405  -0.402  -0.399  -0.399  -0.398  -0.398  -0.397
 -0.396  -0.396  -0.395  -0.394  -0.388  -0.387  -0.385  -0.381
 -0.380  -0.374  -0.366  -0.365  -0.362  -0.355  -0.355  -0.343
 -0.325  -0.322  -0.320  -0.319  -0.299  -0.298  -0.288  -0.287
 -0.285  -0.285  -0.283  -0.282  -0.278  -0.266  -0.260  -0.259
 -0.248  -0.244  -0.228  -0.222
 -- Virtual --
 -0.101  -0.064  -0.041  -0.035  -0.008  -0.007  -0.006   0.002
  0.005   0.006   0.012   0.020   0.024   0.032   0.035   0.039
  0.060   0.062   0.065   0.066   0.068   0.079   0.082   0.087
  0.118   0.123   0.139   0.140   0.142   0.149   0.151   0.153
  0.154   0.155   0.157   0.159   0.159   0.160   0.161   0.163
  0.168   0.173   0.176   0.177   0.179   0.180   0.180   0.184
  0.185   0.187   0.187   0.188   0.190   0.190   0.192   0.193
  0.195   0.198   0.200   0.200   0.201   0.202   0.208   0.208
  0.209   0.211   0.212   0.213   0.220   0.221   0.222   0.223
  0.225   0.226   0.227   0.230   0.231   0.234   0.235   0.237
  0.237   0.239   0.239   0.242   0.245   0.248   0.249   0.249
  0.250   0.251   0.251   0.252   0.253   0.254   0.256   0.257
  0.258   0.259   0.263   0.264   0.265   0.270   0.273   0.275
  0.276   0.276   0.277   0.279   0.282   0.286   0.290   0.291
  0.295   0.298   0.302   0.303   0.304   0.309   0.313   0.314
  0.318   0.318   0.319   0.319   0.323   0.325   0.327   0.329
  0.332   0.335   0.344   0.347   0.354   0.359   0.364   0.369
  0.371   0.373   0.376   0.378   0.380   0.384   0.387   0.392
  0.394   0.395   0.400   0.408   0.411   0.412   0.413   0.418
  0.419   0.421   0.430   0.432   0.435   0.443   0.450   0.451
  0.454   0.457   0.463   0.465   0.465   0.469   0.470   0.472
  0.476   0.482   0.484   0.485   0.489   0.492   0.494   0.495
  0.498   0.498   0.500   0.506   0.508   0.511   0.511   0.512
  0.515   0.516   0.519   0.520   0.521   0.522   0.524   0.525
  0.526   0.527   0.528   0.529   0.532   0.534   0.535   0.539
  0.540   0.544   0.545   0.546   0.547   0.550   0.554   0.555
  0.556   0.557   0.559   0.560   0.561   0.564   0.571   0.571
  0.575   0.577   0.577   0.580   0.582   0.582   0.584   0.584
  0.585   0.587   0.587   0.589   0.589   0.591   0.591   0.592
  0.593   0.594   0.594   0.596   0.599   0.601   0.602   0.603
  0.608   0.609   0.612   0.613   0.614   0.615   0.615   0.616
  0.618   0.621   0.623   0.623   0.626   0.627   0.628   0.630
  0.631   0.634   0.635   0.636   0.639   0.640   0.641   0.642
  0.643   0.647   0.648   0.650   0.651   0.651   0.652   0.655
  0.657   0.659   0.662   0.664   0.669   0.671   0.674   0.677
  0.681   0.681   0.682   0.685   0.687   0.690   0.693   0.694
  0.696   0.697   0.700   0.703   0.703   0.708   0.711   0.715
  0.717   0.723   0.724   0.725   0.726   0.727   0.728   0.729
  0.732   0.734   0.737   0.739   0.740   0.744   0.746   0.752
  0.754   0.755   0.756   0.756   0.758   0.760   0.760   0.765
  0.769   0.769   0.772   0.773   0.776   0.780   0.781   0.783
  0.784   0.786   0.789   0.793   0.794   0.800   0.802   0.806
  0.808   0.810   0.814   0.816   0.819   0.825   0.829   0.831
  0.837   0.840   0.841   0.845   0.853   0.856   0.863   0.865
  0.872   0.876   0.878   0.881   0.887   0.900   0.904   0.905
  0.909   0.910   0.913   0.914   0.921   0.924   0.930   0.936
  0.943   0.943   0.944   0.948   0.949   0.951   0.953   0.958
  0.959   0.964   0.966   0.969   0.969   0.972   0.978   0.980
  0.981   0.981   0.983   0.984   0.988   0.992   0.993   0.995
  0.996   0.999   1.002   1.008   1.009   1.011   1.014   1.016
  1.018   1.019   1.020   1.021   1.025   1.028   1.030   1.031
  1.033   1.036   1.037   1.039   1.042   1.043   1.048   1.051
  1.052   1.054   1.056   1.056   1.057   1.059   1.060   1.061
  1.062   1.065   1.068   1.068   1.070   1.070   1.071   1.071
  1.075   1.080   1.082   1.084   1.084   1.089   1.090   1.093
  1.095   1.097   1.101   1.102   1.107   1.108   1.113   1.116
  1.118   1.119   1.124   1.127   1.129   1.133   1.135   1.138
  1.140   1.142   1.145   1.147   1.149   1.149   1.151   1.155
  1.156   1.159   1.164   1.164   1.168   1.169   1.176   1.182
  1.183   1.186   1.190   1.195   1.198   1.202   1.206   1.211
  1.212   1.220   1.227   1.230   1.233   1.239   1.242   1.245
  1.250   1.250   1.254   1.258   1.262   1.265   1.269   1.279
  1.281   1.285   1.287   1.291   1.294   1.297   1.303   1.304
  1.308   1.313   1.314   1.316   1.316   1.324   1.325   1.329
  1.331   1.334   1.337   1.340   1.344   1.351   1.353   1.354
  1.357   1.362   1.363   1.365   1.369   1.371   1.374   1.377
  1.381   1.386   1.388   1.393   1.395   1.399   1.403   1.405
  1.408   1.409   1.412   1.417   1.420   1.423   1.437   1.437
  1.438   1.440   1.442   1.447   1.449   1.451   1.453   1.454
  1.454   1.458   1.459   1.470   1.477   1.482   1.495   1.500
  1.503   1.507   1.507   1.509   1.511   1.511   1.513   1.514
  1.518   1.521   1.524   1.527   1.528   1.529   1.533   1.535
  1.537   1.541   1.543   1.544   1.547   1.548   1.549   1.553
  1.554   1.555   1.559   1.561   1.563   1.567   1.569   1.570
  1.573   1.574   1.574   1.578   1.579   1.580   1.584   1.595
  1.597   1.600   1.605   1.609   1.615   1.619   1.623   1.628
  1.631   1.636   1.647   1.650   1.663   1.671   1.689   1.690
  1.699   1.729   1.740   1.742   1.746   1.750   1.771   1.776
  1.788   1.791   1.800   1.803   1.803   1.804   1.806   1.810
  1.811   1.812   1.815   1.821   1.823   1.827   1.829   1.833
  1.835   1.842   1.844   1.850   1.854   1.860   1.881   1.883
  1.888   1.891   1.896   1.898   1.901   1.903   1.905   1.907
  1.908   1.911   1.914   1.915   1.917   1.920   1.922   1.924
  1.926   1.931   1.932   1.936   1.939   1.943   1.945   1.948
  1.949   1.951   1.953   1.954   1.958   1.960   1.965   1.965
  1.967   1.970   1.972   1.976   1.978   1.979   1.981   1.982
  1.988   1.988   1.992   2.009   2.012   2.017   2.020   2.027
  2.033   2.039   2.046   2.052   2.060   2.063   2.065   2.067
  2.068   2.078   2.080   2.084   2.085   2.088   2.098   2.104
  2.106   2.106   2.116   2.128   2.129   2.133   2.136   2.137
  2.142   2.144   2.146   2.147   2.150   2.152   2.154   2.164
  2.167   2.169   2.174   2.179   2.180   2.182   2.189   2.190
  2.195   2.197   2.198   2.211   2.218   2.221   2.221   2.225
  2.227   2.228   2.232   2.235   2.238   2.241   2.246   2.248
  2.253   2.255   2.257   2.260   2.262   2.266   2.268   2.271
  2.274   2.275   2.276   2.279   2.279   2.284   2.286   2.294
  2.299   2.302   2.308   2.312   2.315   2.317   2.318   2.334
  2.334   2.336   2.340   2.342   2.344   2.345   2.345   2.347
  2.349   2.349   2.351   2.354   2.355   2.355   2.359   2.370
  2.371   2.373   2.378   2.381   2.383   2.389   2.390   2.392
  2.395   2.399   2.401   2.403   2.407   2.409   2.409   2.411
  2.414   2.416   2.418   2.422   2.428   2.431   2.433   2.437
  2.444   2.446   2.453   2.455   2.455   2.458   2.467   2.472
  2.476   2.482   2.485   2.489   2.491   2.494   2.495   2.495
  2.497   2.498   2.502   2.504   2.511   2.517   2.517   2.536
  2.547   2.550   2.563   2.577   2.585   2.590   2.604   2.623
  2.636   2.639   2.639   2.640   2.641   2.661   2.665   2.666
  2.666   2.671   2.679   2.684   2.702   2.703   2.709   2.714
  2.722   2.724   2.726   2.728   2.731   2.734   2.736   2.737
  2.740   2.743   2.744   2.750   2.764   2.772   2.774   2.776
  2.781   2.783   2.787   2.787   2.799   2.799   2.802   2.803
  2.805   2.806   2.806   2.807   2.810   2.816   2.819   2.821
  2.831   2.835   2.838   2.845   2.845   2.854   2.860   2.866
  2.875   2.883   2.886   2.897   2.898   2.901   2.905   2.908
  2.930   2.938   2.938   2.939   2.947   2.949   2.949   2.954
  2.955   2.956   2.965   2.966   2.979   2.987   2.994   2.997
  3.010   3.034   3.050   3.057   3.061   3.062   3.063   3.067
  3.077   3.082   3.131   3.135   3.144   3.231   3.252   3.254
  3.272   3.303   3.346   3.348   3.398   3.437   3.443   3.455
  3.464   3.467   3.478   3.485   3.488   3.490   3.567   3.573
  3.629   3.637   3.661   3.671   9.598   9.735  13.137  13.172
 13.237  13.242  13.427  13.431  13.437  13.494  13.505  13.512
 13.519  13.542  13.681  13.688  13.696  13.703  13.713  13.721
 13.733  13.773  13.776  13.786  13.789  13.797  13.852  13.856
 13.888  13.894  13.898  13.902  13.905  13.924  13.939  13.943
 13.945  13.998  14.000  14.003  14.007  14.020  14.023  14.033
 14.118  14.137  14.148  14.156  14.158  14.187  14.196  14.211
 14.216  14.233  14.240  14.244  14.247  14.258  14.263  14.276
 14.307  14.310  14.320  14.323  14.332  14.334  14.506  14.510
 14.555  14.559  14.575  14.577  14.578  14.581  14.585  14.603
 14.611  14.617  19.574  19.590
 --------------------------------------------------------------
 
          Ground-State Mulliken Net Atomic Charges

     Atom                 Charge (a.u.)
  ----------------------------------------
      1 N                    -0.734845
      2 C                     0.312986
      3 C                     0.320843
      4 C                    -0.269653
      5 H                     0.241113
      6 C                    -0.274791
      7 H                     0.208087
      8 C                     0.344392
      9 C                    -0.267587
     10 H                     0.247490
     11 C                    -0.275548
     12 H                     0.209506
     13 C                    -0.367957
     14 H                     0.242443
     15 C                     0.060907
     16 C                    -0.385293
     17 H                     0.251090
     18 C                     0.050838
     19 C                     0.113174
     20 C                    -0.407799
     21 H                     0.198466
     22 C                     0.117570
     23 C                     0.113578
     24 C                    -0.410638
     25 H                     0.197931
     26 C                     0.122888
     27 C                    -0.219444
     28 C                    -0.708639
     29 H                     0.225654
     30 H                     0.228092
     31 H                     0.229387
     32 C                    -0.708606
     33 H                     0.225736
     34 H                     0.228794
     35 H                     0.228751
     36 C                    -0.754358
     37 H                     0.237697
     38 H                     0.246060
     39 H                     0.243289
     40 C                    -0.764790
     41 H                     0.241370
     42 H                     0.249728
     43 H                     0.248849
     44 B                     0.676082
     45 C                    -0.148421
     46 C                    -0.399291
     47 H                     0.226613
     48 C                     0.115930
     49 C                     0.091138
     50 C                    -0.383398
     51 H                     0.232654
     52 C                    -0.146433
     53 C                     0.195004
     54 C                    -0.375375
     55 H                     0.223016
     56 C                    -0.064304
     57 C                     0.251967
     58 C                     0.200153
     59 C                    -0.384771
     60 H                     0.220172
     61 C                    -0.206511
     62 H                     0.229783
     63 C                    -0.329958
     64 H                     0.222591
     65 C                    -0.202094
     66 H                     0.228430
     67 C                    -0.335481
     68 H                     0.222827
     69 C                    -0.142156
     70 C                    -0.391785
     71 H                     0.232220
     72 C                     0.115560
     73 C                     0.092316
     74 C                    -0.390184
     75 H                     0.226732
     76 C                    -0.152804
     77 C                     0.193889
     78 C                    -0.373782
     79 H                     0.219377
     80 C                    -0.065878
     81 C                     0.251259
     82 C                     0.200686
     83 C                    -0.384133
     84 H                     0.223958
     85 C                    -0.205560
     86 H                     0.228491
     87 C                    -0.330127
     88 H                     0.222621
     89 C                    -0.202956
     90 H                     0.229808
     91 C                    -0.334748
     92 H                     0.222810
     93 B                     0.690369
     94 C                    -0.211607
     95 C                     0.051025
     96 C                    -0.335675
     97 H                     0.234660
     98 C                     0.309225
     99 C                    -0.350755
    100 H                     0.233983
    101 C                     0.043971
    102 N                    -0.737422
    103 C                     0.326033
    104 C                     0.325024
    105 C                    -0.264625
    106 H                     0.230022
    107 C                    -0.280469
    108 H                     0.207301
    109 C                    -0.264613
    110 H                     0.229781
    111 C                    -0.278635
    112 H                     0.206757
    113 C                     0.113359
    114 C                    -0.404876
    115 H                     0.195974
    116 C                     0.121726
    117 C                     0.113906
    118 C                    -0.403521
    119 H                     0.196690
    120 C                     0.121815
    121 C                    -0.708531
    122 H                     0.225183
    123 H                     0.226665
    124 H                     0.229902
    125 C                    -0.763990
    126 H                     0.242662
    127 H                     0.248665
    128 H                     0.248035
    129 C                    -0.708435
    130 H                     0.225156
    131 H                     0.227261
    132 H                     0.229637
    133 C                    -0.753900
    134 H                     0.239771
    135 H                     0.243869
    136 H                     0.245926
  ----------------------------------------
  Sum of atomic charges =    -0.000000

 -----------------------------------------------------------------
                    Cartesian Multipole Moments
 -----------------------------------------------------------------
    Charge (ESU x 10^10)
                -0.0000
    Dipole Moment (Debye)
         X       0.5335      Y       0.9144      Z      -0.7806
       Tot       1.3153
    Quadrupole Moments (Debye-Ang)
        XX    -455.3653     XY     -20.9642     YY    -432.6067
        XZ      -8.1485     YZ      29.6836     ZZ    -422.2462
    Octopole Moments (Debye-Ang^2)
       XXX    8916.0854    XXY     435.7551    XYY    2710.9886
       YYY     472.6342    XXZ    1400.0911    XYZ    -164.5386
       YYZ    1263.1947    XZZ    2899.5564    YZZ    -103.0005
       ZZZ    3855.2055
    Hexadecapole Moments (Debye-Ang^3)
      XXXX -200681.3367   XXXY   -8350.3611   XXYY  -34791.6217
      XYYY   -4592.8224   YYYY  -20300.9607   XXXZ  -39272.2449
      XXYZ   -2069.1404   XYYZ  -12841.4706   YYYZ   -9196.7201
      XXZZ  -43166.3055   XYZZ      24.0370   YYZZ  -11421.6031
      XZZZ  -39361.1921   YZZZ   -7504.1855   ZZZZ  -57268.4427
 -----------------------------------------------------------------
 -----------------------------------------------------------------
               TDA Excited-State Multipoles, State  1
 -----------------------------------------------------------------
    Charge (ESU x 10^10)
                -0.0000
    Dipole Moment (Debye)
         X       0.6730      Y       1.0421      Z      -0.7947
       Tot       1.4733
    Quadrupole Moments (Debye-Ang)
        XX    -462.5261     XY     -23.6084     YY    -430.6264
        XZ     -11.3999     YZ      32.4438     ZZ    -420.1441
    Octopole Moments (Debye-Ang^2)
       XXX    9050.2107    XXY     469.2447    XYY    2697.8079
       YYY     476.5809    XXZ    1465.9245    XYZ    -177.5947
       YYZ    1257.3873    XZZ    2905.3906    YZZ    -123.6502
       ZZZ    3829.3902
    Hexadecapole Moments (Debye-Ang^3)
      XXXX -202803.2940   XXXY   -8733.5732   XXYY  -34730.3621
      XYYY   -4653.3705   YYYY  -20266.0355   XXXZ  -40263.0704
      XXYZ   -2034.3114   XYYZ  -12831.5471   YYYZ   -9171.0335
      XXZZ  -43462.2906   XYZZ     124.1765   YYZZ  -11372.0428
      XZZZ  -39330.7995   YZZZ   -7347.6965   ZZZZ  -57030.5691
 -----------------------------------------------------------------
 -----------------------------------------------------------------
               TDA Excited-State Multipoles, State  2
 -----------------------------------------------------------------
    Charge (ESU x 10^10)
                -0.0000
    Dipole Moment (Debye)
         X      11.7282      Y       0.7714      Z       5.2328
       Tot      12.8658
    Quadrupole Moments (Debye-Ang)
        XX    -531.2705     XY     -17.7491     YY    -447.0462
        XZ     -43.3360     YZ      15.8658     ZZ    -446.6173
    Octopole Moments (Debye-Ang^2)
       XXX    9825.7767    XXY     408.8584    XYY    2823.9587
       YYY     463.5953    XXZ    1708.0642    XYZ     -83.9122
       YYZ    1312.4552    XZZ    3139.3624    YZZ      -7.3719
       ZZZ    4140.4495
    Hexadecapole Moments (Debye-Ang^3)
      XXXX -210861.3112   XXXY   -8288.0431   XXYY  -35774.2884
      XYYY   -4479.7828   YYYY  -20721.1479   XXXZ  -42842.5810
      XXYZ   -2718.0790   XYYZ  -13135.8976   YYYZ   -9548.5511
      XXZZ  -45209.5749   XYZZ    -497.0366   YYZZ  -11945.4881
      XZZZ  -40944.7862   YZZZ   -8398.4184   ZZZZ  -59062.4035
 -----------------------------------------------------------------
 -----------------------------------------------------------------
               TDA Excited-State Multipoles, State  3
 -----------------------------------------------------------------
    Charge (ESU x 10^10)
                -0.0000
    Dipole Moment (Debye)
         X      25.0364      Y       0.2504      Z      12.4651
       Tot      27.9690
    Quadrupole Moments (Debye-Ang)
        XX    -615.4541     XY      -8.8300     YY    -471.7028
        XZ     -79.8585     YZ      -7.9162     ZZ    -482.0126
    Octopole Moments (Debye-Ang^2)
       XXX   10819.3060    XXY     327.3010    XYY    2999.4251
       YYY     437.0157    XXZ    2002.9140    XYZ      42.7179
       YYZ    1385.2251    XZZ    3432.5961    YZZ     150.9849
       ZZZ    4552.5793
    Hexadecapole Moments (Debye-Ang^3)
      XXXX -221555.5549   XXXY   -7744.3169   XXYY  -37178.8025
      XYYY   -4173.8532   YYYY  -21459.7262   XXXZ  -46232.8766
      XXYZ   -3624.8740   XYYZ  -13487.5065   YYYZ  -10139.2863
      XXZZ  -47457.8138   XYZZ   -1263.2733   YYZZ  -12794.9135
      XZZZ  -42968.8871   YZZZ   -9888.0140   ZZZZ  -61890.2803
 -----------------------------------------------------------------
 -----------------------------------------------------------------
               TDA Excited-State Multipoles, State  4
 -----------------------------------------------------------------
    Charge (ESU x 10^10)
                -0.0000
    Dipole Moment (Debye)
         X      13.2811      Y       0.7265      Z       6.1481
       Tot      14.6531
    Quadrupole Moments (Debye-Ang)
        XX    -540.3877     XY     -17.2473     YY    -449.8500
        XZ     -47.7044     YZ      13.1272     ZZ    -450.5248
    Octopole Moments (Debye-Ang^2)
       XXX    9944.2565    XXY     408.1200    XYY    2840.9203
       YYY     461.0770    XXZ    1747.9749    XYZ     -70.6090
       YYZ    1320.4142    XZZ    3171.8692    YZZ       9.2249
       ZZZ    4186.0086
    Hexadecapole Moments (Debye-Ang^3)
      XXXX -212257.9829   XXXY   -8341.7114   XXYY  -35895.3189
      XYYY   -4459.9750   YYYY  -20804.7487   XXXZ  -43367.2997
      XXYZ   -2814.0969   XYYZ  -13170.7142   YYYZ   -9618.0821
      XXZZ  -45482.3542   XYZZ    -566.6073   YYZZ  -12040.3307
      XZZZ  -41145.4710   YZZZ   -8552.5765   ZZZZ  -59342.3823
 -----------------------------------------------------------------
 -----------------------------------------------------------------
               TDA Excited-State Multipoles, State  5
 -----------------------------------------------------------------
    Charge (ESU x 10^10)
                -0.0000
    Dipole Moment (Debye)
         X       0.4792      Y       0.9020      Z      -1.0793
       Tot       1.4859
    Quadrupole Moments (Debye-Ang)
        XX    -457.9782     XY     -23.3723     YY    -427.5586
        XZ      -9.5994     YZ      35.6292     ZZ    -414.9856
    Octopole Moments (Debye-Ang^2)
       XXX    8972.8213    XXY     471.6072    XYY    2677.2959
       YYY     476.8944    XXZ    1441.7122    XYZ    -195.1002
       YYZ    1244.9540    XZZ    2872.9598    YZZ    -148.7055
       ZZZ    3775.1004
    Hexadecapole Moments (Debye-Ang^3)
      XXXX -201759.1137   XXXY   -8786.9524   XXYY  -34556.2126
      XYYY   -4688.2039   YYYY  -20141.2537   XXXZ  -39942.8099
      XXYZ   -1911.6226   XYYZ  -12778.4521   YYYZ   -9058.6877
      XXZZ  -43182.0088   XYZZ     242.8111   YYZZ  -11204.6216
      XZZZ  -39027.5302   YZZZ   -7067.7723   ZZZZ  -56463.2453
 -----------------------------------------------------------------
 -----------------------------------------------------------------
               TDA Excited-State Multipoles, State  6
 -----------------------------------------------------------------
    Charge (ESU x 10^10)
                -0.0000
    Dipole Moment (Debye)
         X       0.6602      Y       0.8792      Z      -0.7623
       Tot       1.3379
    Quadrupole Moments (Debye-Ang)
        XX    -459.5483     XY     -20.4519     YY    -433.9814
        XZ      -9.1451     YZ      28.5841     ZZ    -424.2066
    Octopole Moments (Debye-Ang^2)
       XXX    8978.3308    XXY     426.8162    XYY    2723.9395
       YYY     470.4392    XXZ    1416.6762    XYZ    -154.9857
       YYZ    1267.8254    XZZ    2919.3697    YZZ     -92.4563
       ZZZ    3879.4717
    Hexadecapole Moments (Debye-Ang^3)
      XXXX -201416.9845   XXXY   -8207.0042   XXYY  -34931.7214
      XYYY   -4560.7845   YYYY  -20358.4033   XXXZ  -39445.1244
      XXYZ   -2153.8875   XYYZ  -12874.9711   YYYZ   -9243.7450
      XXZZ  -43366.8646   XYZZ     -58.4429   YYZZ  -11497.7840
      XZZZ  -39574.2556   YZZZ   -7640.0473   ZZZZ  -57560.0688
 -----------------------------------------------------------------
 -----------------------------------------------------------------
               TDA Excited-State Multipoles, State  7
 -----------------------------------------------------------------
    Charge (ESU x 10^10)
                -0.0000
    Dipole Moment (Debye)
         X     -28.7989      Y      -5.2803      Z      -9.3309
       Tot      30.7298
    Quadrupole Moments (Debye-Ang)
        XX     129.4138     XY      75.2162     YY    -440.5393
        XZ     218.7560     YZ      32.0400     ZZ    -391.7242
    Octopole Moments (Debye-Ang^2)
       XXX   -1141.9253    XXY    -870.9423    XYY    2494.3792
       YYY     274.6448    XXZ   -2552.6565    XYZ    -526.6735
       YYZ    1155.4483    XZZ    1600.2211    YZZ    -113.5591
       ZZZ    3741.1300
    Hexadecapole Moments (Debye-Ang^3)
      XXXX  -35854.7946   XXXY    9137.6246   XXYY  -29680.8239
      XYYY   -1678.5832   YYYY  -20488.0868   XXXZ   24546.7848
      XXYZ    4688.4532   XYYZ   -9950.0846   YYYZ   -8957.3102
      XXZZ  -19386.2958   XYZZ    2796.8303   YYZZ  -11211.5219
      XZZZ  -31460.6238   YZZZ   -8047.8368   ZZZZ  -57978.4316
 -----------------------------------------------------------------
 -----------------------------------------------------------------
               TDA Excited-State Multipoles, State  8
 -----------------------------------------------------------------
    Charge (ESU x 10^10)
                -0.0000
    Dipole Moment (Debye)
         X     -29.2833      Y      -5.3839      Z      -9.5020
       Tot      31.2536
    Quadrupole Moments (Debye-Ang)
        XX     138.9534     XY      76.7764     YY    -440.4196
        XZ     222.5062     YZ      32.3693     ZZ    -390.9142
    Octopole Moments (Debye-Ang^2)
       XXX   -1312.2125    XXY    -892.7392    XYY    2488.8160
       YYY     271.1495    XXZ   -2618.8393    XYZ    -534.7455
       YYZ    1152.5092    XZZ    1576.9254    YZZ    -116.0655
       ZZZ    3735.7156
    Hexadecapole Moments (Debye-Ang^3)
      XXXX  -32989.9743   XXXY    9439.3691   XXYY  -29575.2645
      XYYY   -1628.6437   YYYY  -20484.1323   XXXZ   25645.3808
      XXYZ    4822.2471   XYYZ   -9893.5818   YYYZ   -8946.0318
      XXZZ  -18969.2906   XYZZ    2859.2466   YYZZ  -11197.1358
      XZZZ  -31309.9145   YZZZ   -8036.4619   ZZZZ  -57959.6833
 -----------------------------------------------------------------
 -----------------------------------------------------------------
               TDA Excited-State Multipoles, State  9
 -----------------------------------------------------------------
    Charge (ESU x 10^10)
                -0.0000
    Dipole Moment (Debye)
         X       0.5013      Y       1.1705      Z      -0.9366
       Tot       1.5807
    Quadrupole Moments (Debye-Ang)
        XX    -463.2047     XY     -26.3265     YY    -426.4705
        XZ     -13.0987     YZ      37.0917     ZZ    -415.5532
    Octopole Moments (Debye-Ang^2)
       XXX    9068.9761    XXY     499.1449    XYY    2672.1930
       YYY     483.2849    XXZ    1494.7340    XYZ    -199.3208
       YYZ    1247.0390    XZZ    2891.4059    YZZ    -154.7283
       ZZZ    3779.3989
    Hexadecapole Moments (Debye-Ang^3)
      XXXX -203210.1099   XXXY   -9043.6004   XXYY  -34554.9508
      XYYY   -4737.5840   YYYY  -20149.4588   XXXZ  -40640.8735
      XXYZ   -1919.0701   XYYZ  -12804.7179   YYYZ   -9078.5711
      XXZZ  -43479.0438   XYZZ     260.0804   YYZZ  -11237.7411
      XZZZ  -39155.9403   YZZZ   -7070.1121   ZZZZ  -56563.1226
 -----------------------------------------------------------------
 -----------------------------------------------------------------
               TDA Excited-State Multipoles, State 10
 -----------------------------------------------------------------
    Charge (ESU x 10^10)
                -0.0000
    Dipole Moment (Debye)
         X       0.6425      Y       1.3341      Z      -0.9592
       Tot       1.7643
    Quadrupole Moments (Debye-Ang)
        XX    -463.4916     XY     -29.6348     YY    -419.9170
        XZ     -15.7135     YZ      43.2714     ZZ    -408.4485
    Octopole Moments (Debye-Ang^2)
       XXX    9063.8665    XXY     534.6615    XYY    2633.6289
       YYY     494.9338    XXZ    1521.2910    XYZ    -226.9135
       YYZ    1231.8804    XZZ    2866.8700    YZZ    -195.4394
       ZZZ    3703.9042
    Hexadecapole Moments (Debye-Ang^3)
      XXXX -203307.2337   XXXY   -9421.2258   XXYY  -34282.3782
      XYYY   -4884.4977   YYYY  -19913.2327   XXXZ  -40950.0281
      XXYZ   -1769.9768   XYYZ  -12782.9823   YYYZ   -8893.2310
      XXZZ  -43390.9281   XYZZ     405.5667   YYZZ  -10983.3119
      XZZZ  -38872.8181   YZZZ   -6629.7083   ZZZZ  -55758.8622
 -----------------------------------------------------------------
 -----------------------------------------------------------------
               TDA Excited-State Multipoles, State 11
 -----------------------------------------------------------------
    Charge (ESU x 10^10)
                -0.0000
    Dipole Moment (Debye)
         X     -33.8599      Y      -6.5993      Z     -10.9451
       Tot      36.1917
    Quadrupole Moments (Debye-Ang)
        XX     237.6311     XY      94.9661     YY    -435.7481
        XZ     260.6708     YZ      38.4174     ZZ    -382.7839
    Octopole Moments (Debye-Ang^2)
       XXX   -3076.3480    XXY   -1135.4327    XYY    2388.4116
       YYY     224.7842    XXZ   -3303.4801    XYZ    -651.2998
       YYZ    1104.6568    XZZ    1333.1706    YZZ    -161.3571
       ZZZ    3686.4387
    Hexadecapole Moments (Debye-Ang^3)
      XXXX   -3940.8594   XXXY   12604.6367   XXYY  -27997.9424
      XYYY    -998.4114   YYYY  -20383.1807   XXXZ   36780.4331
      XXYZ    6528.0355   XYYZ   -9089.1284   YYYZ   -8767.1246
      XXZZ  -14677.3334   XYZZ    3747.0165   YYZZ  -10959.7820
      XZZZ  -29738.1766   YZZZ   -7802.7891   ZZZZ  -57806.6733
 -----------------------------------------------------------------
 -----------------------------------------------------------------
               TDA Excited-State Multipoles, State 12
 -----------------------------------------------------------------
    Charge (ESU x 10^10)
                -0.0000
    Dipole Moment (Debye)
         X      32.1633      Y       0.0544      Z      16.6651
       Tot      36.2244
    Quadrupole Moments (Debye-Ang)
        XX    -642.2935     XY      -6.6652     YY    -481.2543
        XZ     -96.5679     YZ     -14.2499     ZZ    -488.5041
    Octopole Moments (Debye-Ang^2)
       XXX   11194.5363    XXY     303.3788    XYY    3067.2381
       YYY     426.3552    XXZ    2098.4458    XYZ      84.5861
       YYZ    1411.9846    XZZ    3533.3896    YZZ     197.0234
       ZZZ    4706.2930
    Hexadecapole Moments (Debye-Ang^3)
      XXXX -225693.1868   XXXY   -7591.6249   XXYY  -37710.6460
      XYYY   -4065.0960   YYYY  -21736.1269   XXXZ  -47529.5559
      XXYZ   -3957.7209   XYYZ  -13614.7022   YYYZ  -10338.8308
      XXZZ  -48229.0991   XYZZ   -1516.1367   YYZZ  -13092.5614
      XZZZ  -43704.3142   YZZZ  -10365.1029   ZZZZ  -62769.4061
 -----------------------------------------------------------------
Archival summary:
1\1\ctcp034\SP\ProcedureUnspecified\BasisUnspecified\276256\mewes1\ThuDec2020:58:252018ThuDec2020:58:252018\0\\#,ProcedureUnspecified,BasisUnspecified,\\0,1\N\C,1,1.3813\C,1,1.38333,2,108.817\C,3,1.38885,1,128.649,2,174.903,0\H,4,1.0809,3,121.908,1,2.26583,0\C,4,1.38092,3,117.175,1,-176.289,0\H,6,1.08232,4,118.807,3,-179.796,0\C,1,1.38917,2,124.505,3,177.991,0\C,2,1.39235,1,128.601,3,175.57,0\H,9,1.0808,2,122.009,1,0.152525,0\C,9,1.37972,2,117.243,1,-178.952,0\H,11,1.08239,9,118.821,2,-179.523,0\C,8,1.39857,1,120.451,2,133.669,0\H,13,1.08275,8,119.919,1,-0.860702,0\C,13,1.38081,8,119.595,1,-174.877,0\C,8,1.39893,1,118.796,2,-44.7849,0\H,16,1.0829,8,119.73,1,-6.46414,0\C,16,1.37715,8,120.015,1,176.438,0\C,6,1.39991,4,122.126,3,1.37047,0\C,19,1.39749,6,119.4,4,0.471478,0\H,20,1.08257,19,119.811,6,177.858,0\C,20,1.37841,19,119.645,6,-1.11487,0\C,11,1.40021,9,122.085,2,1.228,0\C,23,1.39835,11,119.395,9,1.1686,0\H,24,1.08244,23,119.679,11,178.064,0\C,24,1.37958,23,119.719,11,-1.5272,0\C,15,1.41231,13,120.115,8,-1.03432,0\C,23,1.49647,11,119.582,9,-179.662,0\H,28,1.08823,23,112.036,11,-178.926,0\H,28,1.09084,23,111.069,11,-58.2948,0\H,28,1.09099,23,110.918,11,60.6262,0\C,19,1.49671,6,119.739,4,179.248,0\H,32,1.08825,19,111.913,6,-179.267,0\H,32,1.09079,19,111.053,6,60.2866,0\H,32,1.09085,19,111.02,6,-58.8091,0\C,15,1.49746,13,120.968,8,176.139,0\H,36,1.0896,15,112.304,13,3.4005,0\H,36,1.09085,15,110.606,13,-117.685,0\H,36,1.09087,15,110.667,13,124.67,0\C,18,1.49792,16,120.502,8,178.833,0\H,40,1.08962,18,111.918,16,-2.42707,0\H,40,1.09016,18,110.881,16,-123.595,0\H,40,1.09095,18,110.589,16,118.491,0\B,27,1.57998,15,122.26,13,172.657,0\C,44,1.52498,27,121.013,15,94.6742,0\C,45,1.41242,44,122.178,27,-10.3049,0\H,46,1.08578,45,119.627,44,0.374506,0\C,46,1.37512,45,120.722,44,-178.993,0\C,48,1.42575,46,119.496,45,-0.970878,0\C,49,1.37286,48,120.675,46,-0.221705,0\H,50,1.08537,49,119.935,48,-179.17,0\C,50,1.40261,49,120.665,48,1.08928,0\C,49,1.45431,48,108.523,46,179.598,0\C,53,1.37371,49,134.965,48,-179.488,0\H,54,1.08333,53,121.848,49,-0.380008,0\C,53,1.408,49,106.284,48,-0.086055,0\C,56,1.3923,53,123.805,49,-179.442,0\C,56,1.41061,53,111.367,49,0.069876,0\C,58,1.37199,56,117.757,53,-179.676,0\H,59,1.0828,58,121.771,56,179.893,0\C,54,1.41217,53,118.522,49,179.415,0\H,61,1.08279,54,118.508,53,-179.961,0\C,61,1.376,54,122.461,53,-0.123306,0\H,63,1.08317,61,119.901,54,-179.808,0\C,59,1.41392,58,118.793,56,0.019693,0\H,65,1.08259,59,118.419,58,179.975,0\C,65,1.37572,59,122.77,58,0.081239,0\H,67,1.08321,65,120.053,59,179.884,0\C,44,1.5302,27,117.212,15,-90.3199,0\C,69,1.41194,44,122.085,27,11.0764,0\H,70,1.08553,69,119.929,44,0.745811,0\C,70,1.37421,69,120.868,44,179.622,0\C,72,1.4259,70,119.678,69,1.35101,0\C,73,1.37395,72,120.4,70,-0.483575,0\H,74,1.08601,73,120.211,72,179.809,0\C,74,1.40319,73,120.704,72,-0.874812,0\C,73,1.45514,72,108.385,70,-179.118,0\C,77,1.37375,73,135.062,72,178.599,0\H,78,1.08312,77,121.802,73,1.17999,0\C,77,1.40927,73,106.279,72,0.056631,0\C,80,1.39227,77,123.909,73,178.37,0\C,80,1.41028,77,111.355,73,0.069254,0\C,82,1.37213,80,117.901,77,178.34,0\H,83,1.0829,82,121.725,80,-179.025,0\C,78,1.41217,77,118.536,73,-178.464,0\H,85,1.08276,78,118.502,77,179.967,0\C,85,1.37607,78,122.524,77,0.295282,0\H,87,1.08313,85,119.917,78,179.557,0\C,83,1.41331,82,118.746,80,0.27635,0\H,89,1.08267,83,118.455,82,-179.827,0\C,89,1.37595,83,122.731,82,-0.257254,0\H,91,1.08319,89,120.009,83,-179.569,0\B,76,1.53124,74,120.344,73,-178.393,0\C,93,1.57941,76,122.027,74,-8.29754,0\C,94,1.4006,93,122.163,76,94.4335,0\C,95,1.39032,94,120.244,93,173.328,0\H,96,1.08452,95,120.336,94,-177.699,0\C,96,1.38592,95,120.126,94,0.903599,0\C,98,1.38438,96,120.115,95,1.32839,0\H,99,1.08404,98,119.228,96,178.293,0\C,99,1.38836,98,120.293,96,-2.20168,0\N,98,1.41039,96,120.318,95,-177.291,0\C,102,1.37612,98,125.845,96,-60.6832,0\C,102,1.37986,98,125.282,96,112.909,0\C,104,1.38911,102,130.023,98,1.89941,0\H,105,1.08184,104,121.408,102,2.09346,0\C,105,1.38178,104,117.635,102,-177.221,0\H,107,1.08387,105,118.586,104,179.687,0\C,103,1.39149,102,129.773,98,-4.6422,0\H,109,1.08197,103,121.448,102,-0.455743,0\C,109,1.38108,103,117.797,102,179.155,0\H,111,1.08417,109,118.645,103,-179.624,0\C,103,1.4027,102,109.232,98,175.043,0\C,113,1.39308,103,119.837,102,-179.181,0\H,114,1.08457,113,120.081,103,179.381,0\C,114,1.3838,113,120.112,103,-0.169488,0\C,104,1.40336,102,108.933,98,-175.151,0\C,117,1.39097,104,120.08,102,177.909,0\H,118,1.08455,117,119.987,104,-179.344,0\C,118,1.38304,117,119.896,104,-0.237918,0\C,120,1.50214,118,121.107,117,-179.897,0\H,121,1.08983,120,111.384,118,4.31984,0\H,121,1.09146,120,111.655,118,124.379,0\H,121,1.09169,120,111.648,118,-115.668,0\C,101,1.50247,99,119.531,98,-178.532,0\H,125,1.09013,101,111.523,99,-3.8387,0\H,125,1.09125,101,111.266,99,-124.442,0\H,125,1.09182,101,111.088,99,116.485,0\C,116,1.50265,114,121.286,113,179.987,0\H,129,1.08976,116,111.47,114,-5.01862,0\H,129,1.09145,116,111.651,114,-125.129,0\H,129,1.09178,116,111.579,114,115,0\C,95,1.50282,94,119.935,93,-4.83025,0\H,133,1.09004,95,111.704,94,-177.596,0\H,133,1.09143,95,111.289,94,-56.8911,0\H,133,1.09192,95,111.21,94,61.9518,0\\\@

 Total job time:  19242.16s(wall), 66471.20s(cpu) 
 Thu Dec 20 20:58:25 2018

        *************************************************************
        *                                                           *
        *  Thank you very much for using Q-Chem.  Have a nice day.  *
        *                                                           *
        *************************************************************


0 sent ACK to 0 
now end server 0 ... 
