mFile = /cm/shared/apps/q-chem/intel/QCHEM_5.1.0_Trunk/bin/mpi/machines
Process 0 of 1 is on ctcp029 - thread support 0
initial socket setup ...start
initial socket setup ...done 
now start server 0 ... 
Q-Chem Developer Version!
                  Welcome to Q-Chem
     A Quantum Leap Into The Future Of Chemistry


 Q-Chem 5.1, Q-Chem, Inc., Pleasanton, CA (2018)

 Yihan Shao,  Zhengting Gan,  E. Epifanovsky,  A. T. B. Gilbert,  M. Wormit,  
 J. Kussmann,  A. W. Lange,  A. Behn,  Jia Deng,  Xintian Feng,  D. Ghosh,  
 M. Goldey,  P. R. Horn,  L. D. Jacobson,  I. Kaliman,  T. Kus,  A. Landau,  
 Jie Liu,  E. I. Proynov,  R. M. Richard,  R. P. Steele,  E. J. Sundstrom,  
 H. L. Woodcock III,  P. M. Zimmerman,  D. Zuev,  B. Albrecht,  E. Alguire,  
 S. A. Baeppler,  D. Barton,  Z. Benda,  Y. A. Bernard,  E. J. Berquist,  
 K. B. Bravaya,  H. Burton,  D. Casanova,  Chun-Min Chang,  Yunqing Chen,  
 A. Chien,  K. D. Closser,  M. P. Coons,  S. Coriani,  S. Dasgupta,  
 A. L. Dempwolff,  M. Diedenhofen,  Hainam Do,  R. G. Edgar,  Po-Tung Fang,  
 S. Faraji,  S. Fatehi,  Qingguo Feng,  K. D. Fenk,  J. Fosso-Tande,  
 Qinghui Ge,  A. Ghysels,  G. Gidofalvi,  J. Gomes,  J. Gonthier,  A. Gunina,  
 D. Hait,  M. W. D. Hanson-Heine,  P. H. P. Harbach,  A. W. Hauser,  
 J. E. Herr,  E. G. Hohenstein,  Z. C. Holden,  Kerwin Hui,  B. C. Huynh,  
 T.-C. Jagau,  Hyunjun Ji,  B. Kaduk,  K. Khistyaev,  Jaehoon Kim,  
 P. Klunzinger,  K. Koh,  D. Kosenkov,  L. Koulias,  T. Kowalczyk,  
 C. M. Krauter,  A. Kunitsa,  Ka Un Lao,  A. Laurent,  K. V. Lawler,  
 Joonho Lee,  D. Lefrancois,  S. Lehtola,  D. S. Levine,  Yi-Pei Li,  
 You-Sheng Lin,  Fenglai Liu,  E. Livshits,  A. Luenser,  P. Manohar,  
 E. Mansoor,  S. F. Manzer,  Shan-Ping Mao,  Yuezhi Mao,  N. Mardirossian,  
 A. V. Marenich,  T. Markovich,  L. A. Martinez-Martinez,  S. A. Maurer,  
 N. J. Mayhall,  S. C. McKenzie,  J.-M. Mewes,  A. F. Morrison,  
 J. W. Mullinax,  K. Nanda,  T. S. Nguyen-Beck,  R. Olivares-Amaya,  
 J. A. Parkhill,  T. M. Perrine,  F. Plasser,  P. Pokhilko,  S. Prager,  
 A. Prociuk,  E. Ramos,  D. R. Rehn,  F. Rob,  M. Schneider,  N. Sergueev,  
 S. M. Sharada,  S. Sharma,  D. W. Small,  T. Stauch,  T. Stein,  
 Yu-Chuan Su,  A. J. W. Thom,  A. Tkatchenko,  T. Tsuchimochi,  N. M. Tubman,  
 L. Vogt,  M. L. Vidal,  O. Vydrov,  M. A. Watson,  J. Wenzel,  
 M. de Wergifosse,  T. A. Wesolowski,  A. White,  J. Witte,  A. Yamada,  
 Jun Yang,  K. Yao,  S. Yeganeh,  S. R. Yost,  Zhi-Qiang You,  A. Zech,  
 Igor Ying Zhang,  Xing Zhang,  Yan Zhao,  Ying Zhu,  B. R. Brooks,  
 G. K. L. Chan,  C. J. Cramer,  M. S. Gordon,  W. J. Hehre,  A. Klamt,  
 M. W. Schmidt,  C. D. Sherrill,  D. G. Truhlar,  A. Aspuru-Guzik,  R. Baer,  
 A. T. Bell,  N. A. Besley,  Jeng-Da Chai,  A. E. DePrince, III,  
 R. A. DiStasio Jr.,  A. Dreuw,  B. D. Dunietz,  T. R. Furlani,  
 Chao-Ping Hsu,  Yousung Jung,  Jing Kong,  D. S. Lambrecht,  WanZhen Liang,  
 C. Ochsenfeld,  V. A. Rassolov,  L. V. Slipchenko,  J. E. Subotnik,  
 T. Van Voorhis,  J. M. Herbert,  A. I. Krylov,  P. M. W. Gill,  M. Head-Gordon

 Contributors to earlier versions of Q-Chem not listed above: 
 R. D. Adamson,  B. Austin,  J. Baker,  G. J. O. Beran,  K. Brandhorst,  
 S. T. Brown,  E. F. C. Byrd,  A. K. Chakraborty,  C.-L. Cheng,  
 Siu Hung Chien,  D. M. Chipman,  D. L. Crittenden,  H. Dachsel,  
 R. J. Doerksen,  A. D. Dutoi,  L. Fusti-Molnar,  W. A. Goddard III,  
 A. Golubeva-Zadorozhnaya,  S. R. Gwaltney,  G. Hawkins,  A. Heyden,  
 S. Hirata,  G. Kedziora,  F. J. Keil,  C. Kelley,  Jihan Kim,  R. A. King,  
 R. Z. Khaliullin,  P. P. Korambath,  W. Kurlancheek,  A. M. Lee,  M. S. Lee,  
 S. V. Levchenko,  Ching Yeh Lin,  D. Liotard,  R. C. Lochan,  I. Lotan,  
 P. E. Maslen,  N. Nair,  D. P. O'Neill,  D. Neuhauser,  E. Neuscamman,  
 C. M. Oana,  R. Olson,  B. Peters,  R. Peverati,  P. A. Pieniazek,  
 Y. M. Rhee,  J. Ritchie,  M. A. Rohrdanz,  E. Rosta,  N. J. Russ,  
 H. F. Schaefer III,  N. E. Schultz,  N. Shenvi,  A. C. Simmonett,  A. Sodt,  
 D. Stuck,  K. S. Thanthiriwatte,  V. Vanovschi,  Tao Wang,  A. Warshel,  
 C. F. Williams,  Q. Wu,  X. Xu,  W. Zhang

 Please cite Q-Chem as follows:
 Y. Shao et al., Mol. Phys. 113, 184-215 (2015)
 DOI: 10.1080/00268976.2014.952696

 Q-Chem 5.1.1 for Intel X86 EM64T Linux

 Parts of Q-Chem use Armadillo 8.300.2 (Tropical Shenanigans).
 http://arma.sourceforge.net/

 Q-Chem begins on Thu Feb 25 23:21:17 2021  

Host: ctcp029
0

     Scratch files written to /scratch/mewes/210434/qchem5517//
 Parallel job on  1  processors
The previous job contains 0 fragments, simply inherited here
Symmetry turned off for PCM/SM12/SMD calculation
Input Ideriv = 2
Curr. Ideriv = -1
Max.  Ideriv = 2
Input Ideriv = 2
Curr. Ideriv = 2
Max.  Ideriv = 2

Checking the input file for inconsistencies... 	...done.

--------------------------------------------------------------
User input:
--------------------------------------------------------------
$rem
threads 8
jobtype opt
method PBEh-3c
basis def2-mSVP
mem_static      1024
mem_total       8000
sym_ignore      true
unrestricted true
scf_algorithm	diis
scf_max_cycles	2500
solvent_method  pcm
geom_opt_tol_energy 25
geom_opt_tol_gradient 75
$end

$pcm
theory  iefpcm
$end

$solvent
dielectric      8.93
$end

$molecule
read uincoords.mol
$end
--------------------------------------------------------------
 Adding empirical dispersion correction 
 ----------------------------------------------------------------
 Doing -D3(BJ) with
 s6 =   1.00000
 s8 =   0.00000
 a1 =   0.48600
 a2 =   4.50000
 -D3 energy including 3body term =     -0.1507711077 hartrees
 ----------------------------------------------------------------
 Adding gCP correction 
 ----------------------------------------------------------------
 gCP energy =      0.2096891887 hartrees
 ----------------------------------------------------------------
             Standard Nuclear Orientation (Angstroms)
    I     Atom           X                Y                Z
 ----------------------------------------------------------------
    1      N       0.0000000000     0.0000000000     0.0000000000
    2      C       0.0000000000     0.0000000000     1.3751510000
    3      C       1.1545549438     0.0000000000    -0.7473596813
    4      C       2.4098765510    -0.0061767338    -0.1086889135
    5      C       3.5423537303    -0.0089169714    -0.9103052056
    6      H       4.5214199755    -0.0149052476    -0.4500838793
    7      C       3.4588739426    -0.0016774504    -2.2921169283
    8      H       4.3633923659    -0.0031315379    -2.8849270424
    9      C       2.2117272042     0.0100111381    -2.9140283351
   10      H       2.1377265812     0.0186548374    -3.9924307744
   11      C       1.0679343166     0.0113971836    -2.1554995674
   12      H       0.1057032868     0.0225046547    -2.6446447205
   13      C       1.2178361471     0.0037543268     2.0831422681
   14      C       1.1574945887     0.0116320675     3.4689458050
   15      H       2.0747132477     0.0145921061     4.0425187462
   16      C      -0.0497634498     0.0139047621     4.1471788299
   17      H      -0.0576997144     0.0214088952     5.2285916737
   18      C      -1.2485862710     0.0044421946     3.4364804532
   19      H      -2.1948991653     0.0035172577     3.9587739177
   20      C      -1.2303338876    -0.0032956660     2.0640806343
   21      H      -2.1614268145    -0.0100845071     1.5174782903
   22      C      -1.2600456751     0.0049280903    -0.6964025738
   23      C      -1.8092578977    -1.1956612534    -1.0971697302
   24      H      -1.3045433902    -2.1278572219    -0.8677597627
   25      C      -1.8700846820     1.2116809872    -0.9730777183
   26      H      -1.4133887451     2.1396705980    -0.6469906478
   27      C      -3.0707171540     1.2207218561    -1.6747952401
   28      C      -3.0043688982    -1.1925951634    -1.8098350370
   29      C      -3.6521409714     0.0169580104    -2.1112103378
   30      C      -3.7454692347     2.5476823846    -1.8945801712
   31      H      -4.3472770660     2.5163932410    -2.8038607317
   32      H      -2.9899565941     3.3225420146    -2.0490037702
   33      C      -3.5340551182    -2.5141687496    -2.2980946420
   34      H      -4.6168199751    -2.4632279486    -2.4201442994
   35      H      -3.3420275553    -3.2852060158    -1.5472324127
   36      C       2.5580816383    -0.0079369033     1.3920758258
   37      C      -4.6308123732     2.9285087368    -0.7101026814
   38      H      -5.4092228881     2.1824074644    -0.5505823305
   39      H      -5.1194662078     3.8877800826    -0.8823389683
   40      H      -4.0488512670     3.0089211941     0.2099363755
   41      C      -2.8896336055    -2.9225962952    -3.6211839671
   42      H      -3.1037969034    -2.1913820615    -4.4008675385
   43      H      -3.2684453291    -3.8880358274    -3.9574411444
   44      H      -1.8053295486    -3.0030187641    -3.5242930489
   45      C       3.3231601920    -1.2793276525     1.8150082900
   46      H       4.3067732304    -1.3122306752     1.3480551858
   47      H       3.4734326479    -1.3002966701     2.8938560437
   48      H       2.7806344979    -2.1798386788     1.5291277452
   49      C       3.3555353617     1.2430337180     1.8167705050
   50      H       4.3380626447     1.2523620382     1.3463431407
   51      H       3.5119143494     1.2557196582     2.8948126471
   52      H       2.8345479327     2.1580346224     1.5367718010
   53      B      -5.0097888910     0.0499768955    -2.9404711054
   54      C      -6.3528633112    -0.1879989741    -2.2465676880
   55      C      -6.3954494172    -0.5190995973    -0.8780030624
   56      H      -5.4673466730    -0.5994031518    -0.3201119310
   57      C      -7.5908410724    -0.7491557538    -0.2480433776
   58      C      -8.8202820585    -0.6435358535    -0.9651938298
   59      C      -8.8009965506    -0.3093066259    -2.2997825396
   60      H      -9.7325130640    -0.2212953747    -2.8502721619
   61      C      -7.5806004058    -0.0801636972    -2.9743767111
   62      C      -7.8884376199    -1.1248142456     1.1272523514
   63      C      -7.1362159157    -1.3790802980     2.2483364159
   64      H      -6.0547633694    -1.3118660285     2.2380609240
   65      C      -9.2907869654    -1.2359154636     1.2101181565
   66      C      -9.9725821243    -1.5935862062     2.3704690295
   67      C      -9.9038245268    -0.9527772630    -0.0302510574
   68      C     -11.2726479849    -1.0299653858    -0.1032293564
   69      H     -11.8077978409    -0.8283000704    -1.0227737176
   70      C      -7.8044810208    -1.7418710480     3.4396935202
   71      H      -7.2136642874    -1.9442402003     4.3245512025
   72      C      -9.1753865863    -1.8499728452     3.5142551628
   73      H      -9.6442640897    -2.1336240730     4.4487903899
   74      C     -11.9936306808    -1.3872706401     1.0611481557
   75      H     -13.0727937717    -1.4470073198     0.9978863614
   76      C     -11.3830103010    -1.6634693491     2.2639432931
   77      H     -11.9805089847    -1.9353098051     3.1256380299
   78      C      -4.9828814265     0.3539400163    -4.4401378844
   79      C      -3.7561635040     0.5279648945    -5.1106675319
   80      H      -2.8264919518     0.4415740508    -4.5563364911
   81      C      -3.7235711246     0.8017802731    -6.4531525476
   82      C      -4.9356731166     0.9290482294    -7.1950774922
   83      C      -6.1432038957     0.7703468662    -6.5569242618
   84      H      -7.0672138601     0.8695342743    -7.1171848466
   85      C      -6.2027000111     0.4748123436    -5.1766130544
   86      C      -2.6018782076     1.0044618925    -7.3629404667
   87      C      -1.2331441695     0.9972741799    -7.2394872476
   88      H      -0.7460638112     0.8128804941    -6.2892177216
   89      C      -3.1650359452     1.2509521585    -8.6310853310
   90      C      -2.4144348956     1.4912457845    -9.7801445090
   91      C      -4.5758871804     1.2179134951    -8.5844912670
   92      C      -5.2630337008     1.4407893088    -9.7524043764
   93      H      -6.3455077017     1.4297523723    -9.7888915599
   94      C      -0.4485401122     1.2384231998    -8.3906021769
   95      H       0.6301554762     1.2320587413    -8.2933434014
   96      C      -1.0052630673     1.4786646238    -9.6268416747
   97      H      -0.3651897416     1.6570303815   -10.4826017814
   98      C      -4.5272848885     1.6908652047   -10.9355723239
   99      H      -5.0745196612     1.8664645635   -11.8531336408
  100      C      -3.1511960439     1.7180804746   -10.9679195263
  101      H      -2.6337064887     1.9123761489   -11.8996598199
  102      B      -7.5579801370     0.2922659386    -4.4667905475
  103      C      -8.8898528074     0.5385185018    -5.2945831576
  104      C      -9.6040325495    -0.5198413301    -5.8755196794
  105      C     -10.7130870574    -0.2633390753    -6.6779943587
  106      H     -11.2504537903    -1.0839324571    -7.1417590039
  107      C     -11.1304999024     1.0363816017    -6.9047725102
  108      C     -10.4493814418     2.0889433492    -6.3162786687
  109      H     -10.7830474925     3.1054247821    -6.4959206318
  110      C      -9.3368711233     1.8524903595    -5.5164535228
  111      N     -12.2383475587     1.2969398150    -7.7608637540
  112      C     -13.5160315011     1.3735167972    -7.2228862556
  113      C     -12.0020206722     1.5068272642    -9.1138835639
  114      C     -13.0492614363     1.8238159476    -9.9851274687
  115      C     -12.7467061823     2.0289308565   -11.3288413461
  116      H     -13.5471998769     2.2805555849   -12.0141928898
  117      C     -11.4599284894     1.9280943788   -11.8283128646
  118      H     -11.2662195204     2.0957097619   -12.8793729244
  119      C     -10.4312273119     1.6093909444   -10.9552855746
  120      H      -9.4127552663     1.5207416264   -11.3119446817
  121      C     -10.6966165835     1.4012689583    -9.6160640818
  122      H      -9.8796047168     1.1545627259    -8.9529114480
  123      C     -14.6156722965     1.6847187127    -8.0308699467
  124      C     -15.8721417249     1.7482099180    -7.4357141932
  125      H     -16.7300820330     1.9908117769    -8.0509256723
  126      C     -16.0705934693     1.5162139904    -6.0858864647
  127      H     -17.0632822200     1.5756654244    -5.6602965583
  128      C     -14.9730710261     1.2082681666    -5.2965836841
  129      H     -15.0916050846     1.0209241672    -4.2369912652
  130      C     -13.7119935311     1.1373733418    -5.8556779415
  131      H     -12.8700984551     0.8954436549    -5.2222723606
  132      C      -8.6505054130     3.0294651461    -4.8708500724
  133      H      -7.5707472840     2.8665071522    -4.8372038996
  134      H      -8.8051097905     3.9211121962    -5.4841066855
  135      C      -9.1560615788    -1.9488130838    -5.6997329261
  136      H      -8.6850367799    -2.0769011645    -4.7224867758
  137      H     -10.0290582426    -2.6070346064    -5.7070108684
  138      C     -14.4869247823     1.9605580250    -9.5192609082
  139      C      -8.1831975670    -2.3929891739    -6.7898087990
  140      H      -7.2757382217    -1.7895771593    -6.7743494073
  141      H      -7.8921417134    -3.4353582342    -6.6524861976
  142      H      -8.6312671202    -2.2974895007    -7.7801128785
  143      C      -9.1616598156     3.2973285950    -3.4566730428
  144      H      -8.9805957118     2.4418400917    -2.8062670392
  145      H     -10.2340639998     3.4977074957    -3.4565681703
  146      H      -8.6583656753     4.1601503599    -3.0177664607
  147      C     -14.9642721261     3.3941807834    -9.8031015841
  148      H     -14.3491881514     4.1180515985    -9.2676022022
  149      H     -15.9996392974     3.5349222513    -9.4909609010
  150      H     -14.9077774758     3.6263368427   -10.8671844252
  151      C     -15.3559076540     0.9541243984   -10.2922059982
  152      H     -16.4053165457     1.0307548342   -10.0062456678
  153      H     -15.2997099204     1.1261393941   -11.3675275368
  154      H     -15.0278046514    -0.0675354463   -10.0980869077
 ----------------------------------------------------------------
 Nuclear Repulsion Energy = 13747.5183418791 hartrees
 There are      292 alpha and      292 beta electrons
 Requested basis set is def2-mSVP
 There are 738 shells and 1426 basis functions

 Total QAlloc Memory Limit   8000 MB
 Mega-Array Size      1001 MB
 MEM_STATIC part      1024 MB
 Discretize the solute cavity surface with Lebedev spheres
	Using 302 Lebedev grid points for each H atom
	Using 302 Lebedev grid points for other atoms
	Atomic van der Waals radii will be scaled by 1.20
 Remove points where switching function is < 1.0e-08
 Keep 15828 surface tesserae and discard 30680 interior tesserae
 Molecular Surface Area = 1138.724 Angst**2
 A cutoff of  1.0D-11 yielded  70163 shell pairs
 There are    271485 function pairs (    298568 Cartesian)
 
 -------------------------------------------------------
 OpenMP Integral Computing Module                       
 Release: version 1.0, May 2013, Q-Chem Inc. Pittsburgh 
 -------------------------------------------------------
 Integral Job Info:
 Integral job number is                      11
 Integral operator is                         1
 short-range coefficients                     0
 long-range coefficients              100000000
 Omega coefficients                           0
 if combine SR and LR in K                    0
 Integral screening is                        0
 Integral computing path is                   2
 max size of driver memory is            800000
 size of driver memory is                593474
 size of scratch memory is              1809772
 max col of scratch BK array               1296
 max len of scratch array in speh3          155
 max len of scratch index in speh4           18
 max int batch size is                      520
 min int batch size is                       52
 fixed nKL is                                52
 max L of basis functions is                  2
 order of int derivative is                   0
 number of shells is                        738
 number of basis is                        1512
 number of cartesian basis is              1512
 number of contracted shell pairs         70163
 number of primitive shell pairs         144918
 maxK2 (contraction) of shell pair           25
 max number of K2 of shell pair               1
 max number of CS2 of shell pair          17334
 max number of PS2 of shell pair          25565
 mem total for path MDJ                 1195916
 -------------------------------------------------------
 Smallest overlap matrix eigenvalue = 1.95E-04

 Scale SEOQF with 1.000000e-03/1.000000e-01/1.000000e-02

 Standard Electronic Orientation quadrupole field applied
 Nucleus-field energy     =    -0.0000001043 hartrees
 Guess from superposition of atomic densities
 Warning:  Energy on first SCF cycle will be non-variational
 SAD guess density has 584.000001 electrons

 -----------------------------------------------------------------------
  General SCF calculation program by
  Eric Jon Sundstrom, Paul Horn, Yuezhi Mao, Dmitri Zuev, Alec White,
  David Stuck, Shaama M.S., Shane Yost, Joonho Lee, David Small,
  Daniel Levine, Susi Lehtola, Hugh Burton, Evgeny Epifanovsky
 -----------------------------------------------------------------------
 Exchange:     0.4200 Hartree-Fock + 0.5800 PBEh-3c
 Correlation:  1.0000 PBEh-3c
 Using SG-1 standard quadrature grid
 Dispersion:   Grimme D3
 using 8 threads for integral computing
 -------------------------------------------------------
 OpenMP Integral computing Module                
 Release: version 2.0, May 2017, Q-Chem Inc. Pleasanton 
 -------------------------------------------------------
 -------------------------------------------------------
 OpenMP BLAS3 based DFT computing Module                
 Release: version 1.0, May 2013, Q-Chem Inc. Pittsburgh 
 -------------------------------------------------------
 A unrestricted SCF calculation will be
 performed using DIIS
 SCF converges when DIIS error is below 1.0e-08
 ---------------------------------------
  Cycle       Energy         DIIS error
 ---------------------------------------
