mFile = /cm/shared/apps/q-chem/intel/QCHEM_5.1.0_Trunk/bin/mpi/machines
Process 0 of 1 is on ctcp009 - thread support 0
initial socket setup ...start
initial socket setup ...done 
now start server 0 ... 
Q-Chem Developer Version!
                  Welcome to Q-Chem
     A Quantum Leap Into The Future Of Chemistry


 Q-Chem 5.1, Q-Chem, Inc., Pleasanton, CA (2018)

 Yihan Shao,  Zhengting Gan,  E. Epifanovsky,  A. T. B. Gilbert,  M. Wormit,  
 J. Kussmann,  A. W. Lange,  A. Behn,  Jia Deng,  Xintian Feng,  D. Ghosh,  
 M. Goldey,  P. R. Horn,  L. D. Jacobson,  I. Kaliman,  T. Kus,  A. Landau,  
 Jie Liu,  E. I. Proynov,  R. M. Richard,  R. P. Steele,  E. J. Sundstrom,  
 H. L. Woodcock III,  P. M. Zimmerman,  D. Zuev,  B. Albrecht,  E. Alguire,  
 S. A. Baeppler,  D. Barton,  Z. Benda,  Y. A. Bernard,  E. J. Berquist,  
 K. B. Bravaya,  H. Burton,  D. Casanova,  Chun-Min Chang,  Yunqing Chen,  
 A. Chien,  K. D. Closser,  M. P. Coons,  S. Coriani,  S. Dasgupta,  
 A. L. Dempwolff,  M. Diedenhofen,  Hainam Do,  R. G. Edgar,  Po-Tung Fang,  
 S. Faraji,  S. Fatehi,  Qingguo Feng,  K. D. Fenk,  J. Fosso-Tande,  
 Qinghui Ge,  A. Ghysels,  G. Gidofalvi,  J. Gomes,  J. Gonthier,  A. Gunina,  
 D. Hait,  M. W. D. Hanson-Heine,  P. H. P. Harbach,  A. W. Hauser,  
 J. E. Herr,  E. G. Hohenstein,  Z. C. Holden,  Kerwin Hui,  B. C. Huynh,  
 T.-C. Jagau,  Hyunjun Ji,  B. Kaduk,  K. Khistyaev,  Jaehoon Kim,  
 P. Klunzinger,  K. Koh,  D. Kosenkov,  L. Koulias,  T. Kowalczyk,  
 C. M. Krauter,  A. Kunitsa,  Ka Un Lao,  A. Laurent,  K. V. Lawler,  
 Joonho Lee,  D. Lefrancois,  S. Lehtola,  D. S. Levine,  Yi-Pei Li,  
 You-Sheng Lin,  Fenglai Liu,  E. Livshits,  A. Luenser,  P. Manohar,  
 E. Mansoor,  S. F. Manzer,  Shan-Ping Mao,  Yuezhi Mao,  N. Mardirossian,  
 A. V. Marenich,  T. Markovich,  L. A. Martinez-Martinez,  S. A. Maurer,  
 N. J. Mayhall,  S. C. McKenzie,  J.-M. Mewes,  A. F. Morrison,  
 J. W. Mullinax,  K. Nanda,  T. S. Nguyen-Beck,  R. Olivares-Amaya,  
 J. A. Parkhill,  T. M. Perrine,  F. Plasser,  P. Pokhilko,  S. Prager,  
 A. Prociuk,  E. Ramos,  D. R. Rehn,  F. Rob,  M. Schneider,  N. Sergueev,  
 S. M. Sharada,  S. Sharma,  D. W. Small,  T. Stauch,  T. Stein,  
 Yu-Chuan Su,  A. J. W. Thom,  A. Tkatchenko,  T. Tsuchimochi,  N. M. Tubman,  
 L. Vogt,  M. L. Vidal,  O. Vydrov,  M. A. Watson,  J. Wenzel,  
 M. de Wergifosse,  T. A. Wesolowski,  A. White,  J. Witte,  A. Yamada,  
 Jun Yang,  K. Yao,  S. Yeganeh,  S. R. Yost,  Zhi-Qiang You,  A. Zech,  
 Igor Ying Zhang,  Xing Zhang,  Yan Zhao,  Ying Zhu,  B. R. Brooks,  
 G. K. L. Chan,  C. J. Cramer,  M. S. Gordon,  W. J. Hehre,  A. Klamt,  
 M. W. Schmidt,  C. D. Sherrill,  D. G. Truhlar,  A. Aspuru-Guzik,  R. Baer,  
 A. T. Bell,  N. A. Besley,  Jeng-Da Chai,  A. E. DePrince, III,  
 R. A. DiStasio Jr.,  A. Dreuw,  B. D. Dunietz,  T. R. Furlani,  
 Chao-Ping Hsu,  Yousung Jung,  Jing Kong,  D. S. Lambrecht,  WanZhen Liang,  
 C. Ochsenfeld,  V. A. Rassolov,  L. V. Slipchenko,  J. E. Subotnik,  
 T. Van Voorhis,  J. M. Herbert,  A. I. Krylov,  P. M. W. Gill,  M. Head-Gordon

 Contributors to earlier versions of Q-Chem not listed above: 
 R. D. Adamson,  B. Austin,  J. Baker,  G. J. O. Beran,  K. Brandhorst,  
 S. T. Brown,  E. F. C. Byrd,  A. K. Chakraborty,  C.-L. Cheng,  
 Siu Hung Chien,  D. M. Chipman,  D. L. Crittenden,  H. Dachsel,  
 R. J. Doerksen,  A. D. Dutoi,  L. Fusti-Molnar,  W. A. Goddard III,  
 A. Golubeva-Zadorozhnaya,  S. R. Gwaltney,  G. Hawkins,  A. Heyden,  
 S. Hirata,  G. Kedziora,  F. J. Keil,  C. Kelley,  Jihan Kim,  R. A. King,  
 R. Z. Khaliullin,  P. P. Korambath,  W. Kurlancheek,  A. M. Lee,  M. S. Lee,  
 S. V. Levchenko,  Ching Yeh Lin,  D. Liotard,  R. C. Lochan,  I. Lotan,  
 P. E. Maslen,  N. Nair,  D. P. O'Neill,  D. Neuhauser,  E. Neuscamman,  
 C. M. Oana,  R. Olson,  B. Peters,  R. Peverati,  P. A. Pieniazek,  
 Y. M. Rhee,  J. Ritchie,  M. A. Rohrdanz,  E. Rosta,  N. J. Russ,  
 H. F. Schaefer III,  N. E. Schultz,  N. Shenvi,  A. C. Simmonett,  A. Sodt,  
 D. Stuck,  K. S. Thanthiriwatte,  V. Vanovschi,  Tao Wang,  A. Warshel,  
 C. F. Williams,  Q. Wu,  X. Xu,  W. Zhang

 Please cite Q-Chem as follows:
 Y. Shao et al., Mol. Phys. 113, 184-215 (2015)
 DOI: 10.1080/00268976.2014.952696

 Q-Chem 5.1.1 for Intel X86 EM64T Linux

 Parts of Q-Chem use Armadillo 8.300.2 (Tropical Shenanigans).
 http://arma.sourceforge.net/

 Q-Chem begins on Tue Oct 16 18:33:55 2018  

Host: ctcp009
0

     Scratch files written to /scratch/mewes/137434/qchem50011//
 Parallel job on  1  processors
The previous job contains 0 fragments, simply inherited here
Input Ideriv = 1
Curr. Ideriv = -1
Max.  Ideriv = 1

Checking the input file for inconsistencies... 	...done.

--------------------------------------------------------------
User input:
--------------------------------------------------------------
$rem
threads 8
jobtype	sp
method PBEh-3c
basis def2-mSVP
mem_static	1024
mem_total	14000
sym_ignore	true
cis_n_roots             6
cis_singlets            true
cis_triplets		true
rpa                     false
calc_soc 		true
cis_moments             true
cis_relaxed_density	true
$end


$molecule
read s1opt.mol
$end

--------------------------------------------------------------
 Adding empirical dispersion correction 
 ----------------------------------------------------------------
 Doing -D3(BJ) with
 s6 =   1.00000
 s8 =   0.00000
 a1 =   0.48600
 a2 =   4.50000
 -D3 energy including 3body term =     -0.1186682878 hartrees
 ----------------------------------------------------------------
 Adding gCP correction 
 ----------------------------------------------------------------
 gCP energy =      0.1614881677 hartrees
 ----------------------------------------------------------------
             Standard Nuclear Orientation (Angstroms)
    I     Atom           X                Y                Z
 ----------------------------------------------------------------
    1      N       0.0000000000     0.0000000000     0.0000000000
    2      C       0.0000000000     0.0000000000     1.3803660000
    3      C       1.1259416539     0.0000000000    -0.8129430481
    4      C       2.4587146921     0.1299406481    -0.4480982239
    5      H       2.7623109939     0.2512651583     0.5818078862
    6      C       3.3959664736     0.1223790656    -1.4672506637
    7      H       4.4441251651     0.2109914189    -1.2197223947
    8      C      -1.1311754579    -0.0608109468    -0.8063245475
    9      C      -2.4622149590    -0.2013671108    -0.4293057826
   10      H      -2.7640292372    -0.2514899724     0.6070054260
   11      C      -3.4023100094    -0.3122170956    -1.4400873600
   12      H      -4.4461626698    -0.4170366021    -1.1795897287
   13      C      -3.0216043314    -0.3147470110    -2.7789762081
   14      H      -3.7770790027    -0.4124713926    -3.5460448918
   15      C      -1.6819786744    -0.2245688705    -3.1423081813
   16      H      -1.3970509774    -0.2698036512    -4.1847468300
   17      C      -0.7292085397    -0.1001289870    -2.1496061386
   18      C       3.0098405649     0.0185858154    -2.8011500115
   19      H       3.7657661129     0.0171665170    -3.5737303952
   20      C       1.6671511276    -0.0589796194    -3.1565059024
   21      H       1.3764187419    -0.1077528317    -4.1972223379
   22      C       0.7183830426    -0.0629300512    -2.1543867304
   23      C      -0.9153408950     0.8019827812     2.0779438779
   24      H      -1.5564761422     1.4842092225     1.5341449065
   25      C      -0.9447276601     0.7750394264     3.4532231071
   26      C       0.8971563584    -0.8252947496     2.0762038103
   27      H       1.5520718432    -1.4885725260     1.5260523568
   28      C       0.8565057063    -0.8817716221     3.4500927468
   29      C      -0.0738233126    -0.0865099375     4.1672443491
   30      C      -1.9005819237     1.6379906627     4.2153110119
   31      H      -2.4866885342     2.2791446625     3.5580894189
   32      H      -1.3723107157     2.2663761222     4.9324252335
   33      H      -2.5876038775     1.0192224967     4.7953549898
   34      C       1.7455845933    -1.8217085103     4.2018935833
   35      H       2.4468944341    -2.3342379142     3.5445301519
   36      H       2.3116586530    -1.2883970301     4.9660682323
   37      H       1.1523790381    -2.5732007878     4.7249234561
   38      B      -0.1827619271    -0.2274049917     5.7382605063
   39      C       0.6334791663     0.6686424417     6.6646700581
   40      C       1.4700153488     1.6916500011     6.1679091505
   41      H       1.5399117376     1.8551534604     5.0965868357
   42      C       2.1977749487     2.4836993813     7.0237886161
   43      C       2.1154260129     2.2650728621     8.4295005880
   44      C       1.3041708848     1.2764815443     8.9332342416
   45      H       1.2415828278     1.1155440466    10.0050796225
   46      C       0.5477497513     0.4608588915     8.0768752660
   47      C       2.9878673294     3.2210967009     9.0924274690
   48      C       3.3228079848     3.4841154136    10.3965369826
   49      H       2.9054701212     2.9155833894    11.2185490803
   50      C       3.5714346329     3.9994384441     8.0730882626
   51      C       4.4727814504     5.0333252667     8.3010143869
   52      C       3.1224415352     3.5941173659     6.7991386371
   53      C       3.5993338690     4.2640685543     5.7014520057
   54      H       3.2912358158     4.0027985772     4.6965671554
   55      C       4.2390084299     4.5270827376    10.6563884374
   56      H       4.5057478256     4.7352162687    11.6847467457
   57      C       4.8026107505     5.2850964504     9.6555500084
   58      H       5.4998045904     6.0750487638     9.9057822009
   59      C       4.5148979886     5.3222871367     5.9003388390
   60      H       4.8890938293     5.8507684023     5.0328600670
   61      C       4.9477034802     5.7050145643     7.1493314092
   62      H       5.6514504744     6.5220322745     7.2497998195
   63      C      -1.1099199714    -1.3092929466     6.2902308370
   64      C      -1.8923044333    -2.1207749800     5.4408738394
   65      H      -1.8510600280    -1.9819667898     4.3650727666
   66      C      -2.7132947959    -3.0915167563     5.9569289214
   67      C      -2.7778428278    -3.2956428123     7.3663164348
   68      C      -2.0230056002    -2.5170979656     8.2098440072
   69      H      -2.0728235964    -2.6763743414     9.2824265921
   70      C      -1.1818954508    -1.5112340269     7.7026343931
   71      C      -3.7132523623    -4.3859461603     7.6254379316
   72      C      -4.1809835545    -5.0302679446     8.7449033579
   73      H      -3.8564166114    -4.7542206690     9.7405209536
   74      C      -4.1869512011    -4.8051113885     6.3661245799
   75      C      -5.1041815597    -5.8368487491     6.1796731289
   76      C      -3.6129938829    -4.0534203923     5.3215864922
   77      C      -3.9794314718    -4.3509912608     4.0326054506
   78      H      -3.5728352903    -3.8131332302     3.1854278655
   79      C      -4.9099485826    -5.3914775094     3.8127585403
   80      H      -5.1962297454    -5.6243495787     2.7949288898
   81      C      -5.4626663423    -6.1195357416     4.8406394080
   82      H      -6.1714358082    -6.9101152933     4.6253321663
   83      C      -5.1119256904    -6.0813745116     8.5838749923
   84      H      -5.4772108386    -6.5867473032     9.4690668569
   85      C      -5.5688510913    -6.4837517905     7.3505795663
   86      H      -6.2827290692    -7.2951703964     7.2762158107
   87      B      -0.3483886813    -0.6446423027     8.6554343892
   88      C      -0.4109092795    -0.9151162392    10.2128637626
   89      C      -1.4348903686    -0.3646469391    10.9956236224
   90      C      -1.5067736831    -0.6458262936    12.3547638608
   91      H      -2.3166724726    -0.2451143582    12.9542563380
   92      C      -0.5544902600    -1.4559247295    12.9522681799
   93      C       0.4685061061    -1.9979598404    12.1914069665
   94      H       1.2121336916    -2.6231125451    12.6723495891
   95      C       0.5385682755    -1.7439190837    10.8266301838
   96      N      -0.6427505299    -1.7524822444    14.3307301519
   97      C      -0.8580077925    -3.0087517176    14.8574635951
   98      C      -0.6524299371    -0.8347758983    15.3604751165
   99      C      -0.5006515390     0.5461649708    15.3192936689
  100      H      -0.3413659402     1.0672840037    14.3850094506
  101      C      -0.5691091413     1.2347255775    16.5172554303
  102      H      -0.4584707517     2.3112907839    16.5114476751
  103      C      -0.9967853621    -4.2305215423    14.2075943670
  104      H      -0.9144528397    -4.3097787903    13.1319975419
  105      C      -1.2585868269    -5.3453499017    14.9838060570
  106      H      -1.3738534690    -6.3068056987    14.5003265686
  107      C      -1.3857720727    -5.2588199360    16.3732032439
  108      H      -1.5932648392    -6.1516805378    16.9479843496
  109      C      -1.2561322081    -4.0406080891    17.0119819842
  110      H      -1.3680693724    -3.9697582295    18.0870949700
  111      C      -0.9929795230    -2.9046290334    16.2526056453
  112      C      -0.7800878271     0.5759006904    17.7320723922
  113      H      -0.8320101316     1.1486318914    18.6484945680
  114      C      -0.9239348159    -0.7976735005    17.7668255981
  115      H      -1.0895149737    -1.3104847237    18.7064830344
  116      C      -0.8592541566    -1.5115747124    16.5752000066
  117      C       1.6348298503    -2.3688273138    10.0116197472
  118      H       2.2995189647    -2.9731632049    10.6290897954
  119      H       2.2396050073    -1.6117351965     9.5102363032
  120      H       1.2256918164    -3.0146807568     9.2320427490
  121      C      -2.4864676747     0.5018896108    10.3616134396
  122      H      -3.1428148000     0.9497672945    11.1078191982
  123      H      -2.0395485265     1.3096600959     9.7799591594
  124      H      -3.1092275947    -0.0749983856     9.6748895313
 ----------------------------------------------------------------
 Nuclear Repulsion Energy = 10605.8778895017 hartrees
 There are      252 alpha and      252 beta electrons
 Requested basis set is def2-mSVP
 There are 628 shells and 1236 basis functions

 Total QAlloc Memory Limit  14000 MB
 Mega-Array Size      1001 MB
 MEM_STATIC part      1024 MB
 A cutoff of  1.0D-11 yielded  52836 shell pairs
 There are    212152 function pairs (    234112 Cartesian)
 
 -------------------------------------------------------
 OpenMP Integral Computing Module                       
 Release: version 1.0, May 2013, Q-Chem Inc. Pittsburgh 
 -------------------------------------------------------
 Integral Job Info:
 Integral job number is                      11
 Integral operator is                         1
 short-range coefficients                     0
 long-range coefficients              100000000
 Omega coefficients                           0
 if combine SR and LR in K                    0
 Integral screening is                        0
 Integral computing path is                   2
 max size of driver memory is            800000
 size of driver memory is                593474
 size of scratch memory is              1809772
 max col of scratch BK array               1296
 max len of scratch array in speh3          155
 max len of scratch index in speh4           18
 max int batch size is                      520
 min int batch size is                       52
 fixed nKL is                                52
 max L of basis functions is                  2
 order of int derivative is                   0
 number of shells is                        628
 number of basis is                        1312
 number of cartesian basis is              1312
 number of contracted shell pairs         52836
 number of primitive shell pairs         110515
 maxK2 (contraction) of shell pair           25
 max number of K2 of shell pair               1
 max number of CS2 of shell pair          12633
 max number of PS2 of shell pair          19570
 mem total for path MDJ                 1056556
 -------------------------------------------------------
 Smallest overlap matrix eigenvalue = 1.97E-04

 Scale SEOQF with 1.000000e-02/1.000000e-02/1.000000e-03

 Standard Electronic Orientation quadrupole field applied
 Nucleus-field energy     =     0.0000000006 hartrees
 Guess from superposition of atomic densities
 Warning:  Energy on first SCF cycle will be non-variational
 SAD guess density has 504.000001 electrons

 -----------------------------------------------------------------------
  General SCF calculation program by
  Eric Jon Sundstrom, Paul Horn, Yuezhi Mao, Dmitri Zuev, Alec White,
  David Stuck, Shaama M.S., Shane Yost, Joonho Lee, David Small,
  Daniel Levine, Susi Lehtola, Hugh Burton, Evgeny Epifanovsky
 -----------------------------------------------------------------------
 Exchange:     0.4200 Hartree-Fock + 0.5800 PBEh-3c
 Correlation:  1.0000 PBEh-3c
 Using SG-1 standard quadrature grid
 Dispersion:   Grimme D3
 using 8 threads for integral computing
 -------------------------------------------------------
 OpenMP Integral computing Module                
 Release: version 2.0, May 2017, Q-Chem Inc. Pleasanton 
 -------------------------------------------------------
 -------------------------------------------------------
 OpenMP BLAS3 based DFT computing Module                
 Release: version 1.0, May 2013, Q-Chem Inc. Pittsburgh 
 -------------------------------------------------------
 A restricted SCF calculation will be
 performed using DIIS
 SCF converges when DIIS error is below 1.0e-08
 ---------------------------------------
  Cycle       Energy         DIIS error
 ---------------------------------------
    1   -2951.7954924358      2.46e-02  
    2   -2924.9237012817      1.64e-03  
    3   -2925.0507478353      1.54e-03  
    4   -2925.4480268353      5.98e-04  
    5   -2925.5184710517      1.68e-04  
    6   -2925.5236856512      6.76e-05  
    7   -2925.5245515218      1.61e-05  
    8   -2925.5245998451      6.13e-06  
    9   -2925.5246078070      1.35e-06  
   10   -2925.5246082631      5.47e-07  
   11   -2925.5246083406      2.18e-07  
   12   -2925.5246083543      8.38e-08  
   13   -2925.5246083565      2.96e-08  
   14   -2925.5246083567      1.19e-08  
   15   -2925.5246083568      7.22e-09  Convergence criterion met
 ---------------------------------------
 SCF time:   CPU 10300.64s  wall 1293.00s 
 SCF   energy in the final basis set =    -2925.5246083568
 Total energy in the final basis set =    -2925.5246083568
 
 Direct TDDFT/TDA calculation will be performed
 Exchange:     0.4200 Hartree-Fock + 0.5800 PBEh-3c
 Correlation:  1.0000 PBEh-3c
 Using SG-1 standard quadrature grid
 Dispersion:   Grimme D3
 Triplet excitation energies requested
 Singlet excitation energies requested
 CIS energy converged when residual is below 10e- 6
 ---------------------------------------------------
 Iter    Rts Conv    Rts Left    Ttl Dev     Max Dev
 ---------------------------------------------------
   1         0           6      0.000164    0.000060
   2         0           6      0.000068    0.000020
   3         1           5      0.000029    0.000013
   4         1           5      0.000066    0.000052
   5         2           4      0.000076    0.000049
   6         3           3      0.000047    0.000022
   7         2           4      0.000086    0.000035
   8         3           3      0.000033    0.000023
   9         4           2      0.000013    0.000009
  10         5           1      0.000004    0.000003
  11         6           0      0.000002    0.000001    Roots Converged
 ---------------------------------------------------
 Triplets done: starting singlet calculation
 ---------------------------------------------------
 Iter    Rts Conv    Rts Left    Ttl Dev     Max Dev
 ---------------------------------------------------
  12         0           6      0.000279    0.000135
  13         0           6      0.000095    0.000036
  14         1           5      0.000052    0.000020
  15         2           4      0.000016    0.000007
  16         3           3      0.000009    0.000004
  17         5           1      0.000005    0.000001
  18         6           0      0.000004    0.000001    Roots Converged
 ---------------------------------------------------
 
 ---------------------------------------------------
         TDDFT/TDA Excitation Energies              
 ---------------------------------------------------

 Excited state   1: excitation energy (eV) =    2.1763
 Total energy for state  1:                 -2925.44463068 au
    Multiplicity: Triplet
    Trans. Mom.:  0.0000 X   0.0000 Y   0.0000 Z
    Strength   :     0.0000000000
    D(242) --> V(  2) amplitude =  0.2176
    D(247) --> V(  1) amplitude =  0.7788
    D(248) --> V(  1) amplitude =  0.4951

 Excited state   2: excitation energy (eV) =    2.4119
 Total energy for state  2:                 -2925.43597127 au
    Multiplicity: Triplet
    Trans. Mom.:  0.0000 X   0.0000 Y   0.0000 Z
    Strength   :     0.0000000000
    D(246) --> V(  2) amplitude = -0.4656
    D(247) --> V(  1) amplitude = -0.4432
    D(248) --> V(  1) amplitude =  0.6777

 Excited state   3: excitation energy (eV) =    2.4771
 Total energy for state  3:                 -2925.43357502 au
    Multiplicity: Triplet
    Trans. Mom.:  0.0000 X   0.0000 Y   0.0000 Z
    Strength   :     0.0000000000
    D(246) --> V(  1) amplitude =  0.7437
    D(246) --> V(  4) amplitude = -0.2376
    D(247) --> V(  2) amplitude =  0.2366
    D(248) --> V(  2) amplitude = -0.4880

 Excited state   4: excitation energy (eV) =    2.4979
 Total energy for state  4:                 -2925.43281268 au
    Multiplicity: Triplet
    Trans. Mom.:  0.0000 X   0.0000 Y   0.0000 Z
    Strength   :     0.0000000000
    D(245) --> V(  1) amplitude = -0.2603
    D(252) --> V(  1) amplitude =  0.9436

 Excited state   5: excitation energy (eV) =    2.5177
 Total energy for state  5:                 -2925.43208322 au
    Multiplicity: Singlet
    Trans. Mom.:  0.0285 X   0.0425 Y  -0.0081 Z
    Strength   :     0.0001656930
    D(245) --> V(  1) amplitude = -0.2422
    D(252) --> V(  1) amplitude =  0.9579

 Excited state   6: excitation energy (eV) =    2.6951
 Total energy for state  6:                 -2925.42556469 au
    Multiplicity: Triplet
    Trans. Mom.:  0.0000 X   0.0000 Y   0.0000 Z
    Strength   :     0.0000000000
    D(242) --> V(  1) amplitude =  0.6497
    D(244) --> V(  1) amplitude =  0.2506
    D(247) --> V(  2) amplitude =  0.4976
    D(248) --> V(  2) amplitude =  0.2417

 Excited state   7: excitation energy (eV) =    2.8430
 Total energy for state  7:                 -2925.42013101 au
    Multiplicity: Singlet
    Trans. Mom.: -0.0896 X  -0.0914 Y   0.0131 Z
    Strength   :     0.0011525810
    D(247) --> V(  1) amplitude =  0.8187
    D(248) --> V(  1) amplitude =  0.4873

 Excited state   8: excitation energy (eV) =    2.8434
 Total energy for state  8:                 -2925.42011713 au
    Multiplicity: Triplet
    Trans. Mom.:  0.0000 X   0.0000 Y   0.0000 Z
    Strength   :     0.0000000000
    D(241) --> V(  1) amplitude = -0.2506
    D(251) --> V(  1) amplitude =  0.9524

 Excited state   9: excitation energy (eV) =    2.8575
 Total energy for state  9:                 -2925.41959620 au
    Multiplicity: Singlet
    Trans. Mom.: -0.0291 X  -0.0198 Y  -0.1699 Z
    Strength   :     0.0021072028
    D(241) --> V(  1) amplitude = -0.2142
    D(251) --> V(  1) amplitude =  0.9498

 Excited state  10: excitation energy (eV) =    3.1781
 Total energy for state 10:                 -2925.40781552 au
    Multiplicity: Singlet
    Trans. Mom.: -2.2958 X  -2.6129 Y  -0.5093 Z
    Strength   :     0.9621562939
    D(247) --> V(  1) amplitude = -0.4878
    D(248) --> V(  1) amplitude =  0.8174

 Excited state  11: excitation energy (eV) =    3.4006
 Total energy for state 11:                 -2925.39963739 au
    Multiplicity: Singlet
    Trans. Mom.: -0.0038 X  -0.0110 Y  -0.0095 Z
    Strength   :     0.0000189192
    D(250) --> V(  1) amplitude =  0.9987

 Excited state  12: excitation energy (eV) =    3.5545
 Total energy for state 12:                 -2925.39398309 au
    Multiplicity: Singlet
    Trans. Mom.: -0.0195 X  -0.0012 Y  -0.0000 Z
    Strength   :     0.0000331052
    D(249) --> V(  1) amplitude =  0.9993
 
 ---------------------------------------------------
 Calculating Relaxed Density
 ---------------------------------------------------
 Iter    Rts Conv    Rts Left    Ttl Dev     Max Dev
 ---------------------------------------------------
   1         0           6      0.000423    0.000147
   2         0           6      0.000157    0.000047
   3         0           6      0.000042    0.000014
   4         1           5      0.000014    0.000005
   5         4           2      0.000003    0.000002
   6         6           0      0.000000    0.000000    Roots Converged
 ---------------------------------------------------
 Triplets done- using as guess for singlets
 ---------------------------------------------------
 Iter    Rts Conv    Rts Left    Ttl Dev     Max Dev
 ---------------------------------------------------
   1         0           6      0.000713    0.000158
   2         0           6      0.000257    0.000061
   3         0           6      0.000072    0.000019
   4         0           6      0.000026    0.000008
   5         2           4      0.000007    0.000002
   6         6           0      0.000000    0.000000    Roots Converged
 ---------------------------------------------------
  SETman timing summary (seconds)
  CPU time             38145.22s
  System time              0.00s
  Wall time             5684.51s



*********SPIN-ORBIT COUPLING JOB BEGINS HERE*********


=======================================================================================
    SPIN-ORBIT COUPLING BETWEEN THE SINGLET GROUND STATE AND EXCITED TRIPLET STATE
=======================================================================================

SOC between the singlet ground state and excited triplet states (ms=0):
T1(ms=0)      0.000000  +  -0.006986i    cm-1
T2(ms=0)      0.000000  +  -0.308274i    cm-1
T3(ms=0)      0.000000  +  -0.324280i    cm-1
T4(ms=0)      0.000000  +  3.381877i    cm-1
T5(ms=0)      0.000000  +  -0.248659i    cm-1
T6(ms=0)      0.000000  +  -3.279570i    cm-1
SOC between the singlet ground state and excited triplet states (ms=1):
T1(ms=1)      -0.078869  + (0.036377i)    cm-1
T2(ms=1)      0.056376  + (0.036808i)    cm-1
T3(ms=1)      0.048126  + (-0.010283i)    cm-1
T4(ms=1)      -0.297709  + (-0.096137i)    cm-1
T5(ms=1)      0.095685  + (0.098715i)    cm-1
T6(ms=1)      0.255370  + (0.335607i)    cm-1
SOC between the singlet ground state and excited triplet states (ms=-1):
T1(ms=-1)     -0.078869  - (0.036377i)    cm-1
T2(ms=-1)     0.056376  - (0.036808i)    cm-1
T3(ms=-1)     0.048126  - (-0.010283i)    cm-1
T4(ms=-1)     -0.297709  - (-0.096137i)    cm-1
T5(ms=-1)     0.095685  - (0.098715i)    cm-1
T6(ms=-1)     0.255370  - (0.335607i)    cm-1
Total SOC between the singlet ground state and excited triplet states:
T1      0.123028    cm-1
T2      0.322644    cm-1
T3      0.331665    cm-1
T4      3.410694    cm-1
T5      0.315645    cm-1
T6      3.333357    cm-1




=======================================================================================
                     SPIN-ORBIT COUPLING BETWEEN EXCITED TRIPLET STATES
=======================================================================================

SOC between the T1 (ms=0) state and excited triplet states (ms=1):
T2(ms=1)      0.013556  + (0.009268i)    cm-1
T3(ms=1)      0.253196  + (-0.289265i)    cm-1
T4(ms=1)      -0.108312  + (-0.123330i)    cm-1
T5(ms=1)      0.031915  + (-0.029239i)    cm-1
T6(ms=1)      0.054254  + (0.063230i)    cm-1
SOC between the T1 (ms=0) state and excited triplet states (ms=-1):
T2(ms=-1)     -0.013556  + (0.009268i)    cm-1
T3(ms=-1)     -0.253196  + (-0.289265i)    cm-1
T4(ms=-1)     0.108312  + (-0.123330i)    cm-1
T5(ms=-1)     -0.031915  + (-0.029239i)    cm-1
T6(ms=-1)     -0.054254  + (0.063230i)    cm-1
SOC between the T1 (ms=1) state and excited triplet states (ms=0):
T2(ms=0)      -0.013556  + (0.009268i)    cm-1
T3(ms=0)      -0.253196  + (-0.289265i)    cm-1
T4(ms=0)      0.108312  + (-0.123330i)    cm-1
T5(ms=0)      -0.031915  + (-0.029239i)    cm-1
T6(ms=0)      -0.054254  + (0.063230i)    cm-1
SOC between the T1 (ms=1) state and excited triplet states (ms=1):
T2(ms=1)      0.000000  + (0.002141i)    cm-1
T3(ms=1)      0.000000  + (0.037913i)    cm-1
T4(ms=1)      0.000000  + (-0.031702i)    cm-1
T5(ms=1)      0.000000  + (-0.031992i)    cm-1
T6(ms=1)      0.000000  + (0.008173i)    cm-1
SOC between the T1 (ms=-1) state and excited triplet states (ms=0):
T2(ms=0)      0.013556  + (0.009268i)    cm-1
T3(ms=0)      0.253196  + (-0.289265i)    cm-1
T4(ms=0)      -0.108312  + (-0.123330i)    cm-1
T5(ms=0)      0.031915  + (-0.029239i)    cm-1
T6(ms=0)      0.054254  + (0.063230i)    cm-1
SOC between the T1 (ms=-1) state and excited triplet states (ms=-1):
T2(ms=-1)     0.000000  + (-0.002141i)    cm-1
T3(ms=-1)     0.000000  + (-0.037913i)    cm-1
T4(ms=-1)     0.000000  + (0.031702i)    cm-1
T5(ms=-1)     0.000000  + (0.031992i)    cm-1
T6(ms=-1)     0.000000  + (-0.008173i)    cm-1
Total SOC between the T1 state and excited triplet states:
T2      0.032982    cm-1
T3      0.770717    cm-1
T4      0.331327    cm-1
T5      0.097677    cm-1
T6      0.167031    cm-1



SOC between the T2 (ms=0) state and excited triplet states (ms=1):
T3(ms=1)      -0.010227  + (0.043799i)    cm-1
T4(ms=1)      -0.388199  + (-0.314617i)    cm-1
T5(ms=1)      0.237087  + (-0.345337i)    cm-1
T6(ms=1)      -0.486736  + (-0.429086i)    cm-1
SOC between the T2 (ms=0) state and excited triplet states (ms=-1):
T3(ms=-1)     0.010227  + (0.043799i)    cm-1
T4(ms=-1)     0.388199  + (-0.314617i)    cm-1
T5(ms=-1)     -0.237087  + (-0.345337i)    cm-1
T6(ms=-1)     0.486736  + (-0.429086i)    cm-1
SOC between the T2 (ms=1) state and excited triplet states (ms=0):
T3(ms=0)      0.010227  + (0.043799i)    cm-1
T4(ms=0)      0.388199  + (-0.314617i)    cm-1
T5(ms=0)      -0.237087  + (-0.345337i)    cm-1
T6(ms=0)      0.486736  + (-0.429086i)    cm-1
SOC between the T2 (ms=1) state and excited triplet states (ms=1):
T3(ms=1)      0.000000  + (-0.032119i)    cm-1
T4(ms=1)      0.000000  + (-0.094245i)    cm-1
T5(ms=1)      0.000000  + (0.064973i)    cm-1
T6(ms=1)      0.000000  + (-0.131968i)    cm-1
SOC between the T2 (ms=-1) state and excited triplet states (ms=0):
T3(ms=0)      -0.010227  + (0.043799i)    cm-1
T4(ms=0)      -0.388199  + (-0.314617i)    cm-1
T5(ms=0)      0.237087  + (-0.345337i)    cm-1
T6(ms=0)      -0.486736  + (-0.429086i)    cm-1
SOC between the T2 (ms=-1) state and excited triplet states (ms=-1):
T3(ms=-1)     0.000000  + (0.032119i)    cm-1
T4(ms=-1)     0.000000  + (0.094245i)    cm-1
T5(ms=-1)     0.000000  + (-0.064973i)    cm-1
T6(ms=-1)     0.000000  + (0.131968i)    cm-1
Total SOC between the T2 state and excited triplet states:
T3      0.100772    cm-1
T4      1.008214    cm-1
T5      0.842802    cm-1
T6      1.311082    cm-1



SOC between the T3 (ms=0) state and excited triplet states (ms=1):
T4(ms=1)      0.053866  + (-0.002157i)    cm-1
T5(ms=1)      -0.032862  + (-0.006871i)    cm-1
T6(ms=1)      -0.000488  + (-0.021686i)    cm-1
SOC between the T3 (ms=0) state and excited triplet states (ms=-1):
T4(ms=-1)     -0.053866  + (-0.002157i)    cm-1
T5(ms=-1)     0.032862  + (-0.006871i)    cm-1
T6(ms=-1)     0.000488  + (-0.021686i)    cm-1
SOC between the T3 (ms=1) state and excited triplet states (ms=0):
T4(ms=0)      -0.053866  + (-0.002157i)    cm-1
T5(ms=0)      0.032862  + (-0.006871i)    cm-1
T6(ms=0)      0.000488  + (-0.021686i)    cm-1
SOC between the T3 (ms=1) state and excited triplet states (ms=1):
T4(ms=1)      0.000000  + (-0.470023i)    cm-1
T5(ms=1)      0.000000  + (0.036707i)    cm-1
T6(ms=1)      0.000000  + (0.206507i)    cm-1
SOC between the T3 (ms=-1) state and excited triplet states (ms=0):
T4(ms=0)      0.053866  + (-0.002157i)    cm-1
T5(ms=0)      -0.032862  + (-0.006871i)    cm-1
T6(ms=0)      -0.000488  + (-0.021686i)    cm-1
SOC between the T3 (ms=-1) state and excited triplet states (ms=-1):
T4(ms=-1)     0.000000  + (0.470023i)    cm-1
T5(ms=-1)     0.000000  + (-0.036707i)    cm-1
T6(ms=-1)     0.000000  + (-0.206507i)    cm-1
Total SOC between the T3 state and excited triplet states:
T4      0.673400    cm-1
T5      0.084872    cm-1
T6      0.295250    cm-1



SOC between the T4 (ms=0) state and excited triplet states (ms=1):
T5(ms=1)      0.112050  + (-0.053781i)    cm-1
T6(ms=1)      -0.025940  + (-0.038517i)    cm-1
SOC between the T4 (ms=0) state and excited triplet states (ms=-1):
T5(ms=-1)     -0.112050  + (-0.053781i)    cm-1
T6(ms=-1)     0.025940  + (-0.038517i)    cm-1
SOC between the T4 (ms=1) state and excited triplet states (ms=0):
T5(ms=0)      -0.112050  + (-0.053781i)    cm-1
T6(ms=0)      0.025940  + (-0.038517i)    cm-1
SOC between the T4 (ms=1) state and excited triplet states (ms=1):
T5(ms=1)      0.000000  + (-0.606032i)    cm-1
T6(ms=1)      0.000000  + (0.059783i)    cm-1
SOC between the T4 (ms=-1) state and excited triplet states (ms=0):
T5(ms=0)      0.112050  + (-0.053781i)    cm-1
T6(ms=0)      -0.025940  + (-0.038517i)    cm-1
SOC between the T4 (ms=-1) state and excited triplet states (ms=-1):
T5(ms=-1)     0.000000  + (0.606032i)    cm-1
T6(ms=-1)     0.000000  + (-0.059783i)    cm-1
Total SOC between the T4 state and excited triplet states:
T5      0.892378    cm-1
T6      0.125593    cm-1



SOC between the T5 (ms=0) state and excited triplet states (ms=1):
T6(ms=1)      -0.024592  + (-0.043521i)    cm-1
SOC between the T5 (ms=0) state and excited triplet states (ms=-1):
T6(ms=-1)     0.024592  + (-0.043521i)    cm-1
SOC between the T5 (ms=1) state and excited triplet states (ms=0):
T6(ms=0)      0.024592  + (-0.043521i)    cm-1
SOC between the T5 (ms=1) state and excited triplet states (ms=1):
T6(ms=1)      0.000000  + (0.694966i)    cm-1
SOC between the T5 (ms=-1) state and excited triplet states (ms=0):
T6(ms=0)      -0.024592  + (-0.043521i)    cm-1
SOC between the T5 (ms=-1) state and excited triplet states (ms=-1):
T6(ms=-1)     0.000000  + (-0.694966i)    cm-1
Total SOC between the T5 state and excited triplet states:
T6      0.987902    cm-1







=======================================================================================
         SPIN-ORBIT COUPLING BETWEEN EXCITED SINGLET STATES AND TRIPLET STATES
=======================================================================================

SOC between the S1 state and excited triplet states (ms=0):
T1(ms=0)      0.000000  +  0.017730i    cm-1
T2(ms=0)      0.000000  +  0.088662i    cm-1
T3(ms=0)      0.000000  +  0.401755i    cm-1
T4(ms=0)      0.000000  +  0.022886i    cm-1
T5(ms=0)      0.000000  +  -0.576174i    cm-1
T6(ms=0)      0.000000  +  0.045127i    cm-1
SOC between the S1 state and excited triplet states (ms=1):
T1(ms=1)      (-0.077132)  + (-0.056723i)    cm-1
T2(ms=1)      (-0.378193)  + (-0.306946i)    cm-1
T3(ms=1)      (0.052786)  + (-0.007856i)    cm-1
T4(ms=1)      (-0.035288)  + (-0.023151i)    cm-1
T5(ms=1)      (-0.082854)  + (0.017829i)    cm-1
T6(ms=1)      (-0.012153)  + (0.005073i)    cm-1
SOC between the S1 state and excited triplet states (ms=-1):
T1(ms=-1)    -(-0.077132)  + (-0.056723i)    cm-1
T2(ms=-1)    -(-0.378193)  + (-0.306946i)    cm-1
T3(ms=-1)    -(0.052786)  + (-0.007856i)    cm-1
T4(ms=-1)    -(-0.035288)  + (-0.023151i)    cm-1
T5(ms=-1)    -(-0.082854)  + (0.017829i)    cm-1
T6(ms=-1)    -(-0.012153)  + (0.005073i)    cm-1
Total SOC between the S1 state and excited triplet states:
T1      0.136557    cm-1
T2      0.694516    cm-1
T3      0.408783    cm-1
T4      0.063923    cm-1
T5      0.588508    cm-1
T6      0.048819    cm-1



SOC between the S2 state and excited triplet states (ms=0):
T1(ms=0)      0.000000  +  0.013207i    cm-1
T2(ms=0)      0.000000  +  -0.015014i    cm-1
T3(ms=0)      0.000000  +  0.070996i    cm-1
T4(ms=0)      0.000000  +  -0.042902i    cm-1
T5(ms=0)      0.000000  +  0.077165i    cm-1
T6(ms=0)      0.000000  +  0.014754i    cm-1
SOC between the S2 state and excited triplet states (ms=1):
T1(ms=1)      (-0.009009)  + (-0.009764i)    cm-1
T2(ms=1)      (0.042857)  + (0.047437i)    cm-1
T3(ms=1)      (-0.184471)  + (0.209961i)    cm-1
T4(ms=1)      (0.157287)  + (0.166282i)    cm-1
T5(ms=1)      (-0.052528)  + (0.007427i)    cm-1
T6(ms=1)      (-0.104063)  + (-0.096635i)    cm-1
SOC between the S2 state and excited triplet states (ms=-1):
T1(ms=-1)    -(-0.009009)  + (-0.009764i)    cm-1
T2(ms=-1)    -(0.042857)  + (0.047437i)    cm-1
T3(ms=-1)    -(-0.184471)  + (0.209961i)    cm-1
T4(ms=-1)    -(0.157287)  + (0.166282i)    cm-1
T5(ms=-1)    -(-0.052528)  + (0.007427i)    cm-1
T6(ms=-1)    -(-0.104063)  + (-0.096635i)    cm-1
Total SOC between the S2 state and excited triplet states:
T1      0.022965    cm-1
T2      0.091648    cm-1
T3      0.401581    cm-1
T4      0.326525    cm-1
T5      0.107626    cm-1
T6      0.201377    cm-1



SOC between the S3 state and excited triplet states (ms=0):
T1(ms=0)      0.000000  +  -0.000954i    cm-1
T2(ms=0)      0.000000  +  0.118861i    cm-1
T3(ms=0)      0.000000  +  -0.161895i    cm-1
T4(ms=0)      0.000000  +  -0.046185i    cm-1
T5(ms=0)      0.000000  +  -0.602212i    cm-1
T6(ms=0)      0.000000  +  0.041089i    cm-1
SOC between the S3 state and excited triplet states (ms=1):
T1(ms=1)      (0.035461)  + (0.021797i)    cm-1
T2(ms=1)      (-0.427503)  + (-0.405751i)    cm-1
T3(ms=1)      (-0.027882)  + (0.013818i)    cm-1
T4(ms=1)      (0.013014)  + (-0.004912i)    cm-1
T5(ms=1)      (-0.031520)  + (-0.029611i)    cm-1
T6(ms=1)      (-0.004974)  + (-0.013007i)    cm-1
SOC between the S3 state and excited triplet states (ms=-1):
T1(ms=-1)    -(0.035461)  + (0.021797i)    cm-1
T2(ms=-1)    -(-0.427503)  + (-0.405751i)    cm-1
T3(ms=-1)    -(-0.027882)  + (0.013818i)    cm-1
T4(ms=-1)    -(0.013014)  + (-0.004912i)    cm-1
T5(ms=-1)    -(-0.031520)  + (-0.029611i)    cm-1
T6(ms=-1)    -(-0.004974)  + (-0.013007i)    cm-1
Total SOC between the S3 state and excited triplet states:
T1      0.058874    cm-1
T2      0.841970    cm-1
T3      0.167770    cm-1
T4      0.050200    cm-1
T5      0.605309    cm-1
T6      0.045565    cm-1



SOC between the S4 state and excited triplet states (ms=0):
T1(ms=0)      0.000000  +  0.006866i    cm-1
T2(ms=0)      0.000000  +  0.017574i    cm-1
T3(ms=0)      0.000000  +  0.003995i    cm-1
T4(ms=0)      0.000000  +  -0.136916i    cm-1
T5(ms=0)      0.000000  +  0.019966i    cm-1
T6(ms=0)      0.000000  +  -0.180361i    cm-1
SOC between the S4 state and excited triplet states (ms=1):
T1(ms=1)      (0.002334)  + (-0.009165i)    cm-1
T2(ms=1)      (-0.034316)  + (-0.023254i)    cm-1
T3(ms=1)      (0.013381)  + (-0.029479i)    cm-1
T4(ms=1)      (0.503683)  + (0.411409i)    cm-1
T5(ms=1)      (-0.252537)  + (0.376160i)    cm-1
T6(ms=1)      (0.638419)  + (0.576674i)    cm-1
SOC between the S4 state and excited triplet states (ms=-1):
T1(ms=-1)    -(0.002334)  + (-0.009165i)    cm-1
T2(ms=-1)    -(-0.034316)  + (-0.023254i)    cm-1
T3(ms=-1)    -(0.013381)  + (-0.029479i)    cm-1
T4(ms=-1)    -(0.503683)  + (0.411409i)    cm-1
T5(ms=-1)    -(-0.252537)  + (0.376160i)    cm-1
T6(ms=-1)    -(0.638419)  + (0.576674i)    cm-1
Total SOC between the S4 state and excited triplet states:
T1      0.015035    cm-1
T2      0.061200    cm-1
T3      0.045957    cm-1
T4      0.929868    cm-1
T5      0.641047    cm-1
T6      1.229956    cm-1



SOC between the S5 state and excited triplet states (ms=0):
T1(ms=0)      0.000000  +  -0.032353i    cm-1
T2(ms=0)      0.000000  +  0.011216i    cm-1
T3(ms=0)      0.000000  +  -0.013386i    cm-1
T4(ms=0)      0.000000  +  0.007223i    cm-1
T5(ms=0)      0.000000  +  -0.021852i    cm-1
T6(ms=0)      0.000000  +  -0.093069i    cm-1
SOC between the S5 state and excited triplet states (ms=1):
T1(ms=1)      (-0.002727)  + (0.000126i)    cm-1
T2(ms=1)      (-0.009171)  + (-0.018849i)    cm-1
T3(ms=1)      (0.017771)  + (-0.002954i)    cm-1
T4(ms=1)      (-0.027234)  + (0.036685i)    cm-1
T5(ms=1)      (0.016136)  + (-0.032847i)    cm-1
T6(ms=1)      (0.278696)  + (-0.656449i)    cm-1
SOC between the S5 state and excited triplet states (ms=-1):
T1(ms=-1)    -(-0.002727)  + (0.000126i)    cm-1
T2(ms=-1)    -(-0.009171)  + (-0.018849i)    cm-1
T3(ms=-1)    -(0.017771)  + (-0.002954i)    cm-1
T4(ms=-1)    -(-0.027234)  + (0.036685i)    cm-1
T5(ms=-1)    -(0.016136)  + (-0.032847i)    cm-1
T6(ms=-1)    -(0.278696)  + (-0.656449i)    cm-1
Total SOC between the S5 state and excited triplet states:
T1      0.032583    cm-1
T2      0.031695    cm-1
T3      0.028779    cm-1
T4      0.065017    cm-1
T5      0.056179    cm-1
T6      1.012845    cm-1



SOC between the S6 state and excited triplet states (ms=0):
T1(ms=0)      0.000000  +  -0.013380i    cm-1
T2(ms=0)      0.000000  +  0.001655i    cm-1
T3(ms=0)      0.000000  +  -0.002659i    cm-1
T4(ms=0)      0.000000  +  -0.031907i    cm-1
T5(ms=0)      0.000000  +  -0.003907i    cm-1
T6(ms=0)      0.000000  +  -0.001713i    cm-1
SOC between the S6 state and excited triplet states (ms=1):
T1(ms=1)      (0.005410)  + (-0.006298i)    cm-1
T2(ms=1)      (0.036131)  + (-0.029589i)    cm-1
T3(ms=1)      (0.040996)  + (-0.023300i)    cm-1
T4(ms=1)      (-0.528421)  + (0.380340i)    cm-1
T5(ms=1)      (0.010509)  + (0.007055i)    cm-1
T6(ms=1)      (-0.041806)  + (0.013335i)    cm-1
SOC between the S6 state and excited triplet states (ms=-1):
T1(ms=-1)    -(0.005410)  + (-0.006298i)    cm-1
T2(ms=-1)    -(0.036131)  + (-0.029589i)    cm-1
T3(ms=-1)    -(0.040996)  + (-0.023300i)    cm-1
T4(ms=-1)    -(-0.528421)  + (0.380340i)    cm-1
T5(ms=-1)    -(0.010509)  + (0.007055i)    cm-1
T6(ms=-1)    -(-0.041806)  + (0.013335i)    cm-1
Total SOC between the S6 state and excited triplet states:
T1      0.017801    cm-1
T2      0.066065    cm-1
T3      0.066739    cm-1
T4      0.921300    cm-1
T5      0.018322    cm-1
T6      0.062081    cm-1






            *********SOC CODE ENDS HERE*********



 
 --------------------------------------------------------------
 
                    Orbital Energies (a.u.)
 --------------------------------------------------------------
 
 Alpha MOs
 -- Occupied --
-14.690 -14.688 -10.493 -10.492 -10.486 -10.485 -10.483 -10.483
-10.470 -10.470 -10.470 -10.469 -10.469 -10.469 -10.469 -10.469
-10.469 -10.468 -10.467 -10.467 -10.467 -10.467 -10.466 -10.466
-10.466 -10.465 -10.464 -10.464 -10.463 -10.463 -10.463 -10.463
-10.462 -10.460 -10.460 -10.459 -10.459 -10.459 -10.452 -10.451
-10.449 -10.448 -10.448 -10.448 -10.448 -10.448 -10.447 -10.446
-10.446 -10.446 -10.446 -10.445 -10.444 -10.444 -10.444 -10.444
-10.444 -10.444 -10.444 -10.443 -10.441 -10.441 -10.440 -10.440
-10.440 -10.439 -10.437 -10.437 -10.435 -10.435 -10.434 -10.433
-10.432 -10.429  -6.953  -6.949  -1.110  -1.108  -1.021  -1.019
 -0.977  -0.975  -0.966  -0.963  -0.952  -0.948  -0.945  -0.945
 -0.938  -0.937  -0.913  -0.904  -0.888  -0.886  -0.882  -0.882
 -0.863  -0.861  -0.853  -0.852  -0.851  -0.851  -0.845  -0.843
 -0.828  -0.819  -0.817  -0.812  -0.809  -0.808  -0.808  -0.806
 -0.777  -0.773  -0.773  -0.772  -0.741  -0.739  -0.732  -0.731
 -0.728  -0.726  -0.699  -0.696  -0.694  -0.689  -0.685  -0.685
 -0.680  -0.672  -0.658  -0.655  -0.654  -0.651  -0.648  -0.645
 -0.643  -0.642  -0.603  -0.601  -0.597  -0.595  -0.594  -0.593
 -0.588  -0.588  -0.586  -0.581  -0.581  -0.575  -0.572  -0.558
 -0.552  -0.552  -0.549  -0.545  -0.533  -0.531  -0.527  -0.523
 -0.520  -0.518  -0.518  -0.514  -0.509  -0.507  -0.504  -0.502
 -0.500  -0.499  -0.498  -0.496  -0.493  -0.490  -0.489  -0.488
 -0.488  -0.488  -0.487  -0.485  -0.484  -0.483  -0.481  -0.479
 -0.477  -0.475  -0.473  -0.473  -0.472  -0.472  -0.468  -0.468
 -0.468  -0.462  -0.450  -0.447  -0.446  -0.444  -0.442  -0.435
 -0.432  -0.430  -0.427  -0.424  -0.424  -0.422  -0.421  -0.416
 -0.412  -0.411  -0.410  -0.408  -0.403  -0.400  -0.400  -0.399
 -0.399  -0.399  -0.398  -0.396  -0.393  -0.392  -0.390  -0.389
 -0.385  -0.376  -0.373  -0.372  -0.367  -0.357  -0.355  -0.344
 -0.329  -0.326  -0.326  -0.320  -0.300  -0.299  -0.296  -0.296
 -0.288  -0.286  -0.286  -0.285  -0.283  -0.267  -0.261  -0.260
 -0.255  -0.250  -0.236  -0.229
 -- Virtual --
 -0.102  -0.064  -0.041  -0.036  -0.011  -0.009  -0.009   0.002
  0.002   0.004   0.011   0.018   0.023   0.026   0.029   0.038
  0.057   0.059   0.066   0.066   0.070   0.079   0.083   0.087
  0.117   0.122   0.139   0.139   0.141   0.149   0.151   0.152
  0.153   0.154   0.155   0.157   0.160   0.162   0.163   0.164
  0.167   0.173   0.177   0.179   0.182   0.183   0.184   0.185
  0.190   0.191   0.193   0.196   0.200   0.200   0.200   0.201
  0.205   0.207   0.208   0.209   0.210   0.212   0.213   0.217
  0.219   0.220   0.222   0.226   0.226   0.229   0.230   0.233
  0.235   0.235   0.237   0.241   0.242   0.243   0.245   0.246
  0.246   0.248   0.249   0.249   0.250   0.253   0.256   0.262
  0.263   0.264   0.266   0.268   0.271   0.274   0.276   0.278
  0.281   0.283   0.285   0.286   0.288   0.291   0.293   0.298
  0.299   0.301   0.302   0.304   0.306   0.308   0.309   0.312
  0.317   0.318   0.323   0.326   0.328   0.329   0.331   0.333
  0.343   0.346   0.356   0.358   0.359   0.361   0.363   0.366
  0.368   0.373   0.375   0.381   0.385   0.391   0.399   0.401
  0.407   0.410   0.411   0.415   0.416   0.421   0.424   0.426
  0.427   0.428   0.441   0.445   0.447   0.451   0.454   0.458
  0.462   0.463   0.464   0.479   0.480   0.483   0.485   0.489
  0.491   0.492   0.494   0.497   0.499   0.502   0.504   0.511
  0.515   0.519   0.521   0.522   0.524   0.524   0.525   0.527
  0.529   0.529   0.531   0.532   0.533   0.535   0.536   0.538
  0.538   0.539   0.543   0.545   0.549   0.550   0.553   0.555
  0.556   0.558   0.559   0.559   0.563   0.567   0.569   0.571
  0.572   0.576   0.577   0.578   0.578   0.580   0.582   0.584
  0.584   0.585   0.586   0.590   0.590   0.591   0.593   0.597
  0.598   0.599   0.600   0.601   0.601   0.602   0.604   0.605
  0.609   0.611   0.611   0.614   0.614   0.616   0.616   0.618
  0.619   0.622   0.624   0.625   0.626   0.628   0.629   0.631
  0.633   0.635   0.637   0.638   0.640   0.641   0.643   0.644
  0.645   0.645   0.648   0.648   0.650   0.651   0.655   0.656
  0.657   0.659   0.661   0.663   0.667   0.672   0.673   0.676
  0.677   0.678   0.679   0.683   0.684   0.686   0.689   0.694
  0.696   0.698   0.699   0.702   0.704   0.706   0.707   0.710
  0.716   0.720   0.724   0.724   0.725   0.727   0.728   0.732
  0.733   0.734   0.737   0.740   0.743   0.746   0.752   0.753
  0.753   0.754   0.756   0.759   0.769   0.773   0.774   0.775
  0.777   0.779   0.784   0.787   0.789   0.790   0.792   0.794
  0.797   0.798   0.801   0.810   0.817   0.821   0.822   0.827
  0.828   0.834   0.842   0.845   0.850   0.853   0.855   0.863
  0.865   0.869   0.874   0.878   0.883   0.898   0.900   0.903
  0.905   0.909   0.911   0.913   0.920   0.923   0.928   0.934
  0.934   0.938   0.938   0.941   0.943   0.944   0.946   0.950
  0.953   0.954   0.959   0.962   0.966   0.968   0.969   0.971
  0.973   0.978   0.981   0.981   0.983   0.986   0.989   0.990
  0.992   0.993   0.993   0.996   0.998   1.001   1.003   1.006
  1.007   1.011   1.013   1.013   1.016   1.021   1.025   1.026
  1.031   1.032   1.034   1.036   1.037   1.041   1.041   1.044
  1.048   1.049   1.052   1.053   1.054   1.057   1.058   1.062
  1.064   1.066   1.067   1.068   1.075   1.076   1.079   1.080
  1.084   1.085   1.086   1.087   1.088   1.092   1.097   1.101
  1.106   1.113   1.114   1.115   1.119   1.121   1.125   1.128
  1.129   1.133   1.135   1.137   1.140   1.140   1.142   1.145
  1.151   1.155   1.156   1.157   1.160   1.161   1.166   1.168
  1.170   1.174   1.182   1.183   1.193   1.199   1.201   1.205
  1.207   1.219   1.228   1.229   1.230   1.236   1.241   1.248
  1.249   1.252   1.254   1.257   1.265   1.269   1.272   1.274
  1.277   1.281   1.288   1.292   1.294   1.295   1.297   1.302
  1.303   1.305   1.310   1.311   1.314   1.315   1.318   1.322
  1.323   1.325   1.332   1.335   1.337   1.340   1.343   1.346
  1.353   1.360   1.362   1.366   1.368   1.370   1.370   1.372
  1.377   1.379   1.387   1.388   1.392   1.396   1.401   1.402
  1.406   1.408   1.411   1.412   1.417   1.429   1.435   1.436
  1.436   1.440   1.442   1.448   1.458   1.461   1.464   1.476
  1.479   1.499   1.501   1.503   1.504   1.506   1.507   1.510
  1.512   1.513   1.513   1.516   1.517   1.521   1.521   1.526
  1.528   1.531   1.532   1.533   1.534   1.537   1.537   1.540
  1.543   1.545   1.548   1.551   1.554   1.556   1.556   1.558
  1.559   1.562   1.563   1.563   1.566   1.569   1.571   1.573
  1.579   1.581   1.582   1.589   1.594   1.597   1.598   1.599
  1.603   1.606   1.612   1.629   1.633   1.648   1.650   1.652
  1.661   1.667   1.685   1.694   1.700   1.705   1.732   1.740
  1.742   1.747   1.764   1.771   1.774   1.787   1.788   1.802
  1.803   1.804   1.806   1.808   1.809   1.811   1.814   1.818
  1.822   1.822   1.826   1.831   1.832   1.842   1.845   1.847
  1.851   1.853   1.875   1.881   1.889   1.897   1.898   1.899
  1.901   1.905   1.909   1.913   1.915   1.915   1.921   1.924
  1.927   1.929   1.932   1.936   1.940   1.941   1.942   1.950
  1.952   1.953   1.957   1.957   1.965   1.974   1.977   1.979
  1.982   1.984   1.985   1.986   1.994   2.004   2.006   2.027
  2.029   2.038   2.038   2.040   2.041   2.044   2.044   2.052
  2.054   2.057   2.061   2.063   2.064   2.066   2.067   2.078
  2.079   2.085   2.095   2.099   2.106   2.107   2.115   2.123
  2.128   2.133   2.136   2.137   2.142   2.145   2.147   2.148
  2.150   2.154   2.154   2.157   2.161   2.164   2.168   2.175
  2.178   2.187   2.191   2.196   2.196   2.198   2.205   2.211
  2.219   2.223   2.226   2.228   2.229   2.231   2.234   2.236
  2.237   2.245   2.250   2.252   2.255   2.257   2.259   2.265
  2.266   2.269   2.272   2.272   2.275   2.280   2.281   2.283
  2.284   2.287   2.288   2.292   2.304   2.306   2.312   2.316
  2.317   2.318   2.323   2.334   2.335   2.336   2.340   2.342
  2.342   2.344   2.348   2.348   2.350   2.351   2.354   2.354
  2.357   2.368   2.370   2.372   2.380   2.382   2.383   2.385
  2.390   2.393   2.394   2.399   2.403   2.406   2.409   2.411
  2.414   2.419   2.425   2.428   2.429   2.436   2.444   2.446
  2.453   2.456   2.461   2.466   2.469   2.474   2.478   2.481
  2.486   2.493   2.494   2.496   2.503   2.507   2.519   2.532
  2.539   2.543   2.563   2.570   2.576   2.580   2.600   2.602
  2.603   2.621   2.632   2.634   2.636   2.638   2.640   2.650
  2.659   2.662   2.678   2.680   2.681   2.684   2.701   2.702
  2.711   2.713   2.714   2.717   2.719   2.720   2.722   2.724
  2.726   2.726   2.735   2.738   2.739   2.743   2.754   2.757
  2.766   2.769   2.771   2.772   2.774   2.777   2.780   2.783
  2.786   2.786   2.787   2.795   2.798   2.799   2.801   2.805
  2.806   2.816   2.827   2.835   2.844   2.845   2.847   2.854
  2.858   2.864   2.867   2.871   2.873   2.887   2.890   2.891
  2.897   2.904   2.913   2.917   2.924   2.929   2.933   2.938
  2.940   2.946   2.947   2.948   2.972   2.977   2.979   2.997
  3.001   3.004   3.011   3.016   3.017   3.044   3.056   3.067
  3.077   3.083   3.122   3.129   3.137   3.231   3.252   3.254
  3.267   3.296   3.331   3.332   3.398   3.435   3.437   3.443
  3.450   3.457   3.469   3.486   3.488   3.488   3.560   3.568
  3.614   3.624   3.661   3.671   9.595   9.740  13.136  13.171
 13.222  13.225  13.424  13.426  13.434  13.493  13.504  13.516
 13.519  13.542  13.673  13.677  13.698  13.701  13.705  13.715
 13.731  13.786  13.787  13.796  13.811  13.812  13.851  13.855
 13.887  13.889  13.908  13.922  13.944  13.947  13.954  13.998
 14.007  14.016  14.026  14.032  14.110  14.118  14.122  14.156
 14.157  14.186  14.190  14.203  14.207  14.217  14.218  14.220
 14.228  14.248  14.259  14.266  14.307  14.310  14.315  14.323
 14.326  14.328  14.506  14.511  14.554  14.560  14.568  14.575
 14.576  14.578  14.579  14.599  14.609  14.613  19.563  19.581
 --------------------------------------------------------------
 
          Ground-State Mulliken Net Atomic Charges

     Atom                 Charge (a.u.)
  ----------------------------------------
      1 N                    -0.741161
      2 C                     0.354631
      3 C                     0.339852
      4 C                    -0.286171
      5 H                     0.250270
      6 C                    -0.232388
      7 H                     0.218534
      8 C                     0.332862
      9 C                    -0.286102
     10 H                     0.247584
     11 C                    -0.231200
     12 H                     0.218171
     13 C                    -0.231181
     14 H                     0.215323
     15 C                    -0.346581
     16 H                     0.207309
     17 C                     0.097870
     18 C                    -0.231834
     19 H                     0.215209
     20 C                    -0.346356
     21 H                     0.207400
     22 C                     0.092765
     23 C                    -0.386362
     24 H                     0.248713
     25 C                     0.060216
     26 C                    -0.386406
     27 H                     0.250302
     28 C                     0.057579
     29 C                    -0.229276
     30 C                    -0.758685
     31 H                     0.238269
     32 H                     0.247858
     33 H                     0.245772
     34 C                    -0.761665
     35 H                     0.238947
     36 H                     0.247098
     37 H                     0.249776
     38 B                     0.682248
     39 C                    -0.145932
     40 C                    -0.396421
     41 H                     0.229470
     42 C                     0.112346
     43 C                     0.098098
     44 C                    -0.390323
     45 H                     0.230391
     46 C                    -0.151946
     47 C                     0.194959
     48 C                    -0.375067
     49 H                     0.221266
     50 C                    -0.064873
     51 C                     0.253914
     52 C                     0.198592
     53 C                    -0.382076
     54 H                     0.221662
     55 C                    -0.205889
     56 H                     0.229358
     57 C                    -0.331724
     58 H                     0.222914
     59 C                    -0.203355
     60 H                     0.229272
     61 C                    -0.335122
     62 H                     0.222978
     63 C                    -0.148044
     64 C                    -0.389364
     65 H                     0.233168
     66 C                     0.106781
     67 C                     0.098323
     68 C                    -0.391924
     69 H                     0.231585
     70 C                    -0.150178
     71 C                     0.198238
     72 C                    -0.379182
     73 H                     0.221655
     74 C                    -0.065433
     75 C                     0.250134
     76 C                     0.201822
     77 C                    -0.381684
     78 H                     0.222538
     79 C                    -0.203924
     80 H                     0.229670
     81 C                    -0.333044
     82 H                     0.222789
     83 C                    -0.204898
     84 H                     0.229415
     85 C                    -0.330982
     86 H                     0.222864
     87 B                     0.694750
     88 C                    -0.211723
     89 C                     0.047526
     90 C                    -0.342974
     91 H                     0.236455
     92 C                     0.316227
     93 C                    -0.352271
     94 H                     0.235698
     95 C                     0.045034
     96 N                    -0.739939
     97 C                     0.338546
     98 C                     0.345146
     99 C                    -0.281312
    100 H                     0.233837
    101 C                    -0.235725
    102 H                     0.216050
    103 C                    -0.280654
    104 H                     0.233914
    105 C                    -0.235465
    106 H                     0.215833
    107 C                    -0.228414
    108 H                     0.214596
    109 C                    -0.342420
    110 H                     0.205049
    111 C                     0.097813
    112 C                    -0.229154
    113 H                     0.214706
    114 C                    -0.341024
    115 H                     0.205294
    116 C                     0.088445
    117 C                    -0.759813
    118 H                     0.240999
    119 H                     0.249405
    120 H                     0.245751
    121 C                    -0.756797
    122 H                     0.240439
    123 H                     0.245818
    124 H                     0.248347
  ----------------------------------------
  Sum of atomic charges =    -0.000000

 -----------------------------------------------------------------
                    Cartesian Multipole Moments
 -----------------------------------------------------------------
    Charge (ESU x 10^10)
                -0.0000
    Dipole Moment (Debye)
         X      -0.0249      Y       0.3768      Z      -0.5101
       Tot       0.6347
    Quadrupole Moments (Debye-Ang)
        XX    -405.9779     XY      32.4339     YY    -401.6149
        XZ       4.3262     YZ      13.0000     ZZ    -445.3392
    Octopole Moments (Debye-Ang^2)
       XXX     439.9100    XXY     271.8915    XYY     103.2560
       YYY     813.8873    XXZ   -3040.2487    XYZ     237.1362
       YYZ   -2780.8891    XZZ     179.4719    YZZ     476.9142
       ZZZ   -9597.1789
    Hexadecapole Moments (Debye-Ang^3)
      XXXX  -17831.7702   XXXY   -7107.7918   XXYY   -5271.7343
      XYYY   -6299.0954   YYYY  -22406.0311   XXXZ    4026.3368
      XXYZ    3231.7672   XYYZ    1033.5830   YYYZ    8363.1657
      XXZZ  -39135.3653   XYZZ    -379.8178   YYZZ  -36807.2058
      XZZZ    3492.8900   YZZZ   11787.5780   ZZZZ -217992.0140
 -----------------------------------------------------------------
 -----------------------------------------------------------------
               TDA Excited-State Multipoles, State  1
 -----------------------------------------------------------------
    Charge (ESU x 10^10)
                -0.0000
    Dipole Moment (Debye)
         X      -0.0446      Y       0.4040      Z      -0.4769
       Tot       0.6265
    Quadrupole Moments (Debye-Ang)
        XX    -403.6213     XY      36.4741     YY    -398.2799
        XZ       5.3380     YZ      14.9519     ZZ    -452.5956
    Octopole Moments (Debye-Ang^2)
       XXX     436.8121    XXY     267.6202    XYY      97.5750
       YYY     809.3118    XXZ   -3020.8890    XYZ     266.8324
       YYZ   -2758.3653    XZZ     199.1522    YZZ     510.5086
       ZZZ   -9758.1709
    Hexadecapole Moments (Debye-Ang^3)
      XXXX  -17780.4179   XXXY   -7045.0677   XXYY   -5211.6310
      XYYY   -6223.0243   YYYY  -22323.9738   XXXZ    4017.6796
      XXYZ    3213.6011   XYYZ    1007.0954   YYYZ    8363.2665
      XXZZ  -39010.1899   XYZZ    -157.1192   YYZZ  -36688.0008
      XZZZ    3778.7682   YZZZ   12261.9057   ZZZZ -220803.8741
 -----------------------------------------------------------------
 -----------------------------------------------------------------
               TDA Excited-State Multipoles, State  2
 -----------------------------------------------------------------
    Charge (ESU x 10^10)
                -0.0000
    Dipole Moment (Debye)
         X      -0.1651      Y       0.2869      Z      -0.7141
       Tot       0.7871
    Quadrupole Moments (Debye-Ang)
        XX    -399.6772     XY      40.6250     YY    -393.3297
        XZ       5.2801     YZ      14.9000     ZZ    -453.2148
    Octopole Moments (Debye-Ang^2)
       XXX     430.8115    XXY     261.4412    XYY      90.9749
       YYY     801.8410    XXZ   -2997.7066    XYZ     291.2723
       YYZ   -2729.0598    XZZ     202.1158    YZZ     513.0542
       ZZZ   -9742.0908
    Hexadecapole Moments (Debye-Ang^3)
      XXXX  -17637.8448   XXXY   -6900.9261   XXYY   -5053.4874
      XYYY   -6040.9483   YYYY  -22098.7440   XXXZ    4003.5705
      XXYZ    3199.0010   XYYZ     992.1914   YYYZ    8346.9188
      XXZZ  -38844.7231   XYZZ      11.4437   YYZZ  -36485.6169
      XZZZ    3824.4522   YZZZ   12307.1332   ZZZZ -220484.1514
 -----------------------------------------------------------------
 -----------------------------------------------------------------
               TDA Excited-State Multipoles, State  3
 -----------------------------------------------------------------
    Charge (ESU x 10^10)
                -0.0000
    Dipole Moment (Debye)
         X       0.0454      Y       0.4935      Z      -0.5087
       Tot       0.7101
    Quadrupole Moments (Debye-Ang)
        XX    -400.9310     XY      38.8279     YY    -395.0109
        XZ       6.2344     YZ      15.6411     ZZ    -448.9127
    Octopole Moments (Debye-Ang^2)
       XXX     436.4827    XXY     267.2776    XYY      97.3088
       YYY     808.2685    XXZ   -3001.6266    XYZ     284.6558
       YYZ   -2733.4733    XZZ     206.6935    YZZ     514.4635
       ZZZ   -9680.4344
    Hexadecapole Moments (Debye-Ang^3)
      XXXX  -17673.1762   XXXY   -6940.9332   XXYY   -5095.1334
      XYYY   -6089.8537   YYYY  -22153.0524   XXXZ    4030.1113
      XXYZ    3225.6304   XYYZ    1020.4505   YYYZ    8368.9443
      XXZZ  -38837.2096   XYZZ      -2.4492   YYZZ  -36465.3484
      XZZZ    3843.8805   YZZZ   12280.5889   ZZZZ -219605.6159
 -----------------------------------------------------------------
 -----------------------------------------------------------------
               TDA Excited-State Multipoles, State  4
 -----------------------------------------------------------------
    Charge (ESU x 10^10)
                -0.0000
    Dipole Moment (Debye)
         X       0.9576      Y       1.7365      Z     -24.4807
       Tot      24.5609
    Quadrupole Moments (Debye-Ang)
        XX    -422.9775     XY      -4.0150     YY    -444.4573
        XZ       6.2354     YZ      21.0474     ZZ    -628.0966
    Octopole Moments (Debye-Ang^2)
       XXX     470.7729    XXY     304.6229    XYY     141.7445
       YYY     869.9211    XXZ   -3312.2990    XYZ     -11.0167
       YYZ   -3109.2162    XZZ     180.9308    YZZ     545.5999
       ZZZ  -11706.0787
    Hexadecapole Moments (Debye-Ang^3)
      XXXX  -18471.0752   XXXY   -8005.2406   XXYY   -6250.0401
      XYYY   -7459.2794   YYYY  -23879.2768   XXXZ    4095.0576
      XXYZ    3325.5675   XYYZ    1152.0029   YYYZ    8673.9601
      XXZZ  -40962.1288   XYZZ   -2247.6279   YYZZ  -39578.8169
      XZZZ    3645.1856   YZZZ   12898.9044   ZZZZ -242744.3459
 -----------------------------------------------------------------
 -----------------------------------------------------------------
               TDA Excited-State Multipoles, State  5
 -----------------------------------------------------------------
    Charge (ESU x 10^10)
                -0.0000
    Dipole Moment (Debye)
         X       1.0131      Y       1.8106      Z     -25.3114
       Tot      25.3963
    Quadrupole Moments (Debye-Ang)
        XX    -423.4240     XY      -5.1575     YY    -445.8816
        XZ       6.4921     YZ      21.5631     ZZ    -633.9443
    Octopole Moments (Debye-Ang^2)
       XXX     472.3935    XXY     306.3415    XYY     143.7211
       YYY     872.6853    XXZ   -3321.2714    XYZ     -18.8139
       YYZ   -3120.0252    XZZ     182.8317    YZZ     550.2544
       ZZZ  -11777.9451
    Hexadecapole Moments (Debye-Ang^3)
      XXXX  -18491.3529   XXXY   -8034.9857   XXYY   -6282.9458
      XYYY   -7497.9590   YYYY  -23929.2433   XXXZ    4101.5792
      XXYZ    3333.2364   XYYZ    1161.1199   YYYZ    8691.3616
      XXZZ  -41017.8929   XYZZ   -2306.0942   YYZZ  -39670.3563
      XZZZ    3670.1353   YZZZ   12962.8645   ZZZZ -243640.1862
 -----------------------------------------------------------------
 -----------------------------------------------------------------
               TDA Excited-State Multipoles, State  6
 -----------------------------------------------------------------
    Charge (ESU x 10^10)
                -0.0000
    Dipole Moment (Debye)
         X      -0.0656      Y       0.3436      Z      -0.5760
       Tot       0.6739
    Quadrupole Moments (Debye-Ang)
        XX    -407.1556     XY      31.4457     YY    -402.9944
        XZ       3.8376     YZ      12.7757     ZZ    -449.5352
    Octopole Moments (Debye-Ang^2)
       XXX     440.5836    XXY     272.8605    XYY     104.4787
       YYY     815.8585    XXZ   -3051.0360    XYZ     227.1023
       YYZ   -2794.0966    XZZ     174.0322    YZZ     475.1245
       ZZZ   -9673.6754
    Hexadecapole Moments (Debye-Ang^3)
      XXXX  -17880.0056   XXXY   -7156.9424   XXYY   -5329.2228
      XYYY   -6363.4949   YYYY  -22484.9546   XXXZ    4024.5638
      XXYZ    3233.3271   XYYZ    1037.9304   YYYZ    8376.6276
      XXZZ  -39263.3241   XYZZ    -497.6915   YYZZ  -36959.8282
      XZZZ    3421.8388   YZZZ   11755.4974   ZZZZ -219059.3983
 -----------------------------------------------------------------
 -----------------------------------------------------------------
               TDA Excited-State Multipoles, State  7
 -----------------------------------------------------------------
    Charge (ESU x 10^10)
                -0.0000
    Dipole Moment (Debye)
         X      -0.1666      Y       0.2157      Z       0.3558
       Tot       0.4482
    Quadrupole Moments (Debye-Ang)
        XX    -401.0459     XY      40.5140     YY    -393.8221
        XZ       4.6327     YZ      13.2322     ZZ    -437.9446
    Octopole Moments (Debye-Ang^2)
       XXX     432.8713    XXY     262.9097    XYY      91.2622
       YYY     799.9735    XXZ   -3001.2535    XYZ     295.0872
       YYZ   -2721.5851    XZZ     189.8532    YZZ     485.1156
       ZZZ   -9496.0720
    Hexadecapole Moments (Debye-Ang^3)
      XXXX  -17709.9541   XXXY   -6962.0734   XXYY   -5122.9484
      XYYY   -6113.5209   YYYY  -22179.8826   XXXZ    4002.6499
      XXYZ    3191.5945   XYYZ     968.0059   YYYZ    8281.8212
      XXZZ  -38859.3296   XYZZ      76.1800   YYZZ  -36314.4343
      XZZZ    3604.4422   YZZZ   11831.8537   ZZZZ -216319.6731
 -----------------------------------------------------------------
 -----------------------------------------------------------------
               TDA Excited-State Multipoles, State  8
 -----------------------------------------------------------------
    Charge (ESU x 10^10)
                -0.0000
    Dipole Moment (Debye)
         X      -1.8945      Y      -4.7307      Z      27.3674
       Tot      27.8378
    Quadrupole Moments (Debye-Ang)
        XX    -440.6012     XY      -0.8330     YY    -417.1796
        XZ     -39.4638     YZ     -81.8421     ZZ     156.9051
    Octopole Moments (Debye-Ang^2)
       XXX     466.4751    XXY     301.9207    XYY     117.5913
       YYY     717.0519    XXZ   -3237.1290    XYZ      44.0021
       YYZ   -2613.5535    XZZ    -574.0502    YZZ   -1050.3943
       ZZZ    1419.7691
    Hexadecapole Moments (Debye-Ang^3)
      XXXX  -18836.4938   XXXY   -8113.9959   XXYY   -6339.2938
      XYYY   -7419.0044   YYYY  -23127.0299   XXXZ    3978.4595
      XXYZ    3175.1414   XYYZ     639.5693   YYYZ    6121.7329
      XXZZ  -40136.6707   XYZZ   -1102.0696   YYZZ  -31367.5259
      XZZZ   -8805.4897   YZZZ  -12230.9418   ZZZZ  -27488.1748
 -----------------------------------------------------------------
 -----------------------------------------------------------------
               TDA Excited-State Multipoles, State  9
 -----------------------------------------------------------------
    Charge (ESU x 10^10)
                -0.0000
    Dipole Moment (Debye)
         X      -1.8847      Y      -4.7144      Z      27.3869
       Tot      27.8535
    Quadrupole Moments (Debye-Ang)
        XX    -440.2202     XY      -0.1549     YY    -416.4490
        XZ     -39.3166     YZ     -81.6771     ZZ     156.7542
    Octopole Moments (Debye-Ang^2)
       XXX     466.2935    XXY     301.4848    XYY     116.8399
       YYY     716.0154    XXZ   -3233.8933    XYZ      49.4006
       YYZ   -2607.4292    XZZ    -572.9012    YZZ   -1049.7986
       ZZZ    1426.2216
    Hexadecapole Moments (Debye-Ang^3)
      XXXX  -18825.4874   XXXY   -8100.0674   XXYY   -6324.6887
      XYYY   -7400.5934   YYYY  -23103.2611   XXXZ    3978.8147
      XXYZ    3172.7609   XYYZ     633.7953   YYYZ    6111.2672
      XXZZ  -40113.6387   XYZZ   -1054.6511   YYZZ  -31307.3527
      XZZZ   -8805.2601   YZZZ  -12250.1752   ZZZZ  -27219.6160
 -----------------------------------------------------------------
 -----------------------------------------------------------------
               TDA Excited-State Multipoles, State 10
 -----------------------------------------------------------------
    Charge (ESU x 10^10)
                -0.0000
    Dipole Moment (Debye)
         X      -0.5580      Y      -0.1096      Z      -0.6307
       Tot       0.8492
    Quadrupole Moments (Debye-Ang)
        XX    -393.2106     XY      49.3389     YY    -384.5433
        XZ       4.1892     YZ      14.3127     ZZ    -457.9024
    Octopole Moments (Debye-Ang^2)
       XXX     415.4121    XXY     243.7186    XYY      70.2147
       YYY     779.4938    XXZ   -2950.5443    XYZ     351.3020
       YYZ   -2671.0606    XZZ     208.3579    YZZ     529.0878
       ZZZ   -9844.2293
    Hexadecapole Moments (Debye-Ang^3)
      XXXX  -17445.7167   XXXY   -6682.7758   XXYY   -4816.8201
      XYYY   -5762.5801   YYYY  -21777.8642   XXXZ    3927.1106
      XXYZ    3105.8528   XYYZ     879.8634   YYYZ    8242.2261
      XXZZ  -38500.8263   XYZZ     468.9500   YYZZ  -36091.6815
      XZZZ    4026.5258   YZZZ   12666.4933   ZZZZ -222433.6265
 -----------------------------------------------------------------
 -----------------------------------------------------------------
               TDA Excited-State Multipoles, State 11
 -----------------------------------------------------------------
    Charge (ESU x 10^10)
                -0.0000
    Dipole Moment (Debye)
         X      -2.4987      Y      -6.2400      Z      35.1018
       Tot      35.7396
    Quadrupole Moments (Debye-Ang)
        XX    -448.1529     XY      -4.3253     YY    -411.1324
        XZ     -52.9603     YZ    -110.9177     ZZ     340.6315
    Octopole Moments (Debye-Ang^2)
       XXX     473.2074    XXY     306.1222    XYY     107.3999
       YYY     650.9397    XXZ   -3278.6610    XYZ      46.4642
       YYZ   -2440.1580    XZZ    -813.4456    YZZ   -1539.8462
       ZZZ    5028.0543
    Hexadecapole Moments (Debye-Ang^3)
      XXXX  -19054.4062   XXXY   -8305.7069   XXYY   -6542.9124
      XYYY   -7580.2339   YYYY  -22971.7873   XXXZ    3974.5945
      XXYZ    3127.9253   XYYZ     372.9430   YYYZ    4982.2557
      XXZZ  -40303.3921   XYZZ    -698.1933   YYZZ  -28149.3187
      XZZZ  -12825.7249   YZZZ  -20168.2430   ZZZZ   37874.4958
 -----------------------------------------------------------------
 -----------------------------------------------------------------
               TDA Excited-State Multipoles, State 12
 -----------------------------------------------------------------
    Charge (ESU x 10^10)
                -0.0000
    Dipole Moment (Debye)
         X       1.3011      Y       2.0843      Z     -35.9786
       Tot      36.0624
    Quadrupole Moments (Debye-Ang)
        XX    -419.4864     XY     -13.3503     YY    -459.8324
        XZ       7.1803     YZ      23.7505     ZZ    -679.6562
    Octopole Moments (Debye-Ang^2)
       XXX     483.9536    XXY     317.3892    XYY     157.8130
       YYY     892.2321    XXZ   -3422.2811    XYZ     -86.7550
       YYZ   -3225.0666    XZZ     183.1363    YZZ     567.7548
       ZZZ  -12330.0533
    Hexadecapole Moments (Debye-Ang^3)
      XXXX  -18536.2297   XXXY   -8304.0218   XXYY   -6601.5010
      XYYY   -7859.6390   YYYY  -24411.0646   XXXZ    4132.6355
      XXYZ    3371.1632   XYYZ    1210.3047   YYYZ    8797.4481
      XXZZ  -41561.4333   XYZZ   -2846.8972   YYZZ  -40508.8410
      XZZZ    3718.6579   YZZZ   13282.9058   ZZZZ -250280.8695
 -----------------------------------------------------------------
Archival summary:
1\1\ctcp009\SP\ProcedureUnspecified\BasisUnspecified\272248\mewes\TueOct1622:46:212018TueOct1622:46:212018\0\\#,ProcedureUnspecified,BasisUnspecified,\\0,1\N\C,1,1.38037\C,1,1.38875,2,125.83\C,3,1.38791,1,128.658,2,-6.88599,0\H,4,1.08055,3,122.064,1,0.060716,0\C,4,1.38462,3,117.13,1,-178.801,0\H,6,1.08063,4,119.177,3,-179.365,0\C,1,1.39047,2,125.443,3,176.923,0\C,8,1.39053,1,128.749,2,-3.64272,0\H,9,1.08053,8,122.147,1,1.94579,0\C,9,1.38483,8,117.387,1,-176.381,0\H,11,1.08096,9,119.171,8,-179.654,0\C,11,1.39196,9,121.101,8,1.50903,0\H,13,1.08106,11,119.441,9,179.402,0\C,13,1.39095,11,120.967,9,0.902044,0\H,15,1.08162,13,120.182,11,177.407,0\C,15,1.38156,13,118.838,11,-1.50091,0\C,6,1.39254,4,121.183,3,1.39179,0\H,18,1.08088,6,119.396,4,179.899,0\C,18,1.39108,6,121.097,4,1.06728,0\H,20,1.08166,18,120.513,6,178.051,0\C,20,1.38001,18,118.571,6,-1.51092,0\C,2,1.40273,1,119.822,3,138.777,0\H,23,1.08268,2,119.795,1,-5.53515,0\C,23,1.37586,2,119.989,1,178.094,0\C,2,1.40363,1,119.719,3,-42.611,0\H,26,1.08237,2,119.675,1,-2.72821,0\C,26,1.37565,2,120.024,1,-176.675,0\C,25,1.41795,23,120.141,2,-1.55239,0\C,25,1.49637,23,120.759,2,179.116,0\H,30,1.08928,25,112.078,23,-2.80083,0\H,30,1.09004,25,110.973,23,-124.364,0\H,30,1.09148,25,110.23,23,118.029,0\C,28,1.49638,26,120.664,2,176.038,0\H,34,1.08933,28,112.016,26,5.64943,0\H,34,1.09033,28,110.693,26,127.006,0\H,34,1.09096,28,110.517,26,-115.31,0\B,29,1.58108,25,120.809,23,-174.438,0\C,38,1.52558,29,120.943,25,-91.1029,0\C,39,1.41177,38,121.936,29,2.76694,0\H,40,1.08598,39,119.627,38,0.136622,0\C,40,1.37459,39,120.808,38,-179.853,0\C,42,1.42499,40,119.684,39,0.441561,0\C,43,1.37448,42,120.397,40,-0.605288,0\H,44,1.08567,43,120.164,42,-179.781,0\C,44,1.40384,43,120.82,42,0.297912,0\C,43,1.45417,42,108.311,40,179.342,0\C,47,1.37188,43,134.901,42,-179.53,0\H,48,1.0831,47,121.785,43,-0.067335,0\C,47,1.40905,43,106.37,42,0.302497,0\C,50,1.39043,47,124.099,43,179.909,0\C,50,1.41026,47,111.277,43,-0.05282,0\C,52,1.37156,50,118.156,47,179.723,0\H,53,1.08304,52,121.723,50,-179.836,0\C,48,1.41235,47,118.35,43,179.873,0\H,55,1.08259,48,118.462,47,-179.909,0\C,55,1.37619,48,122.589,47,0.093174,0\H,57,1.08292,55,119.829,48,179.938,0\C,53,1.41338,52,118.577,50,0.079372,0\H,59,1.08251,53,118.469,52,-179.915,0\C,59,1.37615,53,122.662,52,0.106632,0\H,61,1.08299,59,119.893,53,179.933,0\C,38,1.528,29,117.635,25,90.1399,0\C,63,1.4114,38,121.74,29,-2.78676,0\H,64,1.0855,63,120.121,38,-0.388252,0\C,64,1.37211,63,120.805,38,179.656,0\C,66,1.42555,64,120.016,63,-0.364052,0\C,67,1.37384,66,120.066,64,0.290406,0\H,68,1.08549,67,119.889,66,-179.874,0\C,68,1.40588,67,120.841,66,0.124554,0\C,67,1.45976,66,108.147,64,-179.59,0\C,71,1.37373,67,135.492,66,179.708,0\H,72,1.08296,71,121.843,67,0.264698,0\C,71,1.40924,67,106.196,66,-0.116309,0\C,74,1.39304,71,124.141,67,179.845,0\C,74,1.40909,71,111.52,67,0.057261,0\C,76,1.3727,74,118.145,71,179.901,0\H,77,1.08274,76,121.789,74,-179.81,0\C,77,1.41308,76,118.783,74,-0.005848,0\H,79,1.08266,77,118.605,76,-179.944,0\C,79,1.37554,77,122.552,76,-0.063298,0\H,81,1.08339,79,120.04,77,-179.896,0\C,72,1.4133,71,118.702,67,-179.758,0\H,83,1.08277,72,118.437,71,179.956,0\C,83,1.37539,72,122.587,71,-0.057587,0\H,85,1.08331,83,119.974,72,179.977,0\B,70,1.53413,68,120.34,67,179.745,0\C,87,1.58198,70,119.563,68,1.63714,0\C,88,1.40152,87,120.768,70,-83.8079,0\C,89,1.38978,88,120.299,87,177.786,0\H,90,1.08439,89,120.299,88,-178.081,0\C,90,1.38568,89,120.293,88,1.02165,0\C,92,1.38536,90,119.96,89,-0.527622,0\H,93,1.08402,92,119.244,90,179.474,0\C,93,1.38999,92,120.329,90,-0.612977,0\N,92,1.41276,90,120.034,89,-179.168,0\C,96,1.37913,92,125.003,90,115.282,0\C,96,1.37937,92,126.1,90,-58.3767,0\C,98,1.38987,96,129.654,92,-4.3507,0\H,99,1.08158,98,121.359,96,-0.364149,0\C,99,1.38344,98,117.61,96,179.227,0\H,101,1.08225,99,119.038,98,-179.726,0\C,97,1.3908,96,129.592,92,1.89333,0\H,103,1.08165,97,121.428,96,1.75281,0\C,103,1.38343,97,117.686,96,-177.596,0\H,105,1.08233,103,119.036,97,179.804,0\C,105,1.39789,103,121.669,97,0.207696,0\H,107,1.08195,105,119.629,103,179.845,0\C,107,1.38162,105,120.369,103,0.242389,0\H,109,1.08324,107,120.454,105,179.147,0\C,109,1.39153,107,119.028,105,-0.219913,0\C,101,1.39798,99,121.694,98,0.133675,0\H,112,1.08192,101,119.592,99,-179.738,0\C,112,1.38152,101,120.407,99,0.166355,0\H,114,1.08321,112,120.559,101,-179.875,0\C,114,1.39061,112,118.948,101,-0.181776,0\C,95,1.50218,93,119.569,92,-178.442,0\H,117,1.09009,95,111.61,93,-1.05333,0\H,117,1.09102,95,111.419,93,-121.726,0\H,117,1.09191,95,111.098,93,119.241,0\C,89,1.50289,88,120.137,87,-0.415121,0\H,121,1.09005,89,111.68,88,-173.298,0\H,121,1.09112,89,111.416,88,-52.5521,0\H,121,1.09189,89,111.086,88,66.4276,0\\\@

 Total job time:  15146.92s(wall), 56629.63s(cpu) 
 Tue Oct 16 22:46:21 2018

        *************************************************************
        *                                                           *
        *  Thank you very much for using Q-Chem.  Have a nice day.  *
        *                                                           *
        *************************************************************


0 sent ACK to 0 
now end server 0 ... 
