mFile = /cm/shared/apps/q-chem/intel/QCHEM_5.0.1_Trunk/bin/mpi/machines
Process 0 of 1 is on ctcp010 - thread support 0
initial socket setup ...start
initial socket setup ...done 
now start server 0 ... 
ctcp010.cm.cluster 10.141.0
Q-Chem Developer Version! Running on 10.141.0.*
                  Welcome to Q-Chem
     A Quantum Leap Into The Future Of Chemistry


 Q-Chem 5.0, Q-Chem, Inc., Pleasanton, CA (2017)

 Yihan Shao,  Zhengting Gan,  E. Epifanovsky,  A. T. B. Gilbert,  M. Wormit,  
 J. Kussmann,  A. W. Lange,  A. Behn,  Jia Deng,  Xintian Feng,  D. Ghosh,  
 M. Goldey,  P. R. Horn,  L. D. Jacobson,  I. Kaliman,  T. Kus,  A. Landau,  
 Jie Liu,  E. I. Proynov,  R. M. Richard,  R. P. Steele,  E. J. Sundstrom,  
 H. L. Woodcock III,  P. M. Zimmerman,  D. Zuev,  B. Albrecht,  E. Alguire,  
 S. A. Baeppler,  Z. Benda,  Y. A. Bernard,  E. J. Berquist,  K. B. Bravaya,  
 D. Casanova,  Chun-Min Chang,  Yunqing Chen,  A. Chien,  K. D. Closser,  
 M. P. Coons,  S. Dasgupta,  M. Diedenhofen,  Hainam Do,  R. G. Edgar,  
 Po-Tung Fang,  S. Fatehi,  Qingguo Feng,  Qinghui Ge,  A. Ghysels,  
 J. Gomes,  J. Gonthier,  A. Gunina,  M. W. D. Hanson-Heine,  
 P. H. P. Harbach,  A. W. Hauser,  J. E. Herr,  E. G. Hohenstein,  
 Z. C. Holden,  Kerwin Hui,  T.-C. Jagau,  Hyunjun Ji,  B. Kaduk,  
 K. Khistyaev,  Jaehoon Kim,  P. Klunzinger,  K. Koh,  D. Kosenkov,  
 T. Kowalczyk,  C. M. Krauter,  A. Kunitsa,  Ka Un Lao,  A. Laurent,  
 K. V. Lawler,  Joonho Lee,  D. Lefrancois,  S. Lehtola,  D. S. Levine,  
 Yi-Pei Li,  You-Sheng Lin,  Fenglai Liu,  E. Livshits,  A. Luenser,  
 P. Manohar,  E. Mansoor,  S. F. Manzer,  Shan-Ping Mao,  Yuezhi Mao,  
 N. Mardirossian,  A. V. Marenich,  L. A. Martinez-Martinez,  S. A. Maurer,  
 N. J. Mayhall,  S. C. McKenzie,  J.-M. Mewes,  A. F. Morrison,  K. Nanda,  
 T. S. Nguyen-Beck,  R. Olivares-Amaya,  J. A. Parkhill,  T. M. Perrine,  
 F. Plasser,  S. Prager,  A. Prociuk,  D. R. Rehn,  F. Rob,  M. Schneider,  
 N. Sergueev,  S. M. Sharada,  S. Sharma,  D. W. Small,  T. Stauch,  
 T. Stein,  Yu-Chuan Su,  A. J. W. Thom,  T. Tsuchimochi,  L. Vogt,  
 O. Vydrov,  M. A. Watson,  J. Wenzel,  M. de Wergifosse,  T. A. Wesolowski,  
 A. White,  J. Witte,  A. Yamada,  Jun Yang,  K. Yao,  S. Yeganeh,  
 S. R. Yost,  Zhi-Qiang You,  A. Zech,  Igor Ying Zhang,  Xing Zhang,  
 Yan Zhao,  Ying Zhu,  B. R. Brooks,  G. K. L. Chan,  C. J. Cramer,  
 M. S. Gordon,  W. J. Hehre,  A. Klamt,  M. W. Schmidt,  C. D. Sherrill,  
 D. G. Truhlar,  A. Aspuru-Guzik,  R. Baer,  A. T. Bell,  N. A. Besley,  
 Jeng-Da Chai,  A. Dreuw,  B. D. Dunietz,  T. R. Furlani,  Chao-Ping Hsu,  
 Yousung Jung,  Jing Kong,  D. S. Lambrecht,  WanZhen Liang,  C. Ochsenfeld,  
 V. A. Rassolov,  L. V. Slipchenko,  J. E. Subotnik,  T. Van Voorhis,  
 J. M. Herbert,  A. I. Krylov,  P. M. W. Gill,  M. Head-Gordon

 Contributors to earlier versions of Q-Chem not listed above: 
 R. D. Adamson,  B. Austin,  J. Baker,  G. J. O. Beran,  K. Brandhorst,  
 S. T. Brown,  E. F. C. Byrd,  A. K. Chakraborty,  C.-L. Cheng,  
 Siu Hung Chien,  D. M. Chipman,  D. L. Crittenden,  H. Dachsel,  
 R. A. DiStasio Jr.,  R. J. Doerksen,  A. D. Dutoi,  L. Fusti-Molnar,  
 W. A. Goddard III,  A. Golubeva-Zadorozhnaya,  S. R. Gwaltney,  G. Hawkins,  
 A. Heyden,  S. Hirata,  G. Kedziora,  F. J. Keil,  C. Kelley,  Jihan Kim,  
 R. A. King,  R. Z. Khaliullin,  P. P. Korambath,  W. Kurlancheek,  
 A. M. Lee,  M. S. Lee,  S. V. Levchenko,  Ching Yeh Lin,  D. Liotard,  
 R. C. Lochan,  I. Lotan,  P. E. Maslen,  N. Nair,  D. P. O'Neill,  
 D. Neuhauser,  E. Neuscamman,  C. M. Oana,  R. Olson,  B. Peters,  
 R. Peverati,  P. A. Pieniazek,  Y. M. Rhee,  J. Ritchie,  M. A. Rohrdanz,  
 E. Rosta,  N. J. Russ,  H. F. Schaefer III,  N. E. Schultz,  N. Shenvi,  
 A. C. Simmonett,  A. Sodt,  D. Stuck,  K. S. Thanthiriwatte,  V. Vanovschi,  
 Tao Wang,  A. Warshel,  C. F. Williams,  Q. Wu,  X. Xu,  W. Zhang

 Please cite Q-Chem as follows:
 Y. Shao et al., Mol. Phys. 113, 184-215 (2015)
 DOI: 10.1080/00268976.2014.952696

 Q-Chem 5.0.1 for Intel X86 EM64T Linux

 Parts of Q-Chem use Armadillo 5.200.1 (Boston Tea Smuggler).
 http://arma.sourceforge.net/

 Q-Chem begins on Thu Oct 18 09:46:52 2018  

Host: ctcp010
0

     Scratch files written to /scratch/mewes/137639/qchem78314//
 Parallel job on  1  processors
The previous job contains 0 fragments, simply inherited here
Symmetry turned off for PCM/SM12/SMD calculation

Checking the input file for inconsistencies... 	...done.

--------------------------------------------------------------
User input:
--------------------------------------------------------------
$solvent
dielectric      8.93 
dielectric_infi 2.03 
$end

$rem
threads 8
jobtype	sp
method PBEh-3c
basis def2-mSVP
mem_static	1024
mem_total	14000
sym_ignore	true
cis_n_roots             2
cis_singlets            false
cis_triplets		true 
rpa                     false
calc_soc 		true
cis_moments             true
cis_relaxed_density	true
solvent_method		pcm
$end

$pcm
StateSpecific   1
ChargeSeparation Excited
$end


$molecule
read t1opt.mol
$end


--------------------------------------------------------------
 Adding empirical dispersion correction 
 ----------------------------------------------------------------
 Doing -D3(BJ) with
 s6 =   1.00000
 s8 =   0.00000
 a1 =   0.48600
 a2 =   4.50000
 -D3 energy including 3body term =     -0.0824807959 hartrees
 ----------------------------------------------------------------
 Adding gCP correction 
 ----------------------------------------------------------------
 gCP energy =      0.1091959902 hartrees
 ----------------------------------------------------------------
             Standard Nuclear Orientation (Angstroms)
    I     Atom           X                Y                Z
 ----------------------------------------------------------------
    1      C       0.0000000000     0.0000000000     0.0000000000
    2      C       0.0000000000     0.0000000000     1.3988720000
    3      H       0.9448561229     0.0000000000     1.9315289027
    4      C      -1.1863498739    -0.0405783022     2.0879564297
    5      C      -1.4547527786    -0.1226899322     3.5055817794
    6      C      -0.6757023209    -0.1525614092     4.6388409563
    7      H       0.4036854380    -0.0843646429     4.5913535501
    8      C      -1.3150435106    -0.2841644343     5.8877104935
    9      H      -0.7058158779    -0.3075240141     6.7819043927
   10      C      -2.6831092951    -0.3918214811     6.0099752794
   11      H      -3.1282606283    -0.5000247731     6.9914144190
   12      C      -2.8548316420    -0.2246693055     3.6378766922
   13      C      -3.5069304616    -0.3691041915     4.8591157874
   14      C      -3.5013198385    -0.1987915100     2.3824601561
   15      C      -4.8694459126    -0.3231901992     2.3570485111
   16      H      -5.4245372766    -0.3204149902     1.4280408782
   17      C      -5.5574373376    -0.4681433420     3.5813179363
   18      H      -6.6344519811    -0.5694208678     3.5575990591
   19      C      -4.9148600867    -0.4914724399     4.7989801481
   20      H      -5.4874471804    -0.6101486609     5.7105334821
   21      C      -2.4523088015    -0.0754173073     1.3824548818
   22      C      -2.4689911387    -0.0303035481     0.0081593470
   23      H      -3.4081413274    -0.0456732966    -0.5334967102
   24      C      -1.2635856471     0.0061264972    -0.7155091596
   25      B       1.3352262812    -0.0887559931    -0.7494116339
   26      C       1.3124724207    -0.1659870551    -2.2805842942
   27      C       2.5096081768    -0.3443516172    -2.9794460152
   28      H       3.4422486204    -0.4008711878    -2.4283421561
   29      C       2.4983912269    -0.4762685594    -4.3475620897
   30      C       3.5615709382    -0.7418334465    -5.2839095792
   31      C       4.9179333437    -0.9521688508    -5.1754719528
   32      H       5.4265874010    -0.9158466009    -4.2203918295
   33      C       5.6440351004    -1.2302762926    -6.3496149672
   34      H       6.7103474415    -1.3984771849    -6.2716039655
   35      C       5.0473770933    -1.3019332902    -7.5907215446
   36      H       5.6500501949    -1.5243701093    -8.4625292704
   37      C       2.9566678706    -0.8169138837    -6.5583037233
   38      C       3.6524599260    -1.0951771284    -7.7298960350
   39      C       1.5600702340    -0.6126057278    -6.4873883108
   40      C       0.8305419352    -0.6834962312    -7.6499578512
   41      H      -0.2426000965    -0.5440831050    -7.6573425839
   42      C       1.5129154715    -0.9523329149    -8.8546295536
   43      H       0.9396038175    -1.0079839464    -9.7705701642
   44      C       2.8746761036    -1.1542436622    -8.9110311300
   45      H       3.3487518326    -1.3650423537    -9.8615398712
   46      C       1.2477357108    -0.4022129489    -5.0875134054
   47      C       0.0636742594    -0.2149957647    -4.4130901927
   48      H      -0.8762233579    -0.1742706065    -4.9517704186
   49      C       0.0528297966    -0.1091102842    -3.0122531471
   50      B      -1.2808273351    -0.0037985619    -2.2526394242
   51      C      -2.6450873987     0.0447014383    -3.0328266837
   52      C      -3.2245146242     1.2724613240    -3.3645466208
   53      C      -4.4281663779     1.3065910559    -4.0614810908
   54      H      -4.8656259445     2.2663435671    -4.3160838339
   55      C      -5.0790723232     0.1405510344    -4.4391528772
   56      C      -4.4996721656    -1.0757996927    -4.0958785800
   57      H      -4.9975960236    -1.9986722191    -4.3771660160
   58      C      -3.2986317885    -1.1386100350    -3.4019643970
   59      C      -6.3696258827     0.1789501235    -5.2049030230
   60      H      -6.7338529648     1.1984293200    -5.3272624481
   61      H      -7.1510549326    -0.3924235617    -4.7015643976
   62      H      -6.2524894485    -0.2483212479    -6.2026235934
   63      C      -2.5430051471     2.5510821990    -2.9629211546
   64      H      -3.0847925642     3.4278818047    -3.3171609682
   65      H      -1.5285324275     2.6070961176    -3.3636236753
   66      H      -2.4584304867     2.6337200762    -1.8769848976
   67      C      -2.6979656261    -2.4707794239    -3.0458159859
   68      H      -3.3491363714    -3.2964288103    -3.3327587529
   69      H      -2.5144759210    -2.5536627779    -1.9723618697
   70      H      -1.7364283776    -2.6241270721    -3.5411610137
   71      C       2.6906042461    -0.1752135860     0.0501106592
   72      C       3.1991585604    -1.4196443113     0.4390268069
   73      C       4.3923730107    -1.4914589273     1.1508731944
   74      H       4.7751458718    -2.4641540613     1.4427881653
   75      C       5.1032439214    -0.3512663390     1.4957001571
   76      C       4.5904649206     0.8810903509     1.1073067154
   77      H       5.1316504045     1.7860214758     1.3652962022
   78      C       3.4026393929     0.9811832005     0.3946858573
   79      C       6.3828061382    -0.4390165661     2.2763714109
   80      H       6.7209912601    -1.4699438768     2.3768709865
   81      H       7.1843697165     0.1258572359     1.7983863876
   82      H       6.2630516141    -0.0357210240     3.2838616669
   83      C       2.8699322806     2.3290088319    -0.0027609674
   84      H       3.5516356771     3.1323102905     0.2762623244
   85      H       2.7075720202     2.3917448431    -1.0807439087
   86      H       1.9083998936     2.5315106665     0.4744513713
   87      C       2.4573696831    -2.6821461626     0.0958415365
   88      H       2.9864228459    -3.5680257936     0.4472619848
   89      H       2.3193126559    -2.7889956899    -0.9820376967
   90      H       1.4621693042    -2.6951702379     0.5455327964
 ----------------------------------------------------------------
 Nuclear Repulsion Energy =  6087.4882419739 hartrees
 There are      174 alpha and      174 beta electrons
 Requested basis set is def2-mSVP
 There are 440 shells and 856 basis functions

 Total QAlloc Memory Limit  14000 MB
 Mega-Array Size      1001 MB
 MEM_STATIC part      1024 MB
 Discretize the solute cavity surface with Lebedev spheres
	Using 302 Lebedev grid points for each H atom
	Using 302 Lebedev grid points for other atoms
	Atomic van der Waals radii will be scaled by 1.20
 Remove points where switching function is < 1.0e-08
 Keep 9672 surface tesserae and discard 17508 interior tesserae
 Molecular Surface Area = 712.283 Angst**2
 A cutoff of  1.0D-11 yielded  36441 shell pairs
 There are    144849 function pairs (    159797 Cartesian)
 
 -------------------------------------------------------
 OpenMP Integral Computing Module                       
 Release: version 1.0, May 2013, Q-Chem Inc. Pittsburgh 
 -------------------------------------------------------
 Integral Job Info:
 Integral job number is                      11
 Integral operator is                         1
 short-range coefficients                     0
 long-range coefficients              100000000
 Omega coefficients                           0
 if combine SR and LR in K                    0
 Integral screening is                        0
 Integral computing path is                   2
 max size of driver memory is            800000
 size of driver memory is                593474
 size of scratch memory is              1809772
 max col of scratch BK array               1296
 max len of scratch array in speh3          155
 max len of scratch index in speh4           18
 max int batch size is                      520
 min int batch size is                       52
 fixed nKL is                                52
 max L of basis functions is                  2
 order of int derivative is                   0
 number of shells is                        440
 number of basis is                         908
 number of cartesian basis is               908
 number of contracted shell pairs         36441
 number of primitive shell pairs          76699
 maxK2 (contraction) of shell pair           25
 max number of K2 of shell pair               1
 max number of CS2 of shell pair           8711
 max number of PS2 of shell pair          13600
 mem total for path MDJ                  381048
 -------------------------------------------------------
 Smallest overlap matrix eigenvalue = 2.04E-04

 Scale SEOQF with 1.000000e-02/1.000000e-01/1.000000e-02

 Standard Electronic Orientation quadrupole field applied
 Nucleus-field energy     =    -0.0000000238 hartrees
 Guess from superposition of atomic densities
 Warning:  Energy on first SCF cycle will be non-variational
 A restricted hybrid HF-DFT SCF calculation will be
 performed using Pulay DIIS extrapolation
 Polarizable Continuum solvation model will be applied
 Exchange:     0.4200 Hartree-Fock + 0.5800 PBEh-3c
 Correlation:  1.0000 PBEh-3c
 Using SG-1 standard quadrature grid
 Dispersion:   Grimme D3
 SCF converges when DIIS error is below 1.0E-08
 using 8 threads for integral computing
 -------------------------------------------------------
 OpenMP Integral computing Module                
 Release: version 1.0, May 2013, Q-Chem Inc. Pittsburgh 
 -------------------------------------------------------
 ---------------------------------------
  Cycle       Energy         DIIS Error
 ---------------------------------------
    1   -1991.3224208719      2.87E-02
    2   -1973.3255901765      1.91E-03
    3   -1973.5604686212      1.27E-03
    4   -1973.7089565619      3.35E-04
    5   -1973.7169112051      1.92E-04
    6   -1973.7206575472      3.15E-05
    7   -1973.7207466609      9.41E-06
    8   -1973.7207552048      2.76E-06
    9   -1973.7207561109      7.43E-07
   10   -1973.7207562138      3.76E-07
   11   -1973.7207562489      1.04E-07
   12   -1973.7207562486      6.14E-08
   13   -1973.7207562395      1.24E-08
   14   -1973.7207562310      7.44E-09 Convergence criterion met
 ---------------------------------------

************** Final PCM Free Energy Summary **************
 G_electrostatic  =      -0.02768814 hartree =     -17.37457253 kcal/mol
 G_cavitation     =       0.00000000 hartree =       0.00000000 kcal/mol
 G_dispersion     =       0.00000000 hartree =       0.00000000 kcal/mol
 G_repulsion      =       0.00000000 hartree =       0.00000000 kcal/mol
 --------------------------------------------------
 Non-electrostatic Free Energy =       0.00000000 hartree =       0.00000000 kcal/mol
 Total                         =      -0.02768814 hartree =     -17.37457253 kcal/mol
 --------------------------------------------------
 SCF Energy (H0 + V/2)                       =   -1973.72075623 
 Solute Internal Energy (H0)                 =   -1973.69306809 
 Total Free Energy (H0 + V/2 + non-elec)     =   -1973.72075623 hartree
                                             = -1238528.46764424 kcal/mol
***********************************************************

 SCF time:  CPU 3650.08 s  wall 1378.95 s
 SCF   energy in the final basis set = -1973.72075623
 Total energy in the final basis set = -1973.72075623
 
 Direct TDDFT/TDA calculation will be performed
 Exchange:     0.4200 Hartree-Fock + 0.5800 PBEh-3c
 Correlation:  1.0000 PBEh-3c
 Using SG-1 standard quadrature grid
 Dispersion:   Grimme D3
 Triplet excitation energies requested
 Adding PCM contribution to the XC response
 CIS energy converged when residual is below 10e- 6
 ---------------------------------------------------
 Iter    Rts Conv    Rts Left    Ttl Dev     Max Dev
 ---------------------------------------------------
   1         0           2      0.000159    0.000087
   2         0           2      0.000064    0.000035
   3         0           2      0.000028    0.000019
   4         0           2      0.000010    0.000007
   5         1           1      0.000002    0.000002
   6         1           1      0.000002    0.000001
   7         1           1      0.000003    0.000002
   8         1           1      0.000004    0.000003
   9         2           0      0.000001    0.000001    Roots Converged
 ---------------------------------------------------
 
 ---------------------------------------------------
         TDDFT/TDA Excitation Energies              
 ---------------------------------------------------

 Excited state   1: excitation energy (eV) =    2.0348
 Total energy for state  1:                 -1973.64597998 au
    Multiplicity: Triplet
    Trans. Mom.:  0.0000 X   0.0000 Y   0.0000 Z
    Strength   :     0.0000000000
    D(167) --> V(  2) amplitude = -0.2545
    D(174) --> V(  1) amplitude =  0.9216

 Excited state   2: excitation energy (eV) =    2.3742
 Total energy for state  2:                 -1973.63350494 au
    Multiplicity: Triplet
    Trans. Mom.:  0.0000 X   0.0000 Y   0.0000 Z
    Strength   :     0.0000000000
    D(172) --> V(  2) amplitude =  0.4376
    D(173) --> V(  1) amplitude =  0.8019
 
 ---------------------------------------------------
 Calculating Relaxed Density
 ---------------------------------------------------
 Iter    Rts Conv    Rts Left    Ttl Dev     Max Dev
 ---------------------------------------------------
   1         0           2      0.000112    0.000059
   2         0           2      0.000049    0.000026
   3         0           2      0.000012    0.000007
   4         0           2      0.000004    0.000003
   5         1           1      0.000001    0.000001
   6         2           0      0.000000    0.000000    Roots Converged
 ---------------------------------------------------
  SETman timing summary (seconds)
  CPU time              6318.41s
  System time              0.01s
  Wall time             1239.01s



*********SPIN-ORBIT COUPLING JOB BEGINS HERE*********


=======================================================================================
    SPIN-ORBIT COUPLING BETWEEN THE SINGLET GROUND STATE AND EXCITED TRIPLET STATE
=======================================================================================

SOC between the singlet ground state and excited triplet states (ms=0):
T1(ms=0)      0.000000  +  -0.055135i    cm-1
T2(ms=0)      0.000000  +  -0.086733i    cm-1
SOC between the singlet ground state and excited triplet states (ms=1):
T1(ms=1)      -0.058298  + (-0.124797i)    cm-1
T2(ms=1)      0.077395  + (0.015961i)    cm-1
SOC between the singlet ground state and excited triplet states (ms=-1):
T1(ms=-1)     -0.058298  - (-0.124797i)    cm-1
T2(ms=-1)     0.077395  - (0.015961i)    cm-1
Total SOC between the singlet ground state and excited triplet states:
T1      0.202449    cm-1
T2      0.141464    cm-1




=======================================================================================
                     SPIN-ORBIT COUPLING BETWEEN EXCITED TRIPLET STATES
=======================================================================================

SOC between the T1 (ms=0) state and excited triplet states (ms=1):
T2(ms=1)      0.068162  + (0.065329i)    cm-1
SOC between the T1 (ms=0) state and excited triplet states (ms=-1):
T2(ms=-1)     -0.068162  + (0.065329i)    cm-1
SOC between the T1 (ms=1) state and excited triplet states (ms=0):
T2(ms=0)      -0.068162  + (0.065329i)    cm-1
SOC between the T1 (ms=1) state and excited triplet states (ms=1):
T2(ms=1)      0.000000  + (-0.083639i)    cm-1
SOC between the T1 (ms=-1) state and excited triplet states (ms=0):
T2(ms=0)      0.068162  + (0.065329i)    cm-1
SOC between the T1 (ms=-1) state and excited triplet states (ms=-1):
T2(ms=-1)     0.000000  + (0.083639i)    cm-1
Total SOC between the T1 state and excited triplet states:
T2      0.222815    cm-1



 
*************************************************************
Job 2 of 2 
*************************************************************
 
mFile = /cm/shared/apps/q-chem/intel/QCHEM_5.0.1_Trunk/bin/mpi/machines
Process 0 of 1 is on ctcp010 - thread support 0
initial socket setup ...start
initial socket setup ...done 
now start server 0 ... 
ctcp010.cm.cluster 10.141.0
Q-Chem Developer Version! Running on 10.141.0.*
                  Welcome to Q-Chem
     A Quantum Leap Into The Future Of Chemistry


 Q-Chem 5.0, Q-Chem, Inc., Pleasanton, CA (2017)

 Yihan Shao,  Zhengting Gan,  E. Epifanovsky,  A. T. B. Gilbert,  M. Wormit,  
 J. Kussmann,  A. W. Lange,  A. Behn,  Jia Deng,  Xintian Feng,  D. Ghosh,  
 M. Goldey,  P. R. Horn,  L. D. Jacobson,  I. Kaliman,  T. Kus,  A. Landau,  
 Jie Liu,  E. I. Proynov,  R. M. Richard,  R. P. Steele,  E. J. Sundstrom,  
 H. L. Woodcock III,  P. M. Zimmerman,  D. Zuev,  B. Albrecht,  E. Alguire,  
 S. A. Baeppler,  Z. Benda,  Y. A. Bernard,  E. J. Berquist,  K. B. Bravaya,  
 D. Casanova,  Chun-Min Chang,  Yunqing Chen,  A. Chien,  K. D. Closser,  
 M. P. Coons,  S. Dasgupta,  M. Diedenhofen,  Hainam Do,  R. G. Edgar,  
 Po-Tung Fang,  S. Fatehi,  Qingguo Feng,  Qinghui Ge,  A. Ghysels,  
 J. Gomes,  J. Gonthier,  A. Gunina,  M. W. D. Hanson-Heine,  
 P. H. P. Harbach,  A. W. Hauser,  J. E. Herr,  E. G. Hohenstein,  
 Z. C. Holden,  Kerwin Hui,  T.-C. Jagau,  Hyunjun Ji,  B. Kaduk,  
 K. Khistyaev,  Jaehoon Kim,  P. Klunzinger,  K. Koh,  D. Kosenkov,  
 T. Kowalczyk,  C. M. Krauter,  A. Kunitsa,  Ka Un Lao,  A. Laurent,  
 K. V. Lawler,  Joonho Lee,  D. Lefrancois,  S. Lehtola,  D. S. Levine,  
 Yi-Pei Li,  You-Sheng Lin,  Fenglai Liu,  E. Livshits,  A. Luenser,  
 P. Manohar,  E. Mansoor,  S. F. Manzer,  Shan-Ping Mao,  Yuezhi Mao,  
 N. Mardirossian,  A. V. Marenich,  L. A. Martinez-Martinez,  S. A. Maurer,  
 N. J. Mayhall,  S. C. McKenzie,  J.-M. Mewes,  A. F. Morrison,  K. Nanda,  
 T. S. Nguyen-Beck,  R. Olivares-Amaya,  J. A. Parkhill,  T. M. Perrine,  
 F. Plasser,  S. Prager,  A. Prociuk,  D. R. Rehn,  F. Rob,  M. Schneider,  
 N. Sergueev,  S. M. Sharada,  S. Sharma,  D. W. Small,  T. Stauch,  
 T. Stein,  Yu-Chuan Su,  A. J. W. Thom,  T. Tsuchimochi,  L. Vogt,  
 O. Vydrov,  M. A. Watson,  J. Wenzel,  M. de Wergifosse,  T. A. Wesolowski,  
 A. White,  J. Witte,  A. Yamada,  Jun Yang,  K. Yao,  S. Yeganeh,  
 S. R. Yost,  Zhi-Qiang You,  A. Zech,  Igor Ying Zhang,  Xing Zhang,  
 Yan Zhao,  Ying Zhu,  B. R. Brooks,  G. K. L. Chan,  C. J. Cramer,  
 M. S. Gordon,  W. J. Hehre,  A. Klamt,  M. W. Schmidt,  C. D. Sherrill,  
 D. G. Truhlar,  A. Aspuru-Guzik,  R. Baer,  A. T. Bell,  N. A. Besley,  
 Jeng-Da Chai,  A. Dreuw,  B. D. Dunietz,  T. R. Furlani,  Chao-Ping Hsu,  
 Yousung Jung,  Jing Kong,  D. S. Lambrecht,  WanZhen Liang,  C. Ochsenfeld,  
 V. A. Rassolov,  L. V. Slipchenko,  J. E. Subotnik,  T. Van Voorhis,  
 J. M. Herbert,  A. I. Krylov,  P. M. W. Gill,  M. Head-Gordon

 Contributors to earlier versions of Q-Chem not listed above: 
 R. D. Adamson,  B. Austin,  J. Baker,  G. J. O. Beran,  K. Brandhorst,  
 S. T. Brown,  E. F. C. Byrd,  A. K. Chakraborty,  C.-L. Cheng,  
 Siu Hung Chien,  D. M. Chipman,  D. L. Crittenden,  H. Dachsel,  
 R. A. DiStasio Jr.,  R. J. Doerksen,  A. D. Dutoi,  L. Fusti-Molnar,  
 W. A. Goddard III,  A. Golubeva-Zadorozhnaya,  S. R. Gwaltney,  G. Hawkins,  
 A. Heyden,  S. Hirata,  G. Kedziora,  F. J. Keil,  C. Kelley,  Jihan Kim,  
 R. A. King,  R. Z. Khaliullin,  P. P. Korambath,  W. Kurlancheek,  
 A. M. Lee,  M. S. Lee,  S. V. Levchenko,  Ching Yeh Lin,  D. Liotard,  
 R. C. Lochan,  I. Lotan,  P. E. Maslen,  N. Nair,  D. P. O'Neill,  
 D. Neuhauser,  E. Neuscamman,  C. M. Oana,  R. Olson,  B. Peters,  
 R. Peverati,  P. A. Pieniazek,  Y. M. Rhee,  J. Ritchie,  M. A. Rohrdanz,  
 E. Rosta,  N. J. Russ,  H. F. Schaefer III,  N. E. Schultz,  N. Shenvi,  
 A. C. Simmonett,  A. Sodt,  D. Stuck,  K. S. Thanthiriwatte,  V. Vanovschi,  
 Tao Wang,  A. Warshel,  C. F. Williams,  Q. Wu,  X. Xu,  W. Zhang

 Please cite Q-Chem as follows:
 Y. Shao et al., Mol. Phys. 113, 184-215 (2015)
 DOI: 10.1080/00268976.2014.952696

 Q-Chem 5.0.1 for Intel X86 EM64T Linux

 Parts of Q-Chem use Armadillo 5.200.1 (Boston Tea Smuggler).
 http://arma.sourceforge.net/

 Q-Chem begins on Thu Oct 18 11:06:58 2018  

Host: ctcp010
0

     Scratch files written to /scratch/mewes/137639/qchem78314//
 Parallel job on  1  processors
The previous job contains 0 fragments, simply inherited here
Symmetry turned off for PCM/SM12/SMD calculation

Checking the input file for inconsistencies... 	...done.

--------------------------------------------------------------
User input:
--------------------------------------------------------------
$rem
threads 8
jobtype sp
method PBEh-3c
basis def2-mSVP
mem_static      1024
mem_total       14000
sym_ignore      true
cis_n_roots             6
cis_singlets            true
cis_triplets            true
rpa                     false
calc_soc                true
cis_moments             true
cis_relaxed_density     true
solvent_method          pcm
$end

$molecule
read
$end

$pcm
statespecific           Marcus 
$end

$solvent
dielectric      8.93  
dielectric_infi 2.03 
$end

--------------------------------------------------------------
 Adding empirical dispersion correction 
 ----------------------------------------------------------------
 Doing -D3(BJ) with
 s6 =   1.00000
 s8 =   0.00000
 a1 =   0.48600
 a2 =   4.50000
 -D3 energy including 3body term =     -0.0824807959 hartrees
 ----------------------------------------------------------------
 Adding gCP correction 
 ----------------------------------------------------------------
 gCP energy =      0.1091959902 hartrees
 ----------------------------------------------------------------
             Standard Nuclear Orientation (Angstroms)
    I     Atom           X                Y                Z
 ----------------------------------------------------------------
    1      C       0.0000000000     0.0000000000     0.0000000000
    2      C       0.0000000000     0.0000000000     1.3988720000
    3      H       0.9448561229     0.0000000000     1.9315289027
    4      C      -1.1863498739    -0.0405783022     2.0879564297
    5      C      -1.4547527786    -0.1226899322     3.5055817794
    6      C      -0.6757023209    -0.1525614092     4.6388409563
    7      H       0.4036854380    -0.0843646429     4.5913535501
    8      C      -1.3150435106    -0.2841644343     5.8877104935
    9      H      -0.7058158779    -0.3075240141     6.7819043927
   10      C      -2.6831092951    -0.3918214811     6.0099752794
   11      H      -3.1282606283    -0.5000247731     6.9914144190
   12      C      -2.8548316420    -0.2246693055     3.6378766922
   13      C      -3.5069304616    -0.3691041915     4.8591157874
   14      C      -3.5013198385    -0.1987915100     2.3824601561
   15      C      -4.8694459126    -0.3231901992     2.3570485111
   16      H      -5.4245372766    -0.3204149902     1.4280408782
   17      C      -5.5574373376    -0.4681433420     3.5813179363
   18      H      -6.6344519811    -0.5694208678     3.5575990591
   19      C      -4.9148600867    -0.4914724399     4.7989801481
   20      H      -5.4874471804    -0.6101486609     5.7105334821
   21      C      -2.4523088015    -0.0754173073     1.3824548818
   22      C      -2.4689911387    -0.0303035481     0.0081593470
   23      H      -3.4081413274    -0.0456732966    -0.5334967102
   24      C      -1.2635856471     0.0061264972    -0.7155091596
   25      B       1.3352262812    -0.0887559931    -0.7494116339
   26      C       1.3124724207    -0.1659870551    -2.2805842942
   27      C       2.5096081768    -0.3443516172    -2.9794460152
   28      H       3.4422486204    -0.4008711878    -2.4283421561
   29      C       2.4983912269    -0.4762685594    -4.3475620897
   30      C       3.5615709382    -0.7418334465    -5.2839095792
   31      C       4.9179333437    -0.9521688508    -5.1754719528
   32      H       5.4265874010    -0.9158466009    -4.2203918295
   33      C       5.6440351004    -1.2302762926    -6.3496149672
   34      H       6.7103474415    -1.3984771849    -6.2716039655
   35      C       5.0473770933    -1.3019332902    -7.5907215446
   36      H       5.6500501949    -1.5243701093    -8.4625292704
   37      C       2.9566678706    -0.8169138837    -6.5583037233
   38      C       3.6524599260    -1.0951771284    -7.7298960350
   39      C       1.5600702340    -0.6126057278    -6.4873883108
   40      C       0.8305419352    -0.6834962312    -7.6499578512
   41      H      -0.2426000965    -0.5440831050    -7.6573425839
   42      C       1.5129154715    -0.9523329149    -8.8546295536
   43      H       0.9396038175    -1.0079839464    -9.7705701642
   44      C       2.8746761036    -1.1542436622    -8.9110311300
   45      H       3.3487518326    -1.3650423537    -9.8615398712
   46      C       1.2477357108    -0.4022129489    -5.0875134054
   47      C       0.0636742594    -0.2149957647    -4.4130901927
   48      H      -0.8762233579    -0.1742706065    -4.9517704186
   49      C       0.0528297966    -0.1091102842    -3.0122531471
   50      B      -1.2808273351    -0.0037985619    -2.2526394242
   51      C      -2.6450873987     0.0447014383    -3.0328266837
   52      C      -3.2245146242     1.2724613240    -3.3645466208
   53      C      -4.4281663779     1.3065910559    -4.0614810908
   54      H      -4.8656259445     2.2663435671    -4.3160838339
   55      C      -5.0790723232     0.1405510344    -4.4391528772
   56      C      -4.4996721656    -1.0757996927    -4.0958785800
   57      H      -4.9975960236    -1.9986722191    -4.3771660160
   58      C      -3.2986317885    -1.1386100350    -3.4019643970
   59      C      -6.3696258827     0.1789501235    -5.2049030230
   60      H      -6.7338529648     1.1984293200    -5.3272624481
   61      H      -7.1510549326    -0.3924235617    -4.7015643976
   62      H      -6.2524894485    -0.2483212479    -6.2026235934
   63      C      -2.5430051471     2.5510821990    -2.9629211546
   64      H      -3.0847925642     3.4278818047    -3.3171609682
   65      H      -1.5285324275     2.6070961176    -3.3636236753
   66      H      -2.4584304867     2.6337200762    -1.8769848976
   67      C      -2.6979656261    -2.4707794239    -3.0458159859
   68      H      -3.3491363714    -3.2964288103    -3.3327587529
   69      H      -2.5144759210    -2.5536627779    -1.9723618697
   70      H      -1.7364283776    -2.6241270721    -3.5411610137
   71      C       2.6906042461    -0.1752135860     0.0501106592
   72      C       3.1991585604    -1.4196443113     0.4390268069
   73      C       4.3923730107    -1.4914589273     1.1508731944
   74      H       4.7751458718    -2.4641540613     1.4427881653
   75      C       5.1032439214    -0.3512663390     1.4957001571
   76      C       4.5904649206     0.8810903509     1.1073067154
   77      H       5.1316504045     1.7860214758     1.3652962022
   78      C       3.4026393929     0.9811832005     0.3946858573
   79      C       6.3828061382    -0.4390165661     2.2763714109
   80      H       6.7209912601    -1.4699438768     2.3768709865
   81      H       7.1843697165     0.1258572359     1.7983863876
   82      H       6.2630516141    -0.0357210240     3.2838616669
   83      C       2.8699322806     2.3290088319    -0.0027609674
   84      H       3.5516356771     3.1323102905     0.2762623244
   85      H       2.7075720202     2.3917448431    -1.0807439087
   86      H       1.9083998936     2.5315106665     0.4744513713
   87      C       2.4573696831    -2.6821461626     0.0958415365
   88      H       2.9864228459    -3.5680257936     0.4472619848
   89      H       2.3193126559    -2.7889956899    -0.9820376967
   90      H       1.4621693042    -2.6951702379     0.5455327964
 ----------------------------------------------------------------
 Nuclear Repulsion Energy =  6087.4882419739 hartrees
 There are      174 alpha and      174 beta electrons
 Requested basis set is def2-mSVP
 There are 440 shells and 856 basis functions

 Total QAlloc Memory Limit  14000 MB
 Mega-Array Size      1001 MB
 MEM_STATIC part      1024 MB
 Discretize the solute cavity surface with Lebedev spheres
	Using 302 Lebedev grid points for each H atom
	Using 302 Lebedev grid points for other atoms
	Atomic van der Waals radii will be scaled by 1.20
 Remove points where switching function is < 1.0e-08
 Keep 9672 surface tesserae and discard 17508 interior tesserae
 Molecular Surface Area = 712.283 Angst**2
 A cutoff of  1.0D-11 yielded  36441 shell pairs
 There are    144849 function pairs (    159797 Cartesian)
 
 -------------------------------------------------------
 OpenMP Integral Computing Module                       
 Release: version 1.0, May 2013, Q-Chem Inc. Pittsburgh 
 -------------------------------------------------------
 Integral Job Info:
 Integral job number is                      11
 Integral operator is                         1
 short-range coefficients                     0
 long-range coefficients              100000000
 Omega coefficients                           0
 if combine SR and LR in K                    0
 Integral screening is                        0
 Integral computing path is                   2
 max size of driver memory is            800000
 size of driver memory is                593474
 size of scratch memory is              1809772
 max col of scratch BK array               1296
 max len of scratch array in speh3          155
 max len of scratch index in speh4           18
 max int batch size is                      520
 min int batch size is                       52
 fixed nKL is                                52
 max L of basis functions is                  2
 order of int derivative is                   0
 number of shells is                        440
 number of basis is                         908
 number of cartesian basis is               908
 number of contracted shell pairs         36441
 number of primitive shell pairs          76699
 maxK2 (contraction) of shell pair           25
 max number of K2 of shell pair               1
 max number of CS2 of shell pair           8711
 max number of PS2 of shell pair          13600
 mem total for path MDJ                  381048
 -------------------------------------------------------
 Smallest overlap matrix eigenvalue = 2.04E-04

 Scale SEOQF with 1.000000e-02/1.000000e-01/1.000000e-02

 Standard Electronic Orientation quadrupole field applied
 Nucleus-field energy     =    -0.0000000238 hartrees
 Guess from superposition of atomic densities
 Warning:  Energy on first SCF cycle will be non-variational
 A restricted hybrid HF-DFT SCF calculation will be
 performed using Pulay DIIS extrapolation
 Polarizable Continuum solvation model will be applied
 Exchange:     0.4200 Hartree-Fock + 0.5800 PBEh-3c
 Correlation:  1.0000 PBEh-3c
 Using SG-1 standard quadrature grid
 Dispersion:   Grimme D3
 SCF converges when DIIS error is below 1.0E-08
 using 8 threads for integral computing
 -------------------------------------------------------
 OpenMP Integral computing Module                
 Release: version 1.0, May 2013, Q-Chem Inc. Pittsburgh 
 -------------------------------------------------------
 ---------------------------------------
  Cycle       Energy         DIIS Error
 ---------------------------------------
    1   -1991.3224208719      2.87E-02
    2   -1973.3220546896      1.92E-03
    3   -1973.5442637721      1.32E-03
    4   -1973.7039418866      3.96E-04
    5   -1973.7159248275      2.11E-04
    6   -1973.7204697937      3.86E-05
    7   -1973.7205990084      1.21E-05
    8   -1973.7206131329      3.28E-06
    9   -1973.7206143429      9.66E-07
   10   -1973.7206144882      4.33E-07
   11   -1973.7206145317      1.53E-07
   12   -1973.7206145356      7.12E-08
   13   -1973.7206145318      1.76E-08
   14   -1973.7206145274      1.09E-08
   15   -1973.7206145336      5.01E-09 Convergence criterion met
 ---------------------------------------

************** Final PCM Free Energy Summary **************
 G_electrostatic  =      -0.02733839 hartree =     -17.15510058 kcal/mol
 G_cavitation     =       0.00000000 hartree =       0.00000000 kcal/mol
 G_dispersion     =       0.00000000 hartree =       0.00000000 kcal/mol
 G_repulsion      =       0.00000000 hartree =       0.00000000 kcal/mol
 --------------------------------------------------
 Non-electrostatic Free Energy =       0.00000000 hartree =       0.00000000 kcal/mol
 Total                         =      -0.02733839 hartree =     -17.15510058 kcal/mol
 --------------------------------------------------
 SCF Energy (H0 + V/2)                       =   -1973.72061453 
 Solute Internal Energy (H0)                 =   -1973.69327614 
 Total Free Energy (H0 + V/2 + non-elec)     =   -1973.72061453 hartree
                                             = -1238528.37872778 kcal/mol
***********************************************************

 SCF time:  CPU 3972.50 s  wall 1517.27 s
 SCF   energy in the final basis set = -1973.72061453
 Total energy in the final basis set = -1973.72061453
 
 Direct TDDFT/TDA calculation will be performed
 Exchange:     0.4200 Hartree-Fock + 0.5800 PBEh-3c
 Correlation:  1.0000 PBEh-3c
 Using SG-1 standard quadrature grid
 Dispersion:   Grimme D3
 Triplet excitation energies requested
 Singlet excitation energies requested
 Adding PCM contribution to the XC response
 CIS energy converged when residual is below 10e- 6
 ---------------------------------------------------
 Iter    Rts Conv    Rts Left    Ttl Dev     Max Dev
 ---------------------------------------------------
   1         0           6      0.000359    0.000087
   2         0           6      0.000145    0.000042
   3         0           6      0.000277    0.000108
   4         0           6      0.000063    0.000039
   5         2           4      0.000020    0.000014
   6         5           1      0.000008    0.000005
   7         5           1      0.000005    0.000002
   8         6           0      0.000004    0.000001    Roots Converged
 ---------------------------------------------------
 Triplets done: starting singlet calculation
 ---------------------------------------------------
 Iter    Rts Conv    Rts Left    Ttl Dev     Max Dev
 ---------------------------------------------------
   9         0           6      0.000633    0.000189
  10         0           6      0.000183    0.000048
  11         0           6      0.000098    0.000037
  12         0           6      0.000035    0.000015
  13         0           6      0.000018    0.000008
  14         3           3      0.000020    0.000013
  15         4           2      0.000044    0.000039
  16         4           2      0.000020    0.000016
  17         4           2      0.000019    0.000016
  18         5           1      0.000011    0.000009
  19         5           1      0.000007    0.000005
  20         5           1      0.000005    0.000003
  21         6           0      0.000003    0.000001    Roots Converged
 ---------------------------------------------------
 
 ---------------------------------------------------
         TDDFT/TDA Excitation Energies              
 ---------------------------------------------------

 Excited state   1: excitation energy (eV) =    2.0270
 Total energy for state  1:                 -1973.64612240 au
    Multiplicity: Triplet
    Trans. Mom.:  0.0000 X   0.0000 Y   0.0000 Z
    Strength   :     0.0000000000
    D(167) --> V(  2) amplitude = -0.2532
    D(174) --> V(  1) amplitude =  0.9223

 Excited state   2: excitation energy (eV) =    2.3716
 Total energy for state  2:                 -1973.63345940 au
    Multiplicity: Triplet
    Trans. Mom.:  0.0000 X   0.0000 Y   0.0000 Z
    Strength   :     0.0000000000
    D(172) --> V(  2) amplitude =  0.4629
    D(173) --> V(  1) amplitude =  0.8033

 Excited state   3: excitation energy (eV) =    2.4376
 Total energy for state  3:                 -1973.63103456 au
    Multiplicity: Triplet
    Trans. Mom.:  0.0000 X   0.0000 Y   0.0000 Z
    Strength   :     0.0000000000
    D(172) --> V(  1) amplitude =  0.7230
    D(172) --> V(  4) amplitude = -0.2199
    D(173) --> V(  2) amplitude =  0.5241

 Excited state   4: excitation energy (eV) =    2.5406
 Total energy for state  4:                 -1973.62724831 au
    Multiplicity: Triplet
    Trans. Mom.:  0.0000 X   0.0000 Y   0.0000 Z
    Strength   :     0.0000000000
    D(167) --> V(  1) amplitude =  0.7216
    D(174) --> V(  2) amplitude = -0.5497

 Excited state   5: excitation energy (eV) =    2.6976
 Total energy for state  5:                 -1973.62148009 au
    Multiplicity: Singlet
    Trans. Mom.: -0.1247 X   0.0407 Y   0.1336 Z
    Strength   :     0.0023164116
    D(174) --> V(  1) amplitude =  0.9652

 Excited state   6: excitation energy (eV) =    3.0349
 Total energy for state  6:                 -1973.60908548 au
    Multiplicity: Triplet
    Trans. Mom.:  0.0000 X   0.0000 Y   0.0000 Z
    Strength   :     0.0000000000
    D(171) --> V(  1) amplitude =  0.9300

 Excited state   7: excitation energy (eV) =    3.0866
 Total energy for state  7:                 -1973.60718364 au
    Multiplicity: Singlet
    Trans. Mom.:  2.0622 X  -0.2139 Y  -3.6118 Z
    Strength   :     1.3115416931
    D(173) --> V(  1) amplitude =  0.9494

 Excited state   8: excitation energy (eV) =    3.1103
 Total energy for state  8:                 -1973.60631296 au
    Multiplicity: Singlet
    Trans. Mom.:  0.1252 X  -0.0029 Y  -0.3100 Z
    Strength   :     0.0085163709
    D(171) --> V(  1) amplitude =  0.9410

 Excited state   9: excitation energy (eV) =    3.1925
 Total energy for state  9:                 -1973.60329093 au
    Multiplicity: Triplet
    Trans. Mom.:  0.0000 X   0.0000 Y   0.0000 Z
    Strength   :     0.0000000000
    D(170) --> V(  1) amplitude =  0.9608

 Excited state  10: excitation energy (eV) =    3.2260
 Total energy for state 10:                 -1973.60205965 au
    Multiplicity: Singlet
    Trans. Mom.:  0.0497 X  -0.0150 Y  -0.2324 Z
    Strength   :     0.0044799577
    D(170) --> V(  1) amplitude =  0.9695

 Excited state  11: excitation energy (eV) =    3.4104
 Total energy for state 11:                 -1973.59528382 au
    Multiplicity: Singlet
    Trans. Mom.: -0.1671 X   0.3222 Y  -0.1465 Z
    Strength   :     0.0128009741
    D(172) --> V(  1) amplitude =  0.9126

 Excited state  12: excitation energy (eV) =    3.4899
 Total energy for state 12:                 -1973.59236209 au
    Multiplicity: Singlet
    Trans. Mom.: -0.9591 X  -0.0093 Y  -0.5283 Z
    Strength   :     0.1025250992
    D(167) --> V(  1) amplitude =  0.7419
    D(174) --> V(  2) amplitude = -0.5671
 
 ---------------------------------------------------
 Calculating Relaxed Density
 ---------------------------------------------------
 Iter    Rts Conv    Rts Left    Ttl Dev     Max Dev
 ---------------------------------------------------
   1         0           6      0.000342    0.000080
   2         0           6      0.000143    0.000033
   3         0           6      0.000034    0.000008
   4         0           6      0.000012    0.000003
   5         6           0      0.000000    0.000000    Roots Converged
 ---------------------------------------------------
 Triplets done- using as guess for singlets
 ---------------------------------------------------
 Iter    Rts Conv    Rts Left    Ttl Dev     Max Dev
 ---------------------------------------------------
   1         0           6      0.000423    0.000082
   2         0           6      0.000162    0.000031
   3         0           6      0.000037    0.000008
   4         0           6      0.000013    0.000003
   5         6           0      0.000000    0.000000    Roots Converged
 ---------------------------------------------------
  SETman timing summary (seconds)
  CPU time             22316.26s
  System time              0.04s
  Wall time             4824.12s



*********SPIN-ORBIT COUPLING JOB BEGINS HERE*********


=======================================================================================
    SPIN-ORBIT COUPLING BETWEEN THE SINGLET GROUND STATE AND EXCITED TRIPLET STATE
=======================================================================================

SOC between the singlet ground state and excited triplet states (ms=0):
T1(ms=0)      0.000000  +  -0.053469i    cm-1
T2(ms=0)      0.000000  +  -0.096054i    cm-1
T3(ms=0)      0.000000  +  0.058914i    cm-1
T4(ms=0)      0.000000  +  0.208241i    cm-1
T5(ms=0)      0.000000  +  4.615625i    cm-1
T6(ms=0)      0.000000  +  -0.266109i    cm-1
SOC between the singlet ground state and excited triplet states (ms=1):
T1(ms=1)      -0.059643  + (-0.123459i)    cm-1
T2(ms=1)      0.078054  + (0.005801i)    cm-1
T3(ms=1)      0.027350  + (0.069658i)    cm-1
T4(ms=1)      0.005832  + (0.154469i)    cm-1
T5(ms=1)      -0.435587  + (5.788573i)    cm-1
T6(ms=1)      0.221477  + (-0.394859i)    cm-1
SOC between the singlet ground state and excited triplet states (ms=-1):
T1(ms=-1)     -0.059643  - (-0.123459i)    cm-1
T2(ms=-1)     0.078054  - (0.005801i)    cm-1
T3(ms=-1)     0.027350  - (0.069658i)    cm-1
T4(ms=-1)     0.005832  - (0.154469i)    cm-1
T5(ms=-1)     -0.435587  - (5.788573i)    cm-1
T6(ms=-1)     0.221477  - (-0.394859i)    cm-1
Total SOC between the singlet ground state and excited triplet states:
T1      0.201141    cm-1
T2      0.146555    cm-1
T3      0.121125    cm-1
T4      0.301917    cm-1
T5      9.417995    cm-1
T6      0.693358    cm-1




=======================================================================================
                     SPIN-ORBIT COUPLING BETWEEN EXCITED TRIPLET STATES
=======================================================================================

SOC between the T1 (ms=0) state and excited triplet states (ms=1):
T2(ms=1)      0.073350  + (0.065718i)    cm-1
T3(ms=1)      -0.397188  + (0.019553i)    cm-1
T4(ms=1)      0.092777  + (0.044983i)    cm-1
T5(ms=1)      0.000800  + (-0.200700i)    cm-1
T6(ms=1)      -0.066435  + (-0.126974i)    cm-1
SOC between the T1 (ms=0) state and excited triplet states (ms=-1):
T2(ms=-1)     -0.073350  + (0.065718i)    cm-1
T3(ms=-1)     0.397188  + (0.019553i)    cm-1
T4(ms=-1)     -0.092777  + (0.044983i)    cm-1
T5(ms=-1)     -0.000800  + (-0.200700i)    cm-1
T6(ms=-1)     0.066435  + (-0.126974i)    cm-1
SOC between the T1 (ms=1) state and excited triplet states (ms=0):
T2(ms=0)      -0.073350  + (0.065718i)    cm-1
T3(ms=0)      0.397188  + (0.019553i)    cm-1
T4(ms=0)      -0.092777  + (0.044983i)    cm-1
T5(ms=0)      -0.000800  + (-0.200700i)    cm-1
T6(ms=0)      0.066435  + (-0.126974i)    cm-1
SOC between the T1 (ms=1) state and excited triplet states (ms=1):
T2(ms=1)      0.000000  + (-0.085918i)    cm-1
T3(ms=1)      0.000000  + (0.046996i)    cm-1
T4(ms=1)      0.000000  + (0.049866i)    cm-1
T5(ms=1)      0.000000  + (0.515407i)    cm-1
T6(ms=1)      0.000000  + (0.294764i)    cm-1
SOC between the T1 (ms=-1) state and excited triplet states (ms=0):
T2(ms=0)      0.073350  + (0.065718i)    cm-1
T3(ms=0)      -0.397188  + (0.019553i)    cm-1
T4(ms=0)      0.092777  + (0.044983i)    cm-1
T5(ms=0)      0.000800  + (-0.200700i)    cm-1
T6(ms=0)      -0.066435  + (-0.126974i)    cm-1
SOC between the T1 (ms=-1) state and excited triplet states (ms=-1):
T2(ms=-1)     0.000000  + (0.085918i)    cm-1
T3(ms=-1)     0.000000  + (-0.046996i)    cm-1
T4(ms=-1)     0.000000  + (-0.049866i)    cm-1
T5(ms=-1)     0.000000  + (-0.515407i)    cm-1
T6(ms=-1)     0.000000  + (-0.294764i)    cm-1
Total SOC between the T1 state and excited triplet states:
T2      0.231431    cm-1
T3      0.798110    cm-1
T4      0.217940    cm-1
T5      0.832114    cm-1
T6      0.505881    cm-1



SOC between the T2 (ms=0) state and excited triplet states (ms=1):
T3(ms=1)      -0.096798  + (-0.005757i)    cm-1
T4(ms=1)      -0.438361  + (0.001670i)    cm-1
T5(ms=1)      0.024865  + (0.038384i)    cm-1
T6(ms=1)      -0.087746  + (0.691580i)    cm-1
SOC between the T2 (ms=0) state and excited triplet states (ms=-1):
T3(ms=-1)     0.096798  + (-0.005757i)    cm-1
T4(ms=-1)     0.438361  + (0.001670i)    cm-1
T5(ms=-1)     -0.024865  + (0.038384i)    cm-1
T6(ms=-1)     0.087746  + (0.691580i)    cm-1
SOC between the T2 (ms=1) state and excited triplet states (ms=0):
T3(ms=0)      0.096798  + (-0.005757i)    cm-1
T4(ms=0)      0.438361  + (0.001670i)    cm-1
T5(ms=0)      -0.024865  + (0.038384i)    cm-1
T6(ms=0)      0.087746  + (0.691580i)    cm-1
SOC between the T2 (ms=1) state and excited triplet states (ms=1):
T3(ms=1)      0.000000  + (0.009950i)    cm-1
T4(ms=1)      0.000000  + (0.023422i)    cm-1
T5(ms=1)      0.000000  + (-0.344589i)    cm-1
T6(ms=1)      0.000000  + (-1.731356i)    cm-1
SOC between the T2 (ms=-1) state and excited triplet states (ms=0):
T3(ms=0)      -0.096798  + (-0.005757i)    cm-1
T4(ms=0)      -0.438361  + (0.001670i)    cm-1
T5(ms=0)      0.024865  + (0.038384i)    cm-1
T6(ms=0)      -0.087746  + (0.691580i)    cm-1
SOC between the T2 (ms=-1) state and excited triplet states (ms=-1):
T3(ms=-1)     0.000000  + (-0.009950i)    cm-1
T4(ms=-1)     0.000000  + (-0.023422i)    cm-1
T5(ms=-1)     0.000000  + (0.344589i)    cm-1
T6(ms=-1)     0.000000  + (1.731356i)    cm-1
Total SOC between the T2 state and excited triplet states:
T3      0.194448    cm-1
T4      0.877355    cm-1
T5      0.495832    cm-1
T6      2.817643    cm-1



SOC between the T3 (ms=0) state and excited triplet states (ms=1):
T4(ms=1)      -0.078078  + (0.057516i)    cm-1
T5(ms=1)      0.021891  + (0.629627i)    cm-1
T6(ms=1)      0.073266  + (0.180130i)    cm-1
SOC between the T3 (ms=0) state and excited triplet states (ms=-1):
T4(ms=-1)     0.078078  + (0.057516i)    cm-1
T5(ms=-1)     -0.021891  + (0.629627i)    cm-1
T6(ms=-1)     -0.073266  + (0.180130i)    cm-1
SOC between the T3 (ms=1) state and excited triplet states (ms=0):
T4(ms=0)      0.078078  + (0.057516i)    cm-1
T5(ms=0)      -0.021891  + (0.629627i)    cm-1
T6(ms=0)      -0.073266  + (0.180130i)    cm-1
SOC between the T3 (ms=1) state and excited triplet states (ms=1):
T4(ms=1)      0.000000  + (-0.028910i)    cm-1
T5(ms=1)      0.000000  + (0.432251i)    cm-1
T6(ms=1)      0.000000  + (-0.201827i)    cm-1
SOC between the T3 (ms=-1) state and excited triplet states (ms=0):
T4(ms=0)      -0.078078  + (0.057516i)    cm-1
T5(ms=0)      0.021891  + (0.629627i)    cm-1
T6(ms=0)      0.073266  + (0.180130i)    cm-1
SOC between the T3 (ms=-1) state and excited triplet states (ms=-1):
T4(ms=-1)     0.000000  + (0.028910i)    cm-1
T5(ms=-1)     0.000000  + (-0.432251i)    cm-1
T6(ms=-1)     0.000000  + (0.201827i)    cm-1
Total SOC between the T3 state and excited triplet states:
T4      0.198213    cm-1
T5      1.400471    cm-1
T6      0.482418    cm-1



SOC between the T4 (ms=0) state and excited triplet states (ms=1):
T5(ms=1)      0.050739  + (-0.007618i)    cm-1
T6(ms=1)      0.029514  + (0.942910i)    cm-1
SOC between the T4 (ms=0) state and excited triplet states (ms=-1):
T5(ms=-1)     -0.050739  + (-0.007618i)    cm-1
T6(ms=-1)     -0.029514  + (0.942910i)    cm-1
SOC between the T4 (ms=1) state and excited triplet states (ms=0):
T5(ms=0)      -0.050739  + (-0.007618i)    cm-1
T6(ms=0)      -0.029514  + (0.942910i)    cm-1
SOC between the T4 (ms=1) state and excited triplet states (ms=1):
T5(ms=1)      0.000000  + (-0.023224i)    cm-1
T6(ms=1)      0.000000  + (0.752741i)    cm-1
SOC between the T4 (ms=-1) state and excited triplet states (ms=0):
T5(ms=0)      0.050739  + (-0.007618i)    cm-1
T6(ms=0)      0.029514  + (0.942910i)    cm-1
SOC between the T4 (ms=-1) state and excited triplet states (ms=-1):
T5(ms=-1)     0.000000  + (0.023224i)    cm-1
T6(ms=-1)     0.000000  + (-0.752741i)    cm-1
Total SOC between the T4 state and excited triplet states:
T5      0.107743    cm-1
T6      2.166341    cm-1



SOC between the T5 (ms=0) state and excited triplet states (ms=1):
T6(ms=1)      0.025952  + (-0.019611i)    cm-1
SOC between the T5 (ms=0) state and excited triplet states (ms=-1):
T6(ms=-1)     -0.025952  + (-0.019611i)    cm-1
SOC between the T5 (ms=1) state and excited triplet states (ms=0):
T6(ms=0)      -0.025952  + (-0.019611i)    cm-1
SOC between the T5 (ms=1) state and excited triplet states (ms=1):
T6(ms=1)      0.000000  + (0.001073i)    cm-1
SOC between the T5 (ms=-1) state and excited triplet states (ms=0):
T6(ms=0)      0.025952  + (-0.019611i)    cm-1
SOC between the T5 (ms=-1) state and excited triplet states (ms=-1):
T6(ms=-1)     0.000000  + (-0.001073i)    cm-1
Total SOC between the T5 state and excited triplet states:
T6      0.065075    cm-1







=======================================================================================
         SPIN-ORBIT COUPLING BETWEEN EXCITED SINGLET STATES AND TRIPLET STATES
=======================================================================================

SOC between the S1 state and excited triplet states (ms=0):
T1(ms=0)      0.000000  +  -0.013232i    cm-1
T2(ms=0)      0.000000  +  -0.069530i    cm-1
T3(ms=0)      0.000000  +  0.051092i    cm-1
T4(ms=0)      0.000000  +  0.105618i    cm-1
T5(ms=0)      0.000000  +  0.681020i    cm-1
T6(ms=0)      0.000000  +  0.269027i    cm-1
SOC between the S1 state and excited triplet states (ms=1):
T1(ms=1)      (-0.000958)  + (-0.005800i)    cm-1
T2(ms=1)      (-0.048165)  + (-0.054807i)    cm-1
T3(ms=1)      (0.296612)  + (-0.018393i)    cm-1
T4(ms=1)      (-0.057269)  + (-0.028548i)    cm-1
T5(ms=1)      (-0.003652)  + (0.288735i)    cm-1
T6(ms=1)      (0.069143)  + (0.153662i)    cm-1
SOC between the S1 state and excited triplet states (ms=-1):
T1(ms=-1)    -(-0.000958)  + (-0.005800i)    cm-1
T2(ms=-1)    -(-0.048165)  + (-0.054807i)    cm-1
T3(ms=-1)    -(0.296612)  + (-0.018393i)    cm-1
T4(ms=-1)    -(-0.057269)  + (-0.028548i)    cm-1
T5(ms=-1)    -(-0.003652)  + (0.288735i)    cm-1
T6(ms=-1)    -(0.069143)  + (0.153662i)    cm-1
Total SOC between the S1 state and excited triplet states:
T1      0.015627    cm-1
T2      0.124425    cm-1
T3      0.423373    cm-1
T4      0.139085    cm-1
T5      0.794072    cm-1
T6      0.359390    cm-1



SOC between the S2 state and excited triplet states (ms=0):
T1(ms=0)      0.000000  +  0.132648i    cm-1
T2(ms=0)      0.000000  +  -0.109413i    cm-1
T3(ms=0)      0.000000  +  0.008874i    cm-1
T4(ms=0)      0.000000  +  0.047390i    cm-1
T5(ms=0)      0.000000  +  -0.398225i    cm-1
T6(ms=0)      0.000000  +  -2.329282i    cm-1
SOC between the S2 state and excited triplet states (ms=1):
T1(ms=1)      (0.024792)  + (0.097160i)    cm-1
T2(ms=1)      (-0.005699)  + (-0.040374i)    cm-1
T3(ms=1)      (0.077210)  + (-0.047441i)    cm-1
T4(ms=1)      (0.465752)  + (-0.051238i)    cm-1
T5(ms=1)      (-0.027921)  + (-0.168092i)    cm-1
T6(ms=1)      (0.105316)  + (-0.944076i)    cm-1
SOC between the S2 state and excited triplet states (ms=-1):
T1(ms=-1)    -(0.024792)  + (0.097160i)    cm-1
T2(ms=-1)    -(-0.005699)  + (-0.040374i)    cm-1
T3(ms=-1)    -(0.077210)  + (-0.047441i)    cm-1
T4(ms=-1)    -(0.465752)  + (-0.051238i)    cm-1
T5(ms=-1)    -(-0.027921)  + (-0.168092i)    cm-1
T6(ms=-1)    -(0.105316)  + (-0.944076i)    cm-1
Total SOC between the S2 state and excited triplet states:
T1      0.194178    cm-1
T2      0.123679    cm-1
T3      0.128463    cm-1
T4      0.664339    cm-1
T5      0.465459    cm-1
T6      2.688921    cm-1



SOC between the S3 state and excited triplet states (ms=0):
T1(ms=0)      0.000000  +  -0.363115i    cm-1
T2(ms=0)      0.000000  +  0.352263i    cm-1
T3(ms=0)      0.000000  +  -0.381816i    cm-1
T4(ms=0)      0.000000  +  -0.002787i    cm-1
T5(ms=0)      0.000000  +  -0.015120i    cm-1
T6(ms=0)      0.000000  +  -0.187593i    cm-1
SOC between the S3 state and excited triplet states (ms=1):
T1(ms=1)      (-0.022180)  + (-0.130939i)    cm-1
T2(ms=1)      (0.007244)  + (0.055819i)    cm-1
T3(ms=1)      (0.021819)  + (0.563518i)    cm-1
T4(ms=1)      (0.076139)  + (0.006529i)    cm-1
T5(ms=1)      (-0.006263)  + (-0.034579i)    cm-1
T6(ms=1)      (-0.018905)  + (-0.078546i)    cm-1
SOC between the S3 state and excited triplet states (ms=-1):
T1(ms=-1)    -(-0.022180)  + (-0.130939i)    cm-1
T2(ms=-1)    -(0.007244)  + (0.055819i)    cm-1
T3(ms=-1)    -(0.021819)  + (0.563518i)    cm-1
T4(ms=-1)    -(0.076139)  + (0.006529i)    cm-1
T5(ms=-1)    -(-0.006263)  + (-0.034579i)    cm-1
T6(ms=-1)    -(-0.018905)  + (-0.078546i)    cm-1
Total SOC between the S3 state and excited triplet states:
T1      0.408811    cm-1
T2      0.361145    cm-1
T3      0.884217    cm-1
T4      0.108108    cm-1
T5      0.051947    cm-1
T6      0.219648    cm-1



SOC between the S4 state and excited triplet states (ms=0):
T1(ms=0)      0.000000  +  -0.301013i    cm-1
T2(ms=0)      0.000000  +  1.642399i    cm-1
T3(ms=0)      0.000000  +  0.199207i    cm-1
T4(ms=0)      0.000000  +  -0.687279i    cm-1
T5(ms=0)      0.000000  +  -0.039843i    cm-1
T6(ms=0)      0.000000  +  -0.240131i    cm-1
SOC between the S4 state and excited triplet states (ms=1):
T1(ms=1)      (-0.055750)  + (-0.128644i)    cm-1
T2(ms=1)      (-0.089943)  + (0.656421i)    cm-1
T3(ms=1)      (0.075879)  + (0.167552i)    cm-1
T4(ms=1)      (0.046023)  + (0.862316i)    cm-1
T5(ms=1)      (0.019732)  + (-0.034772i)    cm-1
T6(ms=1)      (0.009891)  + (-0.098208i)    cm-1
SOC between the S4 state and excited triplet states (ms=-1):
T1(ms=-1)    -(-0.055750)  + (-0.128644i)    cm-1
T2(ms=-1)    -(-0.089943)  + (0.656421i)    cm-1
T3(ms=-1)    -(0.075879)  + (0.167552i)    cm-1
T4(ms=-1)    -(0.046023)  + (0.862316i)    cm-1
T5(ms=-1)    -(0.019732)  + (-0.034772i)    cm-1
T6(ms=-1)    -(0.009891)  + (-0.098208i)    cm-1
Total SOC between the S4 state and excited triplet states:
T1      0.360449    cm-1
T2      1.890881    cm-1
T3      0.327637    cm-1
T4      1.401345    cm-1
T5      0.069169    cm-1
T6      0.277755    cm-1



SOC between the S5 state and excited triplet states (ms=0):
T1(ms=0)      0.000000  +  -0.057098i    cm-1
T2(ms=0)      0.000000  +  -0.017928i    cm-1
T3(ms=0)      0.000000  +  -0.001080i    cm-1
T4(ms=0)      0.000000  +  -0.002902i    cm-1
T5(ms=0)      0.000000  +  0.654393i    cm-1
T6(ms=0)      0.000000  +  -0.064396i    cm-1
SOC between the S5 state and excited triplet states (ms=1):
T1(ms=1)      (-0.524822)  + (0.023906i)    cm-1
T2(ms=1)      (-0.070464)  + (-0.005873i)    cm-1
T3(ms=1)      (-0.005683)  + (-0.044691i)    cm-1
T4(ms=1)      (0.017040)  + (-0.042120i)    cm-1
T5(ms=1)      (-0.059777)  + (-0.857315i)    cm-1
T6(ms=1)      (-0.120087)  + (0.025291i)    cm-1
SOC between the S5 state and excited triplet states (ms=-1):
T1(ms=-1)    -(-0.524822)  + (0.023906i)    cm-1
T2(ms=-1)    -(-0.070464)  + (-0.005873i)    cm-1
T3(ms=-1)    -(-0.005683)  + (-0.044691i)    cm-1
T4(ms=-1)    -(0.017040)  + (-0.042120i)    cm-1
T5(ms=-1)    -(-0.059777)  + (-0.857315i)    cm-1
T6(ms=-1)    -(-0.120087)  + (0.025291i)    cm-1
Total SOC between the S5 state and excited triplet states:
T1      0.745170    cm-1
T2      0.101592    cm-1
T3      0.063721    cm-1
T4      0.064322    cm-1
T5      1.380346    cm-1
T6      0.185116    cm-1



SOC between the S6 state and excited triplet states (ms=0):
T1(ms=0)      0.000000  +  -0.062481i    cm-1
T2(ms=0)      0.000000  +  -0.042877i    cm-1
T3(ms=0)      0.000000  +  0.002927i    cm-1
T4(ms=0)      0.000000  +  0.037590i    cm-1
T5(ms=0)      0.000000  +  -0.018163i    cm-1
T6(ms=0)      0.000000  +  0.460973i    cm-1
SOC between the S6 state and excited triplet states (ms=1):
T1(ms=1)      (0.069627)  + (0.049221i)    cm-1
T2(ms=1)      (-0.212809)  + (-0.004056i)    cm-1
T3(ms=1)      (-0.033768)  + (0.016238i)    cm-1
T4(ms=1)      (-0.002905)  + (-0.005003i)    cm-1
T5(ms=1)      (-0.034579)  + (0.012998i)    cm-1
T6(ms=1)      (-0.014207)  + (-0.592312i)    cm-1
SOC between the S6 state and excited triplet states (ms=-1):
T1(ms=-1)    -(0.069627)  + (0.049221i)    cm-1
T2(ms=-1)    -(-0.212809)  + (-0.004056i)    cm-1
T3(ms=-1)    -(-0.033768)  + (0.016238i)    cm-1
T4(ms=-1)    -(-0.002905)  + (-0.005003i)    cm-1
T5(ms=-1)    -(-0.034579)  + (0.012998i)    cm-1
T6(ms=-1)    -(-0.014207)  + (-0.592312i)    cm-1
Total SOC between the S6 state and excited triplet states:
T1      0.135814    cm-1
T2      0.304050    cm-1
T3      0.053071    cm-1
T4      0.038470    cm-1
T5      0.055310    cm-1
T6      0.956331    cm-1






            *********SOC CODE ENDS HERE*********



 
 --------------------------------------------------------------
 
                    Orbital Energies (a.u.)
 --------------------------------------------------------------
 
 Alpha MOs
 -- Occupied --
-10.469 -10.469 -10.467 -10.467 -10.466 -10.466 -10.466 -10.466
-10.466 -10.466 -10.464 -10.464 -10.463 -10.463 -10.462 -10.462
-10.462 -10.462 -10.458 -10.458 -10.458 -10.458 -10.458 -10.457
-10.456 -10.455 -10.452 -10.452 -10.452 -10.452 -10.450 -10.450
-10.450 -10.450 -10.440 -10.440 -10.439 -10.438 -10.433 -10.433
-10.433 -10.433 -10.427 -10.427 -10.427 -10.427 -10.427 -10.426
-10.423 -10.422  -6.947  -6.946  -1.018  -1.017  -0.964  -0.960
 -0.959  -0.958  -0.935  -0.935  -0.909  -0.900  -0.875  -0.871
 -0.871  -0.871  -0.860  -0.859  -0.849  -0.848  -0.820  -0.816
 -0.814  -0.801  -0.781  -0.781  -0.761  -0.759  -0.759  -0.758
 -0.735  -0.731  -0.730  -0.720  -0.690  -0.685  -0.679  -0.670
 -0.652  -0.645  -0.641  -0.641  -0.640  -0.639  -0.598  -0.592
 -0.592  -0.589  -0.584  -0.577  -0.576  -0.553  -0.548  -0.543
 -0.543  -0.542  -0.528  -0.527  -0.523  -0.511  -0.503  -0.502
 -0.497  -0.496  -0.494  -0.488  -0.488  -0.487  -0.482  -0.481
 -0.480  -0.480  -0.476  -0.468  -0.466  -0.466  -0.465  -0.465
 -0.464  -0.461  -0.457  -0.456  -0.451  -0.450  -0.446  -0.444
 -0.442  -0.441  -0.434  -0.432  -0.428  -0.425  -0.418  -0.413
 -0.412  -0.402  -0.399  -0.398  -0.398  -0.394  -0.392  -0.389
 -0.386  -0.382  -0.382  -0.380  -0.379  -0.369  -0.357  -0.353
 -0.351  -0.338  -0.327  -0.321  -0.299  -0.298  -0.281  -0.277
 -0.277  -0.269  -0.267  -0.265  -0.258  -0.254
 -- Virtual --
 -0.101  -0.065  -0.038  -0.034  -0.006   0.004   0.014   0.020
  0.020   0.028   0.029   0.039   0.070   0.082   0.086   0.088
  0.120   0.129   0.152   0.153   0.154   0.161   0.162   0.162
  0.165   0.166   0.170   0.170   0.174   0.178   0.181   0.184
  0.185   0.187   0.193   0.194   0.198   0.199   0.204   0.206
  0.208   0.210   0.214   0.217   0.217   0.219   0.222   0.223
  0.224   0.226   0.230   0.232   0.234   0.236   0.238   0.239
  0.243   0.248   0.249   0.250   0.251   0.254   0.257   0.260
  0.260   0.268   0.271   0.271   0.272   0.275   0.281   0.283
  0.286   0.289   0.292   0.302   0.304   0.310   0.313   0.315
  0.318   0.322   0.324   0.329   0.331   0.336   0.340   0.346
  0.353   0.358   0.365   0.378   0.379   0.387   0.388   0.401
  0.402   0.404   0.406   0.411   0.418   0.421   0.422   0.428
  0.435   0.444   0.449   0.452   0.454   0.463   0.467   0.481
  0.483   0.484   0.489   0.491   0.494   0.498   0.499   0.500
  0.503   0.504   0.506   0.518   0.522   0.524   0.524   0.527
  0.531   0.533   0.535   0.536   0.543   0.543   0.553   0.554
  0.556   0.559   0.560   0.563   0.564   0.569   0.573   0.575
  0.578   0.579   0.582   0.584   0.586   0.587   0.590   0.590
  0.591   0.592   0.593   0.595   0.601   0.602   0.604   0.605
  0.606   0.611   0.612   0.614   0.617   0.619   0.621   0.623
  0.623   0.626   0.628   0.631   0.635   0.639   0.643   0.647
  0.651   0.653   0.654   0.658   0.662   0.665   0.669   0.670
  0.673   0.675   0.680   0.685   0.692   0.695   0.697   0.701
  0.706   0.706   0.707   0.714   0.716   0.721   0.725   0.726
  0.728   0.731   0.746   0.746   0.749   0.750   0.753   0.756
  0.757   0.757   0.761   0.766   0.770   0.771   0.779   0.782
  0.783   0.785   0.791   0.799   0.810   0.813   0.817   0.824
  0.825   0.830   0.835   0.838   0.846   0.858   0.859   0.869
  0.872   0.877   0.879   0.885   0.886   0.907   0.910   0.916
  0.918   0.922   0.926   0.939   0.944   0.947   0.949   0.955
  0.959   0.963   0.967   0.971   0.976   0.984   0.991   0.993
  0.994   1.000   1.003   1.005   1.007   1.009   1.015   1.016
  1.019   1.028   1.031   1.035   1.037   1.039   1.042   1.045
  1.048   1.048   1.058   1.061   1.064   1.068   1.073   1.074
  1.075   1.077   1.079   1.081   1.083   1.086   1.090   1.091
  1.098   1.098   1.104   1.108   1.110   1.119   1.119   1.123
  1.126   1.129   1.129   1.135   1.137   1.138   1.144   1.150
  1.156   1.158   1.160   1.168   1.168   1.176   1.190   1.192
  1.201   1.204   1.205   1.207   1.219   1.233   1.238   1.244
  1.249   1.253   1.255   1.257   1.271   1.275   1.277   1.280
  1.284   1.296   1.301   1.304   1.307   1.309   1.311   1.314
  1.316   1.323   1.330   1.337   1.340   1.350   1.354   1.357
  1.359   1.372   1.376   1.377   1.380   1.383   1.390   1.394
  1.404   1.408   1.410   1.416   1.433   1.434   1.439   1.440
  1.440   1.459   1.463   1.468   1.470   1.475   1.492   1.503
  1.509   1.510   1.514   1.516   1.516   1.517   1.522   1.524
  1.529   1.529   1.532   1.543   1.544   1.547   1.552   1.553
  1.555   1.558   1.559   1.561   1.565   1.568   1.571   1.577
  1.581   1.588   1.594   1.600   1.609   1.617   1.639   1.648
  1.649   1.651   1.661   1.669   1.682   1.690   1.697   1.709
  1.740   1.752   1.776   1.787   1.790   1.805   1.806   1.807
  1.808   1.811   1.814   1.816   1.832   1.839   1.843   1.848
  1.861   1.864   1.892   1.897   1.900   1.902   1.906   1.911
  1.912   1.919   1.920   1.923   1.928   1.928   1.932   1.941
  1.949   1.951   1.952   1.952   1.954   1.957   1.963   1.971
  1.980   1.982   1.985   1.988   1.991   1.992   1.994   2.015
  2.020   2.044   2.044   2.049   2.051   2.054   2.060   2.065
  2.068   2.078   2.085   2.101   2.111   2.111   2.118   2.135
  2.138   2.141   2.145   2.148   2.149   2.163   2.172   2.188
  2.190   2.197   2.198   2.208   2.210   2.215   2.219   2.223
  2.228   2.231   2.233   2.240   2.241   2.252   2.254   2.258
  2.260   2.269   2.274   2.275   2.279   2.280   2.285   2.287
  2.298   2.302   2.319   2.320   2.321   2.339   2.342   2.345
  2.348   2.350   2.353   2.354   2.356   2.359   2.360   2.369
  2.374   2.376   2.378   2.386   2.388   2.396   2.401   2.404
  2.411   2.415   2.416   2.420   2.424   2.431   2.433   2.436
  2.440   2.442   2.454   2.459   2.463   2.468   2.473   2.476
  2.480   2.484   2.503   2.505   2.506   2.525   2.527   2.543
  2.553   2.579   2.593   2.597   2.601   2.621   2.636   2.642
  2.643   2.666   2.682   2.686   2.709   2.725   2.728   2.729
  2.730   2.732   2.736   2.739   2.742   2.750   2.761   2.762
  2.767   2.775   2.778   2.782   2.788   2.789   2.799   2.803
  2.808   2.819   2.829   2.841   2.853   2.856   2.858   2.859
  2.891   2.894   2.904   2.909   2.910   2.914   2.929   2.934
  2.935   2.941   2.952   2.954   2.961   2.986   2.989   3.003
  3.011   3.026   3.043   3.065   3.082   3.085   3.100   3.215
  3.217   3.239   3.261   3.264   3.402   3.420   3.444   3.477
  3.487   3.490   3.532   3.543   3.658   3.671   9.598   9.739
 13.139  13.175  13.388  13.467  13.499  13.505  13.521  13.547
 13.708  13.715  13.733  13.780  13.783  13.792  13.795  13.842
 13.858  13.890  13.900  13.901  13.907  13.918  13.953  13.998
 14.009  14.016  14.022  14.026  14.106  14.159  14.160  14.180
 14.186  14.189  14.203  14.230  14.252  14.261  14.306  14.309
 14.319  14.322  14.502  14.510  14.544  14.546  14.575  14.578
 14.580  14.580
 --------------------------------------------------------------
 
          Ground-State Mulliken Net Atomic Charges

     Atom                 Charge (a.u.)
  ----------------------------------------
      1 C                    -0.154914
      2 C                    -0.383107
      3 H                     0.250326
      4 C                     0.061984
      5 C                     0.179811
      6 C                    -0.383459
      7 H                     0.255287
      8 C                    -0.235451
      9 H                     0.260480
     10 C                    -0.345859
     11 H                     0.257970
     12 C                    -0.073711
     13 C                     0.219909
     14 C                     0.181218
     15 C                    -0.392175
     16 H                     0.255231
     17 C                    -0.233327
     18 H                     0.260009
     19 C                    -0.349297
     20 H                     0.258266
     21 C                     0.088385
     22 C                    -0.394992
     23 H                     0.248988
     24 C                    -0.156555
     25 B                     0.677418
     26 C                    -0.153910
     27 C                    -0.385647
     28 H                     0.249742
     29 C                     0.063006
     30 C                     0.180822
     31 C                    -0.381659
     32 H                     0.255944
     33 C                    -0.234999
     34 H                     0.260645
     35 C                    -0.346423
     36 H                     0.258036
     37 C                    -0.075874
     38 C                     0.220074
     39 C                     0.181442
     40 C                    -0.388514
     41 H                     0.255690
     42 C                    -0.234059
     43 H                     0.260263
     44 C                    -0.349003
     45 H                     0.258295
     46 C                     0.083812
     47 C                    -0.392537
     48 H                     0.249143
     49 C                    -0.156462
     50 B                     0.679417
     51 C                    -0.219187
     52 C                     0.050214
     53 C                    -0.373617
     54 H                     0.227644
     55 C                     0.108497
     56 C                    -0.362286
     57 H                     0.225932
     58 C                     0.047596
     59 C                    -0.723193
     60 H                     0.239148
     61 H                     0.239092
     62 H                     0.240250
     63 C                    -0.774599
     64 H                     0.252035
     65 H                     0.247042
     66 H                     0.247129
     67 C                    -0.770924
     68 H                     0.251193
     69 H                     0.246240
     70 H                     0.247097
     71 C                    -0.225551
     72 C                     0.047774
     73 C                    -0.372572
     74 H                     0.227678
     75 C                     0.108770
     76 C                    -0.361491
     77 H                     0.226172
     78 C                     0.052425
     79 C                    -0.723058
     80 H                     0.239111
     81 H                     0.238926
     82 H                     0.240803
     83 C                    -0.771289
     84 H                     0.251352
     85 H                     0.246854
     86 H                     0.245803
     87 C                    -0.772229
     88 H                     0.251763
     89 H                     0.246962
     90 H                     0.246817
  ----------------------------------------
  Sum of atomic charges =    -0.000000

 -----------------------------------------------------------------
                    Cartesian Multipole Moments
 -----------------------------------------------------------------
    Charge (ESU x 10^10)
                -0.0000
    Dipole Moment (Debye)
         X       0.1397      Y      -1.1295      Z       0.0679
       Tot       1.1401
    Quadrupole Moments (Debye-Ang)
        XX    -247.4226     XY      -1.8707     YY    -299.3813
        XZ      -9.3100     YZ       5.1401     ZZ    -234.5288
    Octopole Moments (Debye-Ang^2)
       XXX     -26.2725    XXY      35.0456    XYY      -3.0921
       YYY     294.8302    XXZ     366.6206    XYZ      52.7887
       YYZ     429.3034    XZZ      16.4141    YZZ     -11.4130
       ZZZ    1042.2182
    Hexadecapole Moments (Debye-Ang^3)
      XXXX  -18680.4002   XXXY     515.9266   XXYY   -3875.3907
      XYYY     642.2360   YYYY   -2354.3636   XXXZ    2229.8645
      XXYZ    -115.8997   XYYZ    1305.5442   YYYZ   -1051.2607
      XXZZ   -7273.5228   XYZZ     -83.2019   YYZZ   -6147.7512
      XZZZ    1472.1689   YZZZ    -188.4803   ZZZZ  -26302.2860
 -----------------------------------------------------------------
 -----------------------------------------------------------------
               TDA Excited-State Multipoles, State  1
 -----------------------------------------------------------------
    Charge (ESU x 10^10)
                -0.0000
    Dipole Moment (Debye)
         X       0.2393      Y      -1.1879      Z      -0.0392
       Tot       1.2124
    Quadrupole Moments (Debye-Ang)
        XX    -250.7959     XY      -1.9788     YY    -300.4111
        XZ     -14.6925     YZ       5.5975     ZZ    -231.7921
    Octopole Moments (Debye-Ang^2)
       XXX     -24.1574    XXY      35.0141    XYY      -2.9919
       YYY     294.8572    XXZ     368.1301    XYZ      54.0058
       YYZ     430.4936    XZZ      34.2472    YZZ     -13.4569
       ZZZ    1033.5211
    Hexadecapole Moments (Debye-Ang^3)
      XXXX  -18790.3706   XXXY     515.4618   XXYY   -3890.3238
      XYYY     642.9591   YYYY   -2367.7984   XXXZ    2163.6114
      XXYZ    -111.2059   XYYZ    1292.8632   YYYZ   -1049.0589
      XXZZ   -7278.5574   XYZZ     -89.4143   YYZZ   -6150.2959
      XZZZ    1357.9256   YZZZ    -179.7426   ZZZZ  -26257.8373
 -----------------------------------------------------------------
 -----------------------------------------------------------------
               TDA Excited-State Multipoles, State  2
 -----------------------------------------------------------------
    Charge (ESU x 10^10)
                -0.0000
    Dipole Moment (Debye)
         X       0.6557      Y      -1.4150      Z      -0.9117
       Tot       1.8065
    Quadrupole Moments (Debye-Ang)
        XX    -245.6901     XY      -2.5636     YY    -299.9176
        XZ     -19.2268     YZ       7.0160     ZZ    -219.6454
    Octopole Moments (Debye-Ang^2)
       XXX     -17.1132    XXY      30.4860    XYY      -1.5740
       YYY     293.7992    XXZ     353.3586    XYZ      60.4491
       YYZ     427.5478    XZZ      62.1199    YZZ     -27.8942
       ZZZ     940.3434
    Hexadecapole Moments (Debye-Ang^3)
      XXXX  -18644.6330   XXXY     500.4059   XXYY   -3878.3034
      XYYY     639.8681   YYYY   -2362.9497   XXXZ    2009.4766
      XXYZ     -87.8050   XYYZ    1281.2592   YYYZ   -1042.4760
      XXZZ   -7089.8268   XYZZ    -131.9452   YYZZ   -6120.3634
      XZZZ    1028.1619   YZZZ     -64.1679   ZZZZ  -25269.4322
 -----------------------------------------------------------------
 -----------------------------------------------------------------
               TDA Excited-State Multipoles, State  3
 -----------------------------------------------------------------
    Charge (ESU x 10^10)
                -0.0000
    Dipole Moment (Debye)
         X      -0.2459      Y      -1.2414      Z       1.3140
       Tot       1.8243
    Quadrupole Moments (Debye-Ang)
        XX    -246.6823     XY      -1.9533     YY    -299.7981
        XZ     -15.4233     YZ       5.2176     ZZ    -228.3552
    Octopole Moments (Debye-Ang^2)
       XXX     -27.5393    XXY      32.7072    XYY      -3.3834
       YYY     294.4508    XXZ     368.0954    XYZ      56.4100
       YYZ     430.6364    XZZ      18.9837    YZZ     -16.2272
       ZZZ    1071.9376
    Hexadecapole Moments (Debye-Ang^3)
      XXXX  -18670.0757   XXXY     511.5724   XXYY   -3878.3750
      XYYY     642.0927   YYYY   -2360.6468   XXXZ    2092.1362
      XXYZ    -105.8981   XYYZ    1291.6581   YYYZ   -1049.5773
      XXZZ   -7172.5527   XYZZ     -94.6129   YYZZ   -6138.5854
      XZZZ    1262.5111   YZZZ    -182.3185   ZZZZ  -26047.3166
 -----------------------------------------------------------------
 -----------------------------------------------------------------
               TDA Excited-State Multipoles, State  4
 -----------------------------------------------------------------
    Charge (ESU x 10^10)
                -0.0000
    Dipole Moment (Debye)
         X      -0.2546      Y      -1.0376      Z       0.1119
       Tot       1.0742
    Quadrupole Moments (Debye-Ang)
        XX    -251.3545     XY      -1.3599     YY    -299.7077
        XZ      -8.3477     YZ       4.7492     ZZ    -239.4251
    Octopole Moments (Debye-Ang^2)
       XXX     -40.3648    XXY      38.7320    XYY      -3.9189
       YYY     295.2006    XXZ     386.0182    XYZ      49.2266
       YYZ     430.5147    XZZ       7.2055    YZZ      -6.8052
       ZZZ    1047.5672
    Hexadecapole Moments (Debye-Ang^3)
      XXXX  -18819.1044   XXXY     535.3330   XXYY   -3886.2247
      XYYY     644.5892   YYYY   -2358.9819   XXXZ    2323.1076
      XXYZ    -137.5646   XYYZ    1308.2275   YYYZ   -1052.9227
      XXZZ   -7394.3159   XYZZ     -61.0390   YYZZ   -6159.0089
      XZZZ    1579.5179   YZZZ    -213.8138   ZZZZ  -26601.9993
 -----------------------------------------------------------------
 -----------------------------------------------------------------
               TDA Excited-State Multipoles, State  5
 -----------------------------------------------------------------
    Charge (ESU x 10^10)
                -0.0000
    Dipole Moment (Debye)
         X       0.2901      Y      -1.3358      Z      -0.0771
       Tot       1.3691
    Quadrupole Moments (Debye-Ang)
        XX    -249.8895     XY      -2.2470     YY    -301.0700
        XZ     -20.4034     YZ       6.3981     ZZ    -224.0310
    Octopole Moments (Debye-Ang^2)
       XXX     -22.1973    XXY      32.4280    XYY      -2.4778
       YYY     294.5585    XXZ     365.5373    XYZ      57.6959
       YYZ     430.8063    XZZ      52.5535    YZZ     -21.1095
       ZZZ     996.4324
    Hexadecapole Moments (Debye-Ang^3)
      XXXX  -18763.4493   XXXY     508.7846   XXYY   -3894.8747
      XYYY     642.5472   YYYY   -2375.3295   XXXZ    2034.5661
      XXYZ     -98.6690   XYYZ    1280.6281   YYYZ   -1045.9830
      XXZZ   -7196.3595   XYZZ    -108.7697   YYZZ   -6142.0417
      XZZZ    1151.9969   YZZZ    -128.9664   ZZZZ  -25766.2674
 -----------------------------------------------------------------
 -----------------------------------------------------------------
               TDA Excited-State Multipoles, State  6
 -----------------------------------------------------------------
    Charge (ESU x 10^10)
                -0.0000
    Dipole Moment (Debye)
         X      -0.7570      Y      -0.5204      Z      -0.2617
       Tot       0.9551
    Quadrupole Moments (Debye-Ang)
        XX    -219.1616     XY      -2.1303     YY    -296.6091
        XZ      39.7940     YZ       0.7289     ZZ    -260.3559
    Octopole Moments (Debye-Ang^2)
       XXX     -48.7632    XXY      44.6096    XYY      -6.8206
       YYY     296.5163    XXZ     317.5566    XYZ      35.1571
       YYZ     427.6455    XZZ    -135.9545    YZZ      26.2849
       ZZZ    1156.3274
    Hexadecapole Moments (Debye-Ang^3)
      XXXX  -17685.5238   XXXY     511.6111   XXYY   -3828.1607
      XYYY     639.8678   YYYY   -2311.2110   XXXZ    3532.8292
      XXYZ    -190.2041   XYYZ    1387.7174   YYYZ   -1070.3902
      XXZZ   -7217.0544   XYZZ      -0.0643   YYZZ   -6184.6372
      XZZZ    2915.6055   YZZZ    -436.4917   ZZZZ  -28361.2953
 -----------------------------------------------------------------
 -----------------------------------------------------------------
               TDA Excited-State Multipoles, State  7
 -----------------------------------------------------------------
    Charge (ESU x 10^10)
                -0.0000
    Dipole Moment (Debye)
         X       0.0314      Y      -1.6085      Z      -0.0747
       Tot       1.6105
    Quadrupole Moments (Debye-Ang)
        XX    -243.1602     XY      -2.5651     YY    -300.7810
        XZ     -26.9463     YZ       7.5984     ZZ    -208.8643
    Octopole Moments (Debye-Ang^2)
       XXX     -30.0210    XXY      26.6662    XYY      -2.0124
       YYY     293.4828    XXZ     359.2443    XYZ      65.1295
       YYZ     428.8910    XZZ      68.5044    YZZ     -37.1664
       ZZZ     923.1351
    Hexadecapole Moments (Debye-Ang^3)
      XXXX  -18567.6303   XXXY     499.1314   XXYY   -3884.9489
      XYYY     641.0825   YYYY   -2373.8046   XXXZ    1820.0877
      XXYZ     -77.9822   XYYZ    1266.2530   YYYZ   -1040.2189
      XXZZ   -6964.9538   XYZZ    -147.2726   YYZZ   -6111.7559
      XZZZ     764.9913   YZZZ     -16.9927   ZZZZ  -24627.0428
 -----------------------------------------------------------------
 -----------------------------------------------------------------
               TDA Excited-State Multipoles, State  8
 -----------------------------------------------------------------
    Charge (ESU x 10^10)
                -0.0000
    Dipole Moment (Debye)
         X      -0.9083      Y      -0.4681      Z      -0.2647
       Tot       1.0556
    Quadrupole Moments (Debye-Ang)
        XX    -217.1282     XY      -2.1187     YY    -296.3478
        XZ      43.0273     YZ       0.4129     ZZ    -261.7015
    Octopole Moments (Debye-Ang^2)
       XXX     -52.4692    XXY      45.3364    XYY      -7.2607
       YYY     296.7885    XXZ     313.7551    XYZ      34.1196
       YYZ     427.3633    XZZ    -147.2826    YZZ      28.6796
       ZZZ    1164.0787
    Hexadecapole Moments (Debye-Ang^3)
      XXXX  -17615.0812   XXXY     512.1073   XXYY   -3824.5366
      XYYY     639.6648   YYYY   -2308.3711   XXXZ    3619.7263
      XXYZ    -195.1902   XYYZ    1393.2803   YYYZ   -1071.8759
      XXZZ   -7207.0229   XYZZ       5.4972   YYZZ   -6185.9934
      XZZZ    3009.3314   YZZZ    -452.8265   ZZZZ  -28482.2839
 -----------------------------------------------------------------
 -----------------------------------------------------------------
               TDA Excited-State Multipoles, State  9
 -----------------------------------------------------------------
    Charge (ESU x 10^10)
                -0.0000
    Dipole Moment (Debye)
         X       0.7146      Y      -0.5072      Z       0.6313
       Tot       1.0800
    Quadrupole Moments (Debye-Ang)
        XX    -214.0663     XY      -2.2548     YY    -295.8776
        XZ      45.0767     YZ       0.0935     ZZ    -266.5016
    Octopole Moments (Debye-Ang^2)
       XXX     -10.4703    XXY      44.7002    XYY      -3.3648
       YYY     296.1314    XXZ     333.7317    XYZ      31.8641
       YYZ     429.2566    XZZ    -141.9701    YZZ      31.0524
       ZZZ    1185.6079
    Hexadecapole Moments (Debye-Ang^3)
      XXXX  -17508.7382   XXXY     508.8461   XXYY   -3818.2276
      XYYY     638.4123   YYYY   -2303.1671   XXXZ    3675.5756
      XXYZ    -201.6209   XYYZ    1395.0132   YYYZ   -1073.0786
      XXZZ   -7265.4619   XYZZ      12.9046   YYZZ   -6194.2890
      XZZZ    3060.5303   YZZZ    -468.9758   ZZZZ  -28699.5153
 -----------------------------------------------------------------
 -----------------------------------------------------------------
               TDA Excited-State Multipoles, State 10
 -----------------------------------------------------------------
    Charge (ESU x 10^10)
                -0.0000
    Dipole Moment (Debye)
         X       0.9282      Y      -0.5078      Z       0.7338
       Tot       1.2875
    Quadrupole Moments (Debye-Ang)
        XX    -213.4737     XY      -2.3263     YY    -295.8022
        XZ      45.7090     YZ       0.0017     ZZ    -267.2571
    Octopole Moments (Debye-Ang^2)
       XXX      -4.9695    XXY      44.7024    XYY      -2.8688
       YYY     296.0694    XXZ     335.8885    XYZ      31.5158
       YYZ     429.4963    XZZ    -142.1986    YZZ      31.6761
       ZZZ    1188.5405
    Hexadecapole Moments (Debye-Ang^3)
      XXXX  -17487.3201   XXXY     508.2566   XXYY   -3817.1116
      XYYY     637.5741   YYYY   -2302.1985   XXXZ    3693.4749
      XXYZ    -203.0013   XYYZ    1395.8614   YYYZ   -1073.7272
      XXZZ   -7272.7821   XYZZ      14.2459   YYZZ   -6195.6227
      XZZZ    3077.6931   YZZZ    -472.5973   ZZZZ  -28738.6552
 -----------------------------------------------------------------
 -----------------------------------------------------------------
               TDA Excited-State Multipoles, State 11
 -----------------------------------------------------------------
    Charge (ESU x 10^10)
                -0.0000
    Dipole Moment (Debye)
         X       0.2592      Y      -1.5716      Z       0.7041
       Tot       1.7415
    Quadrupole Moments (Debye-Ang)
        XX    -242.8664     XY      -2.8144     YY    -300.4318
        XZ     -26.5814     YZ       7.1425     ZZ    -211.4345
    Octopole Moments (Debye-Ang^2)
       XXX     -15.1805    XXY      25.8497    XYY      -1.6500
       YYY     293.5981    XXZ     349.5640    XYZ      65.8037
       YYZ     429.1298    XZZ      65.6479    YZZ     -34.2895
       ZZZ     981.2976
    Hexadecapole Moments (Debye-Ang^3)
      XXXX  -18545.1705   XXXY     487.3287   XXYY   -3879.1000
      XYYY     639.4737   YYYY   -2369.6238   XXXZ    1811.9367
      XXYZ     -68.1984   XYYZ    1267.7269   YYYZ   -1041.9231
      XXZZ   -6929.4315   XYZZ    -150.7761   YYZZ   -6113.8678
      XZZZ     777.6397   YZZZ     -56.4831   ZZZZ  -24929.0216
 -----------------------------------------------------------------
 -----------------------------------------------------------------
               TDA Excited-State Multipoles, State 12
 -----------------------------------------------------------------
    Charge (ESU x 10^10)
                -0.0000
    Dipole Moment (Debye)
         X      -0.4299      Y      -1.0854      Z       0.2309
       Tot       1.1900
    Quadrupole Moments (Debye-Ang)
        XX    -250.7144     XY      -1.2974     YY    -299.9800
        XZ      -9.9001     YZ       4.8709     ZZ    -236.6910
    Octopole Moments (Debye-Ang^2)
       XXX     -46.7697    XXY      38.3393    XYY      -4.1432
       YYY     295.2983    XXZ     390.5333    XYZ      49.7053
       YYZ     430.9538    XZZ       7.5146    YZZ      -8.5127
       ZZZ    1039.2558
    Hexadecapole Moments (Debye-Ang^3)
      XXXX  -18795.1044   XXXY     538.7504   XXYY   -3888.0491
      XYYY     645.3078   YYYY   -2360.8966   XXXZ    2298.7451
      XXYZ    -140.1800   XYYZ    1308.0460   YYYZ   -1053.4318
      XXZZ   -7391.1243   XYZZ     -59.5873   YYZZ   -6160.4645
      XZZZ    1558.8528   YZZZ    -205.1179   ZZZZ  -26474.5107
 -----------------------------------------------------------------
Archival summary:
1\1\ctcp010\SP\ProcedureUnspecified\BasisUnspecified\50238\mewes\ThuOct1813:31:222018ThuOct1813:31:222018\0\\#,ProcedureUnspecified,BasisUnspecified,\\0,1\C\C,1,1.39887\H,2,1.08465,1,119.412\C,2,1.37256,1,120.135,3,-178.041,0\C,4,1.44515,2,130.897,1,176.174,0\C,5,1.37553,4,134.767,2,2.05882,0\H,6,1.08258,5,121.815,4,1.6732,0\C,6,1.40917,5,118.374,4,-177.935,0\H,8,1.08226,6,118.611,5,-179.966,0\C,8,1.37773,6,122.443,5,0.429864,0\H,10,1.08309,8,119.758,6,179.458,0\C,5,1.41001,4,106.294,2,-176.047,0\C,12,1.39195,5,123.711,4,177.789,0\C,12,1.41233,5,111.703,4,-0.600965,0\C,14,1.374,12,118.071,5,178.431,0\H,15,1.08221,14,121.761,12,-179.424,0\C,15,1.4118,14,118.587,12,0.084071,0\H,17,1.08203,15,118.402,14,-179.785,0\C,17,1.37701,15,122.762,14,-0.071086,0\H,19,1.08299,17,119.963,15,-179.681,0\C,4,1.44969,2,120.742,1,-0.388912,0\C,21,1.37514,4,119.747,2,-1.80169,0\H,22,1.08426,21,120.617,4,-179.395,0\C,22,1.40642,21,120.31,4,2.04189,0\B,1,1.53373,2,119.25,3,3.80301,0\C,25,1.53329,1,118.551,2,176.656,0\C,26,1.39762,25,119.542,1,-175.414,0\H,27,1.08477,26,119.277,25,-1.51639,0\C,27,1.37451,26,120.197,25,177.041,0\C,29,1.4414,27,131.167,26,-175.994,0\C,30,1.37685,29,134.718,27,-0.061871,0\H,31,1.08269,30,121.814,29,-1.53258,0\C,31,1.40825,30,118.193,29,178.003,0\H,33,1.08231,31,118.593,30,-179.89,0\C,33,1.37894,31,122.519,30,-0.187179,0\H,35,1.08293,33,119.633,31,-179.667,0\C,30,1.41267,29,106.259,27,177.945,0\C,37,1.39075,30,123.805,29,-178.317,0\C,37,1.41324,30,111.728,29,0.022609,0\C,39,1.37434,37,118.338,30,-178.731,0\H,40,1.08219,39,121.703,37,179.487,0\C,40,1.41037,39,118.395,37,-0.190977,0\H,42,1.082,40,118.457,39,-179.976,0\C,42,1.3778,40,122.758,39,0.421155,0\H,44,1.08289,42,119.812,40,179.531,0\C,39,1.44964,37,106.401,30,-0.354702,0\C,46,1.37546,39,132.744,37,-176.701,0\H,47,1.08409,46,120.519,39,-2.03902,0\C,47,1.40487,46,120.386,39,176.279,0\B,24,1.53726,22,120.313,21,177.393,0\C,50,1.57234,24,120.377,22,4.20187,0\C,51,1.39756,50,120.305,24,88.5492,0\C,52,1.39128,51,119.943,50,179.645,0\H,53,1.08504,52,119.212,51,-179.777,0\C,53,1.38779,52,121.432,51,0.121763,0\C,55,1.39034,53,118.191,52,0.347517,0\H,56,1.0857,55,119.246,53,179.607,0\C,56,1.38851,55,121.563,53,-0.414746,0\C,55,1.50112,53,121.37,52,-179.284,0\H,59,1.08948,55,111.632,53,-4.92168,0\H,59,1.09108,55,111.531,53,-125.332,0\H,59,1.09166,55,111.343,53,115.135,0\C,52,1.50354,51,119.72,50,-0.467558,0\H,63,1.08986,52,111.839,51,177.898,0\H,63,1.09218,52,111.508,51,57.45,0\H,63,1.09235,52,111.406,51,-61.7628,0\C,58,1.5041,56,120.254,55,-179.991,0\H,67,1.08998,58,111.715,56,-4.08306,0\H,67,1.09217,58,111.533,56,-124.492,0\H,67,1.09245,58,111.621,56,116.271,0\C,25,1.576,1,120.265,2,-0.152792,0\C,71,1.39946,25,120.152,1,88.3793,0\C,72,1.39127,71,119.984,25,-179.66,0\H,73,1.08529,72,119.102,71,-179.826,0\C,73,1.38718,72,121.619,71,0.170229,0\C,75,1.39014,73,118.046,72,-0.079261,0\H,76,1.08551,75,119.257,73,-179.895,0\C,76,1.3888,75,121.516,73,-0.005999,0\C,75,1.50148,73,121.193,72,179.364,0\H,79,1.08962,75,111.577,73,8.78133,0\H,79,1.0909,75,111.599,73,129.19,0\H,79,1.0918,75,111.391,73,-111.189,0\C,78,1.50279,76,120.234,75,179.597,0\H,83,1.08989,78,111.815,76,3.8191,0\H,83,1.09194,78,111.428,76,124.36,0\H,83,1.09237,78,111.269,76,-116.511,0\C,72,1.50397,71,120.252,25,0.065179,0\H,87,1.09003,72,111.671,71,178.86,0\H,87,1.09193,72,111.7,71,58.4842,0\H,87,1.09216,72,111.438,71,-60.9655,0\\\@

 Total job time:  8664.16s(wall), 28625.01s(cpu) 
 Thu Oct 18 13:31:22 2018

        *************************************************************
        *                                                           *
        *  Thank you very much for using Q-Chem.  Have a nice day.  *
        *                                                           *
        *************************************************************


0 sent ACK to 0 
now end server 0 ... 
