mFile = /cm/shared/apps/q-chem/intel/QCHEM_5.1.0_Trunk/bin/mpi/machines
Process 0 of 1 is on ctcp020 - thread support 0
initial socket setup ...start
initial socket setup ...done 
now start server 0 ... 
Q-Chem Developer Version!
                  Welcome to Q-Chem
     A Quantum Leap Into The Future Of Chemistry


 Q-Chem 5.1, Q-Chem, Inc., Pleasanton, CA (2018)

 Yihan Shao,  Zhengting Gan,  E. Epifanovsky,  A. T. B. Gilbert,  M. Wormit,  
 J. Kussmann,  A. W. Lange,  A. Behn,  Jia Deng,  Xintian Feng,  D. Ghosh,  
 M. Goldey,  P. R. Horn,  L. D. Jacobson,  I. Kaliman,  T. Kus,  A. Landau,  
 Jie Liu,  E. I. Proynov,  R. M. Richard,  R. P. Steele,  E. J. Sundstrom,  
 H. L. Woodcock III,  P. M. Zimmerman,  D. Zuev,  B. Albrecht,  E. Alguire,  
 S. A. Baeppler,  D. Barton,  Z. Benda,  Y. A. Bernard,  E. J. Berquist,  
 K. B. Bravaya,  H. Burton,  D. Casanova,  Chun-Min Chang,  Yunqing Chen,  
 A. Chien,  K. D. Closser,  M. P. Coons,  S. Coriani,  S. Dasgupta,  
 A. L. Dempwolff,  M. Diedenhofen,  Hainam Do,  R. G. Edgar,  Po-Tung Fang,  
 S. Faraji,  S. Fatehi,  Qingguo Feng,  K. D. Fenk,  J. Fosso-Tande,  
 Qinghui Ge,  A. Ghysels,  G. Gidofalvi,  J. Gomes,  J. Gonthier,  A. Gunina,  
 D. Hait,  M. W. D. Hanson-Heine,  P. H. P. Harbach,  A. W. Hauser,  
 J. E. Herr,  E. G. Hohenstein,  Z. C. Holden,  Kerwin Hui,  B. C. Huynh,  
 T.-C. Jagau,  Hyunjun Ji,  B. Kaduk,  K. Khistyaev,  Jaehoon Kim,  
 P. Klunzinger,  K. Koh,  D. Kosenkov,  L. Koulias,  T. Kowalczyk,  
 C. M. Krauter,  A. Kunitsa,  Ka Un Lao,  A. Laurent,  K. V. Lawler,  
 Joonho Lee,  D. Lefrancois,  S. Lehtola,  D. S. Levine,  Yi-Pei Li,  
 You-Sheng Lin,  Fenglai Liu,  E. Livshits,  A. Luenser,  P. Manohar,  
 E. Mansoor,  S. F. Manzer,  Shan-Ping Mao,  Yuezhi Mao,  N. Mardirossian,  
 A. V. Marenich,  T. Markovich,  L. A. Martinez-Martinez,  S. A. Maurer,  
 N. J. Mayhall,  S. C. McKenzie,  J.-M. Mewes,  A. F. Morrison,  
 J. W. Mullinax,  K. Nanda,  T. S. Nguyen-Beck,  R. Olivares-Amaya,  
 J. A. Parkhill,  T. M. Perrine,  F. Plasser,  P. Pokhilko,  S. Prager,  
 A. Prociuk,  E. Ramos,  D. R. Rehn,  F. Rob,  M. Schneider,  N. Sergueev,  
 S. M. Sharada,  S. Sharma,  D. W. Small,  T. Stauch,  T. Stein,  
 Yu-Chuan Su,  A. J. W. Thom,  A. Tkatchenko,  T. Tsuchimochi,  N. M. Tubman,  
 L. Vogt,  M. L. Vidal,  O. Vydrov,  M. A. Watson,  J. Wenzel,  
 M. de Wergifosse,  T. A. Wesolowski,  A. White,  J. Witte,  A. Yamada,  
 Jun Yang,  K. Yao,  S. Yeganeh,  S. R. Yost,  Zhi-Qiang You,  A. Zech,  
 Igor Ying Zhang,  Xing Zhang,  Yan Zhao,  Ying Zhu,  B. R. Brooks,  
 G. K. L. Chan,  C. J. Cramer,  M. S. Gordon,  W. J. Hehre,  A. Klamt,  
 M. W. Schmidt,  C. D. Sherrill,  D. G. Truhlar,  A. Aspuru-Guzik,  R. Baer,  
 A. T. Bell,  N. A. Besley,  Jeng-Da Chai,  A. E. DePrince, III,  
 R. A. DiStasio Jr.,  A. Dreuw,  B. D. Dunietz,  T. R. Furlani,  
 Chao-Ping Hsu,  Yousung Jung,  Jing Kong,  D. S. Lambrecht,  WanZhen Liang,  
 C. Ochsenfeld,  V. A. Rassolov,  L. V. Slipchenko,  J. E. Subotnik,  
 T. Van Voorhis,  J. M. Herbert,  A. I. Krylov,  P. M. W. Gill,  M. Head-Gordon

 Contributors to earlier versions of Q-Chem not listed above: 
 R. D. Adamson,  B. Austin,  J. Baker,  G. J. O. Beran,  K. Brandhorst,  
 S. T. Brown,  E. F. C. Byrd,  A. K. Chakraborty,  C.-L. Cheng,  
 Siu Hung Chien,  D. M. Chipman,  D. L. Crittenden,  H. Dachsel,  
 R. J. Doerksen,  A. D. Dutoi,  L. Fusti-Molnar,  W. A. Goddard III,  
 A. Golubeva-Zadorozhnaya,  S. R. Gwaltney,  G. Hawkins,  A. Heyden,  
 S. Hirata,  G. Kedziora,  F. J. Keil,  C. Kelley,  Jihan Kim,  R. A. King,  
 R. Z. Khaliullin,  P. P. Korambath,  W. Kurlancheek,  A. M. Lee,  M. S. Lee,  
 S. V. Levchenko,  Ching Yeh Lin,  D. Liotard,  R. C. Lochan,  I. Lotan,  
 P. E. Maslen,  N. Nair,  D. P. O'Neill,  D. Neuhauser,  E. Neuscamman,  
 C. M. Oana,  R. Olson,  B. Peters,  R. Peverati,  P. A. Pieniazek,  
 Y. M. Rhee,  J. Ritchie,  M. A. Rohrdanz,  E. Rosta,  N. J. Russ,  
 H. F. Schaefer III,  N. E. Schultz,  N. Shenvi,  A. C. Simmonett,  A. Sodt,  
 D. Stuck,  K. S. Thanthiriwatte,  V. Vanovschi,  Tao Wang,  A. Warshel,  
 C. F. Williams,  Q. Wu,  X. Xu,  W. Zhang

 Please cite Q-Chem as follows:
 Y. Shao et al., Mol. Phys. 113, 184-215 (2015)
 DOI: 10.1080/00268976.2014.952696

 Q-Chem 5.1.1 for Intel X86 EM64T Linux

 Parts of Q-Chem use Armadillo 8.300.2 (Tropical Shenanigans).
 http://arma.sourceforge.net/

 Q-Chem begins on Wed Oct 31 11:03:56 2018  

Host: ctcp020
0

     Scratch files written to /scratch/mewes/139021/singlet.out.plots//
 Parallel job on  1  processors
Symmetry turned off for PCM/SM12/SMD calculation
Input Ideriv = 2
Curr. Ideriv = -1
Max.  Ideriv = 2
Input Ideriv = 2
Curr. Ideriv = 2
Max.  Ideriv = 2

Checking the input file for inconsistencies... 	...done.

--------------------------------------------------------------
User input:
--------------------------------------------------------------
$rem
threads 8
jobtype sp
method PBEh-3c
basis def2-mSVP
mem_static      1024
mem_total       8000
sym_ignore      true
unrestricted true
scf_algorithm	diis
scf_max_cycles	250
solvent_method  pcm
make_cube_files	true
$end

$pcm
theory  iefpcm
$end

$solvent
dielectric      2.38
$end


$plots
att. det. elec. hole and diff. dens for moms1opt_tol.out
156 -9.64 10.02
83 -6.60 5.73
170 -12.00 9.07
0 1 0 0
0  
$end


$molecule
0 1
C         0.0250415695   -0.4037281803    0.0778105540
C         0.0209059204   -0.3908703706    1.4893074942
H         0.9686030967   -0.4032883839    2.0178161367
C        -1.1607115466   -0.3592635115    2.1951083292
C        -2.3988686102   -0.3334951187    1.4877829195
C        -2.4224284615   -0.3425984508    0.1188585387
H        -3.3791556307   -0.3189068413   -0.3965086047
C        -1.2210845110   -0.3786856888   -0.6214331556
C        -1.4700030195   -0.3418784301    3.6254691596
C        -0.7415620151   -0.3529668152    4.7880968627
H         0.3409042836   -0.3795424136    4.7833185884
C        -2.8779968481   -0.3070705405    3.7281734761
C        -3.5876953756   -0.2829796629    4.9249443516
C        -3.4863757784   -0.2996047610    2.4582100312
C        -4.8560680462   -0.2654939031    2.3777923989
H        -5.3734531915   -0.2570517042    1.4257239668
C        -1.4353822699   -0.3290592929    6.0217072452
H        -0.8557806406   -0.3380977613    6.9359170064
C        -2.8084900264   -0.2951058380    6.1069553265
H        -3.2910509150   -0.2775746891    7.0764836232
C        -5.6005290043   -0.2405053435    3.5787159609
H        -6.6813858271   -0.2136067962    3.5188201664
C        -5.0001376710   -0.2488958748    4.8174587933
H        -5.6110145144   -0.2288467101    5.7118459621
B        -1.2345046301   -0.3814119277   -2.1479889019
C         0.0700072949   -0.3851716693   -2.9388985060
C         0.0675514467   -0.3848275188   -4.3499063129
H        -0.8718504868   -0.3607569256   -4.8960688334
C         1.2430765870   -0.4173427996   -5.0489910963
C         2.4947161070   -0.4589320395   -4.3679358651
C         2.5155388919   -0.4588472811   -2.9925734165
H         3.4618538420   -0.4982522075   -2.4636748595
C         1.3176959959   -0.4173984563   -2.2470336398
C         1.4973079629   -0.4313063373   -6.4855358881
C         0.7122869437   -0.4080811086   -7.6115515908
H        -0.3687640636   -0.3642294491   -7.5542043407
C         2.8955996720   -0.4863935585   -6.6357139722
C         3.5407125110   -0.5227706146   -7.8699843368
C         3.5481717963   -0.5058146702   -5.3845826723
C         4.9192498104   -0.5655669546   -5.3794853542
H         5.4855374802   -0.5865344251   -4.4569700471
C         1.3417534631   -0.4422241307   -8.8768148109
H         0.7225865084   -0.4235473638   -9.7650500011
C         2.7096000018   -0.4985222059   -9.0169058290
H         3.1507100023   -0.5242653273  -10.0060931477
C         5.6035777179   -0.6029277018   -6.6182141484
H         6.6850174866   -0.6503032221   -6.6053908135
C         4.9541980732   -0.5828734397   -7.8310696862
H         5.5228033025   -0.6144697892   -8.7525941986
B         1.3521539217   -0.4338264185   -0.7065963753
C        -2.6064761279   -0.4136496428   -2.9302126274
C        -3.3467453602    0.7902988719   -3.1853624002
C        -4.5168305549    0.7347819845   -3.8834570019
H        -5.0968771405    1.6287839884   -4.0803327657
C        -5.0054527416   -0.5031530129   -4.3799097019
O        -6.1285028410   -0.4333299838   -5.0410487153
C        -4.2937683707   -1.6973360166   -4.1496058805
H        -4.6583391805   -2.6421674852   -4.5313682124
C        -3.1294716319   -1.6640778283   -3.4313316505
C        -6.7325915970   -1.6014990738   -5.5968390962
H        -7.6426610698   -1.2623185048   -6.0807212036
H        -6.9819999853   -2.3210151293   -4.8167473251
H        -6.0789795976   -2.0646489450   -6.3363151360
C        -2.8196082204    2.1181008341   -2.7304209798
H        -2.2522937304    1.9971698856   -1.8069239069
H        -3.6589526878    2.7789335304   -2.5031768856
C        -2.4172234146   -2.9496444459   -3.1429607291
H        -1.3401573789   -2.7819940320   -3.1207255979
H        -2.6148357846   -3.6597968248   -3.9487820812
C        -1.9346717977    2.7628865492   -3.7974294556
H        -1.0637085539    2.1468211285   -4.0182526377
H        -1.5746152771    3.7314934785   -3.4525390794
H        -2.4855507279    2.9183849249   -4.7259517602
C        -2.8691297174   -3.5520804414   -1.8105009982
H        -2.6506874934   -2.8846336346   -0.9784158451
H        -2.3438504153   -4.4890835050   -1.6297024142
H        -3.9399130453   -3.7589317653   -1.8120949816
C         2.7350669575   -0.4919114517    0.0518680223
C         3.5122516587    0.6574727651    0.2257335931
C         4.7304561343    0.6055420902    0.9045009026
H         5.2973910589    1.5213262949    1.0213977130
C         5.1941687044   -0.5987301397    1.4150797408
O         6.3591299270   -0.7489706495    2.0863165760
C         4.4321707990   -1.7501620378    1.2413567822
H         4.8007477165   -2.6896086218    1.6392543625
C         3.2189204556   -1.7049542320    0.5728272206
C         7.1509759332    0.3897227106    2.3065755006
H         8.0233529935    0.0599107442    2.8672508121
H         7.4914633795    0.8464430173    1.3716811113
H         6.6280524393    1.1516902209    2.8934794189
C         3.0264913531    1.9974582421   -0.2666636185
H         2.4758414786    1.8785456489   -1.2026041676
H         3.8837106194    2.6354078477   -0.4988601951
C         2.4566260012   -2.9918913536    0.3762230200
H         1.3817307375   -2.8058512021    0.4341911205
H         2.6900184258   -3.6804600817    1.1926226970
C         2.7775256274   -3.6674232253   -0.9559909249
H         2.5015074781   -3.0329781485   -1.7982414381
H         3.8430297395   -3.8855826698   -1.0396470416
H         2.2337572331   -4.6081985826   -1.0571918949
C         2.1336908458    2.7039570306    0.7515401828
H         1.2361769390    2.1209221575    0.9586237136
H         2.6570976420    2.8554380605    1.6966577118
H         1.8165692572    3.6805724784    0.3824029177
$end
--------------------------------------------------------------
 Adding empirical dispersion correction 
 ----------------------------------------------------------------
 Doing -D3(BJ) with
 s6 =   1.00000
 s8 =   0.00000
 a1 =   0.48600
 a2 =   4.50000
 -D3 energy including 3body term =     -0.0957790346 hartrees
 ----------------------------------------------------------------
 Adding gCP correction 
 ----------------------------------------------------------------
 gCP energy =      0.1524218027 hartrees
 ----------------------------------------------------------------
             Standard Nuclear Orientation (Angstroms)
    I     Atom           X                Y                Z
 ----------------------------------------------------------------
    1      C       0.0250415695    -0.4037281803     0.0778105540
    2      C       0.0209059204    -0.3908703706     1.4893074942
    3      H       0.9686030967    -0.4032883839     2.0178161367
    4      C      -1.1607115466    -0.3592635115     2.1951083292
    5      C      -2.3988686102    -0.3334951187     1.4877829195
    6      C      -2.4224284615    -0.3425984508     0.1188585387
    7      H      -3.3791556307    -0.3189068413    -0.3965086047
    8      C      -1.2210845110    -0.3786856888    -0.6214331556
    9      C      -1.4700030195    -0.3418784301     3.6254691596
   10      C      -0.7415620151    -0.3529668152     4.7880968627
   11      H       0.3409042836    -0.3795424136     4.7833185884
   12      C      -2.8779968481    -0.3070705405     3.7281734761
   13      C      -3.5876953756    -0.2829796629     4.9249443516
   14      C      -3.4863757784    -0.2996047610     2.4582100312
   15      C      -4.8560680462    -0.2654939031     2.3777923989
   16      H      -5.3734531915    -0.2570517042     1.4257239668
   17      C      -1.4353822699    -0.3290592929     6.0217072452
   18      H      -0.8557806406    -0.3380977613     6.9359170064
   19      C      -2.8084900264    -0.2951058380     6.1069553265
   20      H      -3.2910509150    -0.2775746891     7.0764836232
   21      C      -5.6005290043    -0.2405053435     3.5787159609
   22      H      -6.6813858271    -0.2136067962     3.5188201664
   23      C      -5.0001376710    -0.2488958748     4.8174587933
   24      H      -5.6110145144    -0.2288467101     5.7118459621
   25      B      -1.2345046301    -0.3814119277    -2.1479889019
   26      C       0.0700072949    -0.3851716693    -2.9388985060
   27      C       0.0675514467    -0.3848275188    -4.3499063129
   28      H      -0.8718504868    -0.3607569256    -4.8960688334
   29      C       1.2430765870    -0.4173427996    -5.0489910963
   30      C       2.4947161070    -0.4589320395    -4.3679358651
   31      C       2.5155388919    -0.4588472811    -2.9925734165
   32      H       3.4618538420    -0.4982522075    -2.4636748595
   33      C       1.3176959959    -0.4173984563    -2.2470336398
   34      C       1.4973079629    -0.4313063373    -6.4855358881
   35      C       0.7122869437    -0.4080811086    -7.6115515908
   36      H      -0.3687640636    -0.3642294491    -7.5542043407
   37      C       2.8955996720    -0.4863935585    -6.6357139722
   38      C       3.5407125110    -0.5227706146    -7.8699843368
   39      C       3.5481717963    -0.5058146702    -5.3845826723
   40      C       4.9192498104    -0.5655669546    -5.3794853542
   41      H       5.4855374802    -0.5865344251    -4.4569700471
   42      C       1.3417534631    -0.4422241307    -8.8768148109
   43      H       0.7225865084    -0.4235473638    -9.7650500011
   44      C       2.7096000018    -0.4985222059    -9.0169058290
   45      H       3.1507100023    -0.5242653273   -10.0060931477
   46      C       5.6035777179    -0.6029277018    -6.6182141484
   47      H       6.6850174866    -0.6503032221    -6.6053908135
   48      C       4.9541980732    -0.5828734397    -7.8310696862
   49      H       5.5228033025    -0.6144697892    -8.7525941986
   50      B       1.3521539217    -0.4338264185    -0.7065963753
   51      C      -2.6064761279    -0.4136496428    -2.9302126274
   52      C      -3.3467453602     0.7902988719    -3.1853624002
   53      C      -4.5168305549     0.7347819845    -3.8834570019
   54      H      -5.0968771405     1.6287839884    -4.0803327657
   55      C      -5.0054527416    -0.5031530129    -4.3799097019
   56      O      -6.1285028410    -0.4333299838    -5.0410487153
   57      C      -4.2937683707    -1.6973360166    -4.1496058805
   58      H      -4.6583391805    -2.6421674852    -4.5313682124
   59      C      -3.1294716319    -1.6640778283    -3.4313316505
   60      C      -6.7325915970    -1.6014990738    -5.5968390962
   61      H      -7.6426610698    -1.2623185048    -6.0807212036
   62      H      -6.9819999853    -2.3210151293    -4.8167473251
   63      H      -6.0789795976    -2.0646489450    -6.3363151360
   64      C      -2.8196082204     2.1181008341    -2.7304209798
   65      H      -2.2522937304     1.9971698856    -1.8069239069
   66      H      -3.6589526878     2.7789335304    -2.5031768856
   67      C      -2.4172234146    -2.9496444459    -3.1429607291
   68      H      -1.3401573789    -2.7819940320    -3.1207255979
   69      H      -2.6148357846    -3.6597968248    -3.9487820812
   70      C      -1.9346717977     2.7628865492    -3.7974294556
   71      H      -1.0637085539     2.1468211285    -4.0182526377
   72      H      -1.5746152771     3.7314934785    -3.4525390794
   73      H      -2.4855507279     2.9183849249    -4.7259517602
   74      C      -2.8691297174    -3.5520804414    -1.8105009982
   75      H      -2.6506874934    -2.8846336346    -0.9784158451
   76      H      -2.3438504153    -4.4890835050    -1.6297024142
   77      H      -3.9399130453    -3.7589317653    -1.8120949816
   78      C       2.7350669575    -0.4919114517     0.0518680223
   79      C       3.5122516587     0.6574727651     0.2257335931
   80      C       4.7304561343     0.6055420902     0.9045009026
   81      H       5.2973910589     1.5213262949     1.0213977130
   82      C       5.1941687044    -0.5987301397     1.4150797408
   83      O       6.3591299270    -0.7489706495     2.0863165760
   84      C       4.4321707990    -1.7501620378     1.2413567822
   85      H       4.8007477165    -2.6896086218     1.6392543625
   86      C       3.2189204556    -1.7049542320     0.5728272206
   87      C       7.1509759332     0.3897227106     2.3065755006
   88      H       8.0233529935     0.0599107442     2.8672508121
   89      H       7.4914633795     0.8464430173     1.3716811113
   90      H       6.6280524393     1.1516902209     2.8934794189
   91      C       3.0264913531     1.9974582421    -0.2666636185
   92      H       2.4758414786     1.8785456489    -1.2026041676
   93      H       3.8837106194     2.6354078477    -0.4988601951
   94      C       2.4566260012    -2.9918913536     0.3762230200
   95      H       1.3817307375    -2.8058512021     0.4341911205
   96      H       2.6900184258    -3.6804600817     1.1926226970
   97      C       2.7775256274    -3.6674232253    -0.9559909249
   98      H       2.5015074781    -3.0329781485    -1.7982414381
   99      H       3.8430297395    -3.8855826698    -1.0396470416
  100      H       2.2337572331    -4.6081985826    -1.0571918949
  101      C       2.1336908458     2.7039570306     0.7515401828
  102      H       1.2361769390     2.1209221575     0.9586237136
  103      H       2.6570976420     2.8554380605     1.6966577118
  104      H       1.8165692572     3.6805724784     0.3824029177
 ----------------------------------------------------------------
 Nuclear Repulsion Energy =  7607.1723700990 hartrees
 There are      198 alpha and      198 beta electrons
 Requested basis set is def2-mSVP
 There are 498 shells and 962 basis functions

 Total QAlloc Memory Limit   8000 MB
 Mega-Array Size      1001 MB
 MEM_STATIC part      1024 MB
 Discretize the solute cavity surface with Lebedev spheres
	Using 302 Lebedev grid points for each H atom
	Using 302 Lebedev grid points for other atoms
	Atomic van der Waals radii will be scaled by 1.20
 Remove points where switching function is < 1.0e-08
 Keep 10993 surface tesserae and discard 20415 interior tesserae
 Molecular Surface Area = 794.279 Angst**2
 A cutoff of  1.0D-08 yielded  33567 shell pairs
 There are    132119 function pairs (    145574 Cartesian)
 
 -------------------------------------------------------
 OpenMP Integral Computing Module                       
 Release: version 1.0, May 2013, Q-Chem Inc. Pittsburgh 
 -------------------------------------------------------
 Integral Job Info:
 Integral job number is                      11
 Integral operator is                         1
 short-range coefficients                     0
 long-range coefficients              100000000
 Omega coefficients                           0
 if combine SR and LR in K                    0
 Integral screening is                        0
 Integral computing path is                   2
 max size of driver memory is            800000
 size of driver memory is                593474
 size of scratch memory is              1809772
 max col of scratch BK array               1296
 max len of scratch array in speh3          155
 max len of scratch index in speh4           18
 max int batch size is                      520
 min int batch size is                       52
 fixed nKL is                                52
 max L of basis functions is                  2
 order of int derivative is                   0
 number of shells is                        498
 number of basis is                        1020
 number of cartesian basis is              1020
 number of contracted shell pairs         33567
 number of primitive shell pairs          70198
 maxK2 (contraction) of shell pair           25
 max number of K2 of shell pair               1
 max number of CS2 of shell pair           8280
 max number of PS2 of shell pair          11845
 mem total for path MDJ                  839196
 -------------------------------------------------------
 Smallest overlap matrix eigenvalue = 1.96E-04

 Scale SEOQF with 1.000000e-02/1.000000e-01/1.000000e-02

 Standard Electronic Orientation quadrupole field applied
 Nucleus-field energy     =    -0.0000000003 hartrees
 Guess from superposition of atomic densities
 Warning:  Energy on first SCF cycle will be non-variational
 SAD guess density has 396.000000 electrons

 -----------------------------------------------------------------------
  General SCF calculation program by
  Eric Jon Sundstrom, Paul Horn, Yuezhi Mao, Dmitri Zuev, Alec White,
  David Stuck, Shaama M.S., Shane Yost, Joonho Lee, David Small,
  Daniel Levine, Susi Lehtola, Hugh Burton, Evgeny Epifanovsky
 -----------------------------------------------------------------------
 Exchange:     0.4200 Hartree-Fock + 0.5800 PBEh-3c
 Correlation:  1.0000 PBEh-3c
 Using SG-1 standard quadrature grid
 Dispersion:   Grimme D3
 using 8 threads for integral computing
 -------------------------------------------------------
 OpenMP Integral computing Module                
 Release: version 2.0, May 2017, Q-Chem Inc. Pleasanton 
 -------------------------------------------------------
 -------------------------------------------------------
 OpenMP BLAS3 based DFT computing Module                
 Release: version 1.0, May 2013, Q-Chem Inc. Pittsburgh 
 -------------------------------------------------------
 A unrestricted SCF calculation will be
 performed using DIIS
 SCF converges when DIIS error is below 1.0e-05
 ---------------------------------------
  Cycle       Energy         DIIS error
 ---------------------------------------
 Using non-symmetric K matrix
 Warning: not using a symmetric Q
    1   -2299.3588030426      1.36e-02  
    2   -2280.2652632105      9.17e-04  
    3   -2280.4432100778      7.37e-04  
    4   -2280.6849555301      2.52e-04  
    5   -2280.7139894813      9.86e-05  
    6   -2280.7187109026      2.80e-05  
    7   -2280.7190667623      7.97e-06  Convergence criterion met
 ---------------------------------------
 SCF time:   CPU 4460.78s  wall 605.00s 
<S^2> =         -0.000001559

************** Final PCM Free Energy Summary **************
 G_electrostatic  =      -0.01415921 hartree =      -8.88503532 kcal/mol
 G_cavitation     =       0.00000000 hartree =       0.00000000 kcal/mol
 G_dispersion     =       0.00000000 hartree =       0.00000000 kcal/mol
 G_repulsion      =       0.00000000 hartree =       0.00000000 kcal/mol
 --------------------------------------------------
 Non-electrostatic Free Energy =       0.00000000 hartree =       0.00000000 kcal/mol
 Total                         =      -0.01415921 hartree =      -8.88503532 kcal/mol
 --------------------------------------------------
 SCF Energy (H0 + V/2)                       =   -2280.71906676 
 Solute Internal Energy (H0)                 =   -2280.70490756 
 Total Free Energy (H0 + V/2 + non-elec)     =   -2280.71906676 hartree
                                             = -1431172.81508365 kcal/mol
***********************************************************

 SCF   energy in the final basis set =    -2280.7190667623
 Total energy in the final basis set =    -2280.7190667623
 
 --------------------------------------------------------------
 
                    Orbital Energies (a.u.)
 --------------------------------------------------------------
 
 Alpha MOs
 -- Occupied --
-19.526 -19.524 -10.502 -10.500 -10.489 -10.483 -10.463 -10.463
-10.462 -10.462 -10.462 -10.462 -10.462 -10.462 -10.460 -10.460
-10.460 -10.460 -10.460 -10.459 -10.459 -10.459 -10.458 -10.458
-10.457 -10.457 -10.457 -10.457 -10.452 -10.451 -10.450 -10.450
-10.449 -10.448 -10.447 -10.446 -10.446 -10.445 -10.433 -10.433
-10.432 -10.431 -10.431 -10.431 -10.430 -10.429 -10.429 -10.428
-10.428 -10.424 -10.418 -10.416 -10.416 -10.416 -10.416 -10.415
 -6.944  -6.937  -1.192  -1.179  -1.013  -1.013  -0.959  -0.956
 -0.952  -0.945  -0.931  -0.931  -0.905  -0.896  -0.887  -0.885
 -0.863  -0.859  -0.852  -0.852  -0.844  -0.844  -0.822  -0.818
 -0.816  -0.811  -0.809  -0.801  -0.799  -0.799  -0.771  -0.767
 -0.733  -0.727  -0.724  -0.718  -0.708  -0.707  -0.701  -0.700
 -0.686  -0.679  -0.677  -0.663  -0.653  -0.644  -0.642  -0.642
 -0.628  -0.625  -0.593  -0.589  -0.589  -0.586  -0.581  -0.580
 -0.579  -0.573  -0.573  -0.560  -0.559  -0.541  -0.541  -0.537
 -0.534  -0.531  -0.524  -0.521  -0.511  -0.504  -0.502  -0.501
 -0.500  -0.498  -0.496  -0.492  -0.490  -0.487  -0.486  -0.483
 -0.482  -0.482  -0.480  -0.478  -0.478  -0.477  -0.475  -0.463
 -0.460  -0.457  -0.456  -0.453  -0.452  -0.449  -0.439  -0.438
 -0.433  -0.431  -0.429  -0.427  -0.426  -0.424  -0.423  -0.415
 -0.414  -0.410  -0.405  -0.404  -0.399  -0.398  -0.395  -0.394
 -0.393  -0.392  -0.391  -0.389  -0.389  -0.385  -0.379  -0.378
 -0.375  -0.370  -0.360  -0.359  -0.355  -0.353  -0.350  -0.346
 -0.339  -0.333  -0.316  -0.311  -0.294  -0.293  -0.280  -0.276
 -0.274  -0.260  -0.253  -0.252  -0.249  -0.234
 -- Virtual --
 -0.093  -0.057  -0.034  -0.029  -0.003   0.008   0.017   0.027
  0.032   0.038   0.039   0.046   0.073   0.085   0.093   0.094
  0.119   0.124   0.146   0.150   0.150   0.151   0.158   0.161
  0.163   0.165   0.167   0.168   0.171   0.174   0.177   0.180
  0.183   0.189   0.192   0.193   0.195   0.198   0.198   0.201
  0.202   0.203   0.206   0.208   0.209   0.211   0.212   0.213
  0.215   0.216   0.221   0.221   0.224   0.224   0.226   0.226
  0.227   0.229   0.230   0.231   0.234   0.235   0.237   0.239
  0.241   0.246   0.248   0.251   0.254   0.255   0.256   0.259
  0.264   0.267   0.271   0.271   0.273   0.279   0.282   0.286
  0.287   0.289   0.290   0.294   0.296   0.301   0.303   0.312
  0.312   0.314   0.315   0.318   0.322   0.327   0.328   0.335
  0.337   0.341   0.346   0.352   0.355   0.358   0.363   0.368
  0.371   0.385   0.392   0.401   0.404   0.408   0.410   0.417
  0.421   0.423   0.426   0.429   0.442   0.448   0.452   0.457
  0.458   0.460   0.470   0.472   0.475   0.481   0.484   0.489
  0.491   0.498   0.498   0.501   0.502   0.504   0.507   0.511
  0.519   0.524   0.525   0.528   0.529   0.530   0.531   0.531
  0.534   0.537   0.541   0.542   0.544   0.547   0.549   0.553
  0.555   0.556   0.557   0.559   0.560   0.564   0.565   0.569
  0.572   0.573   0.576   0.580   0.583   0.587   0.589   0.590
  0.591   0.591   0.592   0.594   0.598   0.599   0.601   0.602
  0.603   0.605   0.607   0.615   0.620   0.620   0.621   0.622
  0.623   0.626   0.630   0.633   0.634   0.637   0.640   0.645
  0.647   0.655   0.655   0.657   0.659   0.659   0.661   0.662
  0.664   0.665   0.667   0.672   0.675   0.677   0.679   0.682
  0.684   0.687   0.702   0.705   0.706   0.708   0.713   0.715
  0.718   0.719   0.723   0.724   0.728   0.734   0.736   0.737
  0.742   0.746   0.749   0.756   0.757   0.758   0.759   0.771
  0.774   0.777   0.780   0.782   0.788   0.790   0.790   0.794
  0.798   0.803   0.806   0.814   0.823   0.826   0.833   0.837
  0.839   0.842   0.845   0.851   0.852   0.858   0.864   0.870
  0.882   0.886   0.892   0.903   0.904   0.907   0.911   0.912
  0.917   0.922   0.922   0.936   0.946   0.947   0.952   0.954
  0.958   0.962   0.963   0.967   0.968   0.974   0.978   0.985
  0.987   0.988   0.989   0.991   0.991   0.996   0.999   1.001
  1.002   1.005   1.008   1.008   1.012   1.013   1.024   1.027
  1.030   1.032   1.035   1.035   1.037   1.040   1.042   1.046
  1.046   1.050   1.053   1.055   1.056   1.061   1.064   1.066
  1.068   1.072   1.076   1.082   1.084   1.086   1.087   1.089
  1.090   1.093   1.094   1.099   1.103   1.107   1.108   1.128
  1.129   1.130   1.134   1.137   1.145   1.148   1.153   1.155
  1.157   1.161   1.166   1.169   1.170   1.176   1.182   1.185
  1.185   1.190   1.192   1.200   1.210   1.220   1.224   1.226
  1.237   1.240   1.244   1.256   1.261   1.264   1.267   1.272
  1.274   1.275   1.278   1.285   1.292   1.296   1.300   1.301
  1.302   1.308   1.311   1.315   1.320   1.326   1.328   1.332
  1.336   1.339   1.350   1.351   1.355   1.364   1.367   1.371
  1.372   1.375   1.377   1.381   1.387   1.390   1.407   1.410
  1.412   1.415   1.419   1.424   1.427   1.437   1.440   1.441
  1.443   1.443   1.447   1.453   1.455   1.456   1.464   1.479
  1.482   1.495   1.514   1.514   1.514   1.519   1.520   1.520
  1.521   1.528   1.529   1.533   1.534   1.534   1.535   1.544
  1.550   1.552   1.556   1.560   1.565   1.569   1.573   1.582
  1.583   1.585   1.591   1.596   1.597   1.600   1.608   1.616
  1.621   1.627   1.630   1.633   1.643   1.653   1.655   1.661
  1.668   1.670   1.691   1.702   1.717   1.726   1.742   1.748
  1.755   1.757   1.763   1.766   1.770   1.786   1.788   1.795
  1.797   1.802   1.805   1.811   1.811   1.811   1.813   1.814
  1.820   1.821   1.822   1.825   1.840   1.853   1.861   1.871
  1.885   1.894   1.903   1.905   1.909   1.920   1.922   1.925
  1.936   1.941   1.945   1.946   1.954   1.969   1.971   1.976
  1.983   1.984   1.986   1.990   1.993   1.999   2.000   2.014
  2.025   2.032   2.033   2.036   2.040   2.045   2.047   2.049
  2.053   2.057   2.066   2.072   2.073   2.076   2.079   2.082
  2.085   2.088   2.101   2.109   2.109   2.113   2.113   2.122
  2.130   2.134   2.137   2.142   2.152   2.157   2.160   2.161
  2.163   2.164   2.166   2.168   2.175   2.185   2.197   2.201
  2.203   2.205   2.207   2.218   2.232   2.234   2.235   2.251
  2.253   2.255   2.262   2.262   2.268   2.271   2.275   2.277
  2.280   2.286   2.292   2.296   2.308   2.316   2.321   2.323
  2.324   2.325   2.328   2.333   2.336   2.341   2.341   2.346
  2.351   2.354   2.358   2.358   2.360   2.361   2.362   2.368
  2.370   2.373   2.385   2.389   2.392   2.397   2.402   2.406
  2.412   2.417   2.424   2.426   2.430   2.431   2.434   2.441
  2.448   2.458   2.467   2.471   2.478   2.480   2.486   2.489
  2.491   2.499   2.500   2.505   2.519   2.522   2.529   2.536
  2.540   2.561   2.569   2.571   2.576   2.598   2.609   2.628
  2.632   2.642   2.645   2.646   2.648   2.651   2.666   2.675
  2.684   2.687   2.690   2.693   2.711   2.719   2.722   2.729
  2.731   2.736   2.740   2.751   2.754   2.763   2.766   2.776
  2.778   2.784   2.785   2.789   2.790   2.792   2.792   2.797
  2.808   2.810   2.813   2.818   2.824   2.827   2.846   2.854
  2.862   2.867   2.874   2.877   2.894   2.898   2.907   2.909
  2.923   2.931   2.945   2.949   2.956   2.982   2.994   3.004
  3.019   3.027   3.058   3.066   3.077   3.082   3.083   3.085
  3.106   3.115   3.138   3.242   3.258   3.260   3.315   3.330
  3.405   3.444   3.453   3.490   3.493   3.496   3.523   3.552
  3.667   3.677   9.602   9.762  13.145  13.180  13.407  13.488
 13.499  13.513  13.526  13.552  13.668  13.684  13.730  13.758
 13.770  13.775  13.776  13.797  13.803  13.805  13.862  13.869
 13.879  13.917  13.929  14.000  14.009  14.035  14.037  14.039
 14.043  14.048  14.050  14.056  14.163  14.164  14.166  14.203
 14.214  14.227  14.248  14.259  14.285  14.289  14.317  14.319
 14.341  14.342  14.512  14.517  14.544  14.562  14.569  14.579
 14.582  14.583  25.789  25.792
 
 Beta MOs
 -- Occupied --
-19.526 -19.524 -10.502 -10.500 -10.489 -10.483 -10.463 -10.463
-10.462 -10.462 -10.462 -10.462 -10.462 -10.462 -10.460 -10.460
-10.460 -10.460 -10.460 -10.459 -10.459 -10.459 -10.458 -10.458
-10.457 -10.457 -10.457 -10.457 -10.452 -10.451 -10.450 -10.450
-10.449 -10.448 -10.447 -10.446 -10.446 -10.445 -10.433 -10.433
-10.432 -10.431 -10.431 -10.431 -10.430 -10.429 -10.429 -10.428
-10.428 -10.424 -10.418 -10.416 -10.416 -10.416 -10.416 -10.415
 -6.944  -6.937  -1.192  -1.179  -1.013  -1.013  -0.959  -0.956
 -0.952  -0.945  -0.931  -0.931  -0.905  -0.896  -0.887  -0.885
 -0.863  -0.859  -0.852  -0.852  -0.844  -0.844  -0.822  -0.818
 -0.816  -0.811  -0.809  -0.801  -0.799  -0.799  -0.771  -0.767
 -0.733  -0.727  -0.724  -0.718  -0.708  -0.707  -0.701  -0.700
 -0.686  -0.679  -0.677  -0.663  -0.653  -0.644  -0.642  -0.642
 -0.628  -0.625  -0.593  -0.589  -0.589  -0.586  -0.581  -0.580
 -0.579  -0.573  -0.573  -0.560  -0.559  -0.541  -0.541  -0.537
 -0.534  -0.531  -0.524  -0.521  -0.511  -0.504  -0.502  -0.501
 -0.500  -0.498  -0.496  -0.492  -0.490  -0.487  -0.486  -0.483
 -0.482  -0.482  -0.480  -0.478  -0.478  -0.477  -0.475  -0.463
 -0.460  -0.457  -0.456  -0.453  -0.452  -0.449  -0.439  -0.438
 -0.433  -0.431  -0.429  -0.427  -0.426  -0.424  -0.423  -0.415
 -0.414  -0.410  -0.405  -0.404  -0.399  -0.398  -0.395  -0.394
 -0.393  -0.392  -0.391  -0.389  -0.389  -0.385  -0.379  -0.378
 -0.375  -0.370  -0.360  -0.359  -0.355  -0.353  -0.350  -0.346
 -0.339  -0.333  -0.316  -0.311  -0.294  -0.293  -0.280  -0.276
 -0.274  -0.260  -0.253  -0.252  -0.249  -0.234
 -- Virtual --
 -0.093  -0.057  -0.034  -0.029  -0.003   0.008   0.017   0.027
  0.032   0.038   0.039   0.046   0.073   0.085   0.093   0.094
  0.119   0.124   0.146   0.150   0.150   0.151   0.158   0.161
  0.163   0.165   0.167   0.168   0.171   0.174   0.177   0.180
  0.183   0.189   0.192   0.193   0.195   0.198   0.198   0.201
  0.202   0.203   0.206   0.208   0.209   0.211   0.212   0.213
  0.215   0.216   0.221   0.221   0.224   0.224   0.226   0.226
  0.227   0.229   0.230   0.231   0.234   0.235   0.237   0.239
  0.241   0.246   0.248   0.251   0.254   0.255   0.256   0.259
  0.264   0.267   0.271   0.271   0.273   0.279   0.282   0.286
  0.287   0.289   0.290   0.294   0.296   0.301   0.303   0.312
  0.312   0.314   0.315   0.318   0.322   0.327   0.328   0.335
  0.337   0.341   0.346   0.352   0.355   0.358   0.363   0.368
  0.371   0.385   0.392   0.401   0.404   0.408   0.410   0.417
  0.421   0.423   0.426   0.429   0.442   0.448   0.452   0.457
  0.458   0.460   0.470   0.472   0.475   0.481   0.484   0.489
  0.491   0.498   0.498   0.501   0.502   0.504   0.507   0.511
  0.519   0.524   0.525   0.528   0.529   0.530   0.531   0.531
  0.534   0.537   0.541   0.542   0.544   0.547   0.549   0.553
  0.555   0.556   0.557   0.559   0.560   0.564   0.565   0.569
  0.572   0.573   0.576   0.580   0.583   0.587   0.589   0.590
  0.591   0.591   0.592   0.594   0.598   0.599   0.601   0.602
  0.603   0.605   0.607   0.615   0.620   0.620   0.621   0.622
  0.623   0.626   0.630   0.633   0.634   0.637   0.640   0.645
  0.647   0.655   0.655   0.657   0.659   0.659   0.661   0.662
  0.664   0.665   0.667   0.672   0.675   0.677   0.679   0.682
  0.684   0.687   0.702   0.705   0.706   0.708   0.713   0.715
  0.718   0.719   0.723   0.724   0.728   0.734   0.736   0.737
  0.742   0.746   0.749   0.756   0.757   0.758   0.759   0.771
  0.774   0.777   0.780   0.782   0.788   0.790   0.790   0.794
  0.798   0.803   0.806   0.814   0.823   0.826   0.833   0.837
  0.839   0.842   0.845   0.851   0.852   0.858   0.864   0.870
  0.882   0.886   0.892   0.903   0.904   0.907   0.911   0.912
  0.917   0.922   0.922   0.936   0.946   0.947   0.952   0.954
  0.958   0.962   0.963   0.967   0.968   0.974   0.978   0.985
  0.987   0.988   0.989   0.991   0.991   0.996   0.999   1.001
  1.002   1.005   1.008   1.008   1.012   1.013   1.024   1.027
  1.030   1.032   1.035   1.035   1.037   1.040   1.042   1.046
  1.046   1.050   1.053   1.055   1.056   1.061   1.064   1.066
  1.068   1.072   1.076   1.082   1.084   1.086   1.087   1.089
  1.090   1.093   1.094   1.099   1.103   1.107   1.108   1.128
  1.129   1.130   1.134   1.137   1.145   1.148   1.153   1.155
  1.157   1.161   1.166   1.169   1.170   1.176   1.182   1.185
  1.185   1.190   1.192   1.200   1.210   1.220   1.224   1.226
  1.237   1.240   1.244   1.256   1.261   1.264   1.267   1.272
  1.274   1.275   1.278   1.285   1.292   1.296   1.300   1.301
  1.302   1.308   1.311   1.315   1.320   1.326   1.328   1.332
  1.336   1.339   1.350   1.351   1.355   1.364   1.367   1.371
  1.372   1.375   1.377   1.381   1.387   1.390   1.407   1.410
  1.412   1.415   1.419   1.424   1.427   1.437   1.440   1.441
  1.443   1.443   1.447   1.453   1.455   1.456   1.464   1.479
  1.482   1.495   1.514   1.514   1.514   1.519   1.520   1.520
  1.521   1.528   1.529   1.533   1.534   1.534   1.535   1.544
  1.550   1.552   1.556   1.560   1.565   1.569   1.573   1.582
  1.583   1.585   1.591   1.596   1.597   1.600   1.608   1.616
  1.621   1.627   1.630   1.633   1.643   1.653   1.655   1.661
  1.668   1.670   1.691   1.702   1.717   1.726   1.742   1.748
  1.755   1.757   1.763   1.766   1.770   1.786   1.788   1.795
  1.797   1.802   1.805   1.811   1.811   1.811   1.813   1.814
  1.820   1.821   1.822   1.825   1.840   1.853   1.861   1.871
  1.885   1.894   1.903   1.905   1.909   1.920   1.922   1.925
  1.936   1.941   1.945   1.946   1.954   1.969   1.971   1.976
  1.983   1.984   1.986   1.990   1.993   1.999   2.000   2.014
  2.025   2.032   2.033   2.036   2.040   2.045   2.047   2.049
  2.053   2.057   2.066   2.072   2.073   2.076   2.079   2.082
  2.085   2.088   2.101   2.109   2.109   2.113   2.113   2.122
  2.130   2.134   2.137   2.142   2.152   2.157   2.160   2.161
  2.163   2.164   2.166   2.168   2.175   2.185   2.197   2.201
  2.203   2.205   2.207   2.218   2.232   2.234   2.235   2.251
  2.253   2.255   2.262   2.262   2.268   2.271   2.275   2.277
  2.280   2.286   2.292   2.296   2.308   2.316   2.321   2.323
  2.324   2.325   2.328   2.333   2.336   2.341   2.341   2.346
  2.351   2.354   2.358   2.358   2.360   2.361   2.362   2.368
  2.370   2.373   2.385   2.389   2.392   2.397   2.402   2.406
  2.412   2.417   2.424   2.426   2.430   2.431   2.434   2.441
  2.448   2.458   2.467   2.471   2.478   2.480   2.486   2.489
  2.491   2.499   2.500   2.505   2.519   2.522   2.529   2.536
  2.540   2.561   2.569   2.571   2.576   2.598   2.609   2.628
  2.632   2.642   2.645   2.646   2.648   2.651   2.666   2.675
  2.684   2.687   2.690   2.693   2.711   2.719   2.722   2.729
  2.731   2.736   2.740   2.751   2.754   2.763   2.766   2.776
  2.778   2.784   2.785   2.789   2.790   2.792   2.792   2.797
  2.808   2.810   2.813   2.818   2.824   2.827   2.846   2.854
  2.862   2.867   2.874   2.877   2.894   2.898   2.907   2.909
  2.923   2.931   2.945   2.949   2.956   2.982   2.994   3.004
  3.019   3.027   3.058   3.066   3.077   3.082   3.083   3.085
  3.106   3.115   3.138   3.242   3.258   3.260   3.315   3.330
  3.405   3.444   3.453   3.490   3.493   3.496   3.523   3.552
  3.667   3.677   9.602   9.762  13.145  13.180  13.407  13.488
 13.499  13.513  13.526  13.552  13.668  13.684  13.730  13.758
 13.770  13.775  13.776  13.797  13.803  13.805  13.862  13.869
 13.879  13.917  13.929  14.000  14.009  14.035  14.037  14.039
 14.043  14.048  14.050  14.056  14.163  14.164  14.166  14.203
 14.214  14.227  14.248  14.259  14.285  14.289  14.317  14.319
 14.341  14.342  14.512  14.517  14.544  14.562  14.569  14.579
 14.582  14.583  25.789  25.792
 --------------------------------------------------------------
 
          Ground-State Mulliken Net Atomic Charges

     Atom                 Charge (a.u.)    Spin (a.u.)
  --------------------------------------------------------
      1 C                    -0.147567      -0.000000
      2 C                    -0.404677       0.000000
      3 H                     0.243076       0.000000
      4 C                     0.112279      -0.000000
      5 C                     0.082619       0.000000
      6 C                    -0.391642       0.000000
      7 H                     0.243580       0.000000
      8 C                    -0.146860       0.000000
      9 C                     0.188411       0.000000
     10 C                    -0.392120      -0.000000
     11 H                     0.238103       0.000000
     12 C                    -0.066562       0.000000
     13 C                     0.236264      -0.000000
     14 C                     0.189597      -0.000000
     15 C                    -0.383363      -0.000000
     16 H                     0.238147       0.000000
     17 C                    -0.218453      -0.000000
     18 H                     0.242001      -0.000000
     19 C                    -0.343841       0.000000
     20 H                     0.237971       0.000000
     21 C                    -0.221073       0.000000
     22 H                     0.242589      -0.000000
     23 C                    -0.340198      -0.000000
     24 H                     0.237432       0.000000
     25 B                     0.628786      -0.000000
     26 C                    -0.144669       0.000000
     27 C                    -0.390945      -0.000000
     28 H                     0.244968      -0.000000
     29 C                     0.083067       0.000000
     30 C                     0.112868      -0.000000
     31 C                    -0.402988       0.000000
     32 H                     0.243369       0.000000
     33 C                    -0.150319      -0.000000
     34 C                     0.190056      -0.000000
     35 C                    -0.385048      -0.000000
     36 H                     0.237509       0.000000
     37 C                    -0.066590       0.000000
     38 C                     0.235573      -0.000000
     39 C                     0.189270      -0.000000
     40 C                    -0.393472       0.000000
     41 H                     0.237635      -0.000000
     42 C                    -0.220498       0.000000
     43 H                     0.242332      -0.000000
     44 C                    -0.339877       0.000000
     45 H                     0.237497       0.000000
     46 C                    -0.218012      -0.000000
     47 H                     0.241772      -0.000000
     48 C                    -0.343787      -0.000000
     49 H                     0.238101      -0.000000
     50 B                     0.647588       0.000000
     51 C                    -0.259327      -0.000000
     52 C                     0.099056       0.000000
     53 C                    -0.404749      -0.000000
     54 H                     0.225003       0.000000
     55 C                     0.395438       0.000000
     56 O                    -0.450405      -0.000000
     57 C                    -0.458040      -0.000000
     58 H                     0.233581       0.000000
     59 C                     0.094407       0.000000
     60 C                    -0.414891       0.000000
     61 H                     0.251657      -0.000000
     62 H                     0.219862       0.000000
     63 H                     0.219442      -0.000000
     64 C                    -0.550537       0.000000
     65 H                     0.253392       0.000000
     66 H                     0.234746      -0.000000
     67 C                    -0.551736       0.000000
     68 H                     0.257538       0.000000
     69 H                     0.231199      -0.000000
     70 C                    -0.654169      -0.000000
     71 H                     0.243083       0.000000
     72 H                     0.221609       0.000000
     73 H                     0.219445      -0.000000
     74 C                    -0.652829      -0.000000
     75 H                     0.246404       0.000000
     76 H                     0.221098       0.000000
     77 H                     0.216582       0.000000
     78 C                    -0.219399       0.000000
     79 C                     0.074682      -0.000000
     80 C                    -0.437901       0.000000
     81 H                     0.237585       0.000000
     82 C                     0.394518      -0.000000
     83 O                    -0.463422       0.000000
     84 C                    -0.391662       0.000000
     85 H                     0.229283      -0.000000
     86 C                     0.072070      -0.000000
     87 C                    -0.418162      -0.000000
     88 H                     0.246691      -0.000000
     89 H                     0.211408       0.000000
     90 H                     0.211692       0.000000
     91 C                    -0.551997       0.000000
     92 H                     0.255949       0.000000
     93 H                     0.231841      -0.000000
     94 C                    -0.552271       0.000000
     95 H                     0.254494      -0.000000
     96 H                     0.235490       0.000000
     97 C                    -0.654446      -0.000000
     98 H                     0.243314       0.000000
     99 H                     0.219996       0.000000
    100 H                     0.222176       0.000000
    101 C                    -0.652955      -0.000000
    102 H                     0.244191      -0.000000
    103 H                     0.217065       0.000000
    104 H                     0.223014       0.000000
  --------------------------------------------------------
  Sum of atomic charges =    -0.000002
  Sum of spin   charges =     0.000000

 -----------------------------------------------------------------
                    Cartesian Multipole Moments
 -----------------------------------------------------------------
    Charge (ESU x 10^10)
                -0.0000
    Dipole Moment (Debye)
         X      -0.3862      Y      -0.1373      Z      -0.7158
       Tot       0.8249
    Quadrupole Moments (Debye-Ang)
        XX    -280.9014     XY      18.8842     YY    -336.4827
        XZ       0.6232     YZ      12.6971     ZZ    -278.0078
    Octopole Moments (Debye-Ang^2)
       XXX     -39.5320    XXY     133.8424    XYY     -38.0519
       YYY     441.3376    XXZ     384.9977    XYZ     -37.1881
       YYZ     476.9473    XZZ     -48.8651    YZZ      73.2731
       ZZZ    1195.8495
    Hexadecapole Moments (Debye-Ang^3)
      XXXX  -21773.5955   XXXY     813.3333   XXYY   -4877.5016
      XYYY     -46.7992   YYYY   -4131.0078   XXXZ    2170.2402
      XXYZ     321.6237   XYYZ    1186.6555   YYYZ    -967.7067
      XXZZ   -8097.6092   XYZZ     305.0240   YYZZ   -6969.4251
      XZZZ    1255.5070   YZZZ    -438.1418   ZZZZ  -29360.6500
 -----------------------------------------------------------------
 Plotting density
 This is DoMesh and IType =            2
Created directory /scratch/mewes/139021/singlet.out.plots/plots
Archival summary:
1\1\ctcp020\SP\ProcedureUnspecified\BasisUnspecified\254246\mewes\WedOct3111:17:252018WedOct3111:17:252018\0\\#,ProcedureUnspecified,BasisUnspecified,\\0,1\C\C,1,1.41101\H,2,1.0869,1,120.265\C,2,1.36808,1,120.63,3,-179.87,0\C,4,1.42554,2,120.73,1,0.312685,0\C,5,1.37552,4,119.405,2,-0.355817,0\H,6,1.0848,5,120.046,4,179.514,0\C,6,1.41152,5,121.016,4,-0.0403084,0\C,4,1.45893,2,130.777,1,179.628,0\C,9,1.37285,4,135.057,2,0.59661,0\H,10,1.08346,9,121.858,4,0.380646,0\C,9,1.40741,4,106.175,2,-179.149,0\C,12,1.39317,9,123.753,4,179.619,0\C,12,1.41123,9,111.43,4,-0.112722,0\C,14,1.37239,12,117.766,9,179.695,0\H,15,1.08266,14,121.773,12,-179.817,0\C,10,1.41361,9,118.626,4,-179.642,0\H,17,1.0829,10,118.629,9,-179.978,0\C,17,1.37615,10,122.324,9,0.0385253,0\H,19,1.08339,17,119.909,10,179.932,0\C,13,1.4153,12,116.054,9,-179.72,0\H,21,1.08329,13,120.137,12,179.956,0\C,21,1.37591,13,119.75,12,0.0469861,0\H,23,1.08255,21,118.853,13,179.922,0\B,1,1.52555,2,121.128,3,1.28773,0\C,25,1.52662,1,120.724,2,-179.863,0\C,26,1.41158,25,121.13,1,178.454,0\H,27,1.08696,26,120.066,25,0.170148,0\C,27,1.36916,26,120.656,25,-179.66,0\C,29,1.42619,27,120.71,26,0.0466001,0\C,30,1.37673,29,119.425,27,0.131736,0\H,31,1.08518,30,120.008,29,179.551,0\C,31,1.41156,30,121.022,29,-0.264634,0\C,29,1.45793,27,130.755,26,-179.953,0\C,34,1.37247,29,134.91,27,-0.0380863,0\H,35,1.0836,34,121.882,29,-0.101047,0\C,34,1.40819,29,106.135,27,179.943,0\C,37,1.39159,34,123.722,29,-179.921,0\C,37,1.41216,34,111.426,29,0.0764859,0\C,39,1.37202,37,117.9,34,-179.996,0\H,40,1.0828,39,121.818,37,179.985,0\C,35,1.41318,34,118.449,29,179.92,0\H,42,1.08285,35,118.637,34,-179.998,0\C,42,1.3766,35,122.333,34,0.0160677,0\H,44,1.08328,42,119.794,35,179.998,0\C,40,1.41554,39,118.562,37,-0.00100341,0\H,46,1.0825,40,118.256,39,179.991,0\C,46,1.37617,40,122.919,39,-0.00355484,0\H,48,1.08312,46,120.025,40,-179.983,0\B,8,1.54091,6,120.579,5,179.303,0\C,50,1.57832,8,120.026,6,0.23302,0\C,51,1.39833,50,121.097,8,79.8635,0\C,52,1.39551,51,121.002,50,179.566,0\H,53,1.08339,52,118.544,51,-179.636,0\C,53,1.3878,52,120.193,51,0.304552,0\O,55,1.35287,53,124.516,52,-179.968,0\C,55,1.39162,53,119.281,52,0.0499138,0\H,57,1.08477,55,118.994,53,179.784,0\C,57,1.38598,55,120.833,53,-0.30318,0\C,56,1.40433,55,118.249,53,1.11331,0\H,60,1.0882,56,106.684,55,179.208,0\H,60,1.09476,56,112.278,55,60.4467,0\H,60,1.09478,56,112.315,55,-62.0524,0\C,52,1.50797,51,120.715,50,2.13259,0\H,64,1.0924,52,110.207,51,-36.0158,0\H,64,1.09349,52,109.586,51,-152.372,0\C,59,1.50863,57,118.513,55,178.095,0\H,67,1.09242,59,110.181,57,145.121,0\H,67,1.09321,59,109.397,57,28.8202,0\C,64,1.52741,52,112.435,51,85.9073,0\H,70,1.09011,64,111.131,52,-61.6312,0\H,70,1.09094,64,111.18,52,58.3745,0\H,70,1.09115,64,110.999,52,178.561,0\C,67,1.52778,59,112.625,57,-92.7336,0\H,74,1.09,67,111.299,59,-61.7076,0\H,74,1.09082,67,111.129,59,58.3617,0\H,74,1.09132,67,110.939,59,178.394,0\C,25,1.57963,1,119.073,2,1.51814,0\C,78,1.43617,25,121.235,1,-97.5931,0\C,79,1.36364,78,119.941,25,178.863,0\H,80,1.08372,79,121.244,78,179.446,0\C,80,1.42046,79,120.635,78,-0.884477,0\O,82,1.30508,80,115.242,79,-179.508,0\C,82,1.40912,80,120.512,79,0.517544,0\H,84,1.08229,82,120.801,80,-179.588,0\C,84,1.36843,82,119.664,80,0.6069,0\C,83,1.42774,82,121.166,80,179.934,0\H,87,1.08509,83,105.825,82,179.769,0\H,87,1.09016,83,110.993,82,61.0779,0\H,87,1.0902,83,110.976,82,-61.5774,0\C,86,1.49771,84,119.001,82,177.289,0\H,91,1.09026,86,109.983,84,146.992,0\H,91,1.09211,86,109.271,84,29.714,0\C,79,1.4993,78,120.483,25,0.971929,0\H,94,1.09056,79,109.977,78,-32.2668,0\H,94,1.09217,79,109.195,78,-149.271,0\C,94,1.52885,79,111.422,78,89.5651,0\H,97,1.0894,94,110.203,79,179.186,0\H,97,1.08944,94,111.452,79,-61.3959,0\H,97,1.09078,94,111.217,79,59.3971,0\C,91,1.53055,86,111.411,84,-91.3502,0\H,101,1.08884,91,111.394,86,-61.2615,0\H,101,1.0893,91,109.919,86,179.47,0\H,101,1.09058,91,111.302,86,59.7455,0\\\@

 Total job time:  809.56s(wall), 4674.15s(cpu) 
 Wed Oct 31 11:17:25 2018

        *************************************************************
        *                                                           *
        *  Thank you very much for using Q-Chem.  Have a nice day.  *
        *                                                           *
        *************************************************************


0 sent ACK to 0 
now end server 0 ... 
