mFile = /cm/shared/apps/q-chem/intel/QCHEM_5.1.0_Trunk/bin/mpi/machines
Process 0 of 1 is on ctcp011 - thread support 0
initial socket setup ...start
initial socket setup ...done 
now start server 0 ... 
Q-Chem Developer Version!
                  Welcome to Q-Chem
     A Quantum Leap Into The Future Of Chemistry


 Q-Chem 5.1, Q-Chem, Inc., Pleasanton, CA (2018)

 Yihan Shao,  Zhengting Gan,  E. Epifanovsky,  A. T. B. Gilbert,  M. Wormit,  
 J. Kussmann,  A. W. Lange,  A. Behn,  Jia Deng,  Xintian Feng,  D. Ghosh,  
 M. Goldey,  P. R. Horn,  L. D. Jacobson,  I. Kaliman,  T. Kus,  A. Landau,  
 Jie Liu,  E. I. Proynov,  R. M. Richard,  R. P. Steele,  E. J. Sundstrom,  
 H. L. Woodcock III,  P. M. Zimmerman,  D. Zuev,  B. Albrecht,  E. Alguire,  
 S. A. Baeppler,  D. Barton,  Z. Benda,  Y. A. Bernard,  E. J. Berquist,  
 K. B. Bravaya,  H. Burton,  D. Casanova,  Chun-Min Chang,  Yunqing Chen,  
 A. Chien,  K. D. Closser,  M. P. Coons,  S. Coriani,  S. Dasgupta,  
 A. L. Dempwolff,  M. Diedenhofen,  Hainam Do,  R. G. Edgar,  Po-Tung Fang,  
 S. Faraji,  S. Fatehi,  Qingguo Feng,  K. D. Fenk,  J. Fosso-Tande,  
 Qinghui Ge,  A. Ghysels,  G. Gidofalvi,  J. Gomes,  J. Gonthier,  A. Gunina,  
 D. Hait,  M. W. D. Hanson-Heine,  P. H. P. Harbach,  A. W. Hauser,  
 J. E. Herr,  E. G. Hohenstein,  Z. C. Holden,  Kerwin Hui,  B. C. Huynh,  
 T.-C. Jagau,  Hyunjun Ji,  B. Kaduk,  K. Khistyaev,  Jaehoon Kim,  
 P. Klunzinger,  K. Koh,  D. Kosenkov,  L. Koulias,  T. Kowalczyk,  
 C. M. Krauter,  A. Kunitsa,  Ka Un Lao,  A. Laurent,  K. V. Lawler,  
 Joonho Lee,  D. Lefrancois,  S. Lehtola,  D. S. Levine,  Yi-Pei Li,  
 You-Sheng Lin,  Fenglai Liu,  E. Livshits,  A. Luenser,  P. Manohar,  
 E. Mansoor,  S. F. Manzer,  Shan-Ping Mao,  Yuezhi Mao,  N. Mardirossian,  
 A. V. Marenich,  T. Markovich,  L. A. Martinez-Martinez,  S. A. Maurer,  
 N. J. Mayhall,  S. C. McKenzie,  J.-M. Mewes,  A. F. Morrison,  
 J. W. Mullinax,  K. Nanda,  T. S. Nguyen-Beck,  R. Olivares-Amaya,  
 J. A. Parkhill,  T. M. Perrine,  F. Plasser,  P. Pokhilko,  S. Prager,  
 A. Prociuk,  E. Ramos,  D. R. Rehn,  F. Rob,  M. Schneider,  N. Sergueev,  
 S. M. Sharada,  S. Sharma,  D. W. Small,  T. Stauch,  T. Stein,  
 Yu-Chuan Su,  A. J. W. Thom,  A. Tkatchenko,  T. Tsuchimochi,  N. M. Tubman,  
 L. Vogt,  M. L. Vidal,  O. Vydrov,  M. A. Watson,  J. Wenzel,  
 M. de Wergifosse,  T. A. Wesolowski,  A. White,  J. Witte,  A. Yamada,  
 Jun Yang,  K. Yao,  S. Yeganeh,  S. R. Yost,  Zhi-Qiang You,  A. Zech,  
 Igor Ying Zhang,  Xing Zhang,  Yan Zhao,  Ying Zhu,  B. R. Brooks,  
 G. K. L. Chan,  C. J. Cramer,  M. S. Gordon,  W. J. Hehre,  A. Klamt,  
 M. W. Schmidt,  C. D. Sherrill,  D. G. Truhlar,  A. Aspuru-Guzik,  R. Baer,  
 A. T. Bell,  N. A. Besley,  Jeng-Da Chai,  A. E. DePrince, III,  
 R. A. DiStasio Jr.,  A. Dreuw,  B. D. Dunietz,  T. R. Furlani,  
 Chao-Ping Hsu,  Yousung Jung,  Jing Kong,  D. S. Lambrecht,  WanZhen Liang,  
 C. Ochsenfeld,  V. A. Rassolov,  L. V. Slipchenko,  J. E. Subotnik,  
 T. Van Voorhis,  J. M. Herbert,  A. I. Krylov,  P. M. W. Gill,  M. Head-Gordon

 Contributors to earlier versions of Q-Chem not listed above: 
 R. D. Adamson,  B. Austin,  J. Baker,  G. J. O. Beran,  K. Brandhorst,  
 S. T. Brown,  E. F. C. Byrd,  A. K. Chakraborty,  C.-L. Cheng,  
 Siu Hung Chien,  D. M. Chipman,  D. L. Crittenden,  H. Dachsel,  
 R. J. Doerksen,  A. D. Dutoi,  L. Fusti-Molnar,  W. A. Goddard III,  
 A. Golubeva-Zadorozhnaya,  S. R. Gwaltney,  G. Hawkins,  A. Heyden,  
 S. Hirata,  G. Kedziora,  F. J. Keil,  C. Kelley,  Jihan Kim,  R. A. King,  
 R. Z. Khaliullin,  P. P. Korambath,  W. Kurlancheek,  A. M. Lee,  M. S. Lee,  
 S. V. Levchenko,  Ching Yeh Lin,  D. Liotard,  R. C. Lochan,  I. Lotan,  
 P. E. Maslen,  N. Nair,  D. P. O'Neill,  D. Neuhauser,  E. Neuscamman,  
 C. M. Oana,  R. Olson,  B. Peters,  R. Peverati,  P. A. Pieniazek,  
 Y. M. Rhee,  J. Ritchie,  M. A. Rohrdanz,  E. Rosta,  N. J. Russ,  
 H. F. Schaefer III,  N. E. Schultz,  N. Shenvi,  A. C. Simmonett,  A. Sodt,  
 D. Stuck,  K. S. Thanthiriwatte,  V. Vanovschi,  Tao Wang,  A. Warshel,  
 C. F. Williams,  Q. Wu,  X. Xu,  W. Zhang

 Please cite Q-Chem as follows:
 Y. Shao et al., Mol. Phys. 113, 184-215 (2015)
 DOI: 10.1080/00268976.2014.952696

 Q-Chem 5.1.1 for Intel X86 EM64T Linux

 Parts of Q-Chem use Armadillo 8.300.2 (Tropical Shenanigans).
 http://arma.sourceforge.net/

 Q-Chem begins on Thu Nov 15 12:16:36 2018  

Host: ctcp011
0

     Scratch files written to /scratch/mewes/140425/qchem25961//
 Parallel job on  1  processors
The previous job contains 0 fragments, simply inherited here
Input Ideriv = 1
Curr. Ideriv = -1
Max.  Ideriv = 1

Checking the input file for inconsistencies... 	...done.

--------------------------------------------------------------
User input:
--------------------------------------------------------------
$rem
threads 8
jobtype	opt
method PBEh-3c
basis def2-mSVP
mem_static	1024
mem_total	10000
sym_ignore	true
cis_n_roots             2
cis_singlets            true
cis_triplets		false
rpa                     false
cis_state_deriv         1
$end


$molecule
read incoords.mol
$end

--------------------------------------------------------------
 Adding empirical dispersion correction 
 ----------------------------------------------------------------
 Doing -D3(BJ) with
 s6 =   1.00000
 s8 =   0.00000
 a1 =   0.48600
 a2 =   4.50000
 -D3 energy including 3body term =     -0.1307537178 hartrees
 ----------------------------------------------------------------
 Adding gCP correction 
 ----------------------------------------------------------------
 gCP energy =      0.1860122287 hartrees
 ----------------------------------------------------------------
             Standard Nuclear Orientation (Angstroms)
    I     Atom           X                Y                Z
 ----------------------------------------------------------------
    1      C      -7.4649700000     4.1216200000     1.4820500000
    2      C      -8.2222500000     2.9740800000     1.8086400000
    3      B      -7.5000400000     1.5961100000     2.1385400000
    4      C      -5.9127500000     1.5313000000     2.0961700000
    5      C      -5.1549900000     2.6799000000     1.7699300000
    6      B      -5.8766800000     4.0564100000     1.4390900000
    7      C      -3.7519100000     2.5829800000     1.6976300000
    8      C      -3.1109900000     1.3716700000     1.9575900000
    9      C      -3.8572400000     0.2403900000     2.2786100000
   10      C      -5.2487500000     0.3138700000     2.3416700000
   11      C      -8.1243200000     5.3406400000     1.2369600000
   12      C      -9.5202900000     5.4244100000     1.2992200000
   13      C     -10.2761500000     4.2791400000     1.6254800000
   14      C      -9.6245400000     3.0675400000     1.8843800000
   15      H      -7.5547000000     6.2314000000     1.0017600000
   16      C      -8.3556500000     0.3058300000     2.5161000000
   17      C      -5.0243900000     5.3542400000     1.0808700000
   18      C      -9.1705100000    -0.3322200000     1.5318100000
   19      C      -9.9282300000    -1.4570000000     1.8932200000
   20      C      -9.8859600000    -1.9769300000     3.1901300000
   21      C      -9.0792100000    -1.3596600000     4.1504500000
   22      C      -8.3193500000    -0.2201300000     3.8434600000
   23      C      -7.5123200000     0.4133400000     4.9721000000
   24      C      -9.2450300000     0.1310900000     0.0805500000
   25      H     -10.5454600000    -1.9527900000     1.1533000000
   26      N     -10.6655400000    -3.1323400000     3.5333300000
   27      H      -9.0662500000    -1.7624200000     5.1563600000
   28      C      -4.2256500000     5.9901900000     2.0794900000
   29      C      -3.4811000000     7.1301400000     1.7385900000
   30      C      -3.5212100000     7.6666800000     0.4483300000
   31      C      -4.3098000000     7.0490000000    -0.5271100000
   32      C      -5.0563100000     5.8955600000    -0.2404000000
   33      C      -5.8479500000     5.2663000000    -1.3821300000
   34      C      -4.1572400000     5.5105800000     3.5257100000
   35      H      -2.8779100000     7.6260000000     2.4899600000
   36      N      -2.7605800000     8.8432400000     0.1292100000
   37      H      -4.3215700000     7.4652200000    -1.5275600000
   38      C     -11.6755400000     4.3605800000     1.6958100000
   39      H      -5.8037000000    -0.5848000000     2.5772100000
   40      H      -3.1478200000     3.4414000000     1.4344400000
   41      H     -10.2156800000     2.1996700000     2.1500600000
   42      C     -10.1693600000     6.6427200000     1.0456800000
   43      C     -11.5676100000     6.7256200000     1.1132500000
   44      C     -12.3260700000     5.5764100000     1.4406400000
   45      C     -12.2225500000     7.9411000000     0.8591700000
   46      C     -13.7256300000     5.6636600000     1.5079700000
   47      H      -2.0319600000     1.3085300000     1.9011600000
   48      H      -3.3567600000    -0.6998100000     2.4710500000
   49      H     -12.2567800000     3.4799000000     1.9481100000
   50      H      -9.5877800000     7.5239400000     0.7960700000
   51      C     -13.6167200000     8.0146100000     0.9292200000
   52      C     -14.3656400000     6.8798600000     1.2525000000
   53      H     -14.3202500000     4.7928500000     1.7574600000
   54      H     -15.4448600000     6.9430200000     1.3053000000
   55      H     -11.6559600000     8.8297600000     0.6074100000
   56      H     -14.1179500000     8.9535300000     0.7325300000
   57      C      -7.9367800000    -0.0975900000    -0.6796200000
   58      H      -9.5487400000     1.1928200000     0.0153100000
   59      H     -10.0208400000    -0.4494200000    -0.4650300000
   60      H      -7.0962800000     0.4880100000    -0.2647700000
   61      H      -8.0689200000     0.2104900000    -1.7382100000
   62      H      -7.6680900000    -1.1751500000    -0.6561200000
   63      C      -5.2789900000     3.9149800000    -1.8202100000
   64      H      -5.8063700000     5.9208000000    -2.2801500000
   65      H      -6.9179700000     5.1677200000    -1.1188500000
   66      H      -4.2203400000     4.0335100000    -2.1350300000
   67      H      -5.8636400000     3.5333000000    -2.6836100000
   68      H      -5.3295500000     3.1533000000    -1.0210300000
   69      C      -8.0623100000     1.7760100000     5.3996900000
   70      H      -6.4432400000     0.4960000000     4.7001900000
   71      H      -7.5548700000    -0.2304000000     5.8778200000
   72      H      -8.0083600000     2.5291200000     4.5928000000
   73      H      -7.4671100000     2.1597200000     6.2549500000
   74      H      -9.1200300000     1.6733600000     5.7230800000
   75      C      -5.4732400000     5.7152400000     4.2796700000
   76      H      -3.3923000000     6.0935300000     4.0839100000
   77      H      -3.8411300000     4.4517800000     3.5797500000
   78      H      -5.7544500000     6.7897700000     4.2666200000
   79      H      -5.3443200000     5.3966400000     5.3355200000
   80      H      -6.3043600000     5.1247000000     3.8535200000
   81      C      -3.4327200000    10.0306900000    -0.3373900000
   82      C      -2.6933200000    11.1945200000    -0.6551500000
   83      C      -4.8489200000    10.0776700000    -0.4487200000
   84      C      -5.4991400000    11.2261700000    -0.8919400000
   85      C      -4.7682100000    12.3556800000    -1.2248300000
   86      C      -3.3829200000    12.3475600000    -1.1051500000
   87      H      -2.8477900000    13.2514900000    -1.3597100000
   88      H      -6.5786300000    11.2391500000    -0.9728600000
   89      H      -5.2770500000    13.2476100000    -1.5673400000
   90      H      -5.4694400000     9.2365000000    -0.1874900000
   91      C      -1.3231400000     8.8262300000     0.2831900000
   92      C      -0.5665800000     9.9262900000    -0.0015800000
   93      C      -0.6166100000     7.5653600000     0.7173200000
   94      C       0.9253300000     9.8494900000     0.1724900000
   95      C       1.5186500000     8.7232700000     0.5799000000
   96      C       0.7135900000     7.5278500000     0.8567400000
   97      C      -1.1725500000    11.2415800000    -0.5073300000
   98      H      -1.1606900000     6.6519300000     0.9131100000
   99      H       1.5500500000    10.7112000000    -0.0325000000
  100      H       2.5971500000     8.6869500000     0.6973200000
  101      H       1.2027600000     6.6097200000     1.1669800000
  102      C     -12.1017800000    -3.0975800000     3.3830500000
  103      C     -12.8633100000    -4.1808900000     3.7002800000
  104      C     -12.7981400000    -1.8421000000     2.9206800000
  105      C     -14.3548400000    -4.1004000000     3.5353500000
  106      C     -14.9425800000    -2.9801400000     3.1025000000
  107      C     -14.1294700000    -1.7976900000     2.7889500000
  108      H     -12.2466800000    -0.9392800000     2.6980400000
  109      H     -14.9824300000    -4.9531800000     3.7678500000
  110      H     -16.0215300000    -2.9384200000     2.9914600000
  111      H     -14.6135100000    -0.8840500000     2.4581000000
  112      C     -10.0082900000    -4.3191500000     4.0289100000
  113      C     -10.7266300000    -5.4255100000     4.3667200000
  114      C      -8.5052000000    -4.3798100000     4.1351900000
  115      C     -10.0028000000    -6.6415800000     4.8721700000
  116      C      -8.6698600000    -6.6586500000     4.9760100000
  117      C      -7.8870500000    -5.4793000000     4.5834000000
  118      H      -7.8839300000    -3.5460900000     3.8388700000
  119      H     -10.5522000000    -7.5304700000     5.1606000000
  120      H      -8.1628100000    -7.5463600000     5.3408200000
  121      H      -6.8038600000    -5.5058700000     4.6499600000
  122      C     -12.2515200000    -5.4787600000     4.2355600000
  123      C     -12.6160900000    -6.6246200000     3.2615600000
  124      C     -12.8491600000    -5.7564200000     5.6357300000
  125      H     -12.1859100000    -6.4239900000     2.2562700000
  126      H     -13.7133800000    -6.7412600000     3.1512100000
  127      H     -12.2326300000    -7.6042300000     3.6127500000
  128      H     -12.5867900000    -4.9323300000     6.3342800000
  129      H     -12.4733100000    -6.7070600000     6.0656700000
  130      H     -13.9542700000    -5.8444800000     5.6042300000
  131      C      -0.5571400000    11.5560300000    -1.8936000000
  132      C      -0.8130700000    12.3583400000     0.5042200000
  133      H      -1.2542700000    12.1299300000     1.4987500000
  134      H      -1.1878200000    13.3503200000     0.1794400000
  135      H       0.2830000000    12.4687800000     0.6298400000
  136      H      -0.8138600000    10.7521200000    -2.6172800000
  137      H       0.5475700000    11.6404400000    -1.8485100000
  138      H      -0.9238900000    12.5194100000    -2.3026400000
 ----------------------------------------------------------------
 Nuclear Repulsion Energy = 10743.1060963880 hartrees
 There are      254 alpha and      254 beta electrons
 Requested basis set is def2-mSVP
 There are 646 shells and 1238 basis functions

 Total QAlloc Memory Limit  10000 MB
 Mega-Array Size      1001 MB
 MEM_STATIC part      1024 MB
 A cutoff of  1.0D-11 yielded  58741 shell pairs
 There are    223765 function pairs (    246411 Cartesian)
 
 -------------------------------------------------------
 OpenMP Integral Computing Module                       
 Release: version 1.0, May 2013, Q-Chem Inc. Pittsburgh 
 -------------------------------------------------------
 Integral Job Info:
 Integral job number is                      11
 Integral operator is                         1
 short-range coefficients                     0
 long-range coefficients              100000000
 Omega coefficients                           0
 if combine SR and LR in K                    0
 Integral screening is                        0
 Integral computing path is                   2
 max size of driver memory is            800000
 size of driver memory is                593474
 size of scratch memory is              1809772
 max col of scratch BK array               1296
 max len of scratch array in speh3          155
 max len of scratch index in speh4           18
 max int batch size is                      520
 min int batch size is                       52
 fixed nKL is                                52
 max L of basis functions is                  2
 order of int derivative is                   0
 number of shells is                        646
 number of basis is                        1312
 number of cartesian basis is              1312
 number of contracted shell pairs         58741
 number of primitive shell pairs         122406
 maxK2 (contraction) of shell pair           25
 max number of K2 of shell pair               1
 max number of CS2 of shell pair          14755
 max number of PS2 of shell pair          21380
 mem total for path MDJ                 1060924
 -------------------------------------------------------
 Smallest overlap matrix eigenvalue = 2.63E-04

 Scale SEOQF with 1.000000e-02/1.000000e-02/1.000000e-02

 Standard Electronic Orientation quadrupole field applied
 Nucleus-field energy     =     0.0000002399 hartrees
 Guess from superposition of atomic densities
 Warning:  Energy on first SCF cycle will be non-variational
 SAD guess density has 508.000001 electrons

 -----------------------------------------------------------------------
  General SCF calculation program by
  Eric Jon Sundstrom, Paul Horn, Yuezhi Mao, Dmitri Zuev, Alec White,
  David Stuck, Shaama M.S., Shane Yost, Joonho Lee, David Small,
  Daniel Levine, Susi Lehtola, Hugh Burton, Evgeny Epifanovsky
 -----------------------------------------------------------------------
 Exchange:     0.4200 Hartree-Fock + 0.5800 PBEh-3c
 Correlation:  1.0000 PBEh-3c
 Using SG-1 standard quadrature grid
 Dispersion:   Grimme D3
 using 8 threads for integral computing
 -------------------------------------------------------
 OpenMP Integral computing Module                
 Release: version 2.0, May 2017, Q-Chem Inc. Pleasanton 
 -------------------------------------------------------
 -------------------------------------------------------
 OpenMP BLAS3 based DFT computing Module                
 Release: version 1.0, May 2013, Q-Chem Inc. Pittsburgh 
 -------------------------------------------------------
 A restricted SCF calculation will be
 performed using DIIS
 SCF converges when DIIS error is below 1.0e-08
 ---------------------------------------
  Cycle       Energy         DIIS error
 ---------------------------------------
    1   -2880.6110895437      2.32e-02  
    2   -2858.3341418633      1.70e-03  
    3   -2858.4266524157      1.65e-03  
    4   -2858.8904725574      5.99e-04  
    5   -2858.9608247719      1.81e-04  
    6   -2858.9671536877      6.15e-05  
    7   -2858.9678913036      1.70e-05  
    8   -2858.9679477936      5.85e-06  
    9   -2858.9679549170      1.64e-06  
   10   -2858.9679555514      6.34e-07  
   11   -2858.9679556643      1.94e-07  
   12   -2858.9679556775      9.57e-08  
   13   -2858.9679556805      3.03e-08  
   14   -2858.9679556808      1.26e-08  
   15   -2858.9679556809      6.90e-09  Convergence criterion met
 ---------------------------------------
 SCF time:   CPU 11158.56s  wall 1405.00s 
 SCF   energy in the final basis set =    -2858.9679556809
 Total energy in the final basis set =    -2858.9679556809
 
 Direct TDDFT/TDA calculation will be performed
 Exchange:     0.4200 Hartree-Fock + 0.5800 PBEh-3c
 Correlation:  1.0000 PBEh-3c
 Using SG-1 standard quadrature grid
 Dispersion:   Grimme D3
 Singlet excitation energies requested
 CIS energy converged when residual is below 10e- 6
 ---------------------------------------------------
 Iter    Rts Conv    Rts Left    Ttl Dev     Max Dev
 ---------------------------------------------------
   1         0           2      0.000048    0.000025
   2         0           2      0.000062    0.000032
   3         0           2      0.000023    0.000013
   4         0           2      0.000019    0.000010
   5         0           2      0.000009    0.000005
   6         0           2      0.000008    0.000005
   7         0           2      0.000005    0.000003
   8         0           2      0.000004    0.000002
   9         2           0      0.000002    0.000001    Roots Converged
 ---------------------------------------------------
 
 ---------------------------------------------------
         TDDFT/TDA Excitation Energies              
 ---------------------------------------------------

 Excited state   1: excitation energy (eV) =    2.9103
 Total energy for state  1:                 -2858.86100432 au
    Multiplicity: Singlet
    Trans. Mom.: -0.5921 X   0.6467 Y  -0.1281 Z
    Strength   :     0.0559837273
    D(252) --> V(  1) amplitude = -0.2656
    D(253) --> V(  1) amplitude = -0.3046
    D(254) --> V(  1) amplitude =  0.8324
    D(254) --> V(  2) amplitude =  0.2149

 Excited state   2: excitation energy (eV) =    2.9471
 Total energy for state  2:                 -2858.85965198 au
    Multiplicity: Singlet
    Trans. Mom.:  0.6869 X   0.6353 Y  -0.1948 Z
    Strength   :     0.0659436305
    D(253) --> V(  1) amplitude =  0.8386
    D(253) --> V(  2) amplitude = -0.2459
    D(254) --> V(  1) amplitude =  0.3157
    D(254) --> V(  2) amplitude =  0.2680
 
 ---------------------------------------------------
 Calculating Relaxed Density
 ---------------------------------------------------
 Iter    Rts Conv    Rts Left    Ttl Dev     Max Dev
 ---------------------------------------------------
   1         0           2      0.000292    0.000153
   2         0           2      0.000092    0.000047
   3         0           2      0.000035    0.000018
   4         0           2      0.000011    0.000006
   5         0           2      0.000004    0.000002
   6         2           0      0.000000    0.000000    Roots Converged
 ---------------------------------------------------
  SETman timing summary (seconds)
  CPU time             16560.84s
  System time              0.00s
  Wall time             2397.25s
 
 --------------------------------------------------------------
 
                    Orbital Energies (a.u.)
 --------------------------------------------------------------
 
 Alpha MOs
 -- Occupied --
-14.681 -14.681 -10.501 -10.501 -10.501 -10.500 -10.491 -10.490
-10.471 -10.471 -10.471 -10.470 -10.468 -10.467 -10.467 -10.466
-10.464 -10.464 -10.464 -10.464 -10.464 -10.464 -10.463 -10.463
-10.463 -10.462 -10.459 -10.459 -10.457 -10.456 -10.456 -10.456
-10.456 -10.456 -10.451 -10.451 -10.450 -10.450 -10.450 -10.450
-10.448 -10.448 -10.447 -10.447 -10.446 -10.446 -10.446 -10.446
-10.444 -10.444 -10.444 -10.444 -10.444 -10.444 -10.444 -10.443
-10.442 -10.442 -10.442 -10.441 -10.441 -10.441 -10.440 -10.437
-10.431 -10.431 -10.430 -10.430 -10.430 -10.430 -10.429 -10.429
 -6.965  -6.965  -1.061  -1.061  -1.002  -0.964  -0.961  -0.960
 -0.955  -0.945  -0.942  -0.939  -0.937  -0.904  -0.901  -0.900
 -0.893  -0.888  -0.888  -0.864  -0.863  -0.852  -0.848  -0.840
 -0.840  -0.839  -0.832  -0.830  -0.830  -0.821  -0.820  -0.817
 -0.814  -0.805  -0.805  -0.794  -0.783  -0.781  -0.760  -0.760
 -0.742  -0.717  -0.712  -0.711  -0.711  -0.705  -0.700  -0.699
 -0.696  -0.694  -0.693  -0.689  -0.683  -0.677  -0.673  -0.672
 -0.667  -0.667  -0.637  -0.636  -0.635  -0.635  -0.619  -0.610
 -0.607  -0.604  -0.601  -0.598  -0.589  -0.583  -0.580  -0.579
 -0.562  -0.555  -0.550  -0.549  -0.537  -0.536  -0.535  -0.534
 -0.531  -0.530  -0.523  -0.522  -0.521  -0.520  -0.517  -0.516
 -0.513  -0.507  -0.503  -0.500  -0.500  -0.499  -0.494  -0.493
 -0.491  -0.491  -0.491  -0.486  -0.485  -0.484  -0.484  -0.481
 -0.479  -0.479  -0.478  -0.475  -0.474  -0.473  -0.472  -0.471
 -0.470  -0.463  -0.448  -0.445  -0.443  -0.442  -0.442  -0.440
 -0.439  -0.438  -0.437  -0.433  -0.433  -0.431  -0.429  -0.428
 -0.428  -0.426  -0.424  -0.424  -0.423  -0.416  -0.413  -0.411
 -0.409  -0.406  -0.405  -0.405  -0.404  -0.403  -0.402  -0.395
 -0.393  -0.392  -0.388  -0.387  -0.387  -0.387  -0.385  -0.384
 -0.381  -0.381  -0.368  -0.366  -0.366  -0.364  -0.363  -0.362
 -0.359  -0.358  -0.356  -0.346  -0.342  -0.312  -0.308  -0.298
 -0.294  -0.294  -0.287  -0.287  -0.286  -0.285  -0.283  -0.281
 -0.279  -0.279  -0.279  -0.233  -0.219  -0.218
 -- Virtual --
 -0.079  -0.076  -0.019  -0.000   0.001   0.003   0.009   0.010
  0.017   0.017   0.018   0.018   0.019   0.029   0.029   0.046
  0.054   0.058   0.059   0.075   0.113   0.121   0.127   0.127
  0.140   0.141   0.142   0.145   0.147   0.149   0.150   0.152
  0.154   0.155   0.158   0.161   0.164   0.172   0.173   0.174
  0.176   0.176   0.178   0.179   0.180   0.182   0.183   0.186
  0.188   0.189   0.190   0.192   0.193   0.194   0.198   0.198
  0.201   0.202   0.205   0.205   0.207   0.209   0.210   0.210
  0.211   0.212   0.212   0.214   0.214   0.215   0.215   0.218
  0.218   0.220   0.220   0.223   0.224   0.224   0.228   0.228
  0.230   0.232   0.235   0.238   0.240   0.244   0.244   0.246
  0.247   0.248   0.249   0.250   0.252   0.255   0.257   0.258
  0.258   0.260   0.262   0.264   0.265   0.266   0.266   0.268
  0.270   0.272   0.273   0.276   0.279   0.281   0.283   0.288
  0.294   0.294   0.296   0.298   0.298   0.304   0.304   0.305
  0.306   0.309   0.311   0.312   0.314   0.320   0.324   0.326
  0.329   0.332   0.334   0.340   0.342   0.349   0.354   0.355
  0.357   0.359   0.362   0.363   0.368   0.369   0.373   0.376
  0.377   0.377   0.378   0.381   0.382   0.417   0.420   0.423
  0.424   0.429   0.432   0.435   0.436   0.437   0.441   0.447
  0.447   0.453   0.457   0.466   0.469   0.477   0.478   0.486
  0.490   0.493   0.494   0.495   0.498   0.499   0.501   0.502
  0.503   0.506   0.508   0.508   0.514   0.514   0.517   0.518
  0.520   0.525   0.527   0.530   0.533   0.535   0.536   0.537
  0.538   0.541   0.542   0.543   0.544   0.546   0.550   0.551
  0.553   0.553   0.554   0.555   0.558   0.563   0.566   0.568
  0.572   0.575   0.578   0.578   0.580   0.582   0.584   0.585
  0.586   0.587   0.588   0.589   0.592   0.594   0.595   0.599
  0.601   0.601   0.603   0.605   0.605   0.606   0.607   0.614
  0.615   0.617   0.619   0.620   0.622   0.623   0.624   0.625
  0.626   0.629   0.629   0.631   0.632   0.632   0.634   0.635
  0.637   0.638   0.640   0.642   0.643   0.645   0.647   0.648
  0.651   0.653   0.655   0.657   0.657   0.660   0.661   0.662
  0.664   0.667   0.671   0.671   0.673   0.674   0.674   0.675
  0.678   0.686   0.694   0.694   0.696   0.696   0.697   0.699
  0.700   0.702   0.703   0.705   0.706   0.713   0.715   0.727
  0.728   0.735   0.737   0.738   0.739   0.743   0.746   0.748
  0.758   0.759   0.760   0.765   0.766   0.773   0.774   0.777
  0.778   0.779   0.782   0.788   0.790   0.791   0.793   0.800
  0.801   0.802   0.802   0.807   0.809   0.809   0.811   0.812
  0.818   0.819   0.820   0.821   0.823   0.826   0.834   0.834
  0.839   0.841   0.853   0.854   0.859   0.860   0.864   0.867
  0.868   0.874   0.880   0.884   0.886   0.888   0.898   0.903
  0.905   0.907   0.909   0.919   0.922   0.924   0.929   0.936
  0.937   0.943   0.946   0.950   0.951   0.951   0.952   0.954
  0.960   0.964   0.969   0.970   0.978   0.979   0.980   0.985
  0.986   0.986   0.987   0.990   0.992   0.996   0.998   1.001
  1.002   1.003   1.003   1.005   1.005   1.015   1.017   1.018
  1.019   1.021   1.023   1.024   1.026   1.030   1.032   1.034
  1.034   1.034   1.036   1.036   1.039   1.040   1.041   1.041
  1.042   1.043   1.044   1.045   1.046   1.048   1.051   1.055
  1.057   1.057   1.063   1.063   1.065   1.072   1.073   1.075
  1.075   1.080   1.082   1.087   1.090   1.091   1.093   1.095
  1.096   1.098   1.101   1.102   1.102   1.109   1.110   1.113
  1.115   1.120   1.121   1.123   1.124   1.128   1.132   1.135
  1.138   1.139   1.142   1.143   1.146   1.152   1.153   1.157
  1.160   1.162   1.167   1.169   1.171   1.172   1.174   1.182
  1.184   1.187   1.195   1.196   1.200   1.202   1.202   1.204
  1.213   1.216   1.221   1.232   1.236   1.241   1.243   1.259
  1.265   1.266   1.270   1.276   1.281   1.282   1.287   1.289
  1.290   1.296   1.298   1.299   1.304   1.309   1.315   1.315
  1.316   1.319   1.319   1.320   1.324   1.327   1.328   1.332
  1.338   1.340   1.342   1.343   1.346   1.349   1.354   1.367
  1.369   1.370   1.374   1.384   1.389   1.390   1.397   1.400
  1.410   1.417   1.419   1.420   1.421   1.430   1.434   1.439
  1.444   1.445   1.449   1.453   1.454   1.455   1.460   1.462
  1.469   1.473   1.475   1.484   1.486   1.491   1.492   1.495
  1.497   1.503   1.507   1.509   1.511   1.513   1.515   1.515
  1.519   1.523   1.527   1.536   1.538   1.539   1.540   1.541
  1.544   1.545   1.551   1.553   1.559   1.561   1.562   1.564
  1.565   1.571   1.573   1.574   1.581   1.582   1.585   1.586
  1.604   1.606   1.614   1.621   1.622   1.623   1.626   1.645
  1.648   1.654   1.656   1.661   1.670   1.675   1.698   1.707
  1.711   1.717   1.722   1.729   1.732   1.732   1.734   1.745
  1.749   1.752   1.753   1.757   1.763   1.765   1.765   1.773
  1.783   1.785   1.786   1.790   1.795   1.798   1.801   1.804
  1.812   1.816   1.821   1.828   1.830   1.838   1.850   1.856
  1.857   1.859   1.862   1.867   1.870   1.876   1.882   1.888
  1.891   1.901   1.905   1.907   1.910   1.914   1.916   1.919
  1.922   1.931   1.932   1.936   1.937   1.943   1.946   1.949
  1.951   1.955   1.957   1.961   1.969   1.972   1.973   1.975
  1.982   1.984   1.984   1.985   1.988   1.990   1.991   1.997
  1.997   2.004   2.006   2.009   2.011   2.013   2.014   2.018
  2.022   2.024   2.026   2.034   2.035   2.037   2.043   2.048
  2.051   2.053   2.054   2.056   2.061   2.065   2.075   2.077
  2.087   2.089   2.097   2.099   2.106   2.109   2.111   2.112
  2.115   2.126   2.135   2.143   2.145   2.152   2.154   2.157
  2.159   2.163   2.167   2.171   2.172   2.178   2.183   2.187
  2.188   2.195   2.200   2.201   2.207   2.209   2.213   2.220
  2.223   2.226   2.227   2.238   2.240   2.244   2.245   2.247
  2.249   2.255   2.257   2.264   2.267   2.271   2.272   2.273
  2.278   2.281   2.290   2.294   2.295   2.304   2.306   2.307
  2.310   2.312   2.314   2.317   2.321   2.322   2.331   2.333
  2.334   2.342   2.344   2.346   2.350   2.351   2.353   2.354
  2.354   2.358   2.360   2.362   2.363   2.365   2.371   2.375
  2.379   2.382   2.386   2.387   2.389   2.393   2.394   2.397
  2.398   2.398   2.399   2.399   2.403   2.403   2.404   2.409
  2.413   2.425   2.429   2.430   2.442   2.446   2.452   2.456
  2.461   2.466   2.471   2.472   2.474   2.479   2.483   2.485
  2.499   2.502   2.511   2.513   2.517   2.527   2.538   2.545
  2.552   2.568   2.571   2.578   2.581   2.589   2.593   2.602
  2.612   2.623   2.638   2.647   2.653   2.657   2.658   2.659
  2.661   2.666   2.669   2.672   2.674   2.681   2.687   2.688
  2.693   2.700   2.710   2.712   2.714   2.717   2.724   2.727
  2.730   2.737   2.741   2.744   2.751   2.753   2.756   2.761
  2.763   2.764   2.766   2.768   2.770   2.774   2.778   2.785
  2.790   2.792   2.796   2.797   2.805   2.807   2.811   2.816
  2.822   2.829   2.837   2.843   2.852   2.862   2.868   2.871
  2.879   2.882   2.885   2.889   2.893   2.902   2.903   2.905
  2.914   2.916   2.918   2.926   2.943   2.948   2.964   2.983
  2.987   2.993   2.994   2.997   3.004   3.011   3.038   3.045
  3.057   3.076   3.084   3.090   3.122   3.127   3.141   3.227
  3.252   3.256   3.297   3.317   3.399   3.433   3.437   3.465
  3.468   3.497   3.510   3.514   3.543   3.579   9.488   9.653
 13.177  13.241  13.245  13.332  13.334  13.343  13.423  13.440
 13.477  13.617  13.622  13.642  13.649  13.657  13.665  13.672
 13.678  13.690  13.710  13.712  13.727  13.733  13.750  13.789
 13.809  13.829  13.835  13.854  13.857  13.861  13.864  13.873
 13.888  13.911  13.942  14.007  14.018  14.032  14.035  14.089
 14.093  14.123  14.124  14.127  14.136  14.147  14.184  14.187
 14.193  14.195  14.196  14.221  14.227  14.228  14.244  14.251
 14.257  14.275  14.281  14.299  14.458  14.504  14.508  14.509
 14.511  14.527  14.544  14.551  14.555  14.565  19.575  19.578
 --------------------------------------------------------------
 
          Ground-State Mulliken Net Atomic Charges

     Atom                 Charge (a.u.)
  ----------------------------------------
      1 C                    -0.172954
      2 C                    -0.173225
      3 B                     0.676086
      4 C                    -0.171185
      5 C                    -0.171306
      6 B                     0.676002
      7 C                    -0.286623
      8 C                    -0.213017
      9 C                    -0.212994
     10 C                    -0.287088
     11 C                    -0.375192
     12 C                     0.197436
     13 C                     0.197581
     14 C                    -0.375001
     15 H                     0.244538
     16 C                    -0.217230
     17 C                    -0.216743
     18 C                     0.067114
     19 C                    -0.354075
     20 C                     0.306512
     21 C                    -0.353571
     22 C                     0.068020
     23 C                    -0.530991
     24 C                    -0.530338
     25 H                     0.243117
     26 N                    -0.755925
     27 H                     0.243295
     28 C                     0.068162
     29 C                    -0.350708
     30 C                     0.301644
     31 C                    -0.351005
     32 C                     0.067212
     33 C                    -0.530304
     34 C                    -0.531099
     35 H                     0.243018
     36 N                    -0.757135
     37 H                     0.243059
     38 C                    -0.397460
     39 H                     0.243928
     40 H                     0.243507
     41 H                     0.243988
     42 C                    -0.397589
     43 C                     0.183945
     44 C                     0.184081
     45 C                    -0.299404
     46 C                    -0.299374
     47 H                     0.225250
     48 H                     0.225291
     49 H                     0.215731
     50 H                     0.216333
     51 C                    -0.223082
     52 C                    -0.223004
     53 H                     0.220163
     54 H                     0.227222
     55 H                     0.220441
     56 H                     0.227271
     57 C                    -0.646676
     58 H                     0.246886
     59 H                     0.228903
     60 H                     0.245199
     61 H                     0.218409
     62 H                     0.220333
     63 C                    -0.646647
     64 H                     0.228906
     65 H                     0.246885
     66 H                     0.220193
     67 H                     0.218448
     68 H                     0.245195
     69 C                    -0.646884
     70 H                     0.246607
     71 H                     0.229326
     72 H                     0.245980
     73 H                     0.217935
     74 H                     0.219710
     75 C                    -0.647111
     76 H                     0.229455
     77 H                     0.246641
     78 H                     0.219827
     79 H                     0.218018
     80 H                     0.246236
     81 C                     0.305068
     82 C                     0.116637
     83 C                    -0.306330
     84 C                    -0.214783
     85 C                    -0.227914
     86 C                    -0.274827
     87 H                     0.211842
     88 H                     0.215026
     89 H                     0.212365
     90 H                     0.250650
     91 C                     0.267270
     92 C                     0.090257
     93 C                    -0.271687
     94 C                    -0.238675
     95 C                    -0.236247
     96 C                    -0.223021
     97 C                    -0.199314
     98 H                     0.253017
     99 H                     0.211854
    100 H                     0.213101
    101 H                     0.219253
    102 C                     0.272182
    103 C                     0.087524
    104 C                    -0.268789
    105 C                    -0.239058
    106 C                    -0.236273
    107 C                    -0.222899
    108 H                     0.250629
    109 H                     0.212340
    110 H                     0.213055
    111 H                     0.216711
    112 C                     0.271928
    113 C                     0.087144
    114 C                    -0.269938
    115 C                    -0.239115
    116 C                    -0.236217
    117 C                    -0.223785
    118 H                     0.253135
    119 H                     0.212085
    120 H                     0.213308
    121 H                     0.219413
    122 C                    -0.195726
    123 C                    -0.597858
    124 C                    -0.598031
    125 H                     0.231346
    126 H                     0.212080
    127 H                     0.212595
    128 H                     0.231282
    129 H                     0.212435
    130 H                     0.212283
    131 C                    -0.597514
    132 C                    -0.597479
    133 H                     0.231331
    134 H                     0.212297
    135 H                     0.212955
    136 H                     0.231466
    137 H                     0.213141
    138 H                     0.212369
  ----------------------------------------
  Sum of atomic charges =    -0.000000

 -----------------------------------------------------------------
                    Cartesian Multipole Moments
 -----------------------------------------------------------------
    Charge (ESU x 10^10)
                -0.0000
    Dipole Moment (Debye)
         X      -0.9867      Y       0.6366      Z      -0.0832
       Tot       1.1772
    Quadrupole Moments (Debye-Ang)
        XX    -379.9709     XY     -22.2427     YY    -411.9366
        XZ       8.6489     YZ     -10.7165     ZZ    -440.9766
    Octopole Moments (Debye-Ang^2)
       XXX    8380.6073    XXY    -947.4213    XYY    2876.6814
       YYY   -3947.0041    XXZ    -803.8839    XYZ      84.4569
       YYZ    -808.3694    XZZ    3271.3133    YZZ   -1476.4244
       ZZZ   -2325.1483
    Hexadecapole Moments (Debye-Ang^3)
      XXXX -164705.6150   XXXY    5776.7942   XXYY  -42940.9890
      XYYY   10142.9263   YYYY  -98568.9442   XXXZ   21312.0365
      XXYZ     272.3286   XYYZ    7169.4843   YYYZ     798.3627
      XXZZ  -35605.7572   XYZZ    4501.1342   YYZZ  -20862.5189
      XZZZ   22708.7334   YZZZ    3211.9709   ZZZZ  -18539.6078
 -----------------------------------------------------------------
 Calculating analytic gradient of the CIS energy
 -1.386023843816432E-003 -1.385978149785218E-003
 -1.386022040758575E-003 -1.385979988562127E-003
 -1.385998544069207E-003 -1.386003558355109E-003
 -1.385991841035167E-003 -1.386010172663040E-003
 -1.385973083341260E-003 -1.386028924140008E-003
 -1.386012516593400E-003 -1.385989587512244E-003
 -1.386017621915501E-003 -1.385984379212222E-003
 -1.386023326652323E-003 -1.385978699251133E-003
 -1.385993645264758E-003 -1.386008425229490E-003
 -1.385977508662664E-003 -1.386024493820943E-003
 -1.385980974440607E-003 -1.386021052117801E-003
 -1.386002545081975E-003 -1.385999552463124E-003
 -1.386008639708735E-003 -1.385993369333577E-003
 -1.386028633683020E-003 -1.385973384070403E-003
 -1.385989060436768E-003 -1.386013039164790E-003
 -1.385987116902507E-003 -1.386014902358643E-003
 -1.385976195687557E-003 -1.386025811860525E-003
 -1.386006976766949E-003 -1.385995094243962E-003
 -1.385983412765877E-003 -1.386018603414292E-003
 -1.386002133906231E-003 -1.385999872293259E-003
 -1.385999460579515E-003 -1.386002654909137E-003
 -1.385988947264130E-003 -1.386013057328231E-003
 -1.386032528344632E-003 -1.385969511594972E-003
 -1.385991688768331E-003 -1.386010427325851E-003
 -1.385966449913540E-003 -1.386035579614300E-003
 -1.385997894466538E-003 -1.386004121344938E-003
 -1.386001442307162E-003 -1.386000673014988E-003
 -1.385991769446602E-003 -1.386010222690684E-003
 -1.386015508088273E-003 -1.385986516588629E-003
 -1.385995614391864E-003 -1.386006507051766E-003
 -1.386013581632397E-003 -1.385988415887773E-003
 -1.385975002724817E-003 -1.386027020099766E-003
 -1.386010479551645E-003 -1.385991651091315E-003
 -1.386047124381881E-003 -1.385954906635151E-003
 -1.386005117138817E-003 -1.385996900297943E-003
 -1.386001141853440E-003 -1.386000991207787E-003
 -1.386017290132835E-003 -1.385984721146260E-003
 -1.385959377109765E-003 -1.386042658420502E-003
 -1.386014241732746E-003 -1.385987892965344E-003
 -1.386031019983243E-003 -1.385970992147894E-003
 -1.386001685010528E-003 -1.386000326132127E-003
 -1.386003017916643E-003 -1.385999108793000E-003
 -1.386024351964914E-003 -1.385977670663042E-003
 -1.386013043870090E-003 -1.385988973792596E-003
 -1.386002133348997E-003 -1.385999958640385E-003
 -1.385997183294538E-003 -1.386004854533204E-003
 -1.385988561487060E-003 -1.386013488786489E-003
 -1.386000608170308E-003 -1.386001404667786E-003
 -1.386010099376206E-003 -1.385991946046594E-003
 -1.386008148320884E-003 -1.385993893403255E-003
 -1.385995017697905E-003 -1.386006996382888E-003
 -1.386032444898216E-003 -1.385969597125523E-003
 -1.386034793408017E-003 -1.385967253082220E-003
 -1.385966380843926E-003 -1.386035631310484E-003
 -1.385985737081214E-003 -1.386016312574585E-003
 -1.385962353607889E-003 -1.386039713052117E-003
 -1.385996498684147E-003 -1.386005483378889E-003
 -1.386017451370005E-003 -1.385984574704490E-003
 -1.386031564439697E-003 -1.385970479621866E-003
 -1.385994513758837E-003 -1.386007514161211E-003
 -1.385969221727228E-003 -1.386032830507479E-003
 -1.385981576259553E-003 -1.386020483549976E-003
 -1.386017331967320E-003 -1.385984665506204E-003
 -1.386028408307276E-003 -1.385973642536862E-003
 -1.386050766499944E-003 -1.385951282804163E-003
 -1.386010714309887E-003 -1.385991297847607E-003
 -1.386001435661650E-003 -1.386000594913815E-003
 -1.386027727649568E-003 -1.385974309028475E-003
 -1.385984473287367E-003 -1.386017494615770E-003
 -1.386024666948895E-003 -1.385977335622294E-003
 -1.386006182891595E-003 -1.385995859329528E-003
 -1.386003161905583E-003 -1.385998835192370E-003
 -1.386006790434522E-003 -1.385995240799608E-003
 -1.385999869838437E-003 -1.386002162945230E-003
 -1.385985757960589E-003 -1.386016206045120E-003
 -1.385986907880836E-003 -1.386015100220692E-003
 -1.385995382473534E-003 -1.386006665851196E-003
 -1.386002528428401E-003 -1.385999555352677E-003
 -1.385993772412535E-003 -1.386008250130673E-003
 -1.386015225583598E-003 -1.385986812638198E-003
 -1.386017855018355E-003 -1.385984123503654E-003
 -1.385971946574687E-003 -1.386030112271533E-003
 -1.385964829746243E-003 -1.386037211168491E-003
 -1.386035394839284E-003 -1.385966618260574E-003
 -1.386009067721414E-003 -1.385993001902161E-003
 -1.386041323456083E-003 -1.385960732738817E-003
 -1.386000472726373E-003 -1.386001510544209E-003
 -1.385980240784485E-003 -1.386021799060126E-003
 -1.385974754360541E-003 -1.386027275635116E-003
 -1.386010926345046E-003 -1.385991101752367E-003
 -1.386027169331567E-003 -1.385974886481068E-003
 -1.386025135776338E-003 -1.385976908005115E-003
 -1.385978565760055E-003 -1.386023433609544E-003
 -1.385976139369083E-003 -1.386025914368122E-003
 -1.385949919495589E-003 -1.386052116015674E-003
 -1.385990663781108E-003 -1.386011347622034E-003
 -1.386007188662867E-003 -1.385994830978750E-003
 -1.385979579750007E-003 -1.386022456811616E-003
 -1.386010694415208E-003 -1.385991290693901E-003
 -1.385974268011056E-003 -1.386027742789540E-003
 -1.385985769237744E-003 -1.386016265408828E-003
 -1.385996200075985E-003 -1.386005789334483E-003
 -1.385990232847622E-003 -1.386011815457788E-003
 -1.386009080053601E-003 -1.385992950867851E-003
 -1.386019566380850E-003 -1.385982393793960E-003
 -1.386000539615249E-003 -1.386001476305994E-003
 -1.386015582821175E-003 -1.385986455252934E-003
 -1.385996879328080E-003 -1.386005206680096E-003
 -1.386000808462439E-003 -1.386001205499827E-003
 -1.385990758916951E-003 -1.386011269979424E-003
 -1.385988487657028E-003 -1.386013497515343E-003
 -1.386010311852837E-003 -1.385991734133692E-003
 -1.385980305267208E-003 -1.386021687734815E-003
 -1.386009996277722E-003 -1.385992139955803E-003
 -1.385978122542281E-003 -1.386023894823551E-003
 -1.385991873014454E-003 -1.386010146488026E-003
 -1.386000622686071E-003 -1.386001457551367E-003
 -1.385998954390612E-003 -1.386003072579012E-003
 -1.386023694741495E-003 -1.385978315587788E-003
 -1.385991738014418E-003 -1.386010341792787E-003
 -1.386001008302697E-003 -1.386001016462026E-003
 -1.385977487271023E-003 -1.386024527491115E-003
 -1.386012506066498E-003 -1.385989585970819E-003
 -1.386025130655800E-003 -1.385976861273908E-003
 -1.386002620389409E-003 -1.385999427642400E-003
 -1.386003487590446E-003 -1.385998648830523E-003
 -1.386012458881429E-003 -1.385989589490553E-003
 -1.385994343173924E-003 -1.386007653425891E-003
 -1.386002364421451E-003 -1.385999768400353E-003
 -1.386012034606795E-003 -1.385989972038551E-003
 -1.385993784040736E-003 -1.386008251320397E-003
 -1.386002585465652E-003 -1.385999549281438E-003
 -1.386022139074601E-003 -1.385979857688644E-003
 -1.386036146577894E-003 -1.385965868456752E-003
 -1.385991237052011E-003 -1.386010876416550E-003
 -1.385977021696648E-003 -1.386024985447151E-003
 -1.385967408373213E-003 -1.386034596935629E-003
 -1.386010830805942E-003 -1.385991282100546E-003
 -1.385996901003073E-003 -1.386005129791234E-003
 -1.386011871963891E-003 -1.385990149004813E-003
 -1.385997249209674E-003 -1.386004807722159E-003
 -1.385988849424067E-003 -1.386013165157201E-003
 -1.385999749879058E-003 -1.386002287013369E-003
 -1.386000630070982E-003 -1.386001427141293E-003
 -1.385999222650315E-003 -1.386002788408160E-003
 -1.385976830131675E-003 -1.386025158169136E-003
 -1.386011203161034E-003 -1.385990868829314E-003
 -1.386023826246464E-003 -1.385978173643040E-003
 -1.386014313394587E-003 -1.385987687012872E-003
 -1.386000322031563E-003 -1.386001749694435E-003
 -1.385976126728906E-003 -1.386025897658065E-003
 -1.385985516221138E-003 -1.386016474402937E-003
 -1.386006081318218E-003 -1.385996014977242E-003
 -1.386004778315638E-003 -1.385997214958001E-003
 -1.386029687679779E-003 -1.385972333410530E-003
 -1.385993528004124E-003 -1.386008569769176E-003
 -1.385999344368945E-003 -1.386002641180685E-003
 -1.385999091625056E-003 -1.386002907937065E-003
 -1.386002580569370E-003 -1.385999457815789E-003
 -1.385990646202978E-003 -1.386011338301629E-003
 -1.385992807773327E-003 -1.386009227679366E-003
 -1.386003343450010E-003 -1.385998708119526E-003
 -1.386002456453384E-003 -1.385999537948596E-003
 -1.386003720484134E-003 -1.385998269853164E-003
 -1.386001157992416E-003 -1.386000880495599E-003
 -1.386004182744126E-003 -1.385997859601236E-003
 -1.386013570891788E-003 -1.385988409832711E-003
 -1.385997431187700E-003 -1.386004617560446E-003
 -1.385994189602841E-003 -1.386007821957348E-003
 -1.386016952799100E-003 -1.385985068057591E-003
 -1.386006061561625E-003 -1.385995951461101E-003
 -1.385993746691890E-003 -1.386008257648322E-003
 -1.386017936269869E-003 -1.385984083787974E-003
 -1.386003040048641E-003 -1.385998979124569E-003
 -1.386004794009903E-003 -1.385997231542563E-003
 -1.386015204951935E-003 -1.385986836116436E-003
 -1.385998319766362E-003 -1.386003669858420E-003
 -1.386018469647887E-003 -1.385983529942710E-003
 -1.386000569101358E-003 -1.386001470431215E-003
 -1.386017618409371E-003 -1.385984388746790E-003
 -1.385999225153200E-003 -1.386002779671327E-003
 -1.386015561709832E-003 -1.385986447952371E-003
 -1.386027541651110E-003 -1.385974480618428E-003
 -1.386018772213296E-003 -1.385983240041591E-003
 -1.386006051601756E-003 -1.385995969088925E-003
 -1.386018515401973E-003 -1.385983501328308E-003
 -1.385985368452478E-003 -1.386016626866239E-003
 -1.386003722836397E-003 -1.385998329946142E-003
 -1.386009850634206E-003 -1.385992147106326E-003
 -1.385989683354883E-003 -1.386012342493699E-003
 -1.385992055868910E-003 -1.386009984288834E-003
 -1.386005047688074E-003 -1.385996942317095E-003
 -1.385983729827046E-003 -1.386018268980396E-003
 -1.386002689418304E-003 -1.385999338617020E-003
 -1.386007342767374E-003 -1.385994674647097E-003
 -1.386008542577133E-003 -1.385993459289475E-003
 -1.385990363248405E-003 -1.386011664449619E-003
 -1.386022929063865E-003 -1.385979091147108E-003
 -1.385994212702849E-003 -1.386007799991753E-003
 -1.386007845688978E-003 -1.385994173448713E-003
 -1.386029749301080E-003 -1.385972255810857E-003
 -1.386013061699086E-003 -1.385988964016968E-003
 -1.385992197967804E-003 -1.386009820000176E-003
 -1.386019975587431E-003 -1.385982026621848E-003
 -1.386000368606973E-003 -1.386001650291958E-003
 -1.385992722030411E-003 -1.386009323491998E-003
 -1.385995590793635E-003 -1.386006391922779E-003
 -1.386010073512609E-003 -1.385991921083327E-003
 -1.385997162222685E-003 -1.386004855207353E-003
 -1.385989592487134E-003 -1.386012411326357E-003
 -1.386005066696651E-003 -1.385996967662957E-003
 -1.386012017979229E-003 -1.385990031088426E-003
 -1.386000445925023E-003 -1.386001544063060E-003
 -1.385990918645332E-003 -1.386011113969451E-003
 -1.386014118662904E-003 -1.385987909731888E-003
 -1.385978934237980E-003 -1.386023067644393E-003
 -1.386002791514782E-003 -1.385999234024510E-003
 -1.385999741091429E-003 -1.386002276158709E-003
 -1.385973720764298E-003 -1.386028286839250E-003
 -1.385996945420559E-003 -1.386005057114770E-003
 -1.386014307382528E-003 -1.385987711548812E-003
 -1.385979660789270E-003 -1.386022343222270E-003
 -1.386006672855773E-003 -1.385995342201937E-003
 -1.386002141466246E-003 -1.385999890950576E-003
 -1.385993337084393E-003 -1.386008662641686E-003
 -1.385993234451107E-003 -1.386008807285102E-003
 -1.385993616630351E-003 -1.386008424288271E-003
 -1.386005620382299E-003 -1.385996370102480E-003
 -1.386005555790361E-003 -1.385996438360824E-003
 -1.385990018230384E-003 -1.386011992571198E-003
 -1.385991621610615E-003 -1.386010388734712E-003
 -1.385982446924786E-003 -1.386019554027105E-003
 -1.385992147401203E-003 -1.386009870638175E-003
 -1.385986044070466E-003 -1.386015962563410E-003
 -1.385996205990103E-003 -1.386005805306048E-003
 -1.385989590478402E-003 -1.386012426451306E-003
 -1.385976524824748E-003 -1.386025496800910E-003
 -1.385979907864489E-003 -1.386022107585936E-003
 -1.385997179294952E-003 -1.386004857674028E-003
 -1.385983756557755E-003 -1.386018253972632E-003
 -1.385974666469267E-003 -1.386027351009193E-003
 -1.385970340287648E-003 -1.386031685854609E-003
 -1.386014911206837E-003 -1.385987194152236E-003
 -1.386018681920051E-003 -1.385983331190466E-003
 -1.386028094414006E-003 -1.385973945377669E-003
 -1.385995448249579E-003 -1.386006643715622E-003
 -1.386012987762403E-003 -1.385989013138021E-003
 -1.385998172980305E-003 -1.386003859809499E-003
 -1.386011375565736E-003 -1.385990739009370E-003
 -1.385975871327232E-003 -1.386026142967365E-003
 -1.385979379534425E-003 -1.386022646280826E-003
 -1.386010604125226E-003 -1.385991500030098E-003
 -1.386031783773784E-003 -1.385970225176948E-003
 -1.386011284890662E-003 -1.385990753872943E-003
 -1.386000785450630E-003 -1.386001314830438E-003
 -1.385986339447463E-003 -1.386015665194011E-003
 -1.385988473759736E-003 -1.386013543796749E-003
 -1.386004384003357E-003 -1.385997703408121E-003
 -1.386018323649899E-003 -1.385983694057423E-003
 -1.386011537712500E-003 -1.385990463561528E-003
 -1.385998296545597E-003 -1.386003757982829E-003
 -1.386007356784172E-003 -1.385994673936411E-003
 -1.385994117642235E-003 -1.386007885323848E-003
 -1.386003196115538E-003 -1.385998843776668E-003
 -1.386000071920620E-003 -1.386001933293223E-003
 -1.385999249962454E-003 -1.386002801447244E-003
 -1.386000733786012E-003 -1.386001319226988E-003
 -1.385991185202778E-003 -1.386010831769930E-003
 -1.385983131285207E-003 -1.386018903042513E-003
 -1.386014727265474E-003 -1.385987360536238E-003
 -1.385996958465958E-003 -1.386005064102650E-003
 -1.385960088477470E-003 -1.386041938335110E-003
 -1.386008076611463E-003 -1.385994021331465E-003
 -1.386013396894922E-003 -1.385988625907043E-003
 -1.386026421923770E-003 -1.385975614902083E-003
 -1.385992815831352E-003 -1.386009273059511E-003
 -1.385979122522700E-003 -1.386022897957325E-003
 -1.386012091633331E-003 -1.385989926616099E-003
 -1.385986633814451E-003 -1.386015469381245E-003
 -1.386002925128214E-003 -1.385999093936837E-003
 -1.385981862468914E-003 -1.386020142603992E-003
 -1.386007183226353E-003 -1.385994894558409E-003
 -1.385987805647769E-003 -1.386014192996332E-003
 -1.386029035874969E-003 -1.385973001160462E-003
 -1.385990931298764E-003 -1.386011154364648E-003
 -1.386005018546487E-003 -1.385997000445360E-003
 -1.385971072717442E-003 -1.386030937418230E-003
 -1.386006081979317E-003 -1.385996005722724E-003
 -1.386008280922521E-003 -1.385993730239996E-003
 -1.386009318223388E-003 -1.385992718510151E-003
 -1.385999696970537E-003 -1.386002322608032E-003
 -1.385993721671066E-003 -1.386008322631716E-003
 -1.385980460326877E-003 -1.386021543047574E-003
 -1.385994624212711E-003 -1.386007451147680E-003
 -1.386000460143716E-003 -1.386001568994044E-003
 -1.386019131268775E-003 -1.385982860520649E-003
 -1.385996962789985E-003 -1.386005087797388E-003
 -1.386001535718945E-003 -1.386000491041275E-003
 -1.386000468969631E-003 -1.386001563861403E-003
 -1.386002691093266E-003 -1.385999360400263E-003
 -1.385985641996800E-003 -1.386016359970287E-003
 -1.386002654789412E-003 -1.385999366517174E-003
 -1.385997573671919E-003 -1.386004460612687E-003
 -1.386019789460127E-003 -1.385982232962214E-003
 -1.386038672566649E-003 -1.385963363436461E-003
 -1.385995284223196E-003 -1.386006815648264E-003
 -1.385982971180040E-003 -1.386019049351781E-003
 -1.385977320359494E-003 -1.386024722809430E-003
 -1.386009935377875E-003 -1.385992154397291E-003
 -1.386011989765575E-003 -1.385990024721321E-003
 -1.385995112251790E-003 -1.386006912442166E-003
 -1.386012276174995E-003 -1.385989836795396E-003
 -1.386007114528243E-003 -1.385994902029268E-003
 -1.386018139348505E-003 -1.385983869517337E-003
 -1.385996301614286E-003 -1.386005780228621E-003
 -1.386003016507582E-003 -1.385998983470172E-003
 -1.385971325569025E-003 -1.386030716367123E-003
 -1.386011629494971E-003 -1.385990462984124E-003
 -1.386011818126340E-003 -1.385990200631516E-003
 -1.386033132012498E-003 -1.385968889336679E-003
 -1.385995675574604E-003 -1.386006423328858E-003
 -1.386016918120713E-003 -1.385985118365040E-003
 -1.386019367646543E-003 -1.385982646938819E-003
 -1.386005190673320E-003 -1.385996895238247E-003
 -1.385998912021054E-003 -1.386003111838114E-003
 -1.385981615787273E-003 -1.386020378365722E-003
 -1.386006378587775E-003 -1.385995674125196E-003
 -1.386002874058375E-003 -1.385999159809298E-003
 -1.386002749643574E-003 -1.385999276344208E-003
 -1.385999641678727E-003 -1.386002407084301E-003
 -1.386010340316066E-003 -1.385991659778290E-003
 -1.385998457983398E-003 -1.386003571734227E-003
 -1.386002148994975E-003 -1.385999895769256E-003
 -1.386036658007223E-003 -1.385965356200844E-003
 -1.386019767109164E-003 -1.385982264604444E-003
 -1.385991463302230E-003 -1.386010638654022E-003
 -1.385980645675507E-003 -1.386021369363815E-003
 -1.385980028095893E-003 -1.386022015908206E-003
 -1.386005729546175E-003 -1.385996360064368E-003
 -1.385978411334717E-003 -1.386023583138798E-003
 -1.386011892725275E-003 -1.385990152488325E-003
 -1.385986353459971E-003 -1.386015749317715E-003
 -1.386020363528075E-003 -1.385981643403098E-003
 -1.386006846079250E-003 -1.385995171901387E-003
 -1.386000323949268E-003 -1.386001753599573E-003
 -1.385968757720956E-003 -1.386033253520381E-003
 -1.386000517109836E-003 -1.386001509131289E-003
 -1.385998706686119E-003 -1.386003376871283E-003
 -1.386030114562771E-003 -1.385971890232279E-003
 -1.386007620944908E-003 -1.385994404298627E-003
 -1.385996003882750E-003 -1.386006083189356E-003
 -1.386014692262950E-003 -1.385987310195200E-003
 -1.386011383349317E-003 -1.385990661956036E-003
 -1.385986101995287E-003 -1.386015972249014E-003
 -1.385983894660362E-003 -1.386018115328528E-003
 -1.385994200827820E-003 -1.386007810969012E-003
 -1.386003870414263E-003 -1.385998178383138E-003
 -1.386002127686954E-003 -1.385999884714643E-003
 -1.386000987906863E-003 -1.386001057794469E-003
 -1.386002527562957E-003 -1.385999525157215E-003
 -1.385992448243360E-003 -1.386009581803539E-003
 -1.386012751194715E-003 -1.385989246007149E-003
 -1.385994603915574E-003 -1.386007425962534E-003
 -1.385997388694733E-003 -1.386004626668336E-003
 -1.385991150766699E-003 -1.386010881725671E-003
 -1.386004945189604E-003 -1.385997074263003E-003
 -1.386004352781675E-003 -1.385997647690486E-003
 -1.386000406802598E-003 -1.386001614538220E-003
 -1.385982305777126E-003 -1.386019714117225E-003
 -1.386002002176182E-003 -1.385999994761716E-003
 -1.386012315828487E-003 -1.385989728380868E-003
 -1.386015447946693E-003 -1.385986552998572E-003
 -1.386007059470901E-003 -1.385994952631172E-003
 -1.386004329483651E-003 -1.385997674473335E-003
 -1.385988452197173E-003 -1.386013520469257E-003
 -1.386007385432512E-003 -1.385994631554314E-003
 -1.386015435764789E-003 -1.385986572792895E-003
 -1.385994705523908E-003 -1.386007311811420E-003
 -1.386012963357212E-003 -1.385989036511846E-003
 -1.386010727008438E-003 -1.385991299462914E-003
 -1.385996822166112E-003 -1.386005195359828E-003
 -1.386005041773867E-003 -1.385996968550745E-003
 -1.386012050447123E-003 -1.385989967323303E-003
 -1.386009642151509E-003 -1.385992318440449E-003
 -1.386013294015366E-003 -1.385988703451724E-003
 -1.386012233266498E-003 -1.385989797430510E-003
 -1.385999856500300E-003 -1.386002157880201E-003
 -1.386007008918190E-003 -1.385995009380828E-003
 -1.386016115437014E-003 -1.385985903265845E-003
 -1.385998056664222E-003 -1.386003950575417E-003
 -1.385998738680533E-003 -1.386003255009779E-003
 -1.385991056604176E-003 -1.386010989217630E-003
 -1.385985221323386E-003 -1.386016781263382E-003
 -1.385995870318887E-003 -1.386006127980594E-003
 -1.386001358187093E-003 -1.386000668248766E-003
 -1.386018323533548E-003 -1.385983694158153E-003
 -1.385995218620935E-003 -1.386006794374007E-003
 -1.385997207694909E-003 -1.386004798827524E-003
 -1.386013890145381E-003 -1.385988079546936E-003
 -1.385989235962503E-003 -1.386012763203832E-003
 -1.385990123135235E-003 -1.386011905935315E-003
 -1.386005126182528E-003 -1.385996890303309E-003
 -1.385995411112752E-003 -1.386006602280256E-003
 -1.385986069420323E-003 -1.386015941134231E-003
 -1.386007165483478E-003 -1.385994852437838E-003
 -1.385997411009803E-003 -1.386004598780017E-003
 -1.385990033152558E-003 -1.386011984354535E-003
 -1.385992443966076E-003 -1.386009518076555E-003
 -1.385995837417483E-003 -1.386006177360367E-003
 -1.385985744769388E-003 -1.386016274937793E-003
 -1.386003753002397E-003 -1.385998255759720E-003
 -1.385989163526911E-003 -1.386012833099785E-003
 -1.385988958358402E-003 -1.386013074103202E-003
 -1.386002375816177E-003 -1.385999638329578E-003
 CIS relaxed dipole moment
            1
    1  -2.1773776
    2  -3.7774698
    3   1.1125372
	Magnitude:	 4.500 au	11.437 Debye
