mFile = /cm/shared/apps/q-chem/intel/QCHEM_5.1.0_Trunk/bin/mpi/machines
Process 0 of 1 is on ctcp035 - thread support 0
initial socket setup ...start
initial socket setup ...done 
now start server 0 ... 
Q-Chem Developer Version!
                  Welcome to Q-Chem
     A Quantum Leap Into The Future Of Chemistry


 Q-Chem 5.1, Q-Chem, Inc., Pleasanton, CA (2018)

 Yihan Shao,  Zhengting Gan,  E. Epifanovsky,  A. T. B. Gilbert,  M. Wormit,  
 J. Kussmann,  A. W. Lange,  A. Behn,  Jia Deng,  Xintian Feng,  D. Ghosh,  
 M. Goldey,  P. R. Horn,  L. D. Jacobson,  I. Kaliman,  T. Kus,  A. Landau,  
 Jie Liu,  E. I. Proynov,  R. M. Richard,  R. P. Steele,  E. J. Sundstrom,  
 H. L. Woodcock III,  P. M. Zimmerman,  D. Zuev,  B. Albrecht,  E. Alguire,  
 S. A. Baeppler,  D. Barton,  Z. Benda,  Y. A. Bernard,  E. J. Berquist,  
 K. B. Bravaya,  H. Burton,  D. Casanova,  Chun-Min Chang,  Yunqing Chen,  
 A. Chien,  K. D. Closser,  M. P. Coons,  S. Coriani,  S. Dasgupta,  
 A. L. Dempwolff,  M. Diedenhofen,  Hainam Do,  R. G. Edgar,  Po-Tung Fang,  
 S. Faraji,  S. Fatehi,  Qingguo Feng,  K. D. Fenk,  J. Fosso-Tande,  
 Qinghui Ge,  A. Ghysels,  G. Gidofalvi,  J. Gomes,  J. Gonthier,  A. Gunina,  
 D. Hait,  M. W. D. Hanson-Heine,  P. H. P. Harbach,  A. W. Hauser,  
 J. E. Herr,  E. G. Hohenstein,  Z. C. Holden,  Kerwin Hui,  B. C. Huynh,  
 T.-C. Jagau,  Hyunjun Ji,  B. Kaduk,  K. Khistyaev,  Jaehoon Kim,  
 P. Klunzinger,  K. Koh,  D. Kosenkov,  L. Koulias,  T. Kowalczyk,  
 C. M. Krauter,  A. Kunitsa,  Ka Un Lao,  A. Laurent,  K. V. Lawler,  
 Joonho Lee,  D. Lefrancois,  S. Lehtola,  D. S. Levine,  Yi-Pei Li,  
 You-Sheng Lin,  Fenglai Liu,  E. Livshits,  A. Luenser,  P. Manohar,  
 E. Mansoor,  S. F. Manzer,  Shan-Ping Mao,  Yuezhi Mao,  N. Mardirossian,  
 A. V. Marenich,  T. Markovich,  L. A. Martinez-Martinez,  S. A. Maurer,  
 N. J. Mayhall,  S. C. McKenzie,  J.-M. Mewes,  A. F. Morrison,  
 J. W. Mullinax,  K. Nanda,  T. S. Nguyen-Beck,  R. Olivares-Amaya,  
 J. A. Parkhill,  T. M. Perrine,  F. Plasser,  P. Pokhilko,  S. Prager,  
 A. Prociuk,  E. Ramos,  D. R. Rehn,  F. Rob,  M. Schneider,  N. Sergueev,  
 S. M. Sharada,  S. Sharma,  D. W. Small,  T. Stauch,  T. Stein,  
 Yu-Chuan Su,  A. J. W. Thom,  A. Tkatchenko,  T. Tsuchimochi,  N. M. Tubman,  
 L. Vogt,  M. L. Vidal,  O. Vydrov,  M. A. Watson,  J. Wenzel,  
 M. de Wergifosse,  T. A. Wesolowski,  A. White,  J. Witte,  A. Yamada,  
 Jun Yang,  K. Yao,  S. Yeganeh,  S. R. Yost,  Zhi-Qiang You,  A. Zech,  
 Igor Ying Zhang,  Xing Zhang,  Yan Zhao,  Ying Zhu,  B. R. Brooks,  
 G. K. L. Chan,  C. J. Cramer,  M. S. Gordon,  W. J. Hehre,  A. Klamt,  
 M. W. Schmidt,  C. D. Sherrill,  D. G. Truhlar,  A. Aspuru-Guzik,  R. Baer,  
 A. T. Bell,  N. A. Besley,  Jeng-Da Chai,  A. E. DePrince, III,  
 R. A. DiStasio Jr.,  A. Dreuw,  B. D. Dunietz,  T. R. Furlani,  
 Chao-Ping Hsu,  Yousung Jung,  Jing Kong,  D. S. Lambrecht,  WanZhen Liang,  
 C. Ochsenfeld,  V. A. Rassolov,  L. V. Slipchenko,  J. E. Subotnik,  
 T. Van Voorhis,  J. M. Herbert,  A. I. Krylov,  P. M. W. Gill,  M. Head-Gordon

 Contributors to earlier versions of Q-Chem not listed above: 
 R. D. Adamson,  B. Austin,  J. Baker,  G. J. O. Beran,  K. Brandhorst,  
 S. T. Brown,  E. F. C. Byrd,  A. K. Chakraborty,  C.-L. Cheng,  
 Siu Hung Chien,  D. M. Chipman,  D. L. Crittenden,  H. Dachsel,  
 R. J. Doerksen,  A. D. Dutoi,  L. Fusti-Molnar,  W. A. Goddard III,  
 A. Golubeva-Zadorozhnaya,  S. R. Gwaltney,  G. Hawkins,  A. Heyden,  
 S. Hirata,  G. Kedziora,  F. J. Keil,  C. Kelley,  Jihan Kim,  R. A. King,  
 R. Z. Khaliullin,  P. P. Korambath,  W. Kurlancheek,  A. M. Lee,  M. S. Lee,  
 S. V. Levchenko,  Ching Yeh Lin,  D. Liotard,  R. C. Lochan,  I. Lotan,  
 P. E. Maslen,  N. Nair,  D. P. O'Neill,  D. Neuhauser,  E. Neuscamman,  
 C. M. Oana,  R. Olson,  B. Peters,  R. Peverati,  P. A. Pieniazek,  
 Y. M. Rhee,  J. Ritchie,  M. A. Rohrdanz,  E. Rosta,  N. J. Russ,  
 H. F. Schaefer III,  N. E. Schultz,  N. Shenvi,  A. C. Simmonett,  A. Sodt,  
 D. Stuck,  K. S. Thanthiriwatte,  V. Vanovschi,  Tao Wang,  A. Warshel,  
 C. F. Williams,  Q. Wu,  X. Xu,  W. Zhang

 Please cite Q-Chem as follows:
 Y. Shao et al., Mol. Phys. 113, 184-215 (2015)
 DOI: 10.1080/00268976.2014.952696

 Q-Chem 5.1.1 for Intel X86 EM64T Linux

 Parts of Q-Chem use Armadillo 8.300.2 (Tropical Shenanigans).
 http://arma.sourceforge.net/

 Q-Chem begins on Mon Oct 29 11:52:57 2018  

Host: ctcp035
0

     Scratch files written to /scratch/mewes1/138735/triplet.out.plots//
 Parallel job on  1  processors
Symmetry turned off for PCM/SM12/SMD calculation
Input Ideriv = 2
Curr. Ideriv = -1
Max.  Ideriv = 2
Input Ideriv = 2
Curr. Ideriv = 2
Max.  Ideriv = 2

Checking the input file for inconsistencies... 	...done.

--------------------------------------------------------------
User input:
--------------------------------------------------------------
$rem
threads 8
jobtype sp
method PBEh-3c
basis def2-mSVP
mem_static      1024
mem_total       8000
sym_ignore      true
unrestricted true
scf_algorithm	diis
scf_max_cycles	250
solvent_method  pcm
make_cube_files	true
$end

$pcm
theory  iefpcm
$end

$solvent
dielectric      2.38
$end


$plots
triplet state dens for utleopt_tol.out
253 -9.79 10.01
135 -6.59 5.87
271 -11.94 9.03
0 1 0 0
0
$end


$molecule
0 3
C        -0.0092362327   -0.3555775946    0.0322759517
C        -0.0036577663   -0.3694058964    1.4397631282
H         0.9425467478   -0.4014262591    1.9683587677
C        -1.1874085828   -0.3399361797    2.1398319358
C        -1.4846428139   -0.3443261013    3.5743229770
C        -0.7436021556   -0.3780957242    4.7261238901
H         0.3385935133   -0.4108246281    4.7096976811
C        -1.4252974036   -0.3701443374    5.9671058089
H        -0.8390595865   -0.3970465417    6.8763631467
C        -2.7975943886   -0.3302808435    6.0602146384
H        -3.2721473056   -0.3259159222    7.0338370918
C        -2.8884689556   -0.3038979957    3.6830588522
C        -3.5873029948   -0.2954237022    4.8854915183
C        -3.5037690548   -0.2738528725    2.4168851412
C        -4.8720259786   -0.2321314587    2.3457229305
H        -5.3955495152   -0.2064721727    1.3977705920
C        -5.6083286979   -0.2224350762    3.5533899228
H        -6.6889244359   -0.1897060180    3.5001504639
C        -5.0001736252   -0.2529452299    4.7874334635
H        -5.6057809602   -0.2440860704    5.6854336233
C        -2.4226797909   -0.2969104113    1.4360265568
C        -2.4477114358   -0.2866075155    0.0600243758
H        -3.3946013216   -0.2597376715   -0.4685434821
C        -1.2480259094   -0.3124536323   -0.6707334480
B         1.3341287919   -0.3912390740   -0.7293116261
B        -1.2989681096   -0.3014962835   -2.2206304643
C         1.3222203180   -0.3453362647   -2.2670261714
C         2.5230314940   -0.3710881705   -2.9695019644
H         3.4593810805   -0.4250683723   -2.4259568953
C         2.5276520795   -0.3325431696   -4.3505586840
C         3.5731784567   -0.3468640484   -5.3190159694
C         4.9601140716   -0.4011752447   -5.2773080520
H         5.4983504714   -0.4440340658   -4.3396633544
C         5.6602827030   -0.4027739614   -6.4919732305
H         6.7413493503   -0.4456218698   -6.4655081544
C         5.0285188333   -0.3536848437   -7.7247075035
H         5.6203395096   -0.3588248082   -8.6315465106
C         2.9382356981   -0.2968585925   -6.5855907933
C         3.6165752309   -0.2989856719   -7.8035529085
C         1.5216418406   -0.2509137142   -6.4729124672
C         0.7584425095   -0.2025896166   -7.6374428822
H        -0.3227395557   -0.1657603868   -7.6055933092
C         1.4268457472   -0.2027786168   -8.8665845055
H         0.8410937784   -0.1652982880   -9.7760646823
C         2.8101677438   -0.2495245158   -8.9677685566
H         3.2745703959   -0.2486476956   -9.9460687420
C         1.2302017925   -0.2734498010   -5.0882952989
C         0.0303727424   -0.2615411094   -4.3853015185
H        -0.9098396478   -0.2295104553   -4.9253307309
C         0.0286256030   -0.2979642182   -3.0018547292
C         2.7039210260   -0.4997188831    0.0352213963
C         3.5059282346    0.6252460490    0.2488006875
C         4.7224373392    0.5164305472    0.9219480161
H         5.3131241213    1.4119603507    1.0726151398
C         5.1562099637   -0.7183476306    1.3862988525
O         6.3168530872   -0.9222178315    2.0450716265
C         4.3644786425   -1.8436436816    1.1744053280
H         4.7099209190   -2.8058550071    1.5365821106
C         3.1526229303   -1.7439380862    0.5107557286
C         7.1485938210    0.1837408722    2.2913242006
H         8.0171012533   -0.1931984592    2.8272006370
H         7.4897476375    0.6593730275    1.3665419738
H         6.6586121133    0.9406171247    2.9116757478
C         3.0477837673    1.9934814522   -0.1887444809
H         2.4813776828    1.9244991293   -1.1210836718
H         3.9169107326    2.6175313288   -0.4124860341
C         2.3600622435   -3.0036613146    0.2630237789
H         1.2886003132   -2.7893808070    0.2767464636
H         2.5344577618   -3.7090233890    1.0792820445
C         2.1880050243    2.6856924015    0.8668725993
H         1.2797337394    2.1186596104    1.0717089434
H         1.8884010400    3.6805461354    0.5350601995
H         2.7308290243    2.7932172729    1.8066496981
C         2.7209863423   -3.6733252313   -1.0619838996
H         2.5089057126   -3.0201066398   -1.9086547945
H         3.7808324039   -3.9279704656   -1.0978314058
H         2.1500431738   -4.5921351385   -1.2026368521
C        -2.6736891276   -0.3142500763   -2.9956254373
C        -3.1975239441   -1.5128726379   -3.4903339614
C        -4.4073255864   -1.5369018924   -4.1834874824
H        -4.7757479743   -2.4895096734   -4.5454896822
C        -5.1183982178   -0.3645586850   -4.3935288265
O        -6.2963174971   -0.2901639706   -5.0492531725
C        -4.6073659308    0.8341562720   -3.9050946265
H        -5.1639572637    1.7499981432   -4.0722876107
C        -3.4050178704    0.8660453057   -3.2170584737
C        -6.8611400595   -1.4769177280   -5.5497052602
H        -7.7964297369   -1.1978791779   -6.0302883722
H        -7.0792775368   -2.1984627795   -4.7562392562
H        -6.2195326666   -1.9606521044   -6.2927548519
C        -2.8743746796    2.2048775957   -2.7742888466
H        -3.7072309823    2.8484368593   -2.4798735552
H        -2.2503584913    2.0942589646   -1.8839941723
C        -2.5133191785   -2.8327746673   -3.2364214908
H        -1.4388043031   -2.6874137275   -3.1030440176
H        -2.6220404788   -3.4767658715   -4.1133783686
C        -2.0711962389    2.8946017785   -3.8752027077
H        -1.2015139572    2.3015431172   -4.1590219674
H        -2.6783740692    3.0410218961   -4.7693051475
H        -1.7141290240    3.8714692487   -3.5470633030
C        -3.0810092375   -3.5462822942   -2.0113083382
H        -2.9520499537   -2.9432875135   -1.1120612122
H        -4.1477480202   -3.7413772882   -2.1289367850
H        -2.5812572113   -4.5016918121   -1.8468979802
$end

--------------------------------------------------------------
 Adding empirical dispersion correction 
 ----------------------------------------------------------------
 Doing -D3(BJ) with
 s6 =   1.00000
 s8 =   0.00000
 a1 =   0.48600
 a2 =   4.50000
 -D3 energy including 3body term =     -0.0954808129 hartrees
 ----------------------------------------------------------------
 Adding gCP correction 
 ----------------------------------------------------------------
 gCP energy =      0.1521587815 hartrees
 ----------------------------------------------------------------
             Standard Nuclear Orientation (Angstroms)
    I     Atom           X                Y                Z
 ----------------------------------------------------------------
    1      C      -0.0092362327    -0.3555775946     0.0322759517
    2      C      -0.0036577663    -0.3694058964     1.4397631282
    3      H       0.9425467478    -0.4014262591     1.9683587677
    4      C      -1.1874085828    -0.3399361797     2.1398319358
    5      C      -1.4846428139    -0.3443261013     3.5743229770
    6      C      -0.7436021556    -0.3780957242     4.7261238901
    7      H       0.3385935133    -0.4108246281     4.7096976811
    8      C      -1.4252974036    -0.3701443374     5.9671058089
    9      H      -0.8390595865    -0.3970465417     6.8763631467
   10      C      -2.7975943886    -0.3302808435     6.0602146384
   11      H      -3.2721473056    -0.3259159222     7.0338370918
   12      C      -2.8884689556    -0.3038979957     3.6830588522
   13      C      -3.5873029948    -0.2954237022     4.8854915183
   14      C      -3.5037690548    -0.2738528725     2.4168851412
   15      C      -4.8720259786    -0.2321314587     2.3457229305
   16      H      -5.3955495152    -0.2064721727     1.3977705920
   17      C      -5.6083286979    -0.2224350762     3.5533899228
   18      H      -6.6889244359    -0.1897060180     3.5001504639
   19      C      -5.0001736252    -0.2529452299     4.7874334635
   20      H      -5.6057809602    -0.2440860704     5.6854336233
   21      C      -2.4226797909    -0.2969104113     1.4360265568
   22      C      -2.4477114358    -0.2866075155     0.0600243758
   23      H      -3.3946013216    -0.2597376715    -0.4685434821
   24      C      -1.2480259094    -0.3124536323    -0.6707334480
   25      B       1.3341287919    -0.3912390740    -0.7293116261
   26      B      -1.2989681096    -0.3014962835    -2.2206304643
   27      C       1.3222203180    -0.3453362647    -2.2670261714
   28      C       2.5230314940    -0.3710881705    -2.9695019644
   29      H       3.4593810805    -0.4250683723    -2.4259568953
   30      C       2.5276520795    -0.3325431696    -4.3505586840
   31      C       3.5731784567    -0.3468640484    -5.3190159694
   32      C       4.9601140716    -0.4011752447    -5.2773080520
   33      H       5.4983504714    -0.4440340658    -4.3396633544
   34      C       5.6602827030    -0.4027739614    -6.4919732305
   35      H       6.7413493503    -0.4456218698    -6.4655081544
   36      C       5.0285188333    -0.3536848437    -7.7247075035
   37      H       5.6203395096    -0.3588248082    -8.6315465106
   38      C       2.9382356981    -0.2968585925    -6.5855907933
   39      C       3.6165752309    -0.2989856719    -7.8035529085
   40      C       1.5216418406    -0.2509137142    -6.4729124672
   41      C       0.7584425095    -0.2025896166    -7.6374428822
   42      H      -0.3227395557    -0.1657603868    -7.6055933092
   43      C       1.4268457472    -0.2027786168    -8.8665845055
   44      H       0.8410937784    -0.1652982880    -9.7760646823
   45      C       2.8101677438    -0.2495245158    -8.9677685566
   46      H       3.2745703959    -0.2486476956    -9.9460687420
   47      C       1.2302017925    -0.2734498010    -5.0882952989
   48      C       0.0303727424    -0.2615411094    -4.3853015185
   49      H      -0.9098396478    -0.2295104553    -4.9253307309
   50      C       0.0286256030    -0.2979642182    -3.0018547292
   51      C       2.7039210260    -0.4997188831     0.0352213963
   52      C       3.5059282346     0.6252460490     0.2488006875
   53      C       4.7224373392     0.5164305472     0.9219480161
   54      H       5.3131241213     1.4119603507     1.0726151398
   55      C       5.1562099637    -0.7183476306     1.3862988525
   56      O       6.3168530872    -0.9222178315     2.0450716265
   57      C       4.3644786425    -1.8436436816     1.1744053280
   58      H       4.7099209190    -2.8058550071     1.5365821106
   59      C       3.1526229303    -1.7439380862     0.5107557286
   60      C       7.1485938210     0.1837408722     2.2913242006
   61      H       8.0171012533    -0.1931984592     2.8272006370
   62      H       7.4897476375     0.6593730275     1.3665419738
   63      H       6.6586121133     0.9406171247     2.9116757478
   64      C       3.0477837673     1.9934814522    -0.1887444809
   65      H       2.4813776828     1.9244991293    -1.1210836718
   66      H       3.9169107326     2.6175313288    -0.4124860341
   67      C       2.3600622435    -3.0036613146     0.2630237789
   68      H       1.2886003132    -2.7893808070     0.2767464636
   69      H       2.5344577618    -3.7090233890     1.0792820445
   70      C       2.1880050243     2.6856924015     0.8668725993
   71      H       1.2797337394     2.1186596104     1.0717089434
   72      H       1.8884010400     3.6805461354     0.5350601995
   73      H       2.7308290243     2.7932172729     1.8066496981
   74      C       2.7209863423    -3.6733252313    -1.0619838996
   75      H       2.5089057126    -3.0201066398    -1.9086547945
   76      H       3.7808324039    -3.9279704656    -1.0978314058
   77      H       2.1500431738    -4.5921351385    -1.2026368521
   78      C      -2.6736891276    -0.3142500763    -2.9956254373
   79      C      -3.1975239441    -1.5128726379    -3.4903339614
   80      C      -4.4073255864    -1.5369018924    -4.1834874824
   81      H      -4.7757479743    -2.4895096734    -4.5454896822
   82      C      -5.1183982178    -0.3645586850    -4.3935288265
   83      O      -6.2963174971    -0.2901639706    -5.0492531725
   84      C      -4.6073659308     0.8341562720    -3.9050946265
   85      H      -5.1639572637     1.7499981432    -4.0722876107
   86      C      -3.4050178704     0.8660453057    -3.2170584737
   87      C      -6.8611400595    -1.4769177280    -5.5497052602
   88      H      -7.7964297369    -1.1978791779    -6.0302883722
   89      H      -7.0792775368    -2.1984627795    -4.7562392562
   90      H      -6.2195326666    -1.9606521044    -6.2927548519
   91      C      -2.8743746796     2.2048775957    -2.7742888466
   92      H      -3.7072309823     2.8484368593    -2.4798735552
   93      H      -2.2503584913     2.0942589646    -1.8839941723
   94      C      -2.5133191785    -2.8327746673    -3.2364214908
   95      H      -1.4388043031    -2.6874137275    -3.1030440176
   96      H      -2.6220404788    -3.4767658715    -4.1133783686
   97      C      -2.0711962389     2.8946017785    -3.8752027077
   98      H      -1.2015139572     2.3015431172    -4.1590219674
   99      H      -2.6783740692     3.0410218961    -4.7693051475
  100      H      -1.7141290240     3.8714692487    -3.5470633030
  101      C      -3.0810092375    -3.5462822942    -2.0113083382
  102      H      -2.9520499537    -2.9432875135    -1.1120612122
  103      H      -4.1477480202    -3.7413772882    -2.1289367850
  104      H      -2.5812572113    -4.5016918121    -1.8468979802
 ----------------------------------------------------------------
 Nuclear Repulsion Energy =  7595.9301661786 hartrees
 There are      199 alpha and      197 beta electrons
 Requested basis set is def2-mSVP
 There are 498 shells and 962 basis functions

 Total QAlloc Memory Limit   8000 MB
 Mega-Array Size      1001 MB
 MEM_STATIC part      1024 MB
 Discretize the solute cavity surface with Lebedev spheres
	Using 302 Lebedev grid points for each H atom
	Using 302 Lebedev grid points for other atoms
	Atomic van der Waals radii will be scaled by 1.20
 Remove points where switching function is < 1.0e-08
 Keep 11043 surface tesserae and discard 20365 interior tesserae
 Molecular Surface Area = 796.240 Angst**2
 A cutoff of  1.0D-08 yielded  33387 shell pairs
 There are    131773 function pairs (    145199 Cartesian)
 
 -------------------------------------------------------
 OpenMP Integral Computing Module                       
 Release: version 1.0, May 2013, Q-Chem Inc. Pittsburgh 
 -------------------------------------------------------
 Integral Job Info:
 Integral job number is                      11
 Integral operator is                         1
 short-range coefficients                     0
 long-range coefficients              100000000
 Omega coefficients                           0
 if combine SR and LR in K                    0
 Integral screening is                        0
 Integral computing path is                   2
 max size of driver memory is            800000
 size of driver memory is                593474
 size of scratch memory is              1809772
 max col of scratch BK array               1296
 max len of scratch array in speh3          155
 max len of scratch index in speh4           18
 max int batch size is                      520
 min int batch size is                       52
 fixed nKL is                                52
 max L of basis functions is                  2
 order of int derivative is                   0
 number of shells is                        498
 number of basis is                        1020
 number of cartesian basis is              1020
 number of contracted shell pairs         33387
 number of primitive shell pairs          69875
 maxK2 (contraction) of shell pair           25
 max number of K2 of shell pair               1
 max number of CS2 of shell pair           8207
 max number of PS2 of shell pair          11840
 mem total for path MDJ                  841068
 -------------------------------------------------------
 Smallest overlap matrix eigenvalue = 1.97E-04

 Scale SEOQF with 1.000000e-02/1.000000e-01/1.000000e-02

 Standard Electronic Orientation quadrupole field applied
 Nucleus-field energy     =    -0.0000000006 hartrees
 Guess from superposition of atomic densities
 Warning:  Energy on first SCF cycle will be non-variational
 SAD guess density has 396.000000 electrons

 -----------------------------------------------------------------------
  General SCF calculation program by
  Eric Jon Sundstrom, Paul Horn, Yuezhi Mao, Dmitri Zuev, Alec White,
  David Stuck, Shaama M.S., Shane Yost, Joonho Lee, David Small,
  Daniel Levine, Susi Lehtola, Hugh Burton, Evgeny Epifanovsky
 -----------------------------------------------------------------------
 Exchange:     0.4200 Hartree-Fock + 0.5800 PBEh-3c
 Correlation:  1.0000 PBEh-3c
 Using SG-1 standard quadrature grid
 Dispersion:   Grimme D3
 using 8 threads for integral computing
 -------------------------------------------------------
 OpenMP Integral computing Module                
 Release: version 2.0, May 2017, Q-Chem Inc. Pleasanton 
 -------------------------------------------------------
 -------------------------------------------------------
 OpenMP BLAS3 based DFT computing Module                
 Release: version 1.0, May 2013, Q-Chem Inc. Pittsburgh 
 -------------------------------------------------------
 A unrestricted SCF calculation will be
 performed using DIIS
 SCF converges when DIIS error is below 1.0e-05
 ---------------------------------------
  Cycle       Energy         DIIS error
 ---------------------------------------
 Using non-symmetric K matrix
 Warning: not using a symmetric Q
    1   -2299.2771253929      1.36e-02  
    2   -2280.1703474721      9.20e-04  
    3   -2280.2577962713      8.37e-04  
    4   -2280.5550276173      3.89e-04  
    5   -2280.6396016502      9.86e-05  
    6   -2280.6467619689      4.15e-05  
    7   -2280.6486568650      1.98e-05  
    8   -2280.6500197971      1.47e-05  
    9   -2280.6512421185      9.47e-06  Convergence criterion met
 ---------------------------------------
 SCF time:   CPU 7032.09s  wall 922.00s 
<S^2> =          2.141933707

************** Final PCM Free Energy Summary **************
 G_electrostatic  =      -0.01367539 hartree =      -8.58143408 kcal/mol
 G_cavitation     =       0.00000000 hartree =       0.00000000 kcal/mol
 G_dispersion     =       0.00000000 hartree =       0.00000000 kcal/mol
 G_repulsion      =       0.00000000 hartree =       0.00000000 kcal/mol
 --------------------------------------------------
 Non-electrostatic Free Energy =       0.00000000 hartree =       0.00000000 kcal/mol
 Total                         =      -0.01367539 hartree =      -8.58143408 kcal/mol
 --------------------------------------------------
 SCF Energy (H0 + V/2)                       =   -2280.65124212 
 Solute Internal Energy (H0)                 =   -2280.63756673 
 Total Free Energy (H0 + V/2 + non-elec)     =   -2280.65124212 hartree
                                             = -1431130.25447726 kcal/mol
***********************************************************

 SCF   energy in the final basis set =    -2280.6512421185
 Total energy in the final basis set =    -2280.6512421185
 
 --------------------------------------------------------------
 
                    Orbital Energies (a.u.)
 --------------------------------------------------------------
 
 Alpha MOs
 -- Occupied --
-19.523 -19.523 -10.499 -10.499 -10.484 -10.484 -10.483 -10.483
-10.470 -10.469 -10.468 -10.466 -10.466 -10.466 -10.463 -10.462
-10.461 -10.461 -10.461 -10.460 -10.460 -10.460 -10.459 -10.459
-10.459 -10.458 -10.457 -10.457 -10.457 -10.455 -10.455 -10.451
-10.448 -10.447 -10.447 -10.446 -10.446 -10.446 -10.446 -10.446
-10.432 -10.431 -10.430 -10.430 -10.430 -10.430 -10.429 -10.428
-10.426 -10.426 -10.417 -10.417 -10.416 -10.416 -10.413 -10.412
 -6.932  -6.930  -1.179  -1.179  -1.026  -1.013  -0.967  -0.957
 -0.951  -0.950  -0.937  -0.929  -0.912  -0.898  -0.885  -0.884
 -0.871  -0.860  -0.860  -0.852  -0.850  -0.843  -0.824  -0.820
 -0.815  -0.815  -0.809  -0.804  -0.798  -0.797  -0.771  -0.770
 -0.743  -0.735  -0.724  -0.719  -0.708  -0.707  -0.700  -0.699
 -0.690  -0.686  -0.678  -0.667  -0.654  -0.646  -0.644  -0.641
 -0.627  -0.626  -0.601  -0.591  -0.591  -0.587  -0.582  -0.580
 -0.580  -0.574  -0.574  -0.559  -0.559  -0.544  -0.542  -0.534
 -0.531  -0.531  -0.528  -0.521  -0.518  -0.506  -0.503  -0.503
 -0.502  -0.500  -0.499  -0.496  -0.496  -0.492  -0.488  -0.486
 -0.484  -0.482  -0.479  -0.479  -0.478  -0.477  -0.474  -0.464
 -0.460  -0.457  -0.455  -0.455  -0.452  -0.449  -0.444  -0.441
 -0.438  -0.432  -0.432  -0.428  -0.427  -0.426  -0.425  -0.414
 -0.410  -0.409  -0.406  -0.406  -0.404  -0.400  -0.399  -0.398
 -0.395  -0.393  -0.392  -0.389  -0.388  -0.384  -0.383  -0.378
 -0.376  -0.375  -0.360  -0.360  -0.358  -0.354  -0.351  -0.350
 -0.339  -0.338  -0.335  -0.314  -0.310  -0.295  -0.291  -0.275
 -0.272  -0.271  -0.263  -0.255  -0.248  -0.246  -0.180
 -- Virtual --
 -0.076  -0.039  -0.038  -0.006   0.004   0.015   0.023   0.029
  0.029   0.040   0.042   0.066   0.080   0.083   0.088   0.115
  0.119   0.146   0.147   0.152   0.153   0.157   0.159   0.161
  0.161   0.165   0.167   0.169   0.171   0.177   0.179   0.182
  0.187   0.191   0.193   0.195   0.197   0.199   0.199   0.200
  0.201   0.203   0.206   0.207   0.209   0.211   0.212   0.213
  0.215   0.217   0.221   0.222   0.224   0.225   0.225   0.227
  0.230   0.230   0.231   0.232   0.234   0.235   0.237   0.239
  0.241   0.242   0.246   0.251   0.254   0.256   0.258   0.264
  0.264   0.268   0.269   0.272   0.272   0.279   0.280   0.287
  0.288   0.289   0.295   0.297   0.300   0.302   0.307   0.312
  0.313   0.314   0.318   0.322   0.326   0.328   0.332   0.334
  0.337   0.343   0.346   0.351   0.353   0.356   0.365   0.374
  0.381   0.392   0.399   0.401   0.406   0.408   0.412   0.418
  0.421   0.422   0.428   0.433   0.439   0.450   0.453   0.455
  0.459   0.466   0.470   0.473   0.480   0.481   0.483   0.490
  0.493   0.501   0.501   0.502   0.505   0.507   0.513   0.518
  0.521   0.523   0.523   0.525   0.529   0.530   0.531   0.533
  0.535   0.539   0.541   0.542   0.544   0.547   0.550   0.551
  0.554   0.555   0.560   0.560   0.564   0.567   0.568   0.569
  0.572   0.575   0.577   0.578   0.579   0.581   0.582   0.586
  0.588   0.591   0.591   0.593   0.593   0.596   0.601   0.603
  0.605   0.607   0.610   0.611   0.612   0.615   0.617   0.620
  0.622   0.625   0.627   0.632   0.638   0.639   0.643   0.645
  0.650   0.651   0.651   0.655   0.658   0.662   0.662   0.663
  0.665   0.665   0.669   0.674   0.676   0.677   0.681   0.684
  0.685   0.697   0.701   0.703   0.707   0.711   0.713   0.716
  0.718   0.719   0.723   0.724   0.727   0.734   0.737   0.739
  0.745   0.747   0.749   0.752   0.757   0.759   0.765   0.770
  0.773   0.779   0.779   0.785   0.787   0.789   0.792   0.793
  0.799   0.807   0.808   0.816   0.821   0.831   0.835   0.837
  0.844   0.848   0.849   0.854   0.857   0.861   0.868   0.879
  0.882   0.890   0.898   0.902   0.904   0.906   0.910   0.913
  0.918   0.923   0.934   0.944   0.946   0.949   0.952   0.956
  0.961   0.963   0.964   0.966   0.969   0.979   0.982   0.988
  0.989   0.990   0.991   0.993   0.993   1.000   1.001   1.003
  1.005   1.006   1.008   1.012   1.013   1.021   1.027   1.031
  1.032   1.034   1.036   1.037   1.039   1.041   1.046   1.047
  1.051   1.053   1.055   1.058   1.062   1.064   1.067   1.070
  1.073   1.077   1.078   1.083   1.084   1.086   1.087   1.091
  1.093   1.100   1.100   1.102   1.107   1.108   1.121   1.125
  1.128   1.131   1.133   1.144   1.146   1.151   1.152   1.156
  1.159   1.161   1.168   1.171   1.174   1.178   1.181   1.183
  1.184   1.192   1.196   1.200   1.216   1.217   1.226   1.228
  1.231   1.245   1.253   1.255   1.262   1.268   1.269   1.273
  1.276   1.280   1.289   1.291   1.292   1.297   1.298   1.302
  1.305   1.309   1.312   1.316   1.319   1.328   1.333   1.337
  1.341   1.347   1.349   1.351   1.356   1.360   1.363   1.365
  1.371   1.372   1.377   1.384   1.386   1.399   1.405   1.408
  1.410   1.414   1.421   1.428   1.430   1.430   1.437   1.442
  1.444   1.445   1.449   1.455   1.459   1.460   1.478   1.483
  1.498   1.507   1.510   1.512   1.512   1.515   1.520   1.522
  1.526   1.527   1.527   1.529   1.535   1.536   1.537   1.544
  1.547   1.550   1.551   1.562   1.565   1.571   1.576   1.581
  1.587   1.588   1.591   1.594   1.599   1.606   1.608   1.617
  1.627   1.627   1.629   1.640   1.647   1.649   1.659   1.661
  1.666   1.684   1.696   1.708   1.716   1.728   1.748   1.755
  1.757   1.761   1.766   1.772   1.779   1.784   1.787   1.790
  1.797   1.798   1.804   1.806   1.807   1.808   1.811   1.814
  1.814   1.821   1.827   1.841   1.850   1.863   1.873   1.886
  1.890   1.893   1.899   1.908   1.917   1.919   1.923   1.927
  1.940   1.942   1.949   1.956   1.968   1.969   1.976   1.977
  1.983   1.985   1.988   1.994   1.999   2.001   2.002   2.021
  2.021   2.028   2.037   2.037   2.043   2.044   2.050   2.055
  2.056   2.059   2.068   2.071   2.076   2.084   2.085   2.086
  2.090   2.099   2.103   2.107   2.109   2.115   2.115   2.123
  2.126   2.133   2.135   2.142   2.146   2.149   2.159   2.160
  2.162   2.164   2.166   2.171   2.175   2.187   2.194   2.198
  2.202   2.207   2.209   2.226   2.231   2.235   2.236   2.239
  2.251   2.259   2.264   2.267   2.270   2.273   2.276   2.278
  2.283   2.289   2.294   2.309   2.313   2.316   2.324   2.326
  2.326   2.331   2.333   2.336   2.339   2.340   2.344   2.346
  2.347   2.348   2.357   2.360   2.362   2.365   2.368   2.371
  2.375   2.377   2.390   2.391   2.393   2.394   2.399   2.411
  2.415   2.422   2.430   2.432   2.436   2.437   2.440   2.449
  2.455   2.473   2.474   2.476   2.479   2.482   2.491   2.495
  2.497   2.501   2.507   2.521   2.523   2.526   2.531   2.536
  2.549   2.560   2.569   2.576   2.593   2.595   2.625   2.626
  2.636   2.640   2.641   2.647   2.650   2.657   2.667   2.673
  2.689   2.690   2.693   2.709   2.720   2.723   2.728   2.730
  2.734   2.736   2.747   2.753   2.758   2.767   2.768   2.775
  2.778   2.780   2.786   2.790   2.792   2.794   2.799   2.801
  2.802   2.810   2.818   2.823   2.823   2.838   2.845   2.862
  2.863   2.864   2.868   2.892   2.899   2.903   2.909   2.919
  2.930   2.939   2.946   2.952   2.983   2.988   3.006   3.014
  3.023   3.047   3.068   3.076   3.082   3.086   3.088   3.099
  3.114   3.119   3.238   3.260   3.263   3.319   3.319   3.399
  3.412   3.444   3.472   3.483   3.495   3.549   3.558   3.640
  3.677   9.606   9.759  13.139  13.177  13.403  13.479  13.501
 13.504  13.526  13.552  13.678  13.684  13.727  13.763  13.767
 13.774  13.775  13.787  13.792  13.805  13.854  13.879  13.885
 13.906  13.926  13.985  14.000  14.008  14.035  14.038  14.043
 14.048  14.051  14.053  14.133  14.157  14.166  14.192  14.227
 14.230  14.232  14.276  14.279  14.293  14.312  14.318  14.340
 14.341  14.485  14.518  14.530  14.560  14.567  14.577  14.585
 14.587  25.789  25.790
 
 Beta MOs
 -- Occupied --
-19.523 -19.523 -10.499 -10.499 -10.484 -10.484 -10.477 -10.476
-10.471 -10.470 -10.468 -10.466 -10.463 -10.463 -10.462 -10.462
-10.462 -10.461 -10.461 -10.460 -10.460 -10.460 -10.459 -10.459
-10.459 -10.459 -10.458 -10.457 -10.457 -10.455 -10.455 -10.448
-10.447 -10.447 -10.446 -10.446 -10.445 -10.445 -10.445 -10.442
-10.432 -10.431 -10.430 -10.430 -10.430 -10.430 -10.429 -10.428
-10.426 -10.426 -10.417 -10.417 -10.416 -10.416 -10.413 -10.412
 -6.931  -6.929  -1.179  -1.179  -1.019  -1.012  -0.959  -0.955
 -0.951  -0.950  -0.933  -0.929  -0.906  -0.897  -0.884  -0.884
 -0.867  -0.860  -0.860  -0.850  -0.848  -0.842  -0.818  -0.818
 -0.814  -0.812  -0.808  -0.798  -0.797  -0.794  -0.770  -0.769
 -0.734  -0.732  -0.723  -0.717  -0.708  -0.707  -0.700  -0.699
 -0.687  -0.680  -0.676  -0.664  -0.653  -0.644  -0.643  -0.641
 -0.627  -0.626  -0.598  -0.589  -0.589  -0.586  -0.581  -0.580
 -0.580  -0.573  -0.573  -0.559  -0.558  -0.541  -0.540  -0.533
 -0.531  -0.531  -0.527  -0.520  -0.516  -0.506  -0.503  -0.501
 -0.500  -0.499  -0.496  -0.496  -0.490  -0.488  -0.485  -0.483
 -0.481  -0.480  -0.479  -0.479  -0.477  -0.477  -0.474  -0.463
 -0.459  -0.456  -0.455  -0.453  -0.451  -0.448  -0.442  -0.436
 -0.432  -0.431  -0.427  -0.426  -0.426  -0.423  -0.414  -0.413
 -0.410  -0.409  -0.405  -0.403  -0.399  -0.398  -0.397  -0.395
 -0.393  -0.392  -0.391  -0.388  -0.387  -0.384  -0.378  -0.377
 -0.373  -0.363  -0.359  -0.359  -0.353  -0.352  -0.351  -0.338
 -0.336  -0.333  -0.326  -0.311  -0.296  -0.291  -0.272  -0.271
 -0.265  -0.260  -0.253  -0.248  -0.246
 -- Virtual --
 -0.154  -0.080  -0.056  -0.028  -0.026   0.001   0.010   0.020
  0.027   0.030   0.041   0.042   0.054   0.080   0.089   0.096
  0.100   0.122   0.127   0.146   0.148   0.152   0.154   0.159
  0.161   0.162   0.165   0.166   0.168   0.170   0.174   0.178
  0.181   0.182   0.189   0.192   0.193   0.196   0.198   0.199
  0.202   0.203   0.203   0.204   0.208   0.210   0.210   0.212
  0.214   0.214   0.216   0.218   0.222   0.224   0.225   0.226
  0.227   0.227   0.230   0.232   0.232   0.233   0.235   0.237
  0.238   0.240   0.246   0.247   0.250   0.252   0.255   0.257
  0.260   0.265   0.266   0.271   0.273   0.273   0.275   0.280
  0.281   0.288   0.288   0.291   0.296   0.298   0.301   0.303
  0.308   0.313   0.314   0.315   0.318   0.324   0.327   0.330
  0.334   0.336   0.339   0.344   0.348   0.353   0.356   0.358
  0.366   0.375   0.385   0.394   0.401   0.405   0.408   0.409
  0.416   0.420   0.422   0.424   0.431   0.437   0.441   0.451
  0.456   0.457   0.459   0.469   0.472   0.475   0.482   0.483
  0.485   0.491   0.499   0.501   0.502   0.503   0.505   0.508
  0.515   0.521   0.523   0.525   0.528   0.528   0.531   0.532
  0.533   0.536   0.540   0.540   0.544   0.546   0.548   0.550
  0.552   0.553   0.555   0.557   0.561   0.563   0.565   0.568
  0.570   0.571   0.574   0.577   0.579   0.581   0.582   0.586
  0.588   0.589   0.591   0.593   0.593   0.595   0.596   0.597
  0.602   0.604   0.607   0.609   0.612   0.613   0.614   0.619
  0.619   0.622   0.624   0.627   0.630   0.633   0.640   0.641
  0.645   0.647   0.653   0.655   0.655   0.657   0.659   0.662
  0.663   0.665   0.666   0.667   0.671   0.676   0.677   0.680
  0.682   0.686   0.688   0.700   0.702   0.705   0.707   0.713
  0.715   0.718   0.719   0.722   0.724   0.726   0.729   0.735
  0.738   0.740   0.745   0.749   0.751   0.754   0.758   0.760
  0.767   0.770   0.774   0.779   0.781   0.788   0.789   0.791
  0.794   0.795   0.802   0.807   0.809   0.820   0.826   0.834
  0.838   0.840   0.845   0.849   0.851   0.856   0.860   0.864
  0.869   0.882   0.884   0.892   0.901   0.904   0.906   0.912
  0.913   0.915   0.921   0.923   0.935   0.945   0.947   0.950
  0.953   0.956   0.962   0.963   0.966   0.968   0.970   0.982
  0.984   0.988   0.989   0.990   0.992   0.993   0.995   1.000
  1.001   1.003   1.005   1.007   1.008   1.012   1.013   1.022
  1.028   1.032   1.033   1.035   1.036   1.037   1.039   1.042
  1.046   1.048   1.051   1.053   1.055   1.058   1.062   1.064
  1.068   1.071   1.074   1.078   1.078   1.084   1.084   1.087
  1.088   1.091   1.094   1.101   1.102   1.103   1.108   1.109
  1.122   1.127   1.130   1.131   1.136   1.146   1.147   1.152
  1.153   1.157   1.159   1.161   1.168   1.171   1.175   1.180
  1.182   1.184   1.185   1.193   1.198   1.203   1.217   1.219
  1.227   1.230   1.233   1.246   1.254   1.257   1.266   1.270
  1.272   1.274   1.278   1.281   1.290   1.293   1.297   1.298
  1.301   1.302   1.305   1.309   1.314   1.317   1.326   1.330
  1.334   1.340   1.343   1.349   1.352   1.354   1.359   1.368
  1.369   1.373   1.375   1.377   1.380   1.386   1.389   1.401
  1.407   1.410   1.412   1.414   1.422   1.428   1.432   1.436
  1.437   1.442   1.444   1.446   1.450   1.456   1.459   1.465
  1.479   1.487   1.499   1.512   1.513   1.515   1.518   1.519
  1.521   1.522   1.527   1.529   1.530   1.530   1.536   1.536
  1.544   1.546   1.551   1.554   1.555   1.563   1.566   1.572
  1.577   1.583   1.589   1.590   1.592   1.595   1.600   1.607
  1.610   1.619   1.629   1.629   1.631   1.643   1.649   1.650
  1.661   1.669   1.670   1.684   1.699   1.710   1.717   1.730
  1.749   1.756   1.757   1.761   1.768   1.773   1.779   1.787
  1.789   1.791   1.798   1.803   1.806   1.809   1.810   1.813
  1.814   1.815   1.815   1.822   1.829   1.842   1.852   1.864
  1.876   1.887   1.892   1.895   1.900   1.908   1.923   1.924
  1.928   1.931   1.941   1.943   1.950   1.956   1.969   1.971
  1.978   1.979   1.984   1.986   1.988   1.995   2.000   2.002
  2.003   2.023   2.025   2.029   2.037   2.038   2.044   2.045
  2.051   2.057   2.057   2.060   2.069   2.071   2.076   2.084
  2.085   2.087   2.091   2.100   2.106   2.111   2.111   2.116
  2.117   2.125   2.130   2.136   2.138   2.145   2.149   2.159
  2.160   2.161   2.162   2.164   2.167   2.171   2.176   2.187
  2.195   2.200   2.205   2.207   2.220   2.228   2.236   2.237
  2.238   2.247   2.252   2.260   2.265   2.270   2.272   2.275
  2.279   2.279   2.285   2.291   2.296   2.310   2.317   2.318
  2.325   2.326   2.327   2.333   2.336   2.337   2.340   2.343
  2.345   2.348   2.351   2.353   2.358   2.361   2.363   2.367
  2.369   2.372   2.378   2.381   2.392   2.393   2.395   2.398
  2.401   2.412   2.418   2.423   2.433   2.434   2.437   2.438
  2.442   2.450   2.457   2.474   2.476   2.479   2.481   2.482
  2.492   2.497   2.499   2.503   2.513   2.522   2.524   2.527
  2.534   2.539   2.555   2.561   2.570   2.576   2.594   2.602
  2.627   2.627   2.636   2.641   2.643   2.647   2.650   2.658
  2.668   2.679   2.689   2.690   2.693   2.711   2.720   2.724
  2.731   2.732   2.736   2.737   2.754   2.757   2.759   2.767
  2.770   2.778   2.779   2.780   2.787   2.790   2.793   2.795
  2.800   2.802   2.803   2.811   2.818   2.823   2.824   2.844
  2.846   2.864   2.864   2.868   2.871   2.894   2.901   2.904
  2.911   2.920   2.931   2.940   2.947   2.954   2.984   2.990
  3.007   3.015   3.025   3.052   3.068   3.078   3.082   3.086
  3.088   3.101   3.115   3.119   3.239   3.261   3.264   3.319
  3.320   3.401   3.415   3.445   3.473   3.484   3.495   3.549
  3.558   3.641   3.678   9.609   9.762  13.140  13.178  13.403
 13.479  13.503  13.505  13.526  13.554  13.678  13.684  13.728
 13.763  13.767  13.774  13.775  13.788  13.792  13.805  13.855
 13.879  13.885  13.906  13.927  13.985  14.005  14.010  14.038
 14.040  14.043  14.048  14.051  14.054  14.134  14.158  14.166
 14.192  14.227  14.230  14.232  14.278  14.280  14.293  14.315
 14.318  14.341  14.342  14.487  14.518  14.532  14.561  14.567
 14.577  14.585  14.587  25.789  25.790
 --------------------------------------------------------------
 
          Ground-State Mulliken Net Atomic Charges

     Atom                 Charge (a.u.)    Spin (a.u.)
  --------------------------------------------------------
      1 C                    -0.140377       0.014738
      2 C                    -0.400875      -0.010291
      3 H                     0.243892       0.000476
      4 C                     0.095904       0.032324
      5 C                     0.190353      -0.026632
      6 C                    -0.392676       0.029014
      7 H                     0.237157      -0.001764
      8 C                    -0.218058      -0.022678
      9 H                     0.241267       0.001211
     10 C                    -0.345003       0.029022
     11 H                     0.236349      -0.001736
     12 C                    -0.065768       0.026241
     13 C                     0.236743      -0.021057
     14 C                     0.183056      -0.031376
     15 C                    -0.385981       0.034034
     16 H                     0.237327      -0.002070
     17 C                    -0.219705      -0.025304
     18 H                     0.241495       0.001363
     19 C                    -0.342521       0.033490
     20 H                     0.236077      -0.002043
     21 C                     0.089257       0.047946
     22 C                    -0.398043      -0.024305
     23 H                     0.240706       0.001249
     24 C                    -0.142464       0.026099
     25 B                     0.608224       0.168445
     26 B                     0.609924       0.168193
     27 C                    -0.135209       0.425215
     28 C                    -0.374761      -0.279309
     29 H                     0.254577       0.010760
     30 C                     0.084627       0.440516
     31 C                     0.199198      -0.179287
     32 C                    -0.384082       0.242390
     33 H                     0.238351      -0.013236
     34 C                    -0.216199      -0.152320
     35 H                     0.243801       0.006305
     36 C                    -0.351930       0.251154
     37 H                     0.238447      -0.013661
     38 C                    -0.069068       0.244787
     39 C                     0.241244      -0.159453
     40 C                     0.191933      -0.169463
     41 C                    -0.375361       0.274049
     42 H                     0.240224      -0.015492
     43 C                    -0.217150      -0.169598
     44 H                     0.246205       0.006852
     45 C                    -0.345441       0.306141
     46 H                     0.240965      -0.017327
     47 C                     0.076236       0.449862
     48 C                    -0.373490      -0.237266
     49 H                     0.253297       0.008376
     50 C                    -0.136394       0.316335
     51 C                    -0.219678      -0.018604
     52 C                     0.076521       0.003448
     53 C                    -0.438851      -0.000328
     54 H                     0.236130       0.000235
     55 C                     0.394455       0.000892
     56 O                    -0.462725       0.000004
     57 C                    -0.391951      -0.000960
     58 H                     0.227644       0.000304
     59 C                     0.072866       0.002650
     60 C                    -0.417981       0.000020
     61 H                     0.246528       0.000007
     62 H                     0.210975       0.000016
     63 H                     0.212035       0.000014
     64 C                    -0.545141       0.004546
     65 H                     0.250678      -0.001926
     66 H                     0.229305       0.000195
     67 C                    -0.550780       0.001209
     68 H                     0.257356      -0.001156
     69 H                     0.234475       0.000056
     70 C                    -0.651624      -0.000066
     71 H                     0.245010      -0.000193
     72 H                     0.221401      -0.000008
     73 H                     0.216370       0.000069
     74 C                    -0.651192       0.000430
     75 H                     0.237108      -0.000591
     76 H                     0.219406       0.000107
     77 H                     0.221457      -0.000038
     78 C                    -0.219858      -0.017993
     79 C                     0.065496       0.002485
     80 C                    -0.434492      -0.000313
     81 H                     0.236020       0.000201
     82 C                     0.393885       0.000415
     83 O                    -0.463468       0.000017
     84 C                    -0.386042      -0.000702
     85 H                     0.227191       0.000263
     86 C                     0.070810       0.002083
     87 C                    -0.417757      -0.000001
     88 H                     0.246502       0.000003
     89 H                     0.212291       0.000005
     90 H                     0.211075       0.000007
     91 C                    -0.547340       0.001609
     92 H                     0.233937       0.000146
     93 H                     0.254382      -0.001349
     94 C                    -0.548158       0.004607
     95 H                     0.255047      -0.002310
     96 H                     0.229969       0.000079
     97 C                    -0.650050      -0.000500
     98 H                     0.234838       0.000032
     99 H                     0.218756      -0.000001
    100 H                     0.221814       0.000005
    101 C                    -0.647500      -0.000146
    102 H                     0.240716      -0.000070
    103 H                     0.215077       0.000181
    104 H                     0.220783       0.000001
  --------------------------------------------------------
  Sum of atomic charges =    -0.000001
  Sum of spin   charges =     2.000000

 -----------------------------------------------------------------
                    Cartesian Multipole Moments
 -----------------------------------------------------------------
    Charge (ESU x 10^10)
                -0.0000
    Dipole Moment (Debye)
         X       1.0953      Y      -0.0395      Z      -1.9942
       Tot       2.2755
    Quadrupole Moments (Debye-Ang)
        XX    -287.8482     XY      17.9528     YY    -338.0536
        XZ      -6.5334     YZ      11.1000     ZZ    -274.8650
    Octopole Moments (Debye-Ang^2)
       XXX      35.9918    XXY     119.3750    XYY     -30.7339
       YYY     381.1309    XXZ     424.0159    XYZ     -35.4977
       YYZ     486.8484    XZZ      14.2839    YZZ      67.8805
       ZZZ    1183.4794
    Hexadecapole Moments (Debye-Ang^3)
      XXXX  -22500.2023   XXXY     789.9447   XXYY   -5005.5490
      XYYY     -54.6439   YYYY   -4046.5001   XXXZ    1874.0067
      XXYZ     371.8952   XYYZ    1122.6217   YYYZ    -575.0568
      XXZZ   -8364.4988   XYZZ     317.5693   YYZZ   -6940.0468
      XZZZ     878.3056   YZZZ    -252.1518   ZZZZ  -29053.8076
 -----------------------------------------------------------------
 Plotting density
 This is DoMesh and IType =            2
Created directory /scratch/mewes1/138735/triplet.out.plots/plots
Archival summary:
1\1\ctcp035\SP\ProcedureUnspecified\BasisUnspecified\254246(3)\mewes1\MonOct2912:18:372018MonOct2912:18:372018\0\\#,ProcedureUnspecified,BasisUnspecified,\\0,3\C\C,1,1.40757\H,2,1.08432,1,119.42\C,2,1.37558,1,120.35,3,179.873,0\C,4,1.42235,2,119.748,1,0.0762629,0\C,5,1.37627,4,120.713,2,0.107505,0\H,6,1.08476,5,120.214,4,179.631,0\C,6,1.40496,5,120.289,4,-0.290081,0\C,5,1.45992,4,108.128,2,179.961,0\C,9,1.37074,5,134.811,4,179.968,0\H,10,1.08321,9,121.91,5,-0.0560503,0\C,9,1.40808,5,106.273,4,-0.0103069,0\C,12,1.39079,9,123.9,5,-179.943,0\C,12,1.40861,9,111.512,5,0.0138894,0\C,14,1.37001,12,118.351,9,-179.948,0\H,15,1.08282,14,121.91,12,179.946,0\C,10,1.41446,9,118.392,5,179.961,0\H,17,1.0824,10,118.548,9,-179.989,0\C,17,1.3761,10,122.375,9,0.0169196,0\H,19,1.08316,17,119.749,10,-179.995,0\C,15,1.41591,14,118.444,12,-0.0244842,0\H,21,1.0822,15,118.388,14,179.988,0\C,21,1.37603,15,122.657,14,0.0151852,0\H,23,1.08313,21,119.86,15,179.995,0\B,1,1.54464,2,119.298,3,0.207738,0\C,25,1.53845,1,119.038,2,-178.697,0\C,26,1.39143,25,119.827,1,179.74,0\H,27,1.08402,26,119.552,25,0.100138,0\C,27,1.3816,26,120.466,25,179.9,0\C,29,1.42522,27,132.955,26,-179.896,0\C,30,1.38863,29,135.454,27,-0.110561,0\H,31,1.08199,30,121.629,29,-0.170887,0\C,31,1.40202,30,118.217,29,179.672,0\H,33,1.08224,31,118.537,30,-179.961,0\C,33,1.38606,31,122.879,30,-0.0496726,0\H,35,1.08288,33,119.704,31,-179.919,0\C,35,1.4152,33,120.376,31,-0.0119485,0\C,37,1.39412,35,115.902,33,0.075887,0\C,37,1.41709,35,127.943,33,-179.755,0\H,39,1.08293,37,119.879,35,-0.153559,0\C,39,1.38781,37,120.564,35,179.811,0\H,41,1.08243,39,118.64,37,179.976,0\C,41,1.39913,39,122.7,37,-0.0470336,0\H,43,1.08228,41,120.206,39,-179.963,0\C,43,1.39318,41,118.204,39,0.029162,0\C,45,1.41514,43,134.877,41,-179.616,0\C,46,1.39066,45,132.234,43,0.405269,0\H,47,1.08474,46,119.763,45,0.00938881,0\C,47,1.38393,46,120.411,45,179.641,0\B,49,1.5404,47,120.539,46,-179.283,0\C,25,1.57245,1,121.297,2,2.43729,0\C,51,1.39799,25,121.233,1,-100.701,0\C,52,1.39458,51,120.756,25,-179.657,0\H,53,1.08332,52,118.572,51,-179.673,0\C,53,1.38869,52,120.216,51,0.238175,0\O,55,1.35005,53,124.47,52,179.9,0\C,55,1.39213,53,119.354,52,-0.0761224,0\H,57,1.0846,55,119.022,53,179.809,0\C,57,1.38527,55,120.815,53,-0.144686,0\C,56,1.40555,55,118.386,53,0.399343,0\H,60,1.08791,56,106.624,55,179.883,0\H,60,1.09443,56,112.243,55,61.1676,0\H,60,1.09446,56,112.233,55,-61.3993,0\C,52,1.50778,51,120.769,25,3.08368,0\H,64,1.09308,52,110.347,51,-35.4559,0\H,64,1.09311,52,109.625,51,-151.678,0\C,59,1.50878,57,118.562,55,177.724,0\H,67,1.09276,59,110.443,57,148.123,0\H,67,1.09281,59,109.417,57,31.952,0\C,64,1.52732,52,112.442,51,86.5389,0\H,70,1.09016,64,111.293,52,-61.4179,0\H,70,1.0906,64,111.105,52,58.597,0\H,70,1.09069,64,110.963,52,178.763,0\C,67,1.52786,59,112.597,57,-89.5444,0\H,74,1.09019,67,111.404,59,-61.4509,0\H,74,1.0906,67,111.126,59,58.6041,0\H,74,1.09086,67,110.938,59,178.674,0\C,50,1.57818,49,120.113,47,2.13263,0\C,78,1.39851,50,120.459,49,81.5989,0\C,79,1.39451,78,121.034,50,-179.628,0\H,80,1.08362,79,118.435,78,-179.799,0\C,80,1.38713,79,120.36,78,-0.126616,0\O,82,1.35019,80,124.564,79,-179.872,0\C,82,1.39163,80,119.118,79,0.0841425,0\H,84,1.08467,82,118.997,80,179.871,0\C,84,1.38566,82,120.846,80,0.00540215,0\C,83,1.40636,82,118.47,80,0.615636,0\H,87,1.08793,83,106.62,82,179.687,0\H,87,1.09443,83,112.28,82,-61.607,0\H,87,1.09444,83,112.234,82,60.9655,0\C,86,1.50668,84,118.162,82,177.03,0\H,91,1.09282,86,110.522,84,152.475,0\H,91,1.09293,86,109.513,84,36.0838,0\C,79,1.50823,78,121.371,50,3.44555,0\H,94,1.09247,79,110.506,78,-27.7105,0\H,94,1.09343,79,109.59,78,-144.051,0\C,94,1.52718,79,112.042,78,94.3861,0\H,97,1.09036,94,111.055,79,-60.474,0\H,97,1.09068,94,111.092,79,179.537,0\H,97,1.09079,94,111.136,79,59.361,0\C,91,1.52736,86,112.003,84,-85.225,0\H,101,1.09024,91,111.191,86,-61.359,0\H,101,1.09062,91,111.087,86,178.681,0\H,101,1.09065,91,111.025,86,58.5069,0\\\@

 Total job time:  1539.98s(wall), 7658.79s(cpu) 
 Mon Oct 29 12:18:37 2018

        *************************************************************
        *                                                           *
        *  Thank you very much for using Q-Chem.  Have a nice day.  *
        *                                                           *
        *************************************************************


0 sent ACK to 0 
now end server 0 ... 
