mFile = /cm/shared/apps/q-chem/intel/QCHEM_5.1.0_Trunk/bin/mpi/machines
Process 0 of 1 is on ctcp037 - thread support 0
initial socket setup ...start
initial socket setup ...done 
now start server 0 ... 
Q-Chem Developer Version!
                  Welcome to Q-Chem
     A Quantum Leap Into The Future Of Chemistry


 Q-Chem 5.1, Q-Chem, Inc., Pleasanton, CA (2018)

 Yihan Shao,  Zhengting Gan,  E. Epifanovsky,  A. T. B. Gilbert,  M. Wormit,  
 J. Kussmann,  A. W. Lange,  A. Behn,  Jia Deng,  Xintian Feng,  D. Ghosh,  
 M. Goldey,  P. R. Horn,  L. D. Jacobson,  I. Kaliman,  T. Kus,  A. Landau,  
 Jie Liu,  E. I. Proynov,  R. M. Richard,  R. P. Steele,  E. J. Sundstrom,  
 H. L. Woodcock III,  P. M. Zimmerman,  D. Zuev,  B. Albrecht,  E. Alguire,  
 S. A. Baeppler,  D. Barton,  Z. Benda,  Y. A. Bernard,  E. J. Berquist,  
 K. B. Bravaya,  H. Burton,  D. Casanova,  Chun-Min Chang,  Yunqing Chen,  
 A. Chien,  K. D. Closser,  M. P. Coons,  S. Coriani,  S. Dasgupta,  
 A. L. Dempwolff,  M. Diedenhofen,  Hainam Do,  R. G. Edgar,  Po-Tung Fang,  
 S. Faraji,  S. Fatehi,  Qingguo Feng,  K. D. Fenk,  J. Fosso-Tande,  
 Qinghui Ge,  A. Ghysels,  G. Gidofalvi,  J. Gomes,  J. Gonthier,  A. Gunina,  
 D. Hait,  M. W. D. Hanson-Heine,  P. H. P. Harbach,  A. W. Hauser,  
 J. E. Herr,  E. G. Hohenstein,  Z. C. Holden,  Kerwin Hui,  B. C. Huynh,  
 T.-C. Jagau,  Hyunjun Ji,  B. Kaduk,  K. Khistyaev,  Jaehoon Kim,  
 P. Klunzinger,  K. Koh,  D. Kosenkov,  L. Koulias,  T. Kowalczyk,  
 C. M. Krauter,  A. Kunitsa,  Ka Un Lao,  A. Laurent,  K. V. Lawler,  
 Joonho Lee,  D. Lefrancois,  S. Lehtola,  D. S. Levine,  Yi-Pei Li,  
 You-Sheng Lin,  Fenglai Liu,  E. Livshits,  A. Luenser,  P. Manohar,  
 E. Mansoor,  S. F. Manzer,  Shan-Ping Mao,  Yuezhi Mao,  N. Mardirossian,  
 A. V. Marenich,  T. Markovich,  L. A. Martinez-Martinez,  S. A. Maurer,  
 N. J. Mayhall,  S. C. McKenzie,  J.-M. Mewes,  A. F. Morrison,  
 J. W. Mullinax,  K. Nanda,  T. S. Nguyen-Beck,  R. Olivares-Amaya,  
 J. A. Parkhill,  T. M. Perrine,  F. Plasser,  P. Pokhilko,  S. Prager,  
 A. Prociuk,  E. Ramos,  D. R. Rehn,  F. Rob,  M. Schneider,  N. Sergueev,  
 S. M. Sharada,  S. Sharma,  D. W. Small,  T. Stauch,  T. Stein,  
 Yu-Chuan Su,  A. J. W. Thom,  A. Tkatchenko,  T. Tsuchimochi,  N. M. Tubman,  
 L. Vogt,  M. L. Vidal,  O. Vydrov,  M. A. Watson,  J. Wenzel,  
 M. de Wergifosse,  T. A. Wesolowski,  A. White,  J. Witte,  A. Yamada,  
 Jun Yang,  K. Yao,  S. Yeganeh,  S. R. Yost,  Zhi-Qiang You,  A. Zech,  
 Igor Ying Zhang,  Xing Zhang,  Yan Zhao,  Ying Zhu,  B. R. Brooks,  
 G. K. L. Chan,  C. J. Cramer,  M. S. Gordon,  W. J. Hehre,  A. Klamt,  
 M. W. Schmidt,  C. D. Sherrill,  D. G. Truhlar,  A. Aspuru-Guzik,  R. Baer,  
 A. T. Bell,  N. A. Besley,  Jeng-Da Chai,  A. E. DePrince, III,  
 R. A. DiStasio Jr.,  A. Dreuw,  B. D. Dunietz,  T. R. Furlani,  
 Chao-Ping Hsu,  Yousung Jung,  Jing Kong,  D. S. Lambrecht,  WanZhen Liang,  
 C. Ochsenfeld,  V. A. Rassolov,  L. V. Slipchenko,  J. E. Subotnik,  
 T. Van Voorhis,  J. M. Herbert,  A. I. Krylov,  P. M. W. Gill,  M. Head-Gordon

 Contributors to earlier versions of Q-Chem not listed above: 
 R. D. Adamson,  B. Austin,  J. Baker,  G. J. O. Beran,  K. Brandhorst,  
 S. T. Brown,  E. F. C. Byrd,  A. K. Chakraborty,  C.-L. Cheng,  
 Siu Hung Chien,  D. M. Chipman,  D. L. Crittenden,  H. Dachsel,  
 R. J. Doerksen,  A. D. Dutoi,  L. Fusti-Molnar,  W. A. Goddard III,  
 A. Golubeva-Zadorozhnaya,  S. R. Gwaltney,  G. Hawkins,  A. Heyden,  
 S. Hirata,  G. Kedziora,  F. J. Keil,  C. Kelley,  Jihan Kim,  R. A. King,  
 R. Z. Khaliullin,  P. P. Korambath,  W. Kurlancheek,  A. M. Lee,  M. S. Lee,  
 S. V. Levchenko,  Ching Yeh Lin,  D. Liotard,  R. C. Lochan,  I. Lotan,  
 P. E. Maslen,  N. Nair,  D. P. O'Neill,  D. Neuhauser,  E. Neuscamman,  
 C. M. Oana,  R. Olson,  B. Peters,  R. Peverati,  P. A. Pieniazek,  
 Y. M. Rhee,  J. Ritchie,  M. A. Rohrdanz,  E. Rosta,  N. J. Russ,  
 H. F. Schaefer III,  N. E. Schultz,  N. Shenvi,  A. C. Simmonett,  A. Sodt,  
 D. Stuck,  K. S. Thanthiriwatte,  V. Vanovschi,  Tao Wang,  A. Warshel,  
 C. F. Williams,  Q. Wu,  X. Xu,  W. Zhang

 Please cite Q-Chem as follows:
 Y. Shao et al., Mol. Phys. 113, 184-215 (2015)
 DOI: 10.1080/00268976.2014.952696

 Q-Chem 5.1.1 for Intel X86 EM64T Linux

 Parts of Q-Chem use Armadillo 8.300.2 (Tropical Shenanigans).
 http://arma.sourceforge.net/

 Q-Chem begins on Fri Nov  9 15:21:02 2018  

Host: ctcp037
0

     Scratch files written to /scratch/mewes1/140056/qchem5967//
 Parallel job on  1  processors
The previous job contains 0 fragments, simply inherited here
Symmetry turned off for PCM/SM12/SMD calculation
Input Ideriv = 2
Curr. Ideriv = -1
Max.  Ideriv = 2
Input Ideriv = 1
Curr. Ideriv = 2
Max.  Ideriv = 1

Checking the input file for inconsistencies... 	...done.

--------------------------------------------------------------
User input:
--------------------------------------------------------------
$solvent
dielectric      8.93
dielectric_infi 2.03
$end

$rem
threads 8
jobtype	sp
method PBEh-3c
basis def2-mSVP
mem_static	1024
mem_total	14000
sym_ignore	true
cis_n_roots             2
cis_singlets            false
cis_triplets		true 
rpa                     false
calc_soc 		true
cis_moments             true
cis_relaxed_density	true
solvent_method		pcm
$end

$pcm
StateSpecific   1
ChargeSeparation Excited
$end


$molecule
read utleopt_dcm.mol
$end


--------------------------------------------------------------
 Adding empirical dispersion correction 
 ----------------------------------------------------------------
 Doing -D3(BJ) with
 s6 =   1.00000
 s8 =   0.00000
 a1 =   0.48600
 a2 =   4.50000
 -D3 energy including 3body term =     -0.1346773574 hartrees
 ----------------------------------------------------------------
 Adding gCP correction 
 ----------------------------------------------------------------
 gCP energy =      0.1915227942 hartrees
 ----------------------------------------------------------------
             Standard Nuclear Orientation (Angstroms)
    I     Atom           X                Y                Z
 ----------------------------------------------------------------
    1      C       0.0000000000     0.0000000000     0.0000000000
    2      C       0.0000000000     0.0000000000     1.4137340000
    3      H       0.9420487894     0.0000000000     1.9530773374
    4      C      -1.1778984674     0.0005585460     2.1153495921
    5      C      -2.4231531889     0.0094219823     1.4145967972
    6      C      -2.4463100131     0.0244011425     0.0406845752
    7      H      -3.3975794967     0.0412241539    -0.4829932382
    8      C      -1.2472000992     0.0194692684    -0.7006954295
    9      C      -3.4974415430     0.0081218407     2.4010589557
   10      C      -4.8707662046     0.0129656807     2.3452920534
   11      H      -5.4043986742     0.0199216750     1.4025080250
   12      C      -2.8734076730    -0.0009935390     3.6663838753
   13      C      -3.5664426651    -0.0057775045     4.8753699300
   14      C      -1.4673914042    -0.0051995680     3.5502449976
   15      C      -0.7216237334    -0.0143909065     4.7033683636
   16      H       0.3613447802    -0.0178714077     4.6836282420
   17      C      -5.5976674465     0.0085282155     3.5587668714
   18      H      -6.6795819743     0.0120703375     3.5123631508
   19      C      -4.9820279050    -0.0005335759     4.7905091602
   20      H      -5.5801180935    -0.0038164451     5.6938149809
   21      C      -1.3975515694    -0.0198378083     5.9467424692
   22      H      -0.8070070812    -0.0274607041     6.8541787227
   23      C      -2.7712554076    -0.0158110820     6.0475284805
   24      H      -3.2424433400    -0.0205091558     7.0230342039
   25      B       1.3162618837    -0.0065545104    -0.7805219273
   26      C       1.3099550896    -0.0303200211    -2.3090181721
   27      C       2.5171684555    -0.0630020446    -3.0459806081
   28      H       3.4667215323    -0.0861329706    -2.5191330763
   29      C       2.5023467359    -0.0629943933    -4.4193896330
   30      C       1.2543217299    -0.0245221972    -5.1108241368
   31      C       0.0708333804     0.0090957588    -4.4140088100
   32      H      -0.8716364927     0.0423268183    -4.9514141690
   33      C       0.0604342735     0.0032098193    -3.0058175074
   34      C       1.5236444364    -0.0252171126    -6.5430363439
   35      C       0.7498248412     0.0051723099    -7.6779707146
   36      H      -0.3321194080     0.0363883632    -7.6309572937
   37      C       2.9254055791    -0.0651360767    -6.6818386640
   38      C       3.5858996350    -0.0764160579    -7.9076689558
   39      C       3.5654920530    -0.0903074467    -5.4250507831
   40      C       4.9370705706    -0.1311960121    -5.3999178950
   41      H       5.4905523585    -0.1535785071    -4.4692915315
   42      C       1.3964612477    -0.0042065829    -8.9357896207
   43      H       0.7864738468     0.0208210030    -9.8300923182
   44      C       2.7671358372    -0.0438412702    -9.0639973639
   45      H       3.2191194563    -0.0494331989   -10.0484840806
   46      C       5.6369851606    -0.1445908842    -6.6300667337
   47      H       6.7188166966    -0.1771727008    -6.6058925419
   48      C       4.9998638899    -0.1182516071    -7.8506305878
   49      H       5.5797469850    -0.1298909092    -8.7655054544
   50      B      -1.2747159080     0.0542329294    -2.2376361000
   51      C       2.6740575707     0.0754063062     0.0272440597
   52      C       3.3383295146     1.3184332028     0.1559057099
   53      C       4.4914842043     1.4133742524     0.9032680002
   54      H       4.9717091845     2.3758549163     1.0323332128
   55      C       4.9992928973     0.2856111775     1.5681997605
   56      N       6.1251505673     0.4014282784     2.3529423447
   57      C       6.2285149121    -0.3386103756     3.5420032983
   58      C       7.4417958714    -0.9322857118     3.8900053553
   59      H       8.3002462245    -0.8448367975     3.2370839875
   60      C       7.5228224465    -1.6629461824     5.0607763810
   61      H       8.4562398931    -2.1390335359     5.3281848951
   62      C       6.4096062972    -1.7988085317     5.8830656923
   63      H       6.4815933245    -2.3718369393     6.7976604702
   64      C       5.2062002110    -1.1974235642     5.5346137129
   65      H       4.3437898930    -1.2887421860     6.1807458306
   66      C       5.1082976139    -0.4640053590     4.3670048993
   67      H       4.1814361624     0.0312217671     4.1070735628
   68      C       7.1557415593     1.2811353882     1.9836621458
   69      C       7.7730252740     2.0778534519     2.9494847651
   70      H       7.4561135158     2.0311719624     3.9831754727
   71      C       8.7661116861     2.9591653052     2.5644550813
   72      H       9.2343111030     3.5905895316     3.3071855062
   73      C       9.1488104853     3.0474217127     1.2305975394
   74      H       9.9253377728     3.7406104076     0.9363481970
   75      C       8.5367766370     2.2451568378     0.2752710313
   76      H       8.8424816419     2.3020668051    -0.7604868495
   77      C       7.5415314513     1.3591617969     0.6436659472
   78      H       7.0811210986     0.7166904071    -0.0959245620
   79      C       4.3473215119    -0.9532399626     1.4455129000
   80      H       4.7650049577    -1.8302766136     1.9249660352
   81      C       3.2127804317    -1.0639412701     0.6719844433
   82      C       2.5818319162    -2.4175831722     0.4876787917
   83      H       1.4941030627    -2.3235095895     0.4889061012
   84      H       2.8386589983    -3.0567619931     1.3352841322
   85      C       2.7701826028     2.5744191463    -0.4520888785
   86      H       2.2977544984     2.3448782669    -1.4081280740
   87      H       3.5857458337     3.2686516674    -0.6675601140
   88      C       3.0276875233    -3.0891760093    -0.8094594446
   89      H       2.7466392952    -2.4949205749    -1.6786578672
   90      H       2.5609744955    -4.0688242058    -0.9135056579
   91      H       4.1095018680    -3.2273658754    -0.8299914023
   92      C       1.7544544161     3.2581873384     0.4621427193
   93      H       0.9004802663     2.6112700863     0.6610261674
   94      H       1.3784244744     4.1706001577    -0.0013337606
   95      H       2.2033593825     3.5282124257     1.4189936882
   96      C      -2.6456856262     0.1847512624    -3.0267553836
   97      C      -3.4274654531    -0.9357213015    -3.3480669995
   98      C      -4.6079302061    -0.7965521147    -4.0707180632
   99      H      -5.2011721795    -1.6745598570    -4.3045138309
  100      C      -5.0270875519     0.4494896158    -4.5166038438
  101      C      -4.2664324677     1.5656589959    -4.1972773514
  102      H      -4.5810747132     2.5458120614    -4.5397929201
  103      C      -3.1005781658     1.4441326662    -3.4506250571
  104      N      -6.1959101142     0.5694908682    -5.3015702749
  105      C      -7.1018339120     1.6118382022    -5.0629830584
  106      C      -7.6960043346     2.3038463403    -6.1206154073
  107      H      -7.4542426367     2.0427724087    -7.1429381593
  108      C      -8.5942499365     3.3300210565    -5.8721399737
  109      H      -9.0430798293     3.8525959136    -6.7074865971
  110      C      -8.9032188950     3.7022714280    -4.5710974222
  111      H      -9.5986447349     4.5090818502    -4.3807418163
  112      C      -8.3037699652     3.0250880441    -3.5170975416
  113      H      -8.5353468841     3.2983907045    -2.4953738795
  114      C      -7.4197306306     1.9850173525    -3.7549487632
  115      H      -6.9710712216     1.4596773581    -2.9215777623
  116      C      -6.3532787944    -0.2678559939    -6.4184368903
  117      C      -5.2638445146    -0.5779223510    -7.2323217911
  118      H      -4.2895799166    -0.1629488587    -7.0075359894
  119      C      -5.4234658520    -1.4127406086    -8.3273915010
  120      H      -4.5664794967    -1.6426400758    -8.9476055253
  121      C      -6.6703588327    -1.9368135498    -8.6407098272
  122      H      -6.7934449433    -2.5821974565    -9.5004259728
  123      C      -7.7578977062    -1.6235327903    -7.8356947704
  124      H      -8.7352584935    -2.0310977345    -8.0612673870
  125      C      -7.6032414509    -0.8051510058    -6.7282727362
  126      H      -8.4562879228    -0.5812292354    -6.1000106706
  127      C      -2.9942330261    -2.3273863774    -2.9685704820
  128      H      -2.3437099418    -2.2961077311    -2.0918595467
  129      H      -3.8686229251    -2.9177905251    -2.6808510645
  130      C      -2.3679961168     2.7100341072    -3.0859010431
  131      H      -1.3045621924     2.5062334361    -2.9453299824
  132      H      -2.4374195955     3.4258408658    -3.9096543794
  133      C      -2.2702697653    -3.0295402847    -4.1153322427
  134      H      -1.3681796895    -2.4861675967    -4.3984904871
  135      H      -1.9766529918    -4.0421073223    -3.8351323223
  136      H      -2.9085381194    -3.0973305159    -4.9978749657
  137      C      -2.9343472173     3.3484136032    -1.8188781447
  138      H      -2.8702438511     2.6617869887    -0.9742969470
  139      H      -2.3853833543     4.2539946631    -1.5564286918
  140      H      -3.9833454391     3.6197095609    -1.9498309816
 ----------------------------------------------------------------
 Nuclear Repulsion Energy = 12133.2050552273 hartrees
 There are      270 alpha and      270 beta electrons
 Requested basis set is def2-mSVP
 There are 680 shells and 1320 basis functions

 Total QAlloc Memory Limit  14000 MB
 Mega-Array Size      1001 MB
 MEM_STATIC part      1024 MB
 Discretize the solute cavity surface with Lebedev spheres
	Using 302 Lebedev grid points for each H atom
	Using 302 Lebedev grid points for other atoms
	Atomic van der Waals radii will be scaled by 1.20
 Remove points where switching function is < 1.0e-08
 Keep 14632 surface tesserae and discard 27648 interior tesserae
 Molecular Surface Area = 1077.552 Angst**2
 A cutoff of  1.0D-11 yielded  62850 shell pairs
 There are    243978 function pairs (    268242 Cartesian)
 
 -------------------------------------------------------
 OpenMP Integral Computing Module                       
 Release: version 1.0, May 2013, Q-Chem Inc. Pittsburgh 
 -------------------------------------------------------
 Integral Job Info:
 Integral job number is                      11
 Integral operator is                         1
 short-range coefficients                     0
 long-range coefficients              100000000
 Omega coefficients                           0
 if combine SR and LR in K                    0
 Integral screening is                        0
 Integral computing path is                   2
 max size of driver memory is            800000
 size of driver memory is                593474
 size of scratch memory is              1809772
 max col of scratch BK array               1296
 max len of scratch array in speh3          155
 max len of scratch index in speh4           18
 max int batch size is                      520
 min int batch size is                       52
 fixed nKL is                                52
 max L of basis functions is                  2
 order of int derivative is                   0
 number of shells is                        680
 number of basis is                        1400
 number of cartesian basis is              1400
 number of contracted shell pairs         62850
 number of primitive shell pairs         129775
 maxK2 (contraction) of shell pair           25
 max number of K2 of shell pair               1
 max number of CS2 of shell pair          15537
 max number of PS2 of shell pair          22725
 mem total for path MDJ                 1128108
 -------------------------------------------------------
 Smallest overlap matrix eigenvalue = 1.96E-04

 Scale SEOQF with 1.000000e-02/1.000000e-01/1.000000e-02

 Standard Electronic Orientation quadrupole field applied
 Nucleus-field energy     =     0.0000000246 hartrees
 Guess from superposition of atomic densities
 Warning:  Energy on first SCF cycle will be non-variational
 SAD guess density has 540.000001 electrons

 -----------------------------------------------------------------------
  General SCF calculation program by
  Eric Jon Sundstrom, Paul Horn, Yuezhi Mao, Dmitri Zuev, Alec White,
  David Stuck, Shaama M.S., Shane Yost, Joonho Lee, David Small,
  Daniel Levine, Susi Lehtola, Hugh Burton, Evgeny Epifanovsky
 -----------------------------------------------------------------------
 Exchange:     0.4200 Hartree-Fock + 0.5800 PBEh-3c
 Correlation:  1.0000 PBEh-3c
 Using SG-1 standard quadrature grid
 Dispersion:   Grimme D3
 using 8 threads for integral computing
 -------------------------------------------------------
 OpenMP Integral computing Module                
 Release: version 2.0, May 2017, Q-Chem Inc. Pleasanton 
 -------------------------------------------------------
 -------------------------------------------------------
 OpenMP BLAS3 based DFT computing Module                
 Release: version 1.0, May 2013, Q-Chem Inc. Pittsburgh 
 -------------------------------------------------------
 A restricted SCF calculation will be
 performed using DIIS
 SCF converges when DIIS error is below 1.0e-08
 ---------------------------------------
  Cycle       Energy         DIIS error
 ---------------------------------------
    1   -3111.1008685231      2.35e-02  
    2   -3084.1894018685      1.57e-03  
    3   -3084.4212143904      1.31e-03  
    4   -3084.7711174373      4.18e-04  
    5   -3084.8084062198      1.41e-04  
    6   -3084.8129264068      3.36e-05  
    7   -3084.8131659025      1.12e-05  
    8   -3084.8131944984      3.30e-06  
    9   -3084.8131971927      1.06e-06  
   10   -3084.8131975244      3.57e-07  
   11   -3084.8131975020      1.31e-07  
   12   -3084.8131973256      4.42e-08  
   13   -3084.8131974344      1.50e-08  
   14   -3084.8131974947      8.17e-09  Convergence criterion met
 ---------------------------------------
 SCF time:   CPU 19023.88s  wall 2500.00s 

************** Final PCM Free Energy Summary **************
 G_electrostatic  =      -0.04088189 hartree =     -25.65377007 kcal/mol
 G_cavitation     =       0.00000000 hartree =       0.00000000 kcal/mol
 G_dispersion     =       0.00000000 hartree =       0.00000000 kcal/mol
 G_repulsion      =       0.00000000 hartree =       0.00000000 kcal/mol
 --------------------------------------------------
 Non-electrostatic Free Energy =       0.00000000 hartree =       0.00000000 kcal/mol
 Total                         =      -0.04088189 hartree =     -25.65377007 kcal/mol
 --------------------------------------------------
 SCF Energy (H0 + V/2)                       =   -3084.81319749 
 Solute Internal Energy (H0)                 =   -3084.77231561 
 Total Free Energy (H0 + V/2 + non-elec)     =   -3084.81319749 hartree
                                             = -1935749.49769373 kcal/mol
***********************************************************

 SCF   energy in the final basis set =    -3084.8131974947
 Total energy in the final basis set =    -3084.8131974947
 
 Direct TDDFT/TDA calculation will be performed
 Exchange:     0.4200 Hartree-Fock + 0.5800 PBEh-3c
 Correlation:  1.0000 PBEh-3c
 Using SG-1 standard quadrature grid
 Dispersion:   Grimme D3
 Triplet excitation energies requested
 Adding PCM contribution to the XC response
 CIS energy converged when residual is below 10e- 6
 ---------------------------------------------------
 Iter    Rts Conv    Rts Left    Ttl Dev     Max Dev
 ---------------------------------------------------
   1         0           2      0.000043    0.000023
   2         0           2      0.000015    0.000008
   3         0           2      0.000006    0.000003
   4         0           2      0.000005    0.000003
   5         0           2      0.000014    0.000012
   6         0           2      0.000027    0.000026
   7         0           2      0.000022    0.000020
   8         0           2      0.000009    0.000008
   9         1           1      0.000006    0.000005
  10         1           1      0.000003    0.000002
  11         1           1      0.000002    0.000002
  12         1           1      0.000002    0.000001
  13         2           0      0.000001    0.000001    Roots Converged
 ---------------------------------------------------
 
 ---------------------------------------------------
         TDDFT/TDA Excitation Energies              
 ---------------------------------------------------

 Excited state   1: excitation energy (eV) =    2.1560
 Total energy for state  1:                 -3084.73396678 au
    Multiplicity: Triplet
    Trans. Mom.:  0.0000 X   0.0000 Y   0.0000 Z
    Strength   :     0.0000000000
    D(270) --> V(  1) amplitude =  0.9426

 Excited state   2: excitation energy (eV) =    2.2134
 Total energy for state  2:                 -3084.73185744 au
    Multiplicity: Triplet
    Trans. Mom.:  0.0000 X   0.0000 Y   0.0000 Z
    Strength   :     0.0000000000
    D(267) --> V(  1) amplitude =  0.8359
    D(268) --> V(  1) amplitude =  0.3424
 
 ---------------------------------------------------
 Calculating Relaxed Density
 ---------------------------------------------------
 Iter    Rts Conv    Rts Left    Ttl Dev     Max Dev
 ---------------------------------------------------
   1         0           2      0.000126    0.000088
   2         0           2      0.000055    0.000037
   3         0           2      0.000018    0.000013
   4         0           2      0.000006    0.000005
   5         1           1      0.000002    0.000002
   6         2           0      0.000000    0.000000    Roots Converged
 ---------------------------------------------------
  SETman timing summary (seconds)
  CPU time             18446.76s
  System time              0.00s
  Wall time             3471.82s



*********SPIN-ORBIT COUPLING JOB BEGINS HERE*********


=======================================================================================
    SPIN-ORBIT COUPLING BETWEEN THE SINGLET GROUND STATE AND EXCITED TRIPLET STATE
=======================================================================================

SOC between the singlet ground state and excited triplet states (ms=0):
T1(ms=0)      0.000000  +  2.185788i    cm-1
T2(ms=0)      0.000000  +  -0.378433i    cm-1
SOC between the singlet ground state and excited triplet states (ms=1):
T1(ms=1)      0.401311  + (2.718107i)    cm-1
T2(ms=1)      0.169638  + (-0.622780i)    cm-1
SOC between the singlet ground state and excited triplet states (ms=-1):
T1(ms=-1)     0.401311  - (2.718107i)    cm-1
T2(ms=-1)     0.169638  - (-0.622780i)    cm-1
Total SOC between the singlet ground state and excited triplet states:
T1      4.458249    cm-1
T2      0.988167    cm-1




=======================================================================================
                     SPIN-ORBIT COUPLING BETWEEN EXCITED TRIPLET STATES
=======================================================================================

SOC between the T1 (ms=0) state and excited triplet states (ms=1):
T2(ms=1)      0.038729  + (-0.035979i)    cm-1
SOC between the T1 (ms=0) state and excited triplet states (ms=-1):
T2(ms=-1)     -0.038729  + (-0.035979i)    cm-1
SOC between the T1 (ms=1) state and excited triplet states (ms=0):
T2(ms=0)      -0.038729  + (-0.035979i)    cm-1
SOC between the T1 (ms=1) state and excited triplet states (ms=1):
T2(ms=1)      0.000000  + (0.253408i)    cm-1
SOC between the T1 (ms=-1) state and excited triplet states (ms=0):
T2(ms=0)      0.038729  + (-0.035979i)    cm-1
SOC between the T1 (ms=-1) state and excited triplet states (ms=-1):
T2(ms=-1)     0.000000  + (-0.253408i)    cm-1
Total SOC between the T1 state and excited triplet states:
T2      0.373643    cm-1







=======================================================================================
         SPIN-ORBIT COUPLING BETWEEN EXCITED SINGLET STATES AND TRIPLET STATES
=======================================================================================

SOC between the S1 state and excited triplet states (ms=0):
T1(ms=0)      0.000000  +  0.037815i    cm-1
T2(ms=0)      0.000000  +  0.133058i    cm-1
SOC between the S1 state and excited triplet states (ms=1):
T1(ms=1)      (0.010236)  + (0.019176i)    cm-1
T2(ms=1)      (0.007604)  + (0.080737i)    cm-1
SOC between the S1 state and excited triplet states (ms=-1):
T1(ms=-1)    -(0.010236)  + (0.019176i)    cm-1
T2(ms=-1)    -(0.007604)  + (0.080737i)    cm-1
Total SOC between the S1 state and excited triplet states:
T1      0.048733    cm-1
T2      0.175662    cm-1



SOC between the S2 state and excited triplet states (ms=0):
T1(ms=0)      0.000000  +  -0.038909i    cm-1
T2(ms=0)      0.000000  +  0.223112i    cm-1
SOC between the S2 state and excited triplet states (ms=1):
T1(ms=1)      (0.002292)  + (0.063003i)    cm-1
T2(ms=1)      (-0.000668)  + (0.081780i)    cm-1
SOC between the S2 state and excited triplet states (ms=-1):
T1(ms=-1)    -(0.002292)  + (0.063003i)    cm-1
T2(ms=-1)    -(-0.000668)  + (0.081780i)    cm-1
Total SOC between the S2 state and excited triplet states:
T1      0.097279    cm-1
T2      0.251308    cm-1






            *********SOC CODE ENDS HERE*********



 
 --------------------------------------------------------------
 
                    Orbital Energies (a.u.)
 --------------------------------------------------------------
 
 Alpha MOs
 -- Occupied --
-14.673 -14.672 -10.494 -10.494 -10.494 -10.494 -10.488 -10.487
-10.470 -10.469 -10.468 -10.468 -10.468 -10.468 -10.467 -10.467
-10.466 -10.466 -10.466 -10.466 -10.465 -10.464 -10.463 -10.463
-10.463 -10.463 -10.460 -10.459 -10.459 -10.459 -10.459 -10.458
-10.458 -10.458 -10.455 -10.454 -10.452 -10.452 -10.452 -10.452
-10.450 -10.450 -10.450 -10.450 -10.450 -10.450 -10.449 -10.449
-10.448 -10.448 -10.448 -10.448 -10.447 -10.447 -10.446 -10.446
-10.445 -10.445 -10.444 -10.443 -10.441 -10.441 -10.440 -10.440
-10.439 -10.438 -10.436 -10.436 -10.436 -10.435 -10.434 -10.434
-10.429 -10.423 -10.422 -10.422 -10.421 -10.421  -6.953  -6.947
 -1.090  -1.082  -1.019  -1.019  -0.967  -0.964  -0.964  -0.962
 -0.962  -0.961  -0.942  -0.942  -0.935  -0.935  -0.911  -0.902
 -0.892  -0.891  -0.871  -0.868  -0.859  -0.859  -0.854  -0.853
 -0.848  -0.848  -0.844  -0.842  -0.842  -0.839  -0.828  -0.824
 -0.822  -0.816  -0.814  -0.807  -0.804  -0.802  -0.794  -0.789
 -0.738  -0.734  -0.729  -0.723  -0.719  -0.719  -0.715  -0.713
 -0.702  -0.701  -0.701  -0.700  -0.691  -0.684  -0.684  -0.682
 -0.681  -0.676  -0.671  -0.669  -0.650  -0.648  -0.640  -0.638
 -0.633  -0.632  -0.607  -0.607  -0.598  -0.597  -0.592  -0.589
 -0.588  -0.587  -0.584  -0.577  -0.577  -0.564  -0.563  -0.557
 -0.556  -0.546  -0.545  -0.544  -0.543  -0.539  -0.528  -0.526
 -0.525  -0.524  -0.520  -0.514  -0.512  -0.510  -0.506  -0.504
 -0.503  -0.501  -0.499  -0.499  -0.498  -0.497  -0.496  -0.492
 -0.491  -0.491  -0.489  -0.488  -0.487  -0.486  -0.486  -0.485
 -0.484  -0.482  -0.479  -0.478  -0.477  -0.471  -0.468  -0.466
 -0.463  -0.458  -0.456  -0.453  -0.445  -0.442  -0.439  -0.438
 -0.438  -0.436  -0.435  -0.431  -0.431  -0.429  -0.429  -0.429
 -0.425  -0.422  -0.421  -0.418  -0.413  -0.413  -0.410  -0.409
 -0.406  -0.405  -0.401  -0.400  -0.400  -0.399  -0.399  -0.398
 -0.398  -0.396  -0.395  -0.394  -0.393  -0.389  -0.388  -0.387
 -0.383  -0.376  -0.371  -0.368  -0.361  -0.361  -0.355  -0.353
 -0.350  -0.340  -0.324  -0.319  -0.308  -0.307  -0.304  -0.303
 -0.300  -0.299  -0.298  -0.298  -0.290  -0.287  -0.285  -0.279
 -0.277  -0.265  -0.261  -0.258  -0.226  -0.218
 -- Virtual --
 -0.101  -0.064  -0.041  -0.035  -0.009  -0.000   0.000   0.002
  0.003   0.003   0.004   0.006   0.012   0.024   0.025   0.026
  0.032   0.039   0.053   0.055   0.067   0.079   0.084   0.088
  0.113   0.118   0.140   0.141   0.148   0.149   0.153   0.153
  0.154   0.159   0.161   0.162   0.163   0.165   0.167   0.168
  0.170   0.171   0.178   0.180   0.183   0.184   0.187   0.189
  0.190   0.195   0.199   0.200   0.201   0.202   0.203   0.205
  0.205   0.206   0.206   0.208   0.209   0.209   0.213   0.213
  0.214   0.214   0.216   0.216   0.217   0.218   0.219   0.221
  0.222   0.223   0.224   0.226   0.229   0.230   0.233   0.233
  0.235   0.236   0.237   0.239   0.239   0.241   0.241   0.242
  0.243   0.245   0.248   0.249   0.249   0.252   0.253   0.255
  0.255   0.256   0.259   0.266   0.267   0.269   0.271   0.272
  0.277   0.279   0.282   0.285   0.288   0.290   0.292   0.295
  0.297   0.298   0.298   0.299   0.303   0.306   0.311   0.311
  0.312   0.313   0.315   0.317   0.319   0.321   0.323   0.324
  0.328   0.329   0.333   0.333   0.334   0.335   0.336   0.344
  0.345   0.349   0.353   0.356   0.357   0.362   0.364   0.373
  0.374   0.380   0.384   0.389   0.396   0.397   0.400   0.401
  0.406   0.411   0.415   0.417   0.421   0.423   0.433   0.437
  0.441   0.442   0.447   0.448   0.453   0.454   0.456   0.457
  0.464   0.465   0.467   0.468   0.475   0.478   0.480   0.487
  0.489   0.491   0.493   0.495   0.499   0.504   0.508   0.509
  0.512   0.515   0.518   0.521   0.522   0.523   0.523   0.524
  0.525   0.530   0.532   0.534   0.534   0.536   0.537   0.538
  0.539   0.542   0.545   0.546   0.550   0.552   0.556   0.556
  0.557   0.558   0.560   0.561   0.562   0.564   0.564   0.566
  0.572   0.572   0.574   0.575   0.578   0.581   0.581   0.584
  0.584   0.585   0.587   0.588   0.589   0.590   0.592   0.594
  0.594   0.596   0.596   0.598   0.598   0.601   0.601   0.602
  0.605   0.608   0.609   0.611   0.614   0.614   0.615   0.615
  0.615   0.616   0.618   0.619   0.622   0.623   0.623   0.625
  0.625   0.626   0.627   0.628   0.628   0.630   0.634   0.639
  0.641   0.645   0.646   0.647   0.648   0.649   0.650   0.651
  0.651   0.652   0.653   0.654   0.656   0.657   0.658   0.661
  0.664   0.667   0.668   0.670   0.673   0.675   0.677   0.678
  0.680   0.686   0.689   0.690   0.692   0.693   0.693   0.695
  0.696   0.700   0.702   0.703   0.705   0.707   0.709   0.709
  0.711   0.714   0.716   0.718   0.719   0.727   0.731   0.732
  0.736   0.737   0.741   0.742   0.745   0.749   0.756   0.757
  0.760   0.761   0.766   0.769   0.770   0.773   0.774   0.777
  0.786   0.788   0.790   0.794   0.794   0.797   0.800   0.801
  0.806   0.808   0.810   0.813   0.818   0.820   0.826   0.827
  0.833   0.833   0.838   0.842   0.847   0.849   0.854   0.858
  0.863   0.866   0.871   0.874   0.883   0.890   0.896   0.898
  0.903   0.904   0.909   0.914   0.916   0.917   0.920   0.924
  0.926   0.932   0.938   0.942   0.945   0.946   0.948   0.949
  0.951   0.952   0.953   0.954   0.958   0.959   0.960   0.961
  0.961   0.963   0.964   0.966   0.969   0.972   0.976   0.977
  0.979   0.980   0.984   0.986   0.988   0.991   0.992   0.993
  0.994   0.997   1.001   1.003   1.006   1.008   1.009   1.011
  1.013   1.014   1.020   1.021   1.022   1.025   1.028   1.030
  1.034   1.035   1.039   1.041   1.042   1.043   1.044   1.046
  1.048   1.049   1.050   1.051   1.052   1.053   1.055   1.060
  1.064   1.066   1.068   1.070   1.072   1.074   1.076   1.077
  1.078   1.080   1.083   1.085   1.085   1.088   1.092   1.094
  1.095   1.097   1.102   1.105   1.110   1.113   1.115   1.117
  1.125   1.127   1.128   1.135   1.139   1.141   1.146   1.149
  1.151   1.151   1.152   1.154   1.157   1.160   1.163   1.165
  1.168   1.169   1.170   1.172   1.179   1.184   1.188   1.192
  1.194   1.196   1.199   1.202   1.204   1.208   1.217   1.220
  1.221   1.224   1.226   1.233   1.237   1.242   1.249   1.252
  1.254   1.256   1.258   1.264   1.267   1.269   1.270   1.270
  1.279   1.280   1.285   1.289   1.291   1.297   1.297   1.298
  1.299   1.302   1.309   1.310   1.312   1.314   1.316   1.318
  1.319   1.324   1.325   1.330   1.334   1.340   1.342   1.343
  1.348   1.353   1.357   1.359   1.360   1.366   1.367   1.369
  1.371   1.373   1.379   1.381   1.386   1.390   1.398   1.406
  1.407   1.408   1.413   1.417   1.417   1.424   1.437   1.438
  1.440   1.441   1.445   1.449   1.452   1.459   1.462   1.465
  1.478   1.479   1.482   1.487   1.488   1.499   1.502   1.508
  1.510   1.510   1.511   1.511   1.516   1.516   1.516   1.524
  1.527   1.530   1.530   1.531   1.535   1.537   1.539   1.541
  1.545   1.545   1.547   1.549   1.553   1.555   1.558   1.559
  1.560   1.562   1.562   1.566   1.569   1.570   1.573   1.578
  1.580   1.582   1.589   1.592   1.594   1.596   1.600   1.601
  1.602   1.612   1.617   1.622   1.624   1.630   1.634   1.645
  1.654   1.658   1.666   1.668   1.688   1.697   1.710   1.715
  1.736   1.738   1.740   1.743   1.747   1.750   1.759   1.762
  1.764   1.768   1.774   1.782   1.783   1.788   1.790   1.797
  1.800   1.804   1.806   1.806   1.807   1.809   1.813   1.815
  1.815   1.820   1.824   1.825   1.828   1.844   1.854   1.854
  1.858   1.866   1.867   1.869   1.879   1.883   1.889   1.891
  1.894   1.897   1.897   1.899   1.903   1.915   1.915   1.918
  1.922   1.923   1.934   1.935   1.938   1.939   1.942   1.945
  1.947   1.963   1.971   1.975   1.978   1.979   1.981   1.984
  1.986   1.992   1.997   2.003   2.007   2.014   2.021   2.021
  2.022   2.027   2.029   2.031   2.033   2.033   2.037   2.043
  2.056   2.060   2.064   2.065   2.068   2.069   2.069   2.070
  2.071   2.073   2.076   2.078   2.083   2.096   2.099   2.102
  2.107   2.108   2.120   2.126   2.128   2.136   2.137   2.140
  2.147   2.149   2.149   2.153   2.155   2.156   2.157   2.159
  2.164   2.167   2.175   2.176   2.188   2.189   2.192   2.196
  2.198   2.198   2.199   2.200   2.200   2.206   2.208   2.210
  2.216   2.220   2.224   2.225   2.227   2.228   2.233   2.243
  2.245   2.247   2.249   2.252   2.255   2.256   2.260   2.261
  2.264   2.269   2.272   2.272   2.281   2.282   2.286   2.286
  2.301   2.305   2.307   2.310   2.316   2.318   2.318   2.322
  2.325   2.330   2.334   2.337   2.341   2.342   2.344   2.346
  2.351   2.353   2.354   2.355   2.359   2.364   2.365   2.367
  2.370   2.371   2.374   2.381   2.383   2.384   2.387   2.387
  2.388   2.388   2.399   2.400   2.401   2.405   2.407   2.410
  2.411   2.414   2.419   2.429   2.431   2.435   2.440   2.445
  2.454   2.458   2.469   2.472   2.474   2.478   2.480   2.486
  2.490   2.493   2.495   2.496   2.498   2.507   2.512   2.515
  2.520   2.524   2.534   2.551   2.556   2.564   2.569   2.588
  2.601   2.606   2.607   2.619   2.628   2.634   2.639   2.640
  2.641   2.642   2.647   2.654   2.655   2.666   2.673   2.675
  2.677   2.682   2.683   2.687   2.690   2.696   2.706   2.709
  2.718   2.723   2.726   2.731   2.731   2.732   2.733   2.734
  2.734   2.747   2.752   2.754   2.755   2.757   2.758   2.763
  2.770   2.774   2.781   2.782   2.784   2.785   2.785   2.786
  2.786   2.789   2.800   2.802   2.804   2.806   2.807   2.810
  2.811   2.816   2.818   2.821   2.825   2.827   2.839   2.842
  2.850   2.854   2.856   2.859   2.865   2.868   2.884   2.896
  2.898   2.899   2.904   2.908   2.919   2.921   2.928   2.932
  2.938   2.941   2.951   2.974   2.983   2.998   3.000   3.004
  3.009   3.011   3.025   3.029   3.035   3.051   3.074   3.077
  3.077   3.097   3.119   3.141   3.148   3.234   3.252   3.254
  3.315   3.320   3.328   3.352   3.397   3.434   3.443   3.477
  3.480   3.483   3.485   3.488   3.507   3.514   3.537   3.547
  3.658   3.669   9.590   9.747  13.139  13.174  13.244  13.246
 13.274  13.284  13.439  13.493  13.508  13.521  13.523  13.546
 13.668  13.669  13.670  13.675  13.682  13.686  13.703  13.710
 13.716  13.717  13.728  13.762  13.770  13.791  13.798  13.799
 13.857  13.866  13.886  13.914  13.921  13.995  13.998  14.024
 14.028  14.033  14.038  14.044  14.047  14.050  14.147  14.148
 14.149  14.154  14.157  14.157  14.158  14.176  14.178  14.180
 14.182  14.197  14.217  14.229  14.253  14.267  14.274  14.283
 14.310  14.313  14.331  14.333  14.505  14.510  14.550  14.558
 14.573  14.576  14.577  14.577  14.578  14.580  14.583  14.600
 19.683  19.691
 --------------------------------------------------------------
 
          Ground-State Mulliken Net Atomic Charges

     Atom                 Charge (a.u.)
  ----------------------------------------
      1 C                    -0.147616
      2 C                    -0.392260
      3 H                     0.251656
      4 C                     0.087740
      5 C                     0.082410
      6 C                    -0.400932
      7 H                     0.249223
      8 C                    -0.150659
      9 C                     0.175027
     10 C                    -0.389870
     11 H                     0.255240
     12 C                    -0.070980
     13 C                     0.215600
     14 C                     0.181578
     15 C                    -0.394446
     16 H                     0.254775
     17 C                    -0.235388
     18 H                     0.260666
     19 C                    -0.345931
     20 H                     0.258730
     21 C                    -0.233852
     22 H                     0.260327
     23 C                    -0.348320
     24 H                     0.258726
     25 B                     0.632261
     26 C                    -0.146970
     27 C                    -0.400297
     28 H                     0.251552
     29 C                     0.095499
     30 C                     0.077741
     31 C                    -0.397945
     32 H                     0.250287
     33 C                    -0.154179
     34 C                     0.174545
     35 C                    -0.389017
     36 H                     0.254865
     37 C                    -0.068497
     38 C                     0.218052
     39 C                     0.177134
     40 C                    -0.395926
     41 H                     0.255160
     42 C                    -0.236000
     43 H                     0.260532
     44 C                    -0.345565
     45 H                     0.258681
     46 C                    -0.233974
     47 H                     0.260147
     48 C                    -0.349416
     49 H                     0.258857
     50 B                     0.648393
     51 C                    -0.238993
     52 C                     0.069626
     53 C                    -0.380508
     54 H                     0.253537
     55 C                     0.300950
     56 N                    -0.653543
     57 C                     0.272686
     58 C                    -0.292828
     59 H                     0.264793
     60 C                    -0.245459
     61 H                     0.252061
     62 C                    -0.267122
     63 H                     0.247001
     64 C                    -0.244773
     65 H                     0.251335
     66 C                    -0.286811
     67 H                     0.266813
     68 C                     0.274343
     69 C                    -0.293183
     70 H                     0.264527
     71 C                    -0.244836
     72 H                     0.252006
     73 C                    -0.267736
     74 H                     0.246907
     75 C                    -0.244086
     76 H                     0.251619
     77 C                    -0.288923
     78 H                     0.266653
     79 C                    -0.381733
     80 H                     0.252940
     81 C                     0.083220
     82 C                    -0.549121
     83 H                     0.250229
     84 H                     0.243750
     85 C                    -0.555019
     86 H                     0.254020
     87 H                     0.244574
     88 C                    -0.661059
     89 H                     0.238117
     90 H                     0.228979
     91 H                     0.223780
     92 C                    -0.660829
     93 H                     0.239374
     94 H                     0.228410
     95 H                     0.223602
     96 C                    -0.223255
     97 C                     0.060670
     98 C                    -0.354113
     99 H                     0.246923
    100 C                     0.294703
    101 C                    -0.358550
    102 H                     0.248120
    103 C                     0.050446
    104 N                    -0.672309
    105 C                     0.304238
    106 C                    -0.307332
    107 H                     0.261931
    108 C                    -0.242000
    109 H                     0.250533
    110 C                    -0.271308
    111 H                     0.247197
    112 C                    -0.241886
    113 H                     0.250203
    114 C                    -0.302157
    115 H                     0.260483
    116 C                     0.289486
    117 C                    -0.297405
    118 H                     0.259967
    119 C                    -0.243799
    120 H                     0.250859
    121 C                    -0.267215
    122 H                     0.248476
    123 C                    -0.243992
    124 H                     0.251366
    125 C                    -0.292830
    126 H                     0.262094
    127 C                    -0.549867
    128 H                     0.250529
    129 H                     0.245040
    130 C                    -0.552914
    131 H                     0.254727
    132 H                     0.245820
    133 C                    -0.657639
    134 H                     0.233680
    135 H                     0.229238
    136 H                     0.224251
    137 C                    -0.656989
    138 H                     0.235033
    139 H                     0.228765
    140 H                     0.224129
  ----------------------------------------
  Sum of atomic charges =    -0.000000

 -----------------------------------------------------------------
                    Cartesian Multipole Moments
 -----------------------------------------------------------------
    Charge (ESU x 10^10)
                -0.0000
    Dipole Moment (Debye)
         X       0.6399      Y      -0.0813      Z       0.2220
       Tot       0.6822
    Quadrupole Moments (Debye-Ang)
        XX    -406.0565     XY       1.4498     YY    -460.4417
        XZ     -16.8878     YZ      -0.2527     ZZ    -378.8486
    Octopole Moments (Debye-Ang^2)
       XXX      75.3035    XXY     -30.5708    XYY      -8.6663
       YYY    -319.5309    XXZ     617.0469    XYZ     -38.0157
       YYZ     692.5254    XZZ      59.7691    YZZ    -196.4008
       ZZZ    1732.6710
    Hexadecapole Moments (Debye-Ang^3)
      XXXX  -61482.0400   XXXY     712.5689   XXYY  -11394.4184
      XYYY     522.2459   YYYY   -7178.2946   XXXZ  -10817.1030
      XXYZ     116.2941   XYYZ   -2725.0229   YYYZ     470.5723
      XXZZ  -17911.6190   XYZZ     289.3063   YYZZ  -10921.0813
      XZZZ  -10999.6726   YZZZ     879.1119   ZZZZ  -48264.0621
 -----------------------------------------------------------------
 -----------------------------------------------------------------
               TDA Excited-State Multipoles, State  1
 -----------------------------------------------------------------
    Charge (ESU x 10^10)
                -0.0000
    Dipole Moment (Debye)
         X      21.9943      Y       1.2374      Z      13.7136
       Tot      25.9489
    Quadrupole Moments (Debye-Ang)
        XX    -304.1372     XY      15.0162     YY    -453.1880
        XZ      50.6282     YZ      -2.6817     ZZ    -418.4958
    Octopole Moments (Debye-Ang^2)
       XXX    1117.4601    XXY      84.3348    XYY      89.6856
       YYY    -304.9760    XXZ    1022.0494    XYZ     -50.0782
       YYZ     733.7088    XZZ     218.2213    YZZ    -216.9513
       ZZZ    2198.7076
    Hexadecapole Moments (Debye-Ang^3)
      XXXX  -54596.0685   XXXY    1911.1499   XXYY  -10796.6101
      XYYY     698.4809   YYYY   -7088.5689   XXXZ   -8141.7199
      XXYZ     122.6674   XYYZ   -2555.0691   YYYZ     479.3544
      XXZZ  -17490.0994   XYZZ     168.8467   YYZZ  -10908.4429
      XZZZ   -9028.3235   YZZZ     679.1876   ZZZZ  -51017.8379
 -----------------------------------------------------------------
 -----------------------------------------------------------------
               TDA Excited-State Multipoles, State  2
 -----------------------------------------------------------------
    Charge (ESU x 10^10)
                -0.0000
    Dipole Moment (Debye)
         X       1.4145      Y      -0.0702      Z       0.5526
       Tot       1.5203
    Quadrupole Moments (Debye-Ang)
        XX    -406.7997     XY       2.1089     YY    -461.6933
        XZ     -20.9774     YZ      -0.1167     ZZ    -376.0760
    Octopole Moments (Debye-Ang^2)
       XXX     109.0542    XXY     -28.6226    XYY      -4.3085
       YYY    -319.9367    XXZ     643.6596    XYZ     -38.7736
       YYZ     696.6524    XZZ      84.6267    YZZ    -197.1178
       ZZZ    1718.6881
    Hexadecapole Moments (Debye-Ang^3)
      XXXX  -61434.4647   XXXY     760.0201   XXYY  -11403.5297
      XYYY     531.9587   YYYY   -7197.4976   XXXZ  -10821.0272
      XXYZ     122.0168   XYYZ   -2739.0202   YYYZ     473.5700
      XXZZ  -17951.2988   XYZZ     287.9549   YYZZ  -10931.0833
      XZZZ  -11109.3984   YZZZ     873.2181   ZZZZ  -48138.5302
 -----------------------------------------------------------------
Archival summary:
1\1\ctcp037\SP\ProcedureUnspecified\BasisUnspecified\276260\mewes1\FriNov920:09:202018FriNov920:09:202018\0\\#,ProcedureUnspecified,BasisUnspecified,\\0,1\C\C,1,1.41373\H,2,1.08552,1,119.792\C,2,1.37103,1,120.78,3,179.973,0\C,4,1.42891,2,119.851,1,-0.382473,0\C,5,1.37419,4,120.336,2,-0.338609,0\H,6,1.08602,5,119.804,4,-179.381,0\C,6,1.4098,5,120.757,4,0.558652,0\C,5,1.45849,4,108.072,2,-179.993,0\C,9,1.37447,5,135.114,4,-179.947,0\H,10,1.08335,9,121.837,5,-0.032555,0\C,9,1.41087,5,106.308,4,0.019756,0\C,12,1.39355,9,123.926,5,-179.957,0\C,12,1.41081,9,111.53,5,0.017503,0\C,14,1.3733,12,118.171,9,-179.987,0\H,15,1.08315,14,121.848,12,-179.99,0\C,10,1.41454,9,118.596,5,179.96,0\H,17,1.08291,10,118.466,9,-179.983,0\C,17,1.37706,10,122.521,9,-0.004601,0\H,19,1.08337,17,119.935,10,-179.99,0\C,15,1.41523,14,118.579,12,0.030623,0\H,21,1.0827,15,118.416,14,179.977,0\C,21,1.3774,15,122.725,14,-0.02425,0\H,23,1.08335,21,119.976,15,179.986,0\B,1,1.53029,2,120.667,3,0.28531,0\C,25,1.52869,1,120.431,2,178.966,0\C,26,1.41476,25,121.177,1,-178.753,0\H,27,1.08616,26,119.591,25,0.892065,0\C,27,1.37349,26,120.775,25,-178.971,0\C,29,1.42728,27,119.594,26,0.235319,0\C,30,1.3738,29,120.545,27,-0.160208,0\H,31,1.08543,30,119.843,29,179.748,0\C,31,1.40824,30,120.894,29,-0.152202,0\C,30,1.45731,29,108.33,27,179.664,0\C,34,1.37397,30,135.048,29,-179.815,0\H,35,1.08341,34,121.818,30,-0.151646,0\C,34,1.40918,30,106.299,29,0.047051,0\C,37,1.39249,34,123.97,30,-179.912,0\C,37,1.41062,34,111.353,30,0.01709,0\C,39,1.37242,37,118.056,34,179.954,0\H,40,1.08301,39,121.81,37,-179.914,0\C,35,1.41433,34,118.488,30,179.812,0\H,42,1.08282,35,118.476,34,-179.935,0\C,42,1.37723,35,122.548,34,0.065612,0\H,44,1.0833,42,120,35,-179.991,0\C,40,1.41539,39,118.592,37,0.064107,0\H,46,1.08259,40,118.362,39,-179.982,0\C,46,1.3771,40,122.777,39,0.003967,0\H,48,1.08323,46,120.046,40,179.995,0\B,8,1.53758,6,120.688,5,-179.221,0\C,25,1.58203,1,118.527,2,-3.65969,0\C,51,1.41525,25,119.654,1,-98.8376,0\C,52,1.37744,51,120.186,25,177.294,0\H,53,1.08335,52,119.8,51,-177.408,0\C,53,1.40423,52,120.286,51,-1.48845,0\N,55,1.37724,53,119.861,52,-177.609,0\C,56,1.40435,55,119.887,53,143.275,0\C,57,1.39485,56,119.97,55,139.194,0\H,58,1.08208,57,120.34,56,-1.383,0\C,58,1.38244,57,119.158,56,-179.661,0\H,60,1.0814,58,119.518,57,179.016,0\C,60,1.39064,58,120.364,57,-0.27089,0\H,62,1.08168,60,119.897,58,-179.972,0\C,62,1.3897,60,120.176,58,-0.143763,0\H,64,1.08147,62,120.278,60,-179.017,0\C,64,1.38232,62,120.18,60,0.175474,0\H,66,1.08254,64,120.41,62,-178.119,0\C,56,1.40441,55,120.181,53,-35.211,0\C,68,1.39593,56,120.005,55,137.545,0\H,69,1.08219,68,120.449,56,-0.649877,0\C,69,1.38245,68,119.262,56,-178.622,0\H,71,1.08146,69,119.468,68,178.917,0\C,71,1.39048,69,120.354,68,-0.221318,0\H,73,1.08171,71,119.947,69,179.887,0\C,73,1.38955,71,120.109,69,-0.210931,0\H,75,1.08143,73,120.237,71,-179.134,0\C,75,1.38247,73,120.258,71,0.24418,0\H,77,1.08247,75,120.299,73,-178.505,0\C,55,1.4053,53,119.926,52,1.53645,0\H,79,1.08329,55,119.748,53,177.389,0\C,79,1.3776,55,120.129,53,0.138197,0\C,81,1.5048,79,119.102,55,176.251,0\H,82,1.09179,81,109.882,79,142.006,0\H,82,1.09222,81,109.438,79,25.4111,0\C,52,1.50664,51,121.232,25,0.592705,0\H,85,1.09082,52,109.973,51,-36.6341,0\H,85,1.09249,52,109.137,51,-153.132,0\C,82,1.52722,81,112.16,79,-96.2689,0\H,88,1.08979,82,111.244,81,-60.7804,0\H,88,1.09012,82,110.565,81,179.639,0\H,88,1.0908,82,111.176,81,59.6908,0\C,85,1.52809,52,112.473,51,85.4425,0\H,92,1.08965,85,111.376,52,-61.3655,0\H,92,1.09028,85,110.45,52,178.997,0\H,92,1.09087,85,111.224,52,59.1917,0\C,50,1.58723,8,120.949,6,3.72118,0\C,96,1.40352,50,121.957,8,-85.9457,0\C,97,1.39108,96,120.78,50,-178.325,0\H,98,1.08512,97,119.664,96,-179.667,0\C,98,1.38821,97,120.856,96,1.39886,0\C,100,1.38795,98,118.846,97,-1.78406,0\H,101,1.0849,100,119.667,98,179.933,0\C,101,1.38977,100,120.866,98,0.343221,0\N,100,1.41305,98,120.292,97,177.108,0\C,104,1.40147,100,120.217,98,137.97,0\C,105,1.3966,104,120.972,100,138.589,0\H,106,1.08248,105,120.045,104,-0.420503,0\C,106,1.38623,105,120.446,104,179.772,0\H,108,1.08275,106,119.183,105,-179.978,0\C,108,1.38807,106,120.715,105,1.02385,0\H,110,1.08203,108,120.525,106,179.498,0\C,110,1.38882,108,118.979,106,-0.36436,0\H,112,1.0827,110,120.051,108,-179.748,0\C,112,1.38558,110,120.738,108,-0.593967,0\H,114,1.08249,112,119.774,110,-179.226,0\C,104,1.40474,100,118.928,98,-49.5973,0\C,116,1.39478,104,120.594,100,-38.8192,0\H,117,1.08255,116,119.773,104,-0.559288,0\C,117,1.38621,116,120.325,104,179.523,0\H,119,1.08256,117,119.296,116,-179.976,0\C,119,1.38837,117,120.599,116,0.889978,0\H,121,1.08203,119,120.439,117,179.537,0\C,121,1.38886,119,119.163,117,-0.537605,0\H,123,1.08269,121,120.079,119,-179.459,0\C,123,1.38566,121,120.601,119,-0.385331,0\H,125,1.08284,123,119.861,121,-179.042,0\C,97,1.50613,96,121.315,50,-0.590141,0\H,127,1.09215,97,110.312,96,26.2066,0\H,127,1.09358,97,109.582,96,142.896,0\C,103,1.50738,101,117.662,100,-176.965,0\H,130,1.09187,103,110.349,101,-153.177,0\H,130,1.09351,103,109.67,101,-36.379,0\C,127,1.52716,97,111.838,96,-95.9035,0\H,133,1.0905,127,110.98,97,60.933,0\H,133,1.09088,127,111.192,97,-179.014,0\H,133,1.09127,127,111.013,97,-58.8674,0\C,130,1.52762,103,111.805,101,84.8094,0\H,137,1.09036,130,110.947,103,59.0726,0\H,137,1.09102,130,111.09,103,179.053,0\H,137,1.0914,130,111.143,103,-60.8826,0\\\@

 Total job time:  17297.86s(wall), 48818.85s(cpu) 
 Fri Nov  9 20:09:20 2018

        *************************************************************
        *                                                           *
        *  Thank you very much for using Q-Chem.  Have a nice day.  *
        *                                                           *
        *************************************************************


0 sent ACK to 0 
now end server 0 ... 
 
*************************************************************
Job 2 of 2 
*************************************************************
 
mFile = /cm/shared/apps/q-chem/intel/QCHEM_5.1.0_Trunk/bin/mpi/machines
Process 0 of 1 is on ctcp037 - thread support 0
initial socket setup ...start
initial socket setup ...done 
now start server 0 ... 
Q-Chem Developer Version!
                  Welcome to Q-Chem
     A Quantum Leap Into The Future Of Chemistry


 Q-Chem 5.1, Q-Chem, Inc., Pleasanton, CA (2018)

 Yihan Shao,  Zhengting Gan,  E. Epifanovsky,  A. T. B. Gilbert,  M. Wormit,  
 J. Kussmann,  A. W. Lange,  A. Behn,  Jia Deng,  Xintian Feng,  D. Ghosh,  
 M. Goldey,  P. R. Horn,  L. D. Jacobson,  I. Kaliman,  T. Kus,  A. Landau,  
 Jie Liu,  E. I. Proynov,  R. M. Richard,  R. P. Steele,  E. J. Sundstrom,  
 H. L. Woodcock III,  P. M. Zimmerman,  D. Zuev,  B. Albrecht,  E. Alguire,  
 S. A. Baeppler,  D. Barton,  Z. Benda,  Y. A. Bernard,  E. J. Berquist,  
 K. B. Bravaya,  H. Burton,  D. Casanova,  Chun-Min Chang,  Yunqing Chen,  
 A. Chien,  K. D. Closser,  M. P. Coons,  S. Coriani,  S. Dasgupta,  
 A. L. Dempwolff,  M. Diedenhofen,  Hainam Do,  R. G. Edgar,  Po-Tung Fang,  
 S. Faraji,  S. Fatehi,  Qingguo Feng,  K. D. Fenk,  J. Fosso-Tande,  
 Qinghui Ge,  A. Ghysels,  G. Gidofalvi,  J. Gomes,  J. Gonthier,  A. Gunina,  
 D. Hait,  M. W. D. Hanson-Heine,  P. H. P. Harbach,  A. W. Hauser,  
 J. E. Herr,  E. G. Hohenstein,  Z. C. Holden,  Kerwin Hui,  B. C. Huynh,  
 T.-C. Jagau,  Hyunjun Ji,  B. Kaduk,  K. Khistyaev,  Jaehoon Kim,  
 P. Klunzinger,  K. Koh,  D. Kosenkov,  L. Koulias,  T. Kowalczyk,  
 C. M. Krauter,  A. Kunitsa,  Ka Un Lao,  A. Laurent,  K. V. Lawler,  
 Joonho Lee,  D. Lefrancois,  S. Lehtola,  D. S. Levine,  Yi-Pei Li,  
 You-Sheng Lin,  Fenglai Liu,  E. Livshits,  A. Luenser,  P. Manohar,  
 E. Mansoor,  S. F. Manzer,  Shan-Ping Mao,  Yuezhi Mao,  N. Mardirossian,  
 A. V. Marenich,  T. Markovich,  L. A. Martinez-Martinez,  S. A. Maurer,  
 N. J. Mayhall,  S. C. McKenzie,  J.-M. Mewes,  A. F. Morrison,  
 J. W. Mullinax,  K. Nanda,  T. S. Nguyen-Beck,  R. Olivares-Amaya,  
 J. A. Parkhill,  T. M. Perrine,  F. Plasser,  P. Pokhilko,  S. Prager,  
 A. Prociuk,  E. Ramos,  D. R. Rehn,  F. Rob,  M. Schneider,  N. Sergueev,  
 S. M. Sharada,  S. Sharma,  D. W. Small,  T. Stauch,  T. Stein,  
 Yu-Chuan Su,  A. J. W. Thom,  A. Tkatchenko,  T. Tsuchimochi,  N. M. Tubman,  
 L. Vogt,  M. L. Vidal,  O. Vydrov,  M. A. Watson,  J. Wenzel,  
 M. de Wergifosse,  T. A. Wesolowski,  A. White,  J. Witte,  A. Yamada,  
 Jun Yang,  K. Yao,  S. Yeganeh,  S. R. Yost,  Zhi-Qiang You,  A. Zech,  
 Igor Ying Zhang,  Xing Zhang,  Yan Zhao,  Ying Zhu,  B. R. Brooks,  
 G. K. L. Chan,  C. J. Cramer,  M. S. Gordon,  W. J. Hehre,  A. Klamt,  
 M. W. Schmidt,  C. D. Sherrill,  D. G. Truhlar,  A. Aspuru-Guzik,  R. Baer,  
 A. T. Bell,  N. A. Besley,  Jeng-Da Chai,  A. E. DePrince, III,  
 R. A. DiStasio Jr.,  A. Dreuw,  B. D. Dunietz,  T. R. Furlani,  
 Chao-Ping Hsu,  Yousung Jung,  Jing Kong,  D. S. Lambrecht,  WanZhen Liang,  
 C. Ochsenfeld,  V. A. Rassolov,  L. V. Slipchenko,  J. E. Subotnik,  
 T. Van Voorhis,  J. M. Herbert,  A. I. Krylov,  P. M. W. Gill,  M. Head-Gordon

 Contributors to earlier versions of Q-Chem not listed above: 
 R. D. Adamson,  B. Austin,  J. Baker,  G. J. O. Beran,  K. Brandhorst,  
 S. T. Brown,  E. F. C. Byrd,  A. K. Chakraborty,  C.-L. Cheng,  
 Siu Hung Chien,  D. M. Chipman,  D. L. Crittenden,  H. Dachsel,  
 R. J. Doerksen,  A. D. Dutoi,  L. Fusti-Molnar,  W. A. Goddard III,  
 A. Golubeva-Zadorozhnaya,  S. R. Gwaltney,  G. Hawkins,  A. Heyden,  
 S. Hirata,  G. Kedziora,  F. J. Keil,  C. Kelley,  Jihan Kim,  R. A. King,  
 R. Z. Khaliullin,  P. P. Korambath,  W. Kurlancheek,  A. M. Lee,  M. S. Lee,  
 S. V. Levchenko,  Ching Yeh Lin,  D. Liotard,  R. C. Lochan,  I. Lotan,  
 P. E. Maslen,  N. Nair,  D. P. O'Neill,  D. Neuhauser,  E. Neuscamman,  
 C. M. Oana,  R. Olson,  B. Peters,  R. Peverati,  P. A. Pieniazek,  
 Y. M. Rhee,  J. Ritchie,  M. A. Rohrdanz,  E. Rosta,  N. J. Russ,  
 H. F. Schaefer III,  N. E. Schultz,  N. Shenvi,  A. C. Simmonett,  A. Sodt,  
 D. Stuck,  K. S. Thanthiriwatte,  V. Vanovschi,  Tao Wang,  A. Warshel,  
 C. F. Williams,  Q. Wu,  X. Xu,  W. Zhang

 Please cite Q-Chem as follows:
 Y. Shao et al., Mol. Phys. 113, 184-215 (2015)
 DOI: 10.1080/00268976.2014.952696

 Q-Chem 5.1.1 for Intel X86 EM64T Linux

 Parts of Q-Chem use Armadillo 8.300.2 (Tropical Shenanigans).
 http://arma.sourceforge.net/

 Q-Chem begins on Fri Nov  9 20:09:22 2018  

Host: ctcp037
0

     Scratch files written to /scratch/mewes1/140056/qchem5967//
 Parallel job on  1  processors
The previous job contains 0 fragments, simply inherited here
Symmetry turned off for PCM/SM12/SMD calculation
Input Ideriv = 2
Curr. Ideriv = -1
Max.  Ideriv = 2
Input Ideriv = 1
Curr. Ideriv = 2
Max.  Ideriv = 1

Checking the input file for inconsistencies... 	...done.

--------------------------------------------------------------
User input:
--------------------------------------------------------------
$rem
threads 8
jobtype sp
method PBEh-3c
basis def2-mSVP
mem_static      1024
mem_total       14000
sym_ignore      true
cis_n_roots             6
cis_singlets            true
cis_triplets            true
rpa                     false
calc_soc                true
cis_moments             true
cis_relaxed_density     true
solvent_method          pcm
$end

$molecule
read
$end

$pcm
statespecific           Marcus 
$end

$solvent
dielectric      8.93 
dielectric_infi 2.03
$end

--------------------------------------------------------------
 Adding empirical dispersion correction 
 ----------------------------------------------------------------
 Doing -D3(BJ) with
 s6 =   1.00000
 s8 =   0.00000
 a1 =   0.48600
 a2 =   4.50000
 -D3 energy including 3body term =     -0.1346773574 hartrees
 ----------------------------------------------------------------
 Adding gCP correction 
 ----------------------------------------------------------------
 gCP energy =      0.1915227942 hartrees
 ----------------------------------------------------------------
             Standard Nuclear Orientation (Angstroms)
    I     Atom           X                Y                Z
 ----------------------------------------------------------------
    1      C       0.0000000000     0.0000000000     0.0000000000
    2      C       0.0000000000     0.0000000000     1.4137340000
    3      H       0.9420487894     0.0000000000     1.9530773374
    4      C      -1.1778984674     0.0005585460     2.1153495921
    5      C      -2.4231531889     0.0094219823     1.4145967972
    6      C      -2.4463100131     0.0244011425     0.0406845752
    7      H      -3.3975794967     0.0412241539    -0.4829932382
    8      C      -1.2472000992     0.0194692684    -0.7006954295
    9      C      -3.4974415430     0.0081218407     2.4010589557
   10      C      -4.8707662046     0.0129656807     2.3452920534
   11      H      -5.4043986742     0.0199216750     1.4025080250
   12      C      -2.8734076730    -0.0009935390     3.6663838753
   13      C      -3.5664426651    -0.0057775045     4.8753699300
   14      C      -1.4673914042    -0.0051995680     3.5502449976
   15      C      -0.7216237334    -0.0143909065     4.7033683636
   16      H       0.3613447802    -0.0178714077     4.6836282420
   17      C      -5.5976674465     0.0085282155     3.5587668714
   18      H      -6.6795819743     0.0120703375     3.5123631508
   19      C      -4.9820279050    -0.0005335759     4.7905091602
   20      H      -5.5801180935    -0.0038164451     5.6938149809
   21      C      -1.3975515694    -0.0198378083     5.9467424692
   22      H      -0.8070070812    -0.0274607041     6.8541787227
   23      C      -2.7712554076    -0.0158110820     6.0475284805
   24      H      -3.2424433400    -0.0205091558     7.0230342039
   25      B       1.3162618837    -0.0065545104    -0.7805219273
   26      C       1.3099550896    -0.0303200211    -2.3090181721
   27      C       2.5171684555    -0.0630020446    -3.0459806081
   28      H       3.4667215323    -0.0861329706    -2.5191330763
   29      C       2.5023467359    -0.0629943933    -4.4193896330
   30      C       1.2543217299    -0.0245221972    -5.1108241368
   31      C       0.0708333804     0.0090957588    -4.4140088100
   32      H      -0.8716364927     0.0423268183    -4.9514141690
   33      C       0.0604342735     0.0032098193    -3.0058175074
   34      C       1.5236444364    -0.0252171126    -6.5430363439
   35      C       0.7498248412     0.0051723099    -7.6779707146
   36      H      -0.3321194080     0.0363883632    -7.6309572937
   37      C       2.9254055791    -0.0651360767    -6.6818386640
   38      C       3.5858996350    -0.0764160579    -7.9076689558
   39      C       3.5654920530    -0.0903074467    -5.4250507831
   40      C       4.9370705706    -0.1311960121    -5.3999178950
   41      H       5.4905523585    -0.1535785071    -4.4692915315
   42      C       1.3964612477    -0.0042065829    -8.9357896207
   43      H       0.7864738468     0.0208210030    -9.8300923182
   44      C       2.7671358372    -0.0438412702    -9.0639973639
   45      H       3.2191194563    -0.0494331989   -10.0484840806
   46      C       5.6369851606    -0.1445908842    -6.6300667337
   47      H       6.7188166966    -0.1771727008    -6.6058925419
   48      C       4.9998638899    -0.1182516071    -7.8506305878
   49      H       5.5797469850    -0.1298909092    -8.7655054544
   50      B      -1.2747159080     0.0542329294    -2.2376361000
   51      C       2.6740575707     0.0754063062     0.0272440597
   52      C       3.3383295146     1.3184332028     0.1559057099
   53      C       4.4914842043     1.4133742524     0.9032680002
   54      H       4.9717091845     2.3758549163     1.0323332128
   55      C       4.9992928973     0.2856111775     1.5681997605
   56      N       6.1251505673     0.4014282784     2.3529423447
   57      C       6.2285149121    -0.3386103756     3.5420032983
   58      C       7.4417958714    -0.9322857118     3.8900053553
   59      H       8.3002462245    -0.8448367975     3.2370839875
   60      C       7.5228224465    -1.6629461824     5.0607763810
   61      H       8.4562398931    -2.1390335359     5.3281848951
   62      C       6.4096062972    -1.7988085317     5.8830656923
   63      H       6.4815933245    -2.3718369393     6.7976604702
   64      C       5.2062002110    -1.1974235642     5.5346137129
   65      H       4.3437898930    -1.2887421860     6.1807458306
   66      C       5.1082976139    -0.4640053590     4.3670048993
   67      H       4.1814361624     0.0312217671     4.1070735628
   68      C       7.1557415593     1.2811353882     1.9836621458
   69      C       7.7730252740     2.0778534519     2.9494847651
   70      H       7.4561135158     2.0311719624     3.9831754727
   71      C       8.7661116861     2.9591653052     2.5644550813
   72      H       9.2343111030     3.5905895316     3.3071855062
   73      C       9.1488104853     3.0474217127     1.2305975394
   74      H       9.9253377728     3.7406104076     0.9363481970
   75      C       8.5367766370     2.2451568378     0.2752710313
   76      H       8.8424816419     2.3020668051    -0.7604868495
   77      C       7.5415314513     1.3591617969     0.6436659472
   78      H       7.0811210986     0.7166904071    -0.0959245620
   79      C       4.3473215119    -0.9532399626     1.4455129000
   80      H       4.7650049577    -1.8302766136     1.9249660352
   81      C       3.2127804317    -1.0639412701     0.6719844433
   82      C       2.5818319162    -2.4175831722     0.4876787917
   83      H       1.4941030627    -2.3235095895     0.4889061012
   84      H       2.8386589983    -3.0567619931     1.3352841322
   85      C       2.7701826028     2.5744191463    -0.4520888785
   86      H       2.2977544984     2.3448782669    -1.4081280740
   87      H       3.5857458337     3.2686516674    -0.6675601140
   88      C       3.0276875233    -3.0891760093    -0.8094594446
   89      H       2.7466392952    -2.4949205749    -1.6786578672
   90      H       2.5609744955    -4.0688242058    -0.9135056579
   91      H       4.1095018680    -3.2273658754    -0.8299914023
   92      C       1.7544544161     3.2581873384     0.4621427193
   93      H       0.9004802663     2.6112700863     0.6610261674
   94      H       1.3784244744     4.1706001577    -0.0013337606
   95      H       2.2033593825     3.5282124257     1.4189936882
   96      C      -2.6456856262     0.1847512624    -3.0267553836
   97      C      -3.4274654531    -0.9357213015    -3.3480669995
   98      C      -4.6079302061    -0.7965521147    -4.0707180632
   99      H      -5.2011721795    -1.6745598570    -4.3045138309
  100      C      -5.0270875519     0.4494896158    -4.5166038438
  101      C      -4.2664324677     1.5656589959    -4.1972773514
  102      H      -4.5810747132     2.5458120614    -4.5397929201
  103      C      -3.1005781658     1.4441326662    -3.4506250571
  104      N      -6.1959101142     0.5694908682    -5.3015702749
  105      C      -7.1018339120     1.6118382022    -5.0629830584
  106      C      -7.6960043346     2.3038463403    -6.1206154073
  107      H      -7.4542426367     2.0427724087    -7.1429381593
  108      C      -8.5942499365     3.3300210565    -5.8721399737
  109      H      -9.0430798293     3.8525959136    -6.7074865971
  110      C      -8.9032188950     3.7022714280    -4.5710974222
  111      H      -9.5986447349     4.5090818502    -4.3807418163
  112      C      -8.3037699652     3.0250880441    -3.5170975416
  113      H      -8.5353468841     3.2983907045    -2.4953738795
  114      C      -7.4197306306     1.9850173525    -3.7549487632
  115      H      -6.9710712216     1.4596773581    -2.9215777623
  116      C      -6.3532787944    -0.2678559939    -6.4184368903
  117      C      -5.2638445146    -0.5779223510    -7.2323217911
  118      H      -4.2895799166    -0.1629488587    -7.0075359894
  119      C      -5.4234658520    -1.4127406086    -8.3273915010
  120      H      -4.5664794967    -1.6426400758    -8.9476055253
  121      C      -6.6703588327    -1.9368135498    -8.6407098272
  122      H      -6.7934449433    -2.5821974565    -9.5004259728
  123      C      -7.7578977062    -1.6235327903    -7.8356947704
  124      H      -8.7352584935    -2.0310977345    -8.0612673870
  125      C      -7.6032414509    -0.8051510058    -6.7282727362
  126      H      -8.4562879228    -0.5812292354    -6.1000106706
  127      C      -2.9942330261    -2.3273863774    -2.9685704820
  128      H      -2.3437099418    -2.2961077311    -2.0918595467
  129      H      -3.8686229251    -2.9177905251    -2.6808510645
  130      C      -2.3679961168     2.7100341072    -3.0859010431
  131      H      -1.3045621924     2.5062334361    -2.9453299824
  132      H      -2.4374195955     3.4258408658    -3.9096543794
  133      C      -2.2702697653    -3.0295402847    -4.1153322427
  134      H      -1.3681796895    -2.4861675967    -4.3984904871
  135      H      -1.9766529918    -4.0421073223    -3.8351323223
  136      H      -2.9085381194    -3.0973305159    -4.9978749657
  137      C      -2.9343472173     3.3484136032    -1.8188781447
  138      H      -2.8702438511     2.6617869887    -0.9742969470
  139      H      -2.3853833543     4.2539946631    -1.5564286918
  140      H      -3.9833454391     3.6197095609    -1.9498309816
 ----------------------------------------------------------------
 Nuclear Repulsion Energy = 12133.2050552273 hartrees
 There are      270 alpha and      270 beta electrons
 Requested basis set is def2-mSVP
 There are 680 shells and 1320 basis functions

 Total QAlloc Memory Limit  14000 MB
 Mega-Array Size      1001 MB
 MEM_STATIC part      1024 MB
 Discretize the solute cavity surface with Lebedev spheres
	Using 302 Lebedev grid points for each H atom
	Using 302 Lebedev grid points for other atoms
	Atomic van der Waals radii will be scaled by 1.20
 Remove points where switching function is < 1.0e-08
 Keep 14632 surface tesserae and discard 27648 interior tesserae
 Molecular Surface Area = 1077.552 Angst**2
 A cutoff of  1.0D-11 yielded  62850 shell pairs
 There are    243978 function pairs (    268242 Cartesian)
 
 -------------------------------------------------------
 OpenMP Integral Computing Module                       
 Release: version 1.0, May 2013, Q-Chem Inc. Pittsburgh 
 -------------------------------------------------------
 Integral Job Info:
 Integral job number is                      11
 Integral operator is                         1
 short-range coefficients                     0
 long-range coefficients              100000000
 Omega coefficients                           0
 if combine SR and LR in K                    0
 Integral screening is                        0
 Integral computing path is                   2
 max size of driver memory is            800000
 size of driver memory is                593474
 size of scratch memory is              1809772
 max col of scratch BK array               1296
 max len of scratch array in speh3          155
 max len of scratch index in speh4           18
 max int batch size is                      520
 min int batch size is                       52
 fixed nKL is                                52
 max L of basis functions is                  2
 order of int derivative is                   0
 number of shells is                        680
 number of basis is                        1400
 number of cartesian basis is              1400
 number of contracted shell pairs         62850
 number of primitive shell pairs         129775
 maxK2 (contraction) of shell pair           25
 max number of K2 of shell pair               1
 max number of CS2 of shell pair          15537
 max number of PS2 of shell pair          22725
 mem total for path MDJ                 1128108
 -------------------------------------------------------
 Smallest overlap matrix eigenvalue = 1.96E-04

 Scale SEOQF with 1.000000e-02/1.000000e-01/1.000000e-02

 Standard Electronic Orientation quadrupole field applied
 Nucleus-field energy     =     0.0000000246 hartrees
 Guess from superposition of atomic densities
 Warning:  Energy on first SCF cycle will be non-variational
 SAD guess density has 540.000001 electrons

 -----------------------------------------------------------------------
  General SCF calculation program by
  Eric Jon Sundstrom, Paul Horn, Yuezhi Mao, Dmitri Zuev, Alec White,
  David Stuck, Shaama M.S., Shane Yost, Joonho Lee, David Small,
  Daniel Levine, Susi Lehtola, Hugh Burton, Evgeny Epifanovsky
 -----------------------------------------------------------------------
 Exchange:     0.4200 Hartree-Fock + 0.5800 PBEh-3c
 Correlation:  1.0000 PBEh-3c
 Using SG-1 standard quadrature grid
 Dispersion:   Grimme D3
 using 8 threads for integral computing
 -------------------------------------------------------
 OpenMP Integral computing Module                
 Release: version 2.0, May 2017, Q-Chem Inc. Pleasanton 
 -------------------------------------------------------
 -------------------------------------------------------
 OpenMP BLAS3 based DFT computing Module                
 Release: version 1.0, May 2013, Q-Chem Inc. Pittsburgh 
 -------------------------------------------------------
 A restricted SCF calculation will be
 performed using DIIS
 SCF converges when DIIS error is below 1.0e-08
 ---------------------------------------
  Cycle       Energy         DIIS error
 ---------------------------------------
    1   -3111.1008685231      2.35e-02  
    2   -3084.1783247140      1.57e-03  
    3   -3084.3834170855      1.36e-03  
    4   -3084.7504841387      4.73e-04  
    5   -3084.7990006790      1.56e-04  
    6   -3084.8045321092      4.23e-05  
    7   -3084.8049066885      1.36e-05  
    8   -3084.8049479135      4.16e-06  
    9   -3084.8049521533      1.28e-06  
   10   -3084.8049525474      4.12e-07  
   11   -3084.8049528100      1.50e-07  
   12   -3084.8049526614      6.25e-08  
   13   -3084.8049526118      2.00e-08  
   14   -3084.8049526673      8.74e-09  Convergence criterion met
 ---------------------------------------
 SCF time:   CPU 19337.11s  wall 2546.00s 

************** Final PCM Free Energy Summary **************
 G_electrostatic  =      -0.03432569 hartree =     -21.53969562 kcal/mol
 G_cavitation     =       0.00000000 hartree =       0.00000000 kcal/mol
 G_dispersion     =       0.00000000 hartree =       0.00000000 kcal/mol
 G_repulsion      =       0.00000000 hartree =       0.00000000 kcal/mol
 --------------------------------------------------
 Non-electrostatic Free Energy =       0.00000000 hartree =       0.00000000 kcal/mol
 Total                         =      -0.03432569 hartree =     -21.53969562 kcal/mol
 --------------------------------------------------
 SCF Energy (H0 + V/2)                       =   -3084.80495267 
 Solute Internal Energy (H0)                 =   -3084.77062698 
 Total Free Energy (H0 + V/2 + non-elec)     =   -3084.80495267 hartree
                                             = -1935744.32398643 kcal/mol
***********************************************************

 SCF   energy in the final basis set =    -3084.8049526673
 Total energy in the final basis set =    -3084.8049526673
 
 Direct TDDFT/TDA calculation will be performed
 Exchange:     0.4200 Hartree-Fock + 0.5800 PBEh-3c
 Correlation:  1.0000 PBEh-3c
 Using SG-1 standard quadrature grid
 Dispersion:   Grimme D3
 Triplet excitation energies requested
 Singlet excitation energies requested
 Adding PCM contribution to the XC response
 CIS energy converged when residual is below 10e- 6
 ---------------------------------------------------
 Iter    Rts Conv    Rts Left    Ttl Dev     Max Dev
 ---------------------------------------------------
   1         0           6      0.000181    0.000056
   2         0           6      0.000078    0.000022
   3         0           6      0.000036    0.000012
   4         1           5      0.000067    0.000053
   5         2           4      0.000047    0.000039
   6         3           3      0.000047    0.000022
   7         3           3      0.000028    0.000014
   8         3           3      0.000012    0.000006
   9         5           1      0.000005    0.000002
  10         6           0      0.000004    0.000001    Roots Converged
 ---------------------------------------------------
 Triplets done: starting singlet calculation
 ---------------------------------------------------
 Iter    Rts Conv    Rts Left    Ttl Dev     Max Dev
 ---------------------------------------------------
  11         0           6      0.000287    0.000119
  12         0           6      0.000136    0.000033
  13         0           6      0.000062    0.000022
  14         0           6      0.000023    0.000010
  15         3           3      0.000012    0.000005
  16         3           3      0.000009    0.000004
  17         4           2      0.000007    0.000004
  18         5           1      0.000006    0.000003
  19         5           1      0.000005    0.000003
  20         5           1      0.000005    0.000003
  21         5           1      0.000008    0.000006
  22         5           1      0.000005    0.000003
  23         5           1      0.000003    0.000002
  24         6           0      0.000003    0.000001    Roots Converged
 ---------------------------------------------------
 
 ---------------------------------------------------
         TDDFT/TDA Excitation Energies              
 ---------------------------------------------------

 Excited state   1: excitation energy (eV) =    1.6732
 Total energy for state  1:                 -3084.74346209 au
    Multiplicity: Triplet
    Trans. Mom.:  0.0000 X   0.0000 Y   0.0000 Z
    Strength   :     0.0000000000
    D(270) --> V(  1) amplitude =  0.9729

 Excited state   2: excitation energy (eV) =    1.7174
 Total energy for state  2:                 -3084.74184036 au
    Multiplicity: Singlet
    Trans. Mom.: -0.8626 X  -0.0463 Y  -0.4746 Z
    Strength   :     0.0408737610
    D(270) --> V(  1) amplitude =  0.9789

 Excited state   3: excitation energy (eV) =    2.2319
 Total energy for state  3:                 -3084.72293172 au
    Multiplicity: Triplet
    Trans. Mom.:  0.0000 X   0.0000 Y   0.0000 Z
    Strength   :     0.0000000000
    D(259) --> V(  2) amplitude = -0.2273
    D(267) --> V(  1) amplitude =  0.8646
    D(268) --> V(  1) amplitude =  0.2981

 Excited state   4: excitation energy (eV) =    2.4233
 Total energy for state  4:                 -3084.71589975 au
    Multiplicity: Triplet
    Trans. Mom.:  0.0000 X   0.0000 Y   0.0000 Z
    Strength   :     0.0000000000
    D(265) --> V(  2) amplitude = -0.4235
    D(267) --> V(  1) amplitude = -0.2636
    D(268) --> V(  1) amplitude =  0.7431

 Excited state   5: excitation energy (eV) =    2.4797
 Total energy for state  5:                 -3084.71382512 au
    Multiplicity: Triplet
    Trans. Mom.:  0.0000 X   0.0000 Y   0.0000 Z
    Strength   :     0.0000000000
    D(264) --> V(  1) amplitude =  0.2167
    D(265) --> V(  1) amplitude = -0.5645
    D(268) --> V(  2) amplitude =  0.4148
    D(269) --> V(  1) amplitude =  0.5657

 Excited state   6: excitation energy (eV) =    2.4963
 Total energy for state  6:                 -3084.71321454 au
    Multiplicity: Triplet
    Trans. Mom.:  0.0000 X   0.0000 Y   0.0000 Z
    Strength   :     0.0000000000
    D(265) --> V(  1) amplitude =  0.3960
    D(268) --> V(  2) amplitude = -0.3233
    D(269) --> V(  1) amplitude =  0.7717

 Excited state   7: excitation energy (eV) =    2.5079
 Total energy for state  7:                 -3084.71278923 au
    Multiplicity: Singlet
    Trans. Mom.: -0.2256 X   0.0267 Y  -0.2197 Z
    Strength   :     0.0061365507
    D(269) --> V(  1) amplitude =  0.9737

 Excited state   8: excitation energy (eV) =    2.7435
 Total energy for state  8:                 -3084.70413086 au
    Multiplicity: Triplet
    Trans. Mom.:  0.0000 X   0.0000 Y   0.0000 Z
    Strength   :     0.0000000000
    D(259) --> V(  1) amplitude =  0.6609
    D(267) --> V(  2) amplitude = -0.5441

 Excited state   9: excitation energy (eV) =    2.8962
 Total energy for state  9:                 -3084.69852047 au
    Multiplicity: Singlet
    Trans. Mom.: -0.2016 X  -0.0048 Y   0.3066 Z
    Strength   :     0.0095568685
    D(267) --> V(  1) amplitude =  0.8859
    D(268) --> V(  1) amplitude =  0.2901
    D(270) --> V(  2) amplitude = -0.2522

 Excited state  10: excitation energy (eV) =    2.9226
 Total energy for state 10:                 -3084.69754852 au
    Multiplicity: Singlet
    Trans. Mom.:  0.2473 X  -0.0259 Y  -0.2879 Z
    Strength   :     0.0103636812
    D(267) --> V(  1) amplitude =  0.2444
    D(270) --> V(  2) amplitude =  0.9618

 Excited state  11: excitation energy (eV) =    3.1117
 Total energy for state 11:                 -3084.69059963 au
    Multiplicity: Singlet
    Trans. Mom.: -1.9396 X   0.0245 Y   3.4626 Z
    Strength   :     1.2008578882
    D(267) --> V(  1) amplitude = -0.2844
    D(268) --> V(  1) amplitude =  0.9113

 Excited state  12: excitation energy (eV) =    3.2808
 Total energy for state 12:                 -3084.68438470 au
    Multiplicity: Singlet
    Trans. Mom.:  0.1238 X  -0.0566 Y  -0.5301 Z
    Strength   :     0.0240794588
    D(266) --> V(  1) amplitude = -0.9225
 
 ---------------------------------------------------
 Calculating Relaxed Density
 ---------------------------------------------------
 Iter    Rts Conv    Rts Left    Ttl Dev     Max Dev
 ---------------------------------------------------
   1         0           6      0.000325    0.000108
   2         0           6      0.000132    0.000044
   3         0           6      0.000036    0.000016
   4         2           4      0.000011    0.000006
   5         5           1      0.000002    0.000002
   6         6           0      0.000000    0.000000    Roots Converged
 ---------------------------------------------------
 Triplets done- using as guess for singlets
 ---------------------------------------------------
 Iter    Rts Conv    Rts Left    Ttl Dev     Max Dev
 ---------------------------------------------------
   1         0           6      0.000488    0.000116
   2         0           6      0.000182    0.000044
   3         0           6      0.000053    0.000014
   4         0           6      0.000018    0.000005
   5         2           4      0.000005    0.000002
   6         6           0      0.000000    0.000000    Roots Converged
 ---------------------------------------------------
  SETman timing summary (seconds)
  CPU time             61225.38s
  System time              0.02s
  Wall time            16835.67s



*********SPIN-ORBIT COUPLING JOB BEGINS HERE*********
