mFile = /cm/shared/apps/q-chem/intel/QCHEM_5.0.1_Trunk/bin/mpi/machines
Process 0 of 1 is on ctcp034 - thread support 0
initial socket setup ...start
initial socket setup ...done 
now start server 0 ... 
ctcp034.cm.cluster 10.141.0
Q-Chem Developer Version! Running on 10.141.0.*
                  Welcome to Q-Chem
     A Quantum Leap Into The Future Of Chemistry


 Q-Chem 5.0, Q-Chem, Inc., Pleasanton, CA (2017)

 Yihan Shao,  Zhengting Gan,  E. Epifanovsky,  A. T. B. Gilbert,  M. Wormit,  
 J. Kussmann,  A. W. Lange,  A. Behn,  Jia Deng,  Xintian Feng,  D. Ghosh,  
 M. Goldey,  P. R. Horn,  L. D. Jacobson,  I. Kaliman,  T. Kus,  A. Landau,  
 Jie Liu,  E. I. Proynov,  R. M. Richard,  R. P. Steele,  E. J. Sundstrom,  
 H. L. Woodcock III,  P. M. Zimmerman,  D. Zuev,  B. Albrecht,  E. Alguire,  
 S. A. Baeppler,  Z. Benda,  Y. A. Bernard,  E. J. Berquist,  K. B. Bravaya,  
 D. Casanova,  Chun-Min Chang,  Yunqing Chen,  A. Chien,  K. D. Closser,  
 M. P. Coons,  S. Dasgupta,  M. Diedenhofen,  Hainam Do,  R. G. Edgar,  
 Po-Tung Fang,  S. Fatehi,  Qingguo Feng,  Qinghui Ge,  A. Ghysels,  
 J. Gomes,  J. Gonthier,  A. Gunina,  M. W. D. Hanson-Heine,  
 P. H. P. Harbach,  A. W. Hauser,  J. E. Herr,  E. G. Hohenstein,  
 Z. C. Holden,  Kerwin Hui,  T.-C. Jagau,  Hyunjun Ji,  B. Kaduk,  
 K. Khistyaev,  Jaehoon Kim,  P. Klunzinger,  K. Koh,  D. Kosenkov,  
 T. Kowalczyk,  C. M. Krauter,  A. Kunitsa,  Ka Un Lao,  A. Laurent,  
 K. V. Lawler,  Joonho Lee,  D. Lefrancois,  S. Lehtola,  D. S. Levine,  
 Yi-Pei Li,  You-Sheng Lin,  Fenglai Liu,  E. Livshits,  A. Luenser,  
 P. Manohar,  E. Mansoor,  S. F. Manzer,  Shan-Ping Mao,  Yuezhi Mao,  
 N. Mardirossian,  A. V. Marenich,  L. A. Martinez-Martinez,  S. A. Maurer,  
 N. J. Mayhall,  S. C. McKenzie,  J.-M. Mewes,  A. F. Morrison,  K. Nanda,  
 T. S. Nguyen-Beck,  R. Olivares-Amaya,  J. A. Parkhill,  T. M. Perrine,  
 F. Plasser,  S. Prager,  A. Prociuk,  D. R. Rehn,  F. Rob,  M. Schneider,  
 N. Sergueev,  S. M. Sharada,  S. Sharma,  D. W. Small,  T. Stauch,  
 T. Stein,  Yu-Chuan Su,  A. J. W. Thom,  T. Tsuchimochi,  L. Vogt,  
 O. Vydrov,  M. A. Watson,  J. Wenzel,  M. de Wergifosse,  T. A. Wesolowski,  
 A. White,  J. Witte,  A. Yamada,  Jun Yang,  K. Yao,  S. Yeganeh,  
 S. R. Yost,  Zhi-Qiang You,  A. Zech,  Igor Ying Zhang,  Xing Zhang,  
 Yan Zhao,  Ying Zhu,  B. R. Brooks,  G. K. L. Chan,  C. J. Cramer,  
 M. S. Gordon,  W. J. Hehre,  A. Klamt,  M. W. Schmidt,  C. D. Sherrill,  
 D. G. Truhlar,  A. Aspuru-Guzik,  R. Baer,  A. T. Bell,  N. A. Besley,  
 Jeng-Da Chai,  A. Dreuw,  B. D. Dunietz,  T. R. Furlani,  Chao-Ping Hsu,  
 Yousung Jung,  Jing Kong,  D. S. Lambrecht,  WanZhen Liang,  C. Ochsenfeld,  
 V. A. Rassolov,  L. V. Slipchenko,  J. E. Subotnik,  T. Van Voorhis,  
 J. M. Herbert,  A. I. Krylov,  P. M. W. Gill,  M. Head-Gordon

 Contributors to earlier versions of Q-Chem not listed above: 
 R. D. Adamson,  B. Austin,  J. Baker,  G. J. O. Beran,  K. Brandhorst,  
 S. T. Brown,  E. F. C. Byrd,  A. K. Chakraborty,  C.-L. Cheng,  
 Siu Hung Chien,  D. M. Chipman,  D. L. Crittenden,  H. Dachsel,  
 R. A. DiStasio Jr.,  R. J. Doerksen,  A. D. Dutoi,  L. Fusti-Molnar,  
 W. A. Goddard III,  A. Golubeva-Zadorozhnaya,  S. R. Gwaltney,  G. Hawkins,  
 A. Heyden,  S. Hirata,  G. Kedziora,  F. J. Keil,  C. Kelley,  Jihan Kim,  
 R. A. King,  R. Z. Khaliullin,  P. P. Korambath,  W. Kurlancheek,  
 A. M. Lee,  M. S. Lee,  S. V. Levchenko,  Ching Yeh Lin,  D. Liotard,  
 R. C. Lochan,  I. Lotan,  P. E. Maslen,  N. Nair,  D. P. O'Neill,  
 D. Neuhauser,  E. Neuscamman,  C. M. Oana,  R. Olson,  B. Peters,  
 R. Peverati,  P. A. Pieniazek,  Y. M. Rhee,  J. Ritchie,  M. A. Rohrdanz,  
 E. Rosta,  N. J. Russ,  H. F. Schaefer III,  N. E. Schultz,  N. Shenvi,  
 A. C. Simmonett,  A. Sodt,  D. Stuck,  K. S. Thanthiriwatte,  V. Vanovschi,  
 Tao Wang,  A. Warshel,  C. F. Williams,  Q. Wu,  X. Xu,  W. Zhang

 Please cite Q-Chem as follows:
 Y. Shao et al., Mol. Phys. 113, 184-215 (2015)
 DOI: 10.1080/00268976.2014.952696

 Q-Chem 5.0.1 for Intel X86 EM64T Linux

 Parts of Q-Chem use Armadillo 5.200.1 (Boston Tea Smuggler).
 http://arma.sourceforge.net/

 Q-Chem begins on Tue Jan  8 07:07:23 2019  

Host: 32512

     Scratch files written to /scratch/mewes/142928/qchem27293//
 Parallel job on  1  processors
The previous job contains 0 fragments, simply inherited here

Checking the input file for inconsistencies... 	...done.

--------------------------------------------------------------
User input:
--------------------------------------------------------------
$rem
threads 8
jobtype	sp
method PBEh-3c
basis def2-mSVP
mem_static	1024
mem_total	14000
sym_ignore	true
cis_n_roots             6
cis_singlets            true
cis_triplets		true
rpa                     false
calc_soc 		true
cis_moments             true
cis_relaxed_density	true
$end


$molecule
read gsopt_2_b.mol
$end

--------------------------------------------------------------
 Adding empirical dispersion correction 
 ----------------------------------------------------------------
 Doing -D3(BJ) with
 s6 =   1.00000
 s8 =   0.00000
 a1 =   0.48600
 a2 =   4.50000
 -D3 energy including 3body term =     -0.0772837760 hartrees
 ----------------------------------------------------------------
 Adding gCP correction 
 ----------------------------------------------------------------
 gCP energy =      0.1091528458 hartrees
 ----------------------------------------------------------------
             Standard Nuclear Orientation (Angstroms)
    I     Atom           X                Y                Z
 ----------------------------------------------------------------
    1      N       0.0000000000     0.0000000000     0.0000000000
    2      C       0.0000000000     0.0000000000     1.3972170000
    3      C       1.1853310448     0.0000000000     2.1324699066
    4      H       2.1434013838     0.0456723931     1.6350154542
    5      C       1.1498993600    -0.0641402118     3.5144796748
    6      H       2.0804799312    -0.0682369615     4.0670883133
    7      C      -0.0606202236    -0.1375983907     4.1798316062
    8      H      -0.0942673936    -0.2066733967     5.2586600023
    9      C      -1.2369064783    -0.0964291797     3.4469744656
   10      H      -2.1776923465    -0.1222584622     3.9785673183
   11      C      -1.2332327504     0.0013713327     2.0629134161
   12      C      -1.0972127828    -0.5315500756    -0.6865354114
   13      C      -0.9515977960    -1.0766639370    -1.9612072762
   14      H       0.0074356546    -1.0611059005    -2.4598592424
   15      C      -2.0358891350    -1.6550133696    -2.5964941022
   16      H      -1.9064222060    -2.0764051405    -3.5847845840
   17      C      -3.2662096216    -1.7100829750    -1.9656403301
   18      H      -4.1129205193    -2.1768159563    -2.4504485097
   19      C      -3.4096809783    -1.1459526201    -0.7070481265
   20      H      -4.3810507063    -1.1794069112    -0.2334061456
   21      C      -2.3484727904    -0.5287939037    -0.0597529066
   22      C       1.2147351722     0.1836950928    -0.7050180874
   23      C       1.4142412119     1.3681476889    -1.3865337013
   24      H       0.6227075111     2.1022091914    -1.3418330013
   25      C       2.1859250964    -0.8052174365    -0.7528074410
   26      H       2.0345922266    -1.7472629265    -0.2413749824
   27      C       3.3529044660    -0.5536259341    -1.4443682548
   28      H       4.1326192245    -1.3059506588    -1.4542845634
   29      C       3.5668129250     0.6398965801    -2.1331796223
   30      C       2.5693970222     1.6168929356    -2.1300894539
   31      C       4.9096599812     0.8492401016    -2.7652044807
   32      H       5.5601030869     0.0198343279    -2.4836530808
   33      H       4.8595527339     0.8310132398    -3.8582437720
   34      C      -2.4833050256     0.2407687353     1.2386098650
   35      C      -3.7556884924    -0.1202787881     1.9956613091
   36      H      -4.6391810436     0.0973213997     1.3962325211
   37      H      -3.8537751368     0.4776367606     2.9012958393
   38      H      -3.7813018859    -1.1742151861     2.2755835963
   39      C       5.5344180577     2.1638868022    -2.3006729687
   40      H       6.6225415648     2.0849764032    -2.3253462316
   41      H       5.2692107480     2.3429331357    -1.2549232316
   42      C       5.1200676752     3.3109141724    -3.1731041835
   43      C       6.1354835039     4.1159862222    -3.6882149088
   44      H       7.1578087603     3.9232696822    -3.3890814089
   45      C       5.8886201245     5.1413191076    -4.5806666061
   46      C       3.7978785982     3.5532979852    -3.5522558868
   47      C       3.5582503622     4.5796143818    -4.4710165337
   48      H       2.5481117488     4.7796550442    -4.7997855197
   49      C       4.5694183118     5.3664915605    -4.9891122023
   50      C       6.9716835635     5.9242704732    -5.0760720795
   51      N       7.8646784788     6.5406751059    -5.4598215940
   52      C       4.2576187429     6.3895849427    -5.9317446813
   53      N       3.9935118922     7.2094980821    -6.6947525813
   54      C       2.5322245554     2.8692633754    -3.0173605531
   55      C       1.7218131269     3.9630947276    -2.3397598505
   56      C       2.0691515738     4.6836769553    -1.2173109436
   57      H       3.0124354887     4.5082464094    -0.7143456007
   58      C       1.1769938087     5.6348893473    -0.7417510834
   59      H       1.4252337363     6.2127697230     0.1382600331
   60      C      -0.0351527164     5.8497017789    -1.3891826059
   61      H      -0.7183173220     6.5957809685    -1.0062546358
   62      C      -0.3802835621     5.1210120898    -2.5186092529
   63      H      -1.3270870088     5.2953855946    -3.0132429037
   64      C       0.5082530359     4.1695841915    -2.9941272356
   65      C       0.4320207638     3.2526629955    -4.1308273584
   66      C      -0.5528275137     3.0464318746    -5.0846443154
   67      H      -1.4735047653     3.6150796578    -5.0672197795
   68      C      -0.3400895480     2.0930085209    -6.0700119205
   69      H      -1.1002275719     1.9214293832    -6.8201915166
   70      C       0.8373582224     1.3539908957    -6.1067826762
   71      H       0.9844899245     0.6161072562    -6.8841854996
   72      C       1.8242238370     1.5568803212    -5.1521529516
   73      H       2.7400035175     0.9784159658    -5.1748383792
   74      C       1.6081538098     2.5059791915    -4.1742392710
   75      C      -2.5330958644     1.7439834992     0.8945923853
   76      H      -1.6397519353     2.0669097492     0.3601743222
   77      H      -2.6081168678     2.3393800476     1.8060648838
   78      H      -3.3969702314     1.9610609842     0.2640789205
 ----------------------------------------------------------------
 Nuclear Repulsion Energy =  5548.2907498859 hartrees
 There are      158 alpha and      158 beta electrons
 Requested basis set is def2-mSVP
 There are 391 shells and 767 basis functions

 Total QAlloc Memory Limit  14000 MB
 Mega-Array Size      1001 MB
 MEM_STATIC part      1024 MB
 A cutoff of  1.0D-11 yielded  35352 shell pairs
 There are    141826 function pairs (    156526 Cartesian)
 
 -------------------------------------------------------
 OpenMP Integral Computing Module                       
 Release: version 1.0, May 2013, Q-Chem Inc. Pittsburgh 
 -------------------------------------------------------
 Integral Job Info:
 Integral job number is                      11
 Integral operator is                         1
 short-range coefficients                     0
 long-range coefficients              100000000
 Omega coefficients                           0
 if combine SR and LR in K                    0
 Integral screening is                        0
 Integral computing path is                   2
 max size of driver memory is            800000
 size of driver memory is                593474
 size of scratch memory is              1809772
 max col of scratch BK array               1296
 max len of scratch array in speh3          155
 max len of scratch index in speh4           18
 max int batch size is                      520
 min int batch size is                       52
 fixed nKL is                                52
 max L of basis functions is                  2
 order of int derivative is                   0
 number of shells is                        391
 number of basis is                         814
 number of cartesian basis is               814
 number of contracted shell pairs         35352
 number of primitive shell pairs          73697
 maxK2 (contraction) of shell pair           25
 max number of K2 of shell pair               1
 max number of CS2 of shell pair           8433
 max number of PS2 of shell pair          13065
 mem total for path MDJ                  387080
 -------------------------------------------------------
 Smallest overlap matrix eigenvalue = 2.55E-04

 Scale SEOQF with 1.000000e-02/1.000000e-02/1.000000e-02

 Standard Electronic Orientation quadrupole field applied
 Nucleus-field energy     =    -0.0000000032 hartrees
 Guess from superposition of atomic densities
 Warning:  Energy on first SCF cycle will be non-variational
 A restricted hybrid HF-DFT SCF calculation will be
 performed using Pulay DIIS extrapolation
 Exchange:     0.4200 Hartree-Fock + 0.5800 PBEh-3c
 Correlation:  1.0000 PBEh-3c
 Using SG-1 standard quadrature grid
 Dispersion:   Grimme D3
 SCF converges when DIIS error is below 1.0E-08
 using 8 threads for integral computing
 -------------------------------------------------------
 OpenMP Integral computing Module                
 Release: version 1.0, May 2013, Q-Chem Inc. Pittsburgh 
 -------------------------------------------------------
 ---------------------------------------
  Cycle       Energy         DIIS Error
 ---------------------------------------
    1   -1871.4563065642      3.06E-02
    2   -1855.1144422602      2.27E-03
    3   -1855.0370797357      2.69E-03
    4   -1855.4760250470      8.82E-04
    5   -1855.5268936613      2.18E-04
    6   -1855.5296202591      8.85E-05
    7   -1855.5301355751      2.34E-05
    8   -1855.5301747404      8.56E-06
    9   -1855.5301802151      2.25E-06
   10   -1855.5301805463      9.98E-07
   11   -1855.5301806185      3.67E-07
   12   -1855.5301806383      1.38E-07
   13   -1855.5301806400      5.63E-08
   14   -1855.5301806406      1.98E-08
   15   -1855.5301806233      7.62E-09 Convergence criterion met
 ---------------------------------------
 SCF time:  CPU 2338.56 s  wall 655.92 s
 SCF   energy in the final basis set = -1855.53018062
 Total energy in the final basis set = -1855.53018062
 
 Direct TDDFT/TDA calculation will be performed
 Exchange:     0.4200 Hartree-Fock + 0.5800 PBEh-3c
 Correlation:  1.0000 PBEh-3c
 Using SG-1 standard quadrature grid
 Dispersion:   Grimme D3
 Triplet excitation energies requested
 Singlet excitation energies requested
 CIS energy converged when residual is below 10e- 6
 ---------------------------------------------------
 Iter    Rts Conv    Rts Left    Ttl Dev     Max Dev
 ---------------------------------------------------
   1         0           6      0.000170    0.000054
   2         0           6      0.000258    0.000094
   3         0           6      0.000196    0.000050
   4         0           6      0.000289    0.000069
   5         0           6      0.000275    0.000070
   6         0           6      0.000203    0.000062
   7         0           6      0.000110    0.000029
   8         0           6      0.000064    0.000016
   9         0           6      0.000040    0.000013
  10         0           6      0.000025    0.000010
  11         3           3      0.000025    0.000018
  12         4           2      0.000012    0.000009
  13         5           1      0.000006    0.000004
  14         5           1      0.000004    0.000002
  15         5           1      0.000003    0.000001
  16         6           0      0.000002    0.000000    Roots Converged
 ---------------------------------------------------
 Triplets done: starting singlet calculation
 ---------------------------------------------------
 Iter    Rts Conv    Rts Left    Ttl Dev     Max Dev
 ---------------------------------------------------
  17         0           6      0.000240    0.000106
  18         0           6      0.000348    0.000177
  19         0           6      0.000137    0.000052
  20         1           5      0.000068    0.000023
  21         1           5      0.000036    0.000012
  22         1           5      0.000024    0.000011
  23         2           4      0.000016    0.000008
  24         3           3      0.000010    0.000005
  25         5           1      0.000006    0.000003
  26         5           1      0.000003    0.000001
  27         6           0      0.000003    0.000001    Roots Converged
 ---------------------------------------------------
 
 ---------------------------------------------------
         TDDFT/TDA Excitation Energies              
 ---------------------------------------------------

 Excited state   1: excitation energy (eV) =    3.3895
 Total energy for state  1:                 -1855.40561745 au
    Multiplicity: Triplet
    Trans. Mom.:  0.0000 X   0.0000 Y   0.0000 Z
    Strength   :     0.0000000000
    D(157) --> V(  2) amplitude =  0.5116
    D(157) --> V(  3) amplitude = -0.6168

 Excited state   2: excitation energy (eV) =    3.4650
 Total energy for state  2:                 -1855.40284282 au
    Multiplicity: Triplet
    Trans. Mom.:  0.0000 X   0.0000 Y   0.0000 Z
    Strength   :     0.0000000000
    D(148) --> V(  1) amplitude =  0.2884
    D(149) --> V(  1) amplitude =  0.2771
    D(149) --> V(  2) amplitude =  0.2443
    D(150) --> V(  1) amplitude =  0.4697
    D(152) --> V(  1) amplitude =  0.4573
    D(157) --> V(  1) amplitude =  0.2642
    D(157) --> V(  3) amplitude = -0.2452

 Excited state   3: excitation energy (eV) =    3.7505
 Total energy for state  3:                 -1855.39235274 au
    Multiplicity: Triplet
    Trans. Mom.:  0.0000 X   0.0000 Y   0.0000 Z
    Strength   :     0.0000000000
    D(155) --> V( 10) amplitude =  0.2442
    D(156) --> V(  7) amplitude =  0.2336
    D(158) --> V(  8) amplitude = -0.6350
    D(158) --> V(  9) amplitude = -0.4833

 Excited state   4: excitation energy (eV) =    3.8737
 Total energy for state  4:                 -1855.38782457 au
    Multiplicity: Triplet
    Trans. Mom.:  0.0000 X   0.0000 Y   0.0000 Z
    Strength   :     0.0000000000
    D(151) --> V(  6) amplitude = -0.2924
    D(152) --> V(  4) amplitude =  0.2640
    D(153) --> V(  4) amplitude = -0.3521
    D(154) --> V(  5) amplitude = -0.2327
    D(157) --> V(  4) amplitude = -0.2124
    D(158) --> V(  4) amplitude = -0.2444

 Excited state   5: excitation energy (eV) =    3.9459
 Total energy for state  5:                 -1855.38516996 au
    Multiplicity: Triplet
    Trans. Mom.:  0.0000 X   0.0000 Y   0.0000 Z
    Strength   :     0.0000000000
    D(158) --> V(  1) amplitude =  0.9911

 Excited state   6: excitation energy (eV) =    3.9462
 Total energy for state  6:                 -1855.38516144 au
    Multiplicity: Singlet
    Trans. Mom.:  0.0162 X   0.0264 Y  -0.0213 Z
    Strength   :     0.0001369935
    D(158) --> V(  1) amplitude =  0.9969

 Excited state   7: excitation energy (eV) =    4.0326
 Total energy for state  7:                 -1855.38198420 au
    Multiplicity: Triplet
    Trans. Mom.:  0.0000 X   0.0000 Y   0.0000 Z
    Strength   :     0.0000000000
    D(154) --> V(  8) amplitude =  0.2260
    D(155) --> V(  7) amplitude = -0.3511
    D(156) --> V(  8) amplitude =  0.2253
    D(156) --> V( 10) amplitude = -0.2618
    D(158) --> V( 11) amplitude =  0.5044
    D(158) --> V( 12) amplitude = -0.2379

 Excited state   8: excitation energy (eV) =    4.2283
 Total energy for state  8:                 -1855.37479283 au
    Multiplicity: Singlet
    Trans. Mom.:  0.1687 X  -0.0146 Y   0.0110 Z
    Strength   :     0.0029843011
    D(158) --> V(  2) amplitude =  0.7134
    D(158) --> V(  3) amplitude = -0.3117
    D(158) --> V(  4) amplitude = -0.5037
    D(158) --> V(  5) amplitude = -0.3457

 Excited state   9: excitation energy (eV) =    4.2970
 Total energy for state  9:                 -1855.37226771 au
    Multiplicity: Singlet
    Trans. Mom.: -0.2185 X  -0.1539 Y   0.1571 Z
    Strength   :     0.0101191116
    D(158) --> V(  2) amplitude =  0.3906
    D(158) --> V(  3) amplitude = -0.3234
    D(158) --> V(  4) amplitude =  0.7251
    D(158) --> V(  6) amplitude = -0.4070

 Excited state  10: excitation energy (eV) =    4.4789
 Total energy for state 10:                 -1855.36558407 au
    Multiplicity: Singlet
    Trans. Mom.:  0.7705 X   0.3390 Y  -0.1844 Z
    Strength   :     0.0814964196
    D(157) --> V(  1) amplitude =  0.9732

 Excited state  11: excitation energy (eV) =    4.5739
 Total energy for state 11:                 -1855.36209260 au
    Multiplicity: Singlet
    Trans. Mom.: -0.0234 X  -0.0342 Y   0.0258 Z
    Strength   :     0.0002669400
    D(158) --> V(  2) amplitude =  0.2888
    D(158) --> V(  3) amplitude =  0.8681
    D(158) --> V(  5) amplitude = -0.2877
    D(158) --> V(  6) amplitude = -0.2543

 Excited state  12: excitation energy (eV) =    4.7258
 Total energy for state 12:                 -1855.35651141 au
    Multiplicity: Singlet
    Trans. Mom.:  0.0623 X  -0.0615 Y   0.0795 Z
    Strength   :     0.0016179654
    D(158) --> V(  2) amplitude = -0.4967
    D(158) --> V(  5) amplitude = -0.6048
    D(158) --> V(  6) amplitude = -0.5444
 
 ---------------------------------------------------
 Calculating Relaxed Density
 ---------------------------------------------------
 Iter    Rts Conv    Rts Left    Ttl Dev     Max Dev
 ---------------------------------------------------
   1         0           6      0.000538    0.000324
   2         0           6      0.000179    0.000096
   3         0           6      0.000046    0.000025
   4         0           6      0.000014    0.000007
   5         5           1      0.000002    0.000002
   6         6           0      0.000000    0.000000    Roots Converged
 ---------------------------------------------------
 Triplets done- using as guess for singlets
 ---------------------------------------------------
 Iter    Rts Conv    Rts Left    Ttl Dev     Max Dev
 ---------------------------------------------------
   1         0           6      0.001456    0.000322
   2         0           6      0.000462    0.000103
   3         0           6      0.000122    0.000026
   4         0           6      0.000045    0.000009
   5         0           6      0.000014    0.000003
   6         6           0      0.000000    0.000000    Roots Converged
 ---------------------------------------------------
  SETman timing summary (seconds)
  CPU time             21813.27s
  System time              0.05s
  Wall time             3273.23s



*********SPIN-ORBIT COUPLING JOB BEGINS HERE*********


=======================================================================================
    SPIN-ORBIT COUPLING BETWEEN THE SINGLET GROUND STATE AND EXCITED TRIPLET STATE
=======================================================================================

SOC between the singlet ground state and excited triplet states (ms=0):
T1(ms=0)      0.000000  +  0.077719i    cm-1
T2(ms=0)      0.000000  +  -0.616353i    cm-1
T3(ms=0)      0.000000  +  1.047641i    cm-1
T4(ms=0)      0.000000  +  0.363833i    cm-1
T5(ms=0)      0.000000  +  0.174791i    cm-1
T6(ms=0)      0.000000  +  0.032270i    cm-1
SOC between the singlet ground state and excited triplet states (ms=1):
T1(ms=1)      0.679489  + (0.570389i)    cm-1
T2(ms=1)      -0.001144  + (-0.092328i)    cm-1
T3(ms=1)      -0.802837  + (-0.566747i)    cm-1
T4(ms=1)      1.009126  + (-0.474567i)    cm-1
T5(ms=1)      -0.390631  + (0.368881i)    cm-1
T6(ms=1)      -0.473761  + (-0.087729i)    cm-1
SOC between the singlet ground state and excited triplet states (ms=-1):
T1(ms=-1)     0.679489  - (0.570389i)    cm-1
T2(ms=-1)     -0.001144  - (-0.092328i)    cm-1
T3(ms=-1)     -0.802837  - (-0.566747i)    cm-1
T4(ms=-1)     1.009126  - (-0.474567i)    cm-1
T5(ms=-1)     -0.390631  - (0.368881i)    cm-1
T6(ms=-1)     -0.473761  - (-0.087729i)    cm-1
Total SOC between the singlet ground state and excited triplet states:
T1      1.257035    cm-1
T2      0.630033    cm-1
T3      1.740417    cm-1
T4      1.618478    cm-1
T5      0.779669    cm-1
T6      0.682153    cm-1




=======================================================================================
                     SPIN-ORBIT COUPLING BETWEEN EXCITED TRIPLET STATES
=======================================================================================

SOC between the T1 (ms=0) state and excited triplet states (ms=1):
T2(ms=1)      -0.206055  + (0.269653i)    cm-1
T3(ms=1)      -0.029057  + (0.018165i)    cm-1
T4(ms=1)      0.302696  + (-0.291002i)    cm-1
T5(ms=1)      -0.059768  + (0.083746i)    cm-1
T6(ms=1)      0.046405  + (-0.020019i)    cm-1
SOC between the T1 (ms=0) state and excited triplet states (ms=-1):
T2(ms=-1)     0.206055  + (0.269653i)    cm-1
T3(ms=-1)     0.029057  + (0.018165i)    cm-1
T4(ms=-1)     -0.302696  + (-0.291002i)    cm-1
T5(ms=-1)     0.059768  + (0.083746i)    cm-1
T6(ms=-1)     -0.046405  + (-0.020019i)    cm-1
SOC between the T1 (ms=1) state and excited triplet states (ms=0):
T2(ms=0)      0.206055  + (0.269653i)    cm-1
T3(ms=0)      0.029057  + (0.018165i)    cm-1
T4(ms=0)      -0.302696  + (-0.291002i)    cm-1
T5(ms=0)      0.059768  + (0.083746i)    cm-1
T6(ms=0)      -0.046405  + (-0.020019i)    cm-1
SOC between the T1 (ms=1) state and excited triplet states (ms=1):
T2(ms=1)      0.000000  + (0.310944i)    cm-1
T3(ms=1)      0.000000  + (-0.015179i)    cm-1
T4(ms=1)      0.000000  + (0.243693i)    cm-1
T5(ms=1)      0.000000  + (0.043205i)    cm-1
T6(ms=1)      0.000000  + (0.065589i)    cm-1
SOC between the T1 (ms=-1) state and excited triplet states (ms=0):
T2(ms=0)      -0.206055  + (0.269653i)    cm-1
T3(ms=0)      -0.029057  + (0.018165i)    cm-1
T4(ms=0)      0.302696  + (-0.291002i)    cm-1
T5(ms=0)      -0.059768  + (0.083746i)    cm-1
T6(ms=0)      0.046405  + (-0.020019i)    cm-1
SOC between the T1 (ms=-1) state and excited triplet states (ms=-1):
T2(ms=-1)     0.000000  + (-0.310944i)    cm-1
T3(ms=-1)     0.000000  + (0.015179i)    cm-1
T4(ms=-1)     0.000000  + (-0.243693i)    cm-1
T5(ms=-1)     0.000000  + (-0.043205i)    cm-1
T6(ms=-1)     0.000000  + (-0.065589i)    cm-1
Total SOC between the T1 state and excited triplet states:
T2      0.808738    cm-1
T3      0.071818    cm-1
T4      0.907746    cm-1
T5      0.214652    cm-1
T6      0.137189    cm-1



SOC between the T2 (ms=0) state and excited triplet states (ms=1):
T3(ms=1)      -0.006396  + (0.001976i)    cm-1
T4(ms=1)      0.104935  + (-0.067975i)    cm-1
T5(ms=1)      0.007043  + (-0.114716i)    cm-1
T6(ms=1)      0.041616  + (-0.003495i)    cm-1
SOC between the T2 (ms=0) state and excited triplet states (ms=-1):
T3(ms=-1)     0.006396  + (0.001976i)    cm-1
T4(ms=-1)     -0.104935  + (-0.067975i)    cm-1
T5(ms=-1)     -0.007043  + (-0.114716i)    cm-1
T6(ms=-1)     -0.041616  + (-0.003495i)    cm-1
SOC between the T2 (ms=1) state and excited triplet states (ms=0):
T3(ms=0)      0.006396  + (0.001976i)    cm-1
T4(ms=0)      -0.104935  + (-0.067975i)    cm-1
T5(ms=0)      -0.007043  + (-0.114716i)    cm-1
T6(ms=0)      -0.041616  + (-0.003495i)    cm-1
SOC between the T2 (ms=1) state and excited triplet states (ms=1):
T3(ms=1)      0.000000  + (-0.010063i)    cm-1
T4(ms=1)      0.000000  + (0.103802i)    cm-1
T5(ms=1)      0.000000  + (-0.093722i)    cm-1
T6(ms=1)      0.000000  + (0.086183i)    cm-1
SOC between the T2 (ms=-1) state and excited triplet states (ms=0):
T3(ms=0)      -0.006396  + (0.001976i)    cm-1
T4(ms=0)      0.104935  + (-0.067975i)    cm-1
T5(ms=0)      0.007043  + (-0.114716i)    cm-1
T6(ms=0)      0.041616  + (-0.003495i)    cm-1
SOC between the T2 (ms=-1) state and excited triplet states (ms=-1):
T3(ms=-1)     0.000000  + (0.010063i)    cm-1
T4(ms=-1)     0.000000  + (-0.103802i)    cm-1
T5(ms=-1)     0.000000  + (0.093722i)    cm-1
T6(ms=-1)     0.000000  + (-0.086183i)    cm-1
Total SOC between the T2 state and excited triplet states:
T3      0.019539    cm-1
T4      0.289961    cm-1
T5      0.265340    cm-1
T6      0.147755    cm-1



SOC between the T3 (ms=0) state and excited triplet states (ms=1):
T4(ms=1)      0.185626  + (0.147334i)    cm-1
T5(ms=1)      0.067376  + (0.062997i)    cm-1
T6(ms=1)      -0.094888  + (-0.846416i)    cm-1
SOC between the T3 (ms=0) state and excited triplet states (ms=-1):
T4(ms=-1)     -0.185626  + (0.147334i)    cm-1
T5(ms=-1)     -0.067376  + (0.062997i)    cm-1
T6(ms=-1)     0.094888  + (-0.846416i)    cm-1
SOC between the T3 (ms=1) state and excited triplet states (ms=0):
T4(ms=0)      -0.185626  + (0.147334i)    cm-1
T5(ms=0)      -0.067376  + (0.062997i)    cm-1
T6(ms=0)      0.094888  + (-0.846416i)    cm-1
SOC between the T3 (ms=1) state and excited triplet states (ms=1):
T4(ms=1)      0.000000  + (0.313128i)    cm-1
T5(ms=1)      0.000000  + (-0.070665i)    cm-1
T6(ms=1)      0.000000  + (0.350466i)    cm-1
SOC between the T3 (ms=-1) state and excited triplet states (ms=0):
T4(ms=0)      0.185626  + (0.147334i)    cm-1
T5(ms=0)      0.067376  + (0.062997i)    cm-1
T6(ms=0)      -0.094888  + (-0.846416i)    cm-1
SOC between the T3 (ms=-1) state and excited triplet states (ms=-1):
T4(ms=-1)     0.000000  + (-0.313128i)    cm-1
T5(ms=-1)     0.000000  + (0.070665i)    cm-1
T6(ms=-1)     0.000000  + (-0.350466i)    cm-1
Total SOC between the T3 state and excited triplet states:
T4      0.648657    cm-1
T5      0.209810    cm-1
T6      1.774078    cm-1



SOC between the T4 (ms=0) state and excited triplet states (ms=1):
T5(ms=1)      -0.382435  + (-0.024535i)    cm-1
T6(ms=1)      -0.284005  + (0.068359i)    cm-1
SOC between the T4 (ms=0) state and excited triplet states (ms=-1):
T5(ms=-1)     0.382435  + (-0.024535i)    cm-1
T6(ms=-1)     0.284005  + (0.068359i)    cm-1
SOC between the T4 (ms=1) state and excited triplet states (ms=0):
T5(ms=0)      0.382435  + (-0.024535i)    cm-1
T6(ms=0)      0.284005  + (0.068359i)    cm-1
SOC between the T4 (ms=1) state and excited triplet states (ms=1):
T5(ms=1)      0.000000  + (0.341292i)    cm-1
T6(ms=1)      0.000000  + (0.035747i)    cm-1
SOC between the T4 (ms=-1) state and excited triplet states (ms=0):
T5(ms=0)      -0.382435  + (-0.024535i)    cm-1
T6(ms=0)      -0.284005  + (0.068359i)    cm-1
SOC between the T4 (ms=-1) state and excited triplet states (ms=-1):
T5(ms=-1)     0.000000  + (-0.341292i)    cm-1
T6(ms=-1)     0.000000  + (-0.035747i)    cm-1
Total SOC between the T4 state and excited triplet states:
T5      0.905756    cm-1
T6      0.586415    cm-1



SOC between the T5 (ms=0) state and excited triplet states (ms=1):
T6(ms=1)      -0.247773  + (0.013364i)    cm-1
SOC between the T5 (ms=0) state and excited triplet states (ms=-1):
T6(ms=-1)     0.247773  + (0.013364i)    cm-1
SOC between the T5 (ms=1) state and excited triplet states (ms=0):
T6(ms=0)      0.247773  + (0.013364i)    cm-1
SOC between the T5 (ms=1) state and excited triplet states (ms=1):
T6(ms=1)      0.000000  + (0.196404i)    cm-1
SOC between the T5 (ms=-1) state and excited triplet states (ms=0):
T6(ms=0)      -0.247773  + (0.013364i)    cm-1
SOC between the T5 (ms=-1) state and excited triplet states (ms=-1):
T6(ms=-1)     0.000000  + (-0.196404i)    cm-1
Total SOC between the T5 state and excited triplet states:
T6      0.568708    cm-1







=======================================================================================
         SPIN-ORBIT COUPLING BETWEEN EXCITED SINGLET STATES AND TRIPLET STATES
=======================================================================================

SOC between the S1 state and excited triplet states (ms=0):
T1(ms=0)      0.000000  +  -0.049756i    cm-1
T2(ms=0)      0.000000  +  0.081344i    cm-1
T3(ms=0)      0.000000  +  -0.031414i    cm-1
T4(ms=0)      0.000000  +  0.323082i    cm-1
T5(ms=0)      0.000000  +  -0.025815i    cm-1
T6(ms=0)      0.000000  +  -0.169066i    cm-1
SOC between the S1 state and excited triplet states (ms=1):
T1(ms=1)      (0.014633)  + (0.036698i)    cm-1
T2(ms=1)      (0.025689)  + (-0.117958i)    cm-1
T3(ms=1)      (-0.087130)  + (-0.046314i)    cm-1
T4(ms=1)      (0.373385)  + (-0.021613i)    cm-1
T5(ms=1)      (-0.023973)  + (0.001209i)    cm-1
T6(ms=1)      (-0.245946)  + (-0.009402i)    cm-1
SOC between the S1 state and excited triplet states (ms=-1):
T1(ms=-1)    -(0.014633)  + (0.036698i)    cm-1
T2(ms=-1)    -(0.025689)  + (-0.117958i)    cm-1
T3(ms=-1)    -(-0.087130)  + (-0.046314i)    cm-1
T4(ms=-1)    -(0.373385)  + (-0.021613i)    cm-1
T5(ms=-1)    -(-0.023973)  + (0.001209i)    cm-1
T6(ms=-1)    -(-0.245946)  + (-0.009402i)    cm-1
Total SOC between the S1 state and excited triplet states:
T1      0.074816    cm-1
T2      0.189117    cm-1
T3      0.143039    cm-1
T4      0.619797    cm-1
T5      0.042647    cm-1
T6      0.386961    cm-1



SOC between the S2 state and excited triplet states (ms=0):
T1(ms=0)      0.000000  +  0.142028i    cm-1
T2(ms=0)      0.000000  +  0.024007i    cm-1
T3(ms=0)      0.000000  +  0.556549i    cm-1
T4(ms=0)      0.000000  +  0.467514i    cm-1
T5(ms=0)      0.000000  +  -0.229953i    cm-1
T6(ms=0)      0.000000  +  -0.523827i    cm-1
SOC between the S2 state and excited triplet states (ms=1):
T1(ms=1)      (0.050661)  + (-0.030155i)    cm-1
T2(ms=1)      (0.004461)  + (-0.005264i)    cm-1
T3(ms=1)      (-0.136375)  + (-0.124375i)    cm-1
T4(ms=1)      (-0.031134)  + (-0.152910i)    cm-1
T5(ms=1)      (-0.563287)  + (-0.145882i)    cm-1
T6(ms=1)      (0.107783)  + (-0.380520i)    cm-1
SOC between the S2 state and excited triplet states (ms=-1):
T1(ms=-1)    -(0.050661)  + (-0.030155i)    cm-1
T2(ms=-1)    -(0.004461)  + (-0.005264i)    cm-1
T3(ms=-1)    -(-0.136375)  + (-0.124375i)    cm-1
T4(ms=-1)    -(-0.031134)  + (-0.152910i)    cm-1
T5(ms=-1)    -(-0.563287)  + (-0.145882i)    cm-1
T6(ms=-1)    -(0.107783)  + (-0.380520i)    cm-1
Total SOC between the S2 state and excited triplet states:
T1      0.164693    cm-1
T2      0.025915    cm-1
T3      0.614720    cm-1
T4      0.516982    cm-1
T5      0.854415    cm-1
T6      0.766303    cm-1



SOC between the S3 state and excited triplet states (ms=0):
T1(ms=0)      0.000000  +  0.079032i    cm-1
T2(ms=0)      0.000000  +  0.004208i    cm-1
T3(ms=0)      0.000000  +  -0.995370i    cm-1
T4(ms=0)      0.000000  +  0.166922i    cm-1
T5(ms=0)      0.000000  +  1.065608i    cm-1
T6(ms=0)      0.000000  +  0.234648i    cm-1
SOC between the S3 state and excited triplet states (ms=1):
T1(ms=1)      (-0.003826)  + (-0.013100i)    cm-1
T2(ms=1)      (-0.012327)  + (-0.007770i)    cm-1
T3(ms=1)      (0.268731)  + (0.299505i)    cm-1
T4(ms=1)      (-0.040242)  + (0.292239i)    cm-1
T5(ms=1)      (1.055054)  + (-0.010165i)    cm-1
T6(ms=1)      (0.528464)  + (0.168483i)    cm-1
SOC between the S3 state and excited triplet states (ms=-1):
T1(ms=-1)    -(-0.003826)  + (-0.013100i)    cm-1
T2(ms=-1)    -(-0.012327)  + (-0.007770i)    cm-1
T3(ms=-1)    -(0.268731)  + (0.299505i)    cm-1
T4(ms=-1)    -(-0.040242)  + (0.292239i)    cm-1
T5(ms=-1)    -(1.055054)  + (-0.010165i)    cm-1
T6(ms=-1)    -(0.528464)  + (0.168483i)    cm-1
Total SOC between the S3 state and excited triplet states:
T1      0.081355    cm-1
T2      0.021032    cm-1
T3      1.146561    cm-1
T4      0.449343    cm-1
T5      1.833578    cm-1
T6      0.818768    cm-1



SOC between the S4 state and excited triplet states (ms=0):
T1(ms=0)      0.000000  +  0.300741i    cm-1
T2(ms=0)      0.000000  +  -0.140555i    cm-1
T3(ms=0)      0.000000  +  0.002346i    cm-1
T4(ms=0)      0.000000  +  0.092938i    cm-1
T5(ms=0)      0.000000  +  -0.315563i    cm-1
T6(ms=0)      0.000000  +  -0.062045i    cm-1
SOC between the S4 state and excited triplet states (ms=1):
T1(ms=1)      (0.242603)  + (-0.495014i)    cm-1
T2(ms=1)      (0.204198)  + (-0.256116i)    cm-1
T3(ms=1)      (-0.010929)  + (-0.011281i)    cm-1
T4(ms=1)      (0.205451)  + (0.212699i)    cm-1
T5(ms=1)      (-0.196466)  + (0.074174i)    cm-1
T6(ms=1)      (0.108880)  + (0.063513i)    cm-1
SOC between the S4 state and excited triplet states (ms=-1):
T1(ms=-1)    -(0.242603)  + (-0.495014i)    cm-1
T2(ms=-1)    -(0.204198)  + (-0.256116i)    cm-1
T3(ms=-1)    -(-0.010929)  + (-0.011281i)    cm-1
T4(ms=-1)    -(0.205451)  + (0.212699i)    cm-1
T5(ms=-1)    -(-0.196466)  + (0.074174i)    cm-1
T6(ms=-1)    -(0.108880)  + (0.063513i)    cm-1
Total SOC between the S4 state and excited triplet states:
T1      0.835604    cm-1
T2      0.484087    cm-1
T3      0.022337    cm-1
T4      0.428414    cm-1
T5      0.433338    cm-1
T6      0.188751    cm-1



SOC between the S5 state and excited triplet states (ms=0):
T1(ms=0)      0.000000  +  -0.085743i    cm-1
T2(ms=0)      0.000000  +  -0.075314i    cm-1
T3(ms=0)      0.000000  +  -0.109626i    cm-1
T4(ms=0)      0.000000  +  0.339056i    cm-1
T5(ms=0)      0.000000  +  0.932835i    cm-1
T6(ms=0)      0.000000  +  -0.181251i    cm-1
SOC between the S5 state and excited triplet states (ms=1):
T1(ms=1)      (-0.043645)  + (0.034534i)    cm-1
T2(ms=1)      (-0.051608)  + (0.025019i)    cm-1
T3(ms=1)      (0.075619)  + (-0.011671i)    cm-1
T4(ms=1)      (-0.211909)  + (0.274432i)    cm-1
T5(ms=1)      (0.071233)  + (-0.624982i)    cm-1
T6(ms=1)      (0.371858)  + (-0.334250i)    cm-1
SOC between the S5 state and excited triplet states (ms=-1):
T1(ms=-1)    -(-0.043645)  + (0.034534i)    cm-1
T2(ms=-1)    -(-0.051608)  + (0.025019i)    cm-1
T3(ms=-1)    -(0.075619)  + (-0.011671i)    cm-1
T4(ms=-1)    -(-0.211909)  + (0.274432i)    cm-1
T5(ms=-1)    -(0.071233)  + (-0.624982i)    cm-1
T6(ms=-1)    -(0.371858)  + (-0.334250i)    cm-1
Total SOC between the S5 state and excited triplet states:
T1      0.116391    cm-1
T2      0.110684    cm-1
T3      0.154035    cm-1
T4      0.596150    cm-1
T5      1.289005    cm-1
T6      0.729968    cm-1



SOC between the S6 state and excited triplet states (ms=0):
T1(ms=0)      0.000000  +  -0.024927i    cm-1
T2(ms=0)      0.000000  +  0.048981i    cm-1
T3(ms=0)      0.000000  +  -0.219593i    cm-1
T4(ms=0)      0.000000  +  0.726972i    cm-1
T5(ms=0)      0.000000  +  -0.411126i    cm-1
T6(ms=0)      0.000000  +  -0.884944i    cm-1
SOC between the S6 state and excited triplet states (ms=1):
T1(ms=1)      (-0.018733)  + (0.002826i)    cm-1
T2(ms=1)      (0.029103)  + (-0.004076i)    cm-1
T3(ms=1)      (-0.171256)  + (0.067025i)    cm-1
T4(ms=1)      (0.053931)  + (0.134927i)    cm-1
T5(ms=1)      (0.614087)  + (-0.354056i)    cm-1
T6(ms=1)      (0.241032)  + (-0.243526i)    cm-1
SOC between the S6 state and excited triplet states (ms=-1):
T1(ms=-1)    -(-0.018733)  + (0.002826i)    cm-1
T2(ms=-1)    -(0.029103)  + (-0.004076i)    cm-1
T3(ms=-1)    -(-0.171256)  + (0.067025i)    cm-1
T4(ms=-1)    -(0.053931)  + (0.134927i)    cm-1
T5(ms=-1)    -(0.614087)  + (-0.354056i)    cm-1
T6(ms=-1)    -(0.241032)  + (-0.243526i)    cm-1
Total SOC between the S6 state and excited triplet states:
T1      0.036594    cm-1
T2      0.064237    cm-1
T3      0.340386    cm-1
T4      0.755457    cm-1
T5      1.083486    cm-1
T6      1.008925    cm-1






            *********SOC CODE ENDS HERE*********



 
 --------------------------------------------------------------
 
                    Orbital Energies (a.u.)
 --------------------------------------------------------------
 
 Alpha MOs
 -- Occupied --
-14.680 -14.656 -14.653 -10.521 -10.519 -10.509 -10.507 -10.500
-10.499 -10.498 -10.497 -10.492 -10.492 -10.491 -10.490 -10.487
-10.479 -10.476 -10.475 -10.474 -10.474 -10.473 -10.470 -10.469
-10.467 -10.466 -10.466 -10.466 -10.466 -10.465 -10.465 -10.464
-10.464 -10.463 -10.462 -10.452 -10.451 -10.445 -10.444 -10.444
-10.443 -10.443 -10.441 -10.438 -10.437 -10.431 -10.426  -1.093
 -1.042  -1.030  -1.019  -1.003  -0.988  -0.968  -0.961  -0.959
 -0.938  -0.933  -0.912  -0.898  -0.891  -0.885  -0.858  -0.856
 -0.850  -0.846  -0.835  -0.825  -0.820  -0.808  -0.795  -0.773
 -0.772  -0.747  -0.731  -0.726  -0.714  -0.710  -0.704  -0.692
 -0.681  -0.678  -0.673  -0.672  -0.666  -0.646  -0.619  -0.614
 -0.613  -0.611  -0.595  -0.585  -0.581  -0.574  -0.568  -0.560
 -0.541  -0.540  -0.537  -0.533  -0.530  -0.524  -0.522  -0.521
 -0.516  -0.511  -0.505  -0.504  -0.502  -0.501  -0.499  -0.494
 -0.492  -0.490  -0.487  -0.485  -0.475  -0.469  -0.460  -0.452
 -0.448  -0.444  -0.441  -0.439  -0.437  -0.435  -0.434  -0.430
 -0.428  -0.425  -0.424  -0.422  -0.419  -0.417  -0.416  -0.413
 -0.412  -0.404  -0.399  -0.398  -0.397  -0.395  -0.393  -0.379
 -0.374  -0.364  -0.349  -0.339  -0.321  -0.312  -0.309  -0.303
 -0.297  -0.292  -0.288  -0.282  -0.271  -0.231
 -- Virtual --
 -0.061  -0.038  -0.033  -0.021  -0.007   0.000   0.014   0.018
  0.018   0.033   0.047   0.049   0.050   0.071   0.084   0.112
  0.113   0.119   0.127   0.131   0.134   0.138   0.146   0.151
  0.153   0.158   0.160   0.162   0.167   0.170   0.181   0.185
  0.188   0.192   0.194   0.199   0.199   0.202   0.202   0.207
  0.212   0.215   0.219   0.223   0.224   0.227   0.229   0.233
  0.235   0.238   0.239   0.243   0.245   0.247   0.251   0.255
  0.257   0.258   0.259   0.265   0.267   0.270   0.274   0.281
  0.284   0.288   0.292   0.294   0.300   0.305   0.305   0.309
  0.312   0.320   0.328   0.332   0.333   0.346   0.355   0.361
  0.364   0.365   0.370   0.376   0.382   0.386   0.388   0.393
  0.400   0.413   0.416   0.421   0.430   0.433   0.448   0.455
  0.459   0.464   0.471   0.476   0.480   0.483   0.486   0.494
  0.498   0.500   0.504   0.509   0.518   0.520   0.525   0.527
  0.530   0.533   0.534   0.537   0.540   0.545   0.549   0.550
  0.554   0.556   0.559   0.560   0.565   0.566   0.571   0.576
  0.577   0.580   0.581   0.582   0.589   0.590   0.593   0.599
  0.602   0.604   0.607   0.608   0.610   0.613   0.615   0.619
  0.620   0.621   0.623   0.629   0.634   0.636   0.640   0.644
  0.645   0.647   0.648   0.651   0.652   0.657   0.657   0.662
  0.665   0.668   0.673   0.675   0.682   0.685   0.689   0.691
  0.697   0.701   0.704   0.710   0.714   0.718   0.720   0.724
  0.731   0.732   0.737   0.738   0.741   0.743   0.745   0.751
  0.752   0.756   0.764   0.765   0.780   0.783   0.793   0.800
  0.802   0.809   0.814   0.817   0.822   0.829   0.831   0.834
  0.846   0.855   0.861   0.869   0.878   0.890   0.895   0.900
  0.905   0.913   0.915   0.919   0.927   0.931   0.933   0.935
  0.940   0.945   0.950   0.954   0.956   0.964   0.964   0.971
  0.971   0.976   0.978   0.984   0.988   0.992   0.993   0.997
  1.000   1.002   1.004   1.004   1.005   1.016   1.022   1.027
  1.029   1.033   1.039   1.045   1.046   1.050   1.056   1.056
  1.060   1.062   1.064   1.069   1.072   1.080   1.083   1.085
  1.090   1.092   1.094   1.100   1.107   1.109   1.114   1.118
  1.127   1.130   1.133   1.135   1.138   1.145   1.147   1.152
  1.154   1.162   1.165   1.179   1.179   1.186   1.199   1.202
  1.215   1.225   1.230   1.234   1.243   1.248   1.254   1.259
  1.267   1.269   1.276   1.281   1.289   1.291   1.303   1.305
  1.309   1.312   1.313   1.320   1.322   1.336   1.341   1.342
  1.354   1.360   1.367   1.375   1.378   1.380   1.389   1.397
  1.405   1.414   1.415   1.429   1.442   1.451   1.454   1.481
  1.496   1.499   1.502   1.508   1.512   1.513   1.523   1.523
  1.527   1.534   1.534   1.537   1.544   1.551   1.557   1.557
  1.562   1.565   1.568   1.570   1.577   1.581   1.584   1.593
  1.597   1.601   1.609   1.611   1.625   1.634   1.642   1.650
  1.653   1.668   1.684   1.687   1.696   1.703   1.722   1.727
  1.736   1.745   1.758   1.762   1.772   1.780   1.790   1.799
  1.802   1.807   1.808   1.828   1.830   1.839   1.840   1.846
  1.852   1.858   1.859   1.867   1.873   1.876   1.882   1.888
  1.899   1.904   1.907   1.912   1.923   1.928   1.933   1.939
  1.949   1.958   1.962   1.971   1.981   1.987   1.991   1.999
  2.001   2.005   2.008   2.018   2.020   2.027   2.032   2.035
  2.039   2.043   2.045   2.062   2.064   2.066   2.078   2.085
  2.093   2.097   2.102   2.117   2.129   2.138   2.140   2.144
  2.146   2.157   2.160   2.162   2.164   2.171   2.175   2.187
  2.193   2.198   2.200   2.209   2.210   2.222   2.226   2.233
  2.241   2.244   2.246   2.250   2.258   2.266   2.273   2.278
  2.284   2.289   2.291   2.295   2.306   2.312   2.314   2.320
  2.324   2.329   2.338   2.344   2.349   2.354   2.357   2.362
  2.368   2.369   2.375   2.379   2.385   2.386   2.393   2.396
  2.411   2.422   2.428   2.439   2.460   2.468   2.476   2.486
  2.502   2.510   2.520   2.523   2.533   2.544   2.564   2.570
  2.589   2.594   2.595   2.604   2.621   2.629   2.630   2.650
  2.661   2.677   2.684   2.694   2.702   2.707   2.709   2.720
  2.729   2.730   2.734   2.736   2.739   2.742   2.753   2.755
  2.759   2.767   2.773   2.776   2.781   2.793   2.799   2.803
  2.817   2.822   2.831   2.839   2.840   2.851   2.858   2.862
  2.874   2.882   2.891   2.895   2.899   2.914   2.924   2.932
  2.948   2.973   2.978   2.986   3.001   3.003   3.013   3.030
  3.032   3.047   3.080   3.097   3.156   3.224   3.266   3.328
  3.362   3.371   3.382   3.390   3.410   3.498   3.547   3.561
  3.591   3.678  13.190  13.247  13.264  13.323  13.367  13.404
 13.633  13.661  13.663  13.717  13.726  13.733  13.756  13.772
 13.774  13.800  13.811  13.826  13.895  13.914  13.932  14.022
 14.063  14.080  14.123  14.172  14.178  14.183  14.200  14.214
 14.226  14.245  14.250  14.254  14.266  14.297  14.309  14.404
 14.573  14.582  14.585  14.591  14.604  14.623  19.496  19.565
 19.632
 --------------------------------------------------------------
 
          Ground-State Mulliken Net Atomic Charges

     Atom                 Charge (a.u.)
  ----------------------------------------
      1 N                    -0.705973
      2 C                     0.322176
      3 C                    -0.300006
      4 H                     0.244656
      5 C                    -0.232524
      6 H                     0.215058
      7 C                    -0.220088
      8 H                     0.212553
      9 C                    -0.323761
     10 H                     0.213943
     11 C                     0.159448
     12 C                     0.311848
     13 C                    -0.283535
     14 H                     0.245170
     15 C                    -0.235031
     16 H                     0.215435
     17 C                    -0.218415
     18 H                     0.211952
     19 C                    -0.327464
     20 H                     0.212893
     21 C                     0.171690
     22 C                     0.215635
     23 C                    -0.279682
     24 H                     0.262276
     25 C                    -0.244818
     26 H                     0.251186
     27 C                    -0.301809
     28 H                     0.219266
     29 C                     0.084384
     30 C                     0.200522
     31 C                    -0.533709
     32 H                     0.250488
     33 H                     0.248445
     34 C                    -0.232680
     35 C                    -0.664908
     36 H                     0.227776
     37 H                     0.227639
     38 H                     0.238752
     39 C                    -0.526277
     40 H                     0.249034
     41 H                     0.259152
     42 C                     0.083114
     43 C                    -0.320749
     44 H                     0.247115
     45 C                     0.078747
     46 C                     0.243446
     47 C                    -0.277033
     48 H                     0.280926
     49 C                     0.079698
     50 C                    -0.006819
     51 N                    -0.154716
     52 C                    -0.009648
     53 N                    -0.155019
     54 C                    -0.440430
     55 C                     0.073706
     56 C                    -0.255726
     57 H                     0.220093
     58 C                    -0.230060
     59 H                     0.229650
     60 C                    -0.213296
     61 H                     0.229597
     62 C                    -0.328919
     63 H                     0.214823
     64 C                     0.154981
     65 C                     0.148133
     66 C                    -0.325197
     67 H                     0.213352
     68 C                    -0.212820
     69 H                     0.228619
     70 C                    -0.227323
     71 H                     0.227418
     72 C                    -0.267081
     73 H                     0.218264
     74 C                     0.130711
     75 C                    -0.595946
     76 H                     0.238901
     77 H                     0.219973
     78 H                     0.218813
  ----------------------------------------
  Sum of atomic charges =     0.000000

 -----------------------------------------------------------------
                    Cartesian Multipole Moments
 -----------------------------------------------------------------
    Charge (ESU x 10^10)
                 0.0000
    Dipole Moment (Debye)
         X      -2.7323      Y      -5.4545      Z       3.9339
       Tot       7.2589
    Quadrupole Moments (Debye-Ang)
        XX    -277.5565     XY     -54.3613     YY    -327.8363
        XZ      38.5382     YZ      60.8231     ZZ    -300.1094
    Octopole Moments (Debye-Ang^2)
       XXX   -1347.5419    XXY    -906.2376    XYY    -805.4383
       YYY   -2136.2978    XXZ     784.2729    XYZ     378.6004
       YYZ    1003.6203    XZZ    -687.4219    YZZ    -992.2776
       ZZZ    1858.1378
    Hexadecapole Moments (Debye-Ang^3)
      XXXX  -18994.0954   XXXY   -8526.0912   XXYY   -8540.7677
      XYYY   -9213.8652   YYYY  -21241.1326   XXXZ    7692.5893
      XXYZ    4605.1382   XYYZ    4804.1663   YYYZ   10445.3519
      XXZZ   -7785.2910   XYZZ   -4443.0959   YYZZ   -9443.0009
      XZZZ    7742.9626   YZZZ    9586.4862   ZZZZ  -20410.9858
 -----------------------------------------------------------------
 -----------------------------------------------------------------
               TDA Excited-State Multipoles, State  1
 -----------------------------------------------------------------
    Charge (ESU x 10^10)
                 0.0000
    Dipole Moment (Debye)
         X      -2.7548      Y      -5.5050      Z       3.9252
       Tot       7.3008
    Quadrupole Moments (Debye-Ang)
        XX    -278.4188     XY     -54.2023     YY    -328.2619
        XZ      38.4632     YZ      61.0802     ZZ    -299.9690
    Octopole Moments (Debye-Ang^2)
       XXX   -1350.5668    XXY    -909.2996    XYY    -804.2859
       YYY   -2139.3571    XXZ     787.2452    XYZ     377.6403
       YYZ    1006.1370    XZZ    -686.9464    YZZ    -993.8279
       ZZZ    1857.2333
    Hexadecapole Moments (Debye-Ang^3)
      XXXX  -19009.7360   XXXY   -8536.2937   XXYY   -8553.2915
      XYYY   -9207.1081   YYYY  -21262.6751   XXXZ    7701.9289
      XXYZ    4614.9235   XYYZ    4800.1798   YYYZ   10462.8666
      XXZZ   -7797.5053   XYZZ   -4440.0769   YYZZ   -9459.0563
      XZZZ    7740.1164   YZZZ    9594.2141   ZZZZ  -20404.5559
 -----------------------------------------------------------------
 -----------------------------------------------------------------
               TDA Excited-State Multipoles, State  2
 -----------------------------------------------------------------
    Charge (ESU x 10^10)
                 0.0000
    Dipole Moment (Debye)
         X      -3.2782      Y      -5.5841      Z       4.0651
       Tot       7.6455
    Quadrupole Moments (Debye-Ang)
        XX    -281.2831     XY     -56.8715     YY    -328.6916
        XZ      40.7092     YZ      62.5044     ZZ    -300.7120
    Octopole Moments (Debye-Ang^2)
       XXX   -1373.9496    XXY    -922.1600    XYY    -817.8594
       YYY   -2142.6357    XXZ     797.6099    XYZ     390.2118
       YYZ    1015.9194    XZZ    -697.2742    YZZ   -1003.1180
       ZZZ    1861.9900
    Hexadecapole Moments (Debye-Ang^3)
      XXXX  -19176.5393   XXXY   -8632.9840   XXYY   -8612.0683
      XYYY   -9283.3454   YYYY  -21288.0508   XXXZ    7781.8188
      XXYZ    4667.8541   XYYZ    4870.7988   YYYZ   10530.2630
      XXZZ   -7838.6584   XYZZ   -4503.1199   YYZZ   -9524.7815
      XZZZ    7793.9264   YZZZ    9654.1514   ZZZZ  -20431.0990
 -----------------------------------------------------------------
 -----------------------------------------------------------------
               TDA Excited-State Multipoles, State  3
 -----------------------------------------------------------------
    Charge (ESU x 10^10)
                 0.0000
    Dipole Moment (Debye)
         X      -2.4608      Y      -5.1984      Z       3.6808
       Tot       6.8284
    Quadrupole Moments (Debye-Ang)
        XX    -277.8125     XY     -54.6766     YY    -327.3956
        XZ      37.6159     YZ      60.2210     ZZ    -301.4669
    Octopole Moments (Debye-Ang^2)
       XXX   -1341.0578    XXY    -903.1028    XYY    -803.6920
       YYY   -2132.7749    XXZ     781.1867    XYZ     377.9070
       YYZ    1002.6689    XZZ    -685.3440    YZZ    -989.0033
       ZZZ    1851.8579
    Hexadecapole Moments (Debye-Ang^3)
      XXXX  -18981.8333   XXXY   -8521.1505   XXYY   -8531.3427
      XYYY   -9206.5760   YYYY  -21222.2142   XXXZ    7673.4908
      XXYZ    4595.3572   XYYZ    4793.8727   YYYZ   10431.8671
      XXZZ   -7783.0158   XYZZ   -4438.6017   YYZZ   -9435.4299
      XZZZ    7730.2427   YZZZ    9572.3041   ZZZZ  -20423.0120
 -----------------------------------------------------------------
 -----------------------------------------------------------------
               TDA Excited-State Multipoles, State  4
 -----------------------------------------------------------------
    Charge (ESU x 10^10)
                 0.0000
    Dipole Moment (Debye)
         X      -3.6678      Y      -5.9146      Z       4.5987
       Tot       8.3417
    Quadrupole Moments (Debye-Ang)
        XX    -279.9859     XY     -55.2997     YY    -329.8920
        XZ      41.0311     YZ      62.8839     ZZ    -301.2797
    Octopole Moments (Debye-Ang^2)
       XXX   -1370.2576    XXY    -915.7301    XYY    -815.6393
       YYY   -2148.8501    XXZ     795.8978    XYZ     384.8548
       YYZ    1013.1246    XZZ    -697.3550    YZZ   -1002.4346
       ZZZ    1874.9297
    Hexadecapole Moments (Debye-Ang^3)
      XXXX  -19094.5004   XXXY   -8581.3183   XXYY   -8593.8211
      XYYY   -9263.5138   YYYY  -21318.4626   XXXZ    7766.4217
      XXYZ    4652.9707   XYYZ    4849.4642   YYYZ   10504.2849
      XXZZ   -7833.7395   XYZZ   -4479.8235   YYZZ   -9493.5365
      XZZZ    7790.8951   YZZZ    9642.2926   ZZZZ  -20470.5127
 -----------------------------------------------------------------
 -----------------------------------------------------------------
               TDA Excited-State Multipoles, State  5
 -----------------------------------------------------------------
    Charge (ESU x 10^10)
                 0.0000
    Dipole Moment (Debye)
         X     -23.7663      Y     -25.2396      Z      22.6767
       Tot      41.4259
    Quadrupole Moments (Debye-Ang)
        XX    -361.2007     XY    -139.7065     YY    -424.9691
        XZ     121.5711     YZ     151.2285     ZZ    -357.4086
    Octopole Moments (Debye-Ang^2)
       XXX   -2077.6698    XXY   -1474.8759    XYY   -1339.8613
       YYY   -2779.0791    XXZ    1264.3024    XYZ     810.9235
       YYZ    1511.2230    XZZ   -1109.7415    YZZ   -1469.3350
       ZZZ    2397.4855
    Hexadecapole Moments (Debye-Ang^3)
      XXXX  -23340.0518   XXXY  -12142.2532   XXYY  -11735.0324
      XYYY  -12395.1959   YYYY  -25286.0131   XXXZ   10897.2882
      XXYZ    7398.0434   XYYZ    7520.4885   YYYZ   13705.2423
      XXZZ  -10168.0358   XYZZ   -6816.6593   YYZZ  -12254.5136
      XZZZ   10018.8386   YZZZ   12297.4341   ZZZZ  -22789.2350
 -----------------------------------------------------------------
 -----------------------------------------------------------------
               TDA Excited-State Multipoles, State  6
 -----------------------------------------------------------------
    Charge (ESU x 10^10)
                 0.0000
    Dipole Moment (Debye)
         X     -24.0132      Y     -25.4713      Z      22.9001
       Tot      41.8310
    Quadrupole Moments (Debye-Ang)
        XX    -362.1325     XY    -140.6761     YY    -426.0823
        XZ     122.5341     YZ     152.2938     ZZ    -358.1223
    Octopole Moments (Debye-Ang^2)
       XXX   -2086.0922    XXY   -1481.4219    XYY   -1346.0264
       YYY   -2786.5266    XXZ    1269.8230    XYZ     815.8933
       YYZ    1517.1153    XZZ   -1114.6414    YZZ   -1474.9705
       ZZZ    2404.0514
    Hexadecapole Moments (Debye-Ang^3)
      XXXX  -23389.4639   XXXY  -12183.6995   XXYY  -11771.7472
      XYYY  -12431.9592   YYYY  -25332.8020   XXXZ   10934.2582
      XXYZ    7430.3377   XYYZ    7551.9083   YYYZ   13743.1097
      XXZZ  -10195.5404   XYZZ   -6844.0486   YYZZ  -12287.2340
      XZZZ   10045.2184   YZZZ   12329.5331   ZZZZ  -22818.9385
 -----------------------------------------------------------------
 -----------------------------------------------------------------
               TDA Excited-State Multipoles, State  7
 -----------------------------------------------------------------
    Charge (ESU x 10^10)
                 0.0000
    Dipole Moment (Debye)
         X      -3.2707      Y      -5.7724      Z       4.2701
       Tot       7.8900
    Quadrupole Moments (Debye-Ang)
        XX    -279.7194     XY     -55.3572     YY    -329.0506
        XZ      40.6333     YZ      62.2919     ZZ    -301.3146
    Octopole Moments (Debye-Ang^2)
       XXX   -1360.6409    XXY    -913.9135    XYY    -813.1382
       YYY   -2145.8504    XXZ     790.3723    XYZ     383.8473
       YYZ    1011.1406    XZZ    -693.3850    YZZ    -999.1708
       ZZZ    1868.0843
    Hexadecapole Moments (Debye-Ang^3)
      XXXX  -19073.8061   XXXY   -8576.1549   XXYY   -8584.9063
      XYYY   -9255.8754   YYYY  -21299.2779   XXXZ    7747.2332
      XXYZ    4644.9716   XYYZ    4841.4672   YYYZ   10492.3138
      XXZZ   -7825.3173   XYZZ   -4474.7287   YYZZ   -9483.3139
      XZZZ    7778.6819   YZZZ    9627.2955   ZZZZ  -20459.5496
 -----------------------------------------------------------------
 -----------------------------------------------------------------
               TDA Excited-State Multipoles, State  8
 -----------------------------------------------------------------
    Charge (ESU x 10^10)
                -0.0000
    Dipole Moment (Debye)
         X     -12.5765      Y     -14.8111      Z      15.2673
       Tot      24.7109
    Quadrupole Moments (Debye-Ang)
        XX    -291.7803     XY     -66.6949     YY    -365.0156
        XZ      60.5390     YZ      91.9466     ZZ    -322.8159
    Octopole Moments (Debye-Ang^2)
       XXX   -1549.6760    XXY   -1013.2625    XYY    -912.4560
       YYY   -2373.1814    XXZ     880.7154    XYZ     435.7558
       YYZ    1133.0751    XZZ    -778.7696    YZZ   -1138.6474
       ZZZ    2156.4747
    Hexadecapole Moments (Debye-Ang^3)
      XXXX  -19754.9061   XXXY   -9078.8522   XXYY   -9059.6559
      XYYY   -9743.1678   YYYY  -22614.7642   XXXZ    8301.3012
      XXYZ    5080.5826   XYYZ    5232.0140   YYYZ   11200.8270
      XXZZ   -8167.0958   XYZZ   -4784.8591   YYZZ  -10067.5423
      XZZZ    8185.9023   YZZZ   10371.5446   ZZZZ  -21562.1640
 -----------------------------------------------------------------
 -----------------------------------------------------------------
               TDA Excited-State Multipoles, State  9
 -----------------------------------------------------------------
    Charge (ESU x 10^10)
                -0.0000
    Dipole Moment (Debye)
         X     -11.9719      Y     -13.6546      Z      14.2555
       Tot      23.0867
    Quadrupole Moments (Debye-Ang)
        XX    -289.6933     XY     -62.4449     YY    -358.6029
        XZ      57.7972     YZ      86.8513     ZZ    -318.8838
    Octopole Moments (Debye-Ang^2)
       XXX   -1527.6265    XXY    -989.4143    XYY    -886.3231
       YYY   -2337.3602    XXZ     865.9807    XYZ     415.1531
       YYZ    1106.4649    XZZ    -763.2091    YZZ   -1113.0072
       ZZZ    2123.4772
    Hexadecapole Moments (Debye-Ang^3)
      XXXX  -19623.7403   XXXY   -8935.8953   XXYY   -8925.0400
      XYYY   -9598.5076   YYYY  -22401.0590   XXXZ    8204.0854
      XXYZ    4966.4418   XYYZ    5108.3071   YYYZ   11047.3827
      XXZZ   -8090.8155   XYZZ   -4677.4181   YYZZ   -9928.9346
      XZZZ    8099.8389   YZZZ   10232.1519   ZZZZ  -21395.3504
 -----------------------------------------------------------------
 -----------------------------------------------------------------
               TDA Excited-State Multipoles, State 10
 -----------------------------------------------------------------
    Charge (ESU x 10^10)
                 0.0000
    Dipole Moment (Debye)
         X     -14.4020      Y     -10.3929      Z       7.5028
       Tot      19.2801
    Quadrupole Moments (Debye-Ang)
        XX    -352.0686     XY    -120.2601     YY    -363.4560
        XZ      97.3621     YZ     105.6618     ZZ    -316.2210
    Octopole Moments (Debye-Ang^2)
       XXX   -1857.8728    XXY   -1325.4436    XYY   -1191.3212
       YYY   -2392.4851    XXZ    1150.6428    XYZ     728.4976
       YYZ    1325.2493    XZZ    -993.3893    YZZ   -1259.8569
       ZZZ    1953.7552
    Hexadecapole Moments (Debye-Ang^3)
      XXXX  -22458.0902   XXXY  -11330.6752   XXYY  -10983.6106
      XYYY  -11604.1716   YYYY  -23051.7072   XXXZ   10129.0698
      XXYZ    6727.8056   XYYZ    6931.5919   YYYZ   12644.8847
      XXZZ   -9658.6129   XYZZ   -6336.3566   YYZZ  -11397.7741
      XZZZ    9422.6348   YZZZ   11185.6084   ZZZZ  -20850.0709
 -----------------------------------------------------------------
 -----------------------------------------------------------------
               TDA Excited-State Multipoles, State 11
 -----------------------------------------------------------------
    Charge (ESU x 10^10)
                 0.0000
    Dipole Moment (Debye)
         X     -16.9227      Y     -20.9896      Z      19.5372
       Tot      33.2963
    Quadrupole Moments (Debye-Ang)
        XX    -316.0926     XY     -95.6426     YY    -395.4587
        XZ      83.8032     YZ     119.0624     ZZ    -341.3091
    Octopole Moments (Debye-Ang^2)
       XXX   -1747.7893    XXY   -1184.1973    XYY   -1068.9674
       YYY   -2566.3653    XXZ    1017.9320    XYZ     569.9430
       YYZ    1285.3975    XZZ    -901.6338    YZZ   -1276.8730
       ZZZ    2287.9119
    Hexadecapole Moments (Debye-Ang^3)
      XXXX  -21024.3578   XXXY  -10129.1031   XXYY   -9953.0082
      XYYY  -10659.1965   YYYY  -23791.0833   XXXZ    9188.2905
      XXYZ    5862.7123   XYYZ    6005.4511   YYYZ   12151.3087
      XXZZ   -8839.0937   XYZZ   -5480.9941   YYZZ  -10891.0100
      XZZZ    8842.5277   YZZZ   11136.7262   ZZZZ  -22204.8637
 -----------------------------------------------------------------
 -----------------------------------------------------------------
               TDA Excited-State Multipoles, State 12
 -----------------------------------------------------------------
    Charge (ESU x 10^10)
                -0.0000
    Dipole Moment (Debye)
         X     -15.4812      Y     -16.2416      Z      15.9884
       Tot      27.5514
    Quadrupole Moments (Debye-Ang)
        XX    -314.5748     XY     -87.7736     YY    -375.9791
        XZ      77.8288     YZ     104.4270     ZZ    -325.0199
    Octopole Moments (Debye-Ang^2)
       XXX   -1690.8698    XXY   -1130.1512    XYY   -1022.9917
       YYY   -2446.2461    XXZ     984.5078    XYZ     540.7375
       YYZ    1227.5572    XZZ    -866.9482    YZZ   -1211.7497
       ZZZ    2162.2418
    Hexadecapole Moments (Debye-Ang^3)
      XXXX  -20741.8106   XXXY   -9838.6246   XXYY   -9708.5541
      XYYY  -10404.7613   YYYY  -23115.9420   XXXZ    8954.1880
      XXYZ    5644.6947   XYYZ    5829.7836   YYYZ   11827.8679
      XXZZ   -8670.9401   XYZZ   -5330.9733   YYZZ  -10628.2340
      XZZZ    8661.1108   YZZZ   10801.1636   ZZZZ  -21544.9210
 -----------------------------------------------------------------
Archival summary:
1\1\ctcp034\SP\ProcedureUnspecified\BasisUnspecified\34431\mewes\TueJan808:39:232019TueJan808:39:232019\0\\#,ProcedureUnspecified,BasisUnspecified,\\0,1\N\C,1,1.39722\C,2,1.39485,1,121.811\H,3,1.08048,2,120.719,1,2.81835,0\C,3,1.38395,2,120.306,1,-176.923,0\H,5,1.0823,3,119.211,2,179.684,0\C,5,1.38327,3,120.344,2,0.419776,0\H,7,1.08156,5,120.69,3,178.844,0\C,7,1.38652,5,119.118,3,-2.35202,0\H,9,1.0809,7,118.538,5,-178.049,0\C,9,1.38752,7,121.809,5,0.735523,0\C,1,1.3992,2,119.384,3,154.152,0\C,12,1.39397,1,121.019,2,-152.368,0\H,13,1.08104,12,120.587,1,-2.55232,0\C,13,1.38339,12,120.102,1,176.886,0\H,15,1.08215,13,119.237,12,-179.832,0\C,15,1.38373,13,120.276,12,-0.755122,0\H,17,1.08157,15,120.589,13,-178.902,0\C,17,1.38668,15,119.314,13,1.82825,0\H,19,1.08121,17,118.553,15,178.854,0\C,19,1.38782,17,121.677,15,-0.168227,0\C,1,1.41647,2,119.85,3,-8.59925,0\C,22,1.38101,1,118.734,2,-109.527,0\H,23,1.08045,22,117.159,1,0.182165,0\C,22,1.38688,1,121.683,2,72.0913,0\H,25,1.08255,22,120.42,1,-0.309589,0\C,25,1.37964,22,118.657,1,-179.224,0\H,27,1.08353,25,119.121,22,177.641,0\C,27,1.39453,25,122.237,22,-2.29499,0\C,23,1.39611,22,122.355,1,-178.538,0\C,29,1.49884,27,117.726,25,175.572,0\H,31,1.09099,29,108.611,27,-5.41294,0\H,31,1.09434,29,112.199,27,111.194,0\C,21,1.51531,19,123.879,17,172.678,0\C,34,1.52396,21,112.31,19,19.5695,0\H,35,1.0896,34,110.878,21,-59.9314,0\H,35,1.08963,34,110.98,21,-177.39,0\H,35,1.09078,34,112.086,21,61.3156,0\C,31,1.52788,29,110.997,27,-125.701,0\H,39,1.09126,31,109.794,29,151.426,0\H,39,1.09361,31,109.417,29,35.5095,0\C,39,1.4995,31,111.611,29,-88.1936,0\C,42,1.39447,39,117.086,31,-128.432,0\H,43,1.08248,42,118.871,39,-3.9745,0\C,43,1.38156,42,122.478,39,175.176,0\C,42,1.39667,39,123.524,31,47.49,0\C,46,1.39817,42,117.906,39,-174.015,0\H,47,1.08096,46,119.726,42,178.794,0\C,47,1.38205,46,122.607,42,-1.23024,0\C,45,1.4253,43,119.764,42,-179.678,0\N,50,1.15094,45,178.544,43,-0.56066,0\C,49,1.42566,47,119.764,46,179.463,0\N,52,1.15073,49,179.307,47,-16.3012,0\C,46,1.53489,42,127.493,39,9.71242,0\C,54,1.52065,46,105.913,42,116.588,0\C,55,1.37832,54,127.203,46,-65.0789,0\H,56,1.0833,55,120.855,54,0.438638,0\C,56,1.38813,55,118.377,54,-179.185,0\H,58,1.08166,56,119.823,55,179.914,0\C,58,1.3909,56,120.429,55,-0.054035,0\H,60,1.08166,58,119.483,56,-179.913,0\C,60,1.3877,58,120.963,56,0.085821,0\H,62,1.08236,60,120.325,58,179.887,0\C,62,1.38594,60,118.703,58,-0.00266,0\C,64,1.46241,62,131.582,60,179.475,0\C,65,1.38644,64,131.685,62,-0.189544,0\H,66,1.08227,65,121.001,64,-0.391306,0\C,66,1.38752,65,118.807,64,179.611,0\H,68,1.08167,66,119.589,65,179.971,0\C,68,1.39064,66,120.914,65,-0.014271,0\H,70,1.08188,68,119.775,66,-179.921,0\C,70,1.38794,68,120.408,66,0.108087,0\H,72,1.08342,70,120.568,68,179.631,0\C,72,1.37978,70,118.469,68,-0.102484,0\C,34,1.54288,21,107.856,19,-99.7383,0\H,75,1.08993,34,111.811,21,-58.896,0\H,75,1.09129,34,110.338,21,-178.751,0\H,75,1.09131,34,110.375,21,61.1643,0\\\@

 Total job time:  5520.33s(wall), 25753.71s(cpu) 
 Tue Jan  8 08:39:23 2019

        *************************************************************
        *                                                           *
        *  Thank you very much for using Q-Chem.  Have a nice day.  *
        *                                                           *
        *************************************************************


0 sent ACK to 0 
now end server 0 ... 
