mFile = /cm/shared/apps/q-chem/intel/QCHEM_5.0.1_Trunk/bin/mpi/machines
Process 0 of 1 is on ctcp012 - thread support 0
initial socket setup ...start
initial socket setup ...done 
now start server 0 ... 
ctcp012.cm.cluster 10.141.0
Q-Chem Developer Version! Running on 10.141.0.*
                  Welcome to Q-Chem
     A Quantum Leap Into The Future Of Chemistry


 Q-Chem 5.0, Q-Chem, Inc., Pleasanton, CA (2017)

 Yihan Shao,  Zhengting Gan,  E. Epifanovsky,  A. T. B. Gilbert,  M. Wormit,  
 J. Kussmann,  A. W. Lange,  A. Behn,  Jia Deng,  Xintian Feng,  D. Ghosh,  
 M. Goldey,  P. R. Horn,  L. D. Jacobson,  I. Kaliman,  T. Kus,  A. Landau,  
 Jie Liu,  E. I. Proynov,  R. M. Richard,  R. P. Steele,  E. J. Sundstrom,  
 H. L. Woodcock III,  P. M. Zimmerman,  D. Zuev,  B. Albrecht,  E. Alguire,  
 S. A. Baeppler,  Z. Benda,  Y. A. Bernard,  E. J. Berquist,  K. B. Bravaya,  
 D. Casanova,  Chun-Min Chang,  Yunqing Chen,  A. Chien,  K. D. Closser,  
 M. P. Coons,  S. Dasgupta,  M. Diedenhofen,  Hainam Do,  R. G. Edgar,  
 Po-Tung Fang,  S. Fatehi,  Qingguo Feng,  Qinghui Ge,  A. Ghysels,  
 J. Gomes,  J. Gonthier,  A. Gunina,  M. W. D. Hanson-Heine,  
 P. H. P. Harbach,  A. W. Hauser,  J. E. Herr,  E. G. Hohenstein,  
 Z. C. Holden,  Kerwin Hui,  T.-C. Jagau,  Hyunjun Ji,  B. Kaduk,  
 K. Khistyaev,  Jaehoon Kim,  P. Klunzinger,  K. Koh,  D. Kosenkov,  
 T. Kowalczyk,  C. M. Krauter,  A. Kunitsa,  Ka Un Lao,  A. Laurent,  
 K. V. Lawler,  Joonho Lee,  D. Lefrancois,  S. Lehtola,  D. S. Levine,  
 Yi-Pei Li,  You-Sheng Lin,  Fenglai Liu,  E. Livshits,  A. Luenser,  
 P. Manohar,  E. Mansoor,  S. F. Manzer,  Shan-Ping Mao,  Yuezhi Mao,  
 N. Mardirossian,  A. V. Marenich,  L. A. Martinez-Martinez,  S. A. Maurer,  
 N. J. Mayhall,  S. C. McKenzie,  J.-M. Mewes,  A. F. Morrison,  K. Nanda,  
 T. S. Nguyen-Beck,  R. Olivares-Amaya,  J. A. Parkhill,  T. M. Perrine,  
 F. Plasser,  S. Prager,  A. Prociuk,  D. R. Rehn,  F. Rob,  M. Schneider,  
 N. Sergueev,  S. M. Sharada,  S. Sharma,  D. W. Small,  T. Stauch,  
 T. Stein,  Yu-Chuan Su,  A. J. W. Thom,  T. Tsuchimochi,  L. Vogt,  
 O. Vydrov,  M. A. Watson,  J. Wenzel,  M. de Wergifosse,  T. A. Wesolowski,  
 A. White,  J. Witte,  A. Yamada,  Jun Yang,  K. Yao,  S. Yeganeh,  
 S. R. Yost,  Zhi-Qiang You,  A. Zech,  Igor Ying Zhang,  Xing Zhang,  
 Yan Zhao,  Ying Zhu,  B. R. Brooks,  G. K. L. Chan,  C. J. Cramer,  
 M. S. Gordon,  W. J. Hehre,  A. Klamt,  M. W. Schmidt,  C. D. Sherrill,  
 D. G. Truhlar,  A. Aspuru-Guzik,  R. Baer,  A. T. Bell,  N. A. Besley,  
 Jeng-Da Chai,  A. Dreuw,  B. D. Dunietz,  T. R. Furlani,  Chao-Ping Hsu,  
 Yousung Jung,  Jing Kong,  D. S. Lambrecht,  WanZhen Liang,  C. Ochsenfeld,  
 V. A. Rassolov,  L. V. Slipchenko,  J. E. Subotnik,  T. Van Voorhis,  
 J. M. Herbert,  A. I. Krylov,  P. M. W. Gill,  M. Head-Gordon

 Contributors to earlier versions of Q-Chem not listed above: 
 R. D. Adamson,  B. Austin,  J. Baker,  G. J. O. Beran,  K. Brandhorst,  
 S. T. Brown,  E. F. C. Byrd,  A. K. Chakraborty,  C.-L. Cheng,  
 Siu Hung Chien,  D. M. Chipman,  D. L. Crittenden,  H. Dachsel,  
 R. A. DiStasio Jr.,  R. J. Doerksen,  A. D. Dutoi,  L. Fusti-Molnar,  
 W. A. Goddard III,  A. Golubeva-Zadorozhnaya,  S. R. Gwaltney,  G. Hawkins,  
 A. Heyden,  S. Hirata,  G. Kedziora,  F. J. Keil,  C. Kelley,  Jihan Kim,  
 R. A. King,  R. Z. Khaliullin,  P. P. Korambath,  W. Kurlancheek,  
 A. M. Lee,  M. S. Lee,  S. V. Levchenko,  Ching Yeh Lin,  D. Liotard,  
 R. C. Lochan,  I. Lotan,  P. E. Maslen,  N. Nair,  D. P. O'Neill,  
 D. Neuhauser,  E. Neuscamman,  C. M. Oana,  R. Olson,  B. Peters,  
 R. Peverati,  P. A. Pieniazek,  Y. M. Rhee,  J. Ritchie,  M. A. Rohrdanz,  
 E. Rosta,  N. J. Russ,  H. F. Schaefer III,  N. E. Schultz,  N. Shenvi,  
 A. C. Simmonett,  A. Sodt,  D. Stuck,  K. S. Thanthiriwatte,  V. Vanovschi,  
 Tao Wang,  A. Warshel,  C. F. Williams,  Q. Wu,  X. Xu,  W. Zhang

 Please cite Q-Chem as follows:
 Y. Shao et al., Mol. Phys. 113, 184-215 (2015)
 DOI: 10.1080/00268976.2014.952696

 Q-Chem 5.0.1 for Intel X86 EM64T Linux

 Parts of Q-Chem use Armadillo 5.200.1 (Boston Tea Smuggler).
 http://arma.sourceforge.net/

 Q-Chem begins on Thu Apr 26 18:57:20 2018  

Host: ctcp012
0

     Scratch files written to /scratch/mewes/95210/qchem23101//
 Parallel job on  1  processors
The previous job contains 0 fragments, simply inherited here

Checking the input file for inconsistencies... 	...done.

--------------------------------------------------------------
User input:
--------------------------------------------------------------
$rem
threads 8
jobtype	sp
method PBEh-3c
basis def2-mSVP
mem_static	1024
mem_total	14000
sym_ignore	true
cis_n_roots             6
cis_singlets            true
cis_triplets		true
rpa                     false
calc_soc 		true
cis_moments             true
cis_relaxed_density	true
$end


$molecule
read gsopt.mol
$end

--------------------------------------------------------------
 Adding empirical dispersion correction 
 ----------------------------------------------------------------
 Doing -D3(BJ) with
 s6 =   1.00000
 s8 =   0.00000
 a1 =   0.48600
 a2 =   4.50000
 -D3 energy including 3body term =     -0.0786743752 hartrees
 ----------------------------------------------------------------
 Adding gCP correction 
 ----------------------------------------------------------------
 gCP energy =      0.1093782286 hartrees
 ----------------------------------------------------------------
             Standard Nuclear Orientation (Angstroms)
    I     Atom           X                Y                Z
 ----------------------------------------------------------------
    1      N       0.0000000000     0.0000000000     0.0000000000
    2      C       0.0000000000     0.0000000000     1.3975410000
    3      C       1.1925986811     0.0000000000     2.1195799892
    4      H       2.1436613555     0.0189633221     1.6057484965
    5      C       1.1668550877    -0.0373205186     3.5028671926
    6      H       2.1003288451    -0.0369795954     4.0503920487
    7      C      -0.0402718020    -0.0923846891     4.1772995222
    8      H      -0.0659340602    -0.1353364320     5.2577796744
    9      C      -1.2231959117    -0.0752585423     3.4537431485
   10      H      -2.1604594632    -0.0952350664     3.9925722964
   11      C      -1.2283373669    -0.0045800943     2.0680810511
   12      C      -1.0805523348    -0.5751844747    -0.6824644363
   13      C      -0.9451573462    -1.1126792012    -1.9615999367
   14      H      -0.0023229905    -1.0689986996    -2.4875821147
   15      C      -2.0218473008    -1.7275906065    -2.5759743795
   16      H      -1.8903284847    -2.1461389719    -3.5652685116
   17      C      -3.2393948154    -1.8218717567    -1.9256988913
   18      H      -4.0793696045    -2.3167591543    -2.3942301065
   19      C      -3.3796359024    -1.2520535841    -0.6694933186
   20      H      -4.3435421283    -1.3023989197    -0.1823407490
   21      C      -2.3272925226    -0.6001513847    -0.0424854018
   22      C       1.2127450291     0.2633158382    -0.6815819697
   23      C       2.0369016728    -0.7686786114    -1.0771280203
   24      H       1.7255895534    -1.7746470801    -0.8284939671
   25      C       1.5808144763     1.5704212042    -0.9620359904
   26      H       0.9490956131     2.3931037128    -0.6537867957
   27      C       2.7722958797     1.7943743135    -1.6163300940
   28      H       3.0846291757     2.8145364539    -1.8045454239
   29      C       3.2073442936    -0.5641030094    -1.8124924141
   30      C       3.5979044432     0.7543556375    -2.0547318227
   31      C       4.8997337133     1.1486683992    -2.6910304197
   32      H       5.0966149873     2.1931838764    -2.4435864188
   33      H       4.8461385070     1.1072911262    -3.7830843954
   34      C      -2.4818638184     0.1958594718     1.2409470257
   35      C      -3.7459725727    -0.1724422084     2.0098699365
   36      H      -4.6362329295     0.0075383806     1.4078423045
   37      H      -3.8542851979     0.4489310320     2.8988143958
   38      H      -3.7464440283    -1.2177036398     2.3208384994
   39      C       6.0626497738     0.2899194714    -2.2040375920
   40      H       6.9957887144     0.8483954233    -2.2888575422
   41      H       5.9355899839     0.0717837672    -1.1404693525
   42      C       6.1720981015    -0.9603797414    -3.0222246841
   43      C       7.3525428323    -1.1540633725    -3.7325039165
   44      H       8.1576331710    -0.4400797418    -3.6168956364
   45      C       7.5318888877    -2.2235495797    -4.5916303298
   46      C       6.4828071296    -3.1312736834    -4.7493843388
   47      C       5.3066797228    -2.9428607371    -4.0420338607
   48      H       4.5175374964    -3.6669691113    -4.1821196507
   49      C       5.1188842239    -1.8701089456    -3.1705146373
   50      C       8.7621400474    -2.3669151596    -5.2972114022
   51      N       9.7656621658    -2.4560559547    -5.8535812167
   52      C       6.6049483584    -4.2458736581    -5.6300706799
   53      N       6.6917280254    -5.1478411849    -6.3393895941
   54      C       3.8183584891    -1.8715245561    -2.3561353367
   55      C       2.6959211485    -2.5455787879    -3.1460039096
   56      C       2.0637449193    -2.0649063537    -4.2747651451
   57      H       2.3575485774    -1.1210253500    -4.7180261129
   58      C       1.0340433483    -2.8149236042    -4.8286116365
   59      H       0.5273796186    -2.4579059733    -5.7154808288
   60      C       0.6479757944    -4.0190873264    -4.2497580220
   61      H      -0.1597630807    -4.5882797501    -4.6899679214
   62      C       1.2836335619    -4.4969403027    -3.1132390226
   63      H       0.9704542653    -5.4308110201    -2.6648773953
   64      C       2.3162237853    -3.7522461282    -2.5633581500
   65      C       3.1478592949    -3.9765435666    -1.3841042894
   66      C       3.1731229162    -5.0207820200    -0.4732351191
   67      H       2.5044450059    -5.8654962243    -0.5775146947
   68      C       4.0727720788    -4.9662771580     0.5810308637
   69      H       4.1049327346    -5.7740052855     1.2997471613
   70      C       4.9330572741    -3.8840296952     0.7258871341
   71      H       5.6270234552    -3.8571589317     1.5552858641
   72      C       4.9075274111    -2.8369753083    -0.1857120801
   73      H       5.5797341094    -1.9957563645    -0.0699090853
   74      C       4.0127076455    -2.8935903869    -1.2340122467
   75      C      -2.5688127969     1.6923955075     0.8710751868
   76      H      -1.6923910097     2.0244682951     0.3156016423
   77      H      -3.4477880814     1.8829396341     0.2528649782
   78      H      -2.6420084394     2.3014142574     1.7738870905
 ----------------------------------------------------------------
 Nuclear Repulsion Energy =  5568.0214323563 hartrees
 There are      158 alpha and      158 beta electrons
 Requested basis set is def2-mSVP
 There are 391 shells and 767 basis functions

 Total QAlloc Memory Limit  14000 MB
 Mega-Array Size      1001 MB
 MEM_STATIC part      1024 MB
 A cutoff of  1.0D-11 yielded  35359 shell pairs
 There are    141997 function pairs (    156777 Cartesian)
 
 -------------------------------------------------------
 OpenMP Integral Computing Module                       
 Release: version 1.0, May 2013, Q-Chem Inc. Pittsburgh 
 -------------------------------------------------------
 Integral Job Info:
 Integral job number is                      11
 Integral operator is                         1
 short-range coefficients                     0
 long-range coefficients              100000000
 Omega coefficients                           0
 if combine SR and LR in K                    0
 Integral screening is                        0
 Integral computing path is                   2
 max size of driver memory is            800000
 size of driver memory is                593474
 size of scratch memory is              1809772
 max col of scratch BK array               1296
 max len of scratch array in speh3          155
 max len of scratch index in speh4           18
 max int batch size is                      520
 min int batch size is                       52
 fixed nKL is                                52
 max L of basis functions is                  2
 order of int derivative is                   0
 number of shells is                        391
 number of basis is                         814
 number of cartesian basis is               814
 number of contracted shell pairs         35359
 number of primitive shell pairs          73987
 maxK2 (contraction) of shell pair           25
 max number of K2 of shell pair               1
 max number of CS2 of shell pair           8425
 max number of PS2 of shell pair          13180
 mem total for path MDJ                  389368
 -------------------------------------------------------
 Smallest overlap matrix eigenvalue = 2.53E-04

 Scale SEOQF with 1.000000e-02/1.000000e-02/1.000000e-02

 Standard Electronic Orientation quadrupole field applied
 Nucleus-field energy     =     0.0000000023 hartrees
 Guess from superposition of atomic densities
 Warning:  Energy on first SCF cycle will be non-variational
 A restricted hybrid HF-DFT SCF calculation will be
 performed using Pulay DIIS extrapolation
 Exchange:     0.4200 Hartree-Fock + 0.5800 PBEh-3c
 Correlation:  1.0000 PBEh-3c
 Using SG-1 standard quadrature grid
 Dispersion:   Grimme D3
 SCF converges when DIIS error is below 1.0E-08
 using 8 threads for integral computing
 -------------------------------------------------------
 OpenMP Integral computing Module                
 Release: version 1.0, May 2013, Q-Chem Inc. Pittsburgh 
 -------------------------------------------------------
 ---------------------------------------
  Cycle       Energy         DIIS Error
 ---------------------------------------
    1   -1871.4339266110      3.05E-02
    2   -1855.1164040885      2.27E-03
    3   -1855.0363810770      2.69E-03
    4   -1855.4778161801      8.82E-04
    5   -1855.5286992854      2.18E-04
    6   -1855.5314104284      8.96E-05
    7   -1855.5319391522      2.33E-05
    8   -1855.5319778539      8.63E-06
    9   -1855.5319834358      2.26E-06
   10   -1855.5319837561      1.03E-06
   11   -1855.5319838300      3.71E-07
   12   -1855.5319838506      1.34E-07
   13   -1855.5319838524      5.73E-08
   14   -1855.5319838585      1.94E-08
   15   -1855.5319838414      7.51E-09 Convergence criterion met
 ---------------------------------------
 SCF time:  CPU 3330.79 s  wall 747.10 s
 SCF   energy in the final basis set = -1855.53198384
 Total energy in the final basis set = -1855.53198384
 
 Direct TDDFT/TDA calculation will be performed
 Exchange:     0.4200 Hartree-Fock + 0.5800 PBEh-3c
 Correlation:  1.0000 PBEh-3c
 Using SG-1 standard quadrature grid
 Dispersion:   Grimme D3
 Triplet excitation energies requested
 Singlet excitation energies requested
 CIS energy converged when residual is below 10e- 6
 ---------------------------------------------------
 Iter    Rts Conv    Rts Left    Ttl Dev     Max Dev
 ---------------------------------------------------
   1         0           6      0.000157    0.000050
   2         0           6      0.000255    0.000078
   3         0           6      0.000195    0.000058
   4         0           6      0.000314    0.000079
   5         0           6      0.000201    0.000057
   6         0           6      0.000129    0.000030
   7         0           6      0.000077    0.000023
   8         0           6      0.000054    0.000017
   9         0           6      0.000056    0.000033
  10         2           4      0.000029    0.000019
  11         4           2      0.000018    0.000013
  12         4           2      0.000009    0.000006
  13         5           1      0.000004    0.000002
  14         5           1      0.000003    0.000001
  15         6           0      0.000002    0.000001    Roots Converged
 ---------------------------------------------------
 Triplets done: starting singlet calculation
 ---------------------------------------------------
 Iter    Rts Conv    Rts Left    Ttl Dev     Max Dev
 ---------------------------------------------------
  16         0           6      0.000212    0.000092
  17         0           6      0.000365    0.000147
  18         0           6      0.000158    0.000043
  19         0           6      0.000065    0.000016
  20         1           5      0.000042    0.000013
  21         1           5      0.000022    0.000008
  22         2           4      0.000013    0.000005
  23         2           4      0.000007    0.000003
  24         5           1      0.000004    0.000002
  25         5           1      0.000004    0.000002
  26         5           1      0.000003    0.000002
  27         5           1      0.000003    0.000001
  28         6           0      0.000002    0.000001    Roots Converged
 ---------------------------------------------------
 
 ---------------------------------------------------
         TDDFT/TDA Excitation Energies              
 ---------------------------------------------------

 Excited state   1: excitation energy (eV) =    3.3725
 Total energy for state  1:                 -1855.40804699 au
    Multiplicity: Triplet
    Trans. Mom.:  0.0000 X   0.0000 Y   0.0000 Z
    Strength   :     0.0000000000
    D(151) --> V(  1) amplitude =  0.2249
    D(157) --> V(  2) amplitude = -0.5774
    D(157) --> V(  3) amplitude =  0.5239

 Excited state   2: excitation energy (eV) =    3.4642
 Total energy for state  2:                 -1855.40467804 au
    Multiplicity: Triplet
    Trans. Mom.:  0.0000 X   0.0000 Y   0.0000 Z
    Strength   :     0.0000000000
    D(148) --> V(  1) amplitude = -0.2698
    D(149) --> V(  1) amplitude = -0.2764
    D(149) --> V(  2) amplitude = -0.2374
    D(150) --> V(  1) amplitude =  0.4401
    D(151) --> V(  1) amplitude =  0.5182
    D(157) --> V(  3) amplitude = -0.2573

 Excited state   3: excitation energy (eV) =    3.7603
 Total energy for state  3:                 -1855.39379375 au
    Multiplicity: Triplet
    Trans. Mom.:  0.0000 X   0.0000 Y   0.0000 Z
    Strength   :     0.0000000000
    D(155) --> V( 10) amplitude =  0.2377
    D(158) --> V(  8) amplitude =  0.2933
    D(158) --> V(  9) amplitude = -0.7003

 Excited state   4: excitation energy (eV) =    3.8352
 Total energy for state  4:                 -1855.39104201 au
    Multiplicity: Triplet
    Trans. Mom.:  0.0000 X   0.0000 Y   0.0000 Z
    Strength   :     0.0000000000
    D(158) --> V(  1) amplitude =  0.9570

 Excited state   5: excitation energy (eV) =    3.8389
 Total energy for state  5:                 -1855.39090640 au
    Multiplicity: Singlet
    Trans. Mom.: -0.1126 X   0.0394 Y   0.0843 Z
    Strength   :     0.0020083174
    D(158) --> V(  1) amplitude =  0.9944

 Excited state   6: excitation energy (eV) =    3.8831
 Total energy for state  6:                 -1855.38928154 au
    Multiplicity: Triplet
    Trans. Mom.:  0.0000 X   0.0000 Y   0.0000 Z
    Strength   :     0.0000000000
    D(152) --> V(  6) amplitude = -0.4203
    D(153) --> V(  5) amplitude = -0.2818
    D(154) --> V(  5) amplitude = -0.2787
    D(157) --> V(  5) amplitude =  0.2912
    D(158) --> V(  1) amplitude =  0.2208

 Excited state   7: excitation energy (eV) =    4.0280
 Total energy for state  7:                 -1855.38395791 au
    Multiplicity: Triplet
    Trans. Mom.:  0.0000 X   0.0000 Y   0.0000 Z
    Strength   :     0.0000000000
    D(154) --> V(  9) amplitude =  0.2954
    D(155) --> V(  7) amplitude = -0.3169
    D(155) --> V(  8) amplitude =  0.2181
    D(156) --> V(  9) amplitude =  0.2189
    D(156) --> V( 10) amplitude = -0.2939
    D(158) --> V( 11) amplitude = -0.5485

 Excited state   8: excitation energy (eV) =    4.2114
 Total energy for state  8:                 -1855.37721835 au
    Multiplicity: Singlet
    Trans. Mom.:  0.0462 X  -0.0662 Y  -0.0887 Z
    Strength   :     0.0014835043
    D(158) --> V(  2) amplitude =  0.9324
    D(158) --> V(  3) amplitude = -0.2472
    D(158) --> V(  5) amplitude = -0.2153

 Excited state   9: excitation energy (eV) =    4.3933
 Total energy for state  9:                 -1855.37053340 au
    Multiplicity: Singlet
    Trans. Mom.:  0.2059 X  -0.0334 Y  -0.2359 Z
    Strength   :     0.0106734859
    D(158) --> V(  3) amplitude =  0.5247
    D(158) --> V(  4) amplitude =  0.3926
    D(158) --> V(  5) amplitude = -0.2255
    D(158) --> V(  6) amplitude = -0.6659

 Excited state  10: excitation energy (eV) =    4.4186
 Total energy for state 10:                 -1855.36960508 au
    Multiplicity: Singlet
    Trans. Mom.: -0.6097 X  -0.1348 Y   0.3507 Z
    Strength   :     0.0555189101
    D(157) --> V(  1) amplitude =  0.9549

 Excited state  11: excitation energy (eV) =    4.4296
 Total energy for state 11:                 -1855.36919946 au
    Multiplicity: Singlet
    Trans. Mom.:  0.1173 X   0.1206 Y  -0.0141 Z
    Strength   :     0.0030930724
    D(158) --> V(  3) amplitude = -0.2944
    D(158) --> V(  4) amplitude =  0.6251
    D(158) --> V(  5) amplitude =  0.6656

 Excited state  12: excitation energy (eV) =    4.7256
 Total energy for state 12:                 -1855.35832052 au
    Multiplicity: Singlet
    Trans. Mom.:  0.0615 X   0.0060 Y   0.2108 Z
    Strength   :     0.0055847719
    D(158) --> V(  2) amplitude =  0.3291
    D(158) --> V(  3) amplitude =  0.7357
    D(158) --> V(  5) amplitude =  0.3051
    D(158) --> V(  6) amplitude =  0.4602
 
 ---------------------------------------------------
 Calculating Relaxed Density
 ---------------------------------------------------
 Iter    Rts Conv    Rts Left    Ttl Dev     Max Dev
 ---------------------------------------------------
   1         0           6      0.000505    0.000300
   2         0           6      0.000166    0.000087
   3         0           6      0.000043    0.000023
   4         1           5      0.000013    0.000008
   5         5           1      0.000003    0.000003
   6         6           0      0.000000    0.000000    Roots Converged
 ---------------------------------------------------
 Triplets done- using as guess for singlets
 ---------------------------------------------------
 Iter    Rts Conv    Rts Left    Ttl Dev     Max Dev
 ---------------------------------------------------
   1         0           6      0.001482    0.000324
   2         0           6      0.000466    0.000102
   3         0           6      0.000120    0.000025
   4         0           6      0.000043    0.000008
   5         0           6      0.000014    0.000003
   6         6           0      0.000000    0.000000    Roots Converged
 ---------------------------------------------------
  SETman timing summary (seconds)
  CPU time             28062.08s
  System time              0.05s
  Wall time             4103.69s



*********SPIN-ORBIT COUPLING JOB BEGINS HERE*********


=======================================================================================
    SPIN-ORBIT COUPLING BETWEEN THE SINGLET GROUND STATE AND EXCITED TRIPLET STATE
=======================================================================================

SOC between the singlet ground state and excited triplet states (ms=0):
T1(ms=0)      0.000000  +  0.088030i    cm-1
T2(ms=0)      0.000000  +  -0.230089i    cm-1
T3(ms=0)      0.000000  +  0.348288i    cm-1
T4(ms=0)      0.000000  +  -0.190441i    cm-1
T5(ms=0)      0.000000  +  -0.865983i    cm-1
T6(ms=0)      0.000000  +  1.033980i    cm-1
SOC between the singlet ground state and excited triplet states (ms=1):
T1(ms=1)      0.046481  + (-0.870128i)    cm-1
T2(ms=1)      -0.317830  + (-0.118496i)    cm-1
T3(ms=1)      -0.935062  + (-0.407116i)    cm-1
T4(ms=1)      0.673791  + (0.056451i)    cm-1
T5(ms=1)      0.391664  + (-0.290579i)    cm-1
T6(ms=1)      -0.363404  + (0.453836i)    cm-1
SOC between the singlet ground state and excited triplet states (ms=-1):
T1(ms=-1)     0.046481  - (-0.870128i)    cm-1
T2(ms=-1)     -0.317830  - (-0.118496i)    cm-1
T3(ms=-1)     -0.935062  - (-0.407116i)    cm-1
T4(ms=-1)     0.673791  - (0.056451i)    cm-1
T5(ms=-1)     0.391664  - (-0.290579i)    cm-1
T6(ms=-1)     -0.363404  - (0.453836i)    cm-1
Total SOC between the singlet ground state and excited triplet states:
T1      1.235442    cm-1
T2      0.532029    cm-1
T3      1.483737    cm-1
T4      0.975002    cm-1
T5      1.107069    cm-1
T6      1.321050    cm-1




=======================================================================================
                     SPIN-ORBIT COUPLING BETWEEN EXCITED TRIPLET STATES
=======================================================================================

SOC between the T1 (ms=0) state and excited triplet states (ms=1):
T2(ms=1)      0.239857  + (0.234961i)    cm-1
T3(ms=1)      0.014873  + (0.022387i)    cm-1
T4(ms=1)      -0.033994  + (-0.035204i)    cm-1
T5(ms=1)      0.377661  + (0.250449i)    cm-1
T6(ms=1)      -0.081770  + (-0.063504i)    cm-1
SOC between the T1 (ms=0) state and excited triplet states (ms=-1):
T2(ms=-1)     -0.239857  + (0.234961i)    cm-1
T3(ms=-1)     -0.014873  + (0.022387i)    cm-1
T4(ms=-1)     0.033994  + (-0.035204i)    cm-1
T5(ms=-1)     -0.377661  + (0.250449i)    cm-1
T6(ms=-1)     0.081770  + (-0.063504i)    cm-1
SOC between the T1 (ms=1) state and excited triplet states (ms=0):
T2(ms=0)      -0.239857  + (0.234961i)    cm-1
T3(ms=0)      -0.014873  + (0.022387i)    cm-1
T4(ms=0)      0.033994  + (-0.035204i)    cm-1
T5(ms=0)      -0.377661  + (0.250449i)    cm-1
T6(ms=0)      0.081770  + (-0.063504i)    cm-1
SOC between the T1 (ms=1) state and excited triplet states (ms=1):
T2(ms=1)      0.000000  + (0.310385i)    cm-1
T3(ms=1)      0.000000  + (-0.019962i)    cm-1
T4(ms=1)      0.000000  + (0.052933i)    cm-1
T5(ms=1)      0.000000  + (-0.113808i)    cm-1
T6(ms=1)      0.000000  + (0.018692i)    cm-1
SOC between the T1 (ms=-1) state and excited triplet states (ms=0):
T2(ms=0)      0.239857  + (0.234961i)    cm-1
T3(ms=0)      0.014873  + (0.022387i)    cm-1
T4(ms=0)      -0.033994  + (-0.035204i)    cm-1
T5(ms=0)      0.377661  + (0.250449i)    cm-1
T6(ms=0)      -0.081770  + (-0.063504i)    cm-1
SOC between the T1 (ms=-1) state and excited triplet states (ms=-1):
T2(ms=-1)     0.000000  + (-0.310385i)    cm-1
T3(ms=-1)     0.000000  + (0.019962i)    cm-1
T4(ms=-1)     0.000000  + (-0.052933i)    cm-1
T5(ms=-1)     0.000000  + (0.113808i)    cm-1
T6(ms=-1)     0.000000  + (-0.018692i)    cm-1
Total SOC between the T1 state and excited triplet states:
T2      0.802265    cm-1
T3      0.060717    cm-1
T4      0.123221    cm-1
T5      0.920497    cm-1
T6      0.208747    cm-1



SOC between the T2 (ms=0) state and excited triplet states (ms=1):
T3(ms=1)      -0.014140  + (-0.015686i)    cm-1
T4(ms=1)      0.059178  + (0.064223i)    cm-1
T5(ms=1)      -0.105978  + (-0.057453i)    cm-1
T6(ms=1)      0.021721  + (0.025296i)    cm-1
SOC between the T2 (ms=0) state and excited triplet states (ms=-1):
T3(ms=-1)     0.014140  + (-0.015686i)    cm-1
T4(ms=-1)     -0.059178  + (0.064223i)    cm-1
T5(ms=-1)     0.105978  + (-0.057453i)    cm-1
T6(ms=-1)     -0.021721  + (0.025296i)    cm-1
SOC between the T2 (ms=1) state and excited triplet states (ms=0):
T3(ms=0)      0.014140  + (-0.015686i)    cm-1
T4(ms=0)      -0.059178  + (0.064223i)    cm-1
T5(ms=0)      0.105978  + (-0.057453i)    cm-1
T6(ms=0)      -0.021721  + (0.025296i)    cm-1
SOC between the T2 (ms=1) state and excited triplet states (ms=1):
T3(ms=1)      0.000000  + (0.011734i)    cm-1
T4(ms=1)      0.000000  + (-0.081366i)    cm-1
T5(ms=1)      0.000000  + (-0.016066i)    cm-1
T6(ms=1)      0.000000  + (-0.002329i)    cm-1
SOC between the T2 (ms=-1) state and excited triplet states (ms=0):
T3(ms=0)      -0.014140  + (-0.015686i)    cm-1
T4(ms=0)      0.059178  + (0.064223i)    cm-1
T5(ms=0)      -0.105978  + (-0.057453i)    cm-1
T6(ms=0)      0.021721  + (0.025296i)    cm-1
SOC between the T2 (ms=-1) state and excited triplet states (ms=-1):
T3(ms=-1)     0.000000  + (-0.011734i)    cm-1
T4(ms=-1)     0.000000  + (0.081366i)    cm-1
T5(ms=-1)     0.000000  + (0.016066i)    cm-1
T6(ms=-1)     0.000000  + (0.002329i)    cm-1
Total SOC between the T2 state and excited triplet states:
T3      0.045379    cm-1
T4      0.209158    cm-1
T5      0.242167    cm-1
T6      0.066764    cm-1



SOC between the T3 (ms=0) state and excited triplet states (ms=1):
T4(ms=1)      0.122633  + (0.105291i)    cm-1
T5(ms=1)      0.132256  + (-0.144029i)    cm-1
T6(ms=1)      0.104501  + (0.675893i)    cm-1
SOC between the T3 (ms=0) state and excited triplet states (ms=-1):
T4(ms=-1)     -0.122633  + (0.105291i)    cm-1
T5(ms=-1)     -0.132256  + (-0.144029i)    cm-1
T6(ms=-1)     -0.104501  + (0.675893i)    cm-1
SOC between the T3 (ms=1) state and excited triplet states (ms=0):
T4(ms=0)      -0.122633  + (0.105291i)    cm-1
T5(ms=0)      -0.132256  + (-0.144029i)    cm-1
T6(ms=0)      -0.104501  + (0.675893i)    cm-1
SOC between the T3 (ms=1) state and excited triplet states (ms=1):
T4(ms=1)      0.000000  + (0.151817i)    cm-1
T5(ms=1)      0.000000  + (-0.254569i)    cm-1
T6(ms=1)      0.000000  + (-0.738322i)    cm-1
SOC between the T3 (ms=-1) state and excited triplet states (ms=0):
T4(ms=0)      0.122633  + (0.105291i)    cm-1
T5(ms=0)      0.132256  + (-0.144029i)    cm-1
T6(ms=0)      0.104501  + (0.675893i)    cm-1
SOC between the T3 (ms=-1) state and excited triplet states (ms=-1):
T4(ms=-1)     0.000000  + (-0.151817i)    cm-1
T5(ms=-1)     0.000000  + (0.254569i)    cm-1
T6(ms=-1)     0.000000  + (0.738322i)    cm-1
Total SOC between the T3 state and excited triplet states:
T4      0.388069    cm-1
T5      0.531559    cm-1
T6      1.720827    cm-1



SOC between the T4 (ms=0) state and excited triplet states (ms=1):
T5(ms=1)      -0.301400  + (0.182008i)    cm-1
T6(ms=1)      -0.145335  + (0.042417i)    cm-1
SOC between the T4 (ms=0) state and excited triplet states (ms=-1):
T5(ms=-1)     0.301400  + (0.182008i)    cm-1
T6(ms=-1)     0.145335  + (0.042417i)    cm-1
SOC between the T4 (ms=1) state and excited triplet states (ms=0):
T5(ms=0)      0.301400  + (0.182008i)    cm-1
T6(ms=0)      0.145335  + (0.042417i)    cm-1
SOC between the T4 (ms=1) state and excited triplet states (ms=1):
T5(ms=1)      0.000000  + (-0.238463i)    cm-1
T6(ms=1)      0.000000  + (-0.066224i)    cm-1
SOC between the T4 (ms=-1) state and excited triplet states (ms=0):
T5(ms=0)      -0.301400  + (0.182008i)    cm-1
T6(ms=0)      -0.145335  + (0.042417i)    cm-1
SOC between the T4 (ms=-1) state and excited triplet states (ms=-1):
T5(ms=-1)     0.000000  + (0.238463i)    cm-1
T6(ms=-1)     0.000000  + (0.066224i)    cm-1
Total SOC between the T4 state and excited triplet states:
T5      0.780772    cm-1
T6      0.316950    cm-1



SOC between the T5 (ms=0) state and excited triplet states (ms=1):
T6(ms=1)      -0.207241  + (0.097317i)    cm-1
SOC between the T5 (ms=0) state and excited triplet states (ms=-1):
T6(ms=-1)     0.207241  + (0.097317i)    cm-1
SOC between the T5 (ms=1) state and excited triplet states (ms=0):
T6(ms=0)      0.207241  + (0.097317i)    cm-1
SOC between the T5 (ms=1) state and excited triplet states (ms=1):
T6(ms=1)      0.000000  + (0.009172i)    cm-1
SOC between the T5 (ms=-1) state and excited triplet states (ms=0):
T6(ms=0)      -0.207241  + (0.097317i)    cm-1
SOC between the T5 (ms=-1) state and excited triplet states (ms=-1):
T6(ms=-1)     0.000000  + (-0.009172i)    cm-1
Total SOC between the T5 state and excited triplet states:
T6      0.458089    cm-1







=======================================================================================
         SPIN-ORBIT COUPLING BETWEEN EXCITED SINGLET STATES AND TRIPLET STATES
=======================================================================================

SOC between the S1 state and excited triplet states (ms=0):
T1(ms=0)      0.000000  +  -0.027917i    cm-1
T2(ms=0)      0.000000  +  0.075559i    cm-1
T3(ms=0)      0.000000  +  0.041084i    cm-1
T4(ms=0)      0.000000  +  -0.023496i    cm-1
T5(ms=0)      0.000000  +  0.147248i    cm-1
T6(ms=0)      0.000000  +  0.022582i    cm-1
SOC between the S1 state and excited triplet states (ms=1):
T1(ms=1)      (0.033723)  + (0.008236i)    cm-1
T2(ms=1)      (0.031835)  + (0.051285i)    cm-1
T3(ms=1)      (-0.144117)  + (-0.092450i)    cm-1
T4(ms=1)      (0.049845)  + (-0.026623i)    cm-1
T5(ms=1)      (-0.187515)  + (0.104535i)    cm-1
T6(ms=1)      (-0.219278)  + (0.004131i)    cm-1
SOC between the S1 state and excited triplet states (ms=-1):
T1(ms=-1)    -(0.033723)  + (0.008236i)    cm-1
T2(ms=-1)    -(0.031835)  + (0.051285i)    cm-1
T3(ms=-1)    -(-0.144117)  + (-0.092450i)    cm-1
T4(ms=-1)    -(0.049845)  + (-0.026623i)    cm-1
T5(ms=-1)    -(-0.187515)  + (0.104535i)    cm-1
T6(ms=-1)    -(-0.219278)  + (0.004131i)    cm-1
Total SOC between the S1 state and excited triplet states:
T1      0.056476    cm-1
T2      0.114002    cm-1
T3      0.245604    cm-1
T4      0.083299    cm-1
T5      0.337434    cm-1
T6      0.310982    cm-1



SOC between the S2 state and excited triplet states (ms=0):
T1(ms=0)      0.000000  +  0.178008i    cm-1
T2(ms=0)      0.000000  +  -0.036906i    cm-1
T3(ms=0)      0.000000  +  -0.281572i    cm-1
T4(ms=0)      0.000000  +  -0.088124i    cm-1
T5(ms=0)      0.000000  +  0.110765i    cm-1
T6(ms=0)      0.000000  +  -0.083814i    cm-1
SOC between the S2 state and excited triplet states (ms=1):
T1(ms=1)      (-0.088736)  + (0.050067i)    cm-1
T2(ms=1)      (0.012174)  + (0.004316i)    cm-1
T3(ms=1)      (-0.002127)  + (0.282994i)    cm-1
T4(ms=1)      (0.179227)  + (0.133048i)    cm-1
T5(ms=1)      (-0.034337)  + (-0.037702i)    cm-1
T6(ms=1)      (0.096147)  + (-0.134807i)    cm-1
SOC between the S2 state and excited triplet states (ms=-1):
T1(ms=-1)    -(-0.088736)  + (0.050067i)    cm-1
T2(ms=-1)    -(0.012174)  + (0.004316i)    cm-1
T3(ms=-1)    -(-0.002127)  + (0.282994i)    cm-1
T4(ms=-1)    -(0.179227)  + (0.133048i)    cm-1
T5(ms=-1)    -(-0.034337)  + (-0.037702i)    cm-1
T6(ms=-1)    -(0.096147)  + (-0.134807i)    cm-1
Total SOC between the S2 state and excited triplet states:
T1      0.229016    cm-1
T2      0.041180    cm-1
T3      0.489350    cm-1
T4      0.327740    cm-1
T5      0.132174    cm-1
T6      0.248715    cm-1



SOC between the S3 state and excited triplet states (ms=0):
T1(ms=0)      0.000000  +  0.010490i    cm-1
T2(ms=0)      0.000000  +  0.028227i    cm-1
T3(ms=0)      0.000000  +  -0.865437i    cm-1
T4(ms=0)      0.000000  +  -1.007990i    cm-1
T5(ms=0)      0.000000  +  0.101732i    cm-1
T6(ms=0)      0.000000  +  -0.186713i    cm-1
SOC between the S3 state and excited triplet states (ms=1):
T1(ms=1)      (-0.006575)  + (-0.069932i)    cm-1
T2(ms=1)      (0.027708)  + (0.044461i)    cm-1
T3(ms=1)      (-0.072251)  + (0.452953i)    cm-1
T4(ms=1)      (1.222379)  + (0.101346i)    cm-1
T5(ms=1)      (0.319741)  + (0.210081i)    cm-1
T6(ms=1)      (-0.490944)  + (-0.161614i)    cm-1
SOC between the S3 state and excited triplet states (ms=-1):
T1(ms=-1)    -(-0.006575)  + (-0.069932i)    cm-1
T2(ms=-1)    -(0.027708)  + (0.044461i)    cm-1
T3(ms=-1)    -(-0.072251)  + (0.452953i)    cm-1
T4(ms=-1)    -(1.222379)  + (0.101346i)    cm-1
T5(ms=-1)    -(0.319741)  + (0.210081i)    cm-1
T6(ms=-1)    -(-0.490944)  + (-0.161614i)    cm-1
Total SOC between the S3 state and excited triplet states:
T1      0.099888    cm-1
T2      0.079283    cm-1
T3      1.081552    cm-1
T4      2.006242    cm-1
T5      0.550533    cm-1
T6      0.754422    cm-1



SOC between the S4 state and excited triplet states (ms=0):
T1(ms=0)      0.000000  +  0.611405i    cm-1
T2(ms=0)      0.000000  +  0.084264i    cm-1
T3(ms=0)      0.000000  +  0.094955i    cm-1
T4(ms=0)      0.000000  +  0.256854i    cm-1
T5(ms=0)      0.000000  +  0.111360i    cm-1
T6(ms=0)      0.000000  +  -0.076732i    cm-1
SOC between the S4 state and excited triplet states (ms=1):
T1(ms=1)      (-0.421317)  + (-0.484598i)    cm-1
T2(ms=1)      (0.255666)  + (0.212707i)    cm-1
T3(ms=1)      (0.076399)  + (0.034768i)    cm-1
T4(ms=1)      (-0.482954)  + (-0.263375i)    cm-1
T5(ms=1)      (0.325665)  + (0.455267i)    cm-1
T6(ms=1)      (-0.130466)  + (0.009617i)    cm-1
SOC between the S4 state and excited triplet states (ms=-1):
T1(ms=-1)    -(-0.421317)  + (-0.484598i)    cm-1
T2(ms=-1)    -(0.255666)  + (0.212707i)    cm-1
T3(ms=-1)    -(0.076399)  + (0.034768i)    cm-1
T4(ms=-1)    -(-0.482954)  + (-0.263375i)    cm-1
T5(ms=-1)    -(0.325665)  + (0.455267i)    cm-1
T6(ms=-1)    -(-0.130466)  + (0.009617i)    cm-1
Total SOC between the S4 state and excited triplet states:
T1      1.094761    cm-1
T2      0.477828    cm-1
T3      0.152012    cm-1
T4      0.819265    cm-1
T5      0.799408    cm-1
T6      0.200288    cm-1



SOC between the S5 state and excited triplet states (ms=0):
T1(ms=0)      0.000000  +  -0.027015i    cm-1
T2(ms=0)      0.000000  +  -0.057882i    cm-1
T3(ms=0)      0.000000  +  0.097684i    cm-1
T4(ms=0)      0.000000  +  -0.388740i    cm-1
T5(ms=0)      0.000000  +  -0.315069i    cm-1
T6(ms=0)      0.000000  +  -0.393971i    cm-1
SOC between the S5 state and excited triplet states (ms=1):
T1(ms=1)      (0.069620)  + (0.090646i)    cm-1
T2(ms=1)      (-0.045633)  + (-0.070959i)    cm-1
T3(ms=1)      (0.031154)  + (0.331341i)    cm-1
T4(ms=1)      (-0.202547)  + (-1.204918i)    cm-1
T5(ms=1)      (0.042478)  + (0.174756i)    cm-1
T6(ms=1)      (-0.527481)  + (0.448760i)    cm-1
SOC between the S5 state and excited triplet states (ms=-1):
T1(ms=-1)    -(0.069620)  + (0.090646i)    cm-1
T2(ms=-1)    -(-0.045633)  + (-0.070959i)    cm-1
T3(ms=-1)    -(0.031154)  + (0.331341i)    cm-1
T4(ms=-1)    -(-0.202547)  + (-1.204918i)    cm-1
T5(ms=-1)    -(0.042478)  + (0.174756i)    cm-1
T6(ms=-1)    -(-0.527481)  + (0.448760i)    cm-1
Total SOC between the S5 state and excited triplet states:
T1      0.163881    cm-1
T2      0.132610    cm-1
T3      0.480684    cm-1
T4      1.771109    cm-1
T5      0.404915    cm-1
T6      1.055678    cm-1



SOC between the S6 state and excited triplet states (ms=0):
T1(ms=0)      0.000000  +  -0.105933i    cm-1
T2(ms=0)      0.000000  +  -0.004220i    cm-1
T3(ms=0)      0.000000  +  0.494564i    cm-1
T4(ms=0)      0.000000  +  -0.980326i    cm-1
T5(ms=0)      0.000000  +  -0.304266i    cm-1
T6(ms=0)      0.000000  +  0.133035i    cm-1
SOC between the S6 state and excited triplet states (ms=1):
T1(ms=1)      (0.037054)  + (0.058961i)    cm-1
T2(ms=1)      (-0.067551)  + (0.049805i)    cm-1
T3(ms=1)      (-0.047830)  + (-0.395205i)    cm-1
T4(ms=1)      (-0.472080)  + (0.529813i)    cm-1
T5(ms=1)      (0.261494)  + (0.108815i)    cm-1
T6(ms=1)      (0.315793)  + (0.087061i)    cm-1
SOC between the S6 state and excited triplet states (ms=-1):
T1(ms=-1)    -(0.037054)  + (0.058961i)    cm-1
T2(ms=-1)    -(-0.067551)  + (0.049805i)    cm-1
T3(ms=-1)    -(-0.047830)  + (-0.395205i)    cm-1
T4(ms=-1)    -(-0.472080)  + (0.529813i)    cm-1
T5(ms=-1)    -(0.261494)  + (0.108815i)    cm-1
T6(ms=-1)    -(0.315793)  + (0.087061i)    cm-1
Total SOC between the S6 state and excited triplet states:
T1      0.144639    cm-1
T2      0.118765    cm-1
T3      0.749362    cm-1
T4      1.402912    cm-1
T5      0.503009    cm-1
T6      0.481983    cm-1






            *********SOC CODE ENDS HERE*********



 
 --------------------------------------------------------------
 
                    Orbital Energies (a.u.)
 --------------------------------------------------------------
 
 Alpha MOs
 -- Occupied --
-14.679 -14.657 -14.655 -10.522 -10.521 -10.512 -10.507 -10.501
-10.501 -10.498 -10.497 -10.493 -10.491 -10.490 -10.490 -10.488
-10.481 -10.477 -10.477 -10.475 -10.474 -10.474 -10.469 -10.469
-10.468 -10.468 -10.467 -10.467 -10.467 -10.466 -10.465 -10.464
-10.464 -10.463 -10.462 -10.451 -10.451 -10.444 -10.444 -10.443
-10.442 -10.441 -10.439 -10.437 -10.436 -10.430 -10.426  -1.091
 -1.042  -1.030  -1.020  -1.004  -0.988  -0.970  -0.961  -0.957
 -0.939  -0.934  -0.911  -0.899  -0.890  -0.885  -0.858  -0.857
 -0.848  -0.846  -0.834  -0.826  -0.819  -0.808  -0.795  -0.773
 -0.772  -0.748  -0.732  -0.725  -0.714  -0.711  -0.702  -0.691
 -0.682  -0.679  -0.673  -0.671  -0.667  -0.645  -0.619  -0.613
 -0.612  -0.611  -0.599  -0.584  -0.582  -0.573  -0.566  -0.562
 -0.540  -0.539  -0.537  -0.533  -0.530  -0.527  -0.524  -0.520
 -0.517  -0.510  -0.508  -0.503  -0.503  -0.501  -0.498  -0.494
 -0.491  -0.490  -0.487  -0.485  -0.474  -0.469  -0.461  -0.451
 -0.448  -0.444  -0.440  -0.439  -0.437  -0.436  -0.435  -0.431
 -0.428  -0.425  -0.425  -0.421  -0.420  -0.417  -0.415  -0.414
 -0.412  -0.403  -0.402  -0.399  -0.397  -0.396  -0.393  -0.379
 -0.374  -0.363  -0.350  -0.339  -0.322  -0.314  -0.306  -0.304
 -0.299  -0.291  -0.287  -0.280  -0.271  -0.230
 -- Virtual --
 -0.064  -0.042  -0.029  -0.016  -0.010  -0.005   0.014   0.017
  0.020   0.034   0.048   0.048   0.049   0.070   0.084   0.110
  0.111   0.120   0.127   0.130   0.133   0.138   0.147   0.149
  0.155   0.155   0.159   0.163   0.166   0.176   0.182   0.183
  0.187   0.193   0.194   0.195   0.198   0.199   0.203   0.207
  0.211   0.217   0.219   0.221   0.224   0.228   0.229   0.230
  0.233   0.236   0.239   0.241   0.244   0.247   0.251   0.253
  0.257   0.259   0.260   0.261   0.267   0.271   0.277   0.279
  0.283   0.291   0.293   0.296   0.298   0.303   0.306   0.311
  0.315   0.317   0.327   0.332   0.336   0.345   0.351   0.361
  0.362   0.365   0.370   0.376   0.380   0.386   0.390   0.397
  0.400   0.415   0.417   0.420   0.430   0.433   0.448   0.457
  0.461   0.466   0.468   0.472   0.480   0.483   0.485   0.497
  0.501   0.503   0.510   0.514   0.515   0.521   0.522   0.525
  0.529   0.533   0.536   0.537   0.541   0.542   0.548   0.550
  0.552   0.552   0.560   0.562   0.566   0.567   0.569   0.574
  0.575   0.578   0.580   0.586   0.587   0.594   0.595   0.597
  0.599   0.604   0.607   0.612   0.613   0.617   0.619   0.619
  0.624   0.626   0.628   0.630   0.634   0.635   0.640   0.644
  0.645   0.647   0.648   0.652   0.654   0.662   0.666   0.668
  0.673   0.677   0.680   0.683   0.688   0.691   0.694   0.696
  0.697   0.704   0.707   0.713   0.715   0.718   0.720   0.721
  0.726   0.729   0.737   0.738   0.744   0.746   0.747   0.754
  0.758   0.761   0.763   0.775   0.778   0.781   0.791   0.792
  0.801   0.806   0.813   0.819   0.824   0.826   0.833   0.838
  0.844   0.860   0.867   0.876   0.877   0.887   0.890   0.900
  0.908   0.909   0.917   0.923   0.928   0.932   0.936   0.942
  0.946   0.948   0.951   0.952   0.959   0.961   0.968   0.968
  0.970   0.976   0.979   0.983   0.988   0.992   0.995   0.999
  1.002   1.003   1.008   1.011   1.018   1.018   1.021   1.026
  1.030   1.035   1.041   1.042   1.046   1.050   1.052   1.055
  1.059   1.062   1.068   1.070   1.072   1.076   1.082   1.094
  1.094   1.095   1.096   1.104   1.107   1.113   1.119   1.121
  1.124   1.128   1.134   1.138   1.144   1.149   1.152   1.161
  1.164   1.171   1.177   1.179   1.186   1.192   1.196   1.202
  1.210   1.215   1.234   1.241   1.245   1.254   1.256   1.261
  1.269   1.271   1.283   1.289   1.294   1.297   1.302   1.308
  1.310   1.319   1.322   1.328   1.336   1.340   1.343   1.348
  1.354   1.364   1.365   1.377   1.380   1.388   1.391   1.404
  1.409   1.416   1.427   1.432   1.438   1.452   1.464   1.476
  1.493   1.496   1.499   1.505   1.509   1.516   1.520   1.525
  1.529   1.534   1.536   1.542   1.544   1.553   1.555   1.556
  1.558   1.565   1.569   1.576   1.581   1.582   1.590   1.596
  1.597   1.605   1.606   1.617   1.621   1.629   1.638   1.647
  1.657   1.665   1.684   1.690   1.695   1.707   1.722   1.733
  1.737   1.748   1.758   1.769   1.775   1.780   1.783   1.788
  1.802   1.809   1.819   1.824   1.831   1.833   1.840   1.842
  1.847   1.852   1.858   1.865   1.868   1.874   1.880   1.887
  1.894   1.902   1.907   1.922   1.926   1.929   1.937   1.944
  1.950   1.962   1.965   1.972   1.975   1.986   1.988   1.998
  2.003   2.004   2.010   2.018   2.022   2.025   2.031   2.035
  2.037   2.045   2.053   2.058   2.063   2.067   2.079   2.083
  2.090   2.097   2.106   2.114   2.130   2.134   2.140   2.145
  2.148   2.156   2.162   2.164   2.165   2.169   2.172   2.185
  2.192   2.194   2.204   2.210   2.216   2.219   2.225   2.235
  2.239   2.243   2.247   2.260   2.261   2.263   2.269   2.274
  2.281   2.287   2.290   2.297   2.303   2.311   2.315   2.320
  2.326   2.331   2.338   2.342   2.351   2.354   2.359   2.360
  2.363   2.371   2.378   2.381   2.385   2.390   2.395   2.398
  2.412   2.423   2.431   2.434   2.461   2.467   2.470   2.485
  2.499   2.510   2.519   2.534   2.536   2.544   2.557   2.576
  2.588   2.593   2.598   2.603   2.620   2.626   2.637   2.652
  2.663   2.673   2.689   2.693   2.699   2.704   2.711   2.716
  2.722   2.731   2.735   2.737   2.738   2.744   2.753   2.758
  2.762   2.768   2.773   2.776   2.777   2.788   2.800   2.811
  2.816   2.821   2.832   2.835   2.843   2.850   2.859   2.863
  2.870   2.884   2.889   2.898   2.903   2.911   2.919   2.931
  2.947   2.972   2.981   2.988   2.995   3.013   3.017   3.033
  3.036   3.042   3.075   3.091   3.144   3.227   3.279   3.328
  3.360   3.369   3.380   3.386   3.408   3.498   3.548   3.561
  3.590   3.678  13.195  13.247  13.265  13.325  13.357  13.417
 13.631  13.659  13.670  13.718  13.730  13.731  13.759  13.769
 13.780  13.804  13.816  13.823  13.896  13.911  13.919  14.026
 14.063  14.089  14.125  14.170  14.180  14.192  14.195  14.218
 14.222  14.246  14.249  14.258  14.266  14.280  14.320  14.398
 14.573  14.581  14.585  14.593  14.602  14.621  19.495  19.564
 19.627
 --------------------------------------------------------------
 
          Ground-State Mulliken Net Atomic Charges

     Atom                 Charge (a.u.)
  ----------------------------------------
      1 N                    -0.711047
      2 C                     0.313352
      3 C                    -0.284570
      4 H                     0.241099
      5 C                    -0.235367
      6 H                     0.214431
      7 C                    -0.218367
      8 H                     0.212081
      9 C                    -0.326555
     10 H                     0.213298
     11 C                     0.169767
     12 C                     0.314008
     13 C                    -0.295531
     14 H                     0.265487
     15 C                    -0.233511
     16 H                     0.211877
     17 C                    -0.218904
     18 H                     0.210312
     19 C                    -0.326032
     20 H                     0.212594
     21 C                     0.160996
     22 C                     0.221917
     23 C                    -0.288448
     24 H                     0.282993
     25 C                    -0.233945
     26 H                     0.234043
     27 C                    -0.297733
     28 H                     0.219482
     29 C                     0.227484
     30 C                     0.058568
     31 C                    -0.515308
     32 H                     0.247691
     33 H                     0.252540
     34 C                    -0.230289
     35 C                    -0.664846
     36 H                     0.228163
     37 H                     0.227410
     38 H                     0.238609
     39 C                    -0.543568
     40 H                     0.251952
     41 H                     0.256219
     42 C                     0.103184
     43 C                    -0.320173
     44 H                     0.246232
     45 C                     0.079721
     46 C                     0.091051
     47 C                    -0.294510
     48 H                     0.280706
     49 C                     0.213632
     50 C                    -0.006894
     51 N                    -0.153602
     52 C                    -0.009027
     53 N                    -0.154281
     54 C                    -0.437827
     55 C                     0.036906
     56 C                    -0.256670
     57 H                     0.228387
     58 C                    -0.240843
     59 H                     0.231302
     60 C                    -0.210189
     61 H                     0.230892
     62 C                    -0.324994
     63 H                     0.215656
     64 C                     0.163697
     65 C                     0.140350
     66 C                    -0.321692
     67 H                     0.214412
     68 C                    -0.214658
     69 H                     0.229721
     70 C                    -0.222896
     71 H                     0.227879
     72 C                    -0.277440
     73 H                     0.216001
     74 C                     0.155952
     75 C                    -0.595243
     76 H                     0.231869
     77 H                     0.221222
     78 H                     0.219812
  ----------------------------------------
  Sum of atomic charges =    -0.000000

 -----------------------------------------------------------------
                    Cartesian Multipole Moments
 -----------------------------------------------------------------
    Charge (ESU x 10^10)
                -0.0000
    Dipole Moment (Debye)
         X      -4.1879      Y       3.8930      Z       4.7628
       Tot       7.4416
    Quadrupole Moments (Debye-Ang)
        XX    -318.9496     XY      46.3950     YY    -278.4375
        XZ      60.4257     YZ     -35.0912     ZZ    -305.3682
    Octopole Moments (Debye-Ang^2)
       XXX   -2576.4862    XXY     791.5300    XYY    -797.5126
       YYY    1271.4447    XXZ    1023.7577    XYZ    -353.1132
       YYZ     569.3547    XZZ   -1082.1658    YZZ     630.7802
       ZZZ    1565.3223
    Hexadecapole Moments (Debye-Ang^3)
      XXXX  -35646.2524   XXXY    8315.5525   XXYY   -7867.1822
      XYYY    5768.6247   YYYY  -10027.2745   XXXZ   13104.8880
      XXYZ   -3928.0037   XYYZ    3957.3063   YYYZ   -4700.4127
      XXZZ  -11316.1846   XYZZ    3719.9626   YYZZ   -5353.5326
      XZZZ   10489.8362   YZZZ   -5325.9615   ZZZZ  -16938.7689
 -----------------------------------------------------------------
 -----------------------------------------------------------------
               TDA Excited-State Multipoles, State  1
 -----------------------------------------------------------------
    Charge (ESU x 10^10)
                -0.0000
    Dipole Moment (Debye)
         X      -4.3895      Y       3.9336      Z       4.9733
       Tot       7.7120
    Quadrupole Moments (Debye-Ang)
        XX    -320.9007     XY      46.4046     YY    -279.0147
        XZ      62.0231     YZ     -35.6769     ZZ    -306.2760
    Octopole Moments (Debye-Ang^2)
       XXX   -2595.5469    XXY     793.2870    XYY    -797.4790
       YYY    1278.3464    XXZ    1036.2048    XYZ    -356.8743
       YYZ     572.4521    XZZ   -1089.9965    YZZ     633.4965
       ZZZ    1570.9384
    Hexadecapole Moments (Debye-Ang^3)
      XXXX  -35807.4981   XXXY    8341.1478   XXYY   -7869.2269
      XYYY    5777.0441   YYYY  -10079.7294   XXXZ   13203.5928
      XXYZ   -3956.9684   XYYZ    3971.2845   YYYZ   -4721.3241
      XXZZ  -11377.4707   XYZZ    3740.5608   YYZZ   -5366.8879
      XZZZ   10531.0504   YZZZ   -5341.4785   ZZZZ  -16968.9656
 -----------------------------------------------------------------
 -----------------------------------------------------------------
               TDA Excited-State Multipoles, State  2
 -----------------------------------------------------------------
    Charge (ESU x 10^10)
                -0.0000
    Dipole Moment (Debye)
         X      -4.4651      Y       3.8414      Z       4.9523
       Tot       7.6954
    Quadrupole Moments (Debye-Ang)
        XX    -321.7418     XY      46.4401     YY    -278.2407
        XZ      62.1893     YZ     -35.6778     ZZ    -306.1872
    Octopole Moments (Debye-Ang^2)
       XXX   -2602.9095    XXY     792.9355    XYY    -797.6794
       YYY    1271.7446    XXZ    1037.9711    XYZ    -357.3752
       YYZ     572.5007    XZZ   -1090.1814    YZZ     634.0515
       ZZZ    1570.1390
    Hexadecapole Moments (Debye-Ang^3)
      XXXX  -35875.2316   XXXY    8331.4173   XXYY   -7871.2417
      XYYY    5774.3827   YYYY  -10029.4455   XXXZ   13220.2942
      XXYZ   -3954.5706   XYYZ    3977.8065   YYYZ   -4718.0333
      XXZZ  -11378.4966   XYZZ    3743.8200   YYZZ   -5370.8385
      XZZZ   10530.0669   YZZZ   -5346.4065   ZZZZ  -16962.8590
 -----------------------------------------------------------------
 -----------------------------------------------------------------
               TDA Excited-State Multipoles, State  3
 -----------------------------------------------------------------
    Charge (ESU x 10^10)
                -0.0000
    Dipole Moment (Debye)
         X      -4.3942      Y       4.1679      Z       4.7611
       Tot       7.7038
    Quadrupole Moments (Debye-Ang)
        XX    -321.1834     XY      46.7272     YY    -278.5680
        XZ      61.1218     YZ     -35.7500     ZZ    -307.5761
    Octopole Moments (Debye-Ang^2)
       XXX   -2590.1645    XXY     797.5811    XYY    -799.5627
       YYY    1273.4060    XXZ    1031.4568    XYZ    -356.1423
       YYZ     571.2431    XZZ   -1087.7724    YZZ     634.0172
       ZZZ    1566.7769
    Hexadecapole Moments (Debye-Ang^3)
      XXXX  -35775.1991   XXXY    8348.1959   XXYY   -7880.7893
      XYYY    5775.0847   YYYY  -10031.4120   XXXZ   13174.8312
      XXYZ   -3952.6925   XYYZ    3965.3086   YYYZ   -4707.0845
      XXZZ  -11368.3593   XYZZ    3735.1680   YYZZ   -5362.3198
      XZZZ   10518.1927   YZZZ   -5340.2655   ZZZZ  -16988.6940
 -----------------------------------------------------------------
 -----------------------------------------------------------------
               TDA Excited-State Multipoles, State  4
 -----------------------------------------------------------------
    Charge (ESU x 10^10)
                -0.0000
    Dipole Moment (Debye)
         X     -29.4532      Y      11.6415      Z      20.9152
       Tot      37.9534
    Quadrupole Moments (Debye-Ang)
        XX    -460.1793     XY     106.6608     YY    -308.3039
        XZ     161.3014     YZ     -71.1066     ZZ    -351.9493
    Octopole Moments (Debye-Ang^2)
       XXX   -3887.7439    XXY    1181.4582    XYY   -1020.3336
       YYY    1424.8844    XXZ    1774.4933    XYZ    -632.7162
       YYZ     717.1609    XZZ   -1611.0676    YZZ     845.1850
       ZZZ    2018.0008
    Hexadecapole Moments (Debye-Ang^3)
      XXXX  -45842.0409   XXXY   11497.0009   XXYY   -9238.5367
      XYYY    6666.0061   YYYY  -10780.5957   XXXZ   19334.8459
      XXYZ   -5948.9624   XYYZ    4964.9360   YYYZ   -5337.9063
      XXZZ  -15286.6530   XYZZ    5288.4687   YYZZ   -6203.6449
      XZZZ   13395.9896   YZZZ   -6588.8454   ZZZZ  -18805.1218
 -----------------------------------------------------------------
 -----------------------------------------------------------------
               TDA Excited-State Multipoles, State  5
 -----------------------------------------------------------------
    Charge (ESU x 10^10)
                -0.0000
    Dipole Moment (Debye)
         X     -31.4608      Y      12.2910      Z      22.1825
       Tot      40.4093
    Quadrupole Moments (Debye-Ang)
        XX    -471.4598     XY     111.6926     YY    -310.7167
        XZ     169.4626     YZ     -74.1785     ZZ    -355.8949
    Octopole Moments (Debye-Ang^2)
       XXX   -3992.9860    XXY    1213.7392    XYY   -1038.6324
       YYY    1437.5479    XXZ    1835.2505    XYZ    -656.2555
       YYZ     729.6124    XZZ   -1654.2550    YZZ     863.3280
       ZZZ    2054.6189
    Hexadecapole Moments (Debye-Ang^3)
      XXXX  -46658.5064   XXXY   11758.8125   XXYY   -9352.3289
      XYYY    6741.2705   YYYY  -10841.8230   XXXZ   19837.5271
      XXYZ   -6117.7423   XYYZ    5050.4284   YYYZ   -5392.7646
      XXZZ  -15609.8115   XYZZ    5420.4731   YYZZ   -6275.9239
      XZZZ   13634.5980   YZZZ   -6695.8674   ZZZZ  -18962.7837
 -----------------------------------------------------------------
 -----------------------------------------------------------------
               TDA Excited-State Multipoles, State  6
 -----------------------------------------------------------------
    Charge (ESU x 10^10)
                -0.0000
    Dipole Moment (Debye)
         X      -6.0283      Y       4.1436      Z       6.0141
       Tot       9.4699
    Quadrupole Moments (Debye-Ang)
        XX    -328.7909     XY      49.5408     YY    -280.3786
        XZ      67.7386     YZ     -37.0132     ZZ    -307.9992
    Octopole Moments (Debye-Ang^2)
       XXX   -2665.3784    XXY     813.4563    XYY    -812.2389
       YYY    1277.8735    XXZ    1075.9054    XYZ    -370.6364
       YYZ     579.6856    XZZ   -1118.3951    YZZ     643.4158
       ZZZ    1596.7158
    Hexadecapole Moments (Debye-Ang^3)
      XXXX  -36315.6680   XXXY    8504.9856   XXYY   -7956.5143
      XYYY    5818.0374   YYYY  -10069.3356   XXXZ   13520.0563
      XXYZ   -4056.6406   XYYZ    4029.2840   YYYZ   -4740.2515
      XXZZ  -11580.2406   XYZZ    3821.2061   YYZZ   -5409.8839
      XZZZ   10685.4170   YZZZ   -5405.2764   ZZZZ  -17052.3647
 -----------------------------------------------------------------
 -----------------------------------------------------------------
               TDA Excited-State Multipoles, State  7
 -----------------------------------------------------------------
    Charge (ESU x 10^10)
                -0.0000
    Dipole Moment (Debye)
         X      -4.6941      Y       4.0243      Z       5.1289
       Tot       8.0334
    Quadrupole Moments (Debye-Ang)
        XX    -321.7461     XY      47.0388     YY    -279.0854
        XZ      62.2800     YZ     -35.5955     ZZ    -306.1745
    Octopole Moments (Debye-Ang^2)
       XXX   -2593.8955    XXY     796.8994    XYY    -801.9356
       YYY    1274.6873    XXZ    1032.8620    XYZ    -356.8430
       YYZ     572.8278    XZZ   -1089.9323    YZZ     634.6661
       ZZZ    1573.5072
    Hexadecapole Moments (Debye-Ang^3)
      XXXX  -35789.7216   XXXY    8352.4103   XXYY   -7890.3872
      XYYY    5784.0250   YYYY  -10046.3452   XXXZ   13187.4020
      XXYZ   -3953.4175   XYYZ    3973.5282   YYYZ   -4712.7085
      XXZZ  -11372.0397   XYZZ    3741.0876   YYZZ   -5369.7834
      XZZZ   10530.9817   YZZZ   -5347.6849   ZZZZ  -16973.3680
 -----------------------------------------------------------------
 -----------------------------------------------------------------
               TDA Excited-State Multipoles, State  8
 -----------------------------------------------------------------
    Charge (ESU x 10^10)
                 0.0000
    Dipole Moment (Debye)
         X     -20.9786      Y      13.3674      Z      16.1109
       Tot      29.6369
    Quadrupole Moments (Debye-Ang)
        XX    -372.4629     XY      89.8369     YY    -321.1008
        XZ      98.6446     YZ     -58.3661     ZZ    -326.2330
    Octopole Moments (Debye-Ang^2)
       XXX   -3103.1161    XXY     978.3024    XYY    -978.3511
       YYY    1488.5206    XXZ    1235.3402    XYZ    -453.5146
       YYZ     673.0697    XZZ   -1278.6918    YZZ     763.9299
       ZZZ    1850.6690
    Hexadecapole Moments (Debye-Ang^3)
      XXXX  -38875.7259   XXXY    9614.6390   XXYY   -8625.7563
      XYYY    6529.8807   YYYY  -11127.4532   XXXZ   14814.7182
      XXYZ   -4457.6570   XYYZ    4325.0282   YYYZ   -5141.7260
      XXZZ  -12424.3902   XYZZ    4298.2684   YYZZ   -5882.4915
      XZZZ   11468.5344   YZZZ   -6024.1498   ZZZZ  -17786.2540
 -----------------------------------------------------------------
 -----------------------------------------------------------------
               TDA Excited-State Multipoles, State  9
 -----------------------------------------------------------------
    Charge (ESU x 10^10)
                -0.0000
    Dipole Moment (Debye)
         X     -16.0242      Y       5.9001      Z      12.7924
       Tot      21.3362
    Quadrupole Moments (Debye-Ang)
        XX    -348.9549     XY      60.6874     YY    -297.2145
        XZ      86.9228     YZ     -42.4637     ZZ    -311.6405
    Octopole Moments (Debye-Ang^2)
       XXX   -2884.4901    XXY     850.6819    XYY    -885.8963
       YYY    1352.9725    XXZ    1156.3604    XYZ    -397.2524
       YYZ     625.9782    XZZ   -1196.7901    YZZ     685.9330
       ZZZ    1726.8817
    Hexadecapole Moments (Debye-Ang^3)
      XXXX  -37417.2741   XXXY    8852.6642   XXYY   -8211.1682
      XYYY    6068.3754   YYYY  -10507.1981   XXXZ   14141.4536
      XXYZ   -4170.5454   XYYZ    4167.6486   YYYZ   -4906.8550
      XXZZ  -11935.1174   XYZZ    3992.7246   YYZZ   -5626.4143
      XZZZ   11041.9615   YZZZ   -5646.8110   ZZZZ  -17261.1276
 -----------------------------------------------------------------
 -----------------------------------------------------------------
               TDA Excited-State Multipoles, State 10
 -----------------------------------------------------------------
    Charge (ESU x 10^10)
                -0.0000
    Dipole Moment (Debye)
         X     -15.8180      Y       2.5988      Z      11.7887
       Tot      19.8982
    Quadrupole Moments (Debye-Ang)
        XX    -424.0120     XY      68.6022     YY    -268.1415
        XZ     138.4463     YZ     -53.8483     ZZ    -339.1551
    Octopole Moments (Debye-Ang^2)
       XXX   -3514.6204    XXY    1030.7088    XYY    -860.9543
       YYY    1226.1096    XXZ    1661.8294    XYZ    -577.2986
       YYZ     642.6633    XZZ   -1487.2367    YZZ     743.2712
       ZZZ    1792.4030
    Hexadecapole Moments (Debye-Ang^3)
      XXXX  -43681.8134   XXXY   10501.9133   XXYY   -8619.0254
      XYYY    5999.6627   YYYY   -9797.2059   XXXZ   18331.7461
      XXYZ   -5700.5418   XYYZ    4787.7127   YYYZ   -5045.4921
      XXZZ  -14645.3879   XYZZ    4941.4925   YYZZ   -5813.3917
      XZZZ   12801.7724   YZZZ   -6080.4820   ZZZZ  -18238.9212
 -----------------------------------------------------------------
 -----------------------------------------------------------------
               TDA Excited-State Multipoles, State 11
 -----------------------------------------------------------------
    Charge (ESU x 10^10)
                -0.0000
    Dipole Moment (Debye)
         X     -15.5901      Y       5.2485      Z      11.9614
       Tot      20.3390
    Quadrupole Moments (Debye-Ang)
        XX    -344.7019     XY      59.7615     YY    -297.3513
        XZ      83.2117     YZ     -40.0439     ZZ    -308.2575
    Octopole Moments (Debye-Ang^2)
       XXX   -2851.3981    XXY     845.6645    XYY    -882.7099
       YYY    1349.3218    XXZ    1132.2399    XYZ    -389.5516
       YYZ     616.4725    XZZ   -1179.5188    YZZ     674.5241
       ZZZ    1706.1039
    Hexadecapole Moments (Debye-Ang^3)
      XXXX  -37162.9704   XXXY    8813.0836   XXYY   -8179.7509
      XYYY    6055.3534   YYYY  -10510.3005   XXXZ   13980.3267
      XXYZ   -4122.3809   XYYZ    4126.4634   YYYZ   -4865.3506
      XXZZ  -11827.7700   XYZZ    3948.4969   YYZZ   -5576.9209
      XZZZ   10953.7391   YZZZ   -5582.6676   ZZZZ  -17159.8433
 -----------------------------------------------------------------
 -----------------------------------------------------------------
               TDA Excited-State Multipoles, State 12
 -----------------------------------------------------------------
    Charge (ESU x 10^10)
                -0.0000
    Dipole Moment (Debye)
         X     -25.4629      Y      10.5298      Z      18.5247
       Tot      33.2024
    Quadrupole Moments (Debye-Ang)
        XX    -422.8270     XY      92.0706     YY    -305.8660
        XZ     134.5682     YZ     -62.0227     ZZ    -337.3762
    Octopole Moments (Debye-Ang^2)
       XXX   -3529.1201    XXY    1054.4776    XYY    -972.4026
       YYY    1408.8294    XXZ    1533.3712    XYZ    -540.2871
       YYZ     684.1001    XZZ   -1446.6540    YZZ     786.7934
       ZZZ    1909.4684
    Hexadecapole Moments (Debye-Ang^3)
      XXXX  -42570.6120   XXXY   10374.5737   XXYY   -8816.9513
      XYYY    6457.0312   YYYY  -10709.6855   XXXZ   17173.6467
      XXYZ   -5173.7377   XYYZ    4634.2009   YYYZ   -5181.0987
      XXZZ  -13845.7631   XYZZ    4740.9406   YYZZ   -5976.9491
      XZZZ   12382.5059   YZZZ   -6210.8534   ZZZZ  -18149.6841
 -----------------------------------------------------------------
Archival summary:
1\1\ctcp012\SP\ProcedureUnspecified\BasisUnspecified\34431\mewes\ThuApr2620:42:282018ThuApr2620:42:282018\0\\#,ProcedureUnspecified,BasisUnspecified,\\0,1\N\C,1,1.39754\C,2,1.39414,1,121.192\H,3,1.08116,2,120.422,1,1.16549,0\C,3,1.38403,2,120.114,1,-178.214,0\H,5,1.0822,3,119.315,2,179.992,0\C,5,1.38385,3,120.291,2,0.842241,0\H,7,1.08164,5,120.605,3,179.162,0\C,7,1.38677,5,119.294,3,-1.63467,0\H,9,1.0813,7,118.63,5,-178.58,0\C,9,1.38747,7,121.659,5,0.018515,0\C,1,1.40149,2,119.141,3,151.973,0\C,12,1.39407,1,122.017,2,-152.921,0\H,13,1.08051,12,121.052,1,-2.35568,0\C,13,1.38377,12,120.208,1,176.966,0\H,15,1.08221,13,118.893,12,-179.406,0\C,15,1.38354,13,120.42,12,-0.361449,0\H,17,1.08166,15,120.729,13,-178.92,0\C,17,1.38651,15,119.133,13,2.19027,0\H,19,1.08119,17,118.637,15,178.036,0\C,19,1.38764,17,121.719,15,-0.586305,0\C,1,1.41585,2,118.776,3,-12.2501,0\C,22,1.37866,1,120.727,2,93.1149,0\H,23,1.08199,22,117.26,1,-1.10817,0\C,22,1.3866,1,120.003,2,-87.0956,0\H,25,1.08208,22,120.272,1,0.57824,0\C,25,1.37764,22,118.613,1,179.45,0\H,27,1.08338,25,119.008,22,-177.652,0\C,23,1.39734,22,122.828,1,176.567,0\C,29,1.39626,23,117.636,22,5.24981,0\C,30,1.50171,29,124.329,23,172.895,0\H,31,1.09133,30,108.158,29,-160.385,0\H,31,1.09415,30,111.747,29,83.6226,0\C,11,1.51514,9,123.711,7,-171.837,0\C,34,1.52475,11,112.25,9,-20.0983,0\H,35,1.08968,34,111.028,11,178.283,0\H,35,1.08998,34,110.853,11,60.7677,0\H,35,1.09054,34,112.066,11,-60.3473,0\C,31,1.52545,30,112.197,29,-39.8775,0\H,39,1.0908,31,109.823,30,-153.701,0\H,39,1.09312,31,109.533,30,-37.559,0\C,39,1.49822,31,110.557,30,86.2261,0\C,42,1.39121,39,117.192,31,118.843,0\H,43,1.08227,42,119,39,3.96953,0\C,43,1.3835,42,122.321,39,-175.525,0\C,45,1.39622,43,118.381,42,0.318121,0\C,46,1.38532,45,119.459,43,-0.415584,0\H,47,1.08014,46,117.572,45,-179.602,0\C,47,1.39485,46,122.543,45,0.213872,0\C,45,1.42545,43,119.802,42,179.735,0\N,50,1.15089,45,178.434,43,-1.20293,0\C,46,1.42578,45,120.908,43,179.429,0\N,52,1.15074,46,179.396,45,-171.054,0\C,49,1.53446,47,116.424,46,-174.189,0\C,54,1.52909,49,110.389,47,-31.2027,0\C,55,1.38014,54,127.242,49,-69.8539,0\H,56,1.08338,55,120.92,54,1.41547,0\C,56,1.38909,55,118.528,54,-178.216,0\H,58,1.08199,56,119.721,55,-179.794,0\C,58,1.39073,56,120.486,55,0.357917,0\H,60,1.08176,58,119.57,56,179.633,0\C,60,1.38711,58,120.804,56,-0.196066,0\H,62,1.08223,60,120.272,58,179.463,0\C,62,1.38679,60,118.758,58,-0.125949,0\C,64,1.46033,62,131.433,60,178.979,0\C,65,1.38591,64,131.059,62,1.59802,0\H,66,1.08238,65,120.893,64,0.72246,0\C,66,1.38702,65,118.801,64,-179.222,0\H,68,1.08167,66,119.669,65,-179.956,0\C,68,1.39008,66,120.745,65,0.128626,0\H,70,1.08176,68,119.752,66,179.882,0\C,70,1.38852,68,120.484,66,-0.078186,0\H,72,1.08301,70,120.272,68,-179.962,0\C,72,1.37944,70,118.679,68,0.031317,0\C,34,1.54402,11,107.793,9,98.657,0\H,75,1.08947,34,111.855,11,58.5836,0\H,75,1.09137,34,110.504,11,178.705,0\H,75,1.09148,34,110.27,11,-61.3594,0\\\@

 Total job time:  6308.64s(wall), 34348.37s(cpu) 
 Thu Apr 26 20:42:28 2018

        *************************************************************
        *                                                           *
        *  Thank you very much for using Q-Chem.  Have a nice day.  *
        *                                                           *
        *************************************************************


0 sent ACK to 0 
now end server 0 ... 
